[35m[1mConsolidate compiler generated dependencies of target task_manager_sync_lib[0m
[ 71%] Built target task_manager_sync_lib
[35m[1mConsolidate compiler generated dependencies of target test_server_sync[0m
[100%] Built target test_server_sync
-- Install configuration: ""
-- Up-to-date: /home/GTL/mgaddam/CS7630/ros2_ws/src/install/task_manager_sync/lib/libtask_manager_sync_lib.so
-- Up-to-date: /home/GTL/mgaddam/CS7630/ros2_ws/src/install/task_manager_sync/include/task_manager_sync
-- Up-to-date: /home/GTL/mgaddam/CS7630/ros2_ws/src/install/task_manager_sync/include/task_manager_sync/TaskWaitForStatusSync.h
-- Up-to-date: /home/GTL/mgaddam/CS7630/ros2_ws/src/install/task_manager_sync/include/task_manager_sync/TaskEnvironmentSync.h
-- Up-to-date: /home/GTL/mgaddam/CS7630/ros2_ws/src/install/task_manager_sync/include/task_manager_sync/TaskSetStatusSync.h
-- Up-to-date: /home/GTL/mgaddam/CS7630/ros2_ws/src/install/task_manager_sync/include/task_manager_sync/TaskServerSync.h
-- Up-to-date: /home/GTL/mgaddam/CS7630/ros2_ws/src/install/task_manager_sync/share/task_manager_sync
-- Up-to-date: /home/GTL/mgaddam/CS7630/ros2_ws/src/install/task_manager_sync/share/task_manager_sync/launch_server.launch
-- Up-to-date: /home/GTL/mgaddam/CS7630/ros2_ws/src/install/task_manager_sync/share/task_manager_sync/environment/library_path.sh
-- Up-to-date: /home/GTL/mgaddam/CS7630/ros2_ws/src/install/task_manager_sync/share/task_manager_sync/environment/library_path.dsv
-- Up-to-date: /home/GTL/mgaddam/CS7630/ros2_ws/src/install/task_manager_sync/share/ament_index/resource_index/package_run_dependencies/task_manager_sync
-- Up-to-date: /home/GTL/mgaddam/CS7630/ros2_ws/src/install/task_manager_sync/share/ament_index/resource_index/parent_prefix_path/task_manager_sync
-- Up-to-date: /home/GTL/mgaddam/CS7630/ros2_ws/src/install/task_manager_sync/share/task_manager_sync/environment/ament_prefix_path.sh
-- Up-to-date: /home/GTL/mgaddam/CS7630/ros2_ws/src/install/task_manager_sync/share/task_manager_sync/environment/ament_prefix_path.dsv
-- Up-to-date: /home/GTL/mgaddam/CS7630/ros2_ws/src/install/task_manager_sync/share/task_manager_sync/environment/path.sh
-- Up-to-date: /home/GTL/mgaddam/CS7630/ros2_ws/src/install/task_manager_sync/share/task_manager_sync/environment/path.dsv
-- Up-to-date: /home/GTL/mgaddam/CS7630/ros2_ws/src/install/task_manager_sync/share/task_manager_sync/local_setup.bash
-- Up-to-date: /home/GTL/mgaddam/CS7630/ros2_ws/src/install/task_manager_sync/share/task_manager_sync/local_setup.sh
-- Up-to-date: /home/GTL/mgaddam/CS7630/ros2_ws/src/install/task_manager_sync/share/task_manager_sync/local_setup.zsh
-- Up-to-date: /home/GTL/mgaddam/CS7630/ros2_ws/src/install/task_manager_sync/share/task_manager_sync/local_setup.dsv
-- Installing: /home/GTL/mgaddam/CS7630/ros2_ws/src/install/task_manager_sync/share/task_manager_sync/package.dsv
-- Up-to-date: /home/GTL/mgaddam/CS7630/ros2_ws/src/install/task_manager_sync/share/ament_index/resource_index/packages/task_manager_sync
-- Up-to-date: /home/GTL/mgaddam/CS7630/ros2_ws/src/install/task_manager_sync/share/task_manager_sync/cmake/ament_cmake_export_dependencies-extras.cmake
-- Up-to-date: /home/GTL/mgaddam/CS7630/ros2_ws/src/install/task_manager_sync/share/task_manager_sync/cmake/ament_cmake_export_include_directories-extras.cmake
-- Up-to-date: /home/GTL/mgaddam/CS7630/ros2_ws/src/install/task_manager_sync/share/task_manager_sync/cmake/ament_cmake_export_libraries-extras.cmake
-- Up-to-date: /home/GTL/mgaddam/CS7630/ros2_ws/src/install/task_manager_sync/share/task_manager_sync/cmake/task_manager_syncConfig.cmake
-- Up-to-date: /home/GTL/mgaddam/CS7630/ros2_ws/src/install/task_manager_sync/share/task_manager_sync/cmake/task_manager_syncConfig-version.cmake
-- Up-to-date: /home/GTL/mgaddam/CS7630/ros2_ws/src/install/task_manager_sync/share/task_manager_sync/package.xml
