[0.194s] Invoking command in '/home/GTL/mgaddam/CS7630/ros2_ws/build/task_manager_sync': AMENT_PREFIX_PATH=/home/GTL/mgaddam/CS7630/ros2_ws/install/task_manager_lib:/home/GTL/mgaddam/CS7630/ros2_ws/install/task_manager_msgs:${AMENT_PREFIX_PATH} CMAKE_PREFIX_PATH=/home/GTL/mgaddam/CS7630/ros2_ws/install/task_manager_lib:/home/GTL/mgaddam/CS7630/ros2_ws/install/task_manager_msgs:/opt/ros/humble LD_LIBRARY_PATH=/home/GTL/mgaddam/CS7630/ros2_ws/install/task_manager_lib/lib:/home/GTL/mgaddam/CS7630/ros2_ws/install/task_manager_msgs/lib:${LD_LIBRARY_PATH} PYTHONPATH=/home/GTL/mgaddam/CS7630/ros2_ws/install/task_manager_msgs/local/lib/python3.10/dist-packages:${PYTHONPATH} /usr/bin/cmake --build /home/GTL/mgaddam/CS7630/ros2_ws/build/task_manager_sync -- -j16 -l16
[0.495s] [ 71%] Built target task_manager_sync_lib
[0.576s] [100%] Built target test_server_sync
[0.706s] Invoked command in '/home/GTL/mgaddam/CS7630/ros2_ws/build/task_manager_sync' returned '0': AMENT_PREFIX_PATH=/home/GTL/mgaddam/CS7630/ros2_ws/install/task_manager_lib:/home/GTL/mgaddam/CS7630/ros2_ws/install/task_manager_msgs:${AMENT_PREFIX_PATH} CMAKE_PREFIX_PATH=/home/GTL/mgaddam/CS7630/ros2_ws/install/task_manager_lib:/home/GTL/mgaddam/CS7630/ros2_ws/install/task_manager_msgs:/opt/ros/humble LD_LIBRARY_PATH=/home/GTL/mgaddam/CS7630/ros2_ws/install/task_manager_lib/lib:/home/GTL/mgaddam/CS7630/ros2_ws/install/task_manager_msgs/lib:${LD_LIBRARY_PATH} PYTHONPATH=/home/GTL/mgaddam/CS7630/ros2_ws/install/task_manager_msgs/local/lib/python3.10/dist-packages:${PYTHONPATH} /usr/bin/cmake --build /home/GTL/mgaddam/CS7630/ros2_ws/build/task_manager_sync -- -j16 -l16
[0.778s] Invoking command in '/home/GTL/mgaddam/CS7630/ros2_ws/build/task_manager_sync': AMENT_PREFIX_PATH=/home/GTL/mgaddam/CS7630/ros2_ws/install/task_manager_lib:/home/GTL/mgaddam/CS7630/ros2_ws/install/task_manager_msgs:${AMENT_PREFIX_PATH} CMAKE_PREFIX_PATH=/home/GTL/mgaddam/CS7630/ros2_ws/install/task_manager_lib:/home/GTL/mgaddam/CS7630/ros2_ws/install/task_manager_msgs:/opt/ros/humble LD_LIBRARY_PATH=/home/GTL/mgaddam/CS7630/ros2_ws/install/task_manager_lib/lib:/home/GTL/mgaddam/CS7630/ros2_ws/install/task_manager_msgs/lib:${LD_LIBRARY_PATH} PYTHONPATH=/home/GTL/mgaddam/CS7630/ros2_ws/install/task_manager_msgs/local/lib/python3.10/dist-packages:${PYTHONPATH} /usr/bin/cmake --install /home/GTL/mgaddam/CS7630/ros2_ws/build/task_manager_sync
[0.783s] -- Install configuration: ""
[0.811s] -- Up-to-date: /home/GTL/mgaddam/CS7630/ros2_ws/install/task_manager_sync/lib/libtask_manager_sync_lib.so
[0.815s] -- Up-to-date: /home/GTL/mgaddam/CS7630/ros2_ws/install/task_manager_sync/include/task_manager_sync
[0.816s] -- Up-to-date: /home/GTL/mgaddam/CS7630/ros2_ws/install/task_manager_sync/include/task_manager_sync/TaskWaitForStatusSync.h
[0.817s] -- Up-to-date: /home/GTL/mgaddam/CS7630/ros2_ws/install/task_manager_sync/include/task_manager_sync/TaskEnvironmentSync.h
[0.817s] -- Up-to-date: /home/GTL/mgaddam/CS7630/ros2_ws/install/task_manager_sync/include/task_manager_sync/TaskSetStatusSync.h
[0.818s] -- Up-to-date: /home/GTL/mgaddam/CS7630/ros2_ws/install/task_manager_sync/include/task_manager_sync/TaskServerSync.h
[0.819s] -- Up-to-date: /home/GTL/mgaddam/CS7630/ros2_ws/install/task_manager_sync/share/task_manager_sync
[0.821s] -- Up-to-date: /home/GTL/mgaddam/CS7630/ros2_ws/install/task_manager_sync/share/task_manager_sync/launch_server.launch
[0.821s] -- Up-to-date: /home/GTL/mgaddam/CS7630/ros2_ws/install/task_manager_sync/share/task_manager_sync/environment/library_path.sh
[0.822s] -- Up-to-date: /home/GTL/mgaddam/CS7630/ros2_ws/install/task_manager_sync/share/task_manager_sync/environment/library_path.dsv
[0.824s] -- Up-to-date: /home/GTL/mgaddam/CS7630/ros2_ws/install/task_manager_sync/share/ament_index/resource_index/package_run_dependencies/task_manager_sync
[0.825s] -- Up-to-date: /home/GTL/mgaddam/CS7630/ros2_ws/install/task_manager_sync/share/ament_index/resource_index/parent_prefix_path/task_manager_sync
[0.825s] -- Up-to-date: /home/GTL/mgaddam/CS7630/ros2_ws/install/task_manager_sync/share/task_manager_sync/environment/ament_prefix_path.sh
[0.826s] -- Up-to-date: /home/GTL/mgaddam/CS7630/ros2_ws/install/task_manager_sync/share/task_manager_sync/environment/ament_prefix_path.dsv
[0.826s] -- Up-to-date: /home/GTL/mgaddam/CS7630/ros2_ws/install/task_manager_sync/share/task_manager_sync/environment/path.sh
[0.827s] -- Up-to-date: /home/GTL/mgaddam/CS7630/ros2_ws/install/task_manager_sync/share/task_manager_sync/environment/path.dsv
[0.828s] -- Up-to-date: /home/GTL/mgaddam/CS7630/ros2_ws/install/task_manager_sync/share/task_manager_sync/local_setup.bash
[0.828s] -- Up-to-date: /home/GTL/mgaddam/CS7630/ros2_ws/install/task_manager_sync/share/task_manager_sync/local_setup.sh
[0.829s] -- Up-to-date: /home/GTL/mgaddam/CS7630/ros2_ws/install/task_manager_sync/share/task_manager_sync/local_setup.zsh
[0.830s] -- Up-to-date: /home/GTL/mgaddam/CS7630/ros2_ws/install/task_manager_sync/share/task_manager_sync/local_setup.dsv
[0.831s] -- Installing: /home/GTL/mgaddam/CS7630/ros2_ws/install/task_manager_sync/share/task_manager_sync/package.dsv
[0.844s] -- Up-to-date: /home/GTL/mgaddam/CS7630/ros2_ws/install/task_manager_sync/share/ament_index/resource_index/packages/task_manager_sync
[0.845s] -- Up-to-date: /home/GTL/mgaddam/CS7630/ros2_ws/install/task_manager_sync/share/task_manager_sync/cmake/ament_cmake_export_dependencies-extras.cmake
[0.846s] -- Up-to-date: /home/GTL/mgaddam/CS7630/ros2_ws/install/task_manager_sync/share/task_manager_sync/cmake/ament_cmake_export_include_directories-extras.cmake
[0.846s] -- Up-to-date: /home/GTL/mgaddam/CS7630/ros2_ws/install/task_manager_sync/share/task_manager_sync/cmake/ament_cmake_export_libraries-extras.cmake
[0.846s] -- Up-to-date: /home/GTL/mgaddam/CS7630/ros2_ws/install/task_manager_sync/share/task_manager_sync/cmake/task_manager_syncConfig.cmake
[0.847s] -- Up-to-date: /home/GTL/mgaddam/CS7630/ros2_ws/install/task_manager_sync/share/task_manager_sync/cmake/task_manager_syncConfig-version.cmake
[0.848s] -- Up-to-date: /home/GTL/mgaddam/CS7630/ros2_ws/install/task_manager_sync/share/task_manager_sync/package.xml
[0.889s] Invoked command in '/home/GTL/mgaddam/CS7630/ros2_ws/build/task_manager_sync' returned '0': AMENT_PREFIX_PATH=/home/GTL/mgaddam/CS7630/ros2_ws/install/task_manager_lib:/home/GTL/mgaddam/CS7630/ros2_ws/install/task_manager_msgs:${AMENT_PREFIX_PATH} CMAKE_PREFIX_PATH=/home/GTL/mgaddam/CS7630/ros2_ws/install/task_manager_lib:/home/GTL/mgaddam/CS7630/ros2_ws/install/task_manager_msgs:/opt/ros/humble LD_LIBRARY_PATH=/home/GTL/mgaddam/CS7630/ros2_ws/install/task_manager_lib/lib:/home/GTL/mgaddam/CS7630/ros2_ws/install/task_manager_msgs/lib:${LD_LIBRARY_PATH} PYTHONPATH=/home/GTL/mgaddam/CS7630/ros2_ws/install/task_manager_msgs/local/lib/python3.10/dist-packages:${PYTHONPATH} /usr/bin/cmake --install /home/GTL/mgaddam/CS7630/ros2_ws/build/task_manager_sync
