[2.653s] Invoking command in '/home/GTL/mgaddam/CS7630/ros2_ws/src/vrep_ros_teleop': PYTHONPATH=/home/GTL/mgaddam/CS7630/ros2_ws/build/vrep_ros_teleop/prefix_override:/home/GTL/mgaddam/CS7630/ros2_ws/install/vrep_ros_teleop/lib/python3.10/site-packages:${PYTHONPATH} /usr/bin/python3 setup.py egg_info --egg-base ../../build/vrep_ros_teleop build --build-base /home/GTL/mgaddam/CS7630/ros2_ws/build/vrep_ros_teleop/build install --record /home/GTL/mgaddam/CS7630/ros2_ws/build/vrep_ros_teleop/install.log --single-version-externally-managed
[2.905s] running egg_info
[2.905s] writing ../../build/vrep_ros_teleop/vrep_ros_teleop.egg-info/PKG-INFO
[2.906s] writing dependency_links to ../../build/vrep_ros_teleop/vrep_ros_teleop.egg-info/dependency_links.txt
[2.907s] writing entry points to ../../build/vrep_ros_teleop/vrep_ros_teleop.egg-info/entry_points.txt
[2.908s] writing requirements to ../../build/vrep_ros_teleop/vrep_ros_teleop.egg-info/requires.txt
[2.908s] writing top-level names to ../../build/vrep_ros_teleop/vrep_ros_teleop.egg-info/top_level.txt
[2.913s] reading manifest file '../../build/vrep_ros_teleop/vrep_ros_teleop.egg-info/SOURCES.txt'
[2.914s] writing manifest file '../../build/vrep_ros_teleop/vrep_ros_teleop.egg-info/SOURCES.txt'
[2.915s] running build
[2.915s] running build_py
[2.917s] running install
[2.917s] /usr/lib/python3/dist-packages/setuptools/command/install.py:34: SetuptoolsDeprecationWarning: setup.py install is deprecated. Use build and pip and other standards-based tools.
[2.917s]   warnings.warn(
[2.918s] running install_lib
[2.920s] running install_data
[2.922s] running install_egg_info
[2.924s] removing '/home/GTL/mgaddam/CS7630/ros2_ws/install/vrep_ros_teleop/lib/python3.10/site-packages/vrep_ros_teleop-0.0.0-py3.10.egg-info' (and everything under it)
[2.928s] Copying ../../build/vrep_ros_teleop/vrep_ros_teleop.egg-info to /home/GTL/mgaddam/CS7630/ros2_ws/install/vrep_ros_teleop/lib/python3.10/site-packages/vrep_ros_teleop-0.0.0-py3.10.egg-info
[2.947s] running install_scripts
[2.967s] Installing teleop_mux_node script to /home/GTL/mgaddam/CS7630/ros2_ws/install/vrep_ros_teleop/lib/vrep_ros_teleop
[2.969s] Installing teleop_node script to /home/GTL/mgaddam/CS7630/ros2_ws/install/vrep_ros_teleop/lib/vrep_ros_teleop
[2.971s] writing list of installed files to '/home/GTL/mgaddam/CS7630/ros2_ws/build/vrep_ros_teleop/install.log'
[3.529s] Invoked command in '/home/GTL/mgaddam/CS7630/ros2_ws/src/vrep_ros_teleop' returned '0': PYTHONPATH=/home/GTL/mgaddam/CS7630/ros2_ws/build/vrep_ros_teleop/prefix_override:/home/GTL/mgaddam/CS7630/ros2_ws/install/vrep_ros_teleop/lib/python3.10/site-packages:${PYTHONPATH} /usr/bin/python3 setup.py egg_info --egg-base ../../build/vrep_ros_teleop build --build-base /home/GTL/mgaddam/CS7630/ros2_ws/build/vrep_ros_teleop/build install --record /home/GTL/mgaddam/CS7630/ros2_ws/build/vrep_ros_teleop/install.log --single-version-externally-managed
