running egg_info
writing ../../build/wpa_cli/wpa_cli.egg-info/PKG-INFO
writing dependency_links to ../../build/wpa_cli/wpa_cli.egg-info/dependency_links.txt
writing entry points to ../../build/wpa_cli/wpa_cli.egg-info/entry_points.txt
writing requirements to ../../build/wpa_cli/wpa_cli.egg-info/requires.txt
writing top-level names to ../../build/wpa_cli/wpa_cli.egg-info/top_level.txt
reading manifest file '../../build/wpa_cli/wpa_cli.egg-info/SOURCES.txt'
adding license file 'LICENSE'
writing manifest file '../../build/wpa_cli/wpa_cli.egg-info/SOURCES.txt'
running build
running build_py
running install
running install_lib
running install_data
running install_egg_info
removing '/home/GTL/mgaddam/CS7630/ros2_ws/install/wpa_cli/lib/python3.10/site-packages/wpa_cli-0.0.0-py3.10.egg-info' (and everything under it)
Copying ../../build/wpa_cli/wpa_cli.egg-info to /home/GTL/mgaddam/CS7630/ros2_ws/install/wpa_cli/lib/python3.10/site-packages/wpa_cli-0.0.0-py3.10.egg-info
running install_scripts
Installing wpa_cli_const script to /home/GTL/mgaddam/CS7630/ros2_ws/install/wpa_cli/lib/wpa_cli
Installing wpa_cli_node script to /home/GTL/mgaddam/CS7630/ros2_ws/install/wpa_cli/lib/wpa_cli
Installing wpa_cli_sim script to /home/GTL/mgaddam/CS7630/ros2_ws/install/wpa_cli/lib/wpa_cli
writing list of installed files to '/home/GTL/mgaddam/CS7630/ros2_ws/build/wpa_cli/install.log'
