[1.239s] Invoking command in '/home/GTL/mgaddam/CS7630/ros2_ws/build/collision_avoidance_base': CMAKE_PREFIX_PATH=${CMAKE_PREFIX_PATH}:/home/GTL/mgaddam/CS7630/ros2_ws/src/install/vrep_ros_teleop:/home/GTL/mgaddam/CS7630/ros2_ws/src/install/task_manager_client_py:/home/GTL/mgaddam/CS7630/ros2_ws/src/install/ar_slam_base:/home/GTL/mgaddam/CS7630/ros2_ws/src/install/ar_loc_base:/home/GTL/mgaddam/CS7630/ros2_ws/src/install/rover_driver_base:/home/GTL/mgaddam/CS7630/ros2_ws/src/install/keyboard_teleop:/home/GTL/mgaddam/CS7630/ros2_ws/src/install/face_detect_base:/home/GTL/mgaddam/CS7630/ros2_ws/src/install/button_server:/home/GTL/mgaddam/CS7630/ros2_ws/src/install/ar_mapping_base:/opt/ros/humble /usr/bin/cmake /home/GTL/mgaddam/CS7630/ros2_ws/src/collision_avoidance -DCMAKE_INSTALL_PREFIX=/home/GTL/mgaddam/CS7630/ros2_ws/install/collision_avoidance_base
[1.518s] -- The C compiler identification is GNU 11.4.0
[1.518s] -- The CXX compiler identification is GNU 11.4.0
[1.518s] -- Detecting C compiler ABI info
[1.518s] -- Detecting C compiler ABI info - done
[1.518s] -- Check for working C compiler: /usr/bin/cc - skipped
[1.518s] -- Detecting C compile features
[1.518s] -- Detecting C compile features - done
[1.518s] -- Detecting CXX compiler ABI info
[1.583s] -- Detecting CXX compiler ABI info - done
[1.591s] -- Check for working CXX compiler: /usr/bin/c++ - skipped
[1.591s] -- Detecting CXX compile features
[1.591s] -- Detecting CXX compile features - done
[1.633s] -- Found ament_cmake: 1.3.8 (/opt/ros/humble/share/ament_cmake/cmake)
[1.825s] -- Found Python3: /usr/bin/python3 (found version "3.10.12") found components: Interpreter 
[2.402s] -- Found rclcpp: 16.0.8 (/opt/ros/humble/share/rclcpp/cmake)
[2.812s] -- Found rosidl_generator_c: 3.1.5 (/opt/ros/humble/share/rosidl_generator_c/cmake)
[2.881s] -- Found rosidl_adapter: 3.1.5 (/opt/ros/humble/share/rosidl_adapter/cmake)
[2.956s] -- Found rosidl_generator_cpp: 3.1.5 (/opt/ros/humble/share/rosidl_generator_cpp/cmake)
[3.034s] -- Using all available rosidl_typesupport_c: rosidl_typesupport_fastrtps_c;rosidl_typesupport_introspection_c
[3.149s] -- Using all available rosidl_typesupport_cpp: rosidl_typesupport_fastrtps_cpp;rosidl_typesupport_introspection_cpp
[3.529s] -- Found rmw_implementation_cmake: 6.1.1 (/opt/ros/humble/share/rmw_implementation_cmake/cmake)
[3.565s] -- Found rmw_cyclonedds_cpp: 1.3.4 (/opt/ros/humble/share/rmw_cyclonedds_cpp/cmake)
[3.796s] -- Using RMW implementation 'rmw_cyclonedds_cpp' as default
[3.911s] -- Looking for pthread.h
[4.003s] -- Looking for pthread.h - found
[4.005s] -- Performing Test CMAKE_HAVE_LIBC_PTHREAD
[4.099s] -- Performing Test CMAKE_HAVE_LIBC_PTHREAD - Success
[4.100s] -- Found Threads: TRUE  
[4.374s] -- Found sensor_msgs: 4.2.3 (/opt/ros/humble/share/sensor_msgs/cmake)
[4.544s] -- Checking for module 'eigen3'
[4.554s] --   Found eigen3, version 3.4.0
[4.585s] -- Found Eigen: /usr/include/eigen3 (Required is at least version "3.1") 
[4.585s] -- Eigen found (include: /usr/include/eigen3, version: 3.4.0)
[4.957s] -- Checking for module 'libusb-1.0'
[4.965s] --   Found libusb-1.0, version 1.0.25
[4.986s] -- Found libusb: /usr/lib/x86_64-linux-gnu/libusb-1.0.so  
[4.987s] -- OpenNI found (version: 1.5.4.0, include: /usr/include/ni, lib: /usr/lib/libOpenNI.so;libusb::libusb)
[5.020s] -- OpenNI2 found (version: 2.2.0.33, include: /usr/include/openni2, lib: /usr/lib/x86_64-linux-gnu/libOpenNI2.so;libusb::libusb)
[6.109s] -- Eigen found (include: /usr/include/eigen3, version: 3.4.0)
[6.110s] -- Found PCL_COMMON: /usr/lib/x86_64-linux-gnu/libpcl_common.so  
[6.111s] -- Found PCL_OCTREE: /usr/lib/x86_64-linux-gnu/libpcl_octree.so  
[6.112s] -- Found PCL_IO: /usr/lib/x86_64-linux-gnu/libpcl_io.so  
[6.159s] -- Found pcl_conversions: 2.4.5 (/opt/ros/humble/share/pcl_conversions/cmake)
[6.453s] -- Found ament_lint_auto: 0.12.10 (/opt/ros/humble/share/ament_lint_auto/cmake)
[6.821s] -- Added test 'cppcheck' to perform static code analysis on C / C++ code
[6.822s] -- Configured cppcheck include dirs: $<BUILD_INTERFACE:/home/GTL/mgaddam/CS7630/ros2_ws/src/collision_avoidance/include>
[6.822s] -- Configured cppcheck exclude dirs and/or files: 
[6.823s] -- Added test 'flake8' to check Python code syntax and style conventions
[6.825s] -- Added test 'lint_cmake' to check CMake code style
[6.826s] -- Added test 'pep257' to check Python code against some of the docstring style conventions in PEP 257
[6.832s] -- Added test 'uncrustify' to check C / C++ code style
[6.832s] -- Configured uncrustify additional arguments: 
[6.833s] -- Added test 'xmllint' to check XML markup files
[6.856s] -- Configuring done
[6.929s] -- Generating done
[6.944s] -- Build files have been written to: /home/GTL/mgaddam/CS7630/ros2_ws/build/collision_avoidance_base
[6.960s] Invoked command in '/home/GTL/mgaddam/CS7630/ros2_ws/build/collision_avoidance_base' returned '0': CMAKE_PREFIX_PATH=${CMAKE_PREFIX_PATH}:/home/GTL/mgaddam/CS7630/ros2_ws/src/install/vrep_ros_teleop:/home/GTL/mgaddam/CS7630/ros2_ws/src/install/task_manager_client_py:/home/GTL/mgaddam/CS7630/ros2_ws/src/install/ar_slam_base:/home/GTL/mgaddam/CS7630/ros2_ws/src/install/ar_loc_base:/home/GTL/mgaddam/CS7630/ros2_ws/src/install/rover_driver_base:/home/GTL/mgaddam/CS7630/ros2_ws/src/install/keyboard_teleop:/home/GTL/mgaddam/CS7630/ros2_ws/src/install/face_detect_base:/home/GTL/mgaddam/CS7630/ros2_ws/src/install/button_server:/home/GTL/mgaddam/CS7630/ros2_ws/src/install/ar_mapping_base:/opt/ros/humble /usr/bin/cmake /home/GTL/mgaddam/CS7630/ros2_ws/src/collision_avoidance -DCMAKE_INSTALL_PREFIX=/home/GTL/mgaddam/CS7630/ros2_ws/install/collision_avoidance_base
[6.962s] Invoking command in '/home/GTL/mgaddam/CS7630/ros2_ws/build/collision_avoidance_base': CMAKE_PREFIX_PATH=${CMAKE_PREFIX_PATH}:/home/GTL/mgaddam/CS7630/ros2_ws/src/install/vrep_ros_teleop:/home/GTL/mgaddam/CS7630/ros2_ws/src/install/task_manager_client_py:/home/GTL/mgaddam/CS7630/ros2_ws/src/install/ar_slam_base:/home/GTL/mgaddam/CS7630/ros2_ws/src/install/ar_loc_base:/home/GTL/mgaddam/CS7630/ros2_ws/src/install/rover_driver_base:/home/GTL/mgaddam/CS7630/ros2_ws/src/install/keyboard_teleop:/home/GTL/mgaddam/CS7630/ros2_ws/src/install/face_detect_base:/home/GTL/mgaddam/CS7630/ros2_ws/src/install/button_server:/home/GTL/mgaddam/CS7630/ros2_ws/src/install/ar_mapping_base:/opt/ros/humble /usr/bin/cmake --build /home/GTL/mgaddam/CS7630/ros2_ws/build/collision_avoidance_base -- -j16 -l16
[7.013s] [ 50%] [32mBuilding CXX object CMakeFiles/collision_avoidance_base.dir/src/collision_avoidance.cpp.o[0m
[30.170s] [100%] [32m[1mLinking CXX executable collision_avoidance_base[0m
[31.269s] [100%] Built target collision_avoidance_base
[31.280s] Invoked command in '/home/GTL/mgaddam/CS7630/ros2_ws/build/collision_avoidance_base' returned '0': CMAKE_PREFIX_PATH=${CMAKE_PREFIX_PATH}:/home/GTL/mgaddam/CS7630/ros2_ws/src/install/vrep_ros_teleop:/home/GTL/mgaddam/CS7630/ros2_ws/src/install/task_manager_client_py:/home/GTL/mgaddam/CS7630/ros2_ws/src/install/ar_slam_base:/home/GTL/mgaddam/CS7630/ros2_ws/src/install/ar_loc_base:/home/GTL/mgaddam/CS7630/ros2_ws/src/install/rover_driver_base:/home/GTL/mgaddam/CS7630/ros2_ws/src/install/keyboard_teleop:/home/GTL/mgaddam/CS7630/ros2_ws/src/install/face_detect_base:/home/GTL/mgaddam/CS7630/ros2_ws/src/install/button_server:/home/GTL/mgaddam/CS7630/ros2_ws/src/install/ar_mapping_base:/opt/ros/humble /usr/bin/cmake --build /home/GTL/mgaddam/CS7630/ros2_ws/build/collision_avoidance_base -- -j16 -l16
[31.302s] Invoking command in '/home/GTL/mgaddam/CS7630/ros2_ws/build/collision_avoidance_base': CMAKE_PREFIX_PATH=${CMAKE_PREFIX_PATH}:/home/GTL/mgaddam/CS7630/ros2_ws/src/install/vrep_ros_teleop:/home/GTL/mgaddam/CS7630/ros2_ws/src/install/task_manager_client_py:/home/GTL/mgaddam/CS7630/ros2_ws/src/install/ar_slam_base:/home/GTL/mgaddam/CS7630/ros2_ws/src/install/ar_loc_base:/home/GTL/mgaddam/CS7630/ros2_ws/src/install/rover_driver_base:/home/GTL/mgaddam/CS7630/ros2_ws/src/install/keyboard_teleop:/home/GTL/mgaddam/CS7630/ros2_ws/src/install/face_detect_base:/home/GTL/mgaddam/CS7630/ros2_ws/src/install/button_server:/home/GTL/mgaddam/CS7630/ros2_ws/src/install/ar_mapping_base:/opt/ros/humble /usr/bin/cmake --install /home/GTL/mgaddam/CS7630/ros2_ws/build/collision_avoidance_base
[31.311s] -- Install configuration: ""
[31.312s] -- Installing: /home/GTL/mgaddam/CS7630/ros2_ws/install/collision_avoidance_base/lib/collision_avoidance_base/collision_avoidance_base
[31.553s] -- Set runtime path of "/home/GTL/mgaddam/CS7630/ros2_ws/install/collision_avoidance_base/lib/collision_avoidance_base/collision_avoidance_base" to ""
[31.553s] -- Up-to-date: /home/GTL/mgaddam/CS7630/ros2_ws/install/collision_avoidance_base/share/collision_avoidance_base
[31.555s] -- Installing: /home/GTL/mgaddam/CS7630/ros2_ws/install/collision_avoidance_base/share/collision_avoidance_base/ca_auto.launch.py
[31.565s] -- Installing: /home/GTL/mgaddam/CS7630/ros2_ws/install/collision_avoidance_base/share/collision_avoidance_base/ca.launch.py
[31.579s] -- Installing: /home/GTL/mgaddam/CS7630/ros2_ws/install/collision_avoidance_base/share/ament_index/resource_index/package_run_dependencies/collision_avoidance_base
[31.585s] -- Installing: /home/GTL/mgaddam/CS7630/ros2_ws/install/collision_avoidance_base/share/ament_index/resource_index/parent_prefix_path/collision_avoidance_base
[31.590s] -- Installing: /home/GTL/mgaddam/CS7630/ros2_ws/install/collision_avoidance_base/share/collision_avoidance_base/environment/ament_prefix_path.sh
[31.593s] -- Installing: /home/GTL/mgaddam/CS7630/ros2_ws/install/collision_avoidance_base/share/collision_avoidance_base/environment/ament_prefix_path.dsv
[31.597s] -- Installing: /home/GTL/mgaddam/CS7630/ros2_ws/install/collision_avoidance_base/share/collision_avoidance_base/environment/path.sh
[31.601s] -- Installing: /home/GTL/mgaddam/CS7630/ros2_ws/install/collision_avoidance_base/share/collision_avoidance_base/environment/path.dsv
[31.604s] -- Installing: /home/GTL/mgaddam/CS7630/ros2_ws/install/collision_avoidance_base/share/collision_avoidance_base/local_setup.bash
[31.608s] -- Installing: /home/GTL/mgaddam/CS7630/ros2_ws/install/collision_avoidance_base/share/collision_avoidance_base/local_setup.sh
[31.612s] -- Installing: /home/GTL/mgaddam/CS7630/ros2_ws/install/collision_avoidance_base/share/collision_avoidance_base/local_setup.zsh
[31.616s] -- Installing: /home/GTL/mgaddam/CS7630/ros2_ws/install/collision_avoidance_base/share/collision_avoidance_base/local_setup.dsv
[31.620s] -- Installing: /home/GTL/mgaddam/CS7630/ros2_ws/install/collision_avoidance_base/share/collision_avoidance_base/package.dsv
[31.624s] -- Installing: /home/GTL/mgaddam/CS7630/ros2_ws/install/collision_avoidance_base/share/ament_index/resource_index/packages/collision_avoidance_base
[31.627s] -- Installing: /home/GTL/mgaddam/CS7630/ros2_ws/install/collision_avoidance_base/share/collision_avoidance_base/cmake/ament_cmake_export_include_directories-extras.cmake
[31.631s] -- Installing: /home/GTL/mgaddam/CS7630/ros2_ws/install/collision_avoidance_base/share/collision_avoidance_base/cmake/collision_avoidance_baseConfig.cmake
[31.634s] -- Installing: /home/GTL/mgaddam/CS7630/ros2_ws/install/collision_avoidance_base/share/collision_avoidance_base/cmake/collision_avoidance_baseConfig-version.cmake
[31.638s] -- Installing: /home/GTL/mgaddam/CS7630/ros2_ws/install/collision_avoidance_base/share/collision_avoidance_base/package.xml
[31.644s] Invoked command in '/home/GTL/mgaddam/CS7630/ros2_ws/build/collision_avoidance_base' returned '0': CMAKE_PREFIX_PATH=${CMAKE_PREFIX_PATH}:/home/GTL/mgaddam/CS7630/ros2_ws/src/install/vrep_ros_teleop:/home/GTL/mgaddam/CS7630/ros2_ws/src/install/task_manager_client_py:/home/GTL/mgaddam/CS7630/ros2_ws/src/install/ar_slam_base:/home/GTL/mgaddam/CS7630/ros2_ws/src/install/ar_loc_base:/home/GTL/mgaddam/CS7630/ros2_ws/src/install/rover_driver_base:/home/GTL/mgaddam/CS7630/ros2_ws/src/install/keyboard_teleop:/home/GTL/mgaddam/CS7630/ros2_ws/src/install/face_detect_base:/home/GTL/mgaddam/CS7630/ros2_ws/src/install/button_server:/home/GTL/mgaddam/CS7630/ros2_ws/src/install/ar_mapping_base:/opt/ros/humble /usr/bin/cmake --install /home/GTL/mgaddam/CS7630/ros2_ws/build/collision_avoidance_base
