[3.419s] Invoking command in '/home/GTL/mgaddam/CS7630/ros2_ws/src/ar_mapping_base': PYTHONPATH=/home/GTL/mgaddam/CS7630/ros2_ws/build/ar_mapping_base/prefix_override:/home/GTL/mgaddam/CS7630/ros2_ws/install/ar_mapping_base/lib/python3.10/site-packages:${PYTHONPATH} /usr/bin/python3 setup.py egg_info --egg-base ../../build/ar_mapping_base build --build-base /home/GTL/mgaddam/CS7630/ros2_ws/build/ar_mapping_base/build install --record /home/GTL/mgaddam/CS7630/ros2_ws/build/ar_mapping_base/install.log --single-version-externally-managed
[3.630s] running egg_info
[3.630s] writing ../../build/ar_mapping_base/ar_mapping_base.egg-info/PKG-INFO
[3.631s] writing dependency_links to ../../build/ar_mapping_base/ar_mapping_base.egg-info/dependency_links.txt
[3.631s] writing entry points to ../../build/ar_mapping_base/ar_mapping_base.egg-info/entry_points.txt
[3.632s] writing requirements to ../../build/ar_mapping_base/ar_mapping_base.egg-info/requires.txt
[3.633s] writing top-level names to ../../build/ar_mapping_base/ar_mapping_base.egg-info/top_level.txt
[3.638s] reading manifest file '../../build/ar_mapping_base/ar_mapping_base.egg-info/SOURCES.txt'
[3.639s] writing manifest file '../../build/ar_mapping_base/ar_mapping_base.egg-info/SOURCES.txt'
[3.640s] running build
[3.640s] running build_py
[3.642s] running install
[3.642s] /usr/lib/python3/dist-packages/setuptools/command/install.py:34: SetuptoolsDeprecationWarning: setup.py install is deprecated. Use build and pip and other standards-based tools.
[3.642s]   warnings.warn(
[3.642s] running install_lib
[3.646s] running install_data
[3.649s] running install_egg_info
[3.650s] removing '/home/GTL/mgaddam/CS7630/ros2_ws/install/ar_mapping_base/lib/python3.10/site-packages/ar_mapping_base-0.0.0-py3.10.egg-info' (and everything under it)
[3.654s] Copying ../../build/ar_mapping_base/ar_mapping_base.egg-info to /home/GTL/mgaddam/CS7630/ros2_ws/install/ar_mapping_base/lib/python3.10/site-packages/ar_mapping_base-0.0.0-py3.10.egg-info
[3.672s] running install_scripts
[3.692s] Installing ar_mapping_node script to /home/GTL/mgaddam/CS7630/ros2_ws/install/ar_mapping_base/lib/ar_mapping_base
[3.694s] writing list of installed files to '/home/GTL/mgaddam/CS7630/ros2_ws/build/ar_mapping_base/install.log'
[4.633s] Invoked command in '/home/GTL/mgaddam/CS7630/ros2_ws/src/ar_mapping_base' returned '0': PYTHONPATH=/home/GTL/mgaddam/CS7630/ros2_ws/build/ar_mapping_base/prefix_override:/home/GTL/mgaddam/CS7630/ros2_ws/install/ar_mapping_base/lib/python3.10/site-packages:${PYTHONPATH} /usr/bin/python3 setup.py egg_info --egg-base ../../build/ar_mapping_base build --build-base /home/GTL/mgaddam/CS7630/ros2_ws/build/ar_mapping_base/build install --record /home/GTL/mgaddam/CS7630/ros2_ws/build/ar_mapping_base/install.log --single-version-externally-managed
