[1.059s] Invoking command in '/home/GTL/mgaddam/CS7630/ros2_ws/build/collision_avoidance_base': CMAKE_PREFIX_PATH=/opt/ros/humble /usr/bin/cmake --build /home/GTL/mgaddam/CS7630/ros2_ws/build/collision_avoidance_base -- -j16 -l16
[1.390s] [100%] Built target collision_avoidance_base
[1.568s] Invoked command in '/home/GTL/mgaddam/CS7630/ros2_ws/build/collision_avoidance_base' returned '0': CMAKE_PREFIX_PATH=/opt/ros/humble /usr/bin/cmake --build /home/GTL/mgaddam/CS7630/ros2_ws/build/collision_avoidance_base -- -j16 -l16
[1.599s] Invoking command in '/home/GTL/mgaddam/CS7630/ros2_ws/build/collision_avoidance_base': CMAKE_PREFIX_PATH=/opt/ros/humble /usr/bin/cmake --install /home/GTL/mgaddam/CS7630/ros2_ws/build/collision_avoidance_base
[1.605s] -- Install configuration: ""
[1.789s] -- Up-to-date: /home/GTL/mgaddam/CS7630/ros2_ws/install/collision_avoidance_base/lib/collision_avoidance_base/collision_avoidance_base
[1.793s] -- Up-to-date: /home/GTL/mgaddam/CS7630/ros2_ws/install/collision_avoidance_base/share/collision_avoidance_base
[1.794s] -- Up-to-date: /home/GTL/mgaddam/CS7630/ros2_ws/install/collision_avoidance_base/share/collision_avoidance_base/ca_auto.launch.py
[1.795s] -- Up-to-date: /home/GTL/mgaddam/CS7630/ros2_ws/install/collision_avoidance_base/share/collision_avoidance_base/ca.launch.py
[1.797s] -- Up-to-date: /home/GTL/mgaddam/CS7630/ros2_ws/install/collision_avoidance_base/share/ament_index/resource_index/package_run_dependencies/collision_avoidance_base
[1.798s] -- Up-to-date: /home/GTL/mgaddam/CS7630/ros2_ws/install/collision_avoidance_base/share/ament_index/resource_index/parent_prefix_path/collision_avoidance_base
[1.798s] -- Up-to-date: /home/GTL/mgaddam/CS7630/ros2_ws/install/collision_avoidance_base/share/collision_avoidance_base/environment/ament_prefix_path.sh
[1.800s] -- Up-to-date: /home/GTL/mgaddam/CS7630/ros2_ws/install/collision_avoidance_base/share/collision_avoidance_base/environment/ament_prefix_path.dsv
[1.800s] -- Up-to-date: /home/GTL/mgaddam/CS7630/ros2_ws/install/collision_avoidance_base/share/collision_avoidance_base/environment/path.sh
[1.800s] -- Up-to-date: /home/GTL/mgaddam/CS7630/ros2_ws/install/collision_avoidance_base/share/collision_avoidance_base/environment/path.dsv
[1.801s] -- Up-to-date: /home/GTL/mgaddam/CS7630/ros2_ws/install/collision_avoidance_base/share/collision_avoidance_base/local_setup.bash
[1.802s] -- Up-to-date: /home/GTL/mgaddam/CS7630/ros2_ws/install/collision_avoidance_base/share/collision_avoidance_base/local_setup.sh
[1.802s] -- Up-to-date: /home/GTL/mgaddam/CS7630/ros2_ws/install/collision_avoidance_base/share/collision_avoidance_base/local_setup.zsh
[1.803s] -- Up-to-date: /home/GTL/mgaddam/CS7630/ros2_ws/install/collision_avoidance_base/share/collision_avoidance_base/local_setup.dsv
[1.804s] -- Installing: /home/GTL/mgaddam/CS7630/ros2_ws/install/collision_avoidance_base/share/collision_avoidance_base/package.dsv
[1.810s] -- Up-to-date: /home/GTL/mgaddam/CS7630/ros2_ws/install/collision_avoidance_base/share/ament_index/resource_index/packages/collision_avoidance_base
[1.811s] -- Up-to-date: /home/GTL/mgaddam/CS7630/ros2_ws/install/collision_avoidance_base/share/collision_avoidance_base/cmake/ament_cmake_export_include_directories-extras.cmake
[1.811s] -- Up-to-date: /home/GTL/mgaddam/CS7630/ros2_ws/install/collision_avoidance_base/share/collision_avoidance_base/cmake/collision_avoidance_baseConfig.cmake
[1.812s] -- Up-to-date: /home/GTL/mgaddam/CS7630/ros2_ws/install/collision_avoidance_base/share/collision_avoidance_base/cmake/collision_avoidance_baseConfig-version.cmake
[1.812s] -- Up-to-date: /home/GTL/mgaddam/CS7630/ros2_ws/install/collision_avoidance_base/share/collision_avoidance_base/package.xml
[1.953s] Invoked command in '/home/GTL/mgaddam/CS7630/ros2_ws/build/collision_avoidance_base' returned '0': CMAKE_PREFIX_PATH=/opt/ros/humble /usr/bin/cmake --install /home/GTL/mgaddam/CS7630/ros2_ws/build/collision_avoidance_base
