[1.610s] Invoking command in '/home/GTL/mgaddam/CS7630/ros2_ws/build/turtlebot_launch': CMAKE_PREFIX_PATH=${CMAKE_PREFIX_PATH}:/home/GTL/mgaddam/CS7630/ros2_ws/install/vrep_ros_teleop:/home/GTL/mgaddam/CS7630/ros2_ws/install/task_manager_client_py:/home/GTL/mgaddam/CS7630/ros2_ws/install/ar_slam_base:/home/GTL/mgaddam/CS7630/ros2_ws/install/ar_loc_base:/home/GTL/mgaddam/CS7630/ros2_ws/install/rover_driver_base:/home/GTL/mgaddam/CS7630/ros2_ws/install/keyboard_teleop:/home/GTL/mgaddam/CS7630/ros2_ws/install/face_detect_base:/home/GTL/mgaddam/CS7630/ros2_ws/install/button_server:/home/GTL/mgaddam/CS7630/ros2_ws/install/ar_mapping_base:/opt/ros/humble /usr/bin/cmake --build /home/GTL/mgaddam/CS7630/ros2_ws/build/turtlebot_launch -- -j16 -l16
[1.995s] Invoked command in '/home/GTL/mgaddam/CS7630/ros2_ws/build/turtlebot_launch' returned '0': CMAKE_PREFIX_PATH=${CMAKE_PREFIX_PATH}:/home/GTL/mgaddam/CS7630/ros2_ws/install/vrep_ros_teleop:/home/GTL/mgaddam/CS7630/ros2_ws/install/task_manager_client_py:/home/GTL/mgaddam/CS7630/ros2_ws/install/ar_slam_base:/home/GTL/mgaddam/CS7630/ros2_ws/install/ar_loc_base:/home/GTL/mgaddam/CS7630/ros2_ws/install/rover_driver_base:/home/GTL/mgaddam/CS7630/ros2_ws/install/keyboard_teleop:/home/GTL/mgaddam/CS7630/ros2_ws/install/face_detect_base:/home/GTL/mgaddam/CS7630/ros2_ws/install/button_server:/home/GTL/mgaddam/CS7630/ros2_ws/install/ar_mapping_base:/opt/ros/humble /usr/bin/cmake --build /home/GTL/mgaddam/CS7630/ros2_ws/build/turtlebot_launch -- -j16 -l16
[2.041s] Invoking command in '/home/GTL/mgaddam/CS7630/ros2_ws/build/turtlebot_launch': CMAKE_PREFIX_PATH=${CMAKE_PREFIX_PATH}:/home/GTL/mgaddam/CS7630/ros2_ws/install/vrep_ros_teleop:/home/GTL/mgaddam/CS7630/ros2_ws/install/task_manager_client_py:/home/GTL/mgaddam/CS7630/ros2_ws/install/ar_slam_base:/home/GTL/mgaddam/CS7630/ros2_ws/install/ar_loc_base:/home/GTL/mgaddam/CS7630/ros2_ws/install/rover_driver_base:/home/GTL/mgaddam/CS7630/ros2_ws/install/keyboard_teleop:/home/GTL/mgaddam/CS7630/ros2_ws/install/face_detect_base:/home/GTL/mgaddam/CS7630/ros2_ws/install/button_server:/home/GTL/mgaddam/CS7630/ros2_ws/install/ar_mapping_base:/opt/ros/humble /usr/bin/cmake --install /home/GTL/mgaddam/CS7630/ros2_ws/build/turtlebot_launch
[2.047s] -- Install configuration: ""
[2.047s] -- Up-to-date: /home/GTL/mgaddam/CS7630/ros2_ws/install/turtlebot_launch/share/turtlebot_launch
[2.047s] -- Up-to-date: /home/GTL/mgaddam/CS7630/ros2_ws/install/turtlebot_launch/share/turtlebot_launch/tb_slam_env.launch.py
[2.048s] -- Up-to-date: /home/GTL/mgaddam/CS7630/ros2_ws/install/turtlebot_launch/share/turtlebot_launch/kinect_min.launch.py
[2.048s] -- Up-to-date: /home/GTL/mgaddam/CS7630/ros2_ws/install/turtlebot_launch/share/turtlebot_launch/minimal.launch.py
[2.048s] -- Up-to-date: /home/GTL/mgaddam/CS7630/ros2_ws/install/turtlebot_launch/share/turtlebot_launch/slam_tb_sync_rviz.launch.py
[2.048s] -- Up-to-date: /home/GTL/mgaddam/CS7630/ros2_ws/install/turtlebot_launch/share/turtlebot_launch/slam_tb_sync.launch.py
[2.048s] -- Up-to-date: /home/GTL/mgaddam/CS7630/ros2_ws/install/turtlebot_launch/share/turtlebot_launch/aruco_tracker_tb.yaml
[2.048s] -- Up-to-date: /home/GTL/mgaddam/CS7630/ros2_ws/install/turtlebot_launch/share/turtlebot_launch/turtlebot_description.launch.py
[2.048s] -- Up-to-date: /home/GTL/mgaddam/CS7630/ros2_ws/install/turtlebot_launch/share/turtlebot_launch/kinect.launch.py
[2.049s] -- Up-to-date: /home/GTL/mgaddam/CS7630/ros2_ws/install/turtlebot_launch/share/turtlebot_launch/cartographer.launch.py
[2.049s] -- Up-to-date: /home/GTL/mgaddam/CS7630/ros2_ws/install/turtlebot_launch/share/turtlebot_launch/autodock.launch.py
[2.049s] -- Up-to-date: /home/GTL/mgaddam/CS7630/ros2_ws/install/turtlebot_launch/share/turtlebot_launch/turtlebot_cartographer.lua
[2.049s] -- Up-to-date: /home/GTL/mgaddam/CS7630/ros2_ws/install/turtlebot_launch/share/turtlebot_launch/cartographer_rviz.launch.py
[2.049s] -- Up-to-date: /home/GTL/mgaddam/CS7630/ros2_ws/install/turtlebot_launch/share/turtlebot_launch/turtlebot_cartographer.rviz
[2.050s] -- Up-to-date: /home/GTL/mgaddam/CS7630/ros2_ws/install/turtlebot_launch/share/turtlebot_launch/tb3_cartographer.rviz
[2.050s] -- Up-to-date: /home/GTL/mgaddam/CS7630/ros2_ws/install/turtlebot_launch/share/turtlebot_launch/mapper_params_tb_sync.yaml
[2.050s] -- Up-to-date: /home/GTL/mgaddam/CS7630/ros2_ws/install/turtlebot_launch/share/turtlebot_launch/rplidar_a1_launch.py
[2.050s] -- Up-to-date: /home/GTL/mgaddam/CS7630/ros2_ws/install/turtlebot_launch/share/turtlebot_launch/kinect_min_comp.launch.py
[2.050s] -- Up-to-date: /home/GTL/mgaddam/CS7630/ros2_ws/install/turtlebot_launch/share/turtlebot_launch/occupancy_grid.launch.py
[2.050s] -- Up-to-date: /home/GTL/mgaddam/CS7630/ros2_ws/install/turtlebot_launch/share/turtlebot_launch/__pycache__
[2.051s] -- Up-to-date: /home/GTL/mgaddam/CS7630/ros2_ws/install/turtlebot_launch/share/turtlebot_launch/__pycache__/slam_tb_sync_rviz.launch.cpython-310.pyc
[2.051s] -- Up-to-date: /home/GTL/mgaddam/CS7630/ros2_ws/install/turtlebot_launch/share/turtlebot_launch/__pycache__/cartographer_rviz.launch.cpython-310.pyc
[2.051s] -- Up-to-date: /home/GTL/mgaddam/CS7630/ros2_ws/install/turtlebot_launch/share/turtlebot_launch/__pycache__/cartographer.launch.cpython-310.pyc
[2.051s] -- Up-to-date: /home/GTL/mgaddam/CS7630/ros2_ws/install/turtlebot_launch/share/turtlebot_launch/__pycache__/kinect.launch.cpython-310.pyc
[2.051s] -- Up-to-date: /home/GTL/mgaddam/CS7630/ros2_ws/install/turtlebot_launch/share/turtlebot_launch/__pycache__/slam_tb_sync.launch.cpython-310.pyc
[2.052s] -- Up-to-date: /home/GTL/mgaddam/CS7630/ros2_ws/install/turtlebot_launch/share/turtlebot_launch/__pycache__/occupancy_grid.launch.cpython-310.pyc
[2.052s] -- Up-to-date: /home/GTL/mgaddam/CS7630/ros2_ws/install/turtlebot_launch/share/turtlebot_launch/__pycache__/kinect_min.launch.cpython-310.pyc
[2.053s] -- Up-to-date: /home/GTL/mgaddam/CS7630/ros2_ws/install/turtlebot_launch/share/turtlebot_launch/urdf
[2.053s] -- Up-to-date: /home/GTL/mgaddam/CS7630/ros2_ws/install/turtlebot_launch/share/turtlebot_launch/urdf/turtlebot_hardware.urdf.xacro
[2.053s] -- Up-to-date: /home/GTL/mgaddam/CS7630/ros2_ws/install/turtlebot_launch/share/turtlebot_launch/urdf/turtlebot_kinect.urdf.xacro
[2.054s] -- Up-to-date: /home/GTL/mgaddam/CS7630/ros2_ws/install/turtlebot_launch/share/turtlebot_launch/urdf/turtlebot_standalone.urdf.xacro
[2.054s] -- Up-to-date: /home/GTL/mgaddam/CS7630/ros2_ws/install/turtlebot_launch/share/turtlebot_launch/urdf/turtlebot.urdf.xacro
[2.055s] -- Up-to-date: /home/GTL/mgaddam/CS7630/ros2_ws/install/turtlebot_launch/share/turtlebot_launch/urdf/turtlebot_xtion_pro.urdf.xacro
[2.055s] -- Up-to-date: /home/GTL/mgaddam/CS7630/ros2_ws/install/turtlebot_launch/share/turtlebot_launch/urdf/turtlebot_body.urdf.xacro
[2.055s] -- Up-to-date: /home/GTL/mgaddam/CS7630/ros2_ws/install/turtlebot_launch/share/turtlebot_launch/urdf/gazebo.urdf.xacro
[2.055s] -- Up-to-date: /home/GTL/mgaddam/CS7630/ros2_ws/install/turtlebot_launch/share/turtlebot_launch/urdf/turtlebot_calibration.xacro
[2.055s] -- Up-to-date: /home/GTL/mgaddam/CS7630/ros2_ws/install/turtlebot_launch/share/turtlebot_launch/meshes
[2.056s] -- Up-to-date: /home/GTL/mgaddam/CS7630/ros2_ws/install/turtlebot_launch/share/turtlebot_launch/meshes/create_body.tga
[2.056s] -- Up-to-date: /home/GTL/mgaddam/CS7630/ros2_ws/install/turtlebot_launch/share/turtlebot_launch/meshes/plate_2_logo.tga
[2.057s] -- Up-to-date: /home/GTL/mgaddam/CS7630/ros2_ws/install/turtlebot_launch/share/turtlebot_launch/meshes/kinect.dae
[2.057s] -- Up-to-date: /home/GTL/mgaddam/CS7630/ros2_ws/install/turtlebot_launch/share/turtlebot_launch/meshes/68-02421-8000-RA_Turtlebot_F-F_Standoff.dae
[2.057s] -- Up-to-date: /home/GTL/mgaddam/CS7630/ros2_ws/install/turtlebot_launch/share/turtlebot_launch/meshes/kinect.tga
[2.057s] -- Up-to-date: /home/GTL/mgaddam/CS7630/ros2_ws/install/turtlebot_launch/share/turtlebot_launch/meshes/68-04552-1000-RA_Turtlebot_M-F_Standoff.dae
[2.058s] -- Up-to-date: /home/GTL/mgaddam/CS7630/ros2_ws/install/turtlebot_launch/share/turtlebot_launch/meshes/68-04552-2000-RA_Turtlebot_M-F_Standoff_color.png
[2.058s] -- Up-to-date: /home/GTL/mgaddam/CS7630/ros2_ws/install/turtlebot_launch/share/turtlebot_launch/meshes/68-04556-RA_Kinect_Standoff_Assy.dae
[2.058s] -- Up-to-date: /home/GTL/mgaddam/CS7630/ros2_ws/install/turtlebot_launch/share/turtlebot_launch/meshes/plate_0_logo.tga
[2.058s] -- Up-to-date: /home/GTL/mgaddam/CS7630/ros2_ws/install/turtlebot_launch/share/turtlebot_launch/meshes/68-02403-125_Spacer.dae
[2.059s] -- Up-to-date: /home/GTL/mgaddam/CS7630/ros2_ws/install/turtlebot_launch/share/turtlebot_launch/meshes/68-04552-1000-RA_Turtlebot_M-F_Standoff_color.png
[2.059s] -- Up-to-date: /home/GTL/mgaddam/CS7630/ros2_ws/install/turtlebot_launch/share/turtlebot_launch/meshes/68-04552-2000-RA_Turtlebot_M-F_Standoff.dae
[2.059s] -- Up-to-date: /home/GTL/mgaddam/CS7630/ros2_ws/install/turtlebot_launch/share/turtlebot_launch/meshes/68-02421-8000-RA_Turtlebot_F-F_Standoff_color.png
[2.060s] -- Up-to-date: /home/GTL/mgaddam/CS7630/ros2_ws/install/turtlebot_launch/share/turtlebot_launch/meshes/create_body.dae
[2.060s] -- Up-to-date: /home/GTL/mgaddam/CS7630/ros2_ws/install/turtlebot_launch/share/turtlebot_launch/meshes/68-04556-RA_Kinect_Standoff_Assy.3ds
[2.060s] -- Up-to-date: /home/GTL/mgaddam/CS7630/ros2_ws/install/turtlebot_launch/share/turtlebot_launch/meshes/plate_1_logo.tga
[2.061s] -- Up-to-date: /home/GTL/mgaddam/CS7630/ros2_ws/install/turtlebot_launch/share/turtlebot_launch/meshes/plate_0_logo.dae
[2.061s] -- Up-to-date: /home/GTL/mgaddam/CS7630/ros2_ws/install/turtlebot_launch/share/turtlebot_launch/meshes/plate_2_logo.dae
[2.061s] -- Up-to-date: /home/GTL/mgaddam/CS7630/ros2_ws/install/turtlebot_launch/share/turtlebot_launch/meshes/plate_1_logo.dae
[2.061s] -- Up-to-date: /home/GTL/mgaddam/CS7630/ros2_ws/install/turtlebot_launch/share/ament_index/resource_index/package_run_dependencies/turtlebot_launch
[2.062s] -- Up-to-date: /home/GTL/mgaddam/CS7630/ros2_ws/install/turtlebot_launch/share/ament_index/resource_index/parent_prefix_path/turtlebot_launch
[2.062s] -- Up-to-date: /home/GTL/mgaddam/CS7630/ros2_ws/install/turtlebot_launch/share/turtlebot_launch/environment/ament_prefix_path.sh
[2.062s] -- Up-to-date: /home/GTL/mgaddam/CS7630/ros2_ws/install/turtlebot_launch/share/turtlebot_launch/environment/ament_prefix_path.dsv
[2.063s] -- Up-to-date: /home/GTL/mgaddam/CS7630/ros2_ws/install/turtlebot_launch/share/turtlebot_launch/environment/path.sh
[2.063s] -- Up-to-date: /home/GTL/mgaddam/CS7630/ros2_ws/install/turtlebot_launch/share/turtlebot_launch/environment/path.dsv
[2.063s] -- Up-to-date: /home/GTL/mgaddam/CS7630/ros2_ws/install/turtlebot_launch/share/turtlebot_launch/local_setup.bash
[2.063s] -- Up-to-date: /home/GTL/mgaddam/CS7630/ros2_ws/install/turtlebot_launch/share/turtlebot_launch/local_setup.sh
[2.064s] -- Up-to-date: /home/GTL/mgaddam/CS7630/ros2_ws/install/turtlebot_launch/share/turtlebot_launch/local_setup.zsh
[2.064s] -- Up-to-date: /home/GTL/mgaddam/CS7630/ros2_ws/install/turtlebot_launch/share/turtlebot_launch/local_setup.dsv
[2.064s] -- Installing: /home/GTL/mgaddam/CS7630/ros2_ws/install/turtlebot_launch/share/turtlebot_launch/package.dsv
[2.067s] -- Up-to-date: /home/GTL/mgaddam/CS7630/ros2_ws/install/turtlebot_launch/share/ament_index/resource_index/packages/turtlebot_launch
[2.068s] -- Up-to-date: /home/GTL/mgaddam/CS7630/ros2_ws/install/turtlebot_launch/share/turtlebot_launch/cmake/turtlebot_launchConfig.cmake
[2.068s] -- Up-to-date: /home/GTL/mgaddam/CS7630/ros2_ws/install/turtlebot_launch/share/turtlebot_launch/cmake/turtlebot_launchConfig-version.cmake
[2.068s] -- Up-to-date: /home/GTL/mgaddam/CS7630/ros2_ws/install/turtlebot_launch/share/turtlebot_launch/package.xml
[2.278s] Invoked command in '/home/GTL/mgaddam/CS7630/ros2_ws/build/turtlebot_launch' returned '0': CMAKE_PREFIX_PATH=${CMAKE_PREFIX_PATH}:/home/GTL/mgaddam/CS7630/ros2_ws/install/vrep_ros_teleop:/home/GTL/mgaddam/CS7630/ros2_ws/install/task_manager_client_py:/home/GTL/mgaddam/CS7630/ros2_ws/install/ar_slam_base:/home/GTL/mgaddam/CS7630/ros2_ws/install/ar_loc_base:/home/GTL/mgaddam/CS7630/ros2_ws/install/rover_driver_base:/home/GTL/mgaddam/CS7630/ros2_ws/install/keyboard_teleop:/home/GTL/mgaddam/CS7630/ros2_ws/install/face_detect_base:/home/GTL/mgaddam/CS7630/ros2_ws/install/button_server:/home/GTL/mgaddam/CS7630/ros2_ws/install/ar_mapping_base:/opt/ros/humble /usr/bin/cmake --install /home/GTL/mgaddam/CS7630/ros2_ws/build/turtlebot_launch
