[0.733s] Invoking command in '/home/GTL/mgaddam/CS7630/ros2_ws/src/ar_loc_base': AMENT_PREFIX_PATH=/home/GTL/mgaddam/CS7630/ros2_ws/src/install/rover_driver_base:/home/GTL/mgaddam/CS7630/ros2_ws/src/install/vrep_ros_teleop:/home/GTL/mgaddam/CS7630/ros2_ws/src/install/vrep4_helpers:/home/GTL/mgaddam/CS7630/ros2_ws/src/install/task_manager_sync:/home/GTL/mgaddam/CS7630/ros2_ws/src/install/floor_nav:/home/GTL/mgaddam/CS7630/ros2_ws/src/install/task_manager_nav2:/home/GTL/mgaddam/CS7630/ros2_ws/src/install/task_manager_lib:/home/GTL/mgaddam/CS7630/ros2_ws/src/install/task_manager_client_py:/home/GTL/mgaddam/CS7630/ros2_ws/src/install/task_manager_msgs:/home/GTL/mgaddam/CS7630/ros2_ws/src/install/ar_slam_base:/home/GTL/mgaddam/CS7630/ros2_ws/src/install/ar_loc_base:/home/GTL/mgaddam/CS7630/ros2_ws/src/install/keyboard_teleop:/home/GTL/mgaddam/CS7630/ros2_ws/src/install/face_detect_base:/home/GTL/mgaddam/CS7630/ros2_ws/src/install/cs7630_msgs:/home/GTL/mgaddam/CS7630/ros2_ws/src/install/collision_avoidance_base:/home/GTL/mgaddam/CS7630/ros2_ws/src/install/button_server:/home/GTL/mgaddam/CS7630/ros2_ws/src/install/ar_mapping_base:/opt/ros/humble PYTHONPATH=/home/GTL/mgaddam/CS7630/ros2_ws/src/build/ar_loc_base/prefix_override:/home/GTL/mgaddam/CS7630/ros2_ws/src/install/ar_loc_base/lib/python3.10/site-packages:/home/GTL/mgaddam/CS7630/ros2_ws/src/install/rover_driver_base/lib/python3.10/site-packages:/home/GTL/mgaddam/CS7630/ros2_ws/src/install/vrep_ros_teleop/lib/python3.10/site-packages:/home/GTL/mgaddam/CS7630/ros2_ws/src/install/task_manager_client_py/lib/python3.10/site-packages:/home/GTL/mgaddam/CS7630/ros2_ws/src/install/task_manager_msgs/local/lib/python3.10/dist-packages:/home/GTL/mgaddam/CS7630/ros2_ws/src/install/ar_slam_base/lib/python3.10/site-packages:/home/GTL/mgaddam/CS7630/ros2_ws/src/install/ar_loc_base/lib/python3.10/site-packages:/home/GTL/mgaddam/CS7630/ros2_ws/src/install/keyboard_teleop/lib/python3.10/site-packages:/home/GTL/mgaddam/CS7630/ros2_ws/src/install/face_detect_base/lib/python3.10/site-packages:/home/GTL/mgaddam/CS7630/ros2_ws/src/install/cs7630_msgs/local/lib/python3.10/dist-packages:/home/GTL/mgaddam/CS7630/ros2_ws/src/install/button_server/lib/python3.10/site-packages:/home/GTL/mgaddam/CS7630/ros2_ws/src/install/ar_mapping_base/lib/python3.10/site-packages:/opt/ros/humble/lib/python3.10/site-packages:/opt/ros/humble/local/lib/python3.10/dist-packages /usr/bin/python3 setup.py egg_info --egg-base ../build/ar_loc_base build --build-base /home/GTL/mgaddam/CS7630/ros2_ws/src/build/ar_loc_base/build install --record /home/GTL/mgaddam/CS7630/ros2_ws/src/build/ar_loc_base/install.log --single-version-externally-managed
[0.948s] running egg_info
[0.949s] writing ../build/ar_loc_base/ar_loc_base.egg-info/PKG-INFO
[0.951s] writing dependency_links to ../build/ar_loc_base/ar_loc_base.egg-info/dependency_links.txt
[0.952s] writing entry points to ../build/ar_loc_base/ar_loc_base.egg-info/entry_points.txt
[0.953s] writing requirements to ../build/ar_loc_base/ar_loc_base.egg-info/requires.txt
[0.954s] writing top-level names to ../build/ar_loc_base/ar_loc_base.egg-info/top_level.txt
[0.955s] writing manifest file '../build/ar_loc_base/ar_loc_base.egg-info/SOURCES.txt'
[0.958s] reading manifest file '../build/ar_loc_base/ar_loc_base.egg-info/SOURCES.txt'
[0.959s] writing manifest file '../build/ar_loc_base/ar_loc_base.egg-info/SOURCES.txt'
[0.960s] running build
[0.960s] running build_py
[0.961s] copying ar_loc_base/rover_loc.py -> /home/GTL/mgaddam/CS7630/ros2_ws/src/build/ar_loc_base/build/lib/ar_loc_base
[0.962s] copying ar_loc_base/__init__.py -> /home/GTL/mgaddam/CS7630/ros2_ws/src/build/ar_loc_base/build/lib/ar_loc_base
[0.963s] copying ar_loc_base/rover_odo.py -> /home/GTL/mgaddam/CS7630/ros2_ws/src/build/ar_loc_base/build/lib/ar_loc_base
[0.965s] copying ar_loc_base/rover_kf.py -> /home/GTL/mgaddam/CS7630/ros2_ws/src/build/ar_loc_base/build/lib/ar_loc_base
[0.967s] copying ar_loc_base/rover_pf.py -> /home/GTL/mgaddam/CS7630/ros2_ws/src/build/ar_loc_base/build/lib/ar_loc_base
[0.968s] running install
[0.968s] /usr/lib/python3/dist-packages/setuptools/command/install.py:34: SetuptoolsDeprecationWarning: setup.py install is deprecated. Use build and pip and other standards-based tools.
[0.968s]   warnings.warn(
[0.969s] running install_lib
[0.970s] copying /home/GTL/mgaddam/CS7630/ros2_ws/src/build/ar_loc_base/build/lib/ar_loc_base/rover_loc.py -> /home/GTL/mgaddam/CS7630/ros2_ws/src/install/ar_loc_base/lib/python3.10/site-packages/ar_loc_base
[0.973s] copying /home/GTL/mgaddam/CS7630/ros2_ws/src/build/ar_loc_base/build/lib/ar_loc_base/__init__.py -> /home/GTL/mgaddam/CS7630/ros2_ws/src/install/ar_loc_base/lib/python3.10/site-packages/ar_loc_base
[0.975s] copying /home/GTL/mgaddam/CS7630/ros2_ws/src/build/ar_loc_base/build/lib/ar_loc_base/rover_odo.py -> /home/GTL/mgaddam/CS7630/ros2_ws/src/install/ar_loc_base/lib/python3.10/site-packages/ar_loc_base
[0.977s] copying /home/GTL/mgaddam/CS7630/ros2_ws/src/build/ar_loc_base/build/lib/ar_loc_base/rover_kf.py -> /home/GTL/mgaddam/CS7630/ros2_ws/src/install/ar_loc_base/lib/python3.10/site-packages/ar_loc_base
[0.979s] copying /home/GTL/mgaddam/CS7630/ros2_ws/src/build/ar_loc_base/build/lib/ar_loc_base/rover_pf.py -> /home/GTL/mgaddam/CS7630/ros2_ws/src/install/ar_loc_base/lib/python3.10/site-packages/ar_loc_base
[0.981s] byte-compiling /home/GTL/mgaddam/CS7630/ros2_ws/src/install/ar_loc_base/lib/python3.10/site-packages/ar_loc_base/rover_loc.py to rover_loc.cpython-310.pyc
[0.985s] byte-compiling /home/GTL/mgaddam/CS7630/ros2_ws/src/install/ar_loc_base/lib/python3.10/site-packages/ar_loc_base/__init__.py to __init__.cpython-310.pyc
[0.988s] byte-compiling /home/GTL/mgaddam/CS7630/ros2_ws/src/install/ar_loc_base/lib/python3.10/site-packages/ar_loc_base/rover_odo.py to rover_odo.cpython-310.pyc
[0.991s] byte-compiling /home/GTL/mgaddam/CS7630/ros2_ws/src/install/ar_loc_base/lib/python3.10/site-packages/ar_loc_base/rover_kf.py to rover_kf.cpython-310.pyc
[0.994s] byte-compiling /home/GTL/mgaddam/CS7630/ros2_ws/src/install/ar_loc_base/lib/python3.10/site-packages/ar_loc_base/rover_pf.py to rover_pf.cpython-310.pyc
[0.997s] running install_data
[0.997s] copying resource/ar_loc_base -> /home/GTL/mgaddam/CS7630/ros2_ws/src/install/ar_loc_base/share/ament_index/resource_index/packages
[0.999s] copying package.xml -> /home/GTL/mgaddam/CS7630/ros2_ws/src/install/ar_loc_base/share/ar_loc_base
[1.001s] copying launch/ar_loc_env.launch.py -> /home/GTL/mgaddam/CS7630/ros2_ws/src/install/ar_loc_base/share/ar_loc_base
[1.003s] copying launch/ar_loc.launch.py -> /home/GTL/mgaddam/CS7630/ros2_ws/src/install/ar_loc_base/share/ar_loc_base
[1.005s] copying launch/ar_loc_only.launch.py -> /home/GTL/mgaddam/CS7630/ros2_ws/src/install/ar_loc_base/share/ar_loc_base
[1.007s] running install_egg_info
[1.009s] removing '/home/GTL/mgaddam/CS7630/ros2_ws/src/install/ar_loc_base/lib/python3.10/site-packages/ar_loc_base-0.0.0-py3.10.egg-info' (and everything under it)
[1.009s] Copying ../build/ar_loc_base/ar_loc_base.egg-info to /home/GTL/mgaddam/CS7630/ros2_ws/src/install/ar_loc_base/lib/python3.10/site-packages/ar_loc_base-0.0.0-py3.10.egg-info
[1.029s] running install_scripts
[1.044s] Installing ar_loc_node script to /home/GTL/mgaddam/CS7630/ros2_ws/src/install/ar_loc_base/lib/ar_loc_base
[1.046s] writing list of installed files to '/home/GTL/mgaddam/CS7630/ros2_ws/src/build/ar_loc_base/install.log'
[1.065s] Invoked command in '/home/GTL/mgaddam/CS7630/ros2_ws/src/ar_loc_base' returned '0': AMENT_PREFIX_PATH=/home/GTL/mgaddam/CS7630/ros2_ws/src/install/rover_driver_base:/home/GTL/mgaddam/CS7630/ros2_ws/src/install/vrep_ros_teleop:/home/GTL/mgaddam/CS7630/ros2_ws/src/install/vrep4_helpers:/home/GTL/mgaddam/CS7630/ros2_ws/src/install/task_manager_sync:/home/GTL/mgaddam/CS7630/ros2_ws/src/install/floor_nav:/home/GTL/mgaddam/CS7630/ros2_ws/src/install/task_manager_nav2:/home/GTL/mgaddam/CS7630/ros2_ws/src/install/task_manager_lib:/home/GTL/mgaddam/CS7630/ros2_ws/src/install/task_manager_client_py:/home/GTL/mgaddam/CS7630/ros2_ws/src/install/task_manager_msgs:/home/GTL/mgaddam/CS7630/ros2_ws/src/install/ar_slam_base:/home/GTL/mgaddam/CS7630/ros2_ws/src/install/ar_loc_base:/home/GTL/mgaddam/CS7630/ros2_ws/src/install/keyboard_teleop:/home/GTL/mgaddam/CS7630/ros2_ws/src/install/face_detect_base:/home/GTL/mgaddam/CS7630/ros2_ws/src/install/cs7630_msgs:/home/GTL/mgaddam/CS7630/ros2_ws/src/install/collision_avoidance_base:/home/GTL/mgaddam/CS7630/ros2_ws/src/install/button_server:/home/GTL/mgaddam/CS7630/ros2_ws/src/install/ar_mapping_base:/opt/ros/humble PYTHONPATH=/home/GTL/mgaddam/CS7630/ros2_ws/src/build/ar_loc_base/prefix_override:/home/GTL/mgaddam/CS7630/ros2_ws/src/install/ar_loc_base/lib/python3.10/site-packages:/home/GTL/mgaddam/CS7630/ros2_ws/src/install/rover_driver_base/lib/python3.10/site-packages:/home/GTL/mgaddam/CS7630/ros2_ws/src/install/vrep_ros_teleop/lib/python3.10/site-packages:/home/GTL/mgaddam/CS7630/ros2_ws/src/install/task_manager_client_py/lib/python3.10/site-packages:/home/GTL/mgaddam/CS7630/ros2_ws/src/install/task_manager_msgs/local/lib/python3.10/dist-packages:/home/GTL/mgaddam/CS7630/ros2_ws/src/install/ar_slam_base/lib/python3.10/site-packages:/home/GTL/mgaddam/CS7630/ros2_ws/src/install/ar_loc_base/lib/python3.10/site-packages:/home/GTL/mgaddam/CS7630/ros2_ws/src/install/keyboard_teleop/lib/python3.10/site-packages:/home/GTL/mgaddam/CS7630/ros2_ws/src/install/face_detect_base/lib/python3.10/site-packages:/home/GTL/mgaddam/CS7630/ros2_ws/src/install/cs7630_msgs/local/lib/python3.10/dist-packages:/home/GTL/mgaddam/CS7630/ros2_ws/src/install/button_server/lib/python3.10/site-packages:/home/GTL/mgaddam/CS7630/ros2_ws/src/install/ar_mapping_base/lib/python3.10/site-packages:/opt/ros/humble/lib/python3.10/site-packages:/opt/ros/humble/local/lib/python3.10/dist-packages /usr/bin/python3 setup.py egg_info --egg-base ../build/ar_loc_base build --build-base /home/GTL/mgaddam/CS7630/ros2_ws/src/build/ar_loc_base/build install --record /home/GTL/mgaddam/CS7630/ros2_ws/src/build/ar_loc_base/install.log --single-version-externally-managed
