[1.437s] Invoking command in '/home/GTL/mgaddam/CS7630/ros2_ws/build/vrep4_helpers': CMAKE_PREFIX_PATH=${CMAKE_PREFIX_PATH}:/home/GTL/mgaddam/CS7630/ros2_ws/install/vrep_ros_teleop:/home/GTL/mgaddam/CS7630/ros2_ws/install/task_manager_client_py:/home/GTL/mgaddam/CS7630/ros2_ws/install/ar_slam_base:/home/GTL/mgaddam/CS7630/ros2_ws/install/ar_loc_base:/home/GTL/mgaddam/CS7630/ros2_ws/install/rover_driver_base:/home/GTL/mgaddam/CS7630/ros2_ws/install/keyboard_teleop:/home/GTL/mgaddam/CS7630/ros2_ws/install/face_detect_base:/home/GTL/mgaddam/CS7630/ros2_ws/install/button_server:/home/GTL/mgaddam/CS7630/ros2_ws/install/ar_mapping_base:/opt/ros/humble /usr/bin/cmake --build /home/GTL/mgaddam/CS7630/ros2_ws/build/vrep4_helpers -- -j16 -l16
[1.485s] [100%] Built target clock_repeat
[1.486s] [100%] Built target image_flip
[1.771s] Invoked command in '/home/GTL/mgaddam/CS7630/ros2_ws/build/vrep4_helpers' returned '0': CMAKE_PREFIX_PATH=${CMAKE_PREFIX_PATH}:/home/GTL/mgaddam/CS7630/ros2_ws/install/vrep_ros_teleop:/home/GTL/mgaddam/CS7630/ros2_ws/install/task_manager_client_py:/home/GTL/mgaddam/CS7630/ros2_ws/install/ar_slam_base:/home/GTL/mgaddam/CS7630/ros2_ws/install/ar_loc_base:/home/GTL/mgaddam/CS7630/ros2_ws/install/rover_driver_base:/home/GTL/mgaddam/CS7630/ros2_ws/install/keyboard_teleop:/home/GTL/mgaddam/CS7630/ros2_ws/install/face_detect_base:/home/GTL/mgaddam/CS7630/ros2_ws/install/button_server:/home/GTL/mgaddam/CS7630/ros2_ws/install/ar_mapping_base:/opt/ros/humble /usr/bin/cmake --build /home/GTL/mgaddam/CS7630/ros2_ws/build/vrep4_helpers -- -j16 -l16
[1.811s] Invoking command in '/home/GTL/mgaddam/CS7630/ros2_ws/build/vrep4_helpers': CMAKE_PREFIX_PATH=${CMAKE_PREFIX_PATH}:/home/GTL/mgaddam/CS7630/ros2_ws/install/vrep_ros_teleop:/home/GTL/mgaddam/CS7630/ros2_ws/install/task_manager_client_py:/home/GTL/mgaddam/CS7630/ros2_ws/install/ar_slam_base:/home/GTL/mgaddam/CS7630/ros2_ws/install/ar_loc_base:/home/GTL/mgaddam/CS7630/ros2_ws/install/rover_driver_base:/home/GTL/mgaddam/CS7630/ros2_ws/install/keyboard_teleop:/home/GTL/mgaddam/CS7630/ros2_ws/install/face_detect_base:/home/GTL/mgaddam/CS7630/ros2_ws/install/button_server:/home/GTL/mgaddam/CS7630/ros2_ws/install/ar_mapping_base:/opt/ros/humble /usr/bin/cmake --install /home/GTL/mgaddam/CS7630/ros2_ws/build/vrep4_helpers
[1.814s] -- Install configuration: ""
[1.814s] -- Up-to-date: /home/GTL/mgaddam/CS7630/ros2_ws/install/vrep4_helpers/lib/vrep4_helpers/image_flip
[1.815s] -- Up-to-date: /home/GTL/mgaddam/CS7630/ros2_ws/install/vrep4_helpers/lib/vrep4_helpers/clock_repeat
[1.818s] -- Up-to-date: /home/GTL/mgaddam/CS7630/ros2_ws/install/vrep4_helpers/share/vrep4_helpers
[1.819s] -- Up-to-date: /home/GTL/mgaddam/CS7630/ros2_ws/install/vrep4_helpers/share/vrep4_helpers/kinect_pc.launch.py
[1.819s] -- Up-to-date: /home/GTL/mgaddam/CS7630/ros2_ws/install/vrep4_helpers/share/vrep4_helpers/kinect_pc_min.launch.py
[1.820s] -- Up-to-date: /home/GTL/mgaddam/CS7630/ros2_ws/install/vrep4_helpers/share/ament_index/resource_index/package_run_dependencies/vrep4_helpers
[1.820s] -- Up-to-date: /home/GTL/mgaddam/CS7630/ros2_ws/install/vrep4_helpers/share/ament_index/resource_index/parent_prefix_path/vrep4_helpers
[1.821s] -- Up-to-date: /home/GTL/mgaddam/CS7630/ros2_ws/install/vrep4_helpers/share/vrep4_helpers/environment/ament_prefix_path.sh
[1.822s] -- Up-to-date: /home/GTL/mgaddam/CS7630/ros2_ws/install/vrep4_helpers/share/vrep4_helpers/environment/ament_prefix_path.dsv
[1.822s] -- Up-to-date: /home/GTL/mgaddam/CS7630/ros2_ws/install/vrep4_helpers/share/vrep4_helpers/environment/path.sh
[1.823s] -- Up-to-date: /home/GTL/mgaddam/CS7630/ros2_ws/install/vrep4_helpers/share/vrep4_helpers/environment/path.dsv
[1.823s] -- Up-to-date: /home/GTL/mgaddam/CS7630/ros2_ws/install/vrep4_helpers/share/vrep4_helpers/local_setup.bash
[1.824s] -- Up-to-date: /home/GTL/mgaddam/CS7630/ros2_ws/install/vrep4_helpers/share/vrep4_helpers/local_setup.sh
[1.824s] -- Up-to-date: /home/GTL/mgaddam/CS7630/ros2_ws/install/vrep4_helpers/share/vrep4_helpers/local_setup.zsh
[1.825s] -- Up-to-date: /home/GTL/mgaddam/CS7630/ros2_ws/install/vrep4_helpers/share/vrep4_helpers/local_setup.dsv
[1.826s] -- Installing: /home/GTL/mgaddam/CS7630/ros2_ws/install/vrep4_helpers/share/vrep4_helpers/package.dsv
[1.830s] -- Up-to-date: /home/GTL/mgaddam/CS7630/ros2_ws/install/vrep4_helpers/share/ament_index/resource_index/packages/vrep4_helpers
[1.831s] -- Up-to-date: /home/GTL/mgaddam/CS7630/ros2_ws/install/vrep4_helpers/share/vrep4_helpers/cmake/vrep4_helpersConfig.cmake
[1.831s] -- Up-to-date: /home/GTL/mgaddam/CS7630/ros2_ws/install/vrep4_helpers/share/vrep4_helpers/cmake/vrep4_helpersConfig-version.cmake
[1.832s] -- Up-to-date: /home/GTL/mgaddam/CS7630/ros2_ws/install/vrep4_helpers/share/vrep4_helpers/package.xml
[1.914s] Invoked command in '/home/GTL/mgaddam/CS7630/ros2_ws/build/vrep4_helpers' returned '0': CMAKE_PREFIX_PATH=${CMAKE_PREFIX_PATH}:/home/GTL/mgaddam/CS7630/ros2_ws/install/vrep_ros_teleop:/home/GTL/mgaddam/CS7630/ros2_ws/install/task_manager_client_py:/home/GTL/mgaddam/CS7630/ros2_ws/install/ar_slam_base:/home/GTL/mgaddam/CS7630/ros2_ws/install/ar_loc_base:/home/GTL/mgaddam/CS7630/ros2_ws/install/rover_driver_base:/home/GTL/mgaddam/CS7630/ros2_ws/install/keyboard_teleop:/home/GTL/mgaddam/CS7630/ros2_ws/install/face_detect_base:/home/GTL/mgaddam/CS7630/ros2_ws/install/button_server:/home/GTL/mgaddam/CS7630/ros2_ws/install/ar_mapping_base:/opt/ros/humble /usr/bin/cmake --install /home/GTL/mgaddam/CS7630/ros2_ws/build/vrep4_helpers
