[2.084s] Invoking command in '/home/GTL/mgaddam/CS7630/ros2_ws/src/keyboard_teleop': PYTHONPATH=/home/GTL/mgaddam/CS7630/ros2_ws/build/keyboard_teleop/prefix_override:/home/GTL/mgaddam/CS7630/ros2_ws/install/keyboard_teleop/lib/python3.10/site-packages:${PYTHONPATH} /usr/bin/python3 setup.py egg_info --egg-base ../../build/keyboard_teleop build --build-base /home/GTL/mgaddam/CS7630/ros2_ws/build/keyboard_teleop/build install --record /home/GTL/mgaddam/CS7630/ros2_ws/build/keyboard_teleop/install.log --single-version-externally-managed
[2.291s] running egg_info
[2.291s] writing ../../build/keyboard_teleop/keyboard_teleop.egg-info/PKG-INFO
[2.294s] writing dependency_links to ../../build/keyboard_teleop/keyboard_teleop.egg-info/dependency_links.txt
[2.295s] writing entry points to ../../build/keyboard_teleop/keyboard_teleop.egg-info/entry_points.txt
[2.296s] writing requirements to ../../build/keyboard_teleop/keyboard_teleop.egg-info/requires.txt
[2.297s] writing top-level names to ../../build/keyboard_teleop/keyboard_teleop.egg-info/top_level.txt
[2.298s] writing manifest file '../../build/keyboard_teleop/keyboard_teleop.egg-info/SOURCES.txt'
[2.302s] reading manifest file '../../build/keyboard_teleop/keyboard_teleop.egg-info/SOURCES.txt'
[2.304s] writing manifest file '../../build/keyboard_teleop/keyboard_teleop.egg-info/SOURCES.txt'
[2.305s] running build
[2.305s] running build_py
[2.306s] copying keyboard_teleop/teleop.py -> /home/GTL/mgaddam/CS7630/ros2_ws/build/keyboard_teleop/build/lib/keyboard_teleop
[2.325s] copying keyboard_teleop/setup.py -> /home/GTL/mgaddam/CS7630/ros2_ws/build/keyboard_teleop/build/lib/keyboard_teleop
[2.328s] copying keyboard_teleop/__init__.py -> /home/GTL/mgaddam/CS7630/ros2_ws/build/keyboard_teleop/build/lib/keyboard_teleop
[2.329s] copying keyboard_teleop/keyboard_joy.py -> /home/GTL/mgaddam/CS7630/ros2_ws/build/keyboard_teleop/build/lib/keyboard_teleop
[2.331s] copying keyboard_teleop/keyboard_teleop/teleop.py -> /home/GTL/mgaddam/CS7630/ros2_ws/build/keyboard_teleop/build/lib/keyboard_teleop/keyboard_teleop
[2.334s] copying keyboard_teleop/keyboard_teleop/__init__.py -> /home/GTL/mgaddam/CS7630/ros2_ws/build/keyboard_teleop/build/lib/keyboard_teleop/keyboard_teleop
[2.335s] copying keyboard_teleop/keyboard_teleop/keyboard_joy.py -> /home/GTL/mgaddam/CS7630/ros2_ws/build/keyboard_teleop/build/lib/keyboard_teleop/keyboard_teleop
[2.337s] running install
[2.337s] /usr/lib/python3/dist-packages/setuptools/command/install.py:34: SetuptoolsDeprecationWarning: setup.py install is deprecated. Use build and pip and other standards-based tools.
[2.337s]   warnings.warn(
[2.338s] running install_lib
[2.340s] copying /home/GTL/mgaddam/CS7630/ros2_ws/build/keyboard_teleop/build/lib/keyboard_teleop/teleop.py -> /home/GTL/mgaddam/CS7630/ros2_ws/install/keyboard_teleop/lib/python3.10/site-packages/keyboard_teleop
[2.341s] copying /home/GTL/mgaddam/CS7630/ros2_ws/build/keyboard_teleop/build/lib/keyboard_teleop/setup.py -> /home/GTL/mgaddam/CS7630/ros2_ws/install/keyboard_teleop/lib/python3.10/site-packages/keyboard_teleop
[2.344s] copying /home/GTL/mgaddam/CS7630/ros2_ws/build/keyboard_teleop/build/lib/keyboard_teleop/keyboard_teleop/teleop.py -> /home/GTL/mgaddam/CS7630/ros2_ws/install/keyboard_teleop/lib/python3.10/site-packages/keyboard_teleop/keyboard_teleop
[2.346s] copying /home/GTL/mgaddam/CS7630/ros2_ws/build/keyboard_teleop/build/lib/keyboard_teleop/keyboard_teleop/__init__.py -> /home/GTL/mgaddam/CS7630/ros2_ws/install/keyboard_teleop/lib/python3.10/site-packages/keyboard_teleop/keyboard_teleop
[2.347s] copying /home/GTL/mgaddam/CS7630/ros2_ws/build/keyboard_teleop/build/lib/keyboard_teleop/keyboard_teleop/keyboard_joy.py -> /home/GTL/mgaddam/CS7630/ros2_ws/install/keyboard_teleop/lib/python3.10/site-packages/keyboard_teleop/keyboard_teleop
[2.349s] copying /home/GTL/mgaddam/CS7630/ros2_ws/build/keyboard_teleop/build/lib/keyboard_teleop/__init__.py -> /home/GTL/mgaddam/CS7630/ros2_ws/install/keyboard_teleop/lib/python3.10/site-packages/keyboard_teleop
[2.351s] copying /home/GTL/mgaddam/CS7630/ros2_ws/build/keyboard_teleop/build/lib/keyboard_teleop/keyboard_joy.py -> /home/GTL/mgaddam/CS7630/ros2_ws/install/keyboard_teleop/lib/python3.10/site-packages/keyboard_teleop
[2.355s] byte-compiling /home/GTL/mgaddam/CS7630/ros2_ws/install/keyboard_teleop/lib/python3.10/site-packages/keyboard_teleop/teleop.py to teleop.cpython-310.pyc
[2.358s] byte-compiling /home/GTL/mgaddam/CS7630/ros2_ws/install/keyboard_teleop/lib/python3.10/site-packages/keyboard_teleop/setup.py to setup.cpython-310.pyc
[2.361s] byte-compiling /home/GTL/mgaddam/CS7630/ros2_ws/install/keyboard_teleop/lib/python3.10/site-packages/keyboard_teleop/keyboard_teleop/teleop.py to teleop.cpython-310.pyc
[2.364s] byte-compiling /home/GTL/mgaddam/CS7630/ros2_ws/install/keyboard_teleop/lib/python3.10/site-packages/keyboard_teleop/keyboard_teleop/__init__.py to __init__.cpython-310.pyc
[2.366s] byte-compiling /home/GTL/mgaddam/CS7630/ros2_ws/install/keyboard_teleop/lib/python3.10/site-packages/keyboard_teleop/keyboard_teleop/keyboard_joy.py to keyboard_joy.cpython-310.pyc
[2.369s] byte-compiling /home/GTL/mgaddam/CS7630/ros2_ws/install/keyboard_teleop/lib/python3.10/site-packages/keyboard_teleop/__init__.py to __init__.cpython-310.pyc
[2.371s] byte-compiling /home/GTL/mgaddam/CS7630/ros2_ws/install/keyboard_teleop/lib/python3.10/site-packages/keyboard_teleop/keyboard_joy.py to keyboard_joy.cpython-310.pyc
[2.373s] running install_data
[2.374s] copying resource/keyboard_teleop -> /home/GTL/mgaddam/CS7630/ros2_ws/install/keyboard_teleop/share/ament_index/resource_index/packages
[2.376s] copying package.xml -> /home/GTL/mgaddam/CS7630/ros2_ws/install/keyboard_teleop/share/keyboard_teleop
[2.377s] running install_egg_info
[2.379s] removing '/home/GTL/mgaddam/CS7630/ros2_ws/install/keyboard_teleop/lib/python3.10/site-packages/keyboard_teleop-0.0.0-py3.10.egg-info' (and everything under it)
[2.379s] Copying ../../build/keyboard_teleop/keyboard_teleop.egg-info to /home/GTL/mgaddam/CS7630/ros2_ws/install/keyboard_teleop/lib/python3.10/site-packages/keyboard_teleop-0.0.0-py3.10.egg-info
[2.398s] running install_scripts
[2.416s] Installing keyboard_joystick_node script to /home/GTL/mgaddam/CS7630/ros2_ws/install/keyboard_teleop/lib/keyboard_teleop
[2.418s] Installing keyboard_teleop_node script to /home/GTL/mgaddam/CS7630/ros2_ws/install/keyboard_teleop/lib/keyboard_teleop
[2.420s] writing list of installed files to '/home/GTL/mgaddam/CS7630/ros2_ws/build/keyboard_teleop/install.log'
[2.662s] Invoked command in '/home/GTL/mgaddam/CS7630/ros2_ws/src/keyboard_teleop' returned '0': PYTHONPATH=/home/GTL/mgaddam/CS7630/ros2_ws/build/keyboard_teleop/prefix_override:/home/GTL/mgaddam/CS7630/ros2_ws/install/keyboard_teleop/lib/python3.10/site-packages:${PYTHONPATH} /usr/bin/python3 setup.py egg_info --egg-base ../../build/keyboard_teleop build --build-base /home/GTL/mgaddam/CS7630/ros2_ws/build/keyboard_teleop/build install --record /home/GTL/mgaddam/CS7630/ros2_ws/build/keyboard_teleop/install.log --single-version-externally-managed
