[1.684s] Invoking command in '/home/GTL/mgaddam/CS7630/ros2_ws/src/face_detect': AMENT_PREFIX_PATH=/home/GTL/mgaddam/CS7630/ros2_ws/install/cs7630_msgs:${AMENT_PREFIX_PATH} CMAKE_PREFIX_PATH=/home/GTL/mgaddam/CS7630/ros2_ws/install/cs7630_msgs LD_LIBRARY_PATH=/home/GTL/mgaddam/CS7630/ros2_ws/install/cs7630_msgs/lib:${LD_LIBRARY_PATH} PYTHONPATH=/home/GTL/mgaddam/CS7630/ros2_ws/build/face_detect_base/prefix_override:/home/GTL/mgaddam/CS7630/ros2_ws/install/face_detect_base/lib/python3.10/site-packages:/home/GTL/mgaddam/CS7630/ros2_ws/install/cs7630_msgs/local/lib/python3.10/dist-packages:${PYTHONPATH} /usr/bin/python3 setup.py egg_info --egg-base ../../build/face_detect_base build --build-base /home/GTL/mgaddam/CS7630/ros2_ws/build/face_detect_base/build install --record /home/GTL/mgaddam/CS7630/ros2_ws/build/face_detect_base/install.log --single-version-externally-managed
[1.861s] running egg_info
[1.862s] writing ../../build/face_detect_base/face_detect_base.egg-info/PKG-INFO
[1.863s] writing dependency_links to ../../build/face_detect_base/face_detect_base.egg-info/dependency_links.txt
[1.870s] writing entry points to ../../build/face_detect_base/face_detect_base.egg-info/entry_points.txt
[1.870s] writing requirements to ../../build/face_detect_base/face_detect_base.egg-info/requires.txt
[1.870s] writing top-level names to ../../build/face_detect_base/face_detect_base.egg-info/top_level.txt
[1.872s] reading manifest file '../../build/face_detect_base/face_detect_base.egg-info/SOURCES.txt'
[1.873s] writing manifest file '../../build/face_detect_base/face_detect_base.egg-info/SOURCES.txt'
[1.874s] running build
[1.874s] running build_py
[1.877s] running install
[1.877s] /usr/lib/python3/dist-packages/setuptools/command/install.py:34: SetuptoolsDeprecationWarning: setup.py install is deprecated. Use build and pip and other standards-based tools.
[1.877s]   warnings.warn(
[1.877s] running install_lib
[1.880s] running install_data
[1.882s] running install_egg_info
[1.884s] removing '/home/GTL/mgaddam/CS7630/ros2_ws/install/face_detect_base/lib/python3.10/site-packages/face_detect_base-0.0.0-py3.10.egg-info' (and everything under it)
[1.887s] Copying ../../build/face_detect_base/face_detect_base.egg-info to /home/GTL/mgaddam/CS7630/ros2_ws/install/face_detect_base/lib/python3.10/site-packages/face_detect_base-0.0.0-py3.10.egg-info
[1.907s] running install_scripts
[1.923s] Installing face_detect_node script to /home/GTL/mgaddam/CS7630/ros2_ws/install/face_detect_base/lib/face_detect_base
[1.925s] writing list of installed files to '/home/GTL/mgaddam/CS7630/ros2_ws/build/face_detect_base/install.log'
[2.099s] Invoked command in '/home/GTL/mgaddam/CS7630/ros2_ws/src/face_detect' returned '0': AMENT_PREFIX_PATH=/home/GTL/mgaddam/CS7630/ros2_ws/install/cs7630_msgs:${AMENT_PREFIX_PATH} CMAKE_PREFIX_PATH=/home/GTL/mgaddam/CS7630/ros2_ws/install/cs7630_msgs LD_LIBRARY_PATH=/home/GTL/mgaddam/CS7630/ros2_ws/install/cs7630_msgs/lib:${LD_LIBRARY_PATH} PYTHONPATH=/home/GTL/mgaddam/CS7630/ros2_ws/build/face_detect_base/prefix_override:/home/GTL/mgaddam/CS7630/ros2_ws/install/face_detect_base/lib/python3.10/site-packages:/home/GTL/mgaddam/CS7630/ros2_ws/install/cs7630_msgs/local/lib/python3.10/dist-packages:${PYTHONPATH} /usr/bin/python3 setup.py egg_info --egg-base ../../build/face_detect_base build --build-base /home/GTL/mgaddam/CS7630/ros2_ws/build/face_detect_base/build install --record /home/GTL/mgaddam/CS7630/ros2_ws/build/face_detect_base/install.log --single-version-externally-managed
