[2.710s] Invoking command in '/home/GTL/mgaddam/CS7630/ros2_ws/src/face_detect': CMAKE_PREFIX_PATH=/home/GTL/mgaddam/CS7630/ros2_ws/install/cs7630_msgs:/home/GTL/mgaddam/CS7630/ros2_ws/install/wifi_map_base:/home/GTL/mgaddam/CS7630/ros2_ws/install/wpa_cli_msgs:/home/GTL/mgaddam/CS7630/ros2_ws/install/vrep4_helpers:/home/GTL/mgaddam/CS7630/ros2_ws/install/turtlebot_launch:/home/GTL/mgaddam/CS7630/ros2_ws/install/task_manager_sync:/home/GTL/mgaddam/CS7630/ros2_ws/install/floor_nav:/home/GTL/mgaddam/CS7630/ros2_ws/install/task_manager_nav2:/home/GTL/mgaddam/CS7630/ros2_ws/install/task_manager_lib:/home/GTL/mgaddam/CS7630/ros2_ws/install/task_manager_msgs:/home/GTL/mgaddam/CS7630/ros2_ws/install/collision_avoidance_base LD_LIBRARY_PATH=/home/GTL/mgaddam/CS7630/ros2_ws/install/cs7630_msgs/lib:/home/GTL/mgaddam/CS7630/ros2_ws/install/wpa_cli_msgs/lib:/home/GTL/mgaddam/CS7630/ros2_ws/install/task_manager_sync/lib:/home/GTL/mgaddam/CS7630/ros2_ws/install/task_manager_lib/lib:/home/GTL/mgaddam/CS7630/ros2_ws/install/task_manager_msgs/lib:/usr/lib/x86_64-linux-gnu/gazebo-11/plugins:/opt/ros/humble/opt/rviz_ogre_vendor/lib:/opt/ros/humble/lib/x86_64-linux-gnu:/opt/ros/humble/lib PYTHONPATH=/home/GTL/mgaddam/CS7630/ros2_ws/build/face_detect_base/prefix_override:/home/GTL/mgaddam/CS7630/ros2_ws/install/face_detect_base/lib/python3.10/site-packages:${PYTHONPATH} /usr/bin/python3 setup.py egg_info --egg-base ../../build/face_detect_base build --build-base /home/GTL/mgaddam/CS7630/ros2_ws/build/face_detect_base/build install --record /home/GTL/mgaddam/CS7630/ros2_ws/build/face_detect_base/install.log --single-version-externally-managed
[2.955s] running egg_info
[2.955s] writing ../../build/face_detect_base/face_detect_base.egg-info/PKG-INFO
[2.956s] writing dependency_links to ../../build/face_detect_base/face_detect_base.egg-info/dependency_links.txt
[2.957s] writing entry points to ../../build/face_detect_base/face_detect_base.egg-info/entry_points.txt
[2.958s] writing requirements to ../../build/face_detect_base/face_detect_base.egg-info/requires.txt
[2.959s] writing top-level names to ../../build/face_detect_base/face_detect_base.egg-info/top_level.txt
[2.962s] reading manifest file '../../build/face_detect_base/face_detect_base.egg-info/SOURCES.txt'
[2.964s] writing manifest file '../../build/face_detect_base/face_detect_base.egg-info/SOURCES.txt'
[2.965s] running build
[2.965s] running build_py
[2.965s] running install
[2.965s] /usr/lib/python3/dist-packages/setuptools/command/install.py:34: SetuptoolsDeprecationWarning: setup.py install is deprecated. Use build and pip and other standards-based tools.
[2.966s]   warnings.warn(
[2.966s] running install_lib
[2.967s] running install_data
[2.967s] running install_egg_info
[2.969s] removing '/home/GTL/mgaddam/CS7630/ros2_ws/install/face_detect_base/lib/python3.10/site-packages/face_detect_base-0.0.0-py3.10.egg-info' (and everything under it)
[2.971s] Copying ../../build/face_detect_base/face_detect_base.egg-info to /home/GTL/mgaddam/CS7630/ros2_ws/install/face_detect_base/lib/python3.10/site-packages/face_detect_base-0.0.0-py3.10.egg-info
[2.993s] running install_scripts
[3.012s] Installing face_detect_node script to /home/GTL/mgaddam/CS7630/ros2_ws/install/face_detect_base/lib/face_detect_base
[3.014s] writing list of installed files to '/home/GTL/mgaddam/CS7630/ros2_ws/build/face_detect_base/install.log'
[3.237s] Invoked command in '/home/GTL/mgaddam/CS7630/ros2_ws/src/face_detect' returned '0': CMAKE_PREFIX_PATH=/home/GTL/mgaddam/CS7630/ros2_ws/install/cs7630_msgs:/home/GTL/mgaddam/CS7630/ros2_ws/install/wifi_map_base:/home/GTL/mgaddam/CS7630/ros2_ws/install/wpa_cli_msgs:/home/GTL/mgaddam/CS7630/ros2_ws/install/vrep4_helpers:/home/GTL/mgaddam/CS7630/ros2_ws/install/turtlebot_launch:/home/GTL/mgaddam/CS7630/ros2_ws/install/task_manager_sync:/home/GTL/mgaddam/CS7630/ros2_ws/install/floor_nav:/home/GTL/mgaddam/CS7630/ros2_ws/install/task_manager_nav2:/home/GTL/mgaddam/CS7630/ros2_ws/install/task_manager_lib:/home/GTL/mgaddam/CS7630/ros2_ws/install/task_manager_msgs:/home/GTL/mgaddam/CS7630/ros2_ws/install/collision_avoidance_base LD_LIBRARY_PATH=/home/GTL/mgaddam/CS7630/ros2_ws/install/cs7630_msgs/lib:/home/GTL/mgaddam/CS7630/ros2_ws/install/wpa_cli_msgs/lib:/home/GTL/mgaddam/CS7630/ros2_ws/install/task_manager_sync/lib:/home/GTL/mgaddam/CS7630/ros2_ws/install/task_manager_lib/lib:/home/GTL/mgaddam/CS7630/ros2_ws/install/task_manager_msgs/lib:/usr/lib/x86_64-linux-gnu/gazebo-11/plugins:/opt/ros/humble/opt/rviz_ogre_vendor/lib:/opt/ros/humble/lib/x86_64-linux-gnu:/opt/ros/humble/lib PYTHONPATH=/home/GTL/mgaddam/CS7630/ros2_ws/build/face_detect_base/prefix_override:/home/GTL/mgaddam/CS7630/ros2_ws/install/face_detect_base/lib/python3.10/site-packages:${PYTHONPATH} /usr/bin/python3 setup.py egg_info --egg-base ../../build/face_detect_base build --build-base /home/GTL/mgaddam/CS7630/ros2_ws/build/face_detect_base/build install --record /home/GTL/mgaddam/CS7630/ros2_ws/build/face_detect_base/install.log --single-version-externally-managed
