[0.296s] Invoking command in '/home/GTL/mgaddam/CS7630/ros2_ws/src/build/task_manager_sync': AMENT_PREFIX_PATH=/home/GTL/mgaddam/CS7630/ros2_ws/src/install/task_manager_lib:/home/GTL/mgaddam/CS7630/ros2_ws/src/install/task_manager_msgs:${AMENT_PREFIX_PATH} CMAKE_PREFIX_PATH=/home/GTL/mgaddam/CS7630/ros2_ws/src/install/task_manager_lib:/home/GTL/mgaddam/CS7630/ros2_ws/src/install/task_manager_msgs:/opt/ros/humble LD_LIBRARY_PATH=/home/GTL/mgaddam/CS7630/ros2_ws/src/install/task_manager_lib/lib:/home/GTL/mgaddam/CS7630/ros2_ws/src/install/task_manager_msgs/lib:${LD_LIBRARY_PATH} PYTHONPATH=/home/GTL/mgaddam/CS7630/ros2_ws/src/install/task_manager_msgs/local/lib/python3.10/dist-packages:${PYTHONPATH} /usr/bin/cmake --build /home/GTL/mgaddam/CS7630/ros2_ws/src/build/task_manager_sync -- -j16 -l16
[0.644s] [ 71%] Built target task_manager_sync_lib
[0.864s] [100%] Built target test_server_sync
[2.822s] Invoked command in '/home/GTL/mgaddam/CS7630/ros2_ws/src/build/task_manager_sync' returned '0': AMENT_PREFIX_PATH=/home/GTL/mgaddam/CS7630/ros2_ws/src/install/task_manager_lib:/home/GTL/mgaddam/CS7630/ros2_ws/src/install/task_manager_msgs:${AMENT_PREFIX_PATH} CMAKE_PREFIX_PATH=/home/GTL/mgaddam/CS7630/ros2_ws/src/install/task_manager_lib:/home/GTL/mgaddam/CS7630/ros2_ws/src/install/task_manager_msgs:/opt/ros/humble LD_LIBRARY_PATH=/home/GTL/mgaddam/CS7630/ros2_ws/src/install/task_manager_lib/lib:/home/GTL/mgaddam/CS7630/ros2_ws/src/install/task_manager_msgs/lib:${LD_LIBRARY_PATH} PYTHONPATH=/home/GTL/mgaddam/CS7630/ros2_ws/src/install/task_manager_msgs/local/lib/python3.10/dist-packages:${PYTHONPATH} /usr/bin/cmake --build /home/GTL/mgaddam/CS7630/ros2_ws/src/build/task_manager_sync -- -j16 -l16
[3.096s] Invoking command in '/home/GTL/mgaddam/CS7630/ros2_ws/src/build/task_manager_sync': AMENT_PREFIX_PATH=/home/GTL/mgaddam/CS7630/ros2_ws/src/install/task_manager_lib:/home/GTL/mgaddam/CS7630/ros2_ws/src/install/task_manager_msgs:${AMENT_PREFIX_PATH} CMAKE_PREFIX_PATH=/home/GTL/mgaddam/CS7630/ros2_ws/src/install/task_manager_lib:/home/GTL/mgaddam/CS7630/ros2_ws/src/install/task_manager_msgs:/opt/ros/humble LD_LIBRARY_PATH=/home/GTL/mgaddam/CS7630/ros2_ws/src/install/task_manager_lib/lib:/home/GTL/mgaddam/CS7630/ros2_ws/src/install/task_manager_msgs/lib:${LD_LIBRARY_PATH} PYTHONPATH=/home/GTL/mgaddam/CS7630/ros2_ws/src/install/task_manager_msgs/local/lib/python3.10/dist-packages:${PYTHONPATH} /usr/bin/cmake --install /home/GTL/mgaddam/CS7630/ros2_ws/src/build/task_manager_sync
[3.108s] -- Install configuration: ""
[3.159s] -- Up-to-date: /home/GTL/mgaddam/CS7630/ros2_ws/src/install/task_manager_sync/lib/libtask_manager_sync_lib.so
[3.163s] -- Up-to-date: /home/GTL/mgaddam/CS7630/ros2_ws/src/install/task_manager_sync/include/task_manager_sync
[3.164s] -- Up-to-date: /home/GTL/mgaddam/CS7630/ros2_ws/src/install/task_manager_sync/include/task_manager_sync/TaskWaitForStatusSync.h
[3.165s] -- Up-to-date: /home/GTL/mgaddam/CS7630/ros2_ws/src/install/task_manager_sync/include/task_manager_sync/TaskEnvironmentSync.h
[3.165s] -- Up-to-date: /home/GTL/mgaddam/CS7630/ros2_ws/src/install/task_manager_sync/include/task_manager_sync/TaskSetStatusSync.h
[3.166s] -- Up-to-date: /home/GTL/mgaddam/CS7630/ros2_ws/src/install/task_manager_sync/include/task_manager_sync/TaskServerSync.h
[3.167s] -- Up-to-date: /home/GTL/mgaddam/CS7630/ros2_ws/src/install/task_manager_sync/share/task_manager_sync
[3.169s] -- Up-to-date: /home/GTL/mgaddam/CS7630/ros2_ws/src/install/task_manager_sync/share/task_manager_sync/launch_server.launch
[3.170s] -- Up-to-date: /home/GTL/mgaddam/CS7630/ros2_ws/src/install/task_manager_sync/share/task_manager_sync/environment/library_path.sh
[3.171s] -- Up-to-date: /home/GTL/mgaddam/CS7630/ros2_ws/src/install/task_manager_sync/share/task_manager_sync/environment/library_path.dsv
[3.172s] -- Up-to-date: /home/GTL/mgaddam/CS7630/ros2_ws/src/install/task_manager_sync/share/ament_index/resource_index/package_run_dependencies/task_manager_sync
[3.173s] -- Up-to-date: /home/GTL/mgaddam/CS7630/ros2_ws/src/install/task_manager_sync/share/ament_index/resource_index/parent_prefix_path/task_manager_sync
[3.173s] -- Up-to-date: /home/GTL/mgaddam/CS7630/ros2_ws/src/install/task_manager_sync/share/task_manager_sync/environment/ament_prefix_path.sh
[3.175s] -- Up-to-date: /home/GTL/mgaddam/CS7630/ros2_ws/src/install/task_manager_sync/share/task_manager_sync/environment/ament_prefix_path.dsv
[3.175s] -- Up-to-date: /home/GTL/mgaddam/CS7630/ros2_ws/src/install/task_manager_sync/share/task_manager_sync/environment/path.sh
[3.176s] -- Up-to-date: /home/GTL/mgaddam/CS7630/ros2_ws/src/install/task_manager_sync/share/task_manager_sync/environment/path.dsv
[3.177s] -- Up-to-date: /home/GTL/mgaddam/CS7630/ros2_ws/src/install/task_manager_sync/share/task_manager_sync/local_setup.bash
[3.178s] -- Up-to-date: /home/GTL/mgaddam/CS7630/ros2_ws/src/install/task_manager_sync/share/task_manager_sync/local_setup.sh
[3.178s] -- Up-to-date: /home/GTL/mgaddam/CS7630/ros2_ws/src/install/task_manager_sync/share/task_manager_sync/local_setup.zsh
[3.179s] -- Up-to-date: /home/GTL/mgaddam/CS7630/ros2_ws/src/install/task_manager_sync/share/task_manager_sync/local_setup.dsv
[3.180s] -- Installing: /home/GTL/mgaddam/CS7630/ros2_ws/src/install/task_manager_sync/share/task_manager_sync/package.dsv
[3.403s] -- Up-to-date: /home/GTL/mgaddam/CS7630/ros2_ws/src/install/task_manager_sync/share/ament_index/resource_index/packages/task_manager_sync
[3.418s] -- Up-to-date: /home/GTL/mgaddam/CS7630/ros2_ws/src/install/task_manager_sync/share/task_manager_sync/cmake/ament_cmake_export_dependencies-extras.cmake
[3.436s] -- Up-to-date: /home/GTL/mgaddam/CS7630/ros2_ws/src/install/task_manager_sync/share/task_manager_sync/cmake/ament_cmake_export_include_directories-extras.cmake
[3.557s] -- Up-to-date: /home/GTL/mgaddam/CS7630/ros2_ws/src/install/task_manager_sync/share/task_manager_sync/cmake/ament_cmake_export_libraries-extras.cmake
[3.612s] -- Up-to-date: /home/GTL/mgaddam/CS7630/ros2_ws/src/install/task_manager_sync/share/task_manager_sync/cmake/task_manager_syncConfig.cmake
[3.614s] -- Up-to-date: /home/GTL/mgaddam/CS7630/ros2_ws/src/install/task_manager_sync/share/task_manager_sync/cmake/task_manager_syncConfig-version.cmake
[3.628s] -- Up-to-date: /home/GTL/mgaddam/CS7630/ros2_ws/src/install/task_manager_sync/share/task_manager_sync/package.xml
[3.721s] Invoked command in '/home/GTL/mgaddam/CS7630/ros2_ws/src/build/task_manager_sync' returned '0': AMENT_PREFIX_PATH=/home/GTL/mgaddam/CS7630/ros2_ws/src/install/task_manager_lib:/home/GTL/mgaddam/CS7630/ros2_ws/src/install/task_manager_msgs:${AMENT_PREFIX_PATH} CMAKE_PREFIX_PATH=/home/GTL/mgaddam/CS7630/ros2_ws/src/install/task_manager_lib:/home/GTL/mgaddam/CS7630/ros2_ws/src/install/task_manager_msgs:/opt/ros/humble LD_LIBRARY_PATH=/home/GTL/mgaddam/CS7630/ros2_ws/src/install/task_manager_lib/lib:/home/GTL/mgaddam/CS7630/ros2_ws/src/install/task_manager_msgs/lib:${LD_LIBRARY_PATH} PYTHONPATH=/home/GTL/mgaddam/CS7630/ros2_ws/src/install/task_manager_msgs/local/lib/python3.10/dist-packages:${PYTHONPATH} /usr/bin/cmake --install /home/GTL/mgaddam/CS7630/ros2_ws/src/build/task_manager_sync
