[0.920s] Invoking command in '/home/GTL/mgaddam/CS7630/ros2_ws/build/collision_avoidance_base': CMAKE_PREFIX_PATH=/opt/ros/humble /usr/bin/cmake --build /home/GTL/mgaddam/CS7630/ros2_ws/build/collision_avoidance_base -- -j16 -l16
[1.153s] [100%] Built target collision_avoidance_base
[1.366s] Invoked command in '/home/GTL/mgaddam/CS7630/ros2_ws/build/collision_avoidance_base' returned '0': CMAKE_PREFIX_PATH=/opt/ros/humble /usr/bin/cmake --build /home/GTL/mgaddam/CS7630/ros2_ws/build/collision_avoidance_base -- -j16 -l16
[1.405s] Invoking command in '/home/GTL/mgaddam/CS7630/ros2_ws/build/collision_avoidance_base': CMAKE_PREFIX_PATH=/opt/ros/humble /usr/bin/cmake --install /home/GTL/mgaddam/CS7630/ros2_ws/build/collision_avoidance_base
[1.411s] -- Install configuration: ""
[1.415s] -- Up-to-date: /home/GTL/mgaddam/CS7630/ros2_ws/install/collision_avoidance_base/lib/collision_avoidance_base/collision_avoidance_base
[1.420s] -- Up-to-date: /home/GTL/mgaddam/CS7630/ros2_ws/install/collision_avoidance_base/share/collision_avoidance_base
[1.421s] -- Up-to-date: /home/GTL/mgaddam/CS7630/ros2_ws/install/collision_avoidance_base/share/collision_avoidance_base/ca_auto.launch.py
[1.421s] -- Up-to-date: /home/GTL/mgaddam/CS7630/ros2_ws/install/collision_avoidance_base/share/collision_avoidance_base/ca.launch.py
[1.421s] -- Up-to-date: /home/GTL/mgaddam/CS7630/ros2_ws/install/collision_avoidance_base/share/ament_index/resource_index/package_run_dependencies/collision_avoidance_base
[1.421s] -- Up-to-date: /home/GTL/mgaddam/CS7630/ros2_ws/install/collision_avoidance_base/share/ament_index/resource_index/parent_prefix_path/collision_avoidance_base
[1.425s] -- Up-to-date: /home/GTL/mgaddam/CS7630/ros2_ws/install/collision_avoidance_base/share/collision_avoidance_base/environment/ament_prefix_path.sh
[1.426s] -- Up-to-date: /home/GTL/mgaddam/CS7630/ros2_ws/install/collision_avoidance_base/share/collision_avoidance_base/environment/ament_prefix_path.dsv
[1.427s] -- Up-to-date: /home/GTL/mgaddam/CS7630/ros2_ws/install/collision_avoidance_base/share/collision_avoidance_base/environment/path.sh
[1.427s] -- Up-to-date: /home/GTL/mgaddam/CS7630/ros2_ws/install/collision_avoidance_base/share/collision_avoidance_base/environment/path.dsv
[1.427s] -- Up-to-date: /home/GTL/mgaddam/CS7630/ros2_ws/install/collision_avoidance_base/share/collision_avoidance_base/local_setup.bash
[1.427s] -- Up-to-date: /home/GTL/mgaddam/CS7630/ros2_ws/install/collision_avoidance_base/share/collision_avoidance_base/local_setup.sh
[1.427s] -- Up-to-date: /home/GTL/mgaddam/CS7630/ros2_ws/install/collision_avoidance_base/share/collision_avoidance_base/local_setup.zsh
[1.428s] -- Up-to-date: /home/GTL/mgaddam/CS7630/ros2_ws/install/collision_avoidance_base/share/collision_avoidance_base/local_setup.dsv
[1.428s] -- Installing: /home/GTL/mgaddam/CS7630/ros2_ws/install/collision_avoidance_base/share/collision_avoidance_base/package.dsv
[1.431s] -- Up-to-date: /home/GTL/mgaddam/CS7630/ros2_ws/install/collision_avoidance_base/share/ament_index/resource_index/packages/collision_avoidance_base
[1.431s] -- Up-to-date: /home/GTL/mgaddam/CS7630/ros2_ws/install/collision_avoidance_base/share/collision_avoidance_base/cmake/ament_cmake_export_include_directories-extras.cmake
[1.432s] -- Up-to-date: /home/GTL/mgaddam/CS7630/ros2_ws/install/collision_avoidance_base/share/collision_avoidance_base/cmake/collision_avoidance_baseConfig.cmake
[1.433s] -- Up-to-date: /home/GTL/mgaddam/CS7630/ros2_ws/install/collision_avoidance_base/share/collision_avoidance_base/cmake/collision_avoidance_baseConfig-version.cmake
[1.433s] -- Up-to-date: /home/GTL/mgaddam/CS7630/ros2_ws/install/collision_avoidance_base/share/collision_avoidance_base/package.xml
[1.437s] Invoked command in '/home/GTL/mgaddam/CS7630/ros2_ws/build/collision_avoidance_base' returned '0': CMAKE_PREFIX_PATH=/opt/ros/humble /usr/bin/cmake --install /home/GTL/mgaddam/CS7630/ros2_ws/build/collision_avoidance_base
