[35m[1mConsolidate compiler generated dependencies of target wifi_map_node[0m
[100%] Built target wifi_map_node
-- Install configuration: ""
-- Up-to-date: /home/GTL/mgaddam/CS7630/ros2_ws/install/wifi_map_base/lib/wifi_map_base/wifi_map_node
-- Up-to-date: /home/GTL/mgaddam/CS7630/ros2_ws/install/wifi_map_base/share/wifi_map_base
-- Up-to-date: /home/GTL/mgaddam/CS7630/ros2_ws/install/wifi_map_base/share/wifi_map_base/wifi_map.launch.py
-- Up-to-date: /home/GTL/mgaddam/CS7630/ros2_ws/install/wifi_map_base/share/wifi_map_base/wifi_map_sim.launch.py
-- Up-to-date: /home/GTL/mgaddam/CS7630/ros2_ws/install/wifi_map_base/share/ament_index/resource_index/package_run_dependencies/wifi_map_base
-- Up-to-date: /home/GTL/mgaddam/CS7630/ros2_ws/install/wifi_map_base/share/ament_index/resource_index/parent_prefix_path/wifi_map_base
-- Up-to-date: /home/GTL/mgaddam/CS7630/ros2_ws/install/wifi_map_base/share/wifi_map_base/environment/ament_prefix_path.sh
-- Up-to-date: /home/GTL/mgaddam/CS7630/ros2_ws/install/wifi_map_base/share/wifi_map_base/environment/ament_prefix_path.dsv
-- Up-to-date: /home/GTL/mgaddam/CS7630/ros2_ws/install/wifi_map_base/share/wifi_map_base/environment/path.sh
-- Up-to-date: /home/GTL/mgaddam/CS7630/ros2_ws/install/wifi_map_base/share/wifi_map_base/environment/path.dsv
-- Up-to-date: /home/GTL/mgaddam/CS7630/ros2_ws/install/wifi_map_base/share/wifi_map_base/local_setup.bash
-- Up-to-date: /home/GTL/mgaddam/CS7630/ros2_ws/install/wifi_map_base/share/wifi_map_base/local_setup.sh
-- Up-to-date: /home/GTL/mgaddam/CS7630/ros2_ws/install/wifi_map_base/share/wifi_map_base/local_setup.zsh
-- Up-to-date: /home/GTL/mgaddam/CS7630/ros2_ws/install/wifi_map_base/share/wifi_map_base/local_setup.dsv
-- Installing: /home/GTL/mgaddam/CS7630/ros2_ws/install/wifi_map_base/share/wifi_map_base/package.dsv
-- Up-to-date: /home/GTL/mgaddam/CS7630/ros2_ws/install/wifi_map_base/share/ament_index/resource_index/packages/wifi_map_base
-- Up-to-date: /home/GTL/mgaddam/CS7630/ros2_ws/install/wifi_map_base/share/wifi_map_base/cmake/wifi_map_baseConfig.cmake
-- Up-to-date: /home/GTL/mgaddam/CS7630/ros2_ws/install/wifi_map_base/share/wifi_map_base/cmake/wifi_map_baseConfig-version.cmake
-- Up-to-date: /home/GTL/mgaddam/CS7630/ros2_ws/install/wifi_map_base/share/wifi_map_base/package.xml
