[1.023s] Invoking command in '/home/GTL/mgaddam/CS7630/ros2_ws/build/wpa_cli_msgs': CMAKE_PREFIX_PATH=${CMAKE_PREFIX_PATH}:/home/GTL/mgaddam/CS7630/ros2_ws/install/wpa_cli:/home/GTL/mgaddam/CS7630/ros2_ws/install/vrep_ros_teleop:/home/GTL/mgaddam/CS7630/ros2_ws/install/task_manager_client_py:/home/GTL/mgaddam/CS7630/ros2_ws/install/ar_slam_base:/home/GTL/mgaddam/CS7630/ros2_ws/install/ar_loc_base:/home/GTL/mgaddam/CS7630/ros2_ws/install/rover_driver_base:/home/GTL/mgaddam/CS7630/ros2_ws/install/keyboard_teleop:/home/GTL/mgaddam/CS7630/ros2_ws/install/face_detect_base:/home/GTL/mgaddam/CS7630/ros2_ws/install/button_server:/home/GTL/mgaddam/CS7630/ros2_ws/install/ar_mapping_base:/opt/ros/humble /usr/bin/cmake --build /home/GTL/mgaddam/CS7630/ros2_ws/build/wpa_cli_msgs -- -j16 -l16
[1.976s] [  5%] Built target wpa_cli_msgs__cpp
[1.976s] [ 12%] Built target wpa_cli_msgs__rosidl_generator_c
[1.976s] [ 58%] Built target wpa_cli_msgs__rosidl_typesupport_fastrtps_cpp
[1.976s] [ 58%] Built target wpa_cli_msgs__rosidl_typesupport_introspection_cpp
[1.976s] [ 66%] Built target wpa_cli_msgs__rosidl_typesupport_cpp
[1.976s] [ 74%] Built target wpa_cli_msgs__rosidl_typesupport_c
[1.976s] [ 74%] Built target wpa_cli_msgs__rosidl_typesupport_fastrtps_c
[1.976s] [ 74%] Built target wpa_cli_msgs__rosidl_typesupport_introspection_c
[1.976s] [ 74%] Built target ament_cmake_python_copy_wpa_cli_msgs
[1.976s] [ 74%] Built target wpa_cli_msgs
[1.976s] [ 76%] Built target wpa_cli_msgs__py
[1.976s] [ 84%] Built target wpa_cli_msgs__rosidl_generator_py
[1.976s] [100%] Built target wpa_cli_msgs__rosidl_typesupport_c__pyext
[1.976s] [100%] Built target wpa_cli_msgs__rosidl_typesupport_fastrtps_c__pyext
[1.976s] [100%] Built target wpa_cli_msgs__rosidl_typesupport_introspection_c__pyext
[1.976s] running egg_info
[1.976s] writing wpa_cli_msgs.egg-info/PKG-INFO
[1.976s] writing dependency_links to wpa_cli_msgs.egg-info/dependency_links.txt
[1.976s] writing top-level names to wpa_cli_msgs.egg-info/top_level.txt
[1.976s] reading manifest file 'wpa_cli_msgs.egg-info/SOURCES.txt'
[1.976s] writing manifest file 'wpa_cli_msgs.egg-info/SOURCES.txt'
[1.976s] [100%] Built target ament_cmake_python_build_wpa_cli_msgs_egg
[2.332s] Invoked command in '/home/GTL/mgaddam/CS7630/ros2_ws/build/wpa_cli_msgs' returned '0': CMAKE_PREFIX_PATH=${CMAKE_PREFIX_PATH}:/home/GTL/mgaddam/CS7630/ros2_ws/install/wpa_cli:/home/GTL/mgaddam/CS7630/ros2_ws/install/vrep_ros_teleop:/home/GTL/mgaddam/CS7630/ros2_ws/install/task_manager_client_py:/home/GTL/mgaddam/CS7630/ros2_ws/install/ar_slam_base:/home/GTL/mgaddam/CS7630/ros2_ws/install/ar_loc_base:/home/GTL/mgaddam/CS7630/ros2_ws/install/rover_driver_base:/home/GTL/mgaddam/CS7630/ros2_ws/install/keyboard_teleop:/home/GTL/mgaddam/CS7630/ros2_ws/install/face_detect_base:/home/GTL/mgaddam/CS7630/ros2_ws/install/button_server:/home/GTL/mgaddam/CS7630/ros2_ws/install/ar_mapping_base:/opt/ros/humble /usr/bin/cmake --build /home/GTL/mgaddam/CS7630/ros2_ws/build/wpa_cli_msgs -- -j16 -l16
[2.407s] Invoking command in '/home/GTL/mgaddam/CS7630/ros2_ws/build/wpa_cli_msgs': CMAKE_PREFIX_PATH=${CMAKE_PREFIX_PATH}:/home/GTL/mgaddam/CS7630/ros2_ws/install/wpa_cli:/home/GTL/mgaddam/CS7630/ros2_ws/install/vrep_ros_teleop:/home/GTL/mgaddam/CS7630/ros2_ws/install/task_manager_client_py:/home/GTL/mgaddam/CS7630/ros2_ws/install/ar_slam_base:/home/GTL/mgaddam/CS7630/ros2_ws/install/ar_loc_base:/home/GTL/mgaddam/CS7630/ros2_ws/install/rover_driver_base:/home/GTL/mgaddam/CS7630/ros2_ws/install/keyboard_teleop:/home/GTL/mgaddam/CS7630/ros2_ws/install/face_detect_base:/home/GTL/mgaddam/CS7630/ros2_ws/install/button_server:/home/GTL/mgaddam/CS7630/ros2_ws/install/ar_mapping_base:/opt/ros/humble /usr/bin/cmake --install /home/GTL/mgaddam/CS7630/ros2_ws/build/wpa_cli_msgs
[2.413s] -- Install configuration: ""
[2.413s] -- Up-to-date: /home/GTL/mgaddam/CS7630/ros2_ws/install/wpa_cli_msgs/share/ament_index/resource_index/rosidl_interfaces/wpa_cli_msgs
[2.414s] -- Up-to-date: /home/GTL/mgaddam/CS7630/ros2_ws/install/wpa_cli_msgs/include/wpa_cli_msgs/wpa_cli_msgs
[2.414s] -- Up-to-date: /home/GTL/mgaddam/CS7630/ros2_ws/install/wpa_cli_msgs/include/wpa_cli_msgs/wpa_cli_msgs/msg
[2.414s] -- Up-to-date: /home/GTL/mgaddam/CS7630/ros2_ws/install/wpa_cli_msgs/include/wpa_cli_msgs/wpa_cli_msgs/msg/detail
[2.414s] -- Up-to-date: /home/GTL/mgaddam/CS7630/ros2_ws/install/wpa_cli_msgs/include/wpa_cli_msgs/wpa_cli_msgs/msg/detail/network__functions.h
[2.415s] -- Up-to-date: /home/GTL/mgaddam/CS7630/ros2_ws/install/wpa_cli_msgs/include/wpa_cli_msgs/wpa_cli_msgs/msg/detail/network__type_support.h
[2.415s] -- Up-to-date: /home/GTL/mgaddam/CS7630/ros2_ws/install/wpa_cli_msgs/include/wpa_cli_msgs/wpa_cli_msgs/msg/detail/scan__struct.h
[2.415s] -- Up-to-date: /home/GTL/mgaddam/CS7630/ros2_ws/install/wpa_cli_msgs/include/wpa_cli_msgs/wpa_cli_msgs/msg/detail/scan__type_support.h
[2.415s] -- Up-to-date: /home/GTL/mgaddam/CS7630/ros2_ws/install/wpa_cli_msgs/include/wpa_cli_msgs/wpa_cli_msgs/msg/detail/scan__functions.c
[2.415s] -- Up-to-date: /home/GTL/mgaddam/CS7630/ros2_ws/install/wpa_cli_msgs/include/wpa_cli_msgs/wpa_cli_msgs/msg/detail/scan__functions.h
[2.416s] -- Up-to-date: /home/GTL/mgaddam/CS7630/ros2_ws/install/wpa_cli_msgs/include/wpa_cli_msgs/wpa_cli_msgs/msg/detail/network__functions.c
[2.416s] -- Up-to-date: /home/GTL/mgaddam/CS7630/ros2_ws/install/wpa_cli_msgs/include/wpa_cli_msgs/wpa_cli_msgs/msg/detail/network__struct.h
[2.416s] -- Up-to-date: /home/GTL/mgaddam/CS7630/ros2_ws/install/wpa_cli_msgs/include/wpa_cli_msgs/wpa_cli_msgs/msg/rosidl_generator_c__visibility_control.h
[2.416s] -- Up-to-date: /home/GTL/mgaddam/CS7630/ros2_ws/install/wpa_cli_msgs/include/wpa_cli_msgs/wpa_cli_msgs/msg/scan.h
[2.416s] -- Up-to-date: /home/GTL/mgaddam/CS7630/ros2_ws/install/wpa_cli_msgs/include/wpa_cli_msgs/wpa_cli_msgs/msg/network.h
[2.416s] -- Up-to-date: /home/GTL/mgaddam/CS7630/ros2_ws/install/wpa_cli_msgs/share/wpa_cli_msgs/environment/library_path.sh
[2.417s] -- Up-to-date: /home/GTL/mgaddam/CS7630/ros2_ws/install/wpa_cli_msgs/share/wpa_cli_msgs/environment/library_path.dsv
[2.417s] -- Up-to-date: /home/GTL/mgaddam/CS7630/ros2_ws/install/wpa_cli_msgs/lib/libwpa_cli_msgs__rosidl_generator_c.so
[2.417s] -- Up-to-date: /home/GTL/mgaddam/CS7630/ros2_ws/install/wpa_cli_msgs/include/wpa_cli_msgs/wpa_cli_msgs
[2.418s] -- Up-to-date: /home/GTL/mgaddam/CS7630/ros2_ws/install/wpa_cli_msgs/include/wpa_cli_msgs/wpa_cli_msgs/msg
[2.418s] -- Up-to-date: /home/GTL/mgaddam/CS7630/ros2_ws/install/wpa_cli_msgs/include/wpa_cli_msgs/wpa_cli_msgs/msg/detail
[2.418s] -- Up-to-date: /home/GTL/mgaddam/CS7630/ros2_ws/install/wpa_cli_msgs/include/wpa_cli_msgs/wpa_cli_msgs/msg/detail/network__rosidl_typesupport_fastrtps_c.h
[2.418s] -- Up-to-date: /home/GTL/mgaddam/CS7630/ros2_ws/install/wpa_cli_msgs/include/wpa_cli_msgs/wpa_cli_msgs/msg/detail/scan__rosidl_typesupport_fastrtps_c.h
[2.419s] -- Up-to-date: /home/GTL/mgaddam/CS7630/ros2_ws/install/wpa_cli_msgs/include/wpa_cli_msgs/wpa_cli_msgs/msg/rosidl_typesupport_fastrtps_c__visibility_control.h
[2.419s] -- Up-to-date: /home/GTL/mgaddam/CS7630/ros2_ws/install/wpa_cli_msgs/lib/libwpa_cli_msgs__rosidl_typesupport_fastrtps_c.so
[2.421s] -- Up-to-date: /home/GTL/mgaddam/CS7630/ros2_ws/install/wpa_cli_msgs/include/wpa_cli_msgs/wpa_cli_msgs
[2.422s] -- Up-to-date: /home/GTL/mgaddam/CS7630/ros2_ws/install/wpa_cli_msgs/include/wpa_cli_msgs/wpa_cli_msgs/msg
[2.423s] -- Up-to-date: /home/GTL/mgaddam/CS7630/ros2_ws/install/wpa_cli_msgs/include/wpa_cli_msgs/wpa_cli_msgs/msg/detail
[2.423s] -- Up-to-date: /home/GTL/mgaddam/CS7630/ros2_ws/install/wpa_cli_msgs/include/wpa_cli_msgs/wpa_cli_msgs/msg/detail/scan__builder.hpp
[2.424s] -- Up-to-date: /home/GTL/mgaddam/CS7630/ros2_ws/install/wpa_cli_msgs/include/wpa_cli_msgs/wpa_cli_msgs/msg/detail/scan__struct.hpp
[2.424s] -- Up-to-date: /home/GTL/mgaddam/CS7630/ros2_ws/install/wpa_cli_msgs/include/wpa_cli_msgs/wpa_cli_msgs/msg/detail/network__traits.hpp
[2.424s] -- Up-to-date: /home/GTL/mgaddam/CS7630/ros2_ws/install/wpa_cli_msgs/include/wpa_cli_msgs/wpa_cli_msgs/msg/detail/network__struct.hpp
[2.424s] -- Up-to-date: /home/GTL/mgaddam/CS7630/ros2_ws/install/wpa_cli_msgs/include/wpa_cli_msgs/wpa_cli_msgs/msg/detail/network__builder.hpp
[2.425s] -- Up-to-date: /home/GTL/mgaddam/CS7630/ros2_ws/install/wpa_cli_msgs/include/wpa_cli_msgs/wpa_cli_msgs/msg/detail/scan__traits.hpp
[2.425s] -- Up-to-date: /home/GTL/mgaddam/CS7630/ros2_ws/install/wpa_cli_msgs/include/wpa_cli_msgs/wpa_cli_msgs/msg/scan.hpp
[2.425s] -- Up-to-date: /home/GTL/mgaddam/CS7630/ros2_ws/install/wpa_cli_msgs/include/wpa_cli_msgs/wpa_cli_msgs/msg/network.hpp
[2.425s] -- Up-to-date: /home/GTL/mgaddam/CS7630/ros2_ws/install/wpa_cli_msgs/include/wpa_cli_msgs/wpa_cli_msgs
[2.426s] -- Up-to-date: /home/GTL/mgaddam/CS7630/ros2_ws/install/wpa_cli_msgs/include/wpa_cli_msgs/wpa_cli_msgs/msg
[2.427s] -- Up-to-date: /home/GTL/mgaddam/CS7630/ros2_ws/install/wpa_cli_msgs/include/wpa_cli_msgs/wpa_cli_msgs/msg/detail
[2.428s] -- Up-to-date: /home/GTL/mgaddam/CS7630/ros2_ws/install/wpa_cli_msgs/include/wpa_cli_msgs/wpa_cli_msgs/msg/detail/scan__rosidl_typesupport_fastrtps_cpp.hpp
[2.428s] -- Up-to-date: /home/GTL/mgaddam/CS7630/ros2_ws/install/wpa_cli_msgs/include/wpa_cli_msgs/wpa_cli_msgs/msg/detail/dds_fastrtps
[2.428s] -- Up-to-date: /home/GTL/mgaddam/CS7630/ros2_ws/install/wpa_cli_msgs/include/wpa_cli_msgs/wpa_cli_msgs/msg/detail/network__rosidl_typesupport_fastrtps_cpp.hpp
[2.429s] -- Up-to-date: /home/GTL/mgaddam/CS7630/ros2_ws/install/wpa_cli_msgs/include/wpa_cli_msgs/wpa_cli_msgs/msg/rosidl_typesupport_fastrtps_cpp__visibility_control.h
[2.429s] -- Up-to-date: /home/GTL/mgaddam/CS7630/ros2_ws/install/wpa_cli_msgs/lib/libwpa_cli_msgs__rosidl_typesupport_fastrtps_cpp.so
[2.431s] -- Up-to-date: /home/GTL/mgaddam/CS7630/ros2_ws/install/wpa_cli_msgs/include/wpa_cli_msgs/wpa_cli_msgs
[2.432s] -- Up-to-date: /home/GTL/mgaddam/CS7630/ros2_ws/install/wpa_cli_msgs/include/wpa_cli_msgs/wpa_cli_msgs/msg
[2.433s] -- Up-to-date: /home/GTL/mgaddam/CS7630/ros2_ws/install/wpa_cli_msgs/include/wpa_cli_msgs/wpa_cli_msgs/msg/detail
[2.433s] -- Up-to-date: /home/GTL/mgaddam/CS7630/ros2_ws/install/wpa_cli_msgs/include/wpa_cli_msgs/wpa_cli_msgs/msg/detail/network__rosidl_typesupport_introspection_c.h
[2.434s] -- Up-to-date: /home/GTL/mgaddam/CS7630/ros2_ws/install/wpa_cli_msgs/include/wpa_cli_msgs/wpa_cli_msgs/msg/detail/scan__type_support.c
[2.434s] -- Up-to-date: /home/GTL/mgaddam/CS7630/ros2_ws/install/wpa_cli_msgs/include/wpa_cli_msgs/wpa_cli_msgs/msg/detail/network__type_support.c
[2.434s] -- Up-to-date: /home/GTL/mgaddam/CS7630/ros2_ws/install/wpa_cli_msgs/include/wpa_cli_msgs/wpa_cli_msgs/msg/detail/scan__rosidl_typesupport_introspection_c.h
[2.434s] -- Up-to-date: /home/GTL/mgaddam/CS7630/ros2_ws/install/wpa_cli_msgs/include/wpa_cli_msgs/wpa_cli_msgs/msg/rosidl_typesupport_introspection_c__visibility_control.h
[2.435s] -- Up-to-date: /home/GTL/mgaddam/CS7630/ros2_ws/install/wpa_cli_msgs/lib/libwpa_cli_msgs__rosidl_typesupport_introspection_c.so
[2.437s] -- Up-to-date: /home/GTL/mgaddam/CS7630/ros2_ws/install/wpa_cli_msgs/lib/libwpa_cli_msgs__rosidl_typesupport_c.so
[2.438s] -- Up-to-date: /home/GTL/mgaddam/CS7630/ros2_ws/install/wpa_cli_msgs/include/wpa_cli_msgs/wpa_cli_msgs
[2.439s] -- Up-to-date: /home/GTL/mgaddam/CS7630/ros2_ws/install/wpa_cli_msgs/include/wpa_cli_msgs/wpa_cli_msgs/msg
[2.439s] -- Up-to-date: /home/GTL/mgaddam/CS7630/ros2_ws/install/wpa_cli_msgs/include/wpa_cli_msgs/wpa_cli_msgs/msg/detail
[2.440s] -- Up-to-date: /home/GTL/mgaddam/CS7630/ros2_ws/install/wpa_cli_msgs/include/wpa_cli_msgs/wpa_cli_msgs/msg/detail/network__rosidl_typesupport_introspection_cpp.hpp
[2.441s] -- Up-to-date: /home/GTL/mgaddam/CS7630/ros2_ws/install/wpa_cli_msgs/include/wpa_cli_msgs/wpa_cli_msgs/msg/detail/scan__rosidl_typesupport_introspection_cpp.hpp
[2.441s] -- Up-to-date: /home/GTL/mgaddam/CS7630/ros2_ws/install/wpa_cli_msgs/include/wpa_cli_msgs/wpa_cli_msgs/msg/detail/network__type_support.cpp
[2.441s] -- Up-to-date: /home/GTL/mgaddam/CS7630/ros2_ws/install/wpa_cli_msgs/include/wpa_cli_msgs/wpa_cli_msgs/msg/detail/scan__type_support.cpp
[2.443s] -- Up-to-date: /home/GTL/mgaddam/CS7630/ros2_ws/install/wpa_cli_msgs/lib/libwpa_cli_msgs__rosidl_typesupport_introspection_cpp.so
[2.447s] -- Up-to-date: /home/GTL/mgaddam/CS7630/ros2_ws/install/wpa_cli_msgs/lib/libwpa_cli_msgs__rosidl_typesupport_cpp.so
[2.449s] -- Up-to-date: /home/GTL/mgaddam/CS7630/ros2_ws/install/wpa_cli_msgs/share/wpa_cli_msgs/environment/pythonpath.sh
[2.449s] -- Up-to-date: /home/GTL/mgaddam/CS7630/ros2_ws/install/wpa_cli_msgs/share/wpa_cli_msgs/environment/pythonpath.dsv
[2.450s] -- Up-to-date: /home/GTL/mgaddam/CS7630/ros2_ws/install/wpa_cli_msgs/local/lib/python3.10/dist-packages/wpa_cli_msgs-0.0.0-py3.10.egg-info
[2.450s] -- Installing: /home/GTL/mgaddam/CS7630/ros2_ws/install/wpa_cli_msgs/local/lib/python3.10/dist-packages/wpa_cli_msgs-0.0.0-py3.10.egg-info/dependency_links.txt
[2.455s] -- Installing: /home/GTL/mgaddam/CS7630/ros2_ws/install/wpa_cli_msgs/local/lib/python3.10/dist-packages/wpa_cli_msgs-0.0.0-py3.10.egg-info/top_level.txt
[2.458s] -- Installing: /home/GTL/mgaddam/CS7630/ros2_ws/install/wpa_cli_msgs/local/lib/python3.10/dist-packages/wpa_cli_msgs-0.0.0-py3.10.egg-info/PKG-INFO
[2.463s] -- Installing: /home/GTL/mgaddam/CS7630/ros2_ws/install/wpa_cli_msgs/local/lib/python3.10/dist-packages/wpa_cli_msgs-0.0.0-py3.10.egg-info/SOURCES.txt
[2.467s] -- Up-to-date: /home/GTL/mgaddam/CS7630/ros2_ws/install/wpa_cli_msgs/local/lib/python3.10/dist-packages/wpa_cli_msgs
[2.468s] -- Up-to-date: /home/GTL/mgaddam/CS7630/ros2_ws/install/wpa_cli_msgs/local/lib/python3.10/dist-packages/wpa_cli_msgs/wpa_cli_msgs_s__rosidl_typesupport_introspection_c.cpython-310-x86_64-linux-gnu.so
[2.468s] -- Up-to-date: /home/GTL/mgaddam/CS7630/ros2_ws/install/wpa_cli_msgs/local/lib/python3.10/dist-packages/wpa_cli_msgs/_wpa_cli_msgs_s.ep.rosidl_typesupport_introspection_c.c
[2.469s] -- Up-to-date: /home/GTL/mgaddam/CS7630/ros2_ws/install/wpa_cli_msgs/local/lib/python3.10/dist-packages/wpa_cli_msgs/msg
[2.469s] -- Up-to-date: /home/GTL/mgaddam/CS7630/ros2_ws/install/wpa_cli_msgs/local/lib/python3.10/dist-packages/wpa_cli_msgs/msg/_scan.py
[2.470s] -- Up-to-date: /home/GTL/mgaddam/CS7630/ros2_ws/install/wpa_cli_msgs/local/lib/python3.10/dist-packages/wpa_cli_msgs/msg/__init__.py
[2.470s] -- Up-to-date: /home/GTL/mgaddam/CS7630/ros2_ws/install/wpa_cli_msgs/local/lib/python3.10/dist-packages/wpa_cli_msgs/msg/_network_s.c
[2.470s] -- Up-to-date: /home/GTL/mgaddam/CS7630/ros2_ws/install/wpa_cli_msgs/local/lib/python3.10/dist-packages/wpa_cli_msgs/msg/_scan_s.c
[2.471s] -- Up-to-date: /home/GTL/mgaddam/CS7630/ros2_ws/install/wpa_cli_msgs/local/lib/python3.10/dist-packages/wpa_cli_msgs/msg/_network.py
[2.471s] -- Up-to-date: /home/GTL/mgaddam/CS7630/ros2_ws/install/wpa_cli_msgs/local/lib/python3.10/dist-packages/wpa_cli_msgs/_wpa_cli_msgs_s.ep.rosidl_typesupport_c.c
[2.471s] -- Up-to-date: /home/GTL/mgaddam/CS7630/ros2_ws/install/wpa_cli_msgs/local/lib/python3.10/dist-packages/wpa_cli_msgs/wpa_cli_msgs_s__rosidl_typesupport_fastrtps_c.cpython-310-x86_64-linux-gnu.so
[2.471s] -- Up-to-date: /home/GTL/mgaddam/CS7630/ros2_ws/install/wpa_cli_msgs/local/lib/python3.10/dist-packages/wpa_cli_msgs/libwpa_cli_msgs__rosidl_generator_py.so
[2.471s] -- Up-to-date: /home/GTL/mgaddam/CS7630/ros2_ws/install/wpa_cli_msgs/local/lib/python3.10/dist-packages/wpa_cli_msgs/_wpa_cli_msgs_s.ep.rosidl_typesupport_fastrtps_c.c
[2.472s] -- Up-to-date: /home/GTL/mgaddam/CS7630/ros2_ws/install/wpa_cli_msgs/local/lib/python3.10/dist-packages/wpa_cli_msgs/__init__.py
[2.472s] -- Up-to-date: /home/GTL/mgaddam/CS7630/ros2_ws/install/wpa_cli_msgs/local/lib/python3.10/dist-packages/wpa_cli_msgs/wpa_cli_msgs_s__rosidl_typesupport_c.cpython-310-x86_64-linux-gnu.so
[2.504s] Listing '/home/GTL/mgaddam/CS7630/ros2_ws/install/wpa_cli_msgs/local/lib/python3.10/dist-packages/wpa_cli_msgs'...
[2.504s] Listing '/home/GTL/mgaddam/CS7630/ros2_ws/install/wpa_cli_msgs/local/lib/python3.10/dist-packages/wpa_cli_msgs/msg'...
[2.510s] -- Up-to-date: /home/GTL/mgaddam/CS7630/ros2_ws/install/wpa_cli_msgs/local/lib/python3.10/dist-packages/wpa_cli_msgs/wpa_cli_msgs_s__rosidl_typesupport_fastrtps_c.cpython-310-x86_64-linux-gnu.so
[2.514s] -- Up-to-date: /home/GTL/mgaddam/CS7630/ros2_ws/install/wpa_cli_msgs/local/lib/python3.10/dist-packages/wpa_cli_msgs/wpa_cli_msgs_s__rosidl_typesupport_introspection_c.cpython-310-x86_64-linux-gnu.so
[2.515s] -- Up-to-date: /home/GTL/mgaddam/CS7630/ros2_ws/install/wpa_cli_msgs/local/lib/python3.10/dist-packages/wpa_cli_msgs/wpa_cli_msgs_s__rosidl_typesupport_c.cpython-310-x86_64-linux-gnu.so
[2.517s] -- Up-to-date: /home/GTL/mgaddam/CS7630/ros2_ws/install/wpa_cli_msgs/lib/libwpa_cli_msgs__rosidl_generator_py.so
[2.518s] -- Up-to-date: /home/GTL/mgaddam/CS7630/ros2_ws/install/wpa_cli_msgs/share/wpa_cli_msgs/msg/Network.idl
[2.518s] -- Up-to-date: /home/GTL/mgaddam/CS7630/ros2_ws/install/wpa_cli_msgs/share/wpa_cli_msgs/msg/Scan.idl
[2.519s] -- Up-to-date: /home/GTL/mgaddam/CS7630/ros2_ws/install/wpa_cli_msgs/share/wpa_cli_msgs/msg/Network.msg
[2.519s] -- Up-to-date: /home/GTL/mgaddam/CS7630/ros2_ws/install/wpa_cli_msgs/share/wpa_cli_msgs/msg/Scan.msg
[2.519s] -- Up-to-date: /home/GTL/mgaddam/CS7630/ros2_ws/install/wpa_cli_msgs/share/ament_index/resource_index/package_run_dependencies/wpa_cli_msgs
[2.519s] -- Up-to-date: /home/GTL/mgaddam/CS7630/ros2_ws/install/wpa_cli_msgs/share/ament_index/resource_index/parent_prefix_path/wpa_cli_msgs
[2.519s] -- Up-to-date: /home/GTL/mgaddam/CS7630/ros2_ws/install/wpa_cli_msgs/share/wpa_cli_msgs/environment/ament_prefix_path.sh
[2.519s] -- Up-to-date: /home/GTL/mgaddam/CS7630/ros2_ws/install/wpa_cli_msgs/share/wpa_cli_msgs/environment/ament_prefix_path.dsv
[2.520s] -- Up-to-date: /home/GTL/mgaddam/CS7630/ros2_ws/install/wpa_cli_msgs/share/wpa_cli_msgs/environment/path.sh
[2.520s] -- Up-to-date: /home/GTL/mgaddam/CS7630/ros2_ws/install/wpa_cli_msgs/share/wpa_cli_msgs/environment/path.dsv
[2.521s] -- Up-to-date: /home/GTL/mgaddam/CS7630/ros2_ws/install/wpa_cli_msgs/share/wpa_cli_msgs/local_setup.bash
[2.521s] -- Up-to-date: /home/GTL/mgaddam/CS7630/ros2_ws/install/wpa_cli_msgs/share/wpa_cli_msgs/local_setup.sh
[2.521s] -- Up-to-date: /home/GTL/mgaddam/CS7630/ros2_ws/install/wpa_cli_msgs/share/wpa_cli_msgs/local_setup.zsh
[2.521s] -- Up-to-date: /home/GTL/mgaddam/CS7630/ros2_ws/install/wpa_cli_msgs/share/wpa_cli_msgs/local_setup.dsv
[2.521s] -- Installing: /home/GTL/mgaddam/CS7630/ros2_ws/install/wpa_cli_msgs/share/wpa_cli_msgs/package.dsv
[2.524s] -- Up-to-date: /home/GTL/mgaddam/CS7630/ros2_ws/install/wpa_cli_msgs/share/ament_index/resource_index/packages/wpa_cli_msgs
[2.538s] -- Up-to-date: /home/GTL/mgaddam/CS7630/ros2_ws/install/wpa_cli_msgs/share/wpa_cli_msgs/cmake/export_wpa_cli_msgs__rosidl_generator_cExport.cmake
[2.538s] -- Up-to-date: /home/GTL/mgaddam/CS7630/ros2_ws/install/wpa_cli_msgs/share/wpa_cli_msgs/cmake/export_wpa_cli_msgs__rosidl_generator_cExport-noconfig.cmake
[2.538s] -- Up-to-date: /home/GTL/mgaddam/CS7630/ros2_ws/install/wpa_cli_msgs/share/wpa_cli_msgs/cmake/export_wpa_cli_msgs__rosidl_typesupport_fastrtps_cExport.cmake
[2.538s] -- Up-to-date: /home/GTL/mgaddam/CS7630/ros2_ws/install/wpa_cli_msgs/share/wpa_cli_msgs/cmake/export_wpa_cli_msgs__rosidl_typesupport_fastrtps_cExport-noconfig.cmake
[2.538s] -- Up-to-date: /home/GTL/mgaddam/CS7630/ros2_ws/install/wpa_cli_msgs/share/wpa_cli_msgs/cmake/export_wpa_cli_msgs__rosidl_generator_cppExport.cmake
[2.538s] -- Up-to-date: /home/GTL/mgaddam/CS7630/ros2_ws/install/wpa_cli_msgs/share/wpa_cli_msgs/cmake/export_wpa_cli_msgs__rosidl_typesupport_fastrtps_cppExport.cmake
[2.538s] -- Up-to-date: /home/GTL/mgaddam/CS7630/ros2_ws/install/wpa_cli_msgs/share/wpa_cli_msgs/cmake/export_wpa_cli_msgs__rosidl_typesupport_fastrtps_cppExport-noconfig.cmake
[2.539s] -- Up-to-date: /home/GTL/mgaddam/CS7630/ros2_ws/install/wpa_cli_msgs/share/wpa_cli_msgs/cmake/wpa_cli_msgs__rosidl_typesupport_introspection_cExport.cmake
[2.539s] -- Up-to-date: /home/GTL/mgaddam/CS7630/ros2_ws/install/wpa_cli_msgs/share/wpa_cli_msgs/cmake/wpa_cli_msgs__rosidl_typesupport_introspection_cExport-noconfig.cmake
[2.539s] -- Up-to-date: /home/GTL/mgaddam/CS7630/ros2_ws/install/wpa_cli_msgs/share/wpa_cli_msgs/cmake/wpa_cli_msgs__rosidl_typesupport_cExport.cmake
[2.539s] -- Up-to-date: /home/GTL/mgaddam/CS7630/ros2_ws/install/wpa_cli_msgs/share/wpa_cli_msgs/cmake/wpa_cli_msgs__rosidl_typesupport_cExport-noconfig.cmake
[2.541s] -- Up-to-date: /home/GTL/mgaddam/CS7630/ros2_ws/install/wpa_cli_msgs/share/wpa_cli_msgs/cmake/wpa_cli_msgs__rosidl_typesupport_introspection_cppExport.cmake
[2.541s] -- Up-to-date: /home/GTL/mgaddam/CS7630/ros2_ws/install/wpa_cli_msgs/share/wpa_cli_msgs/cmake/wpa_cli_msgs__rosidl_typesupport_introspection_cppExport-noconfig.cmake
[2.542s] -- Up-to-date: /home/GTL/mgaddam/CS7630/ros2_ws/install/wpa_cli_msgs/share/wpa_cli_msgs/cmake/wpa_cli_msgs__rosidl_typesupport_cppExport.cmake
[2.542s] -- Up-to-date: /home/GTL/mgaddam/CS7630/ros2_ws/install/wpa_cli_msgs/share/wpa_cli_msgs/cmake/wpa_cli_msgs__rosidl_typesupport_cppExport-noconfig.cmake
[2.543s] -- Up-to-date: /home/GTL/mgaddam/CS7630/ros2_ws/install/wpa_cli_msgs/share/wpa_cli_msgs/cmake/export_wpa_cli_msgs__rosidl_generator_pyExport.cmake
[2.544s] -- Up-to-date: /home/GTL/mgaddam/CS7630/ros2_ws/install/wpa_cli_msgs/share/wpa_cli_msgs/cmake/export_wpa_cli_msgs__rosidl_generator_pyExport-noconfig.cmake
[2.544s] -- Up-to-date: /home/GTL/mgaddam/CS7630/ros2_ws/install/wpa_cli_msgs/share/wpa_cli_msgs/cmake/rosidl_cmake-extras.cmake
[2.544s] -- Up-to-date: /home/GTL/mgaddam/CS7630/ros2_ws/install/wpa_cli_msgs/share/wpa_cli_msgs/cmake/ament_cmake_export_dependencies-extras.cmake
[2.545s] -- Up-to-date: /home/GTL/mgaddam/CS7630/ros2_ws/install/wpa_cli_msgs/share/wpa_cli_msgs/cmake/ament_cmake_export_include_directories-extras.cmake
[2.545s] -- Up-to-date: /home/GTL/mgaddam/CS7630/ros2_ws/install/wpa_cli_msgs/share/wpa_cli_msgs/cmake/ament_cmake_export_libraries-extras.cmake
[2.546s] -- Up-to-date: /home/GTL/mgaddam/CS7630/ros2_ws/install/wpa_cli_msgs/share/wpa_cli_msgs/cmake/ament_cmake_export_targets-extras.cmake
[2.546s] -- Up-to-date: /home/GTL/mgaddam/CS7630/ros2_ws/install/wpa_cli_msgs/share/wpa_cli_msgs/cmake/rosidl_cmake_export_typesupport_targets-extras.cmake
[2.546s] -- Up-to-date: /home/GTL/mgaddam/CS7630/ros2_ws/install/wpa_cli_msgs/share/wpa_cli_msgs/cmake/rosidl_cmake_export_typesupport_libraries-extras.cmake
[2.547s] -- Up-to-date: /home/GTL/mgaddam/CS7630/ros2_ws/install/wpa_cli_msgs/share/wpa_cli_msgs/cmake/wpa_cli_msgsConfig.cmake
[2.547s] -- Up-to-date: /home/GTL/mgaddam/CS7630/ros2_ws/install/wpa_cli_msgs/share/wpa_cli_msgs/cmake/wpa_cli_msgsConfig-version.cmake
[2.547s] -- Up-to-date: /home/GTL/mgaddam/CS7630/ros2_ws/install/wpa_cli_msgs/share/wpa_cli_msgs/package.xml
[2.844s] Invoked command in '/home/GTL/mgaddam/CS7630/ros2_ws/build/wpa_cli_msgs' returned '0': CMAKE_PREFIX_PATH=${CMAKE_PREFIX_PATH}:/home/GTL/mgaddam/CS7630/ros2_ws/install/wpa_cli:/home/GTL/mgaddam/CS7630/ros2_ws/install/vrep_ros_teleop:/home/GTL/mgaddam/CS7630/ros2_ws/install/task_manager_client_py:/home/GTL/mgaddam/CS7630/ros2_ws/install/ar_slam_base:/home/GTL/mgaddam/CS7630/ros2_ws/install/ar_loc_base:/home/GTL/mgaddam/CS7630/ros2_ws/install/rover_driver_base:/home/GTL/mgaddam/CS7630/ros2_ws/install/keyboard_teleop:/home/GTL/mgaddam/CS7630/ros2_ws/install/face_detect_base:/home/GTL/mgaddam/CS7630/ros2_ws/install/button_server:/home/GTL/mgaddam/CS7630/ros2_ws/install/ar_mapping_base:/opt/ros/humble /usr/bin/cmake --install /home/GTL/mgaddam/CS7630/ros2_ws/build/wpa_cli_msgs
