[1.938s] Invoking command in '/home/GTL/mgaddam/CS7630/ros2_ws/src/vrep_ros_teleop': PYTHONPATH=/home/GTL/mgaddam/CS7630/ros2_ws/src/build/vrep_ros_teleop/prefix_override:/home/GTL/mgaddam/CS7630/ros2_ws/src/install/vrep_ros_teleop/lib/python3.10/site-packages:${PYTHONPATH} /usr/bin/python3 setup.py egg_info --egg-base ../build/vrep_ros_teleop build --build-base /home/GTL/mgaddam/CS7630/ros2_ws/src/build/vrep_ros_teleop/build install --record /home/GTL/mgaddam/CS7630/ros2_ws/src/build/vrep_ros_teleop/install.log --single-version-externally-managed
[2.127s] running egg_info
[2.128s] writing ../build/vrep_ros_teleop/vrep_ros_teleop.egg-info/PKG-INFO
[2.130s] writing dependency_links to ../build/vrep_ros_teleop/vrep_ros_teleop.egg-info/dependency_links.txt
[2.131s] writing entry points to ../build/vrep_ros_teleop/vrep_ros_teleop.egg-info/entry_points.txt
[2.132s] writing requirements to ../build/vrep_ros_teleop/vrep_ros_teleop.egg-info/requires.txt
[2.133s] writing top-level names to ../build/vrep_ros_teleop/vrep_ros_teleop.egg-info/top_level.txt
[2.140s] reading manifest file '../build/vrep_ros_teleop/vrep_ros_teleop.egg-info/SOURCES.txt'
[2.142s] writing manifest file '../build/vrep_ros_teleop/vrep_ros_teleop.egg-info/SOURCES.txt'
[2.143s] running build
[2.143s] running build_py
[2.145s] running install
[2.145s] /usr/lib/python3/dist-packages/setuptools/command/install.py:34: SetuptoolsDeprecationWarning: setup.py install is deprecated. Use build and pip and other standards-based tools.
[2.145s]   warnings.warn(
[2.145s] running install_lib
[2.148s] running install_data
[2.150s] running install_egg_info
[2.151s] removing '/home/GTL/mgaddam/CS7630/ros2_ws/src/install/vrep_ros_teleop/lib/python3.10/site-packages/vrep_ros_teleop-0.0.0-py3.10.egg-info' (and everything under it)
[2.154s] Copying ../build/vrep_ros_teleop/vrep_ros_teleop.egg-info to /home/GTL/mgaddam/CS7630/ros2_ws/src/install/vrep_ros_teleop/lib/python3.10/site-packages/vrep_ros_teleop-0.0.0-py3.10.egg-info
[2.183s] running install_scripts
[2.198s] Installing teleop_mux_node script to /home/GTL/mgaddam/CS7630/ros2_ws/src/install/vrep_ros_teleop/lib/vrep_ros_teleop
[2.206s] Installing teleop_node script to /home/GTL/mgaddam/CS7630/ros2_ws/src/install/vrep_ros_teleop/lib/vrep_ros_teleop
[2.206s] writing list of installed files to '/home/GTL/mgaddam/CS7630/ros2_ws/src/build/vrep_ros_teleop/install.log'
[2.788s] Invoked command in '/home/GTL/mgaddam/CS7630/ros2_ws/src/vrep_ros_teleop' returned '0': PYTHONPATH=/home/GTL/mgaddam/CS7630/ros2_ws/src/build/vrep_ros_teleop/prefix_override:/home/GTL/mgaddam/CS7630/ros2_ws/src/install/vrep_ros_teleop/lib/python3.10/site-packages:${PYTHONPATH} /usr/bin/python3 setup.py egg_info --egg-base ../build/vrep_ros_teleop build --build-base /home/GTL/mgaddam/CS7630/ros2_ws/src/build/vrep_ros_teleop/build install --record /home/GTL/mgaddam/CS7630/ros2_ws/src/build/vrep_ros_teleop/install.log --single-version-externally-managed
