running egg_info
writing ../build/ar_loc_base/ar_loc_base.egg-info/PKG-INFO
writing dependency_links to ../build/ar_loc_base/ar_loc_base.egg-info/dependency_links.txt
writing entry points to ../build/ar_loc_base/ar_loc_base.egg-info/entry_points.txt
writing requirements to ../build/ar_loc_base/ar_loc_base.egg-info/requires.txt
writing top-level names to ../build/ar_loc_base/ar_loc_base.egg-info/top_level.txt
reading manifest file '../build/ar_loc_base/ar_loc_base.egg-info/SOURCES.txt'
writing manifest file '../build/ar_loc_base/ar_loc_base.egg-info/SOURCES.txt'
running build
running build_py
copying ar_loc_base/rover_kf.py -> /home/GTL/mgaddam/CS7630/ros2_ws/src/build/ar_loc_base/build/lib/ar_loc_base
running install
running install_lib
copying /home/GTL/mgaddam/CS7630/ros2_ws/src/build/ar_loc_base/build/lib/ar_loc_base/rover_kf.py -> /home/GTL/mgaddam/CS7630/ros2_ws/src/install/ar_loc_base/lib/python3.10/site-packages/ar_loc_base
byte-compiling /home/GTL/mgaddam/CS7630/ros2_ws/src/install/ar_loc_base/lib/python3.10/site-packages/ar_loc_base/rover_kf.py to rover_kf.cpython-310.pyc
running install_data
running install_egg_info
removing '/home/GTL/mgaddam/CS7630/ros2_ws/src/install/ar_loc_base/lib/python3.10/site-packages/ar_loc_base-0.0.0-py3.10.egg-info' (and everything under it)
Copying ../build/ar_loc_base/ar_loc_base.egg-info to /home/GTL/mgaddam/CS7630/ros2_ws/src/install/ar_loc_base/lib/python3.10/site-packages/ar_loc_base-0.0.0-py3.10.egg-info
running install_scripts
Installing ar_loc_node script to /home/GTL/mgaddam/CS7630/ros2_ws/src/install/ar_loc_base/lib/ar_loc_base
writing list of installed files to '/home/GTL/mgaddam/CS7630/ros2_ws/src/build/ar_loc_base/install.log'
