[0.835s] Invoking command in '/home/GTL/mgaddam/CS7630/ros2_ws/src/ar_loc_base': AMENT_PREFIX_PATH=/home/GTL/mgaddam/CS7630/ros2_ws/src/install/rover_driver_base:${AMENT_PREFIX_PATH} PYTHONPATH=/home/GTL/mgaddam/CS7630/ros2_ws/src/build/ar_loc_base/prefix_override:/home/GTL/mgaddam/CS7630/ros2_ws/src/install/ar_loc_base/lib/python3.10/site-packages:/home/GTL/mgaddam/CS7630/ros2_ws/src/install/rover_driver_base/lib/python3.10/site-packages:${PYTHONPATH} /usr/bin/python3 setup.py egg_info --egg-base ../build/ar_loc_base build --build-base /home/GTL/mgaddam/CS7630/ros2_ws/src/build/ar_loc_base/build install --record /home/GTL/mgaddam/CS7630/ros2_ws/src/build/ar_loc_base/install.log --single-version-externally-managed
[1.004s] running egg_info
[1.005s] writing ../build/ar_loc_base/ar_loc_base.egg-info/PKG-INFO
[1.006s] writing dependency_links to ../build/ar_loc_base/ar_loc_base.egg-info/dependency_links.txt
[1.008s] writing entry points to ../build/ar_loc_base/ar_loc_base.egg-info/entry_points.txt
[1.009s] writing requirements to ../build/ar_loc_base/ar_loc_base.egg-info/requires.txt
[1.010s] writing top-level names to ../build/ar_loc_base/ar_loc_base.egg-info/top_level.txt
[1.014s] reading manifest file '../build/ar_loc_base/ar_loc_base.egg-info/SOURCES.txt'
[1.016s] writing manifest file '../build/ar_loc_base/ar_loc_base.egg-info/SOURCES.txt'
[1.017s] running build
[1.017s] running build_py
[1.017s] copying ar_loc_base/rover_kf.py -> /home/GTL/mgaddam/CS7630/ros2_ws/src/build/ar_loc_base/build/lib/ar_loc_base
[1.020s] running install
[1.020s] /usr/lib/python3/dist-packages/setuptools/command/install.py:34: SetuptoolsDeprecationWarning: setup.py install is deprecated. Use build and pip and other standards-based tools.
[1.020s]   warnings.warn(
[1.020s] running install_lib
[1.022s] copying /home/GTL/mgaddam/CS7630/ros2_ws/src/build/ar_loc_base/build/lib/ar_loc_base/rover_kf.py -> /home/GTL/mgaddam/CS7630/ros2_ws/src/install/ar_loc_base/lib/python3.10/site-packages/ar_loc_base
[1.024s] byte-compiling /home/GTL/mgaddam/CS7630/ros2_ws/src/install/ar_loc_base/lib/python3.10/site-packages/ar_loc_base/rover_kf.py to rover_kf.cpython-310.pyc
[1.029s] running install_data
[1.030s] running install_egg_info
[1.031s] removing '/home/GTL/mgaddam/CS7630/ros2_ws/src/install/ar_loc_base/lib/python3.10/site-packages/ar_loc_base-0.0.0-py3.10.egg-info' (and everything under it)
[1.037s] Copying ../build/ar_loc_base/ar_loc_base.egg-info to /home/GTL/mgaddam/CS7630/ros2_ws/src/install/ar_loc_base/lib/python3.10/site-packages/ar_loc_base-0.0.0-py3.10.egg-info
[1.054s] running install_scripts
[1.069s] Installing ar_loc_node script to /home/GTL/mgaddam/CS7630/ros2_ws/src/install/ar_loc_base/lib/ar_loc_base
[1.073s] writing list of installed files to '/home/GTL/mgaddam/CS7630/ros2_ws/src/build/ar_loc_base/install.log'
[1.154s] Invoked command in '/home/GTL/mgaddam/CS7630/ros2_ws/src/ar_loc_base' returned '0': AMENT_PREFIX_PATH=/home/GTL/mgaddam/CS7630/ros2_ws/src/install/rover_driver_base:${AMENT_PREFIX_PATH} PYTHONPATH=/home/GTL/mgaddam/CS7630/ros2_ws/src/build/ar_loc_base/prefix_override:/home/GTL/mgaddam/CS7630/ros2_ws/src/install/ar_loc_base/lib/python3.10/site-packages:/home/GTL/mgaddam/CS7630/ros2_ws/src/install/rover_driver_base/lib/python3.10/site-packages:${PYTHONPATH} /usr/bin/python3 setup.py egg_info --egg-base ../build/ar_loc_base build --build-base /home/GTL/mgaddam/CS7630/ros2_ws/src/build/ar_loc_base/build install --record /home/GTL/mgaddam/CS7630/ros2_ws/src/build/ar_loc_base/install.log --single-version-externally-managed
