[  3%] [32mBuilding CXX object CMakeFiles/floornav_task_server.dir/src/task_server.cpp.o[0m
[  6%] [32mBuilding CXX object CMakeFiles/floornav_task_server.dir/src/SimTasksEnv.cpp.o[0m
[  9%] [32m[1mLinking CXX executable floornav_task_server[0m
[  9%] Built target floornav_task_server
[ 22%] [32mBuilding CXX object CMakeFiles/floornav_TaskGoTo.dir/tasks/TaskGoTo.cpp.o[0m
[ 22%] [32mBuilding CXX object CMakeFiles/floornav_TaskWander.dir/tasks/TaskWander.cpp.o[0m
[ 22%] [32mBuilding CXX object CMakeFiles/floornav_TaskWaitForROI.dir/tasks/TaskWaitForROI.cpp.o[0m
[ 29%] [32mBuilding CXX object CMakeFiles/floornav_TaskConstant.dir/tasks/TaskConstant.cpp.o[0m
[ 32%] [32mBuilding CXX object CMakeFiles/floornav_TaskWaitForFace.dir/tasks/TaskWaitForFace.cpp.o[0m
[ 29%] [32mBuilding CXX object CMakeFiles/floornav_TaskPlanTo.dir/tasks/TaskPlanTo.cpp.o[0m
[ 32%] [32mBuilding CXX object CMakeFiles/floornav_TaskAutoDock.dir/tasks/TaskAutoDock.cpp.o[0m
[ 38%] [32mBuilding CXX object CMakeFiles/floornav_TaskStareAtFace.dir/tasks/TaskStareAtFace.cpp.o[0m
[ 38%] [32mBuilding CXX object CMakeFiles/floornav_TaskGoToPose.dir/tasks/TaskGoToPose.cpp.o[0m
[ 41%] [32mBuilding CXX object CMakeFiles/floornav_TaskSetHeading.dir/tasks/TaskSetHeading.cpp.o[0m
[ 48%] [32mBuilding CXX object CMakeFiles/floornav_TaskTrigger.dir/tasks/TaskTrigger.cpp.o[0m
[ 48%] [32mBuilding CXX object CMakeFiles/floornav_TaskSetBool.dir/tasks/TaskSetBool.cpp.o[0m
[ 51%] [32mBuilding CXX object CMakeFiles/floornav_TaskSetMux.dir/tasks/TaskSetMux.cpp.o[0m
[ 54%] [32mBuilding CXX object CMakeFiles/floornav_TaskNav2.dir/tasks/TaskNav2.cpp.o[0m
[01m[K/home/GTL/mgaddam/CS7630/ros2_ws/src/floor_nav/tasks/TaskWaitForFace.cpp:[m[K In member function ‘[01m[Kvirtual task_manager_lib::TaskIndicator floor_nav::TaskWaitForFace::iterate()[m[K’:
[01m[K/home/GTL/mgaddam/CS7630/ros2_ws/src/floor_nav/tasks/TaskWaitForFace.cpp:21:29:[m[K [01;35m[Kwarning: [m[Kcomparison of integer expressions of different signedness: ‘[01m[Kstd::vector<sensor_msgs::msg::RegionOfInterest_<std::allocator<void> >, std::allocator<sensor_msgs::msg::RegionOfInterest_<std::allocator<void> > > >::size_type[m[K’ {aka ‘[01m[Klong unsigned int[m[K’} and ‘[01m[Kint[m[K’ [[01;35m[K]8;;https://gcc.gnu.org/onlinedocs/gcc/Warning-Options.html#index-Wsign-compare-Wsign-compare]8;;[m[K]
   21 |     if ([01;35m[Krois.regions.size() > cfg->num_faces[m[K) {
      |         [01;35m[K~~~~~~~~~~~~~~~~~~~~^~~~~~~~~~~~~~~~[m[K
[01m[K/home/GTL/mgaddam/CS7630/ros2_ws/src/floor_nav/tasks/TaskWaitForFace.cpp:22:27:[m[K [01;35m[Kwarning: [m[Kcomparison of integer expressions of different signedness: ‘[01m[Kint[m[K’ and ‘[01m[Kstd::vector<sensor_msgs::msg::RegionOfInterest_<std::allocator<void> >, std::allocator<sensor_msgs::msg::RegionOfInterest_<std::allocator<void> > > >::size_type[m[K’ {aka ‘[01m[Klong unsigned int[m[K’} [[01;35m[K]8;;https://gcc.gnu.org/onlinedocs/gcc/Warning-Options.html#index-Wsign-compare-Wsign-compare]8;;[m[K]
   22 |         for (int i = 0; [01;35m[Ki < rois.regions.size()[m[K; i++) {
      |                         [01;35m[K~~^~~~~~~~~~~~~~~~~~~~~[m[K
[ 58%] [32m[1mLinking CXX shared library libfloornav_TaskGoToPose.so[0m
[ 61%] [32m[1mLinking CXX shared library libfloornav_TaskSetHeading.so[0m
[ 64%] [32m[1mLinking CXX shared library libfloornav_TaskWaitForROI.so[0m
[ 67%] [32m[1mLinking CXX shared library libfloornav_TaskGoTo.so[0m
[ 70%] [32m[1mLinking CXX shared library libfloornav_TaskConstant.so[0m
[ 74%] [32m[1mLinking CXX shared library libfloornav_TaskWander.so[0m
[ 77%] [32m[1mLinking CXX shared library libfloornav_TaskTrigger.so[0m
[ 80%] [32m[1mLinking CXX shared library libfloornav_TaskSetMux.so[0m
[ 83%] [32m[1mLinking CXX shared library libfloornav_TaskSetBool.so[0m
[ 87%] [32m[1mLinking CXX shared library libfloornav_TaskAutoDock.so[0m
[ 90%] [32m[1mLinking CXX shared library libfloornav_TaskNav2.so[0m
[ 93%] [32m[1mLinking CXX shared library libfloornav_TaskWaitForFace.so[0m
[ 96%] [32m[1mLinking CXX shared library libfloornav_TaskStareAtFace.so[0m
[100%] [32m[1mLinking CXX shared library libfloornav_TaskPlanTo.so[0m
[100%] Built target floornav_TaskGoTo
[100%] Built target floornav_TaskSetHeading
[100%] Built target floornav_TaskWaitForROI
[100%] Built target floornav_TaskConstant
[100%] Built target floornav_TaskGoToPose
[100%] Built target floornav_TaskWander
[100%] Built target floornav_TaskSetMux
[100%] Built target floornav_TaskTrigger
[100%] Built target floornav_TaskSetBool
[100%] Built target floornav_TaskNav2
[100%] Built target floornav_TaskWaitForFace
[100%] Built target floornav_TaskStareAtFace
[100%] Built target floornav_TaskPlanTo
[100%] Built target floornav_TaskAutoDock
-- Install configuration: ""
-- Installing: /home/GTL/mgaddam/CS7630/ros2_ws/src/install/floor_nav/lib/floor_nav/floornav_task_server
-- Set runtime path of "/home/GTL/mgaddam/CS7630/ros2_ws/src/install/floor_nav/lib/floor_nav/floornav_task_server" to ""
-- Installing: /home/GTL/mgaddam/CS7630/ros2_ws/src/install/floor_nav/lib/floor_nav/libfloornav_TaskAutoDock.so
-- Set runtime path of "/home/GTL/mgaddam/CS7630/ros2_ws/src/install/floor_nav/lib/floor_nav/libfloornav_TaskAutoDock.so" to ""
-- Installing: /home/GTL/mgaddam/CS7630/ros2_ws/src/install/floor_nav/lib/floor_nav/libfloornav_TaskWaitForROI.so
-- Set runtime path of "/home/GTL/mgaddam/CS7630/ros2_ws/src/install/floor_nav/lib/floor_nav/libfloornav_TaskWaitForROI.so" to ""
-- Installing: /home/GTL/mgaddam/CS7630/ros2_ws/src/install/floor_nav/lib/floor_nav/libfloornav_TaskWaitForFace.so
-- Set runtime path of "/home/GTL/mgaddam/CS7630/ros2_ws/src/install/floor_nav/lib/floor_nav/libfloornav_TaskWaitForFace.so" to ""
-- Installing: /home/GTL/mgaddam/CS7630/ros2_ws/src/install/floor_nav/lib/floor_nav/libfloornav_TaskWander.so
-- Set runtime path of "/home/GTL/mgaddam/CS7630/ros2_ws/src/install/floor_nav/lib/floor_nav/libfloornav_TaskWander.so" to ""
-- Installing: /home/GTL/mgaddam/CS7630/ros2_ws/src/install/floor_nav/lib/floor_nav/libfloornav_TaskSetHeading.so
-- Set runtime path of "/home/GTL/mgaddam/CS7630/ros2_ws/src/install/floor_nav/lib/floor_nav/libfloornav_TaskSetHeading.so" to ""
-- Installing: /home/GTL/mgaddam/CS7630/ros2_ws/src/install/floor_nav/lib/floor_nav/libfloornav_TaskStareAtFace.so
-- Set runtime path of "/home/GTL/mgaddam/CS7630/ros2_ws/src/install/floor_nav/lib/floor_nav/libfloornav_TaskStareAtFace.so" to ""
-- Installing: /home/GTL/mgaddam/CS7630/ros2_ws/src/install/floor_nav/lib/floor_nav/libfloornav_TaskPlanTo.so
-- Set runtime path of "/home/GTL/mgaddam/CS7630/ros2_ws/src/install/floor_nav/lib/floor_nav/libfloornav_TaskPlanTo.so" to ""
-- Installing: /home/GTL/mgaddam/CS7630/ros2_ws/src/install/floor_nav/lib/floor_nav/libfloornav_TaskGoTo.so
-- Set runtime path of "/home/GTL/mgaddam/CS7630/ros2_ws/src/install/floor_nav/lib/floor_nav/libfloornav_TaskGoTo.so" to ""
-- Installing: /home/GTL/mgaddam/CS7630/ros2_ws/src/install/floor_nav/lib/floor_nav/libfloornav_TaskConstant.so
-- Set runtime path of "/home/GTL/mgaddam/CS7630/ros2_ws/src/install/floor_nav/lib/floor_nav/libfloornav_TaskConstant.so" to ""
-- Installing: /home/GTL/mgaddam/CS7630/ros2_ws/src/install/floor_nav/lib/floor_nav/libfloornav_TaskTrigger.so
-- Set runtime path of "/home/GTL/mgaddam/CS7630/ros2_ws/src/install/floor_nav/lib/floor_nav/libfloornav_TaskTrigger.so" to ""
-- Installing: /home/GTL/mgaddam/CS7630/ros2_ws/src/install/floor_nav/lib/floor_nav/libfloornav_TaskSetBool.so
-- Set runtime path of "/home/GTL/mgaddam/CS7630/ros2_ws/src/install/floor_nav/lib/floor_nav/libfloornav_TaskSetBool.so" to ""
-- Installing: /home/GTL/mgaddam/CS7630/ros2_ws/src/install/floor_nav/lib/floor_nav/libfloornav_TaskSetMux.so
-- Set runtime path of "/home/GTL/mgaddam/CS7630/ros2_ws/src/install/floor_nav/lib/floor_nav/libfloornav_TaskSetMux.so" to ""
-- Installing: /home/GTL/mgaddam/CS7630/ros2_ws/src/install/floor_nav/lib/floor_nav/libfloornav_TaskNav2.so
-- Set runtime path of "/home/GTL/mgaddam/CS7630/ros2_ws/src/install/floor_nav/lib/floor_nav/libfloornav_TaskNav2.so" to ""
-- Installing: /home/GTL/mgaddam/CS7630/ros2_ws/src/install/floor_nav/lib/floor_nav/libfloornav_TaskGoToPose.so
-- Set runtime path of "/home/GTL/mgaddam/CS7630/ros2_ws/src/install/floor_nav/lib/floor_nav/libfloornav_TaskGoToPose.so" to ""
-- Up-to-date: /home/GTL/mgaddam/CS7630/ros2_ws/src/install/floor_nav/share/floor_nav
-- Installing: /home/GTL/mgaddam/CS7630/ros2_ws/src/install/floor_nav/share/floor_nav/launch_server_tb.launch.py
-- Installing: /home/GTL/mgaddam/CS7630/ros2_ws/src/install/floor_nav/share/floor_nav/launch_rover.launch.py
-- Installing: /home/GTL/mgaddam/CS7630/ros2_ws/src/install/floor_nav/share/floor_nav/launch_server_tb.launch
-- Up-to-date: /home/GTL/mgaddam/CS7630/ros2_ws/src/install/floor_nav/share/floor_nav/__pycache__
-- Installing: /home/GTL/mgaddam/CS7630/ros2_ws/src/install/floor_nav/share/floor_nav/__pycache__/launch_server_tb.launch.cpython-310.pyc
-- Installing: /home/GTL/mgaddam/CS7630/ros2_ws/src/install/floor_nav/share/floor_nav/launch_server.launch
-- Installing: /home/GTL/mgaddam/CS7630/ros2_ws/src/install/floor_nav/lib/floor_nav/graph_forever.py
-- Installing: /home/GTL/mgaddam/CS7630/ros2_ws/src/install/floor_nav/lib/floor_nav/test_goto.py
-- Installing: /home/GTL/mgaddam/CS7630/ros2_ws/src/install/floor_nav/lib/floor_nav/test_goto_pose.py
-- Installing: /home/GTL/mgaddam/CS7630/ros2_ws/src/install/floor_nav/lib/floor_nav/test_graph_2d.py
-- Installing: /home/GTL/mgaddam/CS7630/ros2_ws/src/install/floor_nav/lib/floor_nav/test_graph.py
-- Installing: /home/GTL/mgaddam/CS7630/ros2_ws/src/install/floor_nav/lib/floor_nav/test_graph-test.py
-- Installing: /home/GTL/mgaddam/CS7630/ros2_ws/src/install/floor_nav/lib/floor_nav/test_planto.py
-- Installing: /home/GTL/mgaddam/CS7630/ros2_ws/src/install/floor_nav/lib/floor_nav/test_set_heading.py
-- Installing: /home/GTL/mgaddam/CS7630/ros2_ws/src/install/floor_nav/lib/floor_nav/test_wander.py
-- Installing: /home/GTL/mgaddam/CS7630/ros2_ws/src/install/floor_nav/lib/floor_nav/wander_random_and_stare.py
-- Installing: /home/GTL/mgaddam/CS7630/ros2_ws/src/install/floor_nav/share/ament_index/resource_index/package_run_dependencies/floor_nav
-- Installing: /home/GTL/mgaddam/CS7630/ros2_ws/src/install/floor_nav/share/ament_index/resource_index/parent_prefix_path/floor_nav
-- Installing: /home/GTL/mgaddam/CS7630/ros2_ws/src/install/floor_nav/share/floor_nav/environment/ament_prefix_path.sh
-- Installing: /home/GTL/mgaddam/CS7630/ros2_ws/src/install/floor_nav/share/floor_nav/environment/ament_prefix_path.dsv
-- Installing: /home/GTL/mgaddam/CS7630/ros2_ws/src/install/floor_nav/share/floor_nav/environment/path.sh
-- Installing: /home/GTL/mgaddam/CS7630/ros2_ws/src/install/floor_nav/share/floor_nav/environment/path.dsv
-- Installing: /home/GTL/mgaddam/CS7630/ros2_ws/src/install/floor_nav/share/floor_nav/local_setup.bash
-- Installing: /home/GTL/mgaddam/CS7630/ros2_ws/src/install/floor_nav/share/floor_nav/local_setup.sh
-- Installing: /home/GTL/mgaddam/CS7630/ros2_ws/src/install/floor_nav/share/floor_nav/local_setup.zsh
-- Installing: /home/GTL/mgaddam/CS7630/ros2_ws/src/install/floor_nav/share/floor_nav/local_setup.dsv
-- Installing: /home/GTL/mgaddam/CS7630/ros2_ws/src/install/floor_nav/share/floor_nav/package.dsv
-- Installing: /home/GTL/mgaddam/CS7630/ros2_ws/src/install/floor_nav/share/ament_index/resource_index/packages/floor_nav
-- Installing: /home/GTL/mgaddam/CS7630/ros2_ws/src/install/floor_nav/share/floor_nav/cmake/floor_navConfig.cmake
-- Installing: /home/GTL/mgaddam/CS7630/ros2_ws/src/install/floor_nav/share/floor_nav/cmake/floor_navConfig-version.cmake
-- Installing: /home/GTL/mgaddam/CS7630/ros2_ws/src/install/floor_nav/share/floor_nav/package.xml
