[0.320s] Invoking command in '/home/GTL/mgaddam/CS7630/ros2_ws/src/build/floor_nav': AMENT_PREFIX_PATH=/home/GTL/mgaddam/CS7630/ros2_ws/src/install/task_manager_nav2:/home/GTL/mgaddam/CS7630/ros2_ws/src/install/task_manager_lib:/home/GTL/mgaddam/CS7630/ros2_ws/src/install/task_manager_msgs:/home/GTL/mgaddam/CS7630/ros2_ws/src/install/cs7630_msgs:${AMENT_PREFIX_PATH} CMAKE_PREFIX_PATH=/home/GTL/mgaddam/CS7630/ros2_ws/src/install/task_manager_nav2:/home/GTL/mgaddam/CS7630/ros2_ws/src/install/task_manager_lib:/home/GTL/mgaddam/CS7630/ros2_ws/src/install/task_manager_msgs:/home/GTL/mgaddam/CS7630/ros2_ws/src/install/cs7630_msgs:/opt/ros/humble LD_LIBRARY_PATH=/home/GTL/mgaddam/CS7630/ros2_ws/src/install/task_manager_lib/lib:/home/GTL/mgaddam/CS7630/ros2_ws/src/install/task_manager_msgs/lib:/home/GTL/mgaddam/CS7630/ros2_ws/src/install/cs7630_msgs/lib:${LD_LIBRARY_PATH} PYTHONPATH=/home/GTL/mgaddam/CS7630/ros2_ws/src/install/task_manager_msgs/local/lib/python3.10/dist-packages:/home/GTL/mgaddam/CS7630/ros2_ws/src/install/cs7630_msgs/local/lib/python3.10/dist-packages:${PYTHONPATH} /usr/bin/cmake --build /home/GTL/mgaddam/CS7630/ros2_ws/src/build/floor_nav -- -j16 -l16
[0.443s] [  3%] [32mBuilding CXX object CMakeFiles/floornav_task_server.dir/src/task_server.cpp.o[0m
[8.783s] [  6%] [32mBuilding CXX object CMakeFiles/floornav_task_server.dir/src/SimTasksEnv.cpp.o[0m
[28.247s] [  9%] [32m[1mLinking CXX executable floornav_task_server[0m
[37.733s] [  9%] Built target floornav_task_server
[37.824s] [ 22%] [32mBuilding CXX object CMakeFiles/floornav_TaskGoTo.dir/tasks/TaskGoTo.cpp.o[0m
[37.826s] [ 22%] [32mBuilding CXX object CMakeFiles/floornav_TaskWander.dir/tasks/TaskWander.cpp.o[0m
[37.826s] [ 22%] [32mBuilding CXX object CMakeFiles/floornav_TaskWaitForROI.dir/tasks/TaskWaitForROI.cpp.o[0m
[37.827s] [ 29%] [32mBuilding CXX object CMakeFiles/floornav_TaskConstant.dir/tasks/TaskConstant.cpp.o[0m
[37.827s] [ 32%] [32mBuilding CXX object CMakeFiles/floornav_TaskWaitForFace.dir/tasks/TaskWaitForFace.cpp.o[0m
[37.827s] [ 29%] [32mBuilding CXX object CMakeFiles/floornav_TaskPlanTo.dir/tasks/TaskPlanTo.cpp.o[0m
[37.827s] [ 32%] [32mBuilding CXX object CMakeFiles/floornav_TaskAutoDock.dir/tasks/TaskAutoDock.cpp.o[0m
[37.834s] [ 38%] [32mBuilding CXX object CMakeFiles/floornav_TaskStareAtFace.dir/tasks/TaskStareAtFace.cpp.o[0m
[37.834s] [ 38%] [32mBuilding CXX object CMakeFiles/floornav_TaskGoToPose.dir/tasks/TaskGoToPose.cpp.o[0m
[37.836s] [ 41%] [32mBuilding CXX object CMakeFiles/floornav_TaskSetHeading.dir/tasks/TaskSetHeading.cpp.o[0m
[37.841s] [ 48%] [32mBuilding CXX object CMakeFiles/floornav_TaskTrigger.dir/tasks/TaskTrigger.cpp.o[0m
[37.842s] [ 48%] [32mBuilding CXX object CMakeFiles/floornav_TaskSetBool.dir/tasks/TaskSetBool.cpp.o[0m
[37.849s] [ 51%] [32mBuilding CXX object CMakeFiles/floornav_TaskSetMux.dir/tasks/TaskSetMux.cpp.o[0m
[37.858s] [ 54%] [32mBuilding CXX object CMakeFiles/floornav_TaskNav2.dir/tasks/TaskNav2.cpp.o[0m
[44.687s] [01m[K/home/GTL/mgaddam/CS7630/ros2_ws/src/floor_nav/tasks/TaskWaitForFace.cpp:[m[K In member function ‘[01m[Kvirtual task_manager_lib::TaskIndicator floor_nav::TaskWaitForFace::iterate()[m[K’:
[44.687s] [01m[K/home/GTL/mgaddam/CS7630/ros2_ws/src/floor_nav/tasks/TaskWaitForFace.cpp:21:29:[m[K [01;35m[Kwarning: [m[Kcomparison of integer expressions of different signedness: ‘[01m[Kstd::vector<sensor_msgs::msg::RegionOfInterest_<std::allocator<void> >, std::allocator<sensor_msgs::msg::RegionOfInterest_<std::allocator<void> > > >::size_type[m[K’ {aka ‘[01m[Klong unsigned int[m[K’} and ‘[01m[Kint[m[K’ [[01;35m[K]8;;https://gcc.gnu.org/onlinedocs/gcc/Warning-Options.html#index-Wsign-compare-Wsign-compare]8;;[m[K]
[44.687s]    21 |     if ([01;35m[Krois.regions.size() > cfg->num_faces[m[K) {
[44.687s]       |         [01;35m[K~~~~~~~~~~~~~~~~~~~~^~~~~~~~~~~~~~~~[m[K
[44.687s] [01m[K/home/GTL/mgaddam/CS7630/ros2_ws/src/floor_nav/tasks/TaskWaitForFace.cpp:22:27:[m[K [01;35m[Kwarning: [m[Kcomparison of integer expressions of different signedness: ‘[01m[Kint[m[K’ and ‘[01m[Kstd::vector<sensor_msgs::msg::RegionOfInterest_<std::allocator<void> >, std::allocator<sensor_msgs::msg::RegionOfInterest_<std::allocator<void> > > >::size_type[m[K’ {aka ‘[01m[Klong unsigned int[m[K’} [[01;35m[K]8;;https://gcc.gnu.org/onlinedocs/gcc/Warning-Options.html#index-Wsign-compare-Wsign-compare]8;;[m[K]
[44.687s]    22 |         for (int i = 0; [01;35m[Ki < rois.regions.size()[m[K; i++) {
[44.687s]       |                         [01;35m[K~~^~~~~~~~~~~~~~~~~~~~~[m[K
[54.495s] [ 58%] [32m[1mLinking CXX shared library libfloornav_TaskGoToPose.so[0m
[54.652s] [ 61%] [32m[1mLinking CXX shared library libfloornav_TaskSetHeading.so[0m
[54.769s] [ 64%] [32m[1mLinking CXX shared library libfloornav_TaskWaitForROI.so[0m
[54.789s] [ 67%] [32m[1mLinking CXX shared library libfloornav_TaskGoTo.so[0m
[54.797s] [ 70%] [32m[1mLinking CXX shared library libfloornav_TaskConstant.so[0m
[55.208s] [ 74%] [32m[1mLinking CXX shared library libfloornav_TaskWander.so[0m
[55.696s] [ 77%] [32m[1mLinking CXX shared library libfloornav_TaskTrigger.so[0m
[56.624s] [ 80%] [32m[1mLinking CXX shared library libfloornav_TaskSetMux.so[0m
[57.147s] [ 83%] [32m[1mLinking CXX shared library libfloornav_TaskSetBool.so[0m
[58.989s] [ 87%] [32m[1mLinking CXX shared library libfloornav_TaskAutoDock.so[0m
[67.594s] [ 90%] [32m[1mLinking CXX shared library libfloornav_TaskNav2.so[0m
[77.956s] [ 93%] [32m[1mLinking CXX shared library libfloornav_TaskWaitForFace.so[0m
[82.302s] [ 96%] [32m[1mLinking CXX shared library libfloornav_TaskStareAtFace.so[0m
[88.580s] [100%] [32m[1mLinking CXX shared library libfloornav_TaskPlanTo.so[0m
[129.637s] [100%] Built target floornav_TaskGoTo
[130.975s] [100%] Built target floornav_TaskSetHeading
[131.524s] [100%] Built target floornav_TaskWaitForROI
[131.989s] [100%] Built target floornav_TaskConstant
[131.989s] [100%] Built target floornav_TaskGoToPose
[132.301s] [100%] Built target floornav_TaskWander
[135.152s] [100%] Built target floornav_TaskSetMux
[135.305s] [100%] Built target floornav_TaskTrigger
[136.356s] [100%] Built target floornav_TaskSetBool
[139.267s] [100%] Built target floornav_TaskNav2
[139.745s] [100%] Built target floornav_TaskWaitForFace
[140.224s] [100%] Built target floornav_TaskStareAtFace
[140.265s] [100%] Built target floornav_TaskPlanTo
[140.373s] [100%] Built target floornav_TaskAutoDock
[140.449s] Invoked command in '/home/GTL/mgaddam/CS7630/ros2_ws/src/build/floor_nav' returned '0': AMENT_PREFIX_PATH=/home/GTL/mgaddam/CS7630/ros2_ws/src/install/task_manager_nav2:/home/GTL/mgaddam/CS7630/ros2_ws/src/install/task_manager_lib:/home/GTL/mgaddam/CS7630/ros2_ws/src/install/task_manager_msgs:/home/GTL/mgaddam/CS7630/ros2_ws/src/install/cs7630_msgs:${AMENT_PREFIX_PATH} CMAKE_PREFIX_PATH=/home/GTL/mgaddam/CS7630/ros2_ws/src/install/task_manager_nav2:/home/GTL/mgaddam/CS7630/ros2_ws/src/install/task_manager_lib:/home/GTL/mgaddam/CS7630/ros2_ws/src/install/task_manager_msgs:/home/GTL/mgaddam/CS7630/ros2_ws/src/install/cs7630_msgs:/opt/ros/humble LD_LIBRARY_PATH=/home/GTL/mgaddam/CS7630/ros2_ws/src/install/task_manager_lib/lib:/home/GTL/mgaddam/CS7630/ros2_ws/src/install/task_manager_msgs/lib:/home/GTL/mgaddam/CS7630/ros2_ws/src/install/cs7630_msgs/lib:${LD_LIBRARY_PATH} PYTHONPATH=/home/GTL/mgaddam/CS7630/ros2_ws/src/install/task_manager_msgs/local/lib/python3.10/dist-packages:/home/GTL/mgaddam/CS7630/ros2_ws/src/install/cs7630_msgs/local/lib/python3.10/dist-packages:${PYTHONPATH} /usr/bin/cmake --build /home/GTL/mgaddam/CS7630/ros2_ws/src/build/floor_nav -- -j16 -l16
[140.631s] Invoking command in '/home/GTL/mgaddam/CS7630/ros2_ws/src/build/floor_nav': AMENT_PREFIX_PATH=/home/GTL/mgaddam/CS7630/ros2_ws/src/install/task_manager_nav2:/home/GTL/mgaddam/CS7630/ros2_ws/src/install/task_manager_lib:/home/GTL/mgaddam/CS7630/ros2_ws/src/install/task_manager_msgs:/home/GTL/mgaddam/CS7630/ros2_ws/src/install/cs7630_msgs:${AMENT_PREFIX_PATH} CMAKE_PREFIX_PATH=/home/GTL/mgaddam/CS7630/ros2_ws/src/install/task_manager_nav2:/home/GTL/mgaddam/CS7630/ros2_ws/src/install/task_manager_lib:/home/GTL/mgaddam/CS7630/ros2_ws/src/install/task_manager_msgs:/home/GTL/mgaddam/CS7630/ros2_ws/src/install/cs7630_msgs:/opt/ros/humble LD_LIBRARY_PATH=/home/GTL/mgaddam/CS7630/ros2_ws/src/install/task_manager_lib/lib:/home/GTL/mgaddam/CS7630/ros2_ws/src/install/task_manager_msgs/lib:/home/GTL/mgaddam/CS7630/ros2_ws/src/install/cs7630_msgs/lib:${LD_LIBRARY_PATH} PYTHONPATH=/home/GTL/mgaddam/CS7630/ros2_ws/src/install/task_manager_msgs/local/lib/python3.10/dist-packages:/home/GTL/mgaddam/CS7630/ros2_ws/src/install/cs7630_msgs/local/lib/python3.10/dist-packages:${PYTHONPATH} /usr/bin/cmake --install /home/GTL/mgaddam/CS7630/ros2_ws/src/build/floor_nav
[140.636s] -- Install configuration: ""
[140.639s] -- Installing: /home/GTL/mgaddam/CS7630/ros2_ws/src/install/floor_nav/lib/floor_nav/floornav_task_server
[141.101s] -- Set runtime path of "/home/GTL/mgaddam/CS7630/ros2_ws/src/install/floor_nav/lib/floor_nav/floornav_task_server" to ""
[141.102s] -- Installing: /home/GTL/mgaddam/CS7630/ros2_ws/src/install/floor_nav/lib/floor_nav/libfloornav_TaskAutoDock.so
[141.151s] -- Set runtime path of "/home/GTL/mgaddam/CS7630/ros2_ws/src/install/floor_nav/lib/floor_nav/libfloornav_TaskAutoDock.so" to ""
[141.152s] -- Installing: /home/GTL/mgaddam/CS7630/ros2_ws/src/install/floor_nav/lib/floor_nav/libfloornav_TaskWaitForROI.so
[141.189s] -- Set runtime path of "/home/GTL/mgaddam/CS7630/ros2_ws/src/install/floor_nav/lib/floor_nav/libfloornav_TaskWaitForROI.so" to ""
[141.189s] -- Installing: /home/GTL/mgaddam/CS7630/ros2_ws/src/install/floor_nav/lib/floor_nav/libfloornav_TaskWaitForFace.so
[141.317s] -- Set runtime path of "/home/GTL/mgaddam/CS7630/ros2_ws/src/install/floor_nav/lib/floor_nav/libfloornav_TaskWaitForFace.so" to ""
[141.318s] -- Installing: /home/GTL/mgaddam/CS7630/ros2_ws/src/install/floor_nav/lib/floor_nav/libfloornav_TaskWander.so
[141.354s] -- Set runtime path of "/home/GTL/mgaddam/CS7630/ros2_ws/src/install/floor_nav/lib/floor_nav/libfloornav_TaskWander.so" to ""
[141.355s] -- Installing: /home/GTL/mgaddam/CS7630/ros2_ws/src/install/floor_nav/lib/floor_nav/libfloornav_TaskSetHeading.so
[141.392s] -- Set runtime path of "/home/GTL/mgaddam/CS7630/ros2_ws/src/install/floor_nav/lib/floor_nav/libfloornav_TaskSetHeading.so" to ""
[141.392s] -- Installing: /home/GTL/mgaddam/CS7630/ros2_ws/src/install/floor_nav/lib/floor_nav/libfloornav_TaskStareAtFace.so
[141.520s] -- Set runtime path of "/home/GTL/mgaddam/CS7630/ros2_ws/src/install/floor_nav/lib/floor_nav/libfloornav_TaskStareAtFace.so" to ""
[141.520s] -- Installing: /home/GTL/mgaddam/CS7630/ros2_ws/src/install/floor_nav/lib/floor_nav/libfloornav_TaskPlanTo.so
[141.651s] -- Set runtime path of "/home/GTL/mgaddam/CS7630/ros2_ws/src/install/floor_nav/lib/floor_nav/libfloornav_TaskPlanTo.so" to ""
[141.652s] -- Installing: /home/GTL/mgaddam/CS7630/ros2_ws/src/install/floor_nav/lib/floor_nav/libfloornav_TaskGoTo.so
[141.688s] -- Set runtime path of "/home/GTL/mgaddam/CS7630/ros2_ws/src/install/floor_nav/lib/floor_nav/libfloornav_TaskGoTo.so" to ""
[141.689s] -- Installing: /home/GTL/mgaddam/CS7630/ros2_ws/src/install/floor_nav/lib/floor_nav/libfloornav_TaskConstant.so
[141.725s] -- Set runtime path of "/home/GTL/mgaddam/CS7630/ros2_ws/src/install/floor_nav/lib/floor_nav/libfloornav_TaskConstant.so" to ""
[141.726s] -- Installing: /home/GTL/mgaddam/CS7630/ros2_ws/src/install/floor_nav/lib/floor_nav/libfloornav_TaskTrigger.so
[141.792s] -- Set runtime path of "/home/GTL/mgaddam/CS7630/ros2_ws/src/install/floor_nav/lib/floor_nav/libfloornav_TaskTrigger.so" to ""
[141.793s] -- Installing: /home/GTL/mgaddam/CS7630/ros2_ws/src/install/floor_nav/lib/floor_nav/libfloornav_TaskSetBool.so
[141.841s] -- Set runtime path of "/home/GTL/mgaddam/CS7630/ros2_ws/src/install/floor_nav/lib/floor_nav/libfloornav_TaskSetBool.so" to ""
[141.842s] -- Installing: /home/GTL/mgaddam/CS7630/ros2_ws/src/install/floor_nav/lib/floor_nav/libfloornav_TaskSetMux.so
[141.890s] -- Set runtime path of "/home/GTL/mgaddam/CS7630/ros2_ws/src/install/floor_nav/lib/floor_nav/libfloornav_TaskSetMux.so" to ""
[141.892s] -- Installing: /home/GTL/mgaddam/CS7630/ros2_ws/src/install/floor_nav/lib/floor_nav/libfloornav_TaskNav2.so
[141.942s] -- Set runtime path of "/home/GTL/mgaddam/CS7630/ros2_ws/src/install/floor_nav/lib/floor_nav/libfloornav_TaskNav2.so" to ""
[141.943s] -- Installing: /home/GTL/mgaddam/CS7630/ros2_ws/src/install/floor_nav/lib/floor_nav/libfloornav_TaskGoToPose.so
[141.980s] -- Set runtime path of "/home/GTL/mgaddam/CS7630/ros2_ws/src/install/floor_nav/lib/floor_nav/libfloornav_TaskGoToPose.so" to ""
[141.982s] -- Up-to-date: /home/GTL/mgaddam/CS7630/ros2_ws/src/install/floor_nav/share/floor_nav
[141.984s] -- Installing: /home/GTL/mgaddam/CS7630/ros2_ws/src/install/floor_nav/share/floor_nav/launch_server_tb.launch.py
[141.989s] -- Installing: /home/GTL/mgaddam/CS7630/ros2_ws/src/install/floor_nav/share/floor_nav/launch_rover.launch.py
[141.994s] -- Installing: /home/GTL/mgaddam/CS7630/ros2_ws/src/install/floor_nav/share/floor_nav/launch_server_tb.launch
[141.998s] -- Up-to-date: /home/GTL/mgaddam/CS7630/ros2_ws/src/install/floor_nav/share/floor_nav/__pycache__
[142.000s] -- Installing: /home/GTL/mgaddam/CS7630/ros2_ws/src/install/floor_nav/share/floor_nav/__pycache__/launch_server_tb.launch.cpython-310.pyc
[142.005s] -- Installing: /home/GTL/mgaddam/CS7630/ros2_ws/src/install/floor_nav/share/floor_nav/launch_server.launch
[142.011s] -- Installing: /home/GTL/mgaddam/CS7630/ros2_ws/src/install/floor_nav/lib/floor_nav/graph_forever.py
[142.016s] -- Installing: /home/GTL/mgaddam/CS7630/ros2_ws/src/install/floor_nav/lib/floor_nav/test_goto.py
[142.020s] -- Installing: /home/GTL/mgaddam/CS7630/ros2_ws/src/install/floor_nav/lib/floor_nav/test_goto_pose.py
[142.025s] -- Installing: /home/GTL/mgaddam/CS7630/ros2_ws/src/install/floor_nav/lib/floor_nav/test_graph_2d.py
[142.030s] -- Installing: /home/GTL/mgaddam/CS7630/ros2_ws/src/install/floor_nav/lib/floor_nav/test_graph.py
[142.034s] -- Installing: /home/GTL/mgaddam/CS7630/ros2_ws/src/install/floor_nav/lib/floor_nav/test_graph-test.py
[142.039s] -- Installing: /home/GTL/mgaddam/CS7630/ros2_ws/src/install/floor_nav/lib/floor_nav/test_planto.py
[142.044s] -- Installing: /home/GTL/mgaddam/CS7630/ros2_ws/src/install/floor_nav/lib/floor_nav/test_set_heading.py
[142.049s] -- Installing: /home/GTL/mgaddam/CS7630/ros2_ws/src/install/floor_nav/lib/floor_nav/test_wander.py
[142.054s] -- Installing: /home/GTL/mgaddam/CS7630/ros2_ws/src/install/floor_nav/lib/floor_nav/wander_random_and_stare.py
[142.063s] -- Installing: /home/GTL/mgaddam/CS7630/ros2_ws/src/install/floor_nav/share/ament_index/resource_index/package_run_dependencies/floor_nav
[142.068s] -- Installing: /home/GTL/mgaddam/CS7630/ros2_ws/src/install/floor_nav/share/ament_index/resource_index/parent_prefix_path/floor_nav
[142.074s] -- Installing: /home/GTL/mgaddam/CS7630/ros2_ws/src/install/floor_nav/share/floor_nav/environment/ament_prefix_path.sh
[142.079s] -- Installing: /home/GTL/mgaddam/CS7630/ros2_ws/src/install/floor_nav/share/floor_nav/environment/ament_prefix_path.dsv
[142.083s] -- Installing: /home/GTL/mgaddam/CS7630/ros2_ws/src/install/floor_nav/share/floor_nav/environment/path.sh
[142.087s] -- Installing: /home/GTL/mgaddam/CS7630/ros2_ws/src/install/floor_nav/share/floor_nav/environment/path.dsv
[142.091s] -- Installing: /home/GTL/mgaddam/CS7630/ros2_ws/src/install/floor_nav/share/floor_nav/local_setup.bash
[142.096s] -- Installing: /home/GTL/mgaddam/CS7630/ros2_ws/src/install/floor_nav/share/floor_nav/local_setup.sh
[142.101s] -- Installing: /home/GTL/mgaddam/CS7630/ros2_ws/src/install/floor_nav/share/floor_nav/local_setup.zsh
[142.105s] -- Installing: /home/GTL/mgaddam/CS7630/ros2_ws/src/install/floor_nav/share/floor_nav/local_setup.dsv
[142.111s] -- Installing: /home/GTL/mgaddam/CS7630/ros2_ws/src/install/floor_nav/share/floor_nav/package.dsv
[142.116s] -- Installing: /home/GTL/mgaddam/CS7630/ros2_ws/src/install/floor_nav/share/ament_index/resource_index/packages/floor_nav
[142.121s] -- Installing: /home/GTL/mgaddam/CS7630/ros2_ws/src/install/floor_nav/share/floor_nav/cmake/floor_navConfig.cmake
[142.126s] -- Installing: /home/GTL/mgaddam/CS7630/ros2_ws/src/install/floor_nav/share/floor_nav/cmake/floor_navConfig-version.cmake
[142.130s] -- Installing: /home/GTL/mgaddam/CS7630/ros2_ws/src/install/floor_nav/share/floor_nav/package.xml
[142.150s] Invoked command in '/home/GTL/mgaddam/CS7630/ros2_ws/src/build/floor_nav' returned '0': AMENT_PREFIX_PATH=/home/GTL/mgaddam/CS7630/ros2_ws/src/install/task_manager_nav2:/home/GTL/mgaddam/CS7630/ros2_ws/src/install/task_manager_lib:/home/GTL/mgaddam/CS7630/ros2_ws/src/install/task_manager_msgs:/home/GTL/mgaddam/CS7630/ros2_ws/src/install/cs7630_msgs:${AMENT_PREFIX_PATH} CMAKE_PREFIX_PATH=/home/GTL/mgaddam/CS7630/ros2_ws/src/install/task_manager_nav2:/home/GTL/mgaddam/CS7630/ros2_ws/src/install/task_manager_lib:/home/GTL/mgaddam/CS7630/ros2_ws/src/install/task_manager_msgs:/home/GTL/mgaddam/CS7630/ros2_ws/src/install/cs7630_msgs:/opt/ros/humble LD_LIBRARY_PATH=/home/GTL/mgaddam/CS7630/ros2_ws/src/install/task_manager_lib/lib:/home/GTL/mgaddam/CS7630/ros2_ws/src/install/task_manager_msgs/lib:/home/GTL/mgaddam/CS7630/ros2_ws/src/install/cs7630_msgs/lib:${LD_LIBRARY_PATH} PYTHONPATH=/home/GTL/mgaddam/CS7630/ros2_ws/src/install/task_manager_msgs/local/lib/python3.10/dist-packages:/home/GTL/mgaddam/CS7630/ros2_ws/src/install/cs7630_msgs/local/lib/python3.10/dist-packages:${PYTHONPATH} /usr/bin/cmake --install /home/GTL/mgaddam/CS7630/ros2_ws/src/build/floor_nav
