[0.417s] Invoking command in '/home/GTL/mgaddam/CS7630/ros2_ws/build/floor_nav': CMAKE_PREFIX_PATH=/home/GTL/mgaddam/CS7630/ros2_ws/install/task_manager_nav2:/home/GTL/mgaddam/CS7630/ros2_ws/install/task_manager_lib:/home/GTL/mgaddam/CS7630/ros2_ws/install/task_manager_msgs:/home/GTL/mgaddam/CS7630/ros2_ws/install/cs7630_msgs:/home/GTL/mgaddam/CS7630/ros2_ws/install/vrep4_helpers:/home/GTL/mgaddam/CS7630/ros2_ws/install/task_manager_sync:/home/GTL/mgaddam/CS7630/ros2_ws/install/floor_nav:/home/GTL/mgaddam/CS7630/ros2_ws/install/collision_avoidance_base:/home/GTL/mgaddam/CS7630/ros2_ws/src/install/vrep4_helpers:/home/GTL/mgaddam/CS7630/ros2_ws/src/install/task_manager_sync:/home/GTL/mgaddam/CS7630/ros2_ws/src/install/floor_nav:/home/GTL/mgaddam/CS7630/ros2_ws/src/install/task_manager_nav2:/home/GTL/mgaddam/CS7630/ros2_ws/src/install/task_manager_lib:/home/GTL/mgaddam/CS7630/ros2_ws/src/install/task_manager_msgs:/home/GTL/mgaddam/CS7630/ros2_ws/src/install/cs7630_msgs:/home/GTL/mgaddam/CS7630/ros2_ws/src/install/collision_avoidance_base:/home/GTL/mgaddam/CS7630/ros2_ws/install/vrep_ros_teleop:/home/GTL/mgaddam/CS7630/ros2_ws/install/task_manager_client_py:/home/GTL/mgaddam/CS7630/ros2_ws/install/ar_slam_base:/home/GTL/mgaddam/CS7630/ros2_ws/install/ar_loc_base:/home/GTL/mgaddam/CS7630/ros2_ws/install/rover_driver_base:/home/GTL/mgaddam/CS7630/ros2_ws/install/keyboard_teleop:/home/GTL/mgaddam/CS7630/ros2_ws/install/face_detect_base:/home/GTL/mgaddam/CS7630/ros2_ws/install/button_server:/home/GTL/mgaddam/CS7630/ros2_ws/install/ar_mapping_base:/home/GTL/mgaddam/CS7630/ros2_ws/src/install/vrep_ros_teleop:/home/GTL/mgaddam/CS7630/ros2_ws/src/install/task_manager_client_py:/home/GTL/mgaddam/CS7630/ros2_ws/src/install/ar_slam_base:/home/GTL/mgaddam/CS7630/ros2_ws/src/install/ar_loc_base:/home/GTL/mgaddam/CS7630/ros2_ws/src/install/rover_driver_base:/home/GTL/mgaddam/CS7630/ros2_ws/src/install/keyboard_teleop:/home/GTL/mgaddam/CS7630/ros2_ws/src/install/face_detect_base:/home/GTL/mgaddam/CS7630/ros2_ws/src/install/button_server:/home/GTL/mgaddam/CS7630/ros2_ws/src/install/ar_mapping_base:/opt/ros/humble LD_LIBRARY_PATH=/home/GTL/mgaddam/CS7630/ros2_ws/install/task_manager_lib/lib:/home/GTL/mgaddam/CS7630/ros2_ws/install/task_manager_msgs/lib:/home/GTL/mgaddam/CS7630/ros2_ws/install/cs7630_msgs/lib:/home/GTL/mgaddam/CS7630/ros2_ws/install/task_manager_sync/lib:/home/GTL/mgaddam/CS7630/ros2_ws/src/install/task_manager_sync/lib:/home/GTL/mgaddam/CS7630/ros2_ws/src/install/task_manager_lib/lib:/home/GTL/mgaddam/CS7630/ros2_ws/src/install/task_manager_msgs/lib:/home/GTL/mgaddam/CS7630/ros2_ws/src/install/cs7630_msgs/lib:/usr/lib/x86_64-linux-gnu/gazebo-11/plugins:/opt/ros/humble/opt/rviz_ogre_vendor/lib:/opt/ros/humble/lib/x86_64-linux-gnu:/opt/ros/humble/lib /usr/bin/cmake --build /home/GTL/mgaddam/CS7630/ros2_ws/build/floor_nav -- -j16 -l16
[0.555s] [35m[1mConsolidate compiler generated dependencies of target floornav_TaskGoTo[0m
[0.555s] [35m[1mConsolidate compiler generated dependencies of target floornav_TaskSetBool[0m
[0.556s] [35m[1mConsolidate compiler generated dependencies of target floornav_TaskNav2[0m
[0.556s] [35m[1mConsolidate compiler generated dependencies of target floornav_TaskSetMux[0m
[0.556s] [35m[1mConsolidate compiler generated dependencies of target floornav_TaskConstant[0m
[0.557s] [35m[1mConsolidate compiler generated dependencies of target floornav_TaskTrigger[0m
[0.559s] [35m[1mConsolidate compiler generated dependencies of target floornav_task_server[0m
[0.562s] [35m[1mConsolidate compiler generated dependencies of target floornav_TaskGoToPose[0m
[0.564s] [35m[1mConsolidate compiler generated dependencies of target floornav_TaskStareAtFace[0m
[0.578s] [35m[1mConsolidate compiler generated dependencies of target floornav_TaskPlanTo[0m
[0.581s] [35m[1mConsolidate compiler generated dependencies of target floornav_TaskWaitForFace[0m
[0.584s] [35m[1mConsolidate compiler generated dependencies of target floornav_TaskSetHeading[0m
[0.585s] [35m[1mConsolidate compiler generated dependencies of target floornav_TaskWaitForROI[0m
[0.585s] [35m[1mConsolidate compiler generated dependencies of target floornav_TaskWander[0m
[0.594s] [35m[1mConsolidate compiler generated dependencies of target floornav_TaskAutoDock[0m
[0.638s] [ 25%] Built target floornav_TaskConstant
[0.638s] [ 25%] Built target floornav_TaskGoTo
[0.638s] [ 25%] Built target floornav_TaskSetMux
[0.641s] [ 35%] Built target floornav_task_server
[0.641s] [ 45%] Built target floornav_TaskGoToPose
[0.642s] [ 48%] Built target floornav_TaskNav2
[0.642s] [ 48%] Built target floornav_TaskStareAtFace
[0.650s] [ 54%] Built target floornav_TaskWaitForFace
[0.662s] [ 61%] Built target floornav_TaskAutoDock
[0.724s] [ 67%] Built target floornav_TaskSetHeading
[0.749s] [ 87%] Built target floornav_TaskWaitForROI
[0.749s] [ 87%] Built target floornav_TaskSetBool
[0.749s] [ 87%] Built target floornav_TaskTrigger
[0.809s] [100%] Built target floornav_TaskWander
[0.809s] [100%] Built target floornav_TaskPlanTo
[0.923s] Invoked command in '/home/GTL/mgaddam/CS7630/ros2_ws/build/floor_nav' returned '0': CMAKE_PREFIX_PATH=/home/GTL/mgaddam/CS7630/ros2_ws/install/task_manager_nav2:/home/GTL/mgaddam/CS7630/ros2_ws/install/task_manager_lib:/home/GTL/mgaddam/CS7630/ros2_ws/install/task_manager_msgs:/home/GTL/mgaddam/CS7630/ros2_ws/install/cs7630_msgs:/home/GTL/mgaddam/CS7630/ros2_ws/install/vrep4_helpers:/home/GTL/mgaddam/CS7630/ros2_ws/install/task_manager_sync:/home/GTL/mgaddam/CS7630/ros2_ws/install/floor_nav:/home/GTL/mgaddam/CS7630/ros2_ws/install/collision_avoidance_base:/home/GTL/mgaddam/CS7630/ros2_ws/src/install/vrep4_helpers:/home/GTL/mgaddam/CS7630/ros2_ws/src/install/task_manager_sync:/home/GTL/mgaddam/CS7630/ros2_ws/src/install/floor_nav:/home/GTL/mgaddam/CS7630/ros2_ws/src/install/task_manager_nav2:/home/GTL/mgaddam/CS7630/ros2_ws/src/install/task_manager_lib:/home/GTL/mgaddam/CS7630/ros2_ws/src/install/task_manager_msgs:/home/GTL/mgaddam/CS7630/ros2_ws/src/install/cs7630_msgs:/home/GTL/mgaddam/CS7630/ros2_ws/src/install/collision_avoidance_base:/home/GTL/mgaddam/CS7630/ros2_ws/install/vrep_ros_teleop:/home/GTL/mgaddam/CS7630/ros2_ws/install/task_manager_client_py:/home/GTL/mgaddam/CS7630/ros2_ws/install/ar_slam_base:/home/GTL/mgaddam/CS7630/ros2_ws/install/ar_loc_base:/home/GTL/mgaddam/CS7630/ros2_ws/install/rover_driver_base:/home/GTL/mgaddam/CS7630/ros2_ws/install/keyboard_teleop:/home/GTL/mgaddam/CS7630/ros2_ws/install/face_detect_base:/home/GTL/mgaddam/CS7630/ros2_ws/install/button_server:/home/GTL/mgaddam/CS7630/ros2_ws/install/ar_mapping_base:/home/GTL/mgaddam/CS7630/ros2_ws/src/install/vrep_ros_teleop:/home/GTL/mgaddam/CS7630/ros2_ws/src/install/task_manager_client_py:/home/GTL/mgaddam/CS7630/ros2_ws/src/install/ar_slam_base:/home/GTL/mgaddam/CS7630/ros2_ws/src/install/ar_loc_base:/home/GTL/mgaddam/CS7630/ros2_ws/src/install/rover_driver_base:/home/GTL/mgaddam/CS7630/ros2_ws/src/install/keyboard_teleop:/home/GTL/mgaddam/CS7630/ros2_ws/src/install/face_detect_base:/home/GTL/mgaddam/CS7630/ros2_ws/src/install/button_server:/home/GTL/mgaddam/CS7630/ros2_ws/src/install/ar_mapping_base:/opt/ros/humble LD_LIBRARY_PATH=/home/GTL/mgaddam/CS7630/ros2_ws/install/task_manager_lib/lib:/home/GTL/mgaddam/CS7630/ros2_ws/install/task_manager_msgs/lib:/home/GTL/mgaddam/CS7630/ros2_ws/install/cs7630_msgs/lib:/home/GTL/mgaddam/CS7630/ros2_ws/install/task_manager_sync/lib:/home/GTL/mgaddam/CS7630/ros2_ws/src/install/task_manager_sync/lib:/home/GTL/mgaddam/CS7630/ros2_ws/src/install/task_manager_lib/lib:/home/GTL/mgaddam/CS7630/ros2_ws/src/install/task_manager_msgs/lib:/home/GTL/mgaddam/CS7630/ros2_ws/src/install/cs7630_msgs/lib:/usr/lib/x86_64-linux-gnu/gazebo-11/plugins:/opt/ros/humble/opt/rviz_ogre_vendor/lib:/opt/ros/humble/lib/x86_64-linux-gnu:/opt/ros/humble/lib /usr/bin/cmake --build /home/GTL/mgaddam/CS7630/ros2_ws/build/floor_nav -- -j16 -l16
[1.056s] Invoking command in '/home/GTL/mgaddam/CS7630/ros2_ws/build/floor_nav': CMAKE_PREFIX_PATH=/home/GTL/mgaddam/CS7630/ros2_ws/install/task_manager_nav2:/home/GTL/mgaddam/CS7630/ros2_ws/install/task_manager_lib:/home/GTL/mgaddam/CS7630/ros2_ws/install/task_manager_msgs:/home/GTL/mgaddam/CS7630/ros2_ws/install/cs7630_msgs:/home/GTL/mgaddam/CS7630/ros2_ws/install/vrep4_helpers:/home/GTL/mgaddam/CS7630/ros2_ws/install/task_manager_sync:/home/GTL/mgaddam/CS7630/ros2_ws/install/floor_nav:/home/GTL/mgaddam/CS7630/ros2_ws/install/collision_avoidance_base:/home/GTL/mgaddam/CS7630/ros2_ws/src/install/vrep4_helpers:/home/GTL/mgaddam/CS7630/ros2_ws/src/install/task_manager_sync:/home/GTL/mgaddam/CS7630/ros2_ws/src/install/floor_nav:/home/GTL/mgaddam/CS7630/ros2_ws/src/install/task_manager_nav2:/home/GTL/mgaddam/CS7630/ros2_ws/src/install/task_manager_lib:/home/GTL/mgaddam/CS7630/ros2_ws/src/install/task_manager_msgs:/home/GTL/mgaddam/CS7630/ros2_ws/src/install/cs7630_msgs:/home/GTL/mgaddam/CS7630/ros2_ws/src/install/collision_avoidance_base:/home/GTL/mgaddam/CS7630/ros2_ws/install/vrep_ros_teleop:/home/GTL/mgaddam/CS7630/ros2_ws/install/task_manager_client_py:/home/GTL/mgaddam/CS7630/ros2_ws/install/ar_slam_base:/home/GTL/mgaddam/CS7630/ros2_ws/install/ar_loc_base:/home/GTL/mgaddam/CS7630/ros2_ws/install/rover_driver_base:/home/GTL/mgaddam/CS7630/ros2_ws/install/keyboard_teleop:/home/GTL/mgaddam/CS7630/ros2_ws/install/face_detect_base:/home/GTL/mgaddam/CS7630/ros2_ws/install/button_server:/home/GTL/mgaddam/CS7630/ros2_ws/install/ar_mapping_base:/home/GTL/mgaddam/CS7630/ros2_ws/src/install/vrep_ros_teleop:/home/GTL/mgaddam/CS7630/ros2_ws/src/install/task_manager_client_py:/home/GTL/mgaddam/CS7630/ros2_ws/src/install/ar_slam_base:/home/GTL/mgaddam/CS7630/ros2_ws/src/install/ar_loc_base:/home/GTL/mgaddam/CS7630/ros2_ws/src/install/rover_driver_base:/home/GTL/mgaddam/CS7630/ros2_ws/src/install/keyboard_teleop:/home/GTL/mgaddam/CS7630/ros2_ws/src/install/face_detect_base:/home/GTL/mgaddam/CS7630/ros2_ws/src/install/button_server:/home/GTL/mgaddam/CS7630/ros2_ws/src/install/ar_mapping_base:/opt/ros/humble LD_LIBRARY_PATH=/home/GTL/mgaddam/CS7630/ros2_ws/install/task_manager_lib/lib:/home/GTL/mgaddam/CS7630/ros2_ws/install/task_manager_msgs/lib:/home/GTL/mgaddam/CS7630/ros2_ws/install/cs7630_msgs/lib:/home/GTL/mgaddam/CS7630/ros2_ws/install/task_manager_sync/lib:/home/GTL/mgaddam/CS7630/ros2_ws/src/install/task_manager_sync/lib:/home/GTL/mgaddam/CS7630/ros2_ws/src/install/task_manager_lib/lib:/home/GTL/mgaddam/CS7630/ros2_ws/src/install/task_manager_msgs/lib:/home/GTL/mgaddam/CS7630/ros2_ws/src/install/cs7630_msgs/lib:/usr/lib/x86_64-linux-gnu/gazebo-11/plugins:/opt/ros/humble/opt/rviz_ogre_vendor/lib:/opt/ros/humble/lib/x86_64-linux-gnu:/opt/ros/humble/lib /usr/bin/cmake --install /home/GTL/mgaddam/CS7630/ros2_ws/build/floor_nav
[1.062s] -- Install configuration: ""
[1.064s] -- Up-to-date: /home/GTL/mgaddam/CS7630/ros2_ws/install/floor_nav/lib/floor_nav/floornav_task_server
[1.068s] -- Up-to-date: /home/GTL/mgaddam/CS7630/ros2_ws/install/floor_nav/lib/floor_nav/libfloornav_TaskAutoDock.so
[1.072s] -- Up-to-date: /home/GTL/mgaddam/CS7630/ros2_ws/install/floor_nav/lib/floor_nav/libfloornav_TaskWaitForROI.so
[1.076s] -- Up-to-date: /home/GTL/mgaddam/CS7630/ros2_ws/install/floor_nav/lib/floor_nav/libfloornav_TaskWaitForFace.so
[1.080s] -- Up-to-date: /home/GTL/mgaddam/CS7630/ros2_ws/install/floor_nav/lib/floor_nav/libfloornav_TaskWander.so
[1.083s] -- Up-to-date: /home/GTL/mgaddam/CS7630/ros2_ws/install/floor_nav/lib/floor_nav/libfloornav_TaskSetHeading.so
[1.086s] -- Up-to-date: /home/GTL/mgaddam/CS7630/ros2_ws/install/floor_nav/lib/floor_nav/libfloornav_TaskStareAtFace.so
[1.089s] -- Up-to-date: /home/GTL/mgaddam/CS7630/ros2_ws/install/floor_nav/lib/floor_nav/libfloornav_TaskPlanTo.so
[1.093s] -- Up-to-date: /home/GTL/mgaddam/CS7630/ros2_ws/install/floor_nav/lib/floor_nav/libfloornav_TaskGoTo.so
[1.096s] -- Up-to-date: /home/GTL/mgaddam/CS7630/ros2_ws/install/floor_nav/lib/floor_nav/libfloornav_TaskConstant.so
[1.098s] -- Up-to-date: /home/GTL/mgaddam/CS7630/ros2_ws/install/floor_nav/lib/floor_nav/libfloornav_TaskTrigger.so
[1.101s] -- Up-to-date: /home/GTL/mgaddam/CS7630/ros2_ws/install/floor_nav/lib/floor_nav/libfloornav_TaskSetBool.so
[1.104s] -- Up-to-date: /home/GTL/mgaddam/CS7630/ros2_ws/install/floor_nav/lib/floor_nav/libfloornav_TaskSetMux.so
[1.107s] -- Up-to-date: /home/GTL/mgaddam/CS7630/ros2_ws/install/floor_nav/lib/floor_nav/libfloornav_TaskNav2.so
[1.109s] -- Up-to-date: /home/GTL/mgaddam/CS7630/ros2_ws/install/floor_nav/lib/floor_nav/libfloornav_TaskGoToPose.so
[1.112s] -- Up-to-date: /home/GTL/mgaddam/CS7630/ros2_ws/install/floor_nav/share/floor_nav
[1.114s] -- Up-to-date: /home/GTL/mgaddam/CS7630/ros2_ws/install/floor_nav/share/floor_nav/launch_server_tb.launch.py
[1.114s] -- Up-to-date: /home/GTL/mgaddam/CS7630/ros2_ws/install/floor_nav/share/floor_nav/launch_rover.launch.py
[1.115s] -- Up-to-date: /home/GTL/mgaddam/CS7630/ros2_ws/install/floor_nav/share/floor_nav/launch_server_tb.launch
[1.116s] -- Up-to-date: /home/GTL/mgaddam/CS7630/ros2_ws/install/floor_nav/share/floor_nav/__pycache__
[1.117s] -- Up-to-date: /home/GTL/mgaddam/CS7630/ros2_ws/install/floor_nav/share/floor_nav/__pycache__/launch_server_tb.launch.cpython-310.pyc
[1.117s] -- Up-to-date: /home/GTL/mgaddam/CS7630/ros2_ws/install/floor_nav/share/floor_nav/launch_server.launch
[1.118s] -- Up-to-date: /home/GTL/mgaddam/CS7630/ros2_ws/install/floor_nav/lib/floor_nav/graph_forever.py
[1.119s] -- Up-to-date: /home/GTL/mgaddam/CS7630/ros2_ws/install/floor_nav/lib/floor_nav/test_goto.py
[1.120s] -- Up-to-date: /home/GTL/mgaddam/CS7630/ros2_ws/install/floor_nav/lib/floor_nav/test_goto_pose.py
[1.120s] -- Up-to-date: /home/GTL/mgaddam/CS7630/ros2_ws/install/floor_nav/lib/floor_nav/test_graph_2d.py
[1.121s] -- Up-to-date: /home/GTL/mgaddam/CS7630/ros2_ws/install/floor_nav/lib/floor_nav/test_graph.py
[1.122s] -- Up-to-date: /home/GTL/mgaddam/CS7630/ros2_ws/install/floor_nav/lib/floor_nav/test_graph-test.py
[1.122s] -- Up-to-date: /home/GTL/mgaddam/CS7630/ros2_ws/install/floor_nav/lib/floor_nav/test_planto.py
[1.123s] -- Up-to-date: /home/GTL/mgaddam/CS7630/ros2_ws/install/floor_nav/lib/floor_nav/test_set_heading.py
[1.124s] -- Up-to-date: /home/GTL/mgaddam/CS7630/ros2_ws/install/floor_nav/lib/floor_nav/test_wander.py
[1.124s] -- Up-to-date: /home/GTL/mgaddam/CS7630/ros2_ws/install/floor_nav/lib/floor_nav/wander_random_and_stare.py
[1.125s] -- Up-to-date: /home/GTL/mgaddam/CS7630/ros2_ws/install/floor_nav/share/ament_index/resource_index/package_run_dependencies/floor_nav
[1.125s] -- Up-to-date: /home/GTL/mgaddam/CS7630/ros2_ws/install/floor_nav/share/ament_index/resource_index/parent_prefix_path/floor_nav
[1.126s] -- Up-to-date: /home/GTL/mgaddam/CS7630/ros2_ws/install/floor_nav/share/floor_nav/environment/ament_prefix_path.sh
[1.127s] -- Up-to-date: /home/GTL/mgaddam/CS7630/ros2_ws/install/floor_nav/share/floor_nav/environment/ament_prefix_path.dsv
[1.127s] -- Up-to-date: /home/GTL/mgaddam/CS7630/ros2_ws/install/floor_nav/share/floor_nav/environment/path.sh
[1.128s] -- Up-to-date: /home/GTL/mgaddam/CS7630/ros2_ws/install/floor_nav/share/floor_nav/environment/path.dsv
[1.128s] -- Up-to-date: /home/GTL/mgaddam/CS7630/ros2_ws/install/floor_nav/share/floor_nav/local_setup.bash
[1.129s] -- Up-to-date: /home/GTL/mgaddam/CS7630/ros2_ws/install/floor_nav/share/floor_nav/local_setup.sh
[1.129s] -- Up-to-date: /home/GTL/mgaddam/CS7630/ros2_ws/install/floor_nav/share/floor_nav/local_setup.zsh
[1.130s] -- Up-to-date: /home/GTL/mgaddam/CS7630/ros2_ws/install/floor_nav/share/floor_nav/local_setup.dsv
[1.131s] -- Installing: /home/GTL/mgaddam/CS7630/ros2_ws/install/floor_nav/share/floor_nav/package.dsv
[1.135s] -- Up-to-date: /home/GTL/mgaddam/CS7630/ros2_ws/install/floor_nav/share/ament_index/resource_index/packages/floor_nav
[1.136s] -- Up-to-date: /home/GTL/mgaddam/CS7630/ros2_ws/install/floor_nav/share/floor_nav/cmake/floor_navConfig.cmake
[1.136s] -- Up-to-date: /home/GTL/mgaddam/CS7630/ros2_ws/install/floor_nav/share/floor_nav/cmake/floor_navConfig-version.cmake
[1.137s] -- Up-to-date: /home/GTL/mgaddam/CS7630/ros2_ws/install/floor_nav/share/floor_nav/package.xml
[1.140s] Invoked command in '/home/GTL/mgaddam/CS7630/ros2_ws/build/floor_nav' returned '0': CMAKE_PREFIX_PATH=/home/GTL/mgaddam/CS7630/ros2_ws/install/task_manager_nav2:/home/GTL/mgaddam/CS7630/ros2_ws/install/task_manager_lib:/home/GTL/mgaddam/CS7630/ros2_ws/install/task_manager_msgs:/home/GTL/mgaddam/CS7630/ros2_ws/install/cs7630_msgs:/home/GTL/mgaddam/CS7630/ros2_ws/install/vrep4_helpers:/home/GTL/mgaddam/CS7630/ros2_ws/install/task_manager_sync:/home/GTL/mgaddam/CS7630/ros2_ws/install/floor_nav:/home/GTL/mgaddam/CS7630/ros2_ws/install/collision_avoidance_base:/home/GTL/mgaddam/CS7630/ros2_ws/src/install/vrep4_helpers:/home/GTL/mgaddam/CS7630/ros2_ws/src/install/task_manager_sync:/home/GTL/mgaddam/CS7630/ros2_ws/src/install/floor_nav:/home/GTL/mgaddam/CS7630/ros2_ws/src/install/task_manager_nav2:/home/GTL/mgaddam/CS7630/ros2_ws/src/install/task_manager_lib:/home/GTL/mgaddam/CS7630/ros2_ws/src/install/task_manager_msgs:/home/GTL/mgaddam/CS7630/ros2_ws/src/install/cs7630_msgs:/home/GTL/mgaddam/CS7630/ros2_ws/src/install/collision_avoidance_base:/home/GTL/mgaddam/CS7630/ros2_ws/install/vrep_ros_teleop:/home/GTL/mgaddam/CS7630/ros2_ws/install/task_manager_client_py:/home/GTL/mgaddam/CS7630/ros2_ws/install/ar_slam_base:/home/GTL/mgaddam/CS7630/ros2_ws/install/ar_loc_base:/home/GTL/mgaddam/CS7630/ros2_ws/install/rover_driver_base:/home/GTL/mgaddam/CS7630/ros2_ws/install/keyboard_teleop:/home/GTL/mgaddam/CS7630/ros2_ws/install/face_detect_base:/home/GTL/mgaddam/CS7630/ros2_ws/install/button_server:/home/GTL/mgaddam/CS7630/ros2_ws/install/ar_mapping_base:/home/GTL/mgaddam/CS7630/ros2_ws/src/install/vrep_ros_teleop:/home/GTL/mgaddam/CS7630/ros2_ws/src/install/task_manager_client_py:/home/GTL/mgaddam/CS7630/ros2_ws/src/install/ar_slam_base:/home/GTL/mgaddam/CS7630/ros2_ws/src/install/ar_loc_base:/home/GTL/mgaddam/CS7630/ros2_ws/src/install/rover_driver_base:/home/GTL/mgaddam/CS7630/ros2_ws/src/install/keyboard_teleop:/home/GTL/mgaddam/CS7630/ros2_ws/src/install/face_detect_base:/home/GTL/mgaddam/CS7630/ros2_ws/src/install/button_server:/home/GTL/mgaddam/CS7630/ros2_ws/src/install/ar_mapping_base:/opt/ros/humble LD_LIBRARY_PATH=/home/GTL/mgaddam/CS7630/ros2_ws/install/task_manager_lib/lib:/home/GTL/mgaddam/CS7630/ros2_ws/install/task_manager_msgs/lib:/home/GTL/mgaddam/CS7630/ros2_ws/install/cs7630_msgs/lib:/home/GTL/mgaddam/CS7630/ros2_ws/install/task_manager_sync/lib:/home/GTL/mgaddam/CS7630/ros2_ws/src/install/task_manager_sync/lib:/home/GTL/mgaddam/CS7630/ros2_ws/src/install/task_manager_lib/lib:/home/GTL/mgaddam/CS7630/ros2_ws/src/install/task_manager_msgs/lib:/home/GTL/mgaddam/CS7630/ros2_ws/src/install/cs7630_msgs/lib:/usr/lib/x86_64-linux-gnu/gazebo-11/plugins:/opt/ros/humble/opt/rviz_ogre_vendor/lib:/opt/ros/humble/lib/x86_64-linux-gnu:/opt/ros/humble/lib /usr/bin/cmake --install /home/GTL/mgaddam/CS7630/ros2_ws/build/floor_nav
