[0.961s] Invoking command in '/home/GTL/mgaddam/CS7630/ros2_ws/build/cs7630_msgs': CMAKE_PREFIX_PATH=${CMAKE_PREFIX_PATH}:/home/GTL/mgaddam/CS7630/ros2_ws/install/wpa_cli:/home/GTL/mgaddam/CS7630/ros2_ws/install/vrep_ros_teleop:/home/GTL/mgaddam/CS7630/ros2_ws/install/task_manager_client_py:/home/GTL/mgaddam/CS7630/ros2_ws/install/ar_slam_base:/home/GTL/mgaddam/CS7630/ros2_ws/install/ar_loc_base:/home/GTL/mgaddam/CS7630/ros2_ws/install/rover_driver_base:/home/GTL/mgaddam/CS7630/ros2_ws/install/keyboard_teleop:/home/GTL/mgaddam/CS7630/ros2_ws/install/face_detect_base:/home/GTL/mgaddam/CS7630/ros2_ws/install/button_server:/home/GTL/mgaddam/CS7630/ros2_ws/install/ar_mapping_base:/opt/ros/humble /usr/bin/cmake --build /home/GTL/mgaddam/CS7630/ros2_ws/build/cs7630_msgs -- -j16 -l16
[2.395s] [  3%] Built target cs7630_msgs__cpp
[2.395s] [ 12%] Built target cs7630_msgs__rosidl_generator_c
[2.395s] [ 41%] Built target cs7630_msgs__rosidl_typesupport_fastrtps_cpp
[2.395s] [ 41%] Built target cs7630_msgs__rosidl_typesupport_cpp
[2.395s] [ 51%] Built target cs7630_msgs__rosidl_typesupport_introspection_cpp
[2.395s] [ 70%] Built target cs7630_msgs__rosidl_typesupport_fastrtps_c
[2.395s] [ 70%] Built target cs7630_msgs__rosidl_typesupport_c
[2.395s] [ 70%] Built target cs7630_msgs__rosidl_typesupport_introspection_c
[2.396s] [ 70%] Built target ament_cmake_python_copy_cs7630_msgs
[2.396s] [ 70%] Built target cs7630_msgs
[2.396s] [ 74%] Built target cs7630_msgs__py
[2.396s] [ 80%] Built target cs7630_msgs__rosidl_generator_py
[2.396s] [100%] Built target cs7630_msgs__rosidl_typesupport_fastrtps_c__pyext
[2.396s] [100%] Built target cs7630_msgs__rosidl_typesupport_c__pyext
[2.396s] [100%] Built target cs7630_msgs__rosidl_typesupport_introspection_c__pyext
[2.396s] running egg_info
[2.396s] writing cs7630_msgs.egg-info/PKG-INFO
[2.396s] writing dependency_links to cs7630_msgs.egg-info/dependency_links.txt
[2.396s] writing top-level names to cs7630_msgs.egg-info/top_level.txt
[2.396s] reading manifest file 'cs7630_msgs.egg-info/SOURCES.txt'
[2.396s] writing manifest file 'cs7630_msgs.egg-info/SOURCES.txt'
[2.396s] [100%] Built target ament_cmake_python_build_cs7630_msgs_egg
[2.717s] Invoked command in '/home/GTL/mgaddam/CS7630/ros2_ws/build/cs7630_msgs' returned '0': CMAKE_PREFIX_PATH=${CMAKE_PREFIX_PATH}:/home/GTL/mgaddam/CS7630/ros2_ws/install/wpa_cli:/home/GTL/mgaddam/CS7630/ros2_ws/install/vrep_ros_teleop:/home/GTL/mgaddam/CS7630/ros2_ws/install/task_manager_client_py:/home/GTL/mgaddam/CS7630/ros2_ws/install/ar_slam_base:/home/GTL/mgaddam/CS7630/ros2_ws/install/ar_loc_base:/home/GTL/mgaddam/CS7630/ros2_ws/install/rover_driver_base:/home/GTL/mgaddam/CS7630/ros2_ws/install/keyboard_teleop:/home/GTL/mgaddam/CS7630/ros2_ws/install/face_detect_base:/home/GTL/mgaddam/CS7630/ros2_ws/install/button_server:/home/GTL/mgaddam/CS7630/ros2_ws/install/ar_mapping_base:/opt/ros/humble /usr/bin/cmake --build /home/GTL/mgaddam/CS7630/ros2_ws/build/cs7630_msgs -- -j16 -l16
[2.763s] Invoking command in '/home/GTL/mgaddam/CS7630/ros2_ws/build/cs7630_msgs': CMAKE_PREFIX_PATH=${CMAKE_PREFIX_PATH}:/home/GTL/mgaddam/CS7630/ros2_ws/install/wpa_cli:/home/GTL/mgaddam/CS7630/ros2_ws/install/vrep_ros_teleop:/home/GTL/mgaddam/CS7630/ros2_ws/install/task_manager_client_py:/home/GTL/mgaddam/CS7630/ros2_ws/install/ar_slam_base:/home/GTL/mgaddam/CS7630/ros2_ws/install/ar_loc_base:/home/GTL/mgaddam/CS7630/ros2_ws/install/rover_driver_base:/home/GTL/mgaddam/CS7630/ros2_ws/install/keyboard_teleop:/home/GTL/mgaddam/CS7630/ros2_ws/install/face_detect_base:/home/GTL/mgaddam/CS7630/ros2_ws/install/button_server:/home/GTL/mgaddam/CS7630/ros2_ws/install/ar_mapping_base:/opt/ros/humble /usr/bin/cmake --install /home/GTL/mgaddam/CS7630/ros2_ws/build/cs7630_msgs
[2.771s] -- Install configuration: ""
[2.771s] -- Up-to-date: /home/GTL/mgaddam/CS7630/ros2_ws/install/cs7630_msgs/share/ament_index/resource_index/rosidl_interfaces/cs7630_msgs
[2.772s] -- Up-to-date: /home/GTL/mgaddam/CS7630/ros2_ws/install/cs7630_msgs/include/cs7630_msgs/cs7630_msgs
[2.772s] -- Up-to-date: /home/GTL/mgaddam/CS7630/ros2_ws/install/cs7630_msgs/include/cs7630_msgs/cs7630_msgs/msg
[2.772s] -- Up-to-date: /home/GTL/mgaddam/CS7630/ros2_ws/install/cs7630_msgs/include/cs7630_msgs/cs7630_msgs/msg/region_of_interest_array.h
[2.773s] -- Up-to-date: /home/GTL/mgaddam/CS7630/ros2_ws/install/cs7630_msgs/include/cs7630_msgs/cs7630_msgs/msg/detail
[2.773s] -- Up-to-date: /home/GTL/mgaddam/CS7630/ros2_ws/install/cs7630_msgs/include/cs7630_msgs/cs7630_msgs/msg/detail/region_of_interest_array__struct.h
[2.774s] -- Up-to-date: /home/GTL/mgaddam/CS7630/ros2_ws/install/cs7630_msgs/include/cs7630_msgs/cs7630_msgs/msg/detail/region_of_interest_array__functions.h
[2.774s] -- Up-to-date: /home/GTL/mgaddam/CS7630/ros2_ws/install/cs7630_msgs/include/cs7630_msgs/cs7630_msgs/msg/detail/region_of_interest_array__functions.c
[2.775s] -- Up-to-date: /home/GTL/mgaddam/CS7630/ros2_ws/install/cs7630_msgs/include/cs7630_msgs/cs7630_msgs/msg/detail/region_of_interest_array__type_support.h
[2.775s] -- Up-to-date: /home/GTL/mgaddam/CS7630/ros2_ws/install/cs7630_msgs/include/cs7630_msgs/cs7630_msgs/msg/rosidl_generator_c__visibility_control.h
[2.776s] -- Up-to-date: /home/GTL/mgaddam/CS7630/ros2_ws/install/cs7630_msgs/share/cs7630_msgs/environment/library_path.sh
[2.777s] -- Up-to-date: /home/GTL/mgaddam/CS7630/ros2_ws/install/cs7630_msgs/share/cs7630_msgs/environment/library_path.dsv
[2.777s] -- Up-to-date: /home/GTL/mgaddam/CS7630/ros2_ws/install/cs7630_msgs/lib/libcs7630_msgs__rosidl_generator_c.so
[2.785s] -- Up-to-date: /home/GTL/mgaddam/CS7630/ros2_ws/install/cs7630_msgs/include/cs7630_msgs/cs7630_msgs
[2.785s] -- Up-to-date: /home/GTL/mgaddam/CS7630/ros2_ws/install/cs7630_msgs/include/cs7630_msgs/cs7630_msgs/msg
[2.785s] -- Up-to-date: /home/GTL/mgaddam/CS7630/ros2_ws/install/cs7630_msgs/include/cs7630_msgs/cs7630_msgs/msg/detail
[2.785s] -- Up-to-date: /home/GTL/mgaddam/CS7630/ros2_ws/install/cs7630_msgs/include/cs7630_msgs/cs7630_msgs/msg/detail/region_of_interest_array__rosidl_typesupport_fastrtps_c.h
[2.785s] -- Up-to-date: /home/GTL/mgaddam/CS7630/ros2_ws/install/cs7630_msgs/include/cs7630_msgs/cs7630_msgs/msg/rosidl_typesupport_fastrtps_c__visibility_control.h
[2.785s] -- Up-to-date: /home/GTL/mgaddam/CS7630/ros2_ws/install/cs7630_msgs/lib/libcs7630_msgs__rosidl_typesupport_fastrtps_c.so
[2.786s] -- Up-to-date: /home/GTL/mgaddam/CS7630/ros2_ws/install/cs7630_msgs/include/cs7630_msgs/cs7630_msgs
[2.787s] -- Up-to-date: /home/GTL/mgaddam/CS7630/ros2_ws/install/cs7630_msgs/include/cs7630_msgs/cs7630_msgs/msg
[2.787s] -- Up-to-date: /home/GTL/mgaddam/CS7630/ros2_ws/install/cs7630_msgs/include/cs7630_msgs/cs7630_msgs/msg/detail
[2.788s] -- Up-to-date: /home/GTL/mgaddam/CS7630/ros2_ws/install/cs7630_msgs/include/cs7630_msgs/cs7630_msgs/msg/detail/region_of_interest_array__type_support.c
[2.788s] -- Up-to-date: /home/GTL/mgaddam/CS7630/ros2_ws/install/cs7630_msgs/include/cs7630_msgs/cs7630_msgs/msg/detail/region_of_interest_array__rosidl_typesupport_introspection_c.h
[2.788s] -- Up-to-date: /home/GTL/mgaddam/CS7630/ros2_ws/install/cs7630_msgs/include/cs7630_msgs/cs7630_msgs/msg/rosidl_typesupport_introspection_c__visibility_control.h
[2.790s] -- Up-to-date: /home/GTL/mgaddam/CS7630/ros2_ws/install/cs7630_msgs/lib/libcs7630_msgs__rosidl_typesupport_introspection_c.so
[2.792s] -- Up-to-date: /home/GTL/mgaddam/CS7630/ros2_ws/install/cs7630_msgs/lib/libcs7630_msgs__rosidl_typesupport_c.so
[2.793s] -- Up-to-date: /home/GTL/mgaddam/CS7630/ros2_ws/install/cs7630_msgs/include/cs7630_msgs/cs7630_msgs
[2.794s] -- Up-to-date: /home/GTL/mgaddam/CS7630/ros2_ws/install/cs7630_msgs/include/cs7630_msgs/cs7630_msgs/msg
[2.795s] -- Up-to-date: /home/GTL/mgaddam/CS7630/ros2_ws/install/cs7630_msgs/include/cs7630_msgs/cs7630_msgs/msg/detail
[2.796s] -- Up-to-date: /home/GTL/mgaddam/CS7630/ros2_ws/install/cs7630_msgs/include/cs7630_msgs/cs7630_msgs/msg/detail/region_of_interest_array__builder.hpp
[2.796s] -- Up-to-date: /home/GTL/mgaddam/CS7630/ros2_ws/install/cs7630_msgs/include/cs7630_msgs/cs7630_msgs/msg/detail/region_of_interest_array__traits.hpp
[2.796s] -- Up-to-date: /home/GTL/mgaddam/CS7630/ros2_ws/install/cs7630_msgs/include/cs7630_msgs/cs7630_msgs/msg/detail/region_of_interest_array__struct.hpp
[2.797s] -- Up-to-date: /home/GTL/mgaddam/CS7630/ros2_ws/install/cs7630_msgs/include/cs7630_msgs/cs7630_msgs/msg/region_of_interest_array.hpp
[2.797s] -- Up-to-date: /home/GTL/mgaddam/CS7630/ros2_ws/install/cs7630_msgs/include/cs7630_msgs/cs7630_msgs
[2.798s] -- Up-to-date: /home/GTL/mgaddam/CS7630/ros2_ws/install/cs7630_msgs/include/cs7630_msgs/cs7630_msgs/msg
[2.799s] -- Up-to-date: /home/GTL/mgaddam/CS7630/ros2_ws/install/cs7630_msgs/include/cs7630_msgs/cs7630_msgs/msg/detail
[2.800s] -- Up-to-date: /home/GTL/mgaddam/CS7630/ros2_ws/install/cs7630_msgs/include/cs7630_msgs/cs7630_msgs/msg/detail/region_of_interest_array__rosidl_typesupport_fastrtps_cpp.hpp
[2.800s] -- Up-to-date: /home/GTL/mgaddam/CS7630/ros2_ws/install/cs7630_msgs/include/cs7630_msgs/cs7630_msgs/msg/detail/dds_fastrtps
[2.801s] -- Up-to-date: /home/GTL/mgaddam/CS7630/ros2_ws/install/cs7630_msgs/include/cs7630_msgs/cs7630_msgs/msg/rosidl_typesupport_fastrtps_cpp__visibility_control.h
[2.803s] -- Up-to-date: /home/GTL/mgaddam/CS7630/ros2_ws/install/cs7630_msgs/lib/libcs7630_msgs__rosidl_typesupport_fastrtps_cpp.so
[2.805s] -- Up-to-date: /home/GTL/mgaddam/CS7630/ros2_ws/install/cs7630_msgs/include/cs7630_msgs/cs7630_msgs
[2.806s] -- Up-to-date: /home/GTL/mgaddam/CS7630/ros2_ws/install/cs7630_msgs/include/cs7630_msgs/cs7630_msgs/msg
[2.807s] -- Up-to-date: /home/GTL/mgaddam/CS7630/ros2_ws/install/cs7630_msgs/include/cs7630_msgs/cs7630_msgs/msg/detail
[2.808s] -- Up-to-date: /home/GTL/mgaddam/CS7630/ros2_ws/install/cs7630_msgs/include/cs7630_msgs/cs7630_msgs/msg/detail/region_of_interest_array__rosidl_typesupport_introspection_cpp.hpp
[2.808s] -- Up-to-date: /home/GTL/mgaddam/CS7630/ros2_ws/install/cs7630_msgs/include/cs7630_msgs/cs7630_msgs/msg/detail/region_of_interest_array__type_support.cpp
[2.809s] -- Up-to-date: /home/GTL/mgaddam/CS7630/ros2_ws/install/cs7630_msgs/lib/libcs7630_msgs__rosidl_typesupport_introspection_cpp.so
[2.813s] -- Up-to-date: /home/GTL/mgaddam/CS7630/ros2_ws/install/cs7630_msgs/lib/libcs7630_msgs__rosidl_typesupport_cpp.so
[2.815s] -- Up-to-date: /home/GTL/mgaddam/CS7630/ros2_ws/install/cs7630_msgs/share/cs7630_msgs/environment/pythonpath.sh
[2.816s] -- Up-to-date: /home/GTL/mgaddam/CS7630/ros2_ws/install/cs7630_msgs/share/cs7630_msgs/environment/pythonpath.dsv
[2.816s] -- Up-to-date: /home/GTL/mgaddam/CS7630/ros2_ws/install/cs7630_msgs/local/lib/python3.10/dist-packages/cs7630_msgs-0.0.0-py3.10.egg-info
[2.817s] -- Installing: /home/GTL/mgaddam/CS7630/ros2_ws/install/cs7630_msgs/local/lib/python3.10/dist-packages/cs7630_msgs-0.0.0-py3.10.egg-info/dependency_links.txt
[2.821s] -- Installing: /home/GTL/mgaddam/CS7630/ros2_ws/install/cs7630_msgs/local/lib/python3.10/dist-packages/cs7630_msgs-0.0.0-py3.10.egg-info/top_level.txt
[2.824s] -- Installing: /home/GTL/mgaddam/CS7630/ros2_ws/install/cs7630_msgs/local/lib/python3.10/dist-packages/cs7630_msgs-0.0.0-py3.10.egg-info/PKG-INFO
[2.829s] -- Installing: /home/GTL/mgaddam/CS7630/ros2_ws/install/cs7630_msgs/local/lib/python3.10/dist-packages/cs7630_msgs-0.0.0-py3.10.egg-info/SOURCES.txt
[2.832s] -- Up-to-date: /home/GTL/mgaddam/CS7630/ros2_ws/install/cs7630_msgs/local/lib/python3.10/dist-packages/cs7630_msgs
[2.833s] -- Up-to-date: /home/GTL/mgaddam/CS7630/ros2_ws/install/cs7630_msgs/local/lib/python3.10/dist-packages/cs7630_msgs/msg
[2.835s] -- Up-to-date: /home/GTL/mgaddam/CS7630/ros2_ws/install/cs7630_msgs/local/lib/python3.10/dist-packages/cs7630_msgs/msg/_region_of_interest_array_s.c
[2.835s] -- Up-to-date: /home/GTL/mgaddam/CS7630/ros2_ws/install/cs7630_msgs/local/lib/python3.10/dist-packages/cs7630_msgs/msg/_region_of_interest_array.py
[2.835s] -- Up-to-date: /home/GTL/mgaddam/CS7630/ros2_ws/install/cs7630_msgs/local/lib/python3.10/dist-packages/cs7630_msgs/msg/__init__.py
[2.836s] -- Up-to-date: /home/GTL/mgaddam/CS7630/ros2_ws/install/cs7630_msgs/local/lib/python3.10/dist-packages/cs7630_msgs/cs7630_msgs_s__rosidl_typesupport_c.cpython-310-x86_64-linux-gnu.so
[2.836s] -- Up-to-date: /home/GTL/mgaddam/CS7630/ros2_ws/install/cs7630_msgs/local/lib/python3.10/dist-packages/cs7630_msgs/libcs7630_msgs__rosidl_generator_py.so
[2.837s] -- Up-to-date: /home/GTL/mgaddam/CS7630/ros2_ws/install/cs7630_msgs/local/lib/python3.10/dist-packages/cs7630_msgs/cs7630_msgs_s__rosidl_typesupport_fastrtps_c.cpython-310-x86_64-linux-gnu.so
[2.837s] -- Up-to-date: /home/GTL/mgaddam/CS7630/ros2_ws/install/cs7630_msgs/local/lib/python3.10/dist-packages/cs7630_msgs/_cs7630_msgs_s.ep.rosidl_typesupport_c.c
[2.838s] -- Up-to-date: /home/GTL/mgaddam/CS7630/ros2_ws/install/cs7630_msgs/local/lib/python3.10/dist-packages/cs7630_msgs/cs7630_msgs_s__rosidl_typesupport_introspection_c.cpython-310-x86_64-linux-gnu.so
[2.838s] -- Up-to-date: /home/GTL/mgaddam/CS7630/ros2_ws/install/cs7630_msgs/local/lib/python3.10/dist-packages/cs7630_msgs/_cs7630_msgs_s.ep.rosidl_typesupport_fastrtps_c.c
[2.839s] -- Up-to-date: /home/GTL/mgaddam/CS7630/ros2_ws/install/cs7630_msgs/local/lib/python3.10/dist-packages/cs7630_msgs/__init__.py
[2.841s] -- Up-to-date: /home/GTL/mgaddam/CS7630/ros2_ws/install/cs7630_msgs/local/lib/python3.10/dist-packages/cs7630_msgs/_cs7630_msgs_s.ep.rosidl_typesupport_introspection_c.c
[2.889s] Listing '/home/GTL/mgaddam/CS7630/ros2_ws/install/cs7630_msgs/local/lib/python3.10/dist-packages/cs7630_msgs'...
[2.889s] Listing '/home/GTL/mgaddam/CS7630/ros2_ws/install/cs7630_msgs/local/lib/python3.10/dist-packages/cs7630_msgs/msg'...
[2.893s] -- Up-to-date: /home/GTL/mgaddam/CS7630/ros2_ws/install/cs7630_msgs/local/lib/python3.10/dist-packages/cs7630_msgs/cs7630_msgs_s__rosidl_typesupport_fastrtps_c.cpython-310-x86_64-linux-gnu.so
[2.895s] -- Up-to-date: /home/GTL/mgaddam/CS7630/ros2_ws/install/cs7630_msgs/local/lib/python3.10/dist-packages/cs7630_msgs/cs7630_msgs_s__rosidl_typesupport_introspection_c.cpython-310-x86_64-linux-gnu.so
[2.898s] -- Up-to-date: /home/GTL/mgaddam/CS7630/ros2_ws/install/cs7630_msgs/local/lib/python3.10/dist-packages/cs7630_msgs/cs7630_msgs_s__rosidl_typesupport_c.cpython-310-x86_64-linux-gnu.so
[2.900s] -- Up-to-date: /home/GTL/mgaddam/CS7630/ros2_ws/install/cs7630_msgs/lib/libcs7630_msgs__rosidl_generator_py.so
[2.903s] -- Up-to-date: /home/GTL/mgaddam/CS7630/ros2_ws/install/cs7630_msgs/share/cs7630_msgs/msg/RegionOfInterestArray.idl
[2.904s] -- Up-to-date: /home/GTL/mgaddam/CS7630/ros2_ws/install/cs7630_msgs/share/cs7630_msgs/msg/RegionOfInterestArray.msg
[2.904s] -- Up-to-date: /home/GTL/mgaddam/CS7630/ros2_ws/install/cs7630_msgs/share/ament_index/resource_index/package_run_dependencies/cs7630_msgs
[2.904s] -- Up-to-date: /home/GTL/mgaddam/CS7630/ros2_ws/install/cs7630_msgs/share/ament_index/resource_index/parent_prefix_path/cs7630_msgs
[2.905s] -- Up-to-date: /home/GTL/mgaddam/CS7630/ros2_ws/install/cs7630_msgs/share/cs7630_msgs/environment/ament_prefix_path.sh
[2.905s] -- Up-to-date: /home/GTL/mgaddam/CS7630/ros2_ws/install/cs7630_msgs/share/cs7630_msgs/environment/ament_prefix_path.dsv
[2.906s] -- Up-to-date: /home/GTL/mgaddam/CS7630/ros2_ws/install/cs7630_msgs/share/cs7630_msgs/environment/path.sh
[2.906s] -- Up-to-date: /home/GTL/mgaddam/CS7630/ros2_ws/install/cs7630_msgs/share/cs7630_msgs/environment/path.dsv
[2.907s] -- Up-to-date: /home/GTL/mgaddam/CS7630/ros2_ws/install/cs7630_msgs/share/cs7630_msgs/local_setup.bash
[2.908s] -- Up-to-date: /home/GTL/mgaddam/CS7630/ros2_ws/install/cs7630_msgs/share/cs7630_msgs/local_setup.sh
[2.908s] -- Up-to-date: /home/GTL/mgaddam/CS7630/ros2_ws/install/cs7630_msgs/share/cs7630_msgs/local_setup.zsh
[2.909s] -- Up-to-date: /home/GTL/mgaddam/CS7630/ros2_ws/install/cs7630_msgs/share/cs7630_msgs/local_setup.dsv
[2.909s] -- Installing: /home/GTL/mgaddam/CS7630/ros2_ws/install/cs7630_msgs/share/cs7630_msgs/package.dsv
[2.913s] -- Up-to-date: /home/GTL/mgaddam/CS7630/ros2_ws/install/cs7630_msgs/share/ament_index/resource_index/packages/cs7630_msgs
[2.915s] -- Up-to-date: /home/GTL/mgaddam/CS7630/ros2_ws/install/cs7630_msgs/share/cs7630_msgs/cmake/export_cs7630_msgs__rosidl_generator_cExport.cmake
[2.916s] -- Up-to-date: /home/GTL/mgaddam/CS7630/ros2_ws/install/cs7630_msgs/share/cs7630_msgs/cmake/export_cs7630_msgs__rosidl_generator_cExport-noconfig.cmake
[2.917s] -- Up-to-date: /home/GTL/mgaddam/CS7630/ros2_ws/install/cs7630_msgs/share/cs7630_msgs/cmake/export_cs7630_msgs__rosidl_typesupport_fastrtps_cExport.cmake
[2.918s] -- Up-to-date: /home/GTL/mgaddam/CS7630/ros2_ws/install/cs7630_msgs/share/cs7630_msgs/cmake/export_cs7630_msgs__rosidl_typesupport_fastrtps_cExport-noconfig.cmake
[2.919s] -- Up-to-date: /home/GTL/mgaddam/CS7630/ros2_ws/install/cs7630_msgs/share/cs7630_msgs/cmake/cs7630_msgs__rosidl_typesupport_introspection_cExport.cmake
[2.920s] -- Up-to-date: /home/GTL/mgaddam/CS7630/ros2_ws/install/cs7630_msgs/share/cs7630_msgs/cmake/cs7630_msgs__rosidl_typesupport_introspection_cExport-noconfig.cmake
[2.921s] -- Up-to-date: /home/GTL/mgaddam/CS7630/ros2_ws/install/cs7630_msgs/share/cs7630_msgs/cmake/cs7630_msgs__rosidl_typesupport_cExport.cmake
[2.921s] -- Up-to-date: /home/GTL/mgaddam/CS7630/ros2_ws/install/cs7630_msgs/share/cs7630_msgs/cmake/cs7630_msgs__rosidl_typesupport_cExport-noconfig.cmake
[2.923s] -- Up-to-date: /home/GTL/mgaddam/CS7630/ros2_ws/install/cs7630_msgs/share/cs7630_msgs/cmake/export_cs7630_msgs__rosidl_generator_cppExport.cmake
[2.924s] -- Up-to-date: /home/GTL/mgaddam/CS7630/ros2_ws/install/cs7630_msgs/share/cs7630_msgs/cmake/export_cs7630_msgs__rosidl_typesupport_fastrtps_cppExport.cmake
[2.925s] -- Up-to-date: /home/GTL/mgaddam/CS7630/ros2_ws/install/cs7630_msgs/share/cs7630_msgs/cmake/export_cs7630_msgs__rosidl_typesupport_fastrtps_cppExport-noconfig.cmake
[2.926s] -- Up-to-date: /home/GTL/mgaddam/CS7630/ros2_ws/install/cs7630_msgs/share/cs7630_msgs/cmake/cs7630_msgs__rosidl_typesupport_introspection_cppExport.cmake
[2.927s] -- Up-to-date: /home/GTL/mgaddam/CS7630/ros2_ws/install/cs7630_msgs/share/cs7630_msgs/cmake/cs7630_msgs__rosidl_typesupport_introspection_cppExport-noconfig.cmake
[2.929s] -- Up-to-date: /home/GTL/mgaddam/CS7630/ros2_ws/install/cs7630_msgs/share/cs7630_msgs/cmake/cs7630_msgs__rosidl_typesupport_cppExport.cmake
[2.930s] -- Up-to-date: /home/GTL/mgaddam/CS7630/ros2_ws/install/cs7630_msgs/share/cs7630_msgs/cmake/cs7630_msgs__rosidl_typesupport_cppExport-noconfig.cmake
[2.932s] -- Up-to-date: /home/GTL/mgaddam/CS7630/ros2_ws/install/cs7630_msgs/share/cs7630_msgs/cmake/export_cs7630_msgs__rosidl_generator_pyExport.cmake
[2.933s] -- Up-to-date: /home/GTL/mgaddam/CS7630/ros2_ws/install/cs7630_msgs/share/cs7630_msgs/cmake/export_cs7630_msgs__rosidl_generator_pyExport-noconfig.cmake
[2.933s] -- Up-to-date: /home/GTL/mgaddam/CS7630/ros2_ws/install/cs7630_msgs/share/cs7630_msgs/cmake/rosidl_cmake-extras.cmake
[2.934s] -- Up-to-date: /home/GTL/mgaddam/CS7630/ros2_ws/install/cs7630_msgs/share/cs7630_msgs/cmake/ament_cmake_export_dependencies-extras.cmake
[2.934s] -- Up-to-date: /home/GTL/mgaddam/CS7630/ros2_ws/install/cs7630_msgs/share/cs7630_msgs/cmake/ament_cmake_export_include_directories-extras.cmake
[2.935s] -- Up-to-date: /home/GTL/mgaddam/CS7630/ros2_ws/install/cs7630_msgs/share/cs7630_msgs/cmake/ament_cmake_export_libraries-extras.cmake
[2.935s] -- Up-to-date: /home/GTL/mgaddam/CS7630/ros2_ws/install/cs7630_msgs/share/cs7630_msgs/cmake/ament_cmake_export_targets-extras.cmake
[2.936s] -- Up-to-date: /home/GTL/mgaddam/CS7630/ros2_ws/install/cs7630_msgs/share/cs7630_msgs/cmake/rosidl_cmake_export_typesupport_targets-extras.cmake
[2.936s] -- Up-to-date: /home/GTL/mgaddam/CS7630/ros2_ws/install/cs7630_msgs/share/cs7630_msgs/cmake/rosidl_cmake_export_typesupport_libraries-extras.cmake
[2.937s] -- Up-to-date: /home/GTL/mgaddam/CS7630/ros2_ws/install/cs7630_msgs/share/cs7630_msgs/cmake/cs7630_msgsConfig.cmake
[2.937s] -- Up-to-date: /home/GTL/mgaddam/CS7630/ros2_ws/install/cs7630_msgs/share/cs7630_msgs/cmake/cs7630_msgsConfig-version.cmake
[2.938s] -- Up-to-date: /home/GTL/mgaddam/CS7630/ros2_ws/install/cs7630_msgs/share/cs7630_msgs/package.xml
[3.048s] Invoked command in '/home/GTL/mgaddam/CS7630/ros2_ws/build/cs7630_msgs' returned '0': CMAKE_PREFIX_PATH=${CMAKE_PREFIX_PATH}:/home/GTL/mgaddam/CS7630/ros2_ws/install/wpa_cli:/home/GTL/mgaddam/CS7630/ros2_ws/install/vrep_ros_teleop:/home/GTL/mgaddam/CS7630/ros2_ws/install/task_manager_client_py:/home/GTL/mgaddam/CS7630/ros2_ws/install/ar_slam_base:/home/GTL/mgaddam/CS7630/ros2_ws/install/ar_loc_base:/home/GTL/mgaddam/CS7630/ros2_ws/install/rover_driver_base:/home/GTL/mgaddam/CS7630/ros2_ws/install/keyboard_teleop:/home/GTL/mgaddam/CS7630/ros2_ws/install/face_detect_base:/home/GTL/mgaddam/CS7630/ros2_ws/install/button_server:/home/GTL/mgaddam/CS7630/ros2_ws/install/ar_mapping_base:/opt/ros/humble /usr/bin/cmake --install /home/GTL/mgaddam/CS7630/ros2_ws/build/cs7630_msgs
