[0.867s] Invoking command in '/home/GTL/mgaddam/CS7630/ros2_ws/build/cs7630_msgs': CMAKE_PREFIX_PATH=${CMAKE_PREFIX_PATH}:/home/GTL/mgaddam/CS7630/ros2_ws/install/wpa_cli:/home/GTL/mgaddam/CS7630/ros2_ws/install/vrep_ros_teleop:/home/GTL/mgaddam/CS7630/ros2_ws/install/task_manager_client_py:/home/GTL/mgaddam/CS7630/ros2_ws/install/ar_slam_base:/home/GTL/mgaddam/CS7630/ros2_ws/install/ar_loc_base:/home/GTL/mgaddam/CS7630/ros2_ws/install/rover_driver_base:/home/GTL/mgaddam/CS7630/ros2_ws/install/keyboard_teleop:/home/GTL/mgaddam/CS7630/ros2_ws/install/face_detect_base:/home/GTL/mgaddam/CS7630/ros2_ws/install/button_server:/home/GTL/mgaddam/CS7630/ros2_ws/install/ar_mapping_base:/opt/ros/humble /usr/bin/cmake --build /home/GTL/mgaddam/CS7630/ros2_ws/build/cs7630_msgs -- -j16 -l16
[2.084s] [  6%] Built target cs7630_msgs__cpp
[2.084s] [ 12%] Built target cs7630_msgs__rosidl_generator_c
[2.084s] [ 61%] Built target cs7630_msgs__rosidl_typesupport_introspection_cpp
[2.084s] [ 61%] Built target cs7630_msgs__rosidl_typesupport_fastrtps_cpp
[2.084s] [ 61%] Built target cs7630_msgs__rosidl_typesupport_cpp
[2.084s] [ 70%] Built target cs7630_msgs__rosidl_typesupport_fastrtps_c
[2.084s] [ 70%] Built target cs7630_msgs__rosidl_typesupport_c
[2.084s] [ 70%] Built target cs7630_msgs__rosidl_typesupport_introspection_c
[2.084s] [ 70%] Built target ament_cmake_python_copy_cs7630_msgs
[2.084s] [ 70%] Built target cs7630_msgs
[2.084s] [ 74%] Built target cs7630_msgs__py
[2.084s] [ 80%] Built target cs7630_msgs__rosidl_generator_py
[2.084s] [100%] Built target cs7630_msgs__rosidl_typesupport_fastrtps_c__pyext
[2.084s] [100%] Built target cs7630_msgs__rosidl_typesupport_introspection_c__pyext
[2.084s] [100%] Built target cs7630_msgs__rosidl_typesupport_c__pyext
[2.084s] running egg_info
[2.084s] writing cs7630_msgs.egg-info/PKG-INFO
[2.084s] writing dependency_links to cs7630_msgs.egg-info/dependency_links.txt
[2.084s] writing top-level names to cs7630_msgs.egg-info/top_level.txt
[2.084s] reading manifest file 'cs7630_msgs.egg-info/SOURCES.txt'
[2.084s] writing manifest file 'cs7630_msgs.egg-info/SOURCES.txt'
[2.084s] [100%] Built target ament_cmake_python_build_cs7630_msgs_egg
[2.085s] Invoked command in '/home/GTL/mgaddam/CS7630/ros2_ws/build/cs7630_msgs' returned '0': CMAKE_PREFIX_PATH=${CMAKE_PREFIX_PATH}:/home/GTL/mgaddam/CS7630/ros2_ws/install/wpa_cli:/home/GTL/mgaddam/CS7630/ros2_ws/install/vrep_ros_teleop:/home/GTL/mgaddam/CS7630/ros2_ws/install/task_manager_client_py:/home/GTL/mgaddam/CS7630/ros2_ws/install/ar_slam_base:/home/GTL/mgaddam/CS7630/ros2_ws/install/ar_loc_base:/home/GTL/mgaddam/CS7630/ros2_ws/install/rover_driver_base:/home/GTL/mgaddam/CS7630/ros2_ws/install/keyboard_teleop:/home/GTL/mgaddam/CS7630/ros2_ws/install/face_detect_base:/home/GTL/mgaddam/CS7630/ros2_ws/install/button_server:/home/GTL/mgaddam/CS7630/ros2_ws/install/ar_mapping_base:/opt/ros/humble /usr/bin/cmake --build /home/GTL/mgaddam/CS7630/ros2_ws/build/cs7630_msgs -- -j16 -l16
[2.417s] Invoking command in '/home/GTL/mgaddam/CS7630/ros2_ws/build/cs7630_msgs': CMAKE_PREFIX_PATH=${CMAKE_PREFIX_PATH}:/home/GTL/mgaddam/CS7630/ros2_ws/install/wpa_cli:/home/GTL/mgaddam/CS7630/ros2_ws/install/vrep_ros_teleop:/home/GTL/mgaddam/CS7630/ros2_ws/install/task_manager_client_py:/home/GTL/mgaddam/CS7630/ros2_ws/install/ar_slam_base:/home/GTL/mgaddam/CS7630/ros2_ws/install/ar_loc_base:/home/GTL/mgaddam/CS7630/ros2_ws/install/rover_driver_base:/home/GTL/mgaddam/CS7630/ros2_ws/install/keyboard_teleop:/home/GTL/mgaddam/CS7630/ros2_ws/install/face_detect_base:/home/GTL/mgaddam/CS7630/ros2_ws/install/button_server:/home/GTL/mgaddam/CS7630/ros2_ws/install/ar_mapping_base:/opt/ros/humble /usr/bin/cmake --install /home/GTL/mgaddam/CS7630/ros2_ws/build/cs7630_msgs
[2.426s] -- Install configuration: ""
[2.426s] -- Up-to-date: /home/GTL/mgaddam/CS7630/ros2_ws/install/cs7630_msgs/share/ament_index/resource_index/rosidl_interfaces/cs7630_msgs
[2.426s] -- Up-to-date: /home/GTL/mgaddam/CS7630/ros2_ws/install/cs7630_msgs/include/cs7630_msgs/cs7630_msgs
[2.426s] -- Up-to-date: /home/GTL/mgaddam/CS7630/ros2_ws/install/cs7630_msgs/include/cs7630_msgs/cs7630_msgs/msg
[2.426s] -- Up-to-date: /home/GTL/mgaddam/CS7630/ros2_ws/install/cs7630_msgs/include/cs7630_msgs/cs7630_msgs/msg/region_of_interest_array.h
[2.426s] -- Up-to-date: /home/GTL/mgaddam/CS7630/ros2_ws/install/cs7630_msgs/include/cs7630_msgs/cs7630_msgs/msg/detail
[2.426s] -- Up-to-date: /home/GTL/mgaddam/CS7630/ros2_ws/install/cs7630_msgs/include/cs7630_msgs/cs7630_msgs/msg/detail/region_of_interest_array__struct.h
[2.427s] -- Up-to-date: /home/GTL/mgaddam/CS7630/ros2_ws/install/cs7630_msgs/include/cs7630_msgs/cs7630_msgs/msg/detail/region_of_interest_array__functions.h
[2.427s] -- Up-to-date: /home/GTL/mgaddam/CS7630/ros2_ws/install/cs7630_msgs/include/cs7630_msgs/cs7630_msgs/msg/detail/region_of_interest_array__functions.c
[2.427s] -- Up-to-date: /home/GTL/mgaddam/CS7630/ros2_ws/install/cs7630_msgs/include/cs7630_msgs/cs7630_msgs/msg/detail/region_of_interest_array__type_support.h
[2.427s] -- Up-to-date: /home/GTL/mgaddam/CS7630/ros2_ws/install/cs7630_msgs/include/cs7630_msgs/cs7630_msgs/msg/rosidl_generator_c__visibility_control.h
[2.427s] -- Up-to-date: /home/GTL/mgaddam/CS7630/ros2_ws/install/cs7630_msgs/share/cs7630_msgs/environment/library_path.sh
[2.430s] -- Up-to-date: /home/GTL/mgaddam/CS7630/ros2_ws/install/cs7630_msgs/share/cs7630_msgs/environment/library_path.dsv
[2.431s] -- Up-to-date: /home/GTL/mgaddam/CS7630/ros2_ws/install/cs7630_msgs/lib/libcs7630_msgs__rosidl_generator_c.so
[2.431s] -- Up-to-date: /home/GTL/mgaddam/CS7630/ros2_ws/install/cs7630_msgs/include/cs7630_msgs/cs7630_msgs
[2.431s] -- Up-to-date: /home/GTL/mgaddam/CS7630/ros2_ws/install/cs7630_msgs/include/cs7630_msgs/cs7630_msgs/msg
[2.432s] -- Up-to-date: /home/GTL/mgaddam/CS7630/ros2_ws/install/cs7630_msgs/include/cs7630_msgs/cs7630_msgs/msg/detail
[2.437s] -- Up-to-date: /home/GTL/mgaddam/CS7630/ros2_ws/install/cs7630_msgs/include/cs7630_msgs/cs7630_msgs/msg/detail/region_of_interest_array__rosidl_typesupport_fastrtps_c.h
[2.438s] -- Up-to-date: /home/GTL/mgaddam/CS7630/ros2_ws/install/cs7630_msgs/include/cs7630_msgs/cs7630_msgs/msg/rosidl_typesupport_fastrtps_c__visibility_control.h
[2.438s] -- Up-to-date: /home/GTL/mgaddam/CS7630/ros2_ws/install/cs7630_msgs/lib/libcs7630_msgs__rosidl_typesupport_fastrtps_c.so
[2.438s] -- Up-to-date: /home/GTL/mgaddam/CS7630/ros2_ws/install/cs7630_msgs/include/cs7630_msgs/cs7630_msgs
[2.438s] -- Up-to-date: /home/GTL/mgaddam/CS7630/ros2_ws/install/cs7630_msgs/include/cs7630_msgs/cs7630_msgs/msg
[2.439s] -- Up-to-date: /home/GTL/mgaddam/CS7630/ros2_ws/install/cs7630_msgs/include/cs7630_msgs/cs7630_msgs/msg/detail
[2.439s] -- Up-to-date: /home/GTL/mgaddam/CS7630/ros2_ws/install/cs7630_msgs/include/cs7630_msgs/cs7630_msgs/msg/detail/region_of_interest_array__type_support.c
[2.439s] -- Up-to-date: /home/GTL/mgaddam/CS7630/ros2_ws/install/cs7630_msgs/include/cs7630_msgs/cs7630_msgs/msg/detail/region_of_interest_array__rosidl_typesupport_introspection_c.h
[2.439s] -- Up-to-date: /home/GTL/mgaddam/CS7630/ros2_ws/install/cs7630_msgs/include/cs7630_msgs/cs7630_msgs/msg/rosidl_typesupport_introspection_c__visibility_control.h
[2.446s] -- Up-to-date: /home/GTL/mgaddam/CS7630/ros2_ws/install/cs7630_msgs/lib/libcs7630_msgs__rosidl_typesupport_introspection_c.so
[2.447s] -- Up-to-date: /home/GTL/mgaddam/CS7630/ros2_ws/install/cs7630_msgs/lib/libcs7630_msgs__rosidl_typesupport_c.so
[2.448s] -- Up-to-date: /home/GTL/mgaddam/CS7630/ros2_ws/install/cs7630_msgs/include/cs7630_msgs/cs7630_msgs
[2.448s] -- Up-to-date: /home/GTL/mgaddam/CS7630/ros2_ws/install/cs7630_msgs/include/cs7630_msgs/cs7630_msgs/msg
[2.448s] -- Up-to-date: /home/GTL/mgaddam/CS7630/ros2_ws/install/cs7630_msgs/include/cs7630_msgs/cs7630_msgs/msg/detail
[2.448s] -- Up-to-date: /home/GTL/mgaddam/CS7630/ros2_ws/install/cs7630_msgs/include/cs7630_msgs/cs7630_msgs/msg/detail/region_of_interest_array__builder.hpp
[2.448s] -- Up-to-date: /home/GTL/mgaddam/CS7630/ros2_ws/install/cs7630_msgs/include/cs7630_msgs/cs7630_msgs/msg/detail/region_of_interest_array__traits.hpp
[2.448s] -- Up-to-date: /home/GTL/mgaddam/CS7630/ros2_ws/install/cs7630_msgs/include/cs7630_msgs/cs7630_msgs/msg/detail/region_of_interest_array__struct.hpp
[2.448s] -- Up-to-date: /home/GTL/mgaddam/CS7630/ros2_ws/install/cs7630_msgs/include/cs7630_msgs/cs7630_msgs/msg/region_of_interest_array.hpp
[2.448s] -- Up-to-date: /home/GTL/mgaddam/CS7630/ros2_ws/install/cs7630_msgs/include/cs7630_msgs/cs7630_msgs
[2.449s] -- Up-to-date: /home/GTL/mgaddam/CS7630/ros2_ws/install/cs7630_msgs/include/cs7630_msgs/cs7630_msgs/msg
[2.450s] -- Up-to-date: /home/GTL/mgaddam/CS7630/ros2_ws/install/cs7630_msgs/include/cs7630_msgs/cs7630_msgs/msg/detail
[2.451s] -- Up-to-date: /home/GTL/mgaddam/CS7630/ros2_ws/install/cs7630_msgs/include/cs7630_msgs/cs7630_msgs/msg/detail/region_of_interest_array__rosidl_typesupport_fastrtps_cpp.hpp
[2.451s] -- Up-to-date: /home/GTL/mgaddam/CS7630/ros2_ws/install/cs7630_msgs/include/cs7630_msgs/cs7630_msgs/msg/detail/dds_fastrtps
[2.451s] -- Up-to-date: /home/GTL/mgaddam/CS7630/ros2_ws/install/cs7630_msgs/include/cs7630_msgs/cs7630_msgs/msg/rosidl_typesupport_fastrtps_cpp__visibility_control.h
[2.453s] -- Up-to-date: /home/GTL/mgaddam/CS7630/ros2_ws/install/cs7630_msgs/lib/libcs7630_msgs__rosidl_typesupport_fastrtps_cpp.so
[2.455s] -- Up-to-date: /home/GTL/mgaddam/CS7630/ros2_ws/install/cs7630_msgs/include/cs7630_msgs/cs7630_msgs
[2.456s] -- Up-to-date: /home/GTL/mgaddam/CS7630/ros2_ws/install/cs7630_msgs/include/cs7630_msgs/cs7630_msgs/msg
[2.457s] -- Up-to-date: /home/GTL/mgaddam/CS7630/ros2_ws/install/cs7630_msgs/include/cs7630_msgs/cs7630_msgs/msg/detail
[2.458s] -- Up-to-date: /home/GTL/mgaddam/CS7630/ros2_ws/install/cs7630_msgs/include/cs7630_msgs/cs7630_msgs/msg/detail/region_of_interest_array__rosidl_typesupport_introspection_cpp.hpp
[2.458s] -- Up-to-date: /home/GTL/mgaddam/CS7630/ros2_ws/install/cs7630_msgs/include/cs7630_msgs/cs7630_msgs/msg/detail/region_of_interest_array__type_support.cpp
[2.459s] -- Up-to-date: /home/GTL/mgaddam/CS7630/ros2_ws/install/cs7630_msgs/lib/libcs7630_msgs__rosidl_typesupport_introspection_cpp.so
[2.462s] -- Up-to-date: /home/GTL/mgaddam/CS7630/ros2_ws/install/cs7630_msgs/lib/libcs7630_msgs__rosidl_typesupport_cpp.so
[2.464s] -- Up-to-date: /home/GTL/mgaddam/CS7630/ros2_ws/install/cs7630_msgs/share/cs7630_msgs/environment/pythonpath.sh
[2.465s] -- Up-to-date: /home/GTL/mgaddam/CS7630/ros2_ws/install/cs7630_msgs/share/cs7630_msgs/environment/pythonpath.dsv
[2.465s] -- Up-to-date: /home/GTL/mgaddam/CS7630/ros2_ws/install/cs7630_msgs/local/lib/python3.10/dist-packages/cs7630_msgs-0.0.0-py3.10.egg-info
[2.466s] -- Installing: /home/GTL/mgaddam/CS7630/ros2_ws/install/cs7630_msgs/local/lib/python3.10/dist-packages/cs7630_msgs-0.0.0-py3.10.egg-info/dependency_links.txt
[2.471s] -- Installing: /home/GTL/mgaddam/CS7630/ros2_ws/install/cs7630_msgs/local/lib/python3.10/dist-packages/cs7630_msgs-0.0.0-py3.10.egg-info/top_level.txt
[2.475s] -- Installing: /home/GTL/mgaddam/CS7630/ros2_ws/install/cs7630_msgs/local/lib/python3.10/dist-packages/cs7630_msgs-0.0.0-py3.10.egg-info/PKG-INFO
[2.479s] -- Installing: /home/GTL/mgaddam/CS7630/ros2_ws/install/cs7630_msgs/local/lib/python3.10/dist-packages/cs7630_msgs-0.0.0-py3.10.egg-info/SOURCES.txt
[2.484s] -- Up-to-date: /home/GTL/mgaddam/CS7630/ros2_ws/install/cs7630_msgs/local/lib/python3.10/dist-packages/cs7630_msgs
[2.484s] -- Up-to-date: /home/GTL/mgaddam/CS7630/ros2_ws/install/cs7630_msgs/local/lib/python3.10/dist-packages/cs7630_msgs/msg
[2.486s] -- Up-to-date: /home/GTL/mgaddam/CS7630/ros2_ws/install/cs7630_msgs/local/lib/python3.10/dist-packages/cs7630_msgs/msg/_region_of_interest_array_s.c
[2.486s] -- Up-to-date: /home/GTL/mgaddam/CS7630/ros2_ws/install/cs7630_msgs/local/lib/python3.10/dist-packages/cs7630_msgs/msg/_region_of_interest_array.py
[2.486s] -- Up-to-date: /home/GTL/mgaddam/CS7630/ros2_ws/install/cs7630_msgs/local/lib/python3.10/dist-packages/cs7630_msgs/msg/__init__.py
[2.487s] -- Up-to-date: /home/GTL/mgaddam/CS7630/ros2_ws/install/cs7630_msgs/local/lib/python3.10/dist-packages/cs7630_msgs/cs7630_msgs_s__rosidl_typesupport_c.cpython-310-x86_64-linux-gnu.so
[2.487s] -- Up-to-date: /home/GTL/mgaddam/CS7630/ros2_ws/install/cs7630_msgs/local/lib/python3.10/dist-packages/cs7630_msgs/libcs7630_msgs__rosidl_generator_py.so
[2.487s] -- Up-to-date: /home/GTL/mgaddam/CS7630/ros2_ws/install/cs7630_msgs/local/lib/python3.10/dist-packages/cs7630_msgs/cs7630_msgs_s__rosidl_typesupport_fastrtps_c.cpython-310-x86_64-linux-gnu.so
[2.488s] -- Up-to-date: /home/GTL/mgaddam/CS7630/ros2_ws/install/cs7630_msgs/local/lib/python3.10/dist-packages/cs7630_msgs/_cs7630_msgs_s.ep.rosidl_typesupport_c.c
[2.488s] -- Up-to-date: /home/GTL/mgaddam/CS7630/ros2_ws/install/cs7630_msgs/local/lib/python3.10/dist-packages/cs7630_msgs/cs7630_msgs_s__rosidl_typesupport_introspection_c.cpython-310-x86_64-linux-gnu.so
[2.488s] -- Up-to-date: /home/GTL/mgaddam/CS7630/ros2_ws/install/cs7630_msgs/local/lib/python3.10/dist-packages/cs7630_msgs/_cs7630_msgs_s.ep.rosidl_typesupport_fastrtps_c.c
[2.489s] -- Up-to-date: /home/GTL/mgaddam/CS7630/ros2_ws/install/cs7630_msgs/local/lib/python3.10/dist-packages/cs7630_msgs/__init__.py
[2.489s] -- Up-to-date: /home/GTL/mgaddam/CS7630/ros2_ws/install/cs7630_msgs/local/lib/python3.10/dist-packages/cs7630_msgs/_cs7630_msgs_s.ep.rosidl_typesupport_introspection_c.c
[2.527s] Listing '/home/GTL/mgaddam/CS7630/ros2_ws/install/cs7630_msgs/local/lib/python3.10/dist-packages/cs7630_msgs'...
[2.527s] Listing '/home/GTL/mgaddam/CS7630/ros2_ws/install/cs7630_msgs/local/lib/python3.10/dist-packages/cs7630_msgs/msg'...
[2.532s] -- Up-to-date: /home/GTL/mgaddam/CS7630/ros2_ws/install/cs7630_msgs/local/lib/python3.10/dist-packages/cs7630_msgs/cs7630_msgs_s__rosidl_typesupport_fastrtps_c.cpython-310-x86_64-linux-gnu.so
[2.535s] -- Up-to-date: /home/GTL/mgaddam/CS7630/ros2_ws/install/cs7630_msgs/local/lib/python3.10/dist-packages/cs7630_msgs/cs7630_msgs_s__rosidl_typesupport_introspection_c.cpython-310-x86_64-linux-gnu.so
[2.539s] -- Up-to-date: /home/GTL/mgaddam/CS7630/ros2_ws/install/cs7630_msgs/local/lib/python3.10/dist-packages/cs7630_msgs/cs7630_msgs_s__rosidl_typesupport_c.cpython-310-x86_64-linux-gnu.so
[2.541s] -- Up-to-date: /home/GTL/mgaddam/CS7630/ros2_ws/install/cs7630_msgs/lib/libcs7630_msgs__rosidl_generator_py.so
[2.544s] -- Up-to-date: /home/GTL/mgaddam/CS7630/ros2_ws/install/cs7630_msgs/share/cs7630_msgs/msg/RegionOfInterestArray.idl
[2.544s] -- Up-to-date: /home/GTL/mgaddam/CS7630/ros2_ws/install/cs7630_msgs/share/cs7630_msgs/msg/RegionOfInterestArray.msg
[2.553s] -- Up-to-date: /home/GTL/mgaddam/CS7630/ros2_ws/install/cs7630_msgs/share/ament_index/resource_index/package_run_dependencies/cs7630_msgs
[2.554s] -- Up-to-date: /home/GTL/mgaddam/CS7630/ros2_ws/install/cs7630_msgs/share/ament_index/resource_index/parent_prefix_path/cs7630_msgs
[2.554s] -- Up-to-date: /home/GTL/mgaddam/CS7630/ros2_ws/install/cs7630_msgs/share/cs7630_msgs/environment/ament_prefix_path.sh
[2.554s] -- Up-to-date: /home/GTL/mgaddam/CS7630/ros2_ws/install/cs7630_msgs/share/cs7630_msgs/environment/ament_prefix_path.dsv
[2.554s] -- Up-to-date: /home/GTL/mgaddam/CS7630/ros2_ws/install/cs7630_msgs/share/cs7630_msgs/environment/path.sh
[2.554s] -- Up-to-date: /home/GTL/mgaddam/CS7630/ros2_ws/install/cs7630_msgs/share/cs7630_msgs/environment/path.dsv
[2.554s] -- Up-to-date: /home/GTL/mgaddam/CS7630/ros2_ws/install/cs7630_msgs/share/cs7630_msgs/local_setup.bash
[2.554s] -- Up-to-date: /home/GTL/mgaddam/CS7630/ros2_ws/install/cs7630_msgs/share/cs7630_msgs/local_setup.sh
[2.554s] -- Up-to-date: /home/GTL/mgaddam/CS7630/ros2_ws/install/cs7630_msgs/share/cs7630_msgs/local_setup.zsh
[2.554s] -- Up-to-date: /home/GTL/mgaddam/CS7630/ros2_ws/install/cs7630_msgs/share/cs7630_msgs/local_setup.dsv
[2.554s] -- Installing: /home/GTL/mgaddam/CS7630/ros2_ws/install/cs7630_msgs/share/cs7630_msgs/package.dsv
[2.555s] -- Up-to-date: /home/GTL/mgaddam/CS7630/ros2_ws/install/cs7630_msgs/share/ament_index/resource_index/packages/cs7630_msgs
[2.556s] -- Up-to-date: /home/GTL/mgaddam/CS7630/ros2_ws/install/cs7630_msgs/share/cs7630_msgs/cmake/export_cs7630_msgs__rosidl_generator_cExport.cmake
[2.556s] -- Up-to-date: /home/GTL/mgaddam/CS7630/ros2_ws/install/cs7630_msgs/share/cs7630_msgs/cmake/export_cs7630_msgs__rosidl_generator_cExport-noconfig.cmake
[2.558s] -- Up-to-date: /home/GTL/mgaddam/CS7630/ros2_ws/install/cs7630_msgs/share/cs7630_msgs/cmake/export_cs7630_msgs__rosidl_typesupport_fastrtps_cExport.cmake
[2.558s] -- Up-to-date: /home/GTL/mgaddam/CS7630/ros2_ws/install/cs7630_msgs/share/cs7630_msgs/cmake/export_cs7630_msgs__rosidl_typesupport_fastrtps_cExport-noconfig.cmake
[2.560s] -- Up-to-date: /home/GTL/mgaddam/CS7630/ros2_ws/install/cs7630_msgs/share/cs7630_msgs/cmake/cs7630_msgs__rosidl_typesupport_introspection_cExport.cmake
[2.560s] -- Up-to-date: /home/GTL/mgaddam/CS7630/ros2_ws/install/cs7630_msgs/share/cs7630_msgs/cmake/cs7630_msgs__rosidl_typesupport_introspection_cExport-noconfig.cmake
[2.562s] -- Up-to-date: /home/GTL/mgaddam/CS7630/ros2_ws/install/cs7630_msgs/share/cs7630_msgs/cmake/cs7630_msgs__rosidl_typesupport_cExport.cmake
[2.562s] -- Up-to-date: /home/GTL/mgaddam/CS7630/ros2_ws/install/cs7630_msgs/share/cs7630_msgs/cmake/cs7630_msgs__rosidl_typesupport_cExport-noconfig.cmake
[2.564s] -- Up-to-date: /home/GTL/mgaddam/CS7630/ros2_ws/install/cs7630_msgs/share/cs7630_msgs/cmake/export_cs7630_msgs__rosidl_generator_cppExport.cmake
[2.566s] -- Up-to-date: /home/GTL/mgaddam/CS7630/ros2_ws/install/cs7630_msgs/share/cs7630_msgs/cmake/export_cs7630_msgs__rosidl_typesupport_fastrtps_cppExport.cmake
[2.566s] -- Up-to-date: /home/GTL/mgaddam/CS7630/ros2_ws/install/cs7630_msgs/share/cs7630_msgs/cmake/export_cs7630_msgs__rosidl_typesupport_fastrtps_cppExport-noconfig.cmake
[2.567s] -- Up-to-date: /home/GTL/mgaddam/CS7630/ros2_ws/install/cs7630_msgs/share/cs7630_msgs/cmake/cs7630_msgs__rosidl_typesupport_introspection_cppExport.cmake
[2.568s] -- Up-to-date: /home/GTL/mgaddam/CS7630/ros2_ws/install/cs7630_msgs/share/cs7630_msgs/cmake/cs7630_msgs__rosidl_typesupport_introspection_cppExport-noconfig.cmake
[2.570s] -- Up-to-date: /home/GTL/mgaddam/CS7630/ros2_ws/install/cs7630_msgs/share/cs7630_msgs/cmake/cs7630_msgs__rosidl_typesupport_cppExport.cmake
[2.570s] -- Up-to-date: /home/GTL/mgaddam/CS7630/ros2_ws/install/cs7630_msgs/share/cs7630_msgs/cmake/cs7630_msgs__rosidl_typesupport_cppExport-noconfig.cmake
[2.572s] -- Up-to-date: /home/GTL/mgaddam/CS7630/ros2_ws/install/cs7630_msgs/share/cs7630_msgs/cmake/export_cs7630_msgs__rosidl_generator_pyExport.cmake
[2.572s] -- Up-to-date: /home/GTL/mgaddam/CS7630/ros2_ws/install/cs7630_msgs/share/cs7630_msgs/cmake/export_cs7630_msgs__rosidl_generator_pyExport-noconfig.cmake
[2.572s] -- Up-to-date: /home/GTL/mgaddam/CS7630/ros2_ws/install/cs7630_msgs/share/cs7630_msgs/cmake/rosidl_cmake-extras.cmake
[2.572s] -- Up-to-date: /home/GTL/mgaddam/CS7630/ros2_ws/install/cs7630_msgs/share/cs7630_msgs/cmake/ament_cmake_export_dependencies-extras.cmake
[2.573s] -- Up-to-date: /home/GTL/mgaddam/CS7630/ros2_ws/install/cs7630_msgs/share/cs7630_msgs/cmake/ament_cmake_export_include_directories-extras.cmake
[2.573s] -- Up-to-date: /home/GTL/mgaddam/CS7630/ros2_ws/install/cs7630_msgs/share/cs7630_msgs/cmake/ament_cmake_export_libraries-extras.cmake
[2.574s] -- Up-to-date: /home/GTL/mgaddam/CS7630/ros2_ws/install/cs7630_msgs/share/cs7630_msgs/cmake/ament_cmake_export_targets-extras.cmake
[2.575s] -- Up-to-date: /home/GTL/mgaddam/CS7630/ros2_ws/install/cs7630_msgs/share/cs7630_msgs/cmake/rosidl_cmake_export_typesupport_targets-extras.cmake
[2.575s] -- Up-to-date: /home/GTL/mgaddam/CS7630/ros2_ws/install/cs7630_msgs/share/cs7630_msgs/cmake/rosidl_cmake_export_typesupport_libraries-extras.cmake
[2.575s] -- Up-to-date: /home/GTL/mgaddam/CS7630/ros2_ws/install/cs7630_msgs/share/cs7630_msgs/cmake/cs7630_msgsConfig.cmake
[2.575s] -- Up-to-date: /home/GTL/mgaddam/CS7630/ros2_ws/install/cs7630_msgs/share/cs7630_msgs/cmake/cs7630_msgsConfig-version.cmake
[2.575s] -- Up-to-date: /home/GTL/mgaddam/CS7630/ros2_ws/install/cs7630_msgs/share/cs7630_msgs/package.xml
[2.933s] Invoked command in '/home/GTL/mgaddam/CS7630/ros2_ws/build/cs7630_msgs' returned '0': CMAKE_PREFIX_PATH=${CMAKE_PREFIX_PATH}:/home/GTL/mgaddam/CS7630/ros2_ws/install/wpa_cli:/home/GTL/mgaddam/CS7630/ros2_ws/install/vrep_ros_teleop:/home/GTL/mgaddam/CS7630/ros2_ws/install/task_manager_client_py:/home/GTL/mgaddam/CS7630/ros2_ws/install/ar_slam_base:/home/GTL/mgaddam/CS7630/ros2_ws/install/ar_loc_base:/home/GTL/mgaddam/CS7630/ros2_ws/install/rover_driver_base:/home/GTL/mgaddam/CS7630/ros2_ws/install/keyboard_teleop:/home/GTL/mgaddam/CS7630/ros2_ws/install/face_detect_base:/home/GTL/mgaddam/CS7630/ros2_ws/install/button_server:/home/GTL/mgaddam/CS7630/ros2_ws/install/ar_mapping_base:/opt/ros/humble /usr/bin/cmake --install /home/GTL/mgaddam/CS7630/ros2_ws/build/cs7630_msgs
