[2.556s] Invoking command in '/home/GTL/mgaddam/CS7630/ros2_ws/src/vrep_ros_teleop': PYTHONPATH=/home/GTL/mgaddam/CS7630/ros2_ws/build/vrep_ros_teleop/prefix_override:/home/GTL/mgaddam/CS7630/ros2_ws/install/vrep_ros_teleop/lib/python3.10/site-packages:${PYTHONPATH} /usr/bin/python3 setup.py egg_info --egg-base ../../build/vrep_ros_teleop build --build-base /home/GTL/mgaddam/CS7630/ros2_ws/build/vrep_ros_teleop/build install --record /home/GTL/mgaddam/CS7630/ros2_ws/build/vrep_ros_teleop/install.log --single-version-externally-managed
[2.787s] running egg_info
[2.788s] writing ../../build/vrep_ros_teleop/vrep_ros_teleop.egg-info/PKG-INFO
[2.789s] writing dependency_links to ../../build/vrep_ros_teleop/vrep_ros_teleop.egg-info/dependency_links.txt
[2.790s] writing entry points to ../../build/vrep_ros_teleop/vrep_ros_teleop.egg-info/entry_points.txt
[2.790s] writing requirements to ../../build/vrep_ros_teleop/vrep_ros_teleop.egg-info/requires.txt
[2.791s] writing top-level names to ../../build/vrep_ros_teleop/vrep_ros_teleop.egg-info/top_level.txt
[2.794s] reading manifest file '../../build/vrep_ros_teleop/vrep_ros_teleop.egg-info/SOURCES.txt'
[2.795s] writing manifest file '../../build/vrep_ros_teleop/vrep_ros_teleop.egg-info/SOURCES.txt'
[2.796s] running build
[2.796s] running build_py
[2.796s] running install
[2.797s] /usr/lib/python3/dist-packages/setuptools/command/install.py:34: SetuptoolsDeprecationWarning: setup.py install is deprecated. Use build and pip and other standards-based tools.
[2.797s]   warnings.warn(
[2.797s] running install_lib
[2.799s] running install_data
[2.800s] running install_egg_info
[2.802s] removing '/home/GTL/mgaddam/CS7630/ros2_ws/install/vrep_ros_teleop/lib/python3.10/site-packages/vrep_ros_teleop-0.0.0-py3.10.egg-info' (and everything under it)
[2.805s] Copying ../../build/vrep_ros_teleop/vrep_ros_teleop.egg-info to /home/GTL/mgaddam/CS7630/ros2_ws/install/vrep_ros_teleop/lib/python3.10/site-packages/vrep_ros_teleop-0.0.0-py3.10.egg-info
[2.822s] running install_scripts
[2.842s] Installing teleop_mux_node script to /home/GTL/mgaddam/CS7630/ros2_ws/install/vrep_ros_teleop/lib/vrep_ros_teleop
[2.844s] Installing teleop_node script to /home/GTL/mgaddam/CS7630/ros2_ws/install/vrep_ros_teleop/lib/vrep_ros_teleop
[2.846s] writing list of installed files to '/home/GTL/mgaddam/CS7630/ros2_ws/build/vrep_ros_teleop/install.log'
[3.377s] Invoked command in '/home/GTL/mgaddam/CS7630/ros2_ws/src/vrep_ros_teleop' returned '0': PYTHONPATH=/home/GTL/mgaddam/CS7630/ros2_ws/build/vrep_ros_teleop/prefix_override:/home/GTL/mgaddam/CS7630/ros2_ws/install/vrep_ros_teleop/lib/python3.10/site-packages:${PYTHONPATH} /usr/bin/python3 setup.py egg_info --egg-base ../../build/vrep_ros_teleop build --build-base /home/GTL/mgaddam/CS7630/ros2_ws/build/vrep_ros_teleop/build install --record /home/GTL/mgaddam/CS7630/ros2_ws/build/vrep_ros_teleop/install.log --single-version-externally-managed
