/home/GTL/mgaddam/CS7630/ros2_ws/src/install/rover_driver_base/lib/python3.10/site-packages/rover_driver_base/rover_kinematics.py
/home/GTL/mgaddam/CS7630/ros2_ws/src/install/rover_driver_base/lib/python3.10/site-packages/rover_driver_base/rover_odom.py
/home/GTL/mgaddam/CS7630/ros2_ws/src/install/rover_driver_base/lib/python3.10/site-packages/rover_driver_base/__init__.py
/home/GTL/mgaddam/CS7630/ros2_ws/src/install/rover_driver_base/lib/python3.10/site-packages/rover_driver_base/rover_command.py
/home/GTL/mgaddam/CS7630/ros2_ws/src/install/rover_driver_base/lib/python3.10/site-packages/rover_driver_base/__pycache__/rover_kinematics.cpython-310.pyc
/home/GTL/mgaddam/CS7630/ros2_ws/src/install/rover_driver_base/lib/python3.10/site-packages/rover_driver_base/__pycache__/rover_odom.cpython-310.pyc
/home/GTL/mgaddam/CS7630/ros2_ws/src/install/rover_driver_base/lib/python3.10/site-packages/rover_driver_base/__pycache__/__init__.cpython-310.pyc
/home/GTL/mgaddam/CS7630/ros2_ws/src/install/rover_driver_base/lib/python3.10/site-packages/rover_driver_base/__pycache__/rover_command.cpython-310.pyc
/home/GTL/mgaddam/CS7630/ros2_ws/src/install/rover_driver_base/share/ament_index/resource_index/packages/rover_driver_base
/home/GTL/mgaddam/CS7630/ros2_ws/src/install/rover_driver_base/share/rover_driver_base/package.xml
/home/GTL/mgaddam/CS7630/ros2_ws/src/install/rover_driver_base/share/rover_driver_base/rover_odom.launch.py
/home/GTL/mgaddam/CS7630/ros2_ws/src/install/rover_driver_base/lib/python3.10/site-packages/rover_driver_base-0.0.0-py3.10.egg-info/entry_points.txt
/home/GTL/mgaddam/CS7630/ros2_ws/src/install/rover_driver_base/lib/python3.10/site-packages/rover_driver_base-0.0.0-py3.10.egg-info/dependency_links.txt
/home/GTL/mgaddam/CS7630/ros2_ws/src/install/rover_driver_base/lib/python3.10/site-packages/rover_driver_base-0.0.0-py3.10.egg-info/top_level.txt
/home/GTL/mgaddam/CS7630/ros2_ws/src/install/rover_driver_base/lib/python3.10/site-packages/rover_driver_base-0.0.0-py3.10.egg-info/PKG-INFO
/home/GTL/mgaddam/CS7630/ros2_ws/src/install/rover_driver_base/lib/python3.10/site-packages/rover_driver_base-0.0.0-py3.10.egg-info/requires.txt
/home/GTL/mgaddam/CS7630/ros2_ws/src/install/rover_driver_base/lib/python3.10/site-packages/rover_driver_base-0.0.0-py3.10.egg-info/zip-safe
/home/GTL/mgaddam/CS7630/ros2_ws/src/install/rover_driver_base/lib/python3.10/site-packages/rover_driver_base-0.0.0-py3.10.egg-info/SOURCES.txt
/home/GTL/mgaddam/CS7630/ros2_ws/src/install/rover_driver_base/lib/rover_driver_base/rover_command_node
/home/GTL/mgaddam/CS7630/ros2_ws/src/install/rover_driver_base/lib/rover_driver_base/rover_odom_node
