[1.154s] Invoking command in '/home/GTL/mgaddam/CS7630/ros2_ws/src/build/task_manager_msgs': CMAKE_PREFIX_PATH=${CMAKE_PREFIX_PATH}:/home/GTL/mgaddam/CS7630/ros2_ws/src/install/vrep_ros_teleop:/home/GTL/mgaddam/CS7630/ros2_ws/src/install/task_manager_client_py:/home/GTL/mgaddam/CS7630/ros2_ws/src/install/ar_slam_base:/home/GTL/mgaddam/CS7630/ros2_ws/src/install/ar_loc_base:/home/GTL/mgaddam/CS7630/ros2_ws/src/install/rover_driver_base:/home/GTL/mgaddam/CS7630/ros2_ws/src/install/keyboard_teleop:/home/GTL/mgaddam/CS7630/ros2_ws/src/install/face_detect_base:/home/GTL/mgaddam/CS7630/ros2_ws/src/install/button_server:/home/GTL/mgaddam/CS7630/ros2_ws/src/install/ar_mapping_base:/opt/ros/humble /usr/bin/cmake /home/GTL/mgaddam/CS7630/ros2_ws/src/ros_task_manager/src/task_manager_msgs -DCMAKE_INSTALL_PREFIX=/home/GTL/mgaddam/CS7630/ros2_ws/src/install/task_manager_msgs
[2.216s] -- The C compiler identification is GNU 11.4.0
[2.216s] -- The CXX compiler identification is GNU 11.4.0
[2.216s] -- Detecting C compiler ABI info
[2.216s] -- Detecting C compiler ABI info - done
[2.216s] -- Check for working C compiler: /usr/bin/cc - skipped
[2.216s] -- Detecting C compile features
[2.216s] -- Detecting C compile features - done
[2.216s] -- Detecting CXX compiler ABI info
[2.216s] -- Detecting CXX compiler ABI info - done
[2.216s] -- Check for working CXX compiler: /usr/bin/c++ - skipped
[2.216s] -- Detecting CXX compile features
[2.216s] -- Detecting CXX compile features - done
[2.216s] -- Found ament_cmake: 1.3.8 (/opt/ros/humble/share/ament_cmake/cmake)
[2.216s] -- Found Python3: /usr/bin/python3 (found version "3.10.12") found components: Interpreter 
[2.611s] -- Found rclcpp: 16.0.8 (/opt/ros/humble/share/rclcpp/cmake)
[3.172s] -- Found rosidl_generator_c: 3.1.5 (/opt/ros/humble/share/rosidl_generator_c/cmake)
[3.252s] -- Found rosidl_adapter: 3.1.5 (/opt/ros/humble/share/rosidl_adapter/cmake)
[3.342s] -- Found rosidl_generator_cpp: 3.1.5 (/opt/ros/humble/share/rosidl_generator_cpp/cmake)
[3.435s] -- Using all available rosidl_typesupport_c: rosidl_typesupport_fastrtps_c;rosidl_typesupport_introspection_c
[3.564s] -- Using all available rosidl_typesupport_cpp: rosidl_typesupport_fastrtps_cpp;rosidl_typesupport_introspection_cpp
[4.081s] -- Found rmw_implementation_cmake: 6.1.1 (/opt/ros/humble/share/rmw_implementation_cmake/cmake)
[4.134s] -- Found rmw_cyclonedds_cpp: 1.3.4 (/opt/ros/humble/share/rmw_cyclonedds_cpp/cmake)
[4.440s] -- Using RMW implementation 'rmw_cyclonedds_cpp' as default
[4.592s] -- Looking for pthread.h
[4.700s] -- Looking for pthread.h - found
[4.701s] -- Performing Test CMAKE_HAVE_LIBC_PTHREAD
[4.805s] -- Performing Test CMAKE_HAVE_LIBC_PTHREAD - Success
[4.806s] -- Found Threads: TRUE  
[5.139s] -- Found ament_lint_auto: 0.12.10 (/opt/ros/humble/share/ament_lint_auto/cmake)
[5.664s] -- Found rosidl_default_generators: 1.2.0 (/opt/ros/humble/share/rosidl_default_generators/cmake)
[6.119s] -- Found ament_cmake_ros: 0.10.0 (/opt/ros/humble/share/ament_cmake_ros/cmake)
[6.948s] -- Using all available rosidl_typesupport_c: rosidl_typesupport_fastrtps_c;rosidl_typesupport_introspection_c
[7.241s] -- Using all available rosidl_typesupport_cpp: rosidl_typesupport_fastrtps_cpp;rosidl_typesupport_introspection_cpp
[7.265s] -- Found PythonInterp: /usr/bin/python3 (found suitable version "3.10.12", minimum required is "3.6") 
[7.306s] -- Found python_cmake_module: 0.10.0 (/opt/ros/humble/share/python_cmake_module/cmake)
[7.342s] -- Found PythonLibs: /usr/lib/x86_64-linux-gnu/libpython3.10.so (found suitable version "3.10.12", minimum required is "3.5") 
[7.342s] -- Using PYTHON_EXECUTABLE: /usr/bin/python3
[7.342s] -- Using PYTHON_INCLUDE_DIRS: /usr/include/python3.10
[7.342s] -- Using PYTHON_LIBRARIES: /usr/lib/x86_64-linux-gnu/libpython3.10.so
[7.368s] -- Found PythonExtra: .so  
[7.534s] [0mCMake Deprecation Warning at /opt/ros/humble/share/rosidl_cmake/cmake/rosidl_target_interfaces.cmake:32 (message):
[7.534s]   Use rosidl_get_typesupport_target() and target_link_libraries() instead of
[7.534s]   rosidl_target_interfaces()
[7.534s] Call Stack (most recent call first):
[7.534s]   CMakeLists.txt:61 (rosidl_target_interfaces)
[7.534s] 
[7.534s] [0m
[7.564s] -- Added test 'copyright' to check source files copyright and LICENSE
[7.584s] -- Added test 'cppcheck' to perform static code analysis on C / C++ code
[7.585s] -- Configured cppcheck include dirs: /home/GTL/mgaddam/CS7630/ros2_ws/src/ros_task_manager/src/task_manager_msgs/include
[7.585s] -- Configured cppcheck exclude dirs and/or files: 
[7.606s] -- Added test 'cpplint' to check C / C++ code against the Google style
[7.606s] -- Configured cpplint exclude dirs and/or files: 
[7.612s] -- Added test 'flake8' to check Python code syntax and style conventions
[7.622s] -- Added test 'lint_cmake' to check CMake code style
[7.625s] -- Added test 'pep257' to check Python code against some of the docstring style conventions in PEP 257
[7.647s] -- Added test 'uncrustify' to check C / C++ code style
[7.647s] -- Configured uncrustify additional arguments: 
[7.655s] -- Added test 'xmllint' to check XML markup files
[7.732s] -- Configuring done
[8.112s] -- Generating done
[8.162s] -- Build files have been written to: /home/GTL/mgaddam/CS7630/ros2_ws/src/build/task_manager_msgs
[8.166s] Invoked command in '/home/GTL/mgaddam/CS7630/ros2_ws/src/build/task_manager_msgs' returned '0': CMAKE_PREFIX_PATH=${CMAKE_PREFIX_PATH}:/home/GTL/mgaddam/CS7630/ros2_ws/src/install/vrep_ros_teleop:/home/GTL/mgaddam/CS7630/ros2_ws/src/install/task_manager_client_py:/home/GTL/mgaddam/CS7630/ros2_ws/src/install/ar_slam_base:/home/GTL/mgaddam/CS7630/ros2_ws/src/install/ar_loc_base:/home/GTL/mgaddam/CS7630/ros2_ws/src/install/rover_driver_base:/home/GTL/mgaddam/CS7630/ros2_ws/src/install/keyboard_teleop:/home/GTL/mgaddam/CS7630/ros2_ws/src/install/face_detect_base:/home/GTL/mgaddam/CS7630/ros2_ws/src/install/button_server:/home/GTL/mgaddam/CS7630/ros2_ws/src/install/ar_mapping_base:/opt/ros/humble /usr/bin/cmake /home/GTL/mgaddam/CS7630/ros2_ws/src/ros_task_manager/src/task_manager_msgs -DCMAKE_INSTALL_PREFIX=/home/GTL/mgaddam/CS7630/ros2_ws/src/install/task_manager_msgs
[8.170s] Invoking command in '/home/GTL/mgaddam/CS7630/ros2_ws/src/build/task_manager_msgs': CMAKE_PREFIX_PATH=${CMAKE_PREFIX_PATH}:/home/GTL/mgaddam/CS7630/ros2_ws/src/install/vrep_ros_teleop:/home/GTL/mgaddam/CS7630/ros2_ws/src/install/task_manager_client_py:/home/GTL/mgaddam/CS7630/ros2_ws/src/install/ar_slam_base:/home/GTL/mgaddam/CS7630/ros2_ws/src/install/ar_loc_base:/home/GTL/mgaddam/CS7630/ros2_ws/src/install/rover_driver_base:/home/GTL/mgaddam/CS7630/ros2_ws/src/install/keyboard_teleop:/home/GTL/mgaddam/CS7630/ros2_ws/src/install/face_detect_base:/home/GTL/mgaddam/CS7630/ros2_ws/src/install/button_server:/home/GTL/mgaddam/CS7630/ros2_ws/src/install/ar_mapping_base:/opt/ros/humble /usr/bin/cmake --build /home/GTL/mgaddam/CS7630/ros2_ws/src/build/task_manager_msgs -- -j16 -l16
[8.216s] [  1%] [34m[1mGenerating C code for ROS interfaces[0m
[8.224s] [  1%] [34m[1mGenerating C++ code for ROS interfaces[0m
[8.230s] [  1%] Built target ament_cmake_python_copy_task_manager_msgs
[8.465s] running egg_info
[8.465s] writing task_manager_msgs.egg-info/PKG-INFO
[8.466s] writing dependency_links to task_manager_msgs.egg-info/dependency_links.txt
[8.467s] writing top-level names to task_manager_msgs.egg-info/top_level.txt
[8.468s] writing manifest file 'task_manager_msgs.egg-info/SOURCES.txt'
[8.471s] reading manifest file 'task_manager_msgs.egg-info/SOURCES.txt'
[8.473s] writing manifest file 'task_manager_msgs.egg-info/SOURCES.txt'
[8.493s] [  1%] Built target ament_cmake_python_build_task_manager_msgs_egg
[8.903s] [  1%] Built target task_manager_msgs__cpp
[8.918s] [  3%] [34m[1mGenerating C++ introspection for ROS interfaces[0m
[8.918s] [  3%] [34m[1mGenerating C++ type support dispatch for ROS interfaces[0m
[8.924s] [  4%] [34m[1mGenerating C++ type support for eProsima Fast-RTPS[0m
[8.987s] [  8%] [32mBuilding C object CMakeFiles/task_manager_msgs__rosidl_generator_c.dir/rosidl_generator_c/task_manager_msgs/srv/detail/get_all_task_status__functions.c.o[0m
[8.991s] [  8%] [32mBuilding C object CMakeFiles/task_manager_msgs__rosidl_generator_c.dir/rosidl_generator_c/task_manager_msgs/srv/detail/get_task_list__functions.c.o[0m
[8.992s] [ 12%] [32mBuilding C object CMakeFiles/task_manager_msgs__rosidl_generator_c.dir/rosidl_generator_c/task_manager_msgs/msg/detail/task_parameter__functions.c.o[0m
[8.992s] [  8%] [32mBuilding C object CMakeFiles/task_manager_msgs__rosidl_generator_c.dir/rosidl_generator_c/task_manager_msgs/srv/detail/stop_task__functions.c.o[0m
[8.993s] [ 12%] [32mBuilding C object CMakeFiles/task_manager_msgs__rosidl_generator_c.dir/rosidl_generator_c/task_manager_msgs/msg/detail/task_status__functions.c.o[0m
[8.994s] [ 12%] [32mBuilding C object CMakeFiles/task_manager_msgs__rosidl_generator_c.dir/rosidl_generator_c/task_manager_msgs/msg/detail/task_description__functions.c.o[0m
[8.994s] [ 12%] [32mBuilding C object CMakeFiles/task_manager_msgs__rosidl_generator_c.dir/rosidl_generator_c/task_manager_msgs/srv/detail/start_task__functions.c.o[0m
[8.995s] [ 14%] [32mBuilding C object CMakeFiles/task_manager_msgs__rosidl_generator_c.dir/rosidl_generator_c/task_manager_msgs/msg/detail/encapsulated_message__functions.c.o[0m
[8.995s] [ 14%] [32mBuilding C object CMakeFiles/task_manager_msgs__rosidl_generator_c.dir/rosidl_generator_c/task_manager_msgs/msg/detail/sync_status__functions.c.o[0m
[8.995s] [ 14%] [32mBuilding C object CMakeFiles/task_manager_msgs__rosidl_generator_c.dir/rosidl_generator_c/task_manager_msgs/msg/detail/task_config__functions.c.o[0m
[9.106s] [ 15%] [32m[1mLinking C shared library libtask_manager_msgs__rosidl_generator_c.so[0m
[9.166s] [ 15%] Built target task_manager_msgs__rosidl_generator_c
[9.182s] [ 18%] [34m[1mGenerating C type support for eProsima Fast-RTPS[0m
[9.182s] [ 18%] [34m[1mGenerating C introspection for ROS interfaces[0m
[9.182s] [ 18%] [34m[1mGenerating C type support dispatch for ROS interfaces[0m
[9.685s] [ 21%] [32mBuilding CXX object CMakeFiles/task_manager_msgs__rosidl_typesupport_introspection_cpp.dir/rosidl_typesupport_introspection_cpp/task_manager_msgs/msg/detail/task_description__type_support.cpp.o[0m
[9.692s] [ 23%] [32mBuilding CXX object CMakeFiles/task_manager_msgs__rosidl_typesupport_introspection_cpp.dir/rosidl_typesupport_introspection_cpp/task_manager_msgs/srv/detail/get_task_list__type_support.cpp.o[0m
[9.692s] [ 23%] [32mBuilding CXX object CMakeFiles/task_manager_msgs__rosidl_typesupport_introspection_cpp.dir/rosidl_typesupport_introspection_cpp/task_manager_msgs/srv/detail/start_task__type_support.cpp.o[0m
[9.694s] [ 26%] [32mBuilding CXX object CMakeFiles/task_manager_msgs__rosidl_typesupport_introspection_cpp.dir/rosidl_typesupport_introspection_cpp/task_manager_msgs/srv/detail/stop_task__type_support.cpp.o[0m
[9.696s] [ 26%] [32mBuilding CXX object CMakeFiles/task_manager_msgs__rosidl_typesupport_introspection_cpp.dir/rosidl_typesupport_introspection_cpp/task_manager_msgs/srv/detail/get_all_task_status__type_support.cpp.o[0m
[9.696s] [ 26%] [32mBuilding CXX object CMakeFiles/task_manager_msgs__rosidl_typesupport_introspection_cpp.dir/rosidl_typesupport_introspection_cpp/task_manager_msgs/msg/detail/sync_status__type_support.cpp.o[0m
[9.698s] [ 27%] [32mBuilding CXX object CMakeFiles/task_manager_msgs__rosidl_typesupport_introspection_cpp.dir/rosidl_typesupport_introspection_cpp/task_manager_msgs/msg/detail/task_parameter__type_support.cpp.o[0m
[9.699s] [ 26%] [32mBuilding CXX object CMakeFiles/task_manager_msgs__rosidl_typesupport_introspection_cpp.dir/rosidl_typesupport_introspection_cpp/task_manager_msgs/msg/detail/task_config__type_support.cpp.o[0m
[9.701s] [ 29%] [32mBuilding CXX object CMakeFiles/task_manager_msgs__rosidl_typesupport_cpp.dir/rosidl_typesupport_cpp/task_manager_msgs/srv/get_all_task_status__type_support.cpp.o[0m
[9.702s] [ 29%] [32mBuilding CXX object CMakeFiles/task_manager_msgs__rosidl_typesupport_introspection_cpp.dir/rosidl_typesupport_introspection_cpp/task_manager_msgs/msg/detail/encapsulated_message__type_support.cpp.o[0m
[9.702s] [ 29%] [32mBuilding CXX object CMakeFiles/task_manager_msgs__rosidl_typesupport_introspection_cpp.dir/rosidl_typesupport_introspection_cpp/task_manager_msgs/msg/detail/task_status__type_support.cpp.o[0m
[9.703s] [ 30%] [32mBuilding CXX object CMakeFiles/task_manager_msgs__rosidl_typesupport_cpp.dir/rosidl_typesupport_cpp/task_manager_msgs/srv/start_task__type_support.cpp.o[0m
[10.417s] [ 30%] [32mBuilding CXX object CMakeFiles/task_manager_msgs__rosidl_typesupport_cpp.dir/rosidl_typesupport_cpp/task_manager_msgs/srv/stop_task__type_support.cpp.o[0m
[10.611s] [ 31%] [32mBuilding CXX object CMakeFiles/task_manager_msgs__rosidl_typesupport_cpp.dir/rosidl_typesupport_cpp/task_manager_msgs/srv/get_task_list__type_support.cpp.o[0m
[10.852s] [ 32%] [32mBuilding CXX object CMakeFiles/task_manager_msgs__rosidl_typesupport_c.dir/rosidl_typesupport_c/task_manager_msgs/srv/get_all_task_status__type_support.cpp.o[0m
[11.309s] [ 33%] [32mBuilding CXX object CMakeFiles/task_manager_msgs__rosidl_typesupport_c.dir/rosidl_typesupport_c/task_manager_msgs/srv/start_task__type_support.cpp.o[0m
[11.409s] [ 34%] [32mBuilding CXX object CMakeFiles/task_manager_msgs__rosidl_typesupport_c.dir/rosidl_typesupport_c/task_manager_msgs/srv/stop_task__type_support.cpp.o[0m
[11.481s] [ 35%] [32mBuilding CXX object CMakeFiles/task_manager_msgs__rosidl_typesupport_c.dir/rosidl_typesupport_c/task_manager_msgs/srv/get_task_list__type_support.cpp.o[0m
[11.590s] [ 37%] [32mBuilding CXX object CMakeFiles/task_manager_msgs__rosidl_typesupport_fastrtps_cpp.dir/rosidl_typesupport_fastrtps_cpp/task_manager_msgs/srv/detail/dds_fastrtps/get_all_task_status__type_support.cpp.o[0m
[11.602s] [ 38%] [32mBuilding CXX object CMakeFiles/task_manager_msgs__rosidl_typesupport_c.dir/rosidl_typesupport_c/task_manager_msgs/msg/task_description__type_support.cpp.o[0m
[11.602s] [ 38%] [32mBuilding CXX object CMakeFiles/task_manager_msgs__rosidl_typesupport_c.dir/rosidl_typesupport_c/task_manager_msgs/msg/task_parameter__type_support.cpp.o[0m
[11.615s] [ 39%] [32mBuilding CXX object CMakeFiles/task_manager_msgs__rosidl_typesupport_c.dir/rosidl_typesupport_c/task_manager_msgs/msg/task_status__type_support.cpp.o[0m
[11.639s] [ 40%] [32mBuilding CXX object CMakeFiles/task_manager_msgs__rosidl_typesupport_c.dir/rosidl_typesupport_c/task_manager_msgs/msg/task_config__type_support.cpp.o[0m
[11.691s] [ 41%] [32mBuilding CXX object CMakeFiles/task_manager_msgs__rosidl_typesupport_c.dir/rosidl_typesupport_c/task_manager_msgs/msg/sync_status__type_support.cpp.o[0m
[11.731s] [ 42%] [32mBuilding CXX object CMakeFiles/task_manager_msgs__rosidl_typesupport_c.dir/rosidl_typesupport_c/task_manager_msgs/msg/encapsulated_message__type_support.cpp.o[0m
[11.799s] [ 43%] [32mBuilding CXX object CMakeFiles/task_manager_msgs__rosidl_typesupport_fastrtps_cpp.dir/rosidl_typesupport_fastrtps_cpp/task_manager_msgs/srv/detail/dds_fastrtps/start_task__type_support.cpp.o[0m
[11.805s] [ 44%] [32mBuilding CXX object CMakeFiles/task_manager_msgs__rosidl_typesupport_cpp.dir/rosidl_typesupport_cpp/task_manager_msgs/msg/task_description__type_support.cpp.o[0m
[11.822s] [ 45%] [32mBuilding CXX object CMakeFiles/task_manager_msgs__rosidl_typesupport_cpp.dir/rosidl_typesupport_cpp/task_manager_msgs/msg/task_parameter__type_support.cpp.o[0m
[11.838s] [ 46%] [32mBuilding CXX object CMakeFiles/task_manager_msgs__rosidl_typesupport_cpp.dir/rosidl_typesupport_cpp/task_manager_msgs/msg/task_status__type_support.cpp.o[0m
[11.862s] [ 47%] [32m[1mLinking CXX shared library libtask_manager_msgs__rosidl_typesupport_c.so[0m
[11.894s] [ 48%] [32mBuilding CXX object CMakeFiles/task_manager_msgs__rosidl_typesupport_cpp.dir/rosidl_typesupport_cpp/task_manager_msgs/msg/task_config__type_support.cpp.o[0m
[11.996s] [ 49%] [32mBuilding CXX object CMakeFiles/task_manager_msgs__rosidl_typesupport_cpp.dir/rosidl_typesupport_cpp/task_manager_msgs/msg/sync_status__type_support.cpp.o[0m
[12.033s] [ 49%] Built target task_manager_msgs__rosidl_typesupport_c
[12.063s] [ 50%] [32mBuilding CXX object CMakeFiles/task_manager_msgs__rosidl_typesupport_cpp.dir/rosidl_typesupport_cpp/task_manager_msgs/msg/encapsulated_message__type_support.cpp.o[0m
[12.074s] [ 52%] [32mBuilding CXX object CMakeFiles/task_manager_msgs__rosidl_typesupport_fastrtps_cpp.dir/rosidl_typesupport_fastrtps_cpp/task_manager_msgs/srv/detail/dds_fastrtps/get_task_list__type_support.cpp.o[0m
[12.074s] [ 52%] [32mBuilding CXX object CMakeFiles/task_manager_msgs__rosidl_typesupport_fastrtps_cpp.dir/rosidl_typesupport_fastrtps_cpp/task_manager_msgs/srv/detail/dds_fastrtps/stop_task__type_support.cpp.o[0m
[12.119s] [ 53%] [32mBuilding CXX object CMakeFiles/task_manager_msgs__rosidl_typesupport_fastrtps_cpp.dir/rosidl_typesupport_fastrtps_cpp/task_manager_msgs/msg/detail/dds_fastrtps/task_description__type_support.cpp.o[0m
[12.188s] [ 54%] [32mBuilding CXX object CMakeFiles/task_manager_msgs__rosidl_typesupport_fastrtps_cpp.dir/rosidl_typesupport_fastrtps_cpp/task_manager_msgs/msg/detail/dds_fastrtps/task_parameter__type_support.cpp.o[0m
[12.301s] [ 55%] [32mBuilding CXX object CMakeFiles/task_manager_msgs__rosidl_typesupport_fastrtps_cpp.dir/rosidl_typesupport_fastrtps_cpp/task_manager_msgs/msg/detail/dds_fastrtps/task_status__type_support.cpp.o[0m
[12.315s] [ 56%] [32mBuilding CXX object CMakeFiles/task_manager_msgs__rosidl_typesupport_fastrtps_cpp.dir/rosidl_typesupport_fastrtps_cpp/task_manager_msgs/msg/detail/dds_fastrtps/task_config__type_support.cpp.o[0m
[12.342s] [ 58%] [32m[1mLinking CXX shared library libtask_manager_msgs__rosidl_typesupport_introspection_cpp.so[0m
[12.343s] [ 58%] [32mBuilding CXX object CMakeFiles/task_manager_msgs__rosidl_typesupport_fastrtps_cpp.dir/rosidl_typesupport_fastrtps_cpp/task_manager_msgs/msg/detail/dds_fastrtps/sync_status__type_support.cpp.o[0m
[12.347s] [ 59%] [32mBuilding C object CMakeFiles/task_manager_msgs__rosidl_typesupport_introspection_c.dir/rosidl_typesupport_introspection_c/task_manager_msgs/srv/detail/get_all_task_status__type_support.c.o[0m
[12.370s] [ 60%] [32mBuilding CXX object CMakeFiles/task_manager_msgs__rosidl_typesupport_fastrtps_c.dir/rosidl_typesupport_fastrtps_c/task_manager_msgs/srv/detail/get_all_task_status__type_support_c.cpp.o[0m
[12.456s] [ 61%] [32mBuilding CXX object CMakeFiles/task_manager_msgs__rosidl_typesupport_fastrtps_cpp.dir/rosidl_typesupport_fastrtps_cpp/task_manager_msgs/msg/detail/dds_fastrtps/encapsulated_message__type_support.cpp.o[0m
[12.521s] [ 62%] [32mBuilding CXX object CMakeFiles/task_manager_msgs__rosidl_typesupport_fastrtps_c.dir/rosidl_typesupport_fastrtps_c/task_manager_msgs/srv/detail/start_task__type_support_c.cpp.o[0m
[12.535s] [ 63%] [32mBuilding C object CMakeFiles/task_manager_msgs__rosidl_typesupport_introspection_c.dir/rosidl_typesupport_introspection_c/task_manager_msgs/srv/detail/start_task__type_support.c.o[0m
[12.575s] [ 64%] [32mBuilding C object CMakeFiles/task_manager_msgs__rosidl_typesupport_introspection_c.dir/rosidl_typesupport_introspection_c/task_manager_msgs/srv/detail/stop_task__type_support.c.o[0m
[12.595s] [ 65%] [32m[1mLinking CXX shared library libtask_manager_msgs__rosidl_typesupport_cpp.so[0m
[12.666s] [ 66%] [32mBuilding CXX object CMakeFiles/task_manager_msgs__rosidl_typesupport_fastrtps_c.dir/rosidl_typesupport_fastrtps_c/task_manager_msgs/srv/detail/stop_task__type_support_c.cpp.o[0m
[12.705s] [ 67%] [32mBuilding C object CMakeFiles/task_manager_msgs__rosidl_typesupport_introspection_c.dir/rosidl_typesupport_introspection_c/task_manager_msgs/srv/detail/get_task_list__type_support.c.o[0m
[12.711s] [ 67%] Built target task_manager_msgs__rosidl_typesupport_introspection_cpp
[12.720s] [ 68%] [32mBuilding CXX object CMakeFiles/task_manager_msgs__rosidl_typesupport_fastrtps_c.dir/rosidl_typesupport_fastrtps_c/task_manager_msgs/srv/detail/get_task_list__type_support_c.cpp.o[0m
[12.729s] [ 69%] [32mBuilding CXX object CMakeFiles/task_manager_msgs__rosidl_typesupport_fastrtps_c.dir/rosidl_typesupport_fastrtps_c/task_manager_msgs/msg/detail/task_description__type_support_c.cpp.o[0m
[12.741s] [ 70%] [32mBuilding CXX object CMakeFiles/task_manager_msgs__rosidl_typesupport_fastrtps_c.dir/rosidl_typesupport_fastrtps_c/task_manager_msgs/msg/detail/task_parameter__type_support_c.cpp.o[0m
[12.784s] [ 70%] Built target task_manager_msgs__rosidl_typesupport_cpp
[12.835s] [ 71%] [32mBuilding CXX object CMakeFiles/task_manager_msgs__rosidl_typesupport_fastrtps_c.dir/rosidl_typesupport_fastrtps_c/task_manager_msgs/msg/detail/task_status__type_support_c.cpp.o[0m
[12.882s] [ 72%] [32mBuilding C object CMakeFiles/task_manager_msgs__rosidl_typesupport_introspection_c.dir/rosidl_typesupport_introspection_c/task_manager_msgs/msg/detail/task_description__type_support.c.o[0m
[12.919s] [ 73%] [32mBuilding CXX object CMakeFiles/task_manager_msgs__rosidl_typesupport_fastrtps_c.dir/rosidl_typesupport_fastrtps_c/task_manager_msgs/msg/detail/task_config__type_support_c.cpp.o[0m
[12.984s] [ 74%] [32mBuilding C object CMakeFiles/task_manager_msgs__rosidl_typesupport_introspection_c.dir/rosidl_typesupport_introspection_c/task_manager_msgs/msg/detail/task_parameter__type_support.c.o[0m
[13.042s] [ 75%] [32mBuilding CXX object CMakeFiles/task_manager_msgs__rosidl_typesupport_fastrtps_c.dir/rosidl_typesupport_fastrtps_c/task_manager_msgs/msg/detail/sync_status__type_support_c.cpp.o[0m
[13.063s] [ 75%] [32mBuilding C object CMakeFiles/task_manager_msgs__rosidl_typesupport_introspection_c.dir/rosidl_typesupport_introspection_c/task_manager_msgs/msg/detail/task_status__type_support.c.o[0m
[13.085s] [ 76%] [32mBuilding C object CMakeFiles/task_manager_msgs__rosidl_typesupport_introspection_c.dir/rosidl_typesupport_introspection_c/task_manager_msgs/msg/detail/task_config__type_support.c.o[0m
[13.173s] [ 77%] [32mBuilding C object CMakeFiles/task_manager_msgs__rosidl_typesupport_introspection_c.dir/rosidl_typesupport_introspection_c/task_manager_msgs/msg/detail/sync_status__type_support.c.o[0m
[13.186s] [ 78%] [32mBuilding C object CMakeFiles/task_manager_msgs__rosidl_typesupport_introspection_c.dir/rosidl_typesupport_introspection_c/task_manager_msgs/msg/detail/encapsulated_message__type_support.c.o[0m
[13.190s] [ 79%] [32mBuilding CXX object CMakeFiles/task_manager_msgs__rosidl_typesupport_fastrtps_c.dir/rosidl_typesupport_fastrtps_c/task_manager_msgs/msg/detail/encapsulated_message__type_support_c.cpp.o[0m
[13.252s] [ 80%] [32m[1mLinking C shared library libtask_manager_msgs__rosidl_typesupport_introspection_c.so[0m
[13.306s] [ 81%] [32m[1mLinking CXX shared library libtask_manager_msgs__rosidl_typesupport_fastrtps_cpp.so[0m
[13.336s] [ 81%] Built target task_manager_msgs__rosidl_typesupport_introspection_c
[13.486s] [ 81%] Built target task_manager_msgs__rosidl_typesupport_fastrtps_cpp
[13.566s] [ 82%] [32m[1mLinking CXX shared library libtask_manager_msgs__rosidl_typesupport_fastrtps_c.so[0m
[13.663s] [ 82%] Built target task_manager_msgs__rosidl_typesupport_fastrtps_c
[13.685s] [ 82%] Built target task_manager_msgs
[13.711s] [ 84%] [34m[1mGenerating Python code for ROS interfaces[0m
[13.711s] [ 84%] [32mBuilding CXX object CMakeFiles/task_manager_msgs_encapsulate.dir/src/test_encapsulate.cpp.o[0m
[15.030s] [ 84%] Built target task_manager_msgs__py
[15.062s] [ 87%] [32mBuilding C object CMakeFiles/task_manager_msgs__rosidl_generator_py.dir/rosidl_generator_py/task_manager_msgs/srv/_stop_task_s.c.o[0m
[15.064s] [ 87%] [32mBuilding C object CMakeFiles/task_manager_msgs__rosidl_generator_py.dir/rosidl_generator_py/task_manager_msgs/srv/_get_all_task_status_s.c.o[0m
[15.064s] [ 88%] [32mBuilding C object CMakeFiles/task_manager_msgs__rosidl_generator_py.dir/rosidl_generator_py/task_manager_msgs/srv/_start_task_s.c.o[0m
[15.069s] [ 91%] [32mBuilding C object CMakeFiles/task_manager_msgs__rosidl_generator_py.dir/rosidl_generator_py/task_manager_msgs/srv/_get_task_list_s.c.o[0m
[15.069s] [ 91%] [32mBuilding C object CMakeFiles/task_manager_msgs__rosidl_generator_py.dir/rosidl_generator_py/task_manager_msgs/msg/_task_status_s.c.o[0m
[15.069s] [ 91%] [32mBuilding C object CMakeFiles/task_manager_msgs__rosidl_generator_py.dir/rosidl_generator_py/task_manager_msgs/msg/_task_config_s.c.o[0m
[15.069s] [ 93%] [32mBuilding C object CMakeFiles/task_manager_msgs__rosidl_generator_py.dir/rosidl_generator_py/task_manager_msgs/msg/_sync_status_s.c.o[0m
[15.069s] [ 91%] [32mBuilding C object CMakeFiles/task_manager_msgs__rosidl_generator_py.dir/rosidl_generator_py/task_manager_msgs/msg/_task_description_s.c.o[0m
[15.069s] [ 93%] [32mBuilding C object CMakeFiles/task_manager_msgs__rosidl_generator_py.dir/rosidl_generator_py/task_manager_msgs/msg/_task_parameter_s.c.o[0m
[15.069s] [ 93%] [32mBuilding C object CMakeFiles/task_manager_msgs__rosidl_generator_py.dir/rosidl_generator_py/task_manager_msgs/msg/_encapsulated_message_s.c.o[0m
[15.228s] [ 94%] [32m[1mLinking C shared library rosidl_generator_py/task_manager_msgs/libtask_manager_msgs__rosidl_generator_py.so[0m
[15.294s] [ 94%] Built target task_manager_msgs__rosidl_generator_py
[15.322s] [ 95%] [32mBuilding C object CMakeFiles/task_manager_msgs__rosidl_typesupport_fastrtps_c__pyext.dir/rosidl_generator_py/task_manager_msgs/_task_manager_msgs_s.ep.rosidl_typesupport_fastrtps_c.c.o[0m
[15.323s] [ 95%] [32mBuilding C object CMakeFiles/task_manager_msgs__rosidl_typesupport_introspection_c__pyext.dir/rosidl_generator_py/task_manager_msgs/_task_manager_msgs_s.ep.rosidl_typesupport_introspection_c.c.o[0m
[15.326s] [ 96%] [32mBuilding C object CMakeFiles/task_manager_msgs__rosidl_typesupport_c__pyext.dir/rosidl_generator_py/task_manager_msgs/_task_manager_msgs_s.ep.rosidl_typesupport_c.c.o[0m
[15.458s] [ 97%] [32m[1mLinking C shared library rosidl_generator_py/task_manager_msgs/task_manager_msgs_s__rosidl_typesupport_c.cpython-310-x86_64-linux-gnu.so[0m
[15.473s] [ 98%] [32m[1mLinking C shared library rosidl_generator_py/task_manager_msgs/task_manager_msgs_s__rosidl_typesupport_fastrtps_c.cpython-310-x86_64-linux-gnu.so[0m
[15.492s] [ 99%] [32m[1mLinking C shared library rosidl_generator_py/task_manager_msgs/task_manager_msgs_s__rosidl_typesupport_introspection_c.cpython-310-x86_64-linux-gnu.so[0m
[15.506s] [ 99%] Built target task_manager_msgs__rosidl_typesupport_c__pyext
[15.521s] [ 99%] Built target task_manager_msgs__rosidl_typesupport_fastrtps_c__pyext
[15.541s] [ 99%] Built target task_manager_msgs__rosidl_typesupport_introspection_c__pyext
[16.074s] [100%] [32m[1mLinking CXX executable task_manager_msgs_encapsulate[0m
[16.160s] [100%] Built target task_manager_msgs_encapsulate
[16.201s] Invoked command in '/home/GTL/mgaddam/CS7630/ros2_ws/src/build/task_manager_msgs' returned '0': CMAKE_PREFIX_PATH=${CMAKE_PREFIX_PATH}:/home/GTL/mgaddam/CS7630/ros2_ws/src/install/vrep_ros_teleop:/home/GTL/mgaddam/CS7630/ros2_ws/src/install/task_manager_client_py:/home/GTL/mgaddam/CS7630/ros2_ws/src/install/ar_slam_base:/home/GTL/mgaddam/CS7630/ros2_ws/src/install/ar_loc_base:/home/GTL/mgaddam/CS7630/ros2_ws/src/install/rover_driver_base:/home/GTL/mgaddam/CS7630/ros2_ws/src/install/keyboard_teleop:/home/GTL/mgaddam/CS7630/ros2_ws/src/install/face_detect_base:/home/GTL/mgaddam/CS7630/ros2_ws/src/install/button_server:/home/GTL/mgaddam/CS7630/ros2_ws/src/install/ar_mapping_base:/opt/ros/humble /usr/bin/cmake --build /home/GTL/mgaddam/CS7630/ros2_ws/src/build/task_manager_msgs -- -j16 -l16
[16.363s] Invoking command in '/home/GTL/mgaddam/CS7630/ros2_ws/src/build/task_manager_msgs': CMAKE_PREFIX_PATH=${CMAKE_PREFIX_PATH}:/home/GTL/mgaddam/CS7630/ros2_ws/src/install/vrep_ros_teleop:/home/GTL/mgaddam/CS7630/ros2_ws/src/install/task_manager_client_py:/home/GTL/mgaddam/CS7630/ros2_ws/src/install/ar_slam_base:/home/GTL/mgaddam/CS7630/ros2_ws/src/install/ar_loc_base:/home/GTL/mgaddam/CS7630/ros2_ws/src/install/rover_driver_base:/home/GTL/mgaddam/CS7630/ros2_ws/src/install/keyboard_teleop:/home/GTL/mgaddam/CS7630/ros2_ws/src/install/face_detect_base:/home/GTL/mgaddam/CS7630/ros2_ws/src/install/button_server:/home/GTL/mgaddam/CS7630/ros2_ws/src/install/ar_mapping_base:/opt/ros/humble /usr/bin/cmake --install /home/GTL/mgaddam/CS7630/ros2_ws/src/build/task_manager_msgs
[16.370s] -- Install configuration: ""
[16.371s] -- Installing: /home/GTL/mgaddam/CS7630/ros2_ws/src/install/task_manager_msgs/share/ament_index/resource_index/rosidl_interfaces/task_manager_msgs
[16.376s] -- Up-to-date: /home/GTL/mgaddam/CS7630/ros2_ws/src/install/task_manager_msgs/include/task_manager_msgs/task_manager_msgs
[16.376s] -- Up-to-date: /home/GTL/mgaddam/CS7630/ros2_ws/src/install/task_manager_msgs/include/task_manager_msgs/task_manager_msgs/msg
[16.378s] -- Installing: /home/GTL/mgaddam/CS7630/ros2_ws/src/install/task_manager_msgs/include/task_manager_msgs/task_manager_msgs/msg/task_status.h
[16.382s] -- Installing: /home/GTL/mgaddam/CS7630/ros2_ws/src/install/task_manager_msgs/include/task_manager_msgs/task_manager_msgs/msg/sync_status.h
[16.386s] -- Up-to-date: /home/GTL/mgaddam/CS7630/ros2_ws/src/install/task_manager_msgs/include/task_manager_msgs/task_manager_msgs/msg/detail
[16.388s] -- Installing: /home/GTL/mgaddam/CS7630/ros2_ws/src/install/task_manager_msgs/include/task_manager_msgs/task_manager_msgs/msg/detail/task_parameter__functions.c
[16.393s] -- Installing: /home/GTL/mgaddam/CS7630/ros2_ws/src/install/task_manager_msgs/include/task_manager_msgs/task_manager_msgs/msg/detail/task_description__struct.h
[16.398s] -- Installing: /home/GTL/mgaddam/CS7630/ros2_ws/src/install/task_manager_msgs/include/task_manager_msgs/task_manager_msgs/msg/detail/task_description__type_support.h
[16.402s] -- Installing: /home/GTL/mgaddam/CS7630/ros2_ws/src/install/task_manager_msgs/include/task_manager_msgs/task_manager_msgs/msg/detail/task_parameter__functions.h
[16.406s] -- Installing: /home/GTL/mgaddam/CS7630/ros2_ws/src/install/task_manager_msgs/include/task_manager_msgs/task_manager_msgs/msg/detail/task_parameter__type_support.h
[16.410s] -- Installing: /home/GTL/mgaddam/CS7630/ros2_ws/src/install/task_manager_msgs/include/task_manager_msgs/task_manager_msgs/msg/detail/sync_status__type_support.h
[16.413s] -- Installing: /home/GTL/mgaddam/CS7630/ros2_ws/src/install/task_manager_msgs/include/task_manager_msgs/task_manager_msgs/msg/detail/task_config__struct.h
[16.418s] -- Installing: /home/GTL/mgaddam/CS7630/ros2_ws/src/install/task_manager_msgs/include/task_manager_msgs/task_manager_msgs/msg/detail/encapsulated_message__functions.c
[16.422s] -- Installing: /home/GTL/mgaddam/CS7630/ros2_ws/src/install/task_manager_msgs/include/task_manager_msgs/task_manager_msgs/msg/detail/task_description__functions.c
[16.426s] -- Installing: /home/GTL/mgaddam/CS7630/ros2_ws/src/install/task_manager_msgs/include/task_manager_msgs/task_manager_msgs/msg/detail/task_config__type_support.h
[16.430s] -- Installing: /home/GTL/mgaddam/CS7630/ros2_ws/src/install/task_manager_msgs/include/task_manager_msgs/task_manager_msgs/msg/detail/task_status__functions.c
[16.434s] -- Installing: /home/GTL/mgaddam/CS7630/ros2_ws/src/install/task_manager_msgs/include/task_manager_msgs/task_manager_msgs/msg/detail/encapsulated_message__functions.h
[16.438s] -- Installing: /home/GTL/mgaddam/CS7630/ros2_ws/src/install/task_manager_msgs/include/task_manager_msgs/task_manager_msgs/msg/detail/task_status__struct.h
[16.443s] -- Installing: /home/GTL/mgaddam/CS7630/ros2_ws/src/install/task_manager_msgs/include/task_manager_msgs/task_manager_msgs/msg/detail/task_config__functions.h
[16.447s] -- Installing: /home/GTL/mgaddam/CS7630/ros2_ws/src/install/task_manager_msgs/include/task_manager_msgs/task_manager_msgs/msg/detail/encapsulated_message__type_support.h
[16.451s] -- Installing: /home/GTL/mgaddam/CS7630/ros2_ws/src/install/task_manager_msgs/include/task_manager_msgs/task_manager_msgs/msg/detail/sync_status__struct.h
[16.456s] -- Installing: /home/GTL/mgaddam/CS7630/ros2_ws/src/install/task_manager_msgs/include/task_manager_msgs/task_manager_msgs/msg/detail/task_parameter__struct.h
[16.459s] -- Installing: /home/GTL/mgaddam/CS7630/ros2_ws/src/install/task_manager_msgs/include/task_manager_msgs/task_manager_msgs/msg/detail/task_config__functions.c
[16.464s] -- Installing: /home/GTL/mgaddam/CS7630/ros2_ws/src/install/task_manager_msgs/include/task_manager_msgs/task_manager_msgs/msg/detail/sync_status__functions.c
[16.468s] -- Installing: /home/GTL/mgaddam/CS7630/ros2_ws/src/install/task_manager_msgs/include/task_manager_msgs/task_manager_msgs/msg/detail/task_status__type_support.h
[16.473s] -- Installing: /home/GTL/mgaddam/CS7630/ros2_ws/src/install/task_manager_msgs/include/task_manager_msgs/task_manager_msgs/msg/detail/task_description__functions.h
[16.476s] -- Installing: /home/GTL/mgaddam/CS7630/ros2_ws/src/install/task_manager_msgs/include/task_manager_msgs/task_manager_msgs/msg/detail/sync_status__functions.h
[16.481s] -- Installing: /home/GTL/mgaddam/CS7630/ros2_ws/src/install/task_manager_msgs/include/task_manager_msgs/task_manager_msgs/msg/detail/encapsulated_message__struct.h
[16.485s] -- Installing: /home/GTL/mgaddam/CS7630/ros2_ws/src/install/task_manager_msgs/include/task_manager_msgs/task_manager_msgs/msg/detail/task_status__functions.h
[16.490s] -- Installing: /home/GTL/mgaddam/CS7630/ros2_ws/src/install/task_manager_msgs/include/task_manager_msgs/task_manager_msgs/msg/rosidl_generator_c__visibility_control.h
[16.494s] -- Installing: /home/GTL/mgaddam/CS7630/ros2_ws/src/install/task_manager_msgs/include/task_manager_msgs/task_manager_msgs/msg/encapsulated_message.h
[16.498s] -- Installing: /home/GTL/mgaddam/CS7630/ros2_ws/src/install/task_manager_msgs/include/task_manager_msgs/task_manager_msgs/msg/task_parameter.h
[16.502s] -- Installing: /home/GTL/mgaddam/CS7630/ros2_ws/src/install/task_manager_msgs/include/task_manager_msgs/task_manager_msgs/msg/task_description.h
[16.506s] -- Installing: /home/GTL/mgaddam/CS7630/ros2_ws/src/install/task_manager_msgs/include/task_manager_msgs/task_manager_msgs/msg/task_config.h
[16.510s] -- Up-to-date: /home/GTL/mgaddam/CS7630/ros2_ws/src/install/task_manager_msgs/include/task_manager_msgs/task_manager_msgs/srv
[16.511s] -- Installing: /home/GTL/mgaddam/CS7630/ros2_ws/src/install/task_manager_msgs/include/task_manager_msgs/task_manager_msgs/srv/stop_task.h
[16.515s] -- Up-to-date: /home/GTL/mgaddam/CS7630/ros2_ws/src/install/task_manager_msgs/include/task_manager_msgs/task_manager_msgs/srv/detail
[16.516s] -- Installing: /home/GTL/mgaddam/CS7630/ros2_ws/src/install/task_manager_msgs/include/task_manager_msgs/task_manager_msgs/srv/detail/stop_task__functions.c
[16.521s] -- Installing: /home/GTL/mgaddam/CS7630/ros2_ws/src/install/task_manager_msgs/include/task_manager_msgs/task_manager_msgs/srv/detail/get_task_list__struct.h
[16.525s] -- Installing: /home/GTL/mgaddam/CS7630/ros2_ws/src/install/task_manager_msgs/include/task_manager_msgs/task_manager_msgs/srv/detail/get_all_task_status__functions.h
[16.529s] -- Installing: /home/GTL/mgaddam/CS7630/ros2_ws/src/install/task_manager_msgs/include/task_manager_msgs/task_manager_msgs/srv/detail/stop_task__struct.h
[16.533s] -- Installing: /home/GTL/mgaddam/CS7630/ros2_ws/src/install/task_manager_msgs/include/task_manager_msgs/task_manager_msgs/srv/detail/start_task__functions.c
[16.537s] -- Installing: /home/GTL/mgaddam/CS7630/ros2_ws/src/install/task_manager_msgs/include/task_manager_msgs/task_manager_msgs/srv/detail/get_all_task_status__type_support.h
[16.542s] -- Installing: /home/GTL/mgaddam/CS7630/ros2_ws/src/install/task_manager_msgs/include/task_manager_msgs/task_manager_msgs/srv/detail/get_all_task_status__functions.c
[16.546s] -- Installing: /home/GTL/mgaddam/CS7630/ros2_ws/src/install/task_manager_msgs/include/task_manager_msgs/task_manager_msgs/srv/detail/get_task_list__functions.c
[16.551s] -- Installing: /home/GTL/mgaddam/CS7630/ros2_ws/src/install/task_manager_msgs/include/task_manager_msgs/task_manager_msgs/srv/detail/get_task_list__functions.h
[16.555s] -- Installing: /home/GTL/mgaddam/CS7630/ros2_ws/src/install/task_manager_msgs/include/task_manager_msgs/task_manager_msgs/srv/detail/start_task__struct.h
[16.559s] -- Installing: /home/GTL/mgaddam/CS7630/ros2_ws/src/install/task_manager_msgs/include/task_manager_msgs/task_manager_msgs/srv/detail/stop_task__functions.h
[16.563s] -- Installing: /home/GTL/mgaddam/CS7630/ros2_ws/src/install/task_manager_msgs/include/task_manager_msgs/task_manager_msgs/srv/detail/get_task_list__type_support.h
[16.567s] -- Installing: /home/GTL/mgaddam/CS7630/ros2_ws/src/install/task_manager_msgs/include/task_manager_msgs/task_manager_msgs/srv/detail/get_all_task_status__struct.h
[16.570s] -- Installing: /home/GTL/mgaddam/CS7630/ros2_ws/src/install/task_manager_msgs/include/task_manager_msgs/task_manager_msgs/srv/detail/stop_task__type_support.h
[16.574s] -- Installing: /home/GTL/mgaddam/CS7630/ros2_ws/src/install/task_manager_msgs/include/task_manager_msgs/task_manager_msgs/srv/detail/start_task__type_support.h
[16.578s] -- Installing: /home/GTL/mgaddam/CS7630/ros2_ws/src/install/task_manager_msgs/include/task_manager_msgs/task_manager_msgs/srv/detail/start_task__functions.h
[16.582s] -- Installing: /home/GTL/mgaddam/CS7630/ros2_ws/src/install/task_manager_msgs/include/task_manager_msgs/task_manager_msgs/srv/get_task_list.h
[16.587s] -- Installing: /home/GTL/mgaddam/CS7630/ros2_ws/src/install/task_manager_msgs/include/task_manager_msgs/task_manager_msgs/srv/start_task.h
[16.591s] -- Installing: /home/GTL/mgaddam/CS7630/ros2_ws/src/install/task_manager_msgs/include/task_manager_msgs/task_manager_msgs/srv/get_all_task_status.h
[16.594s] -- Installing: /home/GTL/mgaddam/CS7630/ros2_ws/src/install/task_manager_msgs/share/task_manager_msgs/environment/library_path.sh
[16.599s] -- Installing: /home/GTL/mgaddam/CS7630/ros2_ws/src/install/task_manager_msgs/share/task_manager_msgs/environment/library_path.dsv
[16.602s] -- Installing: /home/GTL/mgaddam/CS7630/ros2_ws/src/install/task_manager_msgs/lib/libtask_manager_msgs__rosidl_generator_c.so
[16.610s] -- Set runtime path of "/home/GTL/mgaddam/CS7630/ros2_ws/src/install/task_manager_msgs/lib/libtask_manager_msgs__rosidl_generator_c.so" to ""
[16.610s] -- Up-to-date: /home/GTL/mgaddam/CS7630/ros2_ws/src/install/task_manager_msgs/include/task_manager_msgs/task_manager_msgs
[16.611s] -- Up-to-date: /home/GTL/mgaddam/CS7630/ros2_ws/src/install/task_manager_msgs/include/task_manager_msgs/task_manager_msgs/msg
[16.612s] -- Up-to-date: /home/GTL/mgaddam/CS7630/ros2_ws/src/install/task_manager_msgs/include/task_manager_msgs/task_manager_msgs/msg/detail
[16.614s] -- Installing: /home/GTL/mgaddam/CS7630/ros2_ws/src/install/task_manager_msgs/include/task_manager_msgs/task_manager_msgs/msg/detail/task_config__rosidl_typesupport_fastrtps_c.h
[16.618s] -- Installing: /home/GTL/mgaddam/CS7630/ros2_ws/src/install/task_manager_msgs/include/task_manager_msgs/task_manager_msgs/msg/detail/sync_status__rosidl_typesupport_fastrtps_c.h
[16.622s] -- Installing: /home/GTL/mgaddam/CS7630/ros2_ws/src/install/task_manager_msgs/include/task_manager_msgs/task_manager_msgs/msg/detail/task_description__rosidl_typesupport_fastrtps_c.h
[16.626s] -- Installing: /home/GTL/mgaddam/CS7630/ros2_ws/src/install/task_manager_msgs/include/task_manager_msgs/task_manager_msgs/msg/detail/task_status__rosidl_typesupport_fastrtps_c.h
[16.630s] -- Installing: /home/GTL/mgaddam/CS7630/ros2_ws/src/install/task_manager_msgs/include/task_manager_msgs/task_manager_msgs/msg/detail/encapsulated_message__rosidl_typesupport_fastrtps_c.h
[16.633s] -- Installing: /home/GTL/mgaddam/CS7630/ros2_ws/src/install/task_manager_msgs/include/task_manager_msgs/task_manager_msgs/msg/detail/task_parameter__rosidl_typesupport_fastrtps_c.h
[16.637s] -- Installing: /home/GTL/mgaddam/CS7630/ros2_ws/src/install/task_manager_msgs/include/task_manager_msgs/task_manager_msgs/msg/rosidl_typesupport_fastrtps_c__visibility_control.h
[16.642s] -- Up-to-date: /home/GTL/mgaddam/CS7630/ros2_ws/src/install/task_manager_msgs/include/task_manager_msgs/task_manager_msgs/srv
[16.643s] -- Up-to-date: /home/GTL/mgaddam/CS7630/ros2_ws/src/install/task_manager_msgs/include/task_manager_msgs/task_manager_msgs/srv/detail
[16.645s] -- Installing: /home/GTL/mgaddam/CS7630/ros2_ws/src/install/task_manager_msgs/include/task_manager_msgs/task_manager_msgs/srv/detail/get_all_task_status__rosidl_typesupport_fastrtps_c.h
[16.649s] -- Installing: /home/GTL/mgaddam/CS7630/ros2_ws/src/install/task_manager_msgs/include/task_manager_msgs/task_manager_msgs/srv/detail/start_task__rosidl_typesupport_fastrtps_c.h
[16.653s] -- Installing: /home/GTL/mgaddam/CS7630/ros2_ws/src/install/task_manager_msgs/include/task_manager_msgs/task_manager_msgs/srv/detail/get_task_list__rosidl_typesupport_fastrtps_c.h
[16.656s] -- Installing: /home/GTL/mgaddam/CS7630/ros2_ws/src/install/task_manager_msgs/include/task_manager_msgs/task_manager_msgs/srv/detail/stop_task__rosidl_typesupport_fastrtps_c.h
[16.660s] -- Installing: /home/GTL/mgaddam/CS7630/ros2_ws/src/install/task_manager_msgs/lib/libtask_manager_msgs__rosidl_typesupport_fastrtps_c.so
[16.667s] -- Set runtime path of "/home/GTL/mgaddam/CS7630/ros2_ws/src/install/task_manager_msgs/lib/libtask_manager_msgs__rosidl_typesupport_fastrtps_c.so" to ""
[16.667s] -- Up-to-date: /home/GTL/mgaddam/CS7630/ros2_ws/src/install/task_manager_msgs/include/task_manager_msgs/task_manager_msgs
[16.668s] -- Up-to-date: /home/GTL/mgaddam/CS7630/ros2_ws/src/install/task_manager_msgs/include/task_manager_msgs/task_manager_msgs/msg
[16.670s] -- Installing: /home/GTL/mgaddam/CS7630/ros2_ws/src/install/task_manager_msgs/include/task_manager_msgs/task_manager_msgs/msg/sync_status.hpp
[16.674s] -- Installing: /home/GTL/mgaddam/CS7630/ros2_ws/src/install/task_manager_msgs/include/task_manager_msgs/task_manager_msgs/msg/encapsulated_message.hpp
[16.677s] -- Up-to-date: /home/GTL/mgaddam/CS7630/ros2_ws/src/install/task_manager_msgs/include/task_manager_msgs/task_manager_msgs/msg/detail
[16.679s] -- Installing: /home/GTL/mgaddam/CS7630/ros2_ws/src/install/task_manager_msgs/include/task_manager_msgs/task_manager_msgs/msg/detail/encapsulated_message__struct.hpp
[16.683s] -- Installing: /home/GTL/mgaddam/CS7630/ros2_ws/src/install/task_manager_msgs/include/task_manager_msgs/task_manager_msgs/msg/detail/task_config__traits.hpp
[16.687s] -- Installing: /home/GTL/mgaddam/CS7630/ros2_ws/src/install/task_manager_msgs/include/task_manager_msgs/task_manager_msgs/msg/detail/sync_status__builder.hpp
[16.691s] -- Installing: /home/GTL/mgaddam/CS7630/ros2_ws/src/install/task_manager_msgs/include/task_manager_msgs/task_manager_msgs/msg/detail/sync_status__traits.hpp
[16.695s] -- Installing: /home/GTL/mgaddam/CS7630/ros2_ws/src/install/task_manager_msgs/include/task_manager_msgs/task_manager_msgs/msg/detail/task_config__builder.hpp
[16.699s] -- Installing: /home/GTL/mgaddam/CS7630/ros2_ws/src/install/task_manager_msgs/include/task_manager_msgs/task_manager_msgs/msg/detail/task_status__builder.hpp
[16.703s] -- Installing: /home/GTL/mgaddam/CS7630/ros2_ws/src/install/task_manager_msgs/include/task_manager_msgs/task_manager_msgs/msg/detail/task_description__struct.hpp
[16.706s] -- Installing: /home/GTL/mgaddam/CS7630/ros2_ws/src/install/task_manager_msgs/include/task_manager_msgs/task_manager_msgs/msg/detail/encapsulated_message__traits.hpp
[16.710s] -- Installing: /home/GTL/mgaddam/CS7630/ros2_ws/src/install/task_manager_msgs/include/task_manager_msgs/task_manager_msgs/msg/detail/encapsulated_message__builder.hpp
[16.715s] -- Installing: /home/GTL/mgaddam/CS7630/ros2_ws/src/install/task_manager_msgs/include/task_manager_msgs/task_manager_msgs/msg/detail/task_config__struct.hpp
[16.718s] -- Installing: /home/GTL/mgaddam/CS7630/ros2_ws/src/install/task_manager_msgs/include/task_manager_msgs/task_manager_msgs/msg/detail/sync_status__struct.hpp
[16.722s] -- Installing: /home/GTL/mgaddam/CS7630/ros2_ws/src/install/task_manager_msgs/include/task_manager_msgs/task_manager_msgs/msg/detail/task_status__struct.hpp
[16.727s] -- Installing: /home/GTL/mgaddam/CS7630/ros2_ws/src/install/task_manager_msgs/include/task_manager_msgs/task_manager_msgs/msg/detail/task_status__traits.hpp
[16.730s] -- Installing: /home/GTL/mgaddam/CS7630/ros2_ws/src/install/task_manager_msgs/include/task_manager_msgs/task_manager_msgs/msg/detail/task_description__traits.hpp
[16.734s] -- Installing: /home/GTL/mgaddam/CS7630/ros2_ws/src/install/task_manager_msgs/include/task_manager_msgs/task_manager_msgs/msg/detail/task_description__builder.hpp
[16.738s] -- Installing: /home/GTL/mgaddam/CS7630/ros2_ws/src/install/task_manager_msgs/include/task_manager_msgs/task_manager_msgs/msg/detail/task_parameter__traits.hpp
[16.743s] -- Installing: /home/GTL/mgaddam/CS7630/ros2_ws/src/install/task_manager_msgs/include/task_manager_msgs/task_manager_msgs/msg/detail/task_parameter__builder.hpp
[16.747s] -- Installing: /home/GTL/mgaddam/CS7630/ros2_ws/src/install/task_manager_msgs/include/task_manager_msgs/task_manager_msgs/msg/detail/task_parameter__struct.hpp
[16.751s] -- Installing: /home/GTL/mgaddam/CS7630/ros2_ws/src/install/task_manager_msgs/include/task_manager_msgs/task_manager_msgs/msg/task_config.hpp
[16.755s] -- Installing: /home/GTL/mgaddam/CS7630/ros2_ws/src/install/task_manager_msgs/include/task_manager_msgs/task_manager_msgs/msg/task_parameter.hpp
[16.759s] -- Installing: /home/GTL/mgaddam/CS7630/ros2_ws/src/install/task_manager_msgs/include/task_manager_msgs/task_manager_msgs/msg/task_status.hpp
[16.763s] -- Installing: /home/GTL/mgaddam/CS7630/ros2_ws/src/install/task_manager_msgs/include/task_manager_msgs/task_manager_msgs/msg/task_description.hpp
[16.767s] -- Up-to-date: /home/GTL/mgaddam/CS7630/ros2_ws/src/install/task_manager_msgs/include/task_manager_msgs/task_manager_msgs/srv
[16.769s] -- Installing: /home/GTL/mgaddam/CS7630/ros2_ws/src/install/task_manager_msgs/include/task_manager_msgs/task_manager_msgs/srv/get_task_list.hpp
[16.774s] -- Installing: /home/GTL/mgaddam/CS7630/ros2_ws/src/install/task_manager_msgs/include/task_manager_msgs/task_manager_msgs/srv/stop_task.hpp
[16.779s] -- Up-to-date: /home/GTL/mgaddam/CS7630/ros2_ws/src/install/task_manager_msgs/include/task_manager_msgs/task_manager_msgs/srv/detail
[16.782s] -- Installing: /home/GTL/mgaddam/CS7630/ros2_ws/src/install/task_manager_msgs/include/task_manager_msgs/task_manager_msgs/srv/detail/stop_task__traits.hpp
[16.787s] -- Installing: /home/GTL/mgaddam/CS7630/ros2_ws/src/install/task_manager_msgs/include/task_manager_msgs/task_manager_msgs/srv/detail/get_all_task_status__struct.hpp
[16.792s] -- Installing: /home/GTL/mgaddam/CS7630/ros2_ws/src/install/task_manager_msgs/include/task_manager_msgs/task_manager_msgs/srv/detail/start_task__builder.hpp
[16.796s] -- Installing: /home/GTL/mgaddam/CS7630/ros2_ws/src/install/task_manager_msgs/include/task_manager_msgs/task_manager_msgs/srv/detail/get_task_list__struct.hpp
[16.800s] -- Installing: /home/GTL/mgaddam/CS7630/ros2_ws/src/install/task_manager_msgs/include/task_manager_msgs/task_manager_msgs/srv/detail/get_all_task_status__builder.hpp
[16.805s] -- Installing: /home/GTL/mgaddam/CS7630/ros2_ws/src/install/task_manager_msgs/include/task_manager_msgs/task_manager_msgs/srv/detail/stop_task__struct.hpp
[16.810s] -- Installing: /home/GTL/mgaddam/CS7630/ros2_ws/src/install/task_manager_msgs/include/task_manager_msgs/task_manager_msgs/srv/detail/start_task__traits.hpp
[16.814s] -- Installing: /home/GTL/mgaddam/CS7630/ros2_ws/src/install/task_manager_msgs/include/task_manager_msgs/task_manager_msgs/srv/detail/stop_task__builder.hpp
[16.818s] -- Installing: /home/GTL/mgaddam/CS7630/ros2_ws/src/install/task_manager_msgs/include/task_manager_msgs/task_manager_msgs/srv/detail/start_task__struct.hpp
[16.822s] -- Installing: /home/GTL/mgaddam/CS7630/ros2_ws/src/install/task_manager_msgs/include/task_manager_msgs/task_manager_msgs/srv/detail/get_task_list__traits.hpp
[16.826s] -- Installing: /home/GTL/mgaddam/CS7630/ros2_ws/src/install/task_manager_msgs/include/task_manager_msgs/task_manager_msgs/srv/detail/get_all_task_status__traits.hpp
[16.830s] -- Installing: /home/GTL/mgaddam/CS7630/ros2_ws/src/install/task_manager_msgs/include/task_manager_msgs/task_manager_msgs/srv/detail/get_task_list__builder.hpp
[16.835s] -- Installing: /home/GTL/mgaddam/CS7630/ros2_ws/src/install/task_manager_msgs/include/task_manager_msgs/task_manager_msgs/srv/start_task.hpp
[16.840s] -- Installing: /home/GTL/mgaddam/CS7630/ros2_ws/src/install/task_manager_msgs/include/task_manager_msgs/task_manager_msgs/srv/get_all_task_status.hpp
[16.844s] -- Up-to-date: /home/GTL/mgaddam/CS7630/ros2_ws/src/install/task_manager_msgs/include/task_manager_msgs/task_manager_msgs
[16.845s] -- Up-to-date: /home/GTL/mgaddam/CS7630/ros2_ws/src/install/task_manager_msgs/include/task_manager_msgs/task_manager_msgs/msg
[16.846s] -- Up-to-date: /home/GTL/mgaddam/CS7630/ros2_ws/src/install/task_manager_msgs/include/task_manager_msgs/task_manager_msgs/msg/detail
[16.847s] -- Installing: /home/GTL/mgaddam/CS7630/ros2_ws/src/install/task_manager_msgs/include/task_manager_msgs/task_manager_msgs/msg/detail/task_config__rosidl_typesupport_fastrtps_cpp.hpp
[16.852s] -- Up-to-date: /home/GTL/mgaddam/CS7630/ros2_ws/src/install/task_manager_msgs/include/task_manager_msgs/task_manager_msgs/msg/detail/dds_fastrtps
[16.853s] -- Installing: /home/GTL/mgaddam/CS7630/ros2_ws/src/install/task_manager_msgs/include/task_manager_msgs/task_manager_msgs/msg/detail/encapsulated_message__rosidl_typesupport_fastrtps_cpp.hpp
[16.857s] -- Installing: /home/GTL/mgaddam/CS7630/ros2_ws/src/install/task_manager_msgs/include/task_manager_msgs/task_manager_msgs/msg/detail/task_description__rosidl_typesupport_fastrtps_cpp.hpp
[16.861s] -- Installing: /home/GTL/mgaddam/CS7630/ros2_ws/src/install/task_manager_msgs/include/task_manager_msgs/task_manager_msgs/msg/detail/task_status__rosidl_typesupport_fastrtps_cpp.hpp
[16.865s] -- Installing: /home/GTL/mgaddam/CS7630/ros2_ws/src/install/task_manager_msgs/include/task_manager_msgs/task_manager_msgs/msg/detail/sync_status__rosidl_typesupport_fastrtps_cpp.hpp
[16.869s] -- Installing: /home/GTL/mgaddam/CS7630/ros2_ws/src/install/task_manager_msgs/include/task_manager_msgs/task_manager_msgs/msg/detail/task_parameter__rosidl_typesupport_fastrtps_cpp.hpp
[16.873s] -- Installing: /home/GTL/mgaddam/CS7630/ros2_ws/src/install/task_manager_msgs/include/task_manager_msgs/task_manager_msgs/msg/rosidl_typesupport_fastrtps_cpp__visibility_control.h
[16.877s] -- Up-to-date: /home/GTL/mgaddam/CS7630/ros2_ws/src/install/task_manager_msgs/include/task_manager_msgs/task_manager_msgs/srv
[16.877s] -- Up-to-date: /home/GTL/mgaddam/CS7630/ros2_ws/src/install/task_manager_msgs/include/task_manager_msgs/task_manager_msgs/srv/detail
[16.879s] -- Installing: /home/GTL/mgaddam/CS7630/ros2_ws/src/install/task_manager_msgs/include/task_manager_msgs/task_manager_msgs/srv/detail/get_task_list__rosidl_typesupport_fastrtps_cpp.hpp
[16.884s] -- Installing: /home/GTL/mgaddam/CS7630/ros2_ws/src/install/task_manager_msgs/include/task_manager_msgs/task_manager_msgs/srv/detail/start_task__rosidl_typesupport_fastrtps_cpp.hpp
[16.888s] -- Installing: /home/GTL/mgaddam/CS7630/ros2_ws/src/install/task_manager_msgs/include/task_manager_msgs/task_manager_msgs/srv/detail/get_all_task_status__rosidl_typesupport_fastrtps_cpp.hpp
[16.892s] -- Up-to-date: /home/GTL/mgaddam/CS7630/ros2_ws/src/install/task_manager_msgs/include/task_manager_msgs/task_manager_msgs/srv/detail/dds_fastrtps
[16.893s] -- Installing: /home/GTL/mgaddam/CS7630/ros2_ws/src/install/task_manager_msgs/include/task_manager_msgs/task_manager_msgs/srv/detail/stop_task__rosidl_typesupport_fastrtps_cpp.hpp
[16.897s] -- Installing: /home/GTL/mgaddam/CS7630/ros2_ws/src/install/task_manager_msgs/lib/libtask_manager_msgs__rosidl_typesupport_fastrtps_cpp.so
[16.906s] -- Set runtime path of "/home/GTL/mgaddam/CS7630/ros2_ws/src/install/task_manager_msgs/lib/libtask_manager_msgs__rosidl_typesupport_fastrtps_cpp.so" to ""
[16.906s] -- Up-to-date: /home/GTL/mgaddam/CS7630/ros2_ws/src/install/task_manager_msgs/include/task_manager_msgs/task_manager_msgs
[16.906s] -- Up-to-date: /home/GTL/mgaddam/CS7630/ros2_ws/src/install/task_manager_msgs/include/task_manager_msgs/task_manager_msgs/msg
[16.908s] -- Up-to-date: /home/GTL/mgaddam/CS7630/ros2_ws/src/install/task_manager_msgs/include/task_manager_msgs/task_manager_msgs/msg/detail
[16.909s] -- Installing: /home/GTL/mgaddam/CS7630/ros2_ws/src/install/task_manager_msgs/include/task_manager_msgs/task_manager_msgs/msg/detail/task_parameter__type_support.c
[16.913s] -- Installing: /home/GTL/mgaddam/CS7630/ros2_ws/src/install/task_manager_msgs/include/task_manager_msgs/task_manager_msgs/msg/detail/task_parameter__rosidl_typesupport_introspection_c.h
[16.916s] -- Installing: /home/GTL/mgaddam/CS7630/ros2_ws/src/install/task_manager_msgs/include/task_manager_msgs/task_manager_msgs/msg/detail/encapsulated_message__rosidl_typesupport_introspection_c.h
[16.920s] -- Installing: /home/GTL/mgaddam/CS7630/ros2_ws/src/install/task_manager_msgs/include/task_manager_msgs/task_manager_msgs/msg/detail/sync_status__type_support.c
[16.923s] -- Installing: /home/GTL/mgaddam/CS7630/ros2_ws/src/install/task_manager_msgs/include/task_manager_msgs/task_manager_msgs/msg/detail/task_description__type_support.c
[16.928s] -- Installing: /home/GTL/mgaddam/CS7630/ros2_ws/src/install/task_manager_msgs/include/task_manager_msgs/task_manager_msgs/msg/detail/sync_status__rosidl_typesupport_introspection_c.h
[16.932s] -- Installing: /home/GTL/mgaddam/CS7630/ros2_ws/src/install/task_manager_msgs/include/task_manager_msgs/task_manager_msgs/msg/detail/task_config__type_support.c
[16.936s] -- Installing: /home/GTL/mgaddam/CS7630/ros2_ws/src/install/task_manager_msgs/include/task_manager_msgs/task_manager_msgs/msg/detail/task_description__rosidl_typesupport_introspection_c.h
[16.939s] -- Installing: /home/GTL/mgaddam/CS7630/ros2_ws/src/install/task_manager_msgs/include/task_manager_msgs/task_manager_msgs/msg/detail/task_status__rosidl_typesupport_introspection_c.h
[16.943s] -- Installing: /home/GTL/mgaddam/CS7630/ros2_ws/src/install/task_manager_msgs/include/task_manager_msgs/task_manager_msgs/msg/detail/task_config__rosidl_typesupport_introspection_c.h
[16.947s] -- Installing: /home/GTL/mgaddam/CS7630/ros2_ws/src/install/task_manager_msgs/include/task_manager_msgs/task_manager_msgs/msg/detail/task_status__type_support.c
[16.952s] -- Installing: /home/GTL/mgaddam/CS7630/ros2_ws/src/install/task_manager_msgs/include/task_manager_msgs/task_manager_msgs/msg/detail/encapsulated_message__type_support.c
[16.956s] -- Installing: /home/GTL/mgaddam/CS7630/ros2_ws/src/install/task_manager_msgs/include/task_manager_msgs/task_manager_msgs/msg/rosidl_typesupport_introspection_c__visibility_control.h
[16.959s] -- Up-to-date: /home/GTL/mgaddam/CS7630/ros2_ws/src/install/task_manager_msgs/include/task_manager_msgs/task_manager_msgs/srv
[16.960s] -- Up-to-date: /home/GTL/mgaddam/CS7630/ros2_ws/src/install/task_manager_msgs/include/task_manager_msgs/task_manager_msgs/srv/detail
[16.961s] -- Installing: /home/GTL/mgaddam/CS7630/ros2_ws/src/install/task_manager_msgs/include/task_manager_msgs/task_manager_msgs/srv/detail/start_task__type_support.c
[16.966s] -- Installing: /home/GTL/mgaddam/CS7630/ros2_ws/src/install/task_manager_msgs/include/task_manager_msgs/task_manager_msgs/srv/detail/get_all_task_status__rosidl_typesupport_introspection_c.h
[16.970s] -- Installing: /home/GTL/mgaddam/CS7630/ros2_ws/src/install/task_manager_msgs/include/task_manager_msgs/task_manager_msgs/srv/detail/get_all_task_status__type_support.c
[16.975s] -- Installing: /home/GTL/mgaddam/CS7630/ros2_ws/src/install/task_manager_msgs/include/task_manager_msgs/task_manager_msgs/srv/detail/start_task__rosidl_typesupport_introspection_c.h
[16.979s] -- Installing: /home/GTL/mgaddam/CS7630/ros2_ws/src/install/task_manager_msgs/include/task_manager_msgs/task_manager_msgs/srv/detail/stop_task__type_support.c
[16.983s] -- Installing: /home/GTL/mgaddam/CS7630/ros2_ws/src/install/task_manager_msgs/include/task_manager_msgs/task_manager_msgs/srv/detail/get_task_list__rosidl_typesupport_introspection_c.h
[16.987s] -- Installing: /home/GTL/mgaddam/CS7630/ros2_ws/src/install/task_manager_msgs/include/task_manager_msgs/task_manager_msgs/srv/detail/stop_task__rosidl_typesupport_introspection_c.h
[16.991s] -- Installing: /home/GTL/mgaddam/CS7630/ros2_ws/src/install/task_manager_msgs/include/task_manager_msgs/task_manager_msgs/srv/detail/get_task_list__type_support.c
[16.995s] -- Installing: /home/GTL/mgaddam/CS7630/ros2_ws/src/install/task_manager_msgs/lib/libtask_manager_msgs__rosidl_typesupport_introspection_c.so
[17.002s] -- Set runtime path of "/home/GTL/mgaddam/CS7630/ros2_ws/src/install/task_manager_msgs/lib/libtask_manager_msgs__rosidl_typesupport_introspection_c.so" to ""
[17.002s] -- Installing: /home/GTL/mgaddam/CS7630/ros2_ws/src/install/task_manager_msgs/lib/libtask_manager_msgs__rosidl_typesupport_c.so
[17.008s] -- Set runtime path of "/home/GTL/mgaddam/CS7630/ros2_ws/src/install/task_manager_msgs/lib/libtask_manager_msgs__rosidl_typesupport_c.so" to ""
[17.009s] -- Up-to-date: /home/GTL/mgaddam/CS7630/ros2_ws/src/install/task_manager_msgs/include/task_manager_msgs/task_manager_msgs
[17.009s] -- Up-to-date: /home/GTL/mgaddam/CS7630/ros2_ws/src/install/task_manager_msgs/include/task_manager_msgs/task_manager_msgs/msg
[17.010s] -- Up-to-date: /home/GTL/mgaddam/CS7630/ros2_ws/src/install/task_manager_msgs/include/task_manager_msgs/task_manager_msgs/msg/detail
[17.012s] -- Installing: /home/GTL/mgaddam/CS7630/ros2_ws/src/install/task_manager_msgs/include/task_manager_msgs/task_manager_msgs/msg/detail/task_parameter__rosidl_typesupport_introspection_cpp.hpp
[17.016s] -- Installing: /home/GTL/mgaddam/CS7630/ros2_ws/src/install/task_manager_msgs/include/task_manager_msgs/task_manager_msgs/msg/detail/encapsulated_message__rosidl_typesupport_introspection_cpp.hpp
[17.020s] -- Installing: /home/GTL/mgaddam/CS7630/ros2_ws/src/install/task_manager_msgs/include/task_manager_msgs/task_manager_msgs/msg/detail/task_status__rosidl_typesupport_introspection_cpp.hpp
[17.024s] -- Installing: /home/GTL/mgaddam/CS7630/ros2_ws/src/install/task_manager_msgs/include/task_manager_msgs/task_manager_msgs/msg/detail/encapsulated_message__type_support.cpp
[17.028s] -- Installing: /home/GTL/mgaddam/CS7630/ros2_ws/src/install/task_manager_msgs/include/task_manager_msgs/task_manager_msgs/msg/detail/sync_status__type_support.cpp
[17.032s] -- Installing: /home/GTL/mgaddam/CS7630/ros2_ws/src/install/task_manager_msgs/include/task_manager_msgs/task_manager_msgs/msg/detail/sync_status__rosidl_typesupport_introspection_cpp.hpp
[17.036s] -- Installing: /home/GTL/mgaddam/CS7630/ros2_ws/src/install/task_manager_msgs/include/task_manager_msgs/task_manager_msgs/msg/detail/task_description__rosidl_typesupport_introspection_cpp.hpp
[17.040s] -- Installing: /home/GTL/mgaddam/CS7630/ros2_ws/src/install/task_manager_msgs/include/task_manager_msgs/task_manager_msgs/msg/detail/task_config__type_support.cpp
[17.044s] -- Installing: /home/GTL/mgaddam/CS7630/ros2_ws/src/install/task_manager_msgs/include/task_manager_msgs/task_manager_msgs/msg/detail/task_description__type_support.cpp
[17.048s] -- Installing: /home/GTL/mgaddam/CS7630/ros2_ws/src/install/task_manager_msgs/include/task_manager_msgs/task_manager_msgs/msg/detail/task_config__rosidl_typesupport_introspection_cpp.hpp
[17.051s] -- Installing: /home/GTL/mgaddam/CS7630/ros2_ws/src/install/task_manager_msgs/include/task_manager_msgs/task_manager_msgs/msg/detail/task_status__type_support.cpp
[17.055s] -- Installing: /home/GTL/mgaddam/CS7630/ros2_ws/src/install/task_manager_msgs/include/task_manager_msgs/task_manager_msgs/msg/detail/task_parameter__type_support.cpp
[17.059s] -- Up-to-date: /home/GTL/mgaddam/CS7630/ros2_ws/src/install/task_manager_msgs/include/task_manager_msgs/task_manager_msgs/srv
[17.060s] -- Up-to-date: /home/GTL/mgaddam/CS7630/ros2_ws/src/install/task_manager_msgs/include/task_manager_msgs/task_manager_msgs/srv/detail
[17.061s] -- Installing: /home/GTL/mgaddam/CS7630/ros2_ws/src/install/task_manager_msgs/include/task_manager_msgs/task_manager_msgs/srv/detail/get_all_task_status__rosidl_typesupport_introspection_cpp.hpp
[17.066s] -- Installing: /home/GTL/mgaddam/CS7630/ros2_ws/src/install/task_manager_msgs/include/task_manager_msgs/task_manager_msgs/srv/detail/start_task__rosidl_typesupport_introspection_cpp.hpp
[17.070s] -- Installing: /home/GTL/mgaddam/CS7630/ros2_ws/src/install/task_manager_msgs/include/task_manager_msgs/task_manager_msgs/srv/detail/start_task__type_support.cpp
[17.075s] -- Installing: /home/GTL/mgaddam/CS7630/ros2_ws/src/install/task_manager_msgs/include/task_manager_msgs/task_manager_msgs/srv/detail/get_all_task_status__type_support.cpp
[17.079s] -- Installing: /home/GTL/mgaddam/CS7630/ros2_ws/src/install/task_manager_msgs/include/task_manager_msgs/task_manager_msgs/srv/detail/stop_task__rosidl_typesupport_introspection_cpp.hpp
[17.083s] -- Installing: /home/GTL/mgaddam/CS7630/ros2_ws/src/install/task_manager_msgs/include/task_manager_msgs/task_manager_msgs/srv/detail/stop_task__type_support.cpp
[17.087s] -- Installing: /home/GTL/mgaddam/CS7630/ros2_ws/src/install/task_manager_msgs/include/task_manager_msgs/task_manager_msgs/srv/detail/get_task_list__type_support.cpp
[17.091s] -- Installing: /home/GTL/mgaddam/CS7630/ros2_ws/src/install/task_manager_msgs/include/task_manager_msgs/task_manager_msgs/srv/detail/get_task_list__rosidl_typesupport_introspection_cpp.hpp
[17.096s] -- Installing: /home/GTL/mgaddam/CS7630/ros2_ws/src/install/task_manager_msgs/lib/libtask_manager_msgs__rosidl_typesupport_introspection_cpp.so
[17.108s] -- Set runtime path of "/home/GTL/mgaddam/CS7630/ros2_ws/src/install/task_manager_msgs/lib/libtask_manager_msgs__rosidl_typesupport_introspection_cpp.so" to ""
[17.109s] -- Installing: /home/GTL/mgaddam/CS7630/ros2_ws/src/install/task_manager_msgs/lib/libtask_manager_msgs__rosidl_typesupport_cpp.so
[17.115s] -- Set runtime path of "/home/GTL/mgaddam/CS7630/ros2_ws/src/install/task_manager_msgs/lib/libtask_manager_msgs__rosidl_typesupport_cpp.so" to ""
[17.116s] -- Installing: /home/GTL/mgaddam/CS7630/ros2_ws/src/install/task_manager_msgs/share/task_manager_msgs/environment/pythonpath.sh
[17.121s] -- Installing: /home/GTL/mgaddam/CS7630/ros2_ws/src/install/task_manager_msgs/share/task_manager_msgs/environment/pythonpath.dsv
[17.125s] -- Up-to-date: /home/GTL/mgaddam/CS7630/ros2_ws/src/install/task_manager_msgs/local/lib/python3.10/dist-packages/task_manager_msgs-0.0.0-py3.10.egg-info
[17.126s] -- Installing: /home/GTL/mgaddam/CS7630/ros2_ws/src/install/task_manager_msgs/local/lib/python3.10/dist-packages/task_manager_msgs-0.0.0-py3.10.egg-info/dependency_links.txt
[17.130s] -- Installing: /home/GTL/mgaddam/CS7630/ros2_ws/src/install/task_manager_msgs/local/lib/python3.10/dist-packages/task_manager_msgs-0.0.0-py3.10.egg-info/top_level.txt
[17.135s] -- Installing: /home/GTL/mgaddam/CS7630/ros2_ws/src/install/task_manager_msgs/local/lib/python3.10/dist-packages/task_manager_msgs-0.0.0-py3.10.egg-info/PKG-INFO
[17.139s] -- Installing: /home/GTL/mgaddam/CS7630/ros2_ws/src/install/task_manager_msgs/local/lib/python3.10/dist-packages/task_manager_msgs-0.0.0-py3.10.egg-info/SOURCES.txt
[17.143s] -- Up-to-date: /home/GTL/mgaddam/CS7630/ros2_ws/src/install/task_manager_msgs/local/lib/python3.10/dist-packages/task_manager_msgs
[17.144s] -- Up-to-date: /home/GTL/mgaddam/CS7630/ros2_ws/src/install/task_manager_msgs/local/lib/python3.10/dist-packages/task_manager_msgs/msg
[17.145s] -- Installing: /home/GTL/mgaddam/CS7630/ros2_ws/src/install/task_manager_msgs/local/lib/python3.10/dist-packages/task_manager_msgs/msg/_encapsulated_message_s.c
[17.149s] -- Installing: /home/GTL/mgaddam/CS7630/ros2_ws/src/install/task_manager_msgs/local/lib/python3.10/dist-packages/task_manager_msgs/msg/_task_description_s.c
[17.154s] -- Installing: /home/GTL/mgaddam/CS7630/ros2_ws/src/install/task_manager_msgs/local/lib/python3.10/dist-packages/task_manager_msgs/msg/_task_parameter.py
[17.158s] -- Installing: /home/GTL/mgaddam/CS7630/ros2_ws/src/install/task_manager_msgs/local/lib/python3.10/dist-packages/task_manager_msgs/msg/_sync_status_s.c
[17.162s] -- Installing: /home/GTL/mgaddam/CS7630/ros2_ws/src/install/task_manager_msgs/local/lib/python3.10/dist-packages/task_manager_msgs/msg/_task_config.py
[17.166s] -- Installing: /home/GTL/mgaddam/CS7630/ros2_ws/src/install/task_manager_msgs/local/lib/python3.10/dist-packages/task_manager_msgs/msg/_task_parameter_s.c
[17.170s] -- Installing: /home/GTL/mgaddam/CS7630/ros2_ws/src/install/task_manager_msgs/local/lib/python3.10/dist-packages/task_manager_msgs/msg/_task_status.py
[17.175s] -- Installing: /home/GTL/mgaddam/CS7630/ros2_ws/src/install/task_manager_msgs/local/lib/python3.10/dist-packages/task_manager_msgs/msg/_task_description.py
[17.179s] -- Installing: /home/GTL/mgaddam/CS7630/ros2_ws/src/install/task_manager_msgs/local/lib/python3.10/dist-packages/task_manager_msgs/msg/__init__.py
[17.183s] -- Installing: /home/GTL/mgaddam/CS7630/ros2_ws/src/install/task_manager_msgs/local/lib/python3.10/dist-packages/task_manager_msgs/msg/_sync_status.py
[17.187s] -- Installing: /home/GTL/mgaddam/CS7630/ros2_ws/src/install/task_manager_msgs/local/lib/python3.10/dist-packages/task_manager_msgs/msg/_encapsulated_message.py
[17.192s] -- Installing: /home/GTL/mgaddam/CS7630/ros2_ws/src/install/task_manager_msgs/local/lib/python3.10/dist-packages/task_manager_msgs/msg/_task_config_s.c
[17.196s] -- Installing: /home/GTL/mgaddam/CS7630/ros2_ws/src/install/task_manager_msgs/local/lib/python3.10/dist-packages/task_manager_msgs/msg/_task_status_s.c
[17.200s] -- Installing: /home/GTL/mgaddam/CS7630/ros2_ws/src/install/task_manager_msgs/local/lib/python3.10/dist-packages/task_manager_msgs/task_manager_msgs_s__rosidl_typesupport_introspection_c.cpython-310-x86_64-linux-gnu.so
[17.206s] -- Installing: /home/GTL/mgaddam/CS7630/ros2_ws/src/install/task_manager_msgs/local/lib/python3.10/dist-packages/task_manager_msgs/_task_manager_msgs_s.ep.rosidl_typesupport_introspection_c.c
[17.210s] -- Installing: /home/GTL/mgaddam/CS7630/ros2_ws/src/install/task_manager_msgs/local/lib/python3.10/dist-packages/task_manager_msgs/__init__.py
[17.214s] -- Installing: /home/GTL/mgaddam/CS7630/ros2_ws/src/install/task_manager_msgs/local/lib/python3.10/dist-packages/task_manager_msgs/_task_manager_msgs_s.ep.rosidl_typesupport_c.c
[17.220s] -- Installing: /home/GTL/mgaddam/CS7630/ros2_ws/src/install/task_manager_msgs/local/lib/python3.10/dist-packages/task_manager_msgs/task_manager_msgs_s__rosidl_typesupport_c.cpython-310-x86_64-linux-gnu.so
[17.225s] -- Up-to-date: /home/GTL/mgaddam/CS7630/ros2_ws/src/install/task_manager_msgs/local/lib/python3.10/dist-packages/task_manager_msgs/srv
[17.226s] -- Installing: /home/GTL/mgaddam/CS7630/ros2_ws/src/install/task_manager_msgs/local/lib/python3.10/dist-packages/task_manager_msgs/srv/_stop_task_s.c
[17.231s] -- Installing: /home/GTL/mgaddam/CS7630/ros2_ws/src/install/task_manager_msgs/local/lib/python3.10/dist-packages/task_manager_msgs/srv/_start_task_s.c
[17.234s] -- Installing: /home/GTL/mgaddam/CS7630/ros2_ws/src/install/task_manager_msgs/local/lib/python3.10/dist-packages/task_manager_msgs/srv/_get_all_task_status_s.c
[17.239s] -- Installing: /home/GTL/mgaddam/CS7630/ros2_ws/src/install/task_manager_msgs/local/lib/python3.10/dist-packages/task_manager_msgs/srv/_get_task_list.py
[17.244s] -- Installing: /home/GTL/mgaddam/CS7630/ros2_ws/src/install/task_manager_msgs/local/lib/python3.10/dist-packages/task_manager_msgs/srv/__init__.py
[17.248s] -- Installing: /home/GTL/mgaddam/CS7630/ros2_ws/src/install/task_manager_msgs/local/lib/python3.10/dist-packages/task_manager_msgs/srv/_get_all_task_status.py
[17.253s] -- Installing: /home/GTL/mgaddam/CS7630/ros2_ws/src/install/task_manager_msgs/local/lib/python3.10/dist-packages/task_manager_msgs/srv/_stop_task.py
[17.257s] -- Installing: /home/GTL/mgaddam/CS7630/ros2_ws/src/install/task_manager_msgs/local/lib/python3.10/dist-packages/task_manager_msgs/srv/_get_task_list_s.c
[17.262s] -- Installing: /home/GTL/mgaddam/CS7630/ros2_ws/src/install/task_manager_msgs/local/lib/python3.10/dist-packages/task_manager_msgs/srv/_start_task.py
[17.267s] -- Installing: /home/GTL/mgaddam/CS7630/ros2_ws/src/install/task_manager_msgs/local/lib/python3.10/dist-packages/task_manager_msgs/_task_manager_msgs_s.ep.rosidl_typesupport_fastrtps_c.c
[17.273s] -- Installing: /home/GTL/mgaddam/CS7630/ros2_ws/src/install/task_manager_msgs/local/lib/python3.10/dist-packages/task_manager_msgs/task_manager_msgs_s__rosidl_typesupport_fastrtps_c.cpython-310-x86_64-linux-gnu.so
[17.278s] -- Installing: /home/GTL/mgaddam/CS7630/ros2_ws/src/install/task_manager_msgs/local/lib/python3.10/dist-packages/task_manager_msgs/libtask_manager_msgs__rosidl_generator_py.so
[17.371s] Listing '/home/GTL/mgaddam/CS7630/ros2_ws/src/install/task_manager_msgs/local/lib/python3.10/dist-packages/task_manager_msgs'...
[17.371s] Compiling '/home/GTL/mgaddam/CS7630/ros2_ws/src/install/task_manager_msgs/local/lib/python3.10/dist-packages/task_manager_msgs/__init__.py'...
[17.371s] Listing '/home/GTL/mgaddam/CS7630/ros2_ws/src/install/task_manager_msgs/local/lib/python3.10/dist-packages/task_manager_msgs/msg'...
[17.371s] Compiling '/home/GTL/mgaddam/CS7630/ros2_ws/src/install/task_manager_msgs/local/lib/python3.10/dist-packages/task_manager_msgs/msg/__init__.py'...
[17.371s] Compiling '/home/GTL/mgaddam/CS7630/ros2_ws/src/install/task_manager_msgs/local/lib/python3.10/dist-packages/task_manager_msgs/msg/_encapsulated_message.py'...
[17.371s] Compiling '/home/GTL/mgaddam/CS7630/ros2_ws/src/install/task_manager_msgs/local/lib/python3.10/dist-packages/task_manager_msgs/msg/_sync_status.py'...
[17.371s] Compiling '/home/GTL/mgaddam/CS7630/ros2_ws/src/install/task_manager_msgs/local/lib/python3.10/dist-packages/task_manager_msgs/msg/_task_config.py'...
[17.371s] Compiling '/home/GTL/mgaddam/CS7630/ros2_ws/src/install/task_manager_msgs/local/lib/python3.10/dist-packages/task_manager_msgs/msg/_task_description.py'...
[17.371s] Compiling '/home/GTL/mgaddam/CS7630/ros2_ws/src/install/task_manager_msgs/local/lib/python3.10/dist-packages/task_manager_msgs/msg/_task_parameter.py'...
[17.371s] Compiling '/home/GTL/mgaddam/CS7630/ros2_ws/src/install/task_manager_msgs/local/lib/python3.10/dist-packages/task_manager_msgs/msg/_task_status.py'...
[17.371s] Listing '/home/GTL/mgaddam/CS7630/ros2_ws/src/install/task_manager_msgs/local/lib/python3.10/dist-packages/task_manager_msgs/srv'...
[17.371s] Compiling '/home/GTL/mgaddam/CS7630/ros2_ws/src/install/task_manager_msgs/local/lib/python3.10/dist-packages/task_manager_msgs/srv/__init__.py'...
[17.371s] Compiling '/home/GTL/mgaddam/CS7630/ros2_ws/src/install/task_manager_msgs/local/lib/python3.10/dist-packages/task_manager_msgs/srv/_get_all_task_status.py'...
[17.371s] Compiling '/home/GTL/mgaddam/CS7630/ros2_ws/src/install/task_manager_msgs/local/lib/python3.10/dist-packages/task_manager_msgs/srv/_get_task_list.py'...
[17.371s] Compiling '/home/GTL/mgaddam/CS7630/ros2_ws/src/install/task_manager_msgs/local/lib/python3.10/dist-packages/task_manager_msgs/srv/_start_task.py'...
[17.371s] Compiling '/home/GTL/mgaddam/CS7630/ros2_ws/src/install/task_manager_msgs/local/lib/python3.10/dist-packages/task_manager_msgs/srv/_stop_task.py'...
[17.377s] -- Installing: /home/GTL/mgaddam/CS7630/ros2_ws/src/install/task_manager_msgs/local/lib/python3.10/dist-packages/task_manager_msgs/task_manager_msgs_s__rosidl_typesupport_fastrtps_c.cpython-310-x86_64-linux-gnu.so
[17.384s] -- Set runtime path of "/home/GTL/mgaddam/CS7630/ros2_ws/src/install/task_manager_msgs/local/lib/python3.10/dist-packages/task_manager_msgs/task_manager_msgs_s__rosidl_typesupport_fastrtps_c.cpython-310-x86_64-linux-gnu.so" to ""
[17.386s] -- Installing: /home/GTL/mgaddam/CS7630/ros2_ws/src/install/task_manager_msgs/local/lib/python3.10/dist-packages/task_manager_msgs/task_manager_msgs_s__rosidl_typesupport_introspection_c.cpython-310-x86_64-linux-gnu.so
[17.393s] -- Set runtime path of "/home/GTL/mgaddam/CS7630/ros2_ws/src/install/task_manager_msgs/local/lib/python3.10/dist-packages/task_manager_msgs/task_manager_msgs_s__rosidl_typesupport_introspection_c.cpython-310-x86_64-linux-gnu.so" to ""
[17.394s] -- Installing: /home/GTL/mgaddam/CS7630/ros2_ws/src/install/task_manager_msgs/local/lib/python3.10/dist-packages/task_manager_msgs/task_manager_msgs_s__rosidl_typesupport_c.cpython-310-x86_64-linux-gnu.so
[17.401s] -- Set runtime path of "/home/GTL/mgaddam/CS7630/ros2_ws/src/install/task_manager_msgs/local/lib/python3.10/dist-packages/task_manager_msgs/task_manager_msgs_s__rosidl_typesupport_c.cpython-310-x86_64-linux-gnu.so" to ""
[17.402s] -- Installing: /home/GTL/mgaddam/CS7630/ros2_ws/src/install/task_manager_msgs/lib/libtask_manager_msgs__rosidl_generator_py.so
[17.409s] -- Set runtime path of "/home/GTL/mgaddam/CS7630/ros2_ws/src/install/task_manager_msgs/lib/libtask_manager_msgs__rosidl_generator_py.so" to ""
[17.409s] -- Installing: /home/GTL/mgaddam/CS7630/ros2_ws/src/install/task_manager_msgs/share/task_manager_msgs/srv/GetAllTaskStatus.idl
[17.414s] -- Installing: /home/GTL/mgaddam/CS7630/ros2_ws/src/install/task_manager_msgs/share/task_manager_msgs/srv/StartTask.idl
[17.418s] -- Installing: /home/GTL/mgaddam/CS7630/ros2_ws/src/install/task_manager_msgs/share/task_manager_msgs/srv/StopTask.idl
[17.422s] -- Installing: /home/GTL/mgaddam/CS7630/ros2_ws/src/install/task_manager_msgs/share/task_manager_msgs/srv/GetTaskList.idl
[17.425s] -- Installing: /home/GTL/mgaddam/CS7630/ros2_ws/src/install/task_manager_msgs/share/task_manager_msgs/msg/TaskDescription.idl
[17.429s] -- Installing: /home/GTL/mgaddam/CS7630/ros2_ws/src/install/task_manager_msgs/share/task_manager_msgs/msg/TaskParameter.idl
[17.433s] -- Installing: /home/GTL/mgaddam/CS7630/ros2_ws/src/install/task_manager_msgs/share/task_manager_msgs/msg/TaskStatus.idl
[17.437s] -- Installing: /home/GTL/mgaddam/CS7630/ros2_ws/src/install/task_manager_msgs/share/task_manager_msgs/msg/TaskConfig.idl
[17.442s] -- Installing: /home/GTL/mgaddam/CS7630/ros2_ws/src/install/task_manager_msgs/share/task_manager_msgs/msg/SyncStatus.idl
[17.445s] -- Installing: /home/GTL/mgaddam/CS7630/ros2_ws/src/install/task_manager_msgs/share/task_manager_msgs/msg/EncapsulatedMessage.idl
[17.450s] -- Installing: /home/GTL/mgaddam/CS7630/ros2_ws/src/install/task_manager_msgs/share/task_manager_msgs/srv/GetAllTaskStatus.srv
[17.454s] -- Installing: /home/GTL/mgaddam/CS7630/ros2_ws/src/install/task_manager_msgs/share/task_manager_msgs/srv/GetAllTaskStatus_Request.msg
[17.458s] -- Installing: /home/GTL/mgaddam/CS7630/ros2_ws/src/install/task_manager_msgs/share/task_manager_msgs/srv/GetAllTaskStatus_Response.msg
[17.461s] -- Installing: /home/GTL/mgaddam/CS7630/ros2_ws/src/install/task_manager_msgs/share/task_manager_msgs/srv/StartTask.srv
[17.465s] -- Installing: /home/GTL/mgaddam/CS7630/ros2_ws/src/install/task_manager_msgs/share/task_manager_msgs/srv/StartTask_Request.msg
[17.469s] -- Installing: /home/GTL/mgaddam/CS7630/ros2_ws/src/install/task_manager_msgs/share/task_manager_msgs/srv/StartTask_Response.msg
[17.473s] -- Installing: /home/GTL/mgaddam/CS7630/ros2_ws/src/install/task_manager_msgs/share/task_manager_msgs/srv/StopTask.srv
[17.477s] -- Installing: /home/GTL/mgaddam/CS7630/ros2_ws/src/install/task_manager_msgs/share/task_manager_msgs/srv/StopTask_Request.msg
[17.481s] -- Installing: /home/GTL/mgaddam/CS7630/ros2_ws/src/install/task_manager_msgs/share/task_manager_msgs/srv/StopTask_Response.msg
[17.485s] -- Installing: /home/GTL/mgaddam/CS7630/ros2_ws/src/install/task_manager_msgs/share/task_manager_msgs/srv/GetTaskList.srv
[17.489s] -- Installing: /home/GTL/mgaddam/CS7630/ros2_ws/src/install/task_manager_msgs/share/task_manager_msgs/srv/GetTaskList_Request.msg
[17.492s] -- Installing: /home/GTL/mgaddam/CS7630/ros2_ws/src/install/task_manager_msgs/share/task_manager_msgs/srv/GetTaskList_Response.msg
[17.497s] -- Installing: /home/GTL/mgaddam/CS7630/ros2_ws/src/install/task_manager_msgs/share/task_manager_msgs/msg/TaskDescription.msg
[17.500s] -- Installing: /home/GTL/mgaddam/CS7630/ros2_ws/src/install/task_manager_msgs/share/task_manager_msgs/msg/TaskParameter.msg
[17.504s] -- Installing: /home/GTL/mgaddam/CS7630/ros2_ws/src/install/task_manager_msgs/share/task_manager_msgs/msg/TaskStatus.msg
[17.508s] -- Installing: /home/GTL/mgaddam/CS7630/ros2_ws/src/install/task_manager_msgs/share/task_manager_msgs/msg/TaskConfig.msg
[17.512s] -- Installing: /home/GTL/mgaddam/CS7630/ros2_ws/src/install/task_manager_msgs/share/task_manager_msgs/msg/SyncStatus.msg
[17.515s] -- Installing: /home/GTL/mgaddam/CS7630/ros2_ws/src/install/task_manager_msgs/share/task_manager_msgs/msg/EncapsulatedMessage.msg
[17.519s] -- Installing: /home/GTL/mgaddam/CS7630/ros2_ws/src/install/task_manager_msgs/lib/task_manager_msgs/task_manager_msgs_encapsulate
[17.526s] -- Set runtime path of "/home/GTL/mgaddam/CS7630/ros2_ws/src/install/task_manager_msgs/lib/task_manager_msgs/task_manager_msgs_encapsulate" to ""
[17.527s] -- Installing: /home/GTL/mgaddam/CS7630/ros2_ws/src/install/task_manager_msgs/share/ament_index/resource_index/package_run_dependencies/task_manager_msgs
[17.531s] -- Installing: /home/GTL/mgaddam/CS7630/ros2_ws/src/install/task_manager_msgs/share/ament_index/resource_index/parent_prefix_path/task_manager_msgs
[17.536s] -- Installing: /home/GTL/mgaddam/CS7630/ros2_ws/src/install/task_manager_msgs/share/task_manager_msgs/environment/ament_prefix_path.sh
[17.539s] -- Installing: /home/GTL/mgaddam/CS7630/ros2_ws/src/install/task_manager_msgs/share/task_manager_msgs/environment/ament_prefix_path.dsv
[17.543s] -- Installing: /home/GTL/mgaddam/CS7630/ros2_ws/src/install/task_manager_msgs/share/task_manager_msgs/environment/path.sh
[17.548s] -- Installing: /home/GTL/mgaddam/CS7630/ros2_ws/src/install/task_manager_msgs/share/task_manager_msgs/environment/path.dsv
[17.552s] -- Installing: /home/GTL/mgaddam/CS7630/ros2_ws/src/install/task_manager_msgs/share/task_manager_msgs/local_setup.bash
[17.555s] -- Installing: /home/GTL/mgaddam/CS7630/ros2_ws/src/install/task_manager_msgs/share/task_manager_msgs/local_setup.sh
[17.560s] -- Installing: /home/GTL/mgaddam/CS7630/ros2_ws/src/install/task_manager_msgs/share/task_manager_msgs/local_setup.zsh
[17.565s] -- Installing: /home/GTL/mgaddam/CS7630/ros2_ws/src/install/task_manager_msgs/share/task_manager_msgs/local_setup.dsv
[17.571s] -- Installing: /home/GTL/mgaddam/CS7630/ros2_ws/src/install/task_manager_msgs/share/task_manager_msgs/package.dsv
[17.577s] -- Installing: /home/GTL/mgaddam/CS7630/ros2_ws/src/install/task_manager_msgs/share/ament_index/resource_index/packages/task_manager_msgs
[17.585s] -- Installing: /home/GTL/mgaddam/CS7630/ros2_ws/src/install/task_manager_msgs/share/task_manager_msgs/cmake/export_task_manager_msgs__rosidl_generator_cExport.cmake
[17.591s] -- Installing: /home/GTL/mgaddam/CS7630/ros2_ws/src/install/task_manager_msgs/share/task_manager_msgs/cmake/export_task_manager_msgs__rosidl_generator_cExport-noconfig.cmake
[17.596s] -- Installing: /home/GTL/mgaddam/CS7630/ros2_ws/src/install/task_manager_msgs/share/task_manager_msgs/cmake/export_task_manager_msgs__rosidl_typesupport_fastrtps_cExport.cmake
[17.600s] -- Installing: /home/GTL/mgaddam/CS7630/ros2_ws/src/install/task_manager_msgs/share/task_manager_msgs/cmake/export_task_manager_msgs__rosidl_typesupport_fastrtps_cExport-noconfig.cmake
[17.606s] -- Installing: /home/GTL/mgaddam/CS7630/ros2_ws/src/install/task_manager_msgs/share/task_manager_msgs/cmake/export_task_manager_msgs__rosidl_generator_cppExport.cmake
[17.611s] -- Installing: /home/GTL/mgaddam/CS7630/ros2_ws/src/install/task_manager_msgs/share/task_manager_msgs/cmake/export_task_manager_msgs__rosidl_typesupport_fastrtps_cppExport.cmake
[17.616s] -- Installing: /home/GTL/mgaddam/CS7630/ros2_ws/src/install/task_manager_msgs/share/task_manager_msgs/cmake/export_task_manager_msgs__rosidl_typesupport_fastrtps_cppExport-noconfig.cmake
[17.621s] -- Installing: /home/GTL/mgaddam/CS7630/ros2_ws/src/install/task_manager_msgs/share/task_manager_msgs/cmake/task_manager_msgs__rosidl_typesupport_introspection_cExport.cmake
[17.626s] -- Installing: /home/GTL/mgaddam/CS7630/ros2_ws/src/install/task_manager_msgs/share/task_manager_msgs/cmake/task_manager_msgs__rosidl_typesupport_introspection_cExport-noconfig.cmake
[17.631s] -- Installing: /home/GTL/mgaddam/CS7630/ros2_ws/src/install/task_manager_msgs/share/task_manager_msgs/cmake/task_manager_msgs__rosidl_typesupport_cExport.cmake
[17.636s] -- Installing: /home/GTL/mgaddam/CS7630/ros2_ws/src/install/task_manager_msgs/share/task_manager_msgs/cmake/task_manager_msgs__rosidl_typesupport_cExport-noconfig.cmake
[17.642s] -- Installing: /home/GTL/mgaddam/CS7630/ros2_ws/src/install/task_manager_msgs/share/task_manager_msgs/cmake/task_manager_msgs__rosidl_typesupport_introspection_cppExport.cmake
[17.646s] -- Installing: /home/GTL/mgaddam/CS7630/ros2_ws/src/install/task_manager_msgs/share/task_manager_msgs/cmake/task_manager_msgs__rosidl_typesupport_introspection_cppExport-noconfig.cmake
[17.651s] -- Installing: /home/GTL/mgaddam/CS7630/ros2_ws/src/install/task_manager_msgs/share/task_manager_msgs/cmake/task_manager_msgs__rosidl_typesupport_cppExport.cmake
[17.656s] -- Installing: /home/GTL/mgaddam/CS7630/ros2_ws/src/install/task_manager_msgs/share/task_manager_msgs/cmake/task_manager_msgs__rosidl_typesupport_cppExport-noconfig.cmake
[17.661s] -- Installing: /home/GTL/mgaddam/CS7630/ros2_ws/src/install/task_manager_msgs/share/task_manager_msgs/cmake/export_task_manager_msgs__rosidl_generator_pyExport.cmake
[17.666s] -- Installing: /home/GTL/mgaddam/CS7630/ros2_ws/src/install/task_manager_msgs/share/task_manager_msgs/cmake/export_task_manager_msgs__rosidl_generator_pyExport-noconfig.cmake
[17.670s] -- Installing: /home/GTL/mgaddam/CS7630/ros2_ws/src/install/task_manager_msgs/share/task_manager_msgs/cmake/rosidl_cmake-extras.cmake
[17.675s] -- Installing: /home/GTL/mgaddam/CS7630/ros2_ws/src/install/task_manager_msgs/share/task_manager_msgs/cmake/ament_cmake_export_dependencies-extras.cmake
[17.679s] -- Installing: /home/GTL/mgaddam/CS7630/ros2_ws/src/install/task_manager_msgs/share/task_manager_msgs/cmake/ament_cmake_export_include_directories-extras.cmake
[17.683s] -- Installing: /home/GTL/mgaddam/CS7630/ros2_ws/src/install/task_manager_msgs/share/task_manager_msgs/cmake/ament_cmake_export_libraries-extras.cmake
[17.688s] -- Installing: /home/GTL/mgaddam/CS7630/ros2_ws/src/install/task_manager_msgs/share/task_manager_msgs/cmake/ament_cmake_export_targets-extras.cmake
[17.692s] -- Installing: /home/GTL/mgaddam/CS7630/ros2_ws/src/install/task_manager_msgs/share/task_manager_msgs/cmake/rosidl_cmake_export_typesupport_targets-extras.cmake
[17.696s] -- Installing: /home/GTL/mgaddam/CS7630/ros2_ws/src/install/task_manager_msgs/share/task_manager_msgs/cmake/rosidl_cmake_export_typesupport_libraries-extras.cmake
[17.700s] -- Installing: /home/GTL/mgaddam/CS7630/ros2_ws/src/install/task_manager_msgs/share/task_manager_msgs/cmake/task_manager_msgsConfig.cmake
[17.704s] -- Installing: /home/GTL/mgaddam/CS7630/ros2_ws/src/install/task_manager_msgs/share/task_manager_msgs/cmake/task_manager_msgsConfig-version.cmake
[17.709s] -- Installing: /home/GTL/mgaddam/CS7630/ros2_ws/src/install/task_manager_msgs/share/task_manager_msgs/package.xml
[17.717s] Invoked command in '/home/GTL/mgaddam/CS7630/ros2_ws/src/build/task_manager_msgs' returned '0': CMAKE_PREFIX_PATH=${CMAKE_PREFIX_PATH}:/home/GTL/mgaddam/CS7630/ros2_ws/src/install/vrep_ros_teleop:/home/GTL/mgaddam/CS7630/ros2_ws/src/install/task_manager_client_py:/home/GTL/mgaddam/CS7630/ros2_ws/src/install/ar_slam_base:/home/GTL/mgaddam/CS7630/ros2_ws/src/install/ar_loc_base:/home/GTL/mgaddam/CS7630/ros2_ws/src/install/rover_driver_base:/home/GTL/mgaddam/CS7630/ros2_ws/src/install/keyboard_teleop:/home/GTL/mgaddam/CS7630/ros2_ws/src/install/face_detect_base:/home/GTL/mgaddam/CS7630/ros2_ws/src/install/button_server:/home/GTL/mgaddam/CS7630/ros2_ws/src/install/ar_mapping_base:/opt/ros/humble /usr/bin/cmake --install /home/GTL/mgaddam/CS7630/ros2_ws/src/build/task_manager_msgs
