[1.569s] Invoking command in '/home/GTL/mgaddam/CS7630/ros2_ws/src/ar_loc_base': AMENT_PREFIX_PATH=/home/GTL/mgaddam/CS7630/ros2_ws/install/rover_driver_base:${AMENT_PREFIX_PATH} PYTHONPATH=/home/GTL/mgaddam/CS7630/ros2_ws/build/ar_loc_base/prefix_override:/home/GTL/mgaddam/CS7630/ros2_ws/install/ar_loc_base/lib/python3.10/site-packages:/home/GTL/mgaddam/CS7630/ros2_ws/install/rover_driver_base/lib/python3.10/site-packages:${PYTHONPATH} /usr/bin/python3 setup.py egg_info --egg-base ../../build/ar_loc_base build --build-base /home/GTL/mgaddam/CS7630/ros2_ws/build/ar_loc_base/build install --record /home/GTL/mgaddam/CS7630/ros2_ws/build/ar_loc_base/install.log --single-version-externally-managed
[1.790s] running egg_info
[1.793s] writing ../../build/ar_loc_base/ar_loc_base.egg-info/PKG-INFO
[1.793s] writing dependency_links to ../../build/ar_loc_base/ar_loc_base.egg-info/dependency_links.txt
[1.795s] writing entry points to ../../build/ar_loc_base/ar_loc_base.egg-info/entry_points.txt
[1.796s] writing requirements to ../../build/ar_loc_base/ar_loc_base.egg-info/requires.txt
[1.797s] writing top-level names to ../../build/ar_loc_base/ar_loc_base.egg-info/top_level.txt
[1.804s] reading manifest file '../../build/ar_loc_base/ar_loc_base.egg-info/SOURCES.txt'
[1.811s] writing manifest file '../../build/ar_loc_base/ar_loc_base.egg-info/SOURCES.txt'
[1.814s] running build
[1.814s] running build_py
[1.817s] copying ar_loc_base/rover_kf.py -> /home/GTL/mgaddam/CS7630/ros2_ws/build/ar_loc_base/build/lib/ar_loc_base
[1.822s] copying ar_loc_base/rover_pf.py -> /home/GTL/mgaddam/CS7630/ros2_ws/build/ar_loc_base/build/lib/ar_loc_base
[1.826s] running install
[1.826s] /usr/lib/python3/dist-packages/setuptools/command/install.py:34: SetuptoolsDeprecationWarning: setup.py install is deprecated. Use build and pip and other standards-based tools.
[1.826s]   warnings.warn(
[1.826s] running install_lib
[1.836s] copying /home/GTL/mgaddam/CS7630/ros2_ws/build/ar_loc_base/build/lib/ar_loc_base/rover_kf.py -> /home/GTL/mgaddam/CS7630/ros2_ws/install/ar_loc_base/lib/python3.10/site-packages/ar_loc_base
[1.839s] copying /home/GTL/mgaddam/CS7630/ros2_ws/build/ar_loc_base/build/lib/ar_loc_base/rover_pf.py -> /home/GTL/mgaddam/CS7630/ros2_ws/install/ar_loc_base/lib/python3.10/site-packages/ar_loc_base
[1.844s] byte-compiling /home/GTL/mgaddam/CS7630/ros2_ws/install/ar_loc_base/lib/python3.10/site-packages/ar_loc_base/rover_kf.py to rover_kf.cpython-310.pyc
[1.847s] byte-compiling /home/GTL/mgaddam/CS7630/ros2_ws/install/ar_loc_base/lib/python3.10/site-packages/ar_loc_base/rover_pf.py to rover_pf.cpython-310.pyc
[1.850s] running install_data
[1.853s] copying launch/ar_loc_only.launch.py -> /home/GTL/mgaddam/CS7630/ros2_ws/install/ar_loc_base/share/ar_loc_base
[1.855s] running install_egg_info
[1.858s] removing '/home/GTL/mgaddam/CS7630/ros2_ws/install/ar_loc_base/lib/python3.10/site-packages/ar_loc_base-0.0.0-py3.10.egg-info' (and everything under it)
[1.861s] Copying ../../build/ar_loc_base/ar_loc_base.egg-info to /home/GTL/mgaddam/CS7630/ros2_ws/install/ar_loc_base/lib/python3.10/site-packages/ar_loc_base-0.0.0-py3.10.egg-info
[1.937s] running install_scripts
[1.964s] Installing ar_loc_node script to /home/GTL/mgaddam/CS7630/ros2_ws/install/ar_loc_base/lib/ar_loc_base
[1.968s] writing list of installed files to '/home/GTL/mgaddam/CS7630/ros2_ws/build/ar_loc_base/install.log'
[2.160s] Invoked command in '/home/GTL/mgaddam/CS7630/ros2_ws/src/ar_loc_base' returned '0': AMENT_PREFIX_PATH=/home/GTL/mgaddam/CS7630/ros2_ws/install/rover_driver_base:${AMENT_PREFIX_PATH} PYTHONPATH=/home/GTL/mgaddam/CS7630/ros2_ws/build/ar_loc_base/prefix_override:/home/GTL/mgaddam/CS7630/ros2_ws/install/ar_loc_base/lib/python3.10/site-packages:/home/GTL/mgaddam/CS7630/ros2_ws/install/rover_driver_base/lib/python3.10/site-packages:${PYTHONPATH} /usr/bin/python3 setup.py egg_info --egg-base ../../build/ar_loc_base build --build-base /home/GTL/mgaddam/CS7630/ros2_ws/build/ar_loc_base/build install --record /home/GTL/mgaddam/CS7630/ros2_ws/build/ar_loc_base/install.log --single-version-externally-managed
