[1.923s] Invoking command in '/home/GTL/mgaddam/CS7630/ros2_ws/src/keyboard_teleop': PYTHONPATH=/home/GTL/mgaddam/CS7630/ros2_ws/src/build/keyboard_teleop/prefix_override:/home/GTL/mgaddam/CS7630/ros2_ws/src/install/keyboard_teleop/lib/python3.10/site-packages:${PYTHONPATH} /usr/bin/python3 setup.py egg_info --egg-base ../build/keyboard_teleop build --build-base /home/GTL/mgaddam/CS7630/ros2_ws/src/build/keyboard_teleop/build install --record /home/GTL/mgaddam/CS7630/ros2_ws/src/build/keyboard_teleop/install.log --single-version-externally-managed
[2.121s] running egg_info
[2.122s] writing ../build/keyboard_teleop/keyboard_teleop.egg-info/PKG-INFO
[2.124s] writing dependency_links to ../build/keyboard_teleop/keyboard_teleop.egg-info/dependency_links.txt
[2.125s] writing entry points to ../build/keyboard_teleop/keyboard_teleop.egg-info/entry_points.txt
[2.126s] writing requirements to ../build/keyboard_teleop/keyboard_teleop.egg-info/requires.txt
[2.127s] writing top-level names to ../build/keyboard_teleop/keyboard_teleop.egg-info/top_level.txt
[2.129s] writing manifest file '../build/keyboard_teleop/keyboard_teleop.egg-info/SOURCES.txt'
[2.131s] reading manifest file '../build/keyboard_teleop/keyboard_teleop.egg-info/SOURCES.txt'
[2.133s] writing manifest file '../build/keyboard_teleop/keyboard_teleop.egg-info/SOURCES.txt'
[2.133s] running build
[2.133s] running build_py
[2.134s] copying keyboard_teleop/teleop.py -> /home/GTL/mgaddam/CS7630/ros2_ws/src/build/keyboard_teleop/build/lib/keyboard_teleop
[2.136s] copying keyboard_teleop/setup.py -> /home/GTL/mgaddam/CS7630/ros2_ws/src/build/keyboard_teleop/build/lib/keyboard_teleop
[2.139s] copying keyboard_teleop/__init__.py -> /home/GTL/mgaddam/CS7630/ros2_ws/src/build/keyboard_teleop/build/lib/keyboard_teleop
[2.140s] copying keyboard_teleop/keyboard_joy.py -> /home/GTL/mgaddam/CS7630/ros2_ws/src/build/keyboard_teleop/build/lib/keyboard_teleop
[2.143s] copying keyboard_teleop/keyboard_teleop/teleop.py -> /home/GTL/mgaddam/CS7630/ros2_ws/src/build/keyboard_teleop/build/lib/keyboard_teleop/keyboard_teleop
[2.145s] copying keyboard_teleop/keyboard_teleop/__init__.py -> /home/GTL/mgaddam/CS7630/ros2_ws/src/build/keyboard_teleop/build/lib/keyboard_teleop/keyboard_teleop
[2.147s] copying keyboard_teleop/keyboard_teleop/keyboard_joy.py -> /home/GTL/mgaddam/CS7630/ros2_ws/src/build/keyboard_teleop/build/lib/keyboard_teleop/keyboard_teleop
[2.151s] running install
[2.151s] /usr/lib/python3/dist-packages/setuptools/command/install.py:34: SetuptoolsDeprecationWarning: setup.py install is deprecated. Use build and pip and other standards-based tools.
[2.151s]   warnings.warn(
[2.151s] running install_lib
[2.153s] copying /home/GTL/mgaddam/CS7630/ros2_ws/src/build/keyboard_teleop/build/lib/keyboard_teleop/teleop.py -> /home/GTL/mgaddam/CS7630/ros2_ws/src/install/keyboard_teleop/lib/python3.10/site-packages/keyboard_teleop
[2.155s] copying /home/GTL/mgaddam/CS7630/ros2_ws/src/build/keyboard_teleop/build/lib/keyboard_teleop/setup.py -> /home/GTL/mgaddam/CS7630/ros2_ws/src/install/keyboard_teleop/lib/python3.10/site-packages/keyboard_teleop
[2.157s] copying /home/GTL/mgaddam/CS7630/ros2_ws/src/build/keyboard_teleop/build/lib/keyboard_teleop/keyboard_teleop/teleop.py -> /home/GTL/mgaddam/CS7630/ros2_ws/src/install/keyboard_teleop/lib/python3.10/site-packages/keyboard_teleop/keyboard_teleop
[2.160s] copying /home/GTL/mgaddam/CS7630/ros2_ws/src/build/keyboard_teleop/build/lib/keyboard_teleop/keyboard_teleop/__init__.py -> /home/GTL/mgaddam/CS7630/ros2_ws/src/install/keyboard_teleop/lib/python3.10/site-packages/keyboard_teleop/keyboard_teleop
[2.162s] copying /home/GTL/mgaddam/CS7630/ros2_ws/src/build/keyboard_teleop/build/lib/keyboard_teleop/keyboard_teleop/keyboard_joy.py -> /home/GTL/mgaddam/CS7630/ros2_ws/src/install/keyboard_teleop/lib/python3.10/site-packages/keyboard_teleop/keyboard_teleop
[2.164s] copying /home/GTL/mgaddam/CS7630/ros2_ws/src/build/keyboard_teleop/build/lib/keyboard_teleop/__init__.py -> /home/GTL/mgaddam/CS7630/ros2_ws/src/install/keyboard_teleop/lib/python3.10/site-packages/keyboard_teleop
[2.165s] copying /home/GTL/mgaddam/CS7630/ros2_ws/src/build/keyboard_teleop/build/lib/keyboard_teleop/keyboard_joy.py -> /home/GTL/mgaddam/CS7630/ros2_ws/src/install/keyboard_teleop/lib/python3.10/site-packages/keyboard_teleop
[2.169s] byte-compiling /home/GTL/mgaddam/CS7630/ros2_ws/src/install/keyboard_teleop/lib/python3.10/site-packages/keyboard_teleop/teleop.py to teleop.cpython-310.pyc
[2.173s] byte-compiling /home/GTL/mgaddam/CS7630/ros2_ws/src/install/keyboard_teleop/lib/python3.10/site-packages/keyboard_teleop/setup.py to setup.cpython-310.pyc
[2.175s] byte-compiling /home/GTL/mgaddam/CS7630/ros2_ws/src/install/keyboard_teleop/lib/python3.10/site-packages/keyboard_teleop/keyboard_teleop/teleop.py to teleop.cpython-310.pyc
[2.178s] byte-compiling /home/GTL/mgaddam/CS7630/ros2_ws/src/install/keyboard_teleop/lib/python3.10/site-packages/keyboard_teleop/keyboard_teleop/__init__.py to __init__.cpython-310.pyc
[2.180s] byte-compiling /home/GTL/mgaddam/CS7630/ros2_ws/src/install/keyboard_teleop/lib/python3.10/site-packages/keyboard_teleop/keyboard_teleop/keyboard_joy.py to keyboard_joy.cpython-310.pyc
[2.182s] byte-compiling /home/GTL/mgaddam/CS7630/ros2_ws/src/install/keyboard_teleop/lib/python3.10/site-packages/keyboard_teleop/__init__.py to __init__.cpython-310.pyc
[2.185s] byte-compiling /home/GTL/mgaddam/CS7630/ros2_ws/src/install/keyboard_teleop/lib/python3.10/site-packages/keyboard_teleop/keyboard_joy.py to keyboard_joy.cpython-310.pyc
[2.188s] running install_data
[2.189s] copying resource/keyboard_teleop -> /home/GTL/mgaddam/CS7630/ros2_ws/src/install/keyboard_teleop/share/ament_index/resource_index/packages
[2.191s] copying package.xml -> /home/GTL/mgaddam/CS7630/ros2_ws/src/install/keyboard_teleop/share/keyboard_teleop
[2.192s] running install_egg_info
[2.195s] removing '/home/GTL/mgaddam/CS7630/ros2_ws/src/install/keyboard_teleop/lib/python3.10/site-packages/keyboard_teleop-0.0.0-py3.10.egg-info' (and everything under it)
[2.195s] Copying ../build/keyboard_teleop/keyboard_teleop.egg-info to /home/GTL/mgaddam/CS7630/ros2_ws/src/install/keyboard_teleop/lib/python3.10/site-packages/keyboard_teleop-0.0.0-py3.10.egg-info
[2.214s] running install_scripts
[2.234s] Installing keyboard_joystick_node script to /home/GTL/mgaddam/CS7630/ros2_ws/src/install/keyboard_teleop/lib/keyboard_teleop
[2.236s] Installing keyboard_teleop_node script to /home/GTL/mgaddam/CS7630/ros2_ws/src/install/keyboard_teleop/lib/keyboard_teleop
[2.238s] writing list of installed files to '/home/GTL/mgaddam/CS7630/ros2_ws/src/build/keyboard_teleop/install.log'
[2.553s] Invoked command in '/home/GTL/mgaddam/CS7630/ros2_ws/src/keyboard_teleop' returned '0': PYTHONPATH=/home/GTL/mgaddam/CS7630/ros2_ws/src/build/keyboard_teleop/prefix_override:/home/GTL/mgaddam/CS7630/ros2_ws/src/install/keyboard_teleop/lib/python3.10/site-packages:${PYTHONPATH} /usr/bin/python3 setup.py egg_info --egg-base ../build/keyboard_teleop build --build-base /home/GTL/mgaddam/CS7630/ros2_ws/src/build/keyboard_teleop/build install --record /home/GTL/mgaddam/CS7630/ros2_ws/src/build/keyboard_teleop/install.log --single-version-externally-managed
