running egg_info
writing ../../build/ar_loc_base/ar_loc_base.egg-info/PKG-INFO
writing dependency_links to ../../build/ar_loc_base/ar_loc_base.egg-info/dependency_links.txt
writing entry points to ../../build/ar_loc_base/ar_loc_base.egg-info/entry_points.txt
writing requirements to ../../build/ar_loc_base/ar_loc_base.egg-info/requires.txt
writing top-level names to ../../build/ar_loc_base/ar_loc_base.egg-info/top_level.txt
writing manifest file '../../build/ar_loc_base/ar_loc_base.egg-info/SOURCES.txt'
reading manifest file '../../build/ar_loc_base/ar_loc_base.egg-info/SOURCES.txt'
writing manifest file '../../build/ar_loc_base/ar_loc_base.egg-info/SOURCES.txt'
running build
running build_py
copying ar_loc_base/rover_loc.py -> /home/GTL/mgaddam/CS7630/ros2_ws/build/ar_loc_base/build/lib/ar_loc_base
copying ar_loc_base/__init__.py -> /home/GTL/mgaddam/CS7630/ros2_ws/build/ar_loc_base/build/lib/ar_loc_base
copying ar_loc_base/rover_odo.py -> /home/GTL/mgaddam/CS7630/ros2_ws/build/ar_loc_base/build/lib/ar_loc_base
copying ar_loc_base/rover_kf.py -> /home/GTL/mgaddam/CS7630/ros2_ws/build/ar_loc_base/build/lib/ar_loc_base
copying ar_loc_base/rover_pf.py -> /home/GTL/mgaddam/CS7630/ros2_ws/build/ar_loc_base/build/lib/ar_loc_base
running install
running install_lib
copying /home/GTL/mgaddam/CS7630/ros2_ws/build/ar_loc_base/build/lib/ar_loc_base/rover_loc.py -> /home/GTL/mgaddam/CS7630/ros2_ws/install/ar_loc_base/lib/python3.10/site-packages/ar_loc_base
copying /home/GTL/mgaddam/CS7630/ros2_ws/build/ar_loc_base/build/lib/ar_loc_base/__init__.py -> /home/GTL/mgaddam/CS7630/ros2_ws/install/ar_loc_base/lib/python3.10/site-packages/ar_loc_base
copying /home/GTL/mgaddam/CS7630/ros2_ws/build/ar_loc_base/build/lib/ar_loc_base/rover_odo.py -> /home/GTL/mgaddam/CS7630/ros2_ws/install/ar_loc_base/lib/python3.10/site-packages/ar_loc_base
copying /home/GTL/mgaddam/CS7630/ros2_ws/build/ar_loc_base/build/lib/ar_loc_base/rover_kf.py -> /home/GTL/mgaddam/CS7630/ros2_ws/install/ar_loc_base/lib/python3.10/site-packages/ar_loc_base
copying /home/GTL/mgaddam/CS7630/ros2_ws/build/ar_loc_base/build/lib/ar_loc_base/rover_pf.py -> /home/GTL/mgaddam/CS7630/ros2_ws/install/ar_loc_base/lib/python3.10/site-packages/ar_loc_base
byte-compiling /home/GTL/mgaddam/CS7630/ros2_ws/install/ar_loc_base/lib/python3.10/site-packages/ar_loc_base/rover_loc.py to rover_loc.cpython-310.pyc
byte-compiling /home/GTL/mgaddam/CS7630/ros2_ws/install/ar_loc_base/lib/python3.10/site-packages/ar_loc_base/__init__.py to __init__.cpython-310.pyc
byte-compiling /home/GTL/mgaddam/CS7630/ros2_ws/install/ar_loc_base/lib/python3.10/site-packages/ar_loc_base/rover_odo.py to rover_odo.cpython-310.pyc
byte-compiling /home/GTL/mgaddam/CS7630/ros2_ws/install/ar_loc_base/lib/python3.10/site-packages/ar_loc_base/rover_kf.py to rover_kf.cpython-310.pyc
byte-compiling /home/GTL/mgaddam/CS7630/ros2_ws/install/ar_loc_base/lib/python3.10/site-packages/ar_loc_base/rover_pf.py to rover_pf.cpython-310.pyc
running install_data
copying resource/ar_loc_base -> /home/GTL/mgaddam/CS7630/ros2_ws/install/ar_loc_base/share/ament_index/resource_index/packages
copying package.xml -> /home/GTL/mgaddam/CS7630/ros2_ws/install/ar_loc_base/share/ar_loc_base
copying launch/ar_loc_env.launch.py -> /home/GTL/mgaddam/CS7630/ros2_ws/install/ar_loc_base/share/ar_loc_base
copying launch/ar_loc.launch.py -> /home/GTL/mgaddam/CS7630/ros2_ws/install/ar_loc_base/share/ar_loc_base
copying launch/ar_loc_only.launch.py -> /home/GTL/mgaddam/CS7630/ros2_ws/install/ar_loc_base/share/ar_loc_base
running install_egg_info
removing '/home/GTL/mgaddam/CS7630/ros2_ws/install/ar_loc_base/lib/python3.10/site-packages/ar_loc_base-0.0.0-py3.10.egg-info' (and everything under it)
Copying ../../build/ar_loc_base/ar_loc_base.egg-info to /home/GTL/mgaddam/CS7630/ros2_ws/install/ar_loc_base/lib/python3.10/site-packages/ar_loc_base-0.0.0-py3.10.egg-info
running install_scripts
Installing ar_loc_node script to /home/GTL/mgaddam/CS7630/ros2_ws/install/ar_loc_base/lib/ar_loc_base
writing list of installed files to '/home/GTL/mgaddam/CS7630/ros2_ws/build/ar_loc_base/install.log'
