[0.657s] Invoking command in '/home/GTL/mgaddam/CS7630/ros2_ws/src/ar_loc_base': AMENT_PREFIX_PATH=/home/GTL/mgaddam/CS7630/ros2_ws/install/rover_driver_base:${AMENT_PREFIX_PATH} PYTHONPATH=/home/GTL/mgaddam/CS7630/ros2_ws/build/ar_loc_base/prefix_override:/home/GTL/mgaddam/CS7630/ros2_ws/install/ar_loc_base/lib/python3.10/site-packages:/home/GTL/mgaddam/CS7630/ros2_ws/install/rover_driver_base/lib/python3.10/site-packages:${PYTHONPATH} /usr/bin/python3 setup.py egg_info --egg-base ../../build/ar_loc_base build --build-base /home/GTL/mgaddam/CS7630/ros2_ws/build/ar_loc_base/build install --record /home/GTL/mgaddam/CS7630/ros2_ws/build/ar_loc_base/install.log --single-version-externally-managed
[0.857s] running egg_info
[0.858s] writing ../../build/ar_loc_base/ar_loc_base.egg-info/PKG-INFO
[0.861s] writing dependency_links to ../../build/ar_loc_base/ar_loc_base.egg-info/dependency_links.txt
[0.862s] writing entry points to ../../build/ar_loc_base/ar_loc_base.egg-info/entry_points.txt
[0.863s] writing requirements to ../../build/ar_loc_base/ar_loc_base.egg-info/requires.txt
[0.864s] writing top-level names to ../../build/ar_loc_base/ar_loc_base.egg-info/top_level.txt
[0.865s] writing manifest file '../../build/ar_loc_base/ar_loc_base.egg-info/SOURCES.txt'
[0.870s] reading manifest file '../../build/ar_loc_base/ar_loc_base.egg-info/SOURCES.txt'
[0.872s] writing manifest file '../../build/ar_loc_base/ar_loc_base.egg-info/SOURCES.txt'
[0.873s] running build
[0.873s] running build_py
[0.874s] copying ar_loc_base/rover_loc.py -> /home/GTL/mgaddam/CS7630/ros2_ws/build/ar_loc_base/build/lib/ar_loc_base
[0.900s] copying ar_loc_base/__init__.py -> /home/GTL/mgaddam/CS7630/ros2_ws/build/ar_loc_base/build/lib/ar_loc_base
[0.901s] copying ar_loc_base/rover_odo.py -> /home/GTL/mgaddam/CS7630/ros2_ws/build/ar_loc_base/build/lib/ar_loc_base
[0.903s] copying ar_loc_base/rover_kf.py -> /home/GTL/mgaddam/CS7630/ros2_ws/build/ar_loc_base/build/lib/ar_loc_base
[0.905s] copying ar_loc_base/rover_pf.py -> /home/GTL/mgaddam/CS7630/ros2_ws/build/ar_loc_base/build/lib/ar_loc_base
[0.925s] running install
[0.925s] /usr/lib/python3/dist-packages/setuptools/command/install.py:34: SetuptoolsDeprecationWarning: setup.py install is deprecated. Use build and pip and other standards-based tools.
[0.925s]   warnings.warn(
[0.925s] running install_lib
[0.927s] copying /home/GTL/mgaddam/CS7630/ros2_ws/build/ar_loc_base/build/lib/ar_loc_base/rover_loc.py -> /home/GTL/mgaddam/CS7630/ros2_ws/install/ar_loc_base/lib/python3.10/site-packages/ar_loc_base
[0.930s] copying /home/GTL/mgaddam/CS7630/ros2_ws/build/ar_loc_base/build/lib/ar_loc_base/__init__.py -> /home/GTL/mgaddam/CS7630/ros2_ws/install/ar_loc_base/lib/python3.10/site-packages/ar_loc_base
[0.931s] copying /home/GTL/mgaddam/CS7630/ros2_ws/build/ar_loc_base/build/lib/ar_loc_base/rover_odo.py -> /home/GTL/mgaddam/CS7630/ros2_ws/install/ar_loc_base/lib/python3.10/site-packages/ar_loc_base
[0.933s] copying /home/GTL/mgaddam/CS7630/ros2_ws/build/ar_loc_base/build/lib/ar_loc_base/rover_kf.py -> /home/GTL/mgaddam/CS7630/ros2_ws/install/ar_loc_base/lib/python3.10/site-packages/ar_loc_base
[0.935s] copying /home/GTL/mgaddam/CS7630/ros2_ws/build/ar_loc_base/build/lib/ar_loc_base/rover_pf.py -> /home/GTL/mgaddam/CS7630/ros2_ws/install/ar_loc_base/lib/python3.10/site-packages/ar_loc_base
[0.938s] byte-compiling /home/GTL/mgaddam/CS7630/ros2_ws/install/ar_loc_base/lib/python3.10/site-packages/ar_loc_base/rover_loc.py to rover_loc.cpython-310.pyc
[0.942s] byte-compiling /home/GTL/mgaddam/CS7630/ros2_ws/install/ar_loc_base/lib/python3.10/site-packages/ar_loc_base/__init__.py to __init__.cpython-310.pyc
[0.945s] byte-compiling /home/GTL/mgaddam/CS7630/ros2_ws/install/ar_loc_base/lib/python3.10/site-packages/ar_loc_base/rover_odo.py to rover_odo.cpython-310.pyc
[0.948s] byte-compiling /home/GTL/mgaddam/CS7630/ros2_ws/install/ar_loc_base/lib/python3.10/site-packages/ar_loc_base/rover_kf.py to rover_kf.cpython-310.pyc
[0.950s] byte-compiling /home/GTL/mgaddam/CS7630/ros2_ws/install/ar_loc_base/lib/python3.10/site-packages/ar_loc_base/rover_pf.py to rover_pf.cpython-310.pyc
[0.953s] running install_data
[0.954s] copying resource/ar_loc_base -> /home/GTL/mgaddam/CS7630/ros2_ws/install/ar_loc_base/share/ament_index/resource_index/packages
[0.956s] copying package.xml -> /home/GTL/mgaddam/CS7630/ros2_ws/install/ar_loc_base/share/ar_loc_base
[0.957s] copying launch/ar_loc_env.launch.py -> /home/GTL/mgaddam/CS7630/ros2_ws/install/ar_loc_base/share/ar_loc_base
[0.959s] copying launch/ar_loc.launch.py -> /home/GTL/mgaddam/CS7630/ros2_ws/install/ar_loc_base/share/ar_loc_base
[0.961s] copying launch/ar_loc_only.launch.py -> /home/GTL/mgaddam/CS7630/ros2_ws/install/ar_loc_base/share/ar_loc_base
[0.962s] running install_egg_info
[0.964s] removing '/home/GTL/mgaddam/CS7630/ros2_ws/install/ar_loc_base/lib/python3.10/site-packages/ar_loc_base-0.0.0-py3.10.egg-info' (and everything under it)
[0.964s] Copying ../../build/ar_loc_base/ar_loc_base.egg-info to /home/GTL/mgaddam/CS7630/ros2_ws/install/ar_loc_base/lib/python3.10/site-packages/ar_loc_base-0.0.0-py3.10.egg-info
[0.984s] running install_scripts
[0.999s] Installing ar_loc_node script to /home/GTL/mgaddam/CS7630/ros2_ws/install/ar_loc_base/lib/ar_loc_base
[1.001s] writing list of installed files to '/home/GTL/mgaddam/CS7630/ros2_ws/build/ar_loc_base/install.log'
[1.017s] Invoked command in '/home/GTL/mgaddam/CS7630/ros2_ws/src/ar_loc_base' returned '0': AMENT_PREFIX_PATH=/home/GTL/mgaddam/CS7630/ros2_ws/install/rover_driver_base:${AMENT_PREFIX_PATH} PYTHONPATH=/home/GTL/mgaddam/CS7630/ros2_ws/build/ar_loc_base/prefix_override:/home/GTL/mgaddam/CS7630/ros2_ws/install/ar_loc_base/lib/python3.10/site-packages:/home/GTL/mgaddam/CS7630/ros2_ws/install/rover_driver_base/lib/python3.10/site-packages:${PYTHONPATH} /usr/bin/python3 setup.py egg_info --egg-base ../../build/ar_loc_base build --build-base /home/GTL/mgaddam/CS7630/ros2_ws/build/ar_loc_base/build install --record /home/GTL/mgaddam/CS7630/ros2_ws/build/ar_loc_base/install.log --single-version-externally-managed
