[1.197s] Invoking command in '/home/GTL/mgaddam/CS7630/ros2_ws/build/task_manager_lib': CMAKE_PREFIX_PATH=/home/GTL/mgaddam/CS7630/ros2_ws/install/task_manager_msgs:/home/GTL/mgaddam/CS7630/ros2_ws/install/wifi_map_base:/home/GTL/mgaddam/CS7630/ros2_ws/install/wpa_cli_msgs:/home/GTL/mgaddam/CS7630/ros2_ws/install/vrep4_helpers:/home/GTL/mgaddam/CS7630/ros2_ws/install/turtlebot_launch:/home/GTL/mgaddam/CS7630/ros2_ws/install/task_manager_sync:/home/GTL/mgaddam/CS7630/ros2_ws/install/floor_nav:/home/GTL/mgaddam/CS7630/ros2_ws/install/task_manager_nav2:/home/GTL/mgaddam/CS7630/ros2_ws/install/task_manager_lib:/home/GTL/mgaddam/CS7630/ros2_ws/install/cs7630_msgs:/home/GTL/mgaddam/CS7630/ros2_ws/install/collision_avoidance_base:/home/GTL/mgaddam/CS7630/ros2_ws/install/vrep_ros_teleop:/home/GTL/mgaddam/CS7630/ros2_ws/install/task_manager_client_py:/home/GTL/mgaddam/CS7630/ros2_ws/install/ar_slam_base:/home/GTL/mgaddam/CS7630/ros2_ws/install/ar_loc_base:/home/GTL/mgaddam/CS7630/ros2_ws/install/rover_driver_base:/home/GTL/mgaddam/CS7630/ros2_ws/install/keyboard_teleop:/home/GTL/mgaddam/CS7630/ros2_ws/install/face_detect_base:/home/GTL/mgaddam/CS7630/ros2_ws/install/button_server:/home/GTL/mgaddam/CS7630/ros2_ws/install/ar_mapping_base:/opt/ros/humble LD_LIBRARY_PATH=/home/GTL/mgaddam/CS7630/ros2_ws/install/task_manager_msgs/lib:/home/GTL/mgaddam/CS7630/ros2_ws/install/wpa_cli_msgs/lib:/home/GTL/mgaddam/CS7630/ros2_ws/install/task_manager_sync/lib:/home/GTL/mgaddam/CS7630/ros2_ws/install/task_manager_lib/lib:/home/GTL/mgaddam/CS7630/ros2_ws/install/cs7630_msgs/lib:/usr/lib/x86_64-linux-gnu/gazebo-11/plugins:/opt/ros/humble/opt/rviz_ogre_vendor/lib:/opt/ros/humble/lib/x86_64-linux-gnu:/opt/ros/humble/lib /usr/bin/cmake --build /home/GTL/mgaddam/CS7630/ros2_ws/build/task_manager_lib -- -j16 -l16
[1.499s] [100%] Built target task_manager_lib
[2.499s] Invoked command in '/home/GTL/mgaddam/CS7630/ros2_ws/build/task_manager_lib' returned '0': CMAKE_PREFIX_PATH=/home/GTL/mgaddam/CS7630/ros2_ws/install/task_manager_msgs:/home/GTL/mgaddam/CS7630/ros2_ws/install/wifi_map_base:/home/GTL/mgaddam/CS7630/ros2_ws/install/wpa_cli_msgs:/home/GTL/mgaddam/CS7630/ros2_ws/install/vrep4_helpers:/home/GTL/mgaddam/CS7630/ros2_ws/install/turtlebot_launch:/home/GTL/mgaddam/CS7630/ros2_ws/install/task_manager_sync:/home/GTL/mgaddam/CS7630/ros2_ws/install/floor_nav:/home/GTL/mgaddam/CS7630/ros2_ws/install/task_manager_nav2:/home/GTL/mgaddam/CS7630/ros2_ws/install/task_manager_lib:/home/GTL/mgaddam/CS7630/ros2_ws/install/cs7630_msgs:/home/GTL/mgaddam/CS7630/ros2_ws/install/collision_avoidance_base:/home/GTL/mgaddam/CS7630/ros2_ws/install/vrep_ros_teleop:/home/GTL/mgaddam/CS7630/ros2_ws/install/task_manager_client_py:/home/GTL/mgaddam/CS7630/ros2_ws/install/ar_slam_base:/home/GTL/mgaddam/CS7630/ros2_ws/install/ar_loc_base:/home/GTL/mgaddam/CS7630/ros2_ws/install/rover_driver_base:/home/GTL/mgaddam/CS7630/ros2_ws/install/keyboard_teleop:/home/GTL/mgaddam/CS7630/ros2_ws/install/face_detect_base:/home/GTL/mgaddam/CS7630/ros2_ws/install/button_server:/home/GTL/mgaddam/CS7630/ros2_ws/install/ar_mapping_base:/opt/ros/humble LD_LIBRARY_PATH=/home/GTL/mgaddam/CS7630/ros2_ws/install/task_manager_msgs/lib:/home/GTL/mgaddam/CS7630/ros2_ws/install/wpa_cli_msgs/lib:/home/GTL/mgaddam/CS7630/ros2_ws/install/task_manager_sync/lib:/home/GTL/mgaddam/CS7630/ros2_ws/install/task_manager_lib/lib:/home/GTL/mgaddam/CS7630/ros2_ws/install/cs7630_msgs/lib:/usr/lib/x86_64-linux-gnu/gazebo-11/plugins:/opt/ros/humble/opt/rviz_ogre_vendor/lib:/opt/ros/humble/lib/x86_64-linux-gnu:/opt/ros/humble/lib /usr/bin/cmake --build /home/GTL/mgaddam/CS7630/ros2_ws/build/task_manager_lib -- -j16 -l16
[2.532s] Invoking command in '/home/GTL/mgaddam/CS7630/ros2_ws/build/task_manager_lib': CMAKE_PREFIX_PATH=/home/GTL/mgaddam/CS7630/ros2_ws/install/task_manager_msgs:/home/GTL/mgaddam/CS7630/ros2_ws/install/wifi_map_base:/home/GTL/mgaddam/CS7630/ros2_ws/install/wpa_cli_msgs:/home/GTL/mgaddam/CS7630/ros2_ws/install/vrep4_helpers:/home/GTL/mgaddam/CS7630/ros2_ws/install/turtlebot_launch:/home/GTL/mgaddam/CS7630/ros2_ws/install/task_manager_sync:/home/GTL/mgaddam/CS7630/ros2_ws/install/floor_nav:/home/GTL/mgaddam/CS7630/ros2_ws/install/task_manager_nav2:/home/GTL/mgaddam/CS7630/ros2_ws/install/task_manager_lib:/home/GTL/mgaddam/CS7630/ros2_ws/install/cs7630_msgs:/home/GTL/mgaddam/CS7630/ros2_ws/install/collision_avoidance_base:/home/GTL/mgaddam/CS7630/ros2_ws/install/vrep_ros_teleop:/home/GTL/mgaddam/CS7630/ros2_ws/install/task_manager_client_py:/home/GTL/mgaddam/CS7630/ros2_ws/install/ar_slam_base:/home/GTL/mgaddam/CS7630/ros2_ws/install/ar_loc_base:/home/GTL/mgaddam/CS7630/ros2_ws/install/rover_driver_base:/home/GTL/mgaddam/CS7630/ros2_ws/install/keyboard_teleop:/home/GTL/mgaddam/CS7630/ros2_ws/install/face_detect_base:/home/GTL/mgaddam/CS7630/ros2_ws/install/button_server:/home/GTL/mgaddam/CS7630/ros2_ws/install/ar_mapping_base:/opt/ros/humble LD_LIBRARY_PATH=/home/GTL/mgaddam/CS7630/ros2_ws/install/task_manager_msgs/lib:/home/GTL/mgaddam/CS7630/ros2_ws/install/wpa_cli_msgs/lib:/home/GTL/mgaddam/CS7630/ros2_ws/install/task_manager_sync/lib:/home/GTL/mgaddam/CS7630/ros2_ws/install/task_manager_lib/lib:/home/GTL/mgaddam/CS7630/ros2_ws/install/cs7630_msgs/lib:/usr/lib/x86_64-linux-gnu/gazebo-11/plugins:/opt/ros/humble/opt/rviz_ogre_vendor/lib:/opt/ros/humble/lib/x86_64-linux-gnu:/opt/ros/humble/lib /usr/bin/cmake --install /home/GTL/mgaddam/CS7630/ros2_ws/build/task_manager_lib
[2.537s] -- Install configuration: ""
[2.538s] -- Up-to-date: /home/GTL/mgaddam/CS7630/ros2_ws/install/task_manager_lib/lib/libtask_manager_lib.so
[2.542s] -- Up-to-date: /home/GTL/mgaddam/CS7630/ros2_ws/install/task_manager_lib/include/task_manager_lib
[2.544s] -- Up-to-date: /home/GTL/mgaddam/CS7630/ros2_ws/install/task_manager_lib/include/task_manager_lib/TaskServerDefault.h
[2.544s] -- Up-to-date: /home/GTL/mgaddam/CS7630/ros2_ws/install/task_manager_lib/include/task_manager_lib/TaskWaitDefault.h
[2.544s] -- Up-to-date: /home/GTL/mgaddam/CS7630/ros2_ws/install/task_manager_lib/include/task_manager_lib/TaskClient.h
[2.545s] -- Up-to-date: /home/GTL/mgaddam/CS7630/ros2_ws/install/task_manager_lib/include/task_manager_lib/ServiceStorage.h
[2.546s] -- Up-to-date: /home/GTL/mgaddam/CS7630/ros2_ws/install/task_manager_lib/include/task_manager_lib/TaskScheduler.h
[2.546s] -- Up-to-date: /home/GTL/mgaddam/CS7630/ros2_ws/install/task_manager_lib/include/task_manager_lib/DynamicTask.h
[2.546s] -- Up-to-date: /home/GTL/mgaddam/CS7630/ros2_ws/install/task_manager_lib/include/task_manager_lib/TaskEnvironment.h
[2.547s] -- Up-to-date: /home/GTL/mgaddam/CS7630/ros2_ws/install/task_manager_lib/include/task_manager_lib/TaskInstance.h
[2.548s] -- Up-to-date: /home/GTL/mgaddam/CS7630/ros2_ws/install/task_manager_lib/include/task_manager_lib/ParameterList.h
[2.548s] -- Up-to-date: /home/GTL/mgaddam/CS7630/ros2_ws/install/task_manager_lib/include/task_manager_lib/TaskIdleDefault.h
[2.549s] -- Up-to-date: /home/GTL/mgaddam/CS7630/ros2_ws/install/task_manager_lib/include/task_manager_lib/TaskServiceGeneric.h
[2.549s] -- Up-to-date: /home/GTL/mgaddam/CS7630/ros2_ws/install/task_manager_lib/include/task_manager_lib/TaskParameterDefinition.h
[2.550s] -- Up-to-date: /home/GTL/mgaddam/CS7630/ros2_ws/install/task_manager_lib/include/task_manager_lib/TaskSystem.h
[2.551s] -- Up-to-date: /home/GTL/mgaddam/CS7630/ros2_ws/install/task_manager_lib/include/task_manager_lib/TaskDefinition.h
[2.551s] -- Up-to-date: /home/GTL/mgaddam/CS7630/ros2_ws/install/task_manager_lib/include/task_manager_lib/TaskConfig.h
[2.551s] -- Up-to-date: /home/GTL/mgaddam/CS7630/ros2_ws/install/task_manager_lib/include/task_manager_lib/TaskActionGeneric.h
[2.552s] -- Up-to-date: /home/GTL/mgaddam/CS7630/ros2_ws/install/task_manager_lib/share/task_manager_lib/environment/library_path.sh
[2.553s] -- Up-to-date: /home/GTL/mgaddam/CS7630/ros2_ws/install/task_manager_lib/share/task_manager_lib/environment/library_path.dsv
[2.553s] -- Up-to-date: /home/GTL/mgaddam/CS7630/ros2_ws/install/task_manager_lib/share/ament_index/resource_index/package_run_dependencies/task_manager_lib
[2.554s] -- Up-to-date: /home/GTL/mgaddam/CS7630/ros2_ws/install/task_manager_lib/share/ament_index/resource_index/parent_prefix_path/task_manager_lib
[2.554s] -- Up-to-date: /home/GTL/mgaddam/CS7630/ros2_ws/install/task_manager_lib/share/task_manager_lib/environment/ament_prefix_path.sh
[2.555s] -- Up-to-date: /home/GTL/mgaddam/CS7630/ros2_ws/install/task_manager_lib/share/task_manager_lib/environment/ament_prefix_path.dsv
[2.555s] -- Up-to-date: /home/GTL/mgaddam/CS7630/ros2_ws/install/task_manager_lib/share/task_manager_lib/environment/path.sh
[2.556s] -- Up-to-date: /home/GTL/mgaddam/CS7630/ros2_ws/install/task_manager_lib/share/task_manager_lib/environment/path.dsv
[2.557s] -- Up-to-date: /home/GTL/mgaddam/CS7630/ros2_ws/install/task_manager_lib/share/task_manager_lib/local_setup.bash
[2.557s] -- Up-to-date: /home/GTL/mgaddam/CS7630/ros2_ws/install/task_manager_lib/share/task_manager_lib/local_setup.sh
[2.558s] -- Up-to-date: /home/GTL/mgaddam/CS7630/ros2_ws/install/task_manager_lib/share/task_manager_lib/local_setup.zsh
[2.559s] -- Up-to-date: /home/GTL/mgaddam/CS7630/ros2_ws/install/task_manager_lib/share/task_manager_lib/local_setup.dsv
[2.560s] -- Installing: /home/GTL/mgaddam/CS7630/ros2_ws/install/task_manager_lib/share/task_manager_lib/package.dsv
[2.565s] -- Up-to-date: /home/GTL/mgaddam/CS7630/ros2_ws/install/task_manager_lib/share/ament_index/resource_index/packages/task_manager_lib
[2.565s] -- Up-to-date: /home/GTL/mgaddam/CS7630/ros2_ws/install/task_manager_lib/share/task_manager_lib/cmake/ament_cmake_export_dependencies-extras.cmake
[2.566s] -- Up-to-date: /home/GTL/mgaddam/CS7630/ros2_ws/install/task_manager_lib/share/task_manager_lib/cmake/ament_cmake_export_include_directories-extras.cmake
[2.566s] -- Up-to-date: /home/GTL/mgaddam/CS7630/ros2_ws/install/task_manager_lib/share/task_manager_lib/cmake/ament_cmake_export_libraries-extras.cmake
[2.567s] -- Up-to-date: /home/GTL/mgaddam/CS7630/ros2_ws/install/task_manager_lib/share/task_manager_lib/cmake/task_manager_libConfig.cmake
[2.567s] -- Up-to-date: /home/GTL/mgaddam/CS7630/ros2_ws/install/task_manager_lib/share/task_manager_lib/cmake/task_manager_libConfig-version.cmake
[2.568s] -- Up-to-date: /home/GTL/mgaddam/CS7630/ros2_ws/install/task_manager_lib/share/task_manager_lib/package.xml
[2.602s] Invoked command in '/home/GTL/mgaddam/CS7630/ros2_ws/build/task_manager_lib' returned '0': CMAKE_PREFIX_PATH=/home/GTL/mgaddam/CS7630/ros2_ws/install/task_manager_msgs:/home/GTL/mgaddam/CS7630/ros2_ws/install/wifi_map_base:/home/GTL/mgaddam/CS7630/ros2_ws/install/wpa_cli_msgs:/home/GTL/mgaddam/CS7630/ros2_ws/install/vrep4_helpers:/home/GTL/mgaddam/CS7630/ros2_ws/install/turtlebot_launch:/home/GTL/mgaddam/CS7630/ros2_ws/install/task_manager_sync:/home/GTL/mgaddam/CS7630/ros2_ws/install/floor_nav:/home/GTL/mgaddam/CS7630/ros2_ws/install/task_manager_nav2:/home/GTL/mgaddam/CS7630/ros2_ws/install/task_manager_lib:/home/GTL/mgaddam/CS7630/ros2_ws/install/cs7630_msgs:/home/GTL/mgaddam/CS7630/ros2_ws/install/collision_avoidance_base:/home/GTL/mgaddam/CS7630/ros2_ws/install/vrep_ros_teleop:/home/GTL/mgaddam/CS7630/ros2_ws/install/task_manager_client_py:/home/GTL/mgaddam/CS7630/ros2_ws/install/ar_slam_base:/home/GTL/mgaddam/CS7630/ros2_ws/install/ar_loc_base:/home/GTL/mgaddam/CS7630/ros2_ws/install/rover_driver_base:/home/GTL/mgaddam/CS7630/ros2_ws/install/keyboard_teleop:/home/GTL/mgaddam/CS7630/ros2_ws/install/face_detect_base:/home/GTL/mgaddam/CS7630/ros2_ws/install/button_server:/home/GTL/mgaddam/CS7630/ros2_ws/install/ar_mapping_base:/opt/ros/humble LD_LIBRARY_PATH=/home/GTL/mgaddam/CS7630/ros2_ws/install/task_manager_msgs/lib:/home/GTL/mgaddam/CS7630/ros2_ws/install/wpa_cli_msgs/lib:/home/GTL/mgaddam/CS7630/ros2_ws/install/task_manager_sync/lib:/home/GTL/mgaddam/CS7630/ros2_ws/install/task_manager_lib/lib:/home/GTL/mgaddam/CS7630/ros2_ws/install/cs7630_msgs/lib:/usr/lib/x86_64-linux-gnu/gazebo-11/plugins:/opt/ros/humble/opt/rviz_ogre_vendor/lib:/opt/ros/humble/lib/x86_64-linux-gnu:/opt/ros/humble/lib /usr/bin/cmake --install /home/GTL/mgaddam/CS7630/ros2_ws/build/task_manager_lib
