[2.516s] Invoking command in '/home/GTL/mgaddam/CS7630/ros2_ws/src/keyboard_teleop': PYTHONPATH=/home/GTL/mgaddam/CS7630/ros2_ws/src/build/keyboard_teleop/prefix_override:/home/GTL/mgaddam/CS7630/ros2_ws/src/install/keyboard_teleop/lib/python3.10/site-packages:${PYTHONPATH} /usr/bin/python3 setup.py egg_info --egg-base ../build/keyboard_teleop build --build-base /home/GTL/mgaddam/CS7630/ros2_ws/src/build/keyboard_teleop/build install --record /home/GTL/mgaddam/CS7630/ros2_ws/src/build/keyboard_teleop/install.log --single-version-externally-managed
[2.718s] running egg_info
[2.719s] writing ../build/keyboard_teleop/keyboard_teleop.egg-info/PKG-INFO
[2.720s] writing dependency_links to ../build/keyboard_teleop/keyboard_teleop.egg-info/dependency_links.txt
[2.722s] writing entry points to ../build/keyboard_teleop/keyboard_teleop.egg-info/entry_points.txt
[2.723s] writing requirements to ../build/keyboard_teleop/keyboard_teleop.egg-info/requires.txt
[2.725s] writing top-level names to ../build/keyboard_teleop/keyboard_teleop.egg-info/top_level.txt
[2.736s] reading manifest file '../build/keyboard_teleop/keyboard_teleop.egg-info/SOURCES.txt'
[2.736s] writing manifest file '../build/keyboard_teleop/keyboard_teleop.egg-info/SOURCES.txt'
[2.736s] running build
[2.736s] running build_py
[2.738s] running install
[2.738s] /usr/lib/python3/dist-packages/setuptools/command/install.py:34: SetuptoolsDeprecationWarning: setup.py install is deprecated. Use build and pip and other standards-based tools.
[2.738s]   warnings.warn(
[2.738s] running install_lib
[2.747s] running install_data
[2.748s] running install_egg_info
[2.751s] removing '/home/GTL/mgaddam/CS7630/ros2_ws/src/install/keyboard_teleop/lib/python3.10/site-packages/keyboard_teleop-0.0.0-py3.10.egg-info' (and everything under it)
[2.754s] Copying ../build/keyboard_teleop/keyboard_teleop.egg-info to /home/GTL/mgaddam/CS7630/ros2_ws/src/install/keyboard_teleop/lib/python3.10/site-packages/keyboard_teleop-0.0.0-py3.10.egg-info
[2.774s] running install_scripts
[2.792s] Installing keyboard_joystick_node script to /home/GTL/mgaddam/CS7630/ros2_ws/src/install/keyboard_teleop/lib/keyboard_teleop
[2.794s] Installing keyboard_teleop_node script to /home/GTL/mgaddam/CS7630/ros2_ws/src/install/keyboard_teleop/lib/keyboard_teleop
[2.797s] writing list of installed files to '/home/GTL/mgaddam/CS7630/ros2_ws/src/build/keyboard_teleop/install.log'
[3.520s] Invoked command in '/home/GTL/mgaddam/CS7630/ros2_ws/src/keyboard_teleop' returned '0': PYTHONPATH=/home/GTL/mgaddam/CS7630/ros2_ws/src/build/keyboard_teleop/prefix_override:/home/GTL/mgaddam/CS7630/ros2_ws/src/install/keyboard_teleop/lib/python3.10/site-packages:${PYTHONPATH} /usr/bin/python3 setup.py egg_info --egg-base ../build/keyboard_teleop build --build-base /home/GTL/mgaddam/CS7630/ros2_ws/src/build/keyboard_teleop/build install --record /home/GTL/mgaddam/CS7630/ros2_ws/src/build/keyboard_teleop/install.log --single-version-externally-managed
