[35m[1mConsolidate compiler generated dependencies of target task_manager_lib[0m
[100%] Built target task_manager_lib
-- Install configuration: ""
-- Up-to-date: /home/GTL/mgaddam/CS7630/ros2_ws/install/task_manager_lib/lib/libtask_manager_lib.so
-- Up-to-date: /home/GTL/mgaddam/CS7630/ros2_ws/install/task_manager_lib/include/task_manager_lib
-- Up-to-date: /home/GTL/mgaddam/CS7630/ros2_ws/install/task_manager_lib/include/task_manager_lib/TaskServerDefault.h
-- Up-to-date: /home/GTL/mgaddam/CS7630/ros2_ws/install/task_manager_lib/include/task_manager_lib/TaskWaitDefault.h
-- Up-to-date: /home/GTL/mgaddam/CS7630/ros2_ws/install/task_manager_lib/include/task_manager_lib/TaskClient.h
-- Up-to-date: /home/GTL/mgaddam/CS7630/ros2_ws/install/task_manager_lib/include/task_manager_lib/ServiceStorage.h
-- Up-to-date: /home/GTL/mgaddam/CS7630/ros2_ws/install/task_manager_lib/include/task_manager_lib/TaskScheduler.h
-- Up-to-date: /home/GTL/mgaddam/CS7630/ros2_ws/install/task_manager_lib/include/task_manager_lib/DynamicTask.h
-- Up-to-date: /home/GTL/mgaddam/CS7630/ros2_ws/install/task_manager_lib/include/task_manager_lib/TaskEnvironment.h
-- Up-to-date: /home/GTL/mgaddam/CS7630/ros2_ws/install/task_manager_lib/include/task_manager_lib/TaskInstance.h
-- Up-to-date: /home/GTL/mgaddam/CS7630/ros2_ws/install/task_manager_lib/include/task_manager_lib/ParameterList.h
-- Up-to-date: /home/GTL/mgaddam/CS7630/ros2_ws/install/task_manager_lib/include/task_manager_lib/TaskIdleDefault.h
-- Up-to-date: /home/GTL/mgaddam/CS7630/ros2_ws/install/task_manager_lib/include/task_manager_lib/TaskServiceGeneric.h
-- Up-to-date: /home/GTL/mgaddam/CS7630/ros2_ws/install/task_manager_lib/include/task_manager_lib/TaskParameterDefinition.h
-- Up-to-date: /home/GTL/mgaddam/CS7630/ros2_ws/install/task_manager_lib/include/task_manager_lib/TaskSystem.h
-- Up-to-date: /home/GTL/mgaddam/CS7630/ros2_ws/install/task_manager_lib/include/task_manager_lib/TaskDefinition.h
-- Up-to-date: /home/GTL/mgaddam/CS7630/ros2_ws/install/task_manager_lib/include/task_manager_lib/TaskConfig.h
-- Up-to-date: /home/GTL/mgaddam/CS7630/ros2_ws/install/task_manager_lib/include/task_manager_lib/TaskActionGeneric.h
-- Up-to-date: /home/GTL/mgaddam/CS7630/ros2_ws/install/task_manager_lib/share/task_manager_lib/environment/library_path.sh
-- Up-to-date: /home/GTL/mgaddam/CS7630/ros2_ws/install/task_manager_lib/share/task_manager_lib/environment/library_path.dsv
-- Up-to-date: /home/GTL/mgaddam/CS7630/ros2_ws/install/task_manager_lib/share/ament_index/resource_index/package_run_dependencies/task_manager_lib
-- Up-to-date: /home/GTL/mgaddam/CS7630/ros2_ws/install/task_manager_lib/share/ament_index/resource_index/parent_prefix_path/task_manager_lib
-- Up-to-date: /home/GTL/mgaddam/CS7630/ros2_ws/install/task_manager_lib/share/task_manager_lib/environment/ament_prefix_path.sh
-- Up-to-date: /home/GTL/mgaddam/CS7630/ros2_ws/install/task_manager_lib/share/task_manager_lib/environment/ament_prefix_path.dsv
-- Up-to-date: /home/GTL/mgaddam/CS7630/ros2_ws/install/task_manager_lib/share/task_manager_lib/environment/path.sh
-- Up-to-date: /home/GTL/mgaddam/CS7630/ros2_ws/install/task_manager_lib/share/task_manager_lib/environment/path.dsv
-- Up-to-date: /home/GTL/mgaddam/CS7630/ros2_ws/install/task_manager_lib/share/task_manager_lib/local_setup.bash
-- Up-to-date: /home/GTL/mgaddam/CS7630/ros2_ws/install/task_manager_lib/share/task_manager_lib/local_setup.sh
-- Up-to-date: /home/GTL/mgaddam/CS7630/ros2_ws/install/task_manager_lib/share/task_manager_lib/local_setup.zsh
-- Up-to-date: /home/GTL/mgaddam/CS7630/ros2_ws/install/task_manager_lib/share/task_manager_lib/local_setup.dsv
-- Installing: /home/GTL/mgaddam/CS7630/ros2_ws/install/task_manager_lib/share/task_manager_lib/package.dsv
-- Up-to-date: /home/GTL/mgaddam/CS7630/ros2_ws/install/task_manager_lib/share/ament_index/resource_index/packages/task_manager_lib
-- Up-to-date: /home/GTL/mgaddam/CS7630/ros2_ws/install/task_manager_lib/share/task_manager_lib/cmake/ament_cmake_export_dependencies-extras.cmake
-- Up-to-date: /home/GTL/mgaddam/CS7630/ros2_ws/install/task_manager_lib/share/task_manager_lib/cmake/ament_cmake_export_include_directories-extras.cmake
-- Up-to-date: /home/GTL/mgaddam/CS7630/ros2_ws/install/task_manager_lib/share/task_manager_lib/cmake/ament_cmake_export_libraries-extras.cmake
-- Up-to-date: /home/GTL/mgaddam/CS7630/ros2_ws/install/task_manager_lib/share/task_manager_lib/cmake/task_manager_libConfig.cmake
-- Up-to-date: /home/GTL/mgaddam/CS7630/ros2_ws/install/task_manager_lib/share/task_manager_lib/cmake/task_manager_libConfig-version.cmake
-- Up-to-date: /home/GTL/mgaddam/CS7630/ros2_ws/install/task_manager_lib/share/task_manager_lib/package.xml
