[3.293s] Invoking command in '/home/GTL/mgaddam/CS7630/ros2_ws/src/wpa_cli': CMAKE_PREFIX_PATH=/home/GTL/mgaddam/CS7630/ros2_ws/install/wpa_cli_msgs:/home/GTL/mgaddam/CS7630/ros2_ws/install/wifi_map_base:/home/GTL/mgaddam/CS7630/ros2_ws/install/vrep4_helpers:/home/GTL/mgaddam/CS7630/ros2_ws/install/turtlebot_launch:/home/GTL/mgaddam/CS7630/ros2_ws/install/task_manager_sync:/home/GTL/mgaddam/CS7630/ros2_ws/install/floor_nav:/home/GTL/mgaddam/CS7630/ros2_ws/install/task_manager_nav2:/home/GTL/mgaddam/CS7630/ros2_ws/install/task_manager_lib:/home/GTL/mgaddam/CS7630/ros2_ws/install/task_manager_msgs:/home/GTL/mgaddam/CS7630/ros2_ws/install/cs7630_msgs:/home/GTL/mgaddam/CS7630/ros2_ws/install/collision_avoidance_base PYTHONPATH=/home/GTL/mgaddam/CS7630/ros2_ws/build/wpa_cli/prefix_override:/home/GTL/mgaddam/CS7630/ros2_ws/install/wpa_cli/lib/python3.10/site-packages:${PYTHONPATH} /usr/bin/python3 setup.py egg_info --egg-base ../../build/wpa_cli build --build-base /home/GTL/mgaddam/CS7630/ros2_ws/build/wpa_cli/build install --record /home/GTL/mgaddam/CS7630/ros2_ws/build/wpa_cli/install.log --single-version-externally-managed
[3.513s] running egg_info
[3.513s] writing ../../build/wpa_cli/wpa_cli.egg-info/PKG-INFO
[3.514s] writing dependency_links to ../../build/wpa_cli/wpa_cli.egg-info/dependency_links.txt
[3.515s] writing entry points to ../../build/wpa_cli/wpa_cli.egg-info/entry_points.txt
[3.516s] writing requirements to ../../build/wpa_cli/wpa_cli.egg-info/requires.txt
[3.516s] writing top-level names to ../../build/wpa_cli/wpa_cli.egg-info/top_level.txt
[3.521s] reading manifest file '../../build/wpa_cli/wpa_cli.egg-info/SOURCES.txt'
[3.522s] adding license file 'LICENSE'
[3.523s] writing manifest file '../../build/wpa_cli/wpa_cli.egg-info/SOURCES.txt'
[3.523s] running build
[3.523s] running build_py
[3.525s] running install
[3.525s] /usr/lib/python3/dist-packages/setuptools/command/install.py:34: SetuptoolsDeprecationWarning: setup.py install is deprecated. Use build and pip and other standards-based tools.
[3.525s]   warnings.warn(
[3.525s] running install_lib
[3.529s] running install_data
[3.530s] running install_egg_info
[3.532s] removing '/home/GTL/mgaddam/CS7630/ros2_ws/install/wpa_cli/lib/python3.10/site-packages/wpa_cli-0.0.0-py3.10.egg-info' (and everything under it)
[3.536s] Copying ../../build/wpa_cli/wpa_cli.egg-info to /home/GTL/mgaddam/CS7630/ros2_ws/install/wpa_cli/lib/python3.10/site-packages/wpa_cli-0.0.0-py3.10.egg-info
[3.553s] running install_scripts
[3.569s] Installing wpa_cli_const script to /home/GTL/mgaddam/CS7630/ros2_ws/install/wpa_cli/lib/wpa_cli
[3.570s] Installing wpa_cli_node script to /home/GTL/mgaddam/CS7630/ros2_ws/install/wpa_cli/lib/wpa_cli
[3.572s] Installing wpa_cli_sim script to /home/GTL/mgaddam/CS7630/ros2_ws/install/wpa_cli/lib/wpa_cli
[3.574s] writing list of installed files to '/home/GTL/mgaddam/CS7630/ros2_ws/build/wpa_cli/install.log'
[3.683s] Invoked command in '/home/GTL/mgaddam/CS7630/ros2_ws/src/wpa_cli' returned '0': CMAKE_PREFIX_PATH=/home/GTL/mgaddam/CS7630/ros2_ws/install/wpa_cli_msgs:/home/GTL/mgaddam/CS7630/ros2_ws/install/wifi_map_base:/home/GTL/mgaddam/CS7630/ros2_ws/install/vrep4_helpers:/home/GTL/mgaddam/CS7630/ros2_ws/install/turtlebot_launch:/home/GTL/mgaddam/CS7630/ros2_ws/install/task_manager_sync:/home/GTL/mgaddam/CS7630/ros2_ws/install/floor_nav:/home/GTL/mgaddam/CS7630/ros2_ws/install/task_manager_nav2:/home/GTL/mgaddam/CS7630/ros2_ws/install/task_manager_lib:/home/GTL/mgaddam/CS7630/ros2_ws/install/task_manager_msgs:/home/GTL/mgaddam/CS7630/ros2_ws/install/cs7630_msgs:/home/GTL/mgaddam/CS7630/ros2_ws/install/collision_avoidance_base PYTHONPATH=/home/GTL/mgaddam/CS7630/ros2_ws/build/wpa_cli/prefix_override:/home/GTL/mgaddam/CS7630/ros2_ws/install/wpa_cli/lib/python3.10/site-packages:${PYTHONPATH} /usr/bin/python3 setup.py egg_info --egg-base ../../build/wpa_cli build --build-base /home/GTL/mgaddam/CS7630/ros2_ws/build/wpa_cli/build install --record /home/GTL/mgaddam/CS7630/ros2_ws/build/wpa_cli/install.log --single-version-externally-managed
