running egg_info
writing ../../../build/task_manager_client_py/task_manager_client_py.egg-info/PKG-INFO
writing dependency_links to ../../../build/task_manager_client_py/task_manager_client_py.egg-info/dependency_links.txt
writing entry points to ../../../build/task_manager_client_py/task_manager_client_py.egg-info/entry_points.txt
writing requirements to ../../../build/task_manager_client_py/task_manager_client_py.egg-info/requires.txt
writing top-level names to ../../../build/task_manager_client_py/task_manager_client_py.egg-info/top_level.txt
writing manifest file '../../../build/task_manager_client_py/task_manager_client_py.egg-info/SOURCES.txt'
reading manifest file '../../../build/task_manager_client_py/task_manager_client_py.egg-info/SOURCES.txt'
writing manifest file '../../../build/task_manager_client_py/task_manager_client_py.egg-info/SOURCES.txt'
running build
running build_py
copying task_manager_client_py/TaskClient.py -> /home/GTL/mgaddam/CS7630/ros2_ws/src/build/task_manager_client_py/build/lib/task_manager_client_py
copying task_manager_client_py/tasklist.py -> /home/GTL/mgaddam/CS7630/ros2_ws/src/build/task_manager_client_py/build/lib/task_manager_client_py
copying task_manager_client_py/__init__.py -> /home/GTL/mgaddam/CS7630/ros2_ws/src/build/task_manager_client_py/build/lib/task_manager_client_py
copying task_manager_client_py/console.py -> /home/GTL/mgaddam/CS7630/ros2_ws/src/build/task_manager_client_py/build/lib/task_manager_client_py
running build_scripts
copying and adjusting task_manager_client_py/console.py -> /home/GTL/mgaddam/CS7630/ros2_ws/src/build/task_manager_client_py/build/scripts-3.10
copying node/console -> /home/GTL/mgaddam/CS7630/ros2_ws/src/build/task_manager_client_py/build/scripts-3.10
changing mode of /home/GTL/mgaddam/CS7630/ros2_ws/src/build/task_manager_client_py/build/scripts-3.10/console.py from 664 to 775
running install
running install_lib
copying /home/GTL/mgaddam/CS7630/ros2_ws/src/build/task_manager_client_py/build/lib/task_manager_client_py/TaskClient.py -> /home/GTL/mgaddam/CS7630/ros2_ws/src/install/task_manager_client_py/lib/python3.10/site-packages/task_manager_client_py
copying /home/GTL/mgaddam/CS7630/ros2_ws/src/build/task_manager_client_py/build/lib/task_manager_client_py/tasklist.py -> /home/GTL/mgaddam/CS7630/ros2_ws/src/install/task_manager_client_py/lib/python3.10/site-packages/task_manager_client_py
copying /home/GTL/mgaddam/CS7630/ros2_ws/src/build/task_manager_client_py/build/lib/task_manager_client_py/__init__.py -> /home/GTL/mgaddam/CS7630/ros2_ws/src/install/task_manager_client_py/lib/python3.10/site-packages/task_manager_client_py
copying /home/GTL/mgaddam/CS7630/ros2_ws/src/build/task_manager_client_py/build/lib/task_manager_client_py/console.py -> /home/GTL/mgaddam/CS7630/ros2_ws/src/install/task_manager_client_py/lib/python3.10/site-packages/task_manager_client_py
byte-compiling /home/GTL/mgaddam/CS7630/ros2_ws/src/install/task_manager_client_py/lib/python3.10/site-packages/task_manager_client_py/TaskClient.py to TaskClient.cpython-310.pyc
byte-compiling /home/GTL/mgaddam/CS7630/ros2_ws/src/install/task_manager_client_py/lib/python3.10/site-packages/task_manager_client_py/tasklist.py to tasklist.cpython-310.pyc
byte-compiling /home/GTL/mgaddam/CS7630/ros2_ws/src/install/task_manager_client_py/lib/python3.10/site-packages/task_manager_client_py/__init__.py to __init__.cpython-310.pyc
byte-compiling /home/GTL/mgaddam/CS7630/ros2_ws/src/install/task_manager_client_py/lib/python3.10/site-packages/task_manager_client_py/console.py to console.cpython-310.pyc
running install_data
copying resource/task_manager_client_py -> /home/GTL/mgaddam/CS7630/ros2_ws/src/install/task_manager_client_py/share/ament_index/resource_index/packages
copying package.xml -> /home/GTL/mgaddam/CS7630/ros2_ws/src/install/task_manager_client_py/share/task_manager_client_py
running install_egg_info
removing '/home/GTL/mgaddam/CS7630/ros2_ws/src/install/task_manager_client_py/lib/python3.10/site-packages/task_manager_client_py-0.0.0-py3.10.egg-info' (and everything under it)
Copying ../../../build/task_manager_client_py/task_manager_client_py.egg-info to /home/GTL/mgaddam/CS7630/ros2_ws/src/install/task_manager_client_py/lib/python3.10/site-packages/task_manager_client_py-0.0.0-py3.10.egg-info
running install_scripts
copying /home/GTL/mgaddam/CS7630/ros2_ws/src/build/task_manager_client_py/build/scripts-3.10/console -> /home/GTL/mgaddam/CS7630/ros2_ws/src/install/task_manager_client_py/lib/task_manager_client_py
copying /home/GTL/mgaddam/CS7630/ros2_ws/src/build/task_manager_client_py/build/scripts-3.10/console.py -> /home/GTL/mgaddam/CS7630/ros2_ws/src/install/task_manager_client_py/lib/task_manager_client_py
changing mode of /home/GTL/mgaddam/CS7630/ros2_ws/src/install/task_manager_client_py/lib/task_manager_client_py/console to 775
changing mode of /home/GTL/mgaddam/CS7630/ros2_ws/src/install/task_manager_client_py/lib/task_manager_client_py/console.py to 775
Installing tasklist script to /home/GTL/mgaddam/CS7630/ros2_ws/src/install/task_manager_client_py/lib/task_manager_client_py
writing list of installed files to '/home/GTL/mgaddam/CS7630/ros2_ws/src/build/task_manager_client_py/install.log'
