[1.223s] Invoking command in '/home/GTL/mgaddam/CS7630/ros2_ws/src/ros_task_manager/src/task_manager_client_py': CMAKE_PREFIX_PATH=/home/GTL/mgaddam/CS7630/ros2_ws/src/install/task_manager_msgs:/home/GTL/mgaddam/CS7630/ros2_ws/src/install/vrep4_helpers:/home/GTL/mgaddam/CS7630/ros2_ws/src/install/task_manager_sync:/home/GTL/mgaddam/CS7630/ros2_ws/src/install/floor_nav:/home/GTL/mgaddam/CS7630/ros2_ws/src/install/task_manager_nav2:/home/GTL/mgaddam/CS7630/ros2_ws/src/install/task_manager_lib:/home/GTL/mgaddam/CS7630/ros2_ws/src/install/cs7630_msgs:/home/GTL/mgaddam/CS7630/ros2_ws/src/install/collision_avoidance_base LD_LIBRARY_PATH=/home/GTL/mgaddam/CS7630/ros2_ws/src/install/task_manager_msgs/lib:/home/GTL/mgaddam/CS7630/ros2_ws/src/install/task_manager_sync/lib:/home/GTL/mgaddam/CS7630/ros2_ws/src/install/task_manager_lib/lib:/home/GTL/mgaddam/CS7630/ros2_ws/src/install/cs7630_msgs/lib:/usr/lib/x86_64-linux-gnu/gazebo-11/plugins:/opt/ros/humble/opt/rviz_ogre_vendor/lib:/opt/ros/humble/lib/x86_64-linux-gnu:/opt/ros/humble/lib PYTHONPATH=/home/GTL/mgaddam/CS7630/ros2_ws/src/build/task_manager_client_py/prefix_override:/home/GTL/mgaddam/CS7630/ros2_ws/src/install/task_manager_client_py/lib/python3.10/site-packages:${PYTHONPATH} /usr/bin/python3 setup.py egg_info --egg-base ../../../build/task_manager_client_py build --build-base /home/GTL/mgaddam/CS7630/ros2_ws/src/build/task_manager_client_py/build install --record /home/GTL/mgaddam/CS7630/ros2_ws/src/build/task_manager_client_py/install.log --install-scripts $base/lib/task_manager_client_py --single-version-externally-managed
[1.448s] /usr/lib/python3/dist-packages/setuptools/dist.py:723: UserWarning: Usage of dash-separated 'script-dir' will not be supported in future versions. Please use the underscore name 'script_dir' instead
[1.448s]   warnings.warn(
[1.456s] running egg_info
[1.457s] writing ../../../build/task_manager_client_py/task_manager_client_py.egg-info/PKG-INFO
[1.459s] writing dependency_links to ../../../build/task_manager_client_py/task_manager_client_py.egg-info/dependency_links.txt
[1.460s] writing entry points to ../../../build/task_manager_client_py/task_manager_client_py.egg-info/entry_points.txt
[1.461s] writing requirements to ../../../build/task_manager_client_py/task_manager_client_py.egg-info/requires.txt
[1.462s] writing top-level names to ../../../build/task_manager_client_py/task_manager_client_py.egg-info/top_level.txt
[1.463s] writing manifest file '../../../build/task_manager_client_py/task_manager_client_py.egg-info/SOURCES.txt'
[1.466s] reading manifest file '../../../build/task_manager_client_py/task_manager_client_py.egg-info/SOURCES.txt'
[1.467s] writing manifest file '../../../build/task_manager_client_py/task_manager_client_py.egg-info/SOURCES.txt'
[1.468s] running build
[1.468s] running build_py
[1.469s] copying task_manager_client_py/TaskClient.py -> /home/GTL/mgaddam/CS7630/ros2_ws/src/build/task_manager_client_py/build/lib/task_manager_client_py
[1.473s] copying task_manager_client_py/tasklist.py -> /home/GTL/mgaddam/CS7630/ros2_ws/src/build/task_manager_client_py/build/lib/task_manager_client_py
[1.475s] copying task_manager_client_py/__init__.py -> /home/GTL/mgaddam/CS7630/ros2_ws/src/build/task_manager_client_py/build/lib/task_manager_client_py
[1.477s] copying task_manager_client_py/console.py -> /home/GTL/mgaddam/CS7630/ros2_ws/src/build/task_manager_client_py/build/lib/task_manager_client_py
[1.479s] running build_scripts
[1.479s] copying and adjusting task_manager_client_py/console.py -> /home/GTL/mgaddam/CS7630/ros2_ws/src/build/task_manager_client_py/build/scripts-3.10
[1.481s] copying node/console -> /home/GTL/mgaddam/CS7630/ros2_ws/src/build/task_manager_client_py/build/scripts-3.10
[1.483s] changing mode of /home/GTL/mgaddam/CS7630/ros2_ws/src/build/task_manager_client_py/build/scripts-3.10/console.py from 664 to 775
[1.483s] running install
[1.484s] /usr/lib/python3/dist-packages/setuptools/command/install.py:34: SetuptoolsDeprecationWarning: setup.py install is deprecated. Use build and pip and other standards-based tools.
[1.484s]   warnings.warn(
[1.484s] running install_lib
[1.486s] copying /home/GTL/mgaddam/CS7630/ros2_ws/src/build/task_manager_client_py/build/lib/task_manager_client_py/TaskClient.py -> /home/GTL/mgaddam/CS7630/ros2_ws/src/install/task_manager_client_py/lib/python3.10/site-packages/task_manager_client_py
[1.489s] copying /home/GTL/mgaddam/CS7630/ros2_ws/src/build/task_manager_client_py/build/lib/task_manager_client_py/tasklist.py -> /home/GTL/mgaddam/CS7630/ros2_ws/src/install/task_manager_client_py/lib/python3.10/site-packages/task_manager_client_py
[1.491s] copying /home/GTL/mgaddam/CS7630/ros2_ws/src/build/task_manager_client_py/build/lib/task_manager_client_py/__init__.py -> /home/GTL/mgaddam/CS7630/ros2_ws/src/install/task_manager_client_py/lib/python3.10/site-packages/task_manager_client_py
[1.493s] copying /home/GTL/mgaddam/CS7630/ros2_ws/src/build/task_manager_client_py/build/lib/task_manager_client_py/console.py -> /home/GTL/mgaddam/CS7630/ros2_ws/src/install/task_manager_client_py/lib/python3.10/site-packages/task_manager_client_py
[1.495s] byte-compiling /home/GTL/mgaddam/CS7630/ros2_ws/src/install/task_manager_client_py/lib/python3.10/site-packages/task_manager_client_py/TaskClient.py to TaskClient.cpython-310.pyc
[1.502s] byte-compiling /home/GTL/mgaddam/CS7630/ros2_ws/src/install/task_manager_client_py/lib/python3.10/site-packages/task_manager_client_py/tasklist.py to tasklist.cpython-310.pyc
[1.505s] byte-compiling /home/GTL/mgaddam/CS7630/ros2_ws/src/install/task_manager_client_py/lib/python3.10/site-packages/task_manager_client_py/__init__.py to __init__.cpython-310.pyc
[1.507s] byte-compiling /home/GTL/mgaddam/CS7630/ros2_ws/src/install/task_manager_client_py/lib/python3.10/site-packages/task_manager_client_py/console.py to console.cpython-310.pyc
[1.510s] running install_data
[1.510s] copying resource/task_manager_client_py -> /home/GTL/mgaddam/CS7630/ros2_ws/src/install/task_manager_client_py/share/ament_index/resource_index/packages
[1.512s] copying package.xml -> /home/GTL/mgaddam/CS7630/ros2_ws/src/install/task_manager_client_py/share/task_manager_client_py
[1.514s] running install_egg_info
[1.515s] removing '/home/GTL/mgaddam/CS7630/ros2_ws/src/install/task_manager_client_py/lib/python3.10/site-packages/task_manager_client_py-0.0.0-py3.10.egg-info' (and everything under it)
[1.516s] Copying ../../../build/task_manager_client_py/task_manager_client_py.egg-info to /home/GTL/mgaddam/CS7630/ros2_ws/src/install/task_manager_client_py/lib/python3.10/site-packages/task_manager_client_py-0.0.0-py3.10.egg-info
[1.535s] running install_scripts
[1.552s] copying /home/GTL/mgaddam/CS7630/ros2_ws/src/build/task_manager_client_py/build/scripts-3.10/console -> /home/GTL/mgaddam/CS7630/ros2_ws/src/install/task_manager_client_py/lib/task_manager_client_py
[1.554s] copying /home/GTL/mgaddam/CS7630/ros2_ws/src/build/task_manager_client_py/build/scripts-3.10/console.py -> /home/GTL/mgaddam/CS7630/ros2_ws/src/install/task_manager_client_py/lib/task_manager_client_py
[1.556s] changing mode of /home/GTL/mgaddam/CS7630/ros2_ws/src/install/task_manager_client_py/lib/task_manager_client_py/console to 775
[1.557s] changing mode of /home/GTL/mgaddam/CS7630/ros2_ws/src/install/task_manager_client_py/lib/task_manager_client_py/console.py to 775
[1.558s] Installing tasklist script to /home/GTL/mgaddam/CS7630/ros2_ws/src/install/task_manager_client_py/lib/task_manager_client_py
[1.560s] writing list of installed files to '/home/GTL/mgaddam/CS7630/ros2_ws/src/build/task_manager_client_py/install.log'
[1.582s] Invoked command in '/home/GTL/mgaddam/CS7630/ros2_ws/src/ros_task_manager/src/task_manager_client_py' returned '0': CMAKE_PREFIX_PATH=/home/GTL/mgaddam/CS7630/ros2_ws/src/install/task_manager_msgs:/home/GTL/mgaddam/CS7630/ros2_ws/src/install/vrep4_helpers:/home/GTL/mgaddam/CS7630/ros2_ws/src/install/task_manager_sync:/home/GTL/mgaddam/CS7630/ros2_ws/src/install/floor_nav:/home/GTL/mgaddam/CS7630/ros2_ws/src/install/task_manager_nav2:/home/GTL/mgaddam/CS7630/ros2_ws/src/install/task_manager_lib:/home/GTL/mgaddam/CS7630/ros2_ws/src/install/cs7630_msgs:/home/GTL/mgaddam/CS7630/ros2_ws/src/install/collision_avoidance_base LD_LIBRARY_PATH=/home/GTL/mgaddam/CS7630/ros2_ws/src/install/task_manager_msgs/lib:/home/GTL/mgaddam/CS7630/ros2_ws/src/install/task_manager_sync/lib:/home/GTL/mgaddam/CS7630/ros2_ws/src/install/task_manager_lib/lib:/home/GTL/mgaddam/CS7630/ros2_ws/src/install/cs7630_msgs/lib:/usr/lib/x86_64-linux-gnu/gazebo-11/plugins:/opt/ros/humble/opt/rviz_ogre_vendor/lib:/opt/ros/humble/lib/x86_64-linux-gnu:/opt/ros/humble/lib PYTHONPATH=/home/GTL/mgaddam/CS7630/ros2_ws/src/build/task_manager_client_py/prefix_override:/home/GTL/mgaddam/CS7630/ros2_ws/src/install/task_manager_client_py/lib/python3.10/site-packages:${PYTHONPATH} /usr/bin/python3 setup.py egg_info --egg-base ../../../build/task_manager_client_py build --build-base /home/GTL/mgaddam/CS7630/ros2_ws/src/build/task_manager_client_py/build install --record /home/GTL/mgaddam/CS7630/ros2_ws/src/build/task_manager_client_py/install.log --install-scripts $base/lib/task_manager_client_py --single-version-externally-managed
