[1.475s] Invoking command in '/home/GTL/mgaddam/CS7630/ros2_ws/build/vrep4_helpers': CMAKE_PREFIX_PATH=${CMAKE_PREFIX_PATH}:/home/GTL/mgaddam/CS7630/ros2_ws/install/wpa_cli:/home/GTL/mgaddam/CS7630/ros2_ws/install/vrep_ros_teleop:/home/GTL/mgaddam/CS7630/ros2_ws/install/task_manager_client_py:/home/GTL/mgaddam/CS7630/ros2_ws/install/ar_slam_base:/home/GTL/mgaddam/CS7630/ros2_ws/install/ar_loc_base:/home/GTL/mgaddam/CS7630/ros2_ws/install/rover_driver_base:/home/GTL/mgaddam/CS7630/ros2_ws/install/keyboard_teleop:/home/GTL/mgaddam/CS7630/ros2_ws/install/face_detect_base:/home/GTL/mgaddam/CS7630/ros2_ws/install/button_server:/home/GTL/mgaddam/CS7630/ros2_ws/install/ar_mapping_base:/opt/ros/humble /usr/bin/cmake --build /home/GTL/mgaddam/CS7630/ros2_ws/build/vrep4_helpers -- -j16 -l16
[1.524s] [100%] Built target image_flip
[1.524s] [100%] Built target clock_repeat
[1.848s] Invoked command in '/home/GTL/mgaddam/CS7630/ros2_ws/build/vrep4_helpers' returned '0': CMAKE_PREFIX_PATH=${CMAKE_PREFIX_PATH}:/home/GTL/mgaddam/CS7630/ros2_ws/install/wpa_cli:/home/GTL/mgaddam/CS7630/ros2_ws/install/vrep_ros_teleop:/home/GTL/mgaddam/CS7630/ros2_ws/install/task_manager_client_py:/home/GTL/mgaddam/CS7630/ros2_ws/install/ar_slam_base:/home/GTL/mgaddam/CS7630/ros2_ws/install/ar_loc_base:/home/GTL/mgaddam/CS7630/ros2_ws/install/rover_driver_base:/home/GTL/mgaddam/CS7630/ros2_ws/install/keyboard_teleop:/home/GTL/mgaddam/CS7630/ros2_ws/install/face_detect_base:/home/GTL/mgaddam/CS7630/ros2_ws/install/button_server:/home/GTL/mgaddam/CS7630/ros2_ws/install/ar_mapping_base:/opt/ros/humble /usr/bin/cmake --build /home/GTL/mgaddam/CS7630/ros2_ws/build/vrep4_helpers -- -j16 -l16
[1.890s] Invoking command in '/home/GTL/mgaddam/CS7630/ros2_ws/build/vrep4_helpers': CMAKE_PREFIX_PATH=${CMAKE_PREFIX_PATH}:/home/GTL/mgaddam/CS7630/ros2_ws/install/wpa_cli:/home/GTL/mgaddam/CS7630/ros2_ws/install/vrep_ros_teleop:/home/GTL/mgaddam/CS7630/ros2_ws/install/task_manager_client_py:/home/GTL/mgaddam/CS7630/ros2_ws/install/ar_slam_base:/home/GTL/mgaddam/CS7630/ros2_ws/install/ar_loc_base:/home/GTL/mgaddam/CS7630/ros2_ws/install/rover_driver_base:/home/GTL/mgaddam/CS7630/ros2_ws/install/keyboard_teleop:/home/GTL/mgaddam/CS7630/ros2_ws/install/face_detect_base:/home/GTL/mgaddam/CS7630/ros2_ws/install/button_server:/home/GTL/mgaddam/CS7630/ros2_ws/install/ar_mapping_base:/opt/ros/humble /usr/bin/cmake --install /home/GTL/mgaddam/CS7630/ros2_ws/build/vrep4_helpers
[1.894s] -- Install configuration: ""
[1.895s] -- Up-to-date: /home/GTL/mgaddam/CS7630/ros2_ws/install/vrep4_helpers/lib/vrep4_helpers/image_flip
[1.899s] -- Up-to-date: /home/GTL/mgaddam/CS7630/ros2_ws/install/vrep4_helpers/lib/vrep4_helpers/clock_repeat
[1.901s] -- Up-to-date: /home/GTL/mgaddam/CS7630/ros2_ws/install/vrep4_helpers/share/vrep4_helpers
[1.902s] -- Up-to-date: /home/GTL/mgaddam/CS7630/ros2_ws/install/vrep4_helpers/share/vrep4_helpers/kinect_pc.launch.py
[1.904s] -- Up-to-date: /home/GTL/mgaddam/CS7630/ros2_ws/install/vrep4_helpers/share/vrep4_helpers/kinect_pc_min.launch.py
[1.904s] -- Up-to-date: /home/GTL/mgaddam/CS7630/ros2_ws/install/vrep4_helpers/share/ament_index/resource_index/package_run_dependencies/vrep4_helpers
[1.905s] -- Up-to-date: /home/GTL/mgaddam/CS7630/ros2_ws/install/vrep4_helpers/share/ament_index/resource_index/parent_prefix_path/vrep4_helpers
[1.905s] -- Up-to-date: /home/GTL/mgaddam/CS7630/ros2_ws/install/vrep4_helpers/share/vrep4_helpers/environment/ament_prefix_path.sh
[1.906s] -- Up-to-date: /home/GTL/mgaddam/CS7630/ros2_ws/install/vrep4_helpers/share/vrep4_helpers/environment/ament_prefix_path.dsv
[1.906s] -- Up-to-date: /home/GTL/mgaddam/CS7630/ros2_ws/install/vrep4_helpers/share/vrep4_helpers/environment/path.sh
[1.908s] -- Up-to-date: /home/GTL/mgaddam/CS7630/ros2_ws/install/vrep4_helpers/share/vrep4_helpers/environment/path.dsv
[1.908s] -- Up-to-date: /home/GTL/mgaddam/CS7630/ros2_ws/install/vrep4_helpers/share/vrep4_helpers/local_setup.bash
[1.908s] -- Up-to-date: /home/GTL/mgaddam/CS7630/ros2_ws/install/vrep4_helpers/share/vrep4_helpers/local_setup.sh
[1.909s] -- Up-to-date: /home/GTL/mgaddam/CS7630/ros2_ws/install/vrep4_helpers/share/vrep4_helpers/local_setup.zsh
[1.909s] -- Up-to-date: /home/GTL/mgaddam/CS7630/ros2_ws/install/vrep4_helpers/share/vrep4_helpers/local_setup.dsv
[1.910s] -- Installing: /home/GTL/mgaddam/CS7630/ros2_ws/install/vrep4_helpers/share/vrep4_helpers/package.dsv
[1.915s] -- Up-to-date: /home/GTL/mgaddam/CS7630/ros2_ws/install/vrep4_helpers/share/ament_index/resource_index/packages/vrep4_helpers
[1.915s] -- Up-to-date: /home/GTL/mgaddam/CS7630/ros2_ws/install/vrep4_helpers/share/vrep4_helpers/cmake/vrep4_helpersConfig.cmake
[1.915s] -- Up-to-date: /home/GTL/mgaddam/CS7630/ros2_ws/install/vrep4_helpers/share/vrep4_helpers/cmake/vrep4_helpersConfig-version.cmake
[1.917s] -- Up-to-date: /home/GTL/mgaddam/CS7630/ros2_ws/install/vrep4_helpers/share/vrep4_helpers/package.xml
[2.026s] Invoked command in '/home/GTL/mgaddam/CS7630/ros2_ws/build/vrep4_helpers' returned '0': CMAKE_PREFIX_PATH=${CMAKE_PREFIX_PATH}:/home/GTL/mgaddam/CS7630/ros2_ws/install/wpa_cli:/home/GTL/mgaddam/CS7630/ros2_ws/install/vrep_ros_teleop:/home/GTL/mgaddam/CS7630/ros2_ws/install/task_manager_client_py:/home/GTL/mgaddam/CS7630/ros2_ws/install/ar_slam_base:/home/GTL/mgaddam/CS7630/ros2_ws/install/ar_loc_base:/home/GTL/mgaddam/CS7630/ros2_ws/install/rover_driver_base:/home/GTL/mgaddam/CS7630/ros2_ws/install/keyboard_teleop:/home/GTL/mgaddam/CS7630/ros2_ws/install/face_detect_base:/home/GTL/mgaddam/CS7630/ros2_ws/install/button_server:/home/GTL/mgaddam/CS7630/ros2_ws/install/ar_mapping_base:/opt/ros/humble /usr/bin/cmake --install /home/GTL/mgaddam/CS7630/ros2_ws/build/vrep4_helpers
