[2.026s] Invoking command in '/home/GTL/mgaddam/CS7630/ros2_ws/src/keyboard_teleop': PYTHONPATH=/home/GTL/mgaddam/CS7630/ros2_ws/src/build/keyboard_teleop/prefix_override:/home/GTL/mgaddam/CS7630/ros2_ws/src/install/keyboard_teleop/lib/python3.10/site-packages:${PYTHONPATH} /usr/bin/python3 setup.py egg_info --egg-base ../build/keyboard_teleop build --build-base /home/GTL/mgaddam/CS7630/ros2_ws/src/build/keyboard_teleop/build install --record /home/GTL/mgaddam/CS7630/ros2_ws/src/build/keyboard_teleop/install.log --single-version-externally-managed
[2.208s] running egg_info
[2.209s] writing ../build/keyboard_teleop/keyboard_teleop.egg-info/PKG-INFO
[2.210s] writing dependency_links to ../build/keyboard_teleop/keyboard_teleop.egg-info/dependency_links.txt
[2.217s] writing entry points to ../build/keyboard_teleop/keyboard_teleop.egg-info/entry_points.txt
[2.217s] writing requirements to ../build/keyboard_teleop/keyboard_teleop.egg-info/requires.txt
[2.217s] writing top-level names to ../build/keyboard_teleop/keyboard_teleop.egg-info/top_level.txt
[2.222s] reading manifest file '../build/keyboard_teleop/keyboard_teleop.egg-info/SOURCES.txt'
[2.224s] writing manifest file '../build/keyboard_teleop/keyboard_teleop.egg-info/SOURCES.txt'
[2.225s] running build
[2.225s] running build_py
[2.229s] running install
[2.229s] /usr/lib/python3/dist-packages/setuptools/command/install.py:34: SetuptoolsDeprecationWarning: setup.py install is deprecated. Use build and pip and other standards-based tools.
[2.229s]   warnings.warn(
[2.229s] running install_lib
[2.235s] running install_data
[2.236s] running install_egg_info
[2.238s] removing '/home/GTL/mgaddam/CS7630/ros2_ws/src/install/keyboard_teleop/lib/python3.10/site-packages/keyboard_teleop-0.0.0-py3.10.egg-info' (and everything under it)
[2.241s] Copying ../build/keyboard_teleop/keyboard_teleop.egg-info to /home/GTL/mgaddam/CS7630/ros2_ws/src/install/keyboard_teleop/lib/python3.10/site-packages/keyboard_teleop-0.0.0-py3.10.egg-info
[2.278s] running install_scripts
[2.293s] Installing keyboard_joystick_node script to /home/GTL/mgaddam/CS7630/ros2_ws/src/install/keyboard_teleop/lib/keyboard_teleop
[2.295s] Installing keyboard_teleop_node script to /home/GTL/mgaddam/CS7630/ros2_ws/src/install/keyboard_teleop/lib/keyboard_teleop
[2.297s] writing list of installed files to '/home/GTL/mgaddam/CS7630/ros2_ws/src/build/keyboard_teleop/install.log'
[2.632s] Invoked command in '/home/GTL/mgaddam/CS7630/ros2_ws/src/keyboard_teleop' returned '0': PYTHONPATH=/home/GTL/mgaddam/CS7630/ros2_ws/src/build/keyboard_teleop/prefix_override:/home/GTL/mgaddam/CS7630/ros2_ws/src/install/keyboard_teleop/lib/python3.10/site-packages:${PYTHONPATH} /usr/bin/python3 setup.py egg_info --egg-base ../build/keyboard_teleop build --build-base /home/GTL/mgaddam/CS7630/ros2_ws/src/build/keyboard_teleop/build install --record /home/GTL/mgaddam/CS7630/ros2_ws/src/build/keyboard_teleop/install.log --single-version-externally-managed
