[2.100s] Invoking command in '/home/GTL/mgaddam/CS7630/ros2_ws/src/ros_task_manager/src/button_server': PYTHONPATH=/home/GTL/mgaddam/CS7630/ros2_ws/build/button_server/prefix_override:/home/GTL/mgaddam/CS7630/ros2_ws/install/button_server/lib/python3.10/site-packages:${PYTHONPATH} /usr/bin/python3 setup.py egg_info --egg-base ../../../../build/button_server build --build-base /home/GTL/mgaddam/CS7630/ros2_ws/build/button_server/build install --record /home/GTL/mgaddam/CS7630/ros2_ws/build/button_server/install.log --single-version-externally-managed
[2.269s] running egg_info
[2.269s] writing ../../../../build/button_server/button_server.egg-info/PKG-INFO
[2.278s] writing dependency_links to ../../../../build/button_server/button_server.egg-info/dependency_links.txt
[2.279s] writing entry points to ../../../../build/button_server/button_server.egg-info/entry_points.txt
[2.279s] writing requirements to ../../../../build/button_server/button_server.egg-info/requires.txt
[2.279s] writing top-level names to ../../../../build/button_server/button_server.egg-info/top_level.txt
[2.285s] reading manifest file '../../../../build/button_server/button_server.egg-info/SOURCES.txt'
[2.285s] writing manifest file '../../../../build/button_server/button_server.egg-info/SOURCES.txt'
[2.285s] running build
[2.285s] running build_py
[2.286s] running build_scripts
[2.286s] running install
[2.286s] /usr/lib/python3/dist-packages/setuptools/command/install.py:34: SetuptoolsDeprecationWarning: setup.py install is deprecated. Use build and pip and other standards-based tools.
[2.286s]   warnings.warn(
[2.286s] running install_lib
[2.287s] running install_data
[2.290s] running install_egg_info
[2.291s] removing '/home/GTL/mgaddam/CS7630/ros2_ws/install/button_server/lib/python3.10/site-packages/button_server-0.0.0-py3.10.egg-info' (and everything under it)
[2.296s] Copying ../../../../build/button_server/button_server.egg-info to /home/GTL/mgaddam/CS7630/ros2_ws/install/button_server/lib/python3.10/site-packages/button_server-0.0.0-py3.10.egg-info
[2.318s] running install_scripts
[2.338s] changing mode of /home/GTL/mgaddam/CS7630/ros2_ws/install/button_server/lib/button_server/button_server_node to 775
[2.340s] writing list of installed files to '/home/GTL/mgaddam/CS7630/ros2_ws/build/button_server/install.log'
[2.608s] Invoked command in '/home/GTL/mgaddam/CS7630/ros2_ws/src/ros_task_manager/src/button_server' returned '0': PYTHONPATH=/home/GTL/mgaddam/CS7630/ros2_ws/build/button_server/prefix_override:/home/GTL/mgaddam/CS7630/ros2_ws/install/button_server/lib/python3.10/site-packages:${PYTHONPATH} /usr/bin/python3 setup.py egg_info --egg-base ../../../../build/button_server build --build-base /home/GTL/mgaddam/CS7630/ros2_ws/build/button_server/build install --record /home/GTL/mgaddam/CS7630/ros2_ws/build/button_server/install.log --single-version-externally-managed
