[0.575s] Invoking command in '/home/GTL/mgaddam/CS7630/ros2_ws/src/build/floor_nav': AMENT_PREFIX_PATH=/home/GTL/mgaddam/CS7630/ros2_ws/src/install/task_manager_nav2:/home/GTL/mgaddam/CS7630/ros2_ws/src/install/task_manager_lib:/home/GTL/mgaddam/CS7630/ros2_ws/src/install/task_manager_msgs:/home/GTL/mgaddam/CS7630/ros2_ws/src/install/cs7630_msgs:${AMENT_PREFIX_PATH} CMAKE_PREFIX_PATH=/home/GTL/mgaddam/CS7630/ros2_ws/src/install/task_manager_nav2:/home/GTL/mgaddam/CS7630/ros2_ws/src/install/task_manager_lib:/home/GTL/mgaddam/CS7630/ros2_ws/src/install/task_manager_msgs:/home/GTL/mgaddam/CS7630/ros2_ws/src/install/cs7630_msgs:/opt/ros/humble LD_LIBRARY_PATH=/home/GTL/mgaddam/CS7630/ros2_ws/src/install/task_manager_lib/lib:/home/GTL/mgaddam/CS7630/ros2_ws/src/install/task_manager_msgs/lib:/home/GTL/mgaddam/CS7630/ros2_ws/src/install/cs7630_msgs/lib:${LD_LIBRARY_PATH} PYTHONPATH=/home/GTL/mgaddam/CS7630/ros2_ws/src/install/task_manager_msgs/local/lib/python3.10/dist-packages:/home/GTL/mgaddam/CS7630/ros2_ws/src/install/cs7630_msgs/local/lib/python3.10/dist-packages:${PYTHONPATH} /usr/bin/cmake --build /home/GTL/mgaddam/CS7630/ros2_ws/src/build/floor_nav -- -j16 -l16
[1.319s] [ 29%] Built target floornav_TaskWaitForROI
[1.327s] [ 29%] Built target floornav_TaskGoTo
[1.327s] [ 29%] Built target floornav_TaskSetMux
[1.327s] [ 45%] Built target floornav_TaskSetHeading
[1.331s] [ 45%] Built target floornav_TaskGoToPose
[1.332s] [ 61%] Built target floornav_TaskStareAtFace
[1.332s] [ 61%] Built target floornav_task_server
[1.332s] [ 58%] Built target floornav_TaskSetBool
[1.332s] [ 58%] Built target floornav_TaskConstant
[1.367s] [ 70%] Built target floornav_TaskTrigger
[1.368s] [ 74%] Built target floornav_TaskAutoDock
[1.375s] [ 80%] Built target floornav_TaskWaitForFace
[1.388s] [ 87%] Built target floornav_TaskPlanTo
[1.399s] [ 93%] Built target floornav_TaskWander
[1.403s] [100%] Built target floornav_TaskNav2
[1.454s] Invoked command in '/home/GTL/mgaddam/CS7630/ros2_ws/src/build/floor_nav' returned '0': AMENT_PREFIX_PATH=/home/GTL/mgaddam/CS7630/ros2_ws/src/install/task_manager_nav2:/home/GTL/mgaddam/CS7630/ros2_ws/src/install/task_manager_lib:/home/GTL/mgaddam/CS7630/ros2_ws/src/install/task_manager_msgs:/home/GTL/mgaddam/CS7630/ros2_ws/src/install/cs7630_msgs:${AMENT_PREFIX_PATH} CMAKE_PREFIX_PATH=/home/GTL/mgaddam/CS7630/ros2_ws/src/install/task_manager_nav2:/home/GTL/mgaddam/CS7630/ros2_ws/src/install/task_manager_lib:/home/GTL/mgaddam/CS7630/ros2_ws/src/install/task_manager_msgs:/home/GTL/mgaddam/CS7630/ros2_ws/src/install/cs7630_msgs:/opt/ros/humble LD_LIBRARY_PATH=/home/GTL/mgaddam/CS7630/ros2_ws/src/install/task_manager_lib/lib:/home/GTL/mgaddam/CS7630/ros2_ws/src/install/task_manager_msgs/lib:/home/GTL/mgaddam/CS7630/ros2_ws/src/install/cs7630_msgs/lib:${LD_LIBRARY_PATH} PYTHONPATH=/home/GTL/mgaddam/CS7630/ros2_ws/src/install/task_manager_msgs/local/lib/python3.10/dist-packages:/home/GTL/mgaddam/CS7630/ros2_ws/src/install/cs7630_msgs/local/lib/python3.10/dist-packages:${PYTHONPATH} /usr/bin/cmake --build /home/GTL/mgaddam/CS7630/ros2_ws/src/build/floor_nav -- -j16 -l16
[1.517s] Invoking command in '/home/GTL/mgaddam/CS7630/ros2_ws/src/build/floor_nav': AMENT_PREFIX_PATH=/home/GTL/mgaddam/CS7630/ros2_ws/src/install/task_manager_nav2:/home/GTL/mgaddam/CS7630/ros2_ws/src/install/task_manager_lib:/home/GTL/mgaddam/CS7630/ros2_ws/src/install/task_manager_msgs:/home/GTL/mgaddam/CS7630/ros2_ws/src/install/cs7630_msgs:${AMENT_PREFIX_PATH} CMAKE_PREFIX_PATH=/home/GTL/mgaddam/CS7630/ros2_ws/src/install/task_manager_nav2:/home/GTL/mgaddam/CS7630/ros2_ws/src/install/task_manager_lib:/home/GTL/mgaddam/CS7630/ros2_ws/src/install/task_manager_msgs:/home/GTL/mgaddam/CS7630/ros2_ws/src/install/cs7630_msgs:/opt/ros/humble LD_LIBRARY_PATH=/home/GTL/mgaddam/CS7630/ros2_ws/src/install/task_manager_lib/lib:/home/GTL/mgaddam/CS7630/ros2_ws/src/install/task_manager_msgs/lib:/home/GTL/mgaddam/CS7630/ros2_ws/src/install/cs7630_msgs/lib:${LD_LIBRARY_PATH} PYTHONPATH=/home/GTL/mgaddam/CS7630/ros2_ws/src/install/task_manager_msgs/local/lib/python3.10/dist-packages:/home/GTL/mgaddam/CS7630/ros2_ws/src/install/cs7630_msgs/local/lib/python3.10/dist-packages:${PYTHONPATH} /usr/bin/cmake --install /home/GTL/mgaddam/CS7630/ros2_ws/src/build/floor_nav
[1.545s] -- Install configuration: ""
[1.597s] -- Up-to-date: /home/GTL/mgaddam/CS7630/ros2_ws/src/install/floor_nav/lib/floor_nav/floornav_task_server
[1.644s] -- Up-to-date: /home/GTL/mgaddam/CS7630/ros2_ws/src/install/floor_nav/lib/floor_nav/libfloornav_TaskAutoDock.so
[1.723s] -- Up-to-date: /home/GTL/mgaddam/CS7630/ros2_ws/src/install/floor_nav/lib/floor_nav/libfloornav_TaskWaitForROI.so
[1.769s] -- Up-to-date: /home/GTL/mgaddam/CS7630/ros2_ws/src/install/floor_nav/lib/floor_nav/libfloornav_TaskWaitForFace.so
[1.807s] -- Up-to-date: /home/GTL/mgaddam/CS7630/ros2_ws/src/install/floor_nav/lib/floor_nav/libfloornav_TaskWander.so
[1.833s] -- Up-to-date: /home/GTL/mgaddam/CS7630/ros2_ws/src/install/floor_nav/lib/floor_nav/libfloornav_TaskSetHeading.so
[1.873s] -- Up-to-date: /home/GTL/mgaddam/CS7630/ros2_ws/src/install/floor_nav/lib/floor_nav/libfloornav_TaskStareAtFace.so
[1.918s] -- Up-to-date: /home/GTL/mgaddam/CS7630/ros2_ws/src/install/floor_nav/lib/floor_nav/libfloornav_TaskPlanTo.so
[1.957s] -- Up-to-date: /home/GTL/mgaddam/CS7630/ros2_ws/src/install/floor_nav/lib/floor_nav/libfloornav_TaskGoTo.so
[1.983s] -- Up-to-date: /home/GTL/mgaddam/CS7630/ros2_ws/src/install/floor_nav/lib/floor_nav/libfloornav_TaskConstant.so
[2.010s] -- Up-to-date: /home/GTL/mgaddam/CS7630/ros2_ws/src/install/floor_nav/lib/floor_nav/libfloornav_TaskTrigger.so
[2.027s] -- Up-to-date: /home/GTL/mgaddam/CS7630/ros2_ws/src/install/floor_nav/lib/floor_nav/libfloornav_TaskSetBool.so
[2.041s] -- Up-to-date: /home/GTL/mgaddam/CS7630/ros2_ws/src/install/floor_nav/lib/floor_nav/libfloornav_TaskSetMux.so
[2.062s] -- Up-to-date: /home/GTL/mgaddam/CS7630/ros2_ws/src/install/floor_nav/lib/floor_nav/libfloornav_TaskNav2.so
[2.119s] -- Up-to-date: /home/GTL/mgaddam/CS7630/ros2_ws/src/install/floor_nav/lib/floor_nav/libfloornav_TaskGoToPose.so
[2.124s] -- Up-to-date: /home/GTL/mgaddam/CS7630/ros2_ws/src/install/floor_nav/share/floor_nav
[2.126s] -- Up-to-date: /home/GTL/mgaddam/CS7630/ros2_ws/src/install/floor_nav/share/floor_nav/launch_server_tb.launch.py
[2.127s] -- Up-to-date: /home/GTL/mgaddam/CS7630/ros2_ws/src/install/floor_nav/share/floor_nav/launch_rover.launch.py
[2.128s] -- Up-to-date: /home/GTL/mgaddam/CS7630/ros2_ws/src/install/floor_nav/share/floor_nav/launch_server_tb.launch
[2.129s] -- Up-to-date: /home/GTL/mgaddam/CS7630/ros2_ws/src/install/floor_nav/share/floor_nav/__pycache__
[2.131s] -- Up-to-date: /home/GTL/mgaddam/CS7630/ros2_ws/src/install/floor_nav/share/floor_nav/__pycache__/launch_server_tb.launch.cpython-310.pyc
[2.132s] -- Up-to-date: /home/GTL/mgaddam/CS7630/ros2_ws/src/install/floor_nav/share/floor_nav/launch_server.launch
[2.133s] -- Up-to-date: /home/GTL/mgaddam/CS7630/ros2_ws/src/install/floor_nav/lib/floor_nav/graph_forever.py
[2.134s] -- Up-to-date: /home/GTL/mgaddam/CS7630/ros2_ws/src/install/floor_nav/lib/floor_nav/test_goto.py
[2.135s] -- Up-to-date: /home/GTL/mgaddam/CS7630/ros2_ws/src/install/floor_nav/lib/floor_nav/test_goto_pose.py
[2.136s] -- Up-to-date: /home/GTL/mgaddam/CS7630/ros2_ws/src/install/floor_nav/lib/floor_nav/test_graph_2d.py
[2.137s] -- Up-to-date: /home/GTL/mgaddam/CS7630/ros2_ws/src/install/floor_nav/lib/floor_nav/test_graph.py
[2.138s] -- Up-to-date: /home/GTL/mgaddam/CS7630/ros2_ws/src/install/floor_nav/lib/floor_nav/test_graph-test.py
[2.139s] -- Up-to-date: /home/GTL/mgaddam/CS7630/ros2_ws/src/install/floor_nav/lib/floor_nav/test_planto.py
[2.140s] -- Up-to-date: /home/GTL/mgaddam/CS7630/ros2_ws/src/install/floor_nav/lib/floor_nav/test_set_heading.py
[2.141s] -- Up-to-date: /home/GTL/mgaddam/CS7630/ros2_ws/src/install/floor_nav/lib/floor_nav/test_wander.py
[2.142s] -- Up-to-date: /home/GTL/mgaddam/CS7630/ros2_ws/src/install/floor_nav/lib/floor_nav/wander_random_and_stare.py
[2.143s] -- Up-to-date: /home/GTL/mgaddam/CS7630/ros2_ws/src/install/floor_nav/share/ament_index/resource_index/package_run_dependencies/floor_nav
[2.144s] -- Up-to-date: /home/GTL/mgaddam/CS7630/ros2_ws/src/install/floor_nav/share/ament_index/resource_index/parent_prefix_path/floor_nav
[2.145s] -- Up-to-date: /home/GTL/mgaddam/CS7630/ros2_ws/src/install/floor_nav/share/floor_nav/environment/ament_prefix_path.sh
[2.146s] -- Up-to-date: /home/GTL/mgaddam/CS7630/ros2_ws/src/install/floor_nav/share/floor_nav/environment/ament_prefix_path.dsv
[2.146s] -- Up-to-date: /home/GTL/mgaddam/CS7630/ros2_ws/src/install/floor_nav/share/floor_nav/environment/path.sh
[2.147s] -- Up-to-date: /home/GTL/mgaddam/CS7630/ros2_ws/src/install/floor_nav/share/floor_nav/environment/path.dsv
[2.148s] -- Up-to-date: /home/GTL/mgaddam/CS7630/ros2_ws/src/install/floor_nav/share/floor_nav/local_setup.bash
[2.149s] -- Up-to-date: /home/GTL/mgaddam/CS7630/ros2_ws/src/install/floor_nav/share/floor_nav/local_setup.sh
[2.149s] -- Up-to-date: /home/GTL/mgaddam/CS7630/ros2_ws/src/install/floor_nav/share/floor_nav/local_setup.zsh
[2.150s] -- Up-to-date: /home/GTL/mgaddam/CS7630/ros2_ws/src/install/floor_nav/share/floor_nav/local_setup.dsv
[2.151s] -- Installing: /home/GTL/mgaddam/CS7630/ros2_ws/src/install/floor_nav/share/floor_nav/package.dsv
[2.172s] -- Up-to-date: /home/GTL/mgaddam/CS7630/ros2_ws/src/install/floor_nav/share/ament_index/resource_index/packages/floor_nav
[2.173s] -- Up-to-date: /home/GTL/mgaddam/CS7630/ros2_ws/src/install/floor_nav/share/floor_nav/cmake/floor_navConfig.cmake
[2.174s] -- Up-to-date: /home/GTL/mgaddam/CS7630/ros2_ws/src/install/floor_nav/share/floor_nav/cmake/floor_navConfig-version.cmake
[2.175s] -- Up-to-date: /home/GTL/mgaddam/CS7630/ros2_ws/src/install/floor_nav/share/floor_nav/package.xml
[2.178s] Invoked command in '/home/GTL/mgaddam/CS7630/ros2_ws/src/build/floor_nav' returned '0': AMENT_PREFIX_PATH=/home/GTL/mgaddam/CS7630/ros2_ws/src/install/task_manager_nav2:/home/GTL/mgaddam/CS7630/ros2_ws/src/install/task_manager_lib:/home/GTL/mgaddam/CS7630/ros2_ws/src/install/task_manager_msgs:/home/GTL/mgaddam/CS7630/ros2_ws/src/install/cs7630_msgs:${AMENT_PREFIX_PATH} CMAKE_PREFIX_PATH=/home/GTL/mgaddam/CS7630/ros2_ws/src/install/task_manager_nav2:/home/GTL/mgaddam/CS7630/ros2_ws/src/install/task_manager_lib:/home/GTL/mgaddam/CS7630/ros2_ws/src/install/task_manager_msgs:/home/GTL/mgaddam/CS7630/ros2_ws/src/install/cs7630_msgs:/opt/ros/humble LD_LIBRARY_PATH=/home/GTL/mgaddam/CS7630/ros2_ws/src/install/task_manager_lib/lib:/home/GTL/mgaddam/CS7630/ros2_ws/src/install/task_manager_msgs/lib:/home/GTL/mgaddam/CS7630/ros2_ws/src/install/cs7630_msgs/lib:${LD_LIBRARY_PATH} PYTHONPATH=/home/GTL/mgaddam/CS7630/ros2_ws/src/install/task_manager_msgs/local/lib/python3.10/dist-packages:/home/GTL/mgaddam/CS7630/ros2_ws/src/install/cs7630_msgs/local/lib/python3.10/dist-packages:${PYTHONPATH} /usr/bin/cmake --install /home/GTL/mgaddam/CS7630/ros2_ws/src/build/floor_nav
