[0.730s] Invoking command in '/home/GTL/mgaddam/CS7630/ros2_ws/src/ros_task_manager/src/task_manager_client_py': AMENT_PREFIX_PATH=/home/GTL/mgaddam/CS7630/ros2_ws/install/task_manager_msgs:${AMENT_PREFIX_PATH} CMAKE_PREFIX_PATH=/home/GTL/mgaddam/CS7630/ros2_ws/install/task_manager_msgs:${CMAKE_PREFIX_PATH} LD_LIBRARY_PATH=/home/GTL/mgaddam/CS7630/ros2_ws/install/task_manager_msgs/lib:${LD_LIBRARY_PATH} PYTHONPATH=/home/GTL/mgaddam/CS7630/ros2_ws/build/task_manager_client_py/prefix_override:/home/GTL/mgaddam/CS7630/ros2_ws/install/task_manager_client_py/lib/python3.10/site-packages:/home/GTL/mgaddam/CS7630/ros2_ws/install/task_manager_msgs/local/lib/python3.10/dist-packages:${PYTHONPATH} /usr/bin/python3 setup.py egg_info --egg-base ../../../../build/task_manager_client_py build --build-base /home/GTL/mgaddam/CS7630/ros2_ws/build/task_manager_client_py/build install --record /home/GTL/mgaddam/CS7630/ros2_ws/build/task_manager_client_py/install.log --install-scripts $base/lib/task_manager_client_py --single-version-externally-managed
[0.930s] /usr/lib/python3/dist-packages/setuptools/dist.py:723: UserWarning: Usage of dash-separated 'script-dir' will not be supported in future versions. Please use the underscore name 'script_dir' instead
[0.930s]   warnings.warn(
[0.937s] running egg_info
[0.938s] writing ../../../../build/task_manager_client_py/task_manager_client_py.egg-info/PKG-INFO
[0.940s] writing dependency_links to ../../../../build/task_manager_client_py/task_manager_client_py.egg-info/dependency_links.txt
[0.942s] writing entry points to ../../../../build/task_manager_client_py/task_manager_client_py.egg-info/entry_points.txt
[0.943s] writing requirements to ../../../../build/task_manager_client_py/task_manager_client_py.egg-info/requires.txt
[0.944s] writing top-level names to ../../../../build/task_manager_client_py/task_manager_client_py.egg-info/top_level.txt
[0.945s] writing manifest file '../../../../build/task_manager_client_py/task_manager_client_py.egg-info/SOURCES.txt'
[0.951s] reading manifest file '../../../../build/task_manager_client_py/task_manager_client_py.egg-info/SOURCES.txt'
[0.952s] writing manifest file '../../../../build/task_manager_client_py/task_manager_client_py.egg-info/SOURCES.txt'
[0.953s] running build
[0.953s] running build_py
[0.954s] copying task_manager_client_py/TaskClient.py -> /home/GTL/mgaddam/CS7630/ros2_ws/build/task_manager_client_py/build/lib/task_manager_client_py
[0.973s] copying task_manager_client_py/tasklist.py -> /home/GTL/mgaddam/CS7630/ros2_ws/build/task_manager_client_py/build/lib/task_manager_client_py
[0.975s] copying task_manager_client_py/__init__.py -> /home/GTL/mgaddam/CS7630/ros2_ws/build/task_manager_client_py/build/lib/task_manager_client_py
[0.977s] copying task_manager_client_py/console.py -> /home/GTL/mgaddam/CS7630/ros2_ws/build/task_manager_client_py/build/lib/task_manager_client_py
[0.979s] running build_scripts
[0.980s] copying and adjusting task_manager_client_py/console.py -> /home/GTL/mgaddam/CS7630/ros2_ws/build/task_manager_client_py/build/scripts-3.10
[0.982s] copying node/console -> /home/GTL/mgaddam/CS7630/ros2_ws/build/task_manager_client_py/build/scripts-3.10
[0.984s] changing mode of /home/GTL/mgaddam/CS7630/ros2_ws/build/task_manager_client_py/build/scripts-3.10/console.py from 664 to 775
[0.984s] running install
[0.984s] /usr/lib/python3/dist-packages/setuptools/command/install.py:34: SetuptoolsDeprecationWarning: setup.py install is deprecated. Use build and pip and other standards-based tools.
[0.984s]   warnings.warn(
[0.984s] running install_lib
[0.987s] copying /home/GTL/mgaddam/CS7630/ros2_ws/build/task_manager_client_py/build/lib/task_manager_client_py/TaskClient.py -> /home/GTL/mgaddam/CS7630/ros2_ws/install/task_manager_client_py/lib/python3.10/site-packages/task_manager_client_py
[0.989s] copying /home/GTL/mgaddam/CS7630/ros2_ws/build/task_manager_client_py/build/lib/task_manager_client_py/tasklist.py -> /home/GTL/mgaddam/CS7630/ros2_ws/install/task_manager_client_py/lib/python3.10/site-packages/task_manager_client_py
[0.991s] copying /home/GTL/mgaddam/CS7630/ros2_ws/build/task_manager_client_py/build/lib/task_manager_client_py/__init__.py -> /home/GTL/mgaddam/CS7630/ros2_ws/install/task_manager_client_py/lib/python3.10/site-packages/task_manager_client_py
[0.992s] copying /home/GTL/mgaddam/CS7630/ros2_ws/build/task_manager_client_py/build/lib/task_manager_client_py/console.py -> /home/GTL/mgaddam/CS7630/ros2_ws/install/task_manager_client_py/lib/python3.10/site-packages/task_manager_client_py
[0.995s] byte-compiling /home/GTL/mgaddam/CS7630/ros2_ws/install/task_manager_client_py/lib/python3.10/site-packages/task_manager_client_py/TaskClient.py to TaskClient.cpython-310.pyc
[1.000s] byte-compiling /home/GTL/mgaddam/CS7630/ros2_ws/install/task_manager_client_py/lib/python3.10/site-packages/task_manager_client_py/tasklist.py to tasklist.cpython-310.pyc
[1.003s] byte-compiling /home/GTL/mgaddam/CS7630/ros2_ws/install/task_manager_client_py/lib/python3.10/site-packages/task_manager_client_py/__init__.py to __init__.cpython-310.pyc
[1.005s] byte-compiling /home/GTL/mgaddam/CS7630/ros2_ws/install/task_manager_client_py/lib/python3.10/site-packages/task_manager_client_py/console.py to console.cpython-310.pyc
[1.007s] running install_data
[1.009s] copying resource/task_manager_client_py -> /home/GTL/mgaddam/CS7630/ros2_ws/install/task_manager_client_py/share/ament_index/resource_index/packages
[1.010s] copying package.xml -> /home/GTL/mgaddam/CS7630/ros2_ws/install/task_manager_client_py/share/task_manager_client_py
[1.012s] running install_egg_info
[1.013s] removing '/home/GTL/mgaddam/CS7630/ros2_ws/install/task_manager_client_py/lib/python3.10/site-packages/task_manager_client_py-0.0.0-py3.10.egg-info' (and everything under it)
[1.014s] Copying ../../../../build/task_manager_client_py/task_manager_client_py.egg-info to /home/GTL/mgaddam/CS7630/ros2_ws/install/task_manager_client_py/lib/python3.10/site-packages/task_manager_client_py-0.0.0-py3.10.egg-info
[1.032s] running install_scripts
[1.046s] copying /home/GTL/mgaddam/CS7630/ros2_ws/build/task_manager_client_py/build/scripts-3.10/console -> /home/GTL/mgaddam/CS7630/ros2_ws/install/task_manager_client_py/lib/task_manager_client_py
[1.049s] copying /home/GTL/mgaddam/CS7630/ros2_ws/build/task_manager_client_py/build/scripts-3.10/console.py -> /home/GTL/mgaddam/CS7630/ros2_ws/install/task_manager_client_py/lib/task_manager_client_py
[1.051s] changing mode of /home/GTL/mgaddam/CS7630/ros2_ws/install/task_manager_client_py/lib/task_manager_client_py/console to 775
[1.051s] changing mode of /home/GTL/mgaddam/CS7630/ros2_ws/install/task_manager_client_py/lib/task_manager_client_py/console.py to 775
[1.053s] Installing tasklist script to /home/GTL/mgaddam/CS7630/ros2_ws/install/task_manager_client_py/lib/task_manager_client_py
[1.055s] writing list of installed files to '/home/GTL/mgaddam/CS7630/ros2_ws/build/task_manager_client_py/install.log'
[1.074s] Invoked command in '/home/GTL/mgaddam/CS7630/ros2_ws/src/ros_task_manager/src/task_manager_client_py' returned '0': AMENT_PREFIX_PATH=/home/GTL/mgaddam/CS7630/ros2_ws/install/task_manager_msgs:${AMENT_PREFIX_PATH} CMAKE_PREFIX_PATH=/home/GTL/mgaddam/CS7630/ros2_ws/install/task_manager_msgs:${CMAKE_PREFIX_PATH} LD_LIBRARY_PATH=/home/GTL/mgaddam/CS7630/ros2_ws/install/task_manager_msgs/lib:${LD_LIBRARY_PATH} PYTHONPATH=/home/GTL/mgaddam/CS7630/ros2_ws/build/task_manager_client_py/prefix_override:/home/GTL/mgaddam/CS7630/ros2_ws/install/task_manager_client_py/lib/python3.10/site-packages:/home/GTL/mgaddam/CS7630/ros2_ws/install/task_manager_msgs/local/lib/python3.10/dist-packages:${PYTHONPATH} /usr/bin/python3 setup.py egg_info --egg-base ../../../../build/task_manager_client_py build --build-base /home/GTL/mgaddam/CS7630/ros2_ws/build/task_manager_client_py/build install --record /home/GTL/mgaddam/CS7630/ros2_ws/build/task_manager_client_py/install.log --install-scripts $base/lib/task_manager_client_py --single-version-externally-managed
