[1.033s] Invoking command in '/home/GTL/mgaddam/CS7630/ros2_ws/build/task_manager_msgs': CMAKE_PREFIX_PATH=${CMAKE_PREFIX_PATH}:/home/GTL/mgaddam/CS7630/ros2_ws/install/wpa_cli:/home/GTL/mgaddam/CS7630/ros2_ws/install/vrep_ros_teleop:/home/GTL/mgaddam/CS7630/ros2_ws/install/task_manager_client_py:/home/GTL/mgaddam/CS7630/ros2_ws/install/ar_slam_base:/home/GTL/mgaddam/CS7630/ros2_ws/install/ar_loc_base:/home/GTL/mgaddam/CS7630/ros2_ws/install/rover_driver_base:/home/GTL/mgaddam/CS7630/ros2_ws/install/keyboard_teleop:/home/GTL/mgaddam/CS7630/ros2_ws/install/face_detect_base:/home/GTL/mgaddam/CS7630/ros2_ws/install/button_server:/home/GTL/mgaddam/CS7630/ros2_ws/install/ar_mapping_base:/opt/ros/humble /usr/bin/cmake --build /home/GTL/mgaddam/CS7630/ros2_ws/build/task_manager_msgs -- -j16 -l16
[2.287s] [  0%] Built target task_manager_msgs__cpp
[2.287s] [ 12%] Built target task_manager_msgs__rosidl_generator_c
[2.287s] [ 58%] Built target task_manager_msgs__rosidl_typesupport_cpp
[2.287s] [ 61%] Built target task_manager_msgs__rosidl_typesupport_fastrtps_cpp
[2.287s] [ 61%] Built target task_manager_msgs__rosidl_typesupport_introspection_cpp
[2.287s] [ 81%] Built target task_manager_msgs__rosidl_typesupport_introspection_c
[2.287s] [ 82%] Built target task_manager_msgs__rosidl_typesupport_fastrtps_c
[2.287s] [ 82%] Built target task_manager_msgs__rosidl_typesupport_c
[2.287s] [ 82%] Built target task_manager_msgs
[2.288s] [ 82%] Built target ament_cmake_python_copy_task_manager_msgs
[2.288s] [ 83%] Built target task_manager_msgs__py
[2.288s] [ 85%] Built target task_manager_msgs_encapsulate
[2.288s] [ 95%] Built target task_manager_msgs__rosidl_generator_py
[2.288s] [ 99%] Built target task_manager_msgs__rosidl_typesupport_fastrtps_c__pyext
[2.288s] [100%] Built target task_manager_msgs__rosidl_typesupport_introspection_c__pyext
[2.288s] [100%] Built target task_manager_msgs__rosidl_typesupport_c__pyext
[2.288s] running egg_info
[2.288s] writing task_manager_msgs.egg-info/PKG-INFO
[2.288s] writing dependency_links to task_manager_msgs.egg-info/dependency_links.txt
[2.288s] writing top-level names to task_manager_msgs.egg-info/top_level.txt
[2.288s] reading manifest file 'task_manager_msgs.egg-info/SOURCES.txt'
[2.288s] writing manifest file 'task_manager_msgs.egg-info/SOURCES.txt'
[2.288s] [100%] Built target ament_cmake_python_build_task_manager_msgs_egg
[2.290s] Invoked command in '/home/GTL/mgaddam/CS7630/ros2_ws/build/task_manager_msgs' returned '0': CMAKE_PREFIX_PATH=${CMAKE_PREFIX_PATH}:/home/GTL/mgaddam/CS7630/ros2_ws/install/wpa_cli:/home/GTL/mgaddam/CS7630/ros2_ws/install/vrep_ros_teleop:/home/GTL/mgaddam/CS7630/ros2_ws/install/task_manager_client_py:/home/GTL/mgaddam/CS7630/ros2_ws/install/ar_slam_base:/home/GTL/mgaddam/CS7630/ros2_ws/install/ar_loc_base:/home/GTL/mgaddam/CS7630/ros2_ws/install/rover_driver_base:/home/GTL/mgaddam/CS7630/ros2_ws/install/keyboard_teleop:/home/GTL/mgaddam/CS7630/ros2_ws/install/face_detect_base:/home/GTL/mgaddam/CS7630/ros2_ws/install/button_server:/home/GTL/mgaddam/CS7630/ros2_ws/install/ar_mapping_base:/opt/ros/humble /usr/bin/cmake --build /home/GTL/mgaddam/CS7630/ros2_ws/build/task_manager_msgs -- -j16 -l16
[2.634s] Invoking command in '/home/GTL/mgaddam/CS7630/ros2_ws/build/task_manager_msgs': CMAKE_PREFIX_PATH=${CMAKE_PREFIX_PATH}:/home/GTL/mgaddam/CS7630/ros2_ws/install/wpa_cli:/home/GTL/mgaddam/CS7630/ros2_ws/install/vrep_ros_teleop:/home/GTL/mgaddam/CS7630/ros2_ws/install/task_manager_client_py:/home/GTL/mgaddam/CS7630/ros2_ws/install/ar_slam_base:/home/GTL/mgaddam/CS7630/ros2_ws/install/ar_loc_base:/home/GTL/mgaddam/CS7630/ros2_ws/install/rover_driver_base:/home/GTL/mgaddam/CS7630/ros2_ws/install/keyboard_teleop:/home/GTL/mgaddam/CS7630/ros2_ws/install/face_detect_base:/home/GTL/mgaddam/CS7630/ros2_ws/install/button_server:/home/GTL/mgaddam/CS7630/ros2_ws/install/ar_mapping_base:/opt/ros/humble /usr/bin/cmake --install /home/GTL/mgaddam/CS7630/ros2_ws/build/task_manager_msgs
[2.645s] -- Install configuration: ""
[2.645s] -- Up-to-date: /home/GTL/mgaddam/CS7630/ros2_ws/install/task_manager_msgs/share/ament_index/resource_index/rosidl_interfaces/task_manager_msgs
[2.645s] -- Up-to-date: /home/GTL/mgaddam/CS7630/ros2_ws/install/task_manager_msgs/include/task_manager_msgs/task_manager_msgs
[2.645s] -- Up-to-date: /home/GTL/mgaddam/CS7630/ros2_ws/install/task_manager_msgs/include/task_manager_msgs/task_manager_msgs/msg
[2.645s] -- Up-to-date: /home/GTL/mgaddam/CS7630/ros2_ws/install/task_manager_msgs/include/task_manager_msgs/task_manager_msgs/msg/task_status.h
[2.645s] -- Up-to-date: /home/GTL/mgaddam/CS7630/ros2_ws/install/task_manager_msgs/include/task_manager_msgs/task_manager_msgs/msg/sync_status.h
[2.645s] -- Up-to-date: /home/GTL/mgaddam/CS7630/ros2_ws/install/task_manager_msgs/include/task_manager_msgs/task_manager_msgs/msg/detail
[2.645s] -- Up-to-date: /home/GTL/mgaddam/CS7630/ros2_ws/install/task_manager_msgs/include/task_manager_msgs/task_manager_msgs/msg/detail/task_parameter__functions.c
[2.645s] -- Up-to-date: /home/GTL/mgaddam/CS7630/ros2_ws/install/task_manager_msgs/include/task_manager_msgs/task_manager_msgs/msg/detail/task_description__struct.h
[2.645s] -- Up-to-date: /home/GTL/mgaddam/CS7630/ros2_ws/install/task_manager_msgs/include/task_manager_msgs/task_manager_msgs/msg/detail/task_description__type_support.h
[2.645s] -- Up-to-date: /home/GTL/mgaddam/CS7630/ros2_ws/install/task_manager_msgs/include/task_manager_msgs/task_manager_msgs/msg/detail/task_parameter__functions.h
[2.645s] -- Up-to-date: /home/GTL/mgaddam/CS7630/ros2_ws/install/task_manager_msgs/include/task_manager_msgs/task_manager_msgs/msg/detail/task_parameter__type_support.h
[2.645s] -- Up-to-date: /home/GTL/mgaddam/CS7630/ros2_ws/install/task_manager_msgs/include/task_manager_msgs/task_manager_msgs/msg/detail/sync_status__type_support.h
[2.645s] -- Up-to-date: /home/GTL/mgaddam/CS7630/ros2_ws/install/task_manager_msgs/include/task_manager_msgs/task_manager_msgs/msg/detail/task_config__struct.h
[2.645s] -- Up-to-date: /home/GTL/mgaddam/CS7630/ros2_ws/install/task_manager_msgs/include/task_manager_msgs/task_manager_msgs/msg/detail/encapsulated_message__functions.c
[2.645s] -- Up-to-date: /home/GTL/mgaddam/CS7630/ros2_ws/install/task_manager_msgs/include/task_manager_msgs/task_manager_msgs/msg/detail/task_description__functions.c
[2.645s] -- Up-to-date: /home/GTL/mgaddam/CS7630/ros2_ws/install/task_manager_msgs/include/task_manager_msgs/task_manager_msgs/msg/detail/task_config__type_support.h
[2.645s] -- Up-to-date: /home/GTL/mgaddam/CS7630/ros2_ws/install/task_manager_msgs/include/task_manager_msgs/task_manager_msgs/msg/detail/task_status__functions.c
[2.646s] -- Up-to-date: /home/GTL/mgaddam/CS7630/ros2_ws/install/task_manager_msgs/include/task_manager_msgs/task_manager_msgs/msg/detail/encapsulated_message__functions.h
[2.646s] -- Up-to-date: /home/GTL/mgaddam/CS7630/ros2_ws/install/task_manager_msgs/include/task_manager_msgs/task_manager_msgs/msg/detail/task_status__struct.h
[2.649s] -- Up-to-date: /home/GTL/mgaddam/CS7630/ros2_ws/install/task_manager_msgs/include/task_manager_msgs/task_manager_msgs/msg/detail/task_config__functions.h
[2.649s] -- Up-to-date: /home/GTL/mgaddam/CS7630/ros2_ws/install/task_manager_msgs/include/task_manager_msgs/task_manager_msgs/msg/detail/encapsulated_message__type_support.h
[2.649s] -- Up-to-date: /home/GTL/mgaddam/CS7630/ros2_ws/install/task_manager_msgs/include/task_manager_msgs/task_manager_msgs/msg/detail/sync_status__struct.h
[2.649s] -- Up-to-date: /home/GTL/mgaddam/CS7630/ros2_ws/install/task_manager_msgs/include/task_manager_msgs/task_manager_msgs/msg/detail/task_parameter__struct.h
[2.650s] -- Up-to-date: /home/GTL/mgaddam/CS7630/ros2_ws/install/task_manager_msgs/include/task_manager_msgs/task_manager_msgs/msg/detail/task_config__functions.c
[2.650s] -- Up-to-date: /home/GTL/mgaddam/CS7630/ros2_ws/install/task_manager_msgs/include/task_manager_msgs/task_manager_msgs/msg/detail/sync_status__functions.c
[2.650s] -- Up-to-date: /home/GTL/mgaddam/CS7630/ros2_ws/install/task_manager_msgs/include/task_manager_msgs/task_manager_msgs/msg/detail/task_status__type_support.h
[2.650s] -- Up-to-date: /home/GTL/mgaddam/CS7630/ros2_ws/install/task_manager_msgs/include/task_manager_msgs/task_manager_msgs/msg/detail/task_description__functions.h
[2.650s] -- Up-to-date: /home/GTL/mgaddam/CS7630/ros2_ws/install/task_manager_msgs/include/task_manager_msgs/task_manager_msgs/msg/detail/sync_status__functions.h
[2.650s] -- Up-to-date: /home/GTL/mgaddam/CS7630/ros2_ws/install/task_manager_msgs/include/task_manager_msgs/task_manager_msgs/msg/detail/encapsulated_message__struct.h
[2.650s] -- Up-to-date: /home/GTL/mgaddam/CS7630/ros2_ws/install/task_manager_msgs/include/task_manager_msgs/task_manager_msgs/msg/detail/task_status__functions.h
[2.650s] -- Up-to-date: /home/GTL/mgaddam/CS7630/ros2_ws/install/task_manager_msgs/include/task_manager_msgs/task_manager_msgs/msg/rosidl_generator_c__visibility_control.h
[2.651s] -- Up-to-date: /home/GTL/mgaddam/CS7630/ros2_ws/install/task_manager_msgs/include/task_manager_msgs/task_manager_msgs/msg/encapsulated_message.h
[2.651s] -- Up-to-date: /home/GTL/mgaddam/CS7630/ros2_ws/install/task_manager_msgs/include/task_manager_msgs/task_manager_msgs/msg/task_parameter.h
[2.651s] -- Up-to-date: /home/GTL/mgaddam/CS7630/ros2_ws/install/task_manager_msgs/include/task_manager_msgs/task_manager_msgs/msg/task_description.h
[2.651s] -- Up-to-date: /home/GTL/mgaddam/CS7630/ros2_ws/install/task_manager_msgs/include/task_manager_msgs/task_manager_msgs/msg/task_config.h
[2.651s] -- Up-to-date: /home/GTL/mgaddam/CS7630/ros2_ws/install/task_manager_msgs/include/task_manager_msgs/task_manager_msgs/srv
[2.651s] -- Up-to-date: /home/GTL/mgaddam/CS7630/ros2_ws/install/task_manager_msgs/include/task_manager_msgs/task_manager_msgs/srv/stop_task.h
[2.651s] -- Up-to-date: /home/GTL/mgaddam/CS7630/ros2_ws/install/task_manager_msgs/include/task_manager_msgs/task_manager_msgs/srv/detail
[2.656s] -- Up-to-date: /home/GTL/mgaddam/CS7630/ros2_ws/install/task_manager_msgs/include/task_manager_msgs/task_manager_msgs/srv/detail/stop_task__functions.c
[2.656s] -- Up-to-date: /home/GTL/mgaddam/CS7630/ros2_ws/install/task_manager_msgs/include/task_manager_msgs/task_manager_msgs/srv/detail/get_task_list__struct.h
[2.656s] -- Up-to-date: /home/GTL/mgaddam/CS7630/ros2_ws/install/task_manager_msgs/include/task_manager_msgs/task_manager_msgs/srv/detail/get_all_task_status__functions.h
[2.658s] -- Up-to-date: /home/GTL/mgaddam/CS7630/ros2_ws/install/task_manager_msgs/include/task_manager_msgs/task_manager_msgs/srv/detail/stop_task__struct.h
[2.658s] -- Up-to-date: /home/GTL/mgaddam/CS7630/ros2_ws/install/task_manager_msgs/include/task_manager_msgs/task_manager_msgs/srv/detail/start_task__functions.c
[2.658s] -- Up-to-date: /home/GTL/mgaddam/CS7630/ros2_ws/install/task_manager_msgs/include/task_manager_msgs/task_manager_msgs/srv/detail/get_all_task_status__type_support.h
[2.658s] -- Up-to-date: /home/GTL/mgaddam/CS7630/ros2_ws/install/task_manager_msgs/include/task_manager_msgs/task_manager_msgs/srv/detail/get_all_task_status__functions.c
[2.658s] -- Up-to-date: /home/GTL/mgaddam/CS7630/ros2_ws/install/task_manager_msgs/include/task_manager_msgs/task_manager_msgs/srv/detail/get_task_list__functions.c
[2.658s] -- Up-to-date: /home/GTL/mgaddam/CS7630/ros2_ws/install/task_manager_msgs/include/task_manager_msgs/task_manager_msgs/srv/detail/get_task_list__functions.h
[2.658s] -- Up-to-date: /home/GTL/mgaddam/CS7630/ros2_ws/install/task_manager_msgs/include/task_manager_msgs/task_manager_msgs/srv/detail/start_task__struct.h
[2.658s] -- Up-to-date: /home/GTL/mgaddam/CS7630/ros2_ws/install/task_manager_msgs/include/task_manager_msgs/task_manager_msgs/srv/detail/stop_task__functions.h
[2.658s] -- Up-to-date: /home/GTL/mgaddam/CS7630/ros2_ws/install/task_manager_msgs/include/task_manager_msgs/task_manager_msgs/srv/detail/get_task_list__type_support.h
[2.658s] -- Up-to-date: /home/GTL/mgaddam/CS7630/ros2_ws/install/task_manager_msgs/include/task_manager_msgs/task_manager_msgs/srv/detail/get_all_task_status__struct.h
[2.658s] -- Up-to-date: /home/GTL/mgaddam/CS7630/ros2_ws/install/task_manager_msgs/include/task_manager_msgs/task_manager_msgs/srv/detail/stop_task__type_support.h
[2.658s] -- Up-to-date: /home/GTL/mgaddam/CS7630/ros2_ws/install/task_manager_msgs/include/task_manager_msgs/task_manager_msgs/srv/detail/start_task__type_support.h
[2.659s] -- Up-to-date: /home/GTL/mgaddam/CS7630/ros2_ws/install/task_manager_msgs/include/task_manager_msgs/task_manager_msgs/srv/detail/start_task__functions.h
[2.659s] -- Up-to-date: /home/GTL/mgaddam/CS7630/ros2_ws/install/task_manager_msgs/include/task_manager_msgs/task_manager_msgs/srv/get_task_list.h
[2.659s] -- Up-to-date: /home/GTL/mgaddam/CS7630/ros2_ws/install/task_manager_msgs/include/task_manager_msgs/task_manager_msgs/srv/start_task.h
[2.659s] -- Up-to-date: /home/GTL/mgaddam/CS7630/ros2_ws/install/task_manager_msgs/include/task_manager_msgs/task_manager_msgs/srv/get_all_task_status.h
[2.659s] -- Up-to-date: /home/GTL/mgaddam/CS7630/ros2_ws/install/task_manager_msgs/share/task_manager_msgs/environment/library_path.sh
[2.659s] -- Up-to-date: /home/GTL/mgaddam/CS7630/ros2_ws/install/task_manager_msgs/share/task_manager_msgs/environment/library_path.dsv
[2.659s] -- Up-to-date: /home/GTL/mgaddam/CS7630/ros2_ws/install/task_manager_msgs/lib/libtask_manager_msgs__rosidl_generator_c.so
[2.666s] -- Up-to-date: /home/GTL/mgaddam/CS7630/ros2_ws/install/task_manager_msgs/include/task_manager_msgs/task_manager_msgs
[2.667s] -- Up-to-date: /home/GTL/mgaddam/CS7630/ros2_ws/install/task_manager_msgs/include/task_manager_msgs/task_manager_msgs/msg
[2.668s] -- Up-to-date: /home/GTL/mgaddam/CS7630/ros2_ws/install/task_manager_msgs/include/task_manager_msgs/task_manager_msgs/msg/detail
[2.668s] -- Up-to-date: /home/GTL/mgaddam/CS7630/ros2_ws/install/task_manager_msgs/include/task_manager_msgs/task_manager_msgs/msg/detail/task_config__rosidl_typesupport_fastrtps_c.h
[2.668s] -- Up-to-date: /home/GTL/mgaddam/CS7630/ros2_ws/install/task_manager_msgs/include/task_manager_msgs/task_manager_msgs/msg/detail/sync_status__rosidl_typesupport_fastrtps_c.h
[2.668s] -- Up-to-date: /home/GTL/mgaddam/CS7630/ros2_ws/install/task_manager_msgs/include/task_manager_msgs/task_manager_msgs/msg/detail/task_description__rosidl_typesupport_fastrtps_c.h
[2.668s] -- Up-to-date: /home/GTL/mgaddam/CS7630/ros2_ws/install/task_manager_msgs/include/task_manager_msgs/task_manager_msgs/msg/detail/task_status__rosidl_typesupport_fastrtps_c.h
[2.668s] -- Up-to-date: /home/GTL/mgaddam/CS7630/ros2_ws/install/task_manager_msgs/include/task_manager_msgs/task_manager_msgs/msg/detail/encapsulated_message__rosidl_typesupport_fastrtps_c.h
[2.668s] -- Up-to-date: /home/GTL/mgaddam/CS7630/ros2_ws/install/task_manager_msgs/include/task_manager_msgs/task_manager_msgs/msg/detail/task_parameter__rosidl_typesupport_fastrtps_c.h
[2.668s] -- Up-to-date: /home/GTL/mgaddam/CS7630/ros2_ws/install/task_manager_msgs/include/task_manager_msgs/task_manager_msgs/msg/rosidl_typesupport_fastrtps_c__visibility_control.h
[2.668s] -- Up-to-date: /home/GTL/mgaddam/CS7630/ros2_ws/install/task_manager_msgs/include/task_manager_msgs/task_manager_msgs/srv
[2.668s] -- Up-to-date: /home/GTL/mgaddam/CS7630/ros2_ws/install/task_manager_msgs/include/task_manager_msgs/task_manager_msgs/srv/detail
[2.668s] -- Up-to-date: /home/GTL/mgaddam/CS7630/ros2_ws/install/task_manager_msgs/include/task_manager_msgs/task_manager_msgs/srv/detail/get_all_task_status__rosidl_typesupport_fastrtps_c.h
[2.668s] -- Up-to-date: /home/GTL/mgaddam/CS7630/ros2_ws/install/task_manager_msgs/include/task_manager_msgs/task_manager_msgs/srv/detail/start_task__rosidl_typesupport_fastrtps_c.h
[2.669s] -- Up-to-date: /home/GTL/mgaddam/CS7630/ros2_ws/install/task_manager_msgs/include/task_manager_msgs/task_manager_msgs/srv/detail/get_task_list__rosidl_typesupport_fastrtps_c.h
[2.669s] -- Up-to-date: /home/GTL/mgaddam/CS7630/ros2_ws/install/task_manager_msgs/include/task_manager_msgs/task_manager_msgs/srv/detail/stop_task__rosidl_typesupport_fastrtps_c.h
[2.670s] -- Up-to-date: /home/GTL/mgaddam/CS7630/ros2_ws/install/task_manager_msgs/lib/libtask_manager_msgs__rosidl_typesupport_fastrtps_c.so
[2.671s] -- Up-to-date: /home/GTL/mgaddam/CS7630/ros2_ws/install/task_manager_msgs/include/task_manager_msgs/task_manager_msgs
[2.671s] -- Up-to-date: /home/GTL/mgaddam/CS7630/ros2_ws/install/task_manager_msgs/include/task_manager_msgs/task_manager_msgs/msg
[2.671s] -- Up-to-date: /home/GTL/mgaddam/CS7630/ros2_ws/install/task_manager_msgs/include/task_manager_msgs/task_manager_msgs/msg/sync_status.hpp
[2.672s] -- Up-to-date: /home/GTL/mgaddam/CS7630/ros2_ws/install/task_manager_msgs/include/task_manager_msgs/task_manager_msgs/msg/encapsulated_message.hpp
[2.672s] -- Up-to-date: /home/GTL/mgaddam/CS7630/ros2_ws/install/task_manager_msgs/include/task_manager_msgs/task_manager_msgs/msg/detail
[2.672s] -- Up-to-date: /home/GTL/mgaddam/CS7630/ros2_ws/install/task_manager_msgs/include/task_manager_msgs/task_manager_msgs/msg/detail/encapsulated_message__struct.hpp
[2.672s] -- Up-to-date: /home/GTL/mgaddam/CS7630/ros2_ws/install/task_manager_msgs/include/task_manager_msgs/task_manager_msgs/msg/detail/task_config__traits.hpp
[2.672s] -- Up-to-date: /home/GTL/mgaddam/CS7630/ros2_ws/install/task_manager_msgs/include/task_manager_msgs/task_manager_msgs/msg/detail/sync_status__builder.hpp
[2.673s] -- Up-to-date: /home/GTL/mgaddam/CS7630/ros2_ws/install/task_manager_msgs/include/task_manager_msgs/task_manager_msgs/msg/detail/sync_status__traits.hpp
[2.673s] -- Up-to-date: /home/GTL/mgaddam/CS7630/ros2_ws/install/task_manager_msgs/include/task_manager_msgs/task_manager_msgs/msg/detail/task_config__builder.hpp
[2.673s] -- Up-to-date: /home/GTL/mgaddam/CS7630/ros2_ws/install/task_manager_msgs/include/task_manager_msgs/task_manager_msgs/msg/detail/task_status__builder.hpp
[2.673s] -- Up-to-date: /home/GTL/mgaddam/CS7630/ros2_ws/install/task_manager_msgs/include/task_manager_msgs/task_manager_msgs/msg/detail/task_description__struct.hpp
[2.673s] -- Up-to-date: /home/GTL/mgaddam/CS7630/ros2_ws/install/task_manager_msgs/include/task_manager_msgs/task_manager_msgs/msg/detail/encapsulated_message__traits.hpp
[2.674s] -- Up-to-date: /home/GTL/mgaddam/CS7630/ros2_ws/install/task_manager_msgs/include/task_manager_msgs/task_manager_msgs/msg/detail/encapsulated_message__builder.hpp
[2.674s] -- Up-to-date: /home/GTL/mgaddam/CS7630/ros2_ws/install/task_manager_msgs/include/task_manager_msgs/task_manager_msgs/msg/detail/task_config__struct.hpp
[2.674s] -- Up-to-date: /home/GTL/mgaddam/CS7630/ros2_ws/install/task_manager_msgs/include/task_manager_msgs/task_manager_msgs/msg/detail/sync_status__struct.hpp
[2.674s] -- Up-to-date: /home/GTL/mgaddam/CS7630/ros2_ws/install/task_manager_msgs/include/task_manager_msgs/task_manager_msgs/msg/detail/task_status__struct.hpp
[2.675s] -- Up-to-date: /home/GTL/mgaddam/CS7630/ros2_ws/install/task_manager_msgs/include/task_manager_msgs/task_manager_msgs/msg/detail/task_status__traits.hpp
[2.675s] -- Up-to-date: /home/GTL/mgaddam/CS7630/ros2_ws/install/task_manager_msgs/include/task_manager_msgs/task_manager_msgs/msg/detail/task_description__traits.hpp
[2.675s] -- Up-to-date: /home/GTL/mgaddam/CS7630/ros2_ws/install/task_manager_msgs/include/task_manager_msgs/task_manager_msgs/msg/detail/task_description__builder.hpp
[2.675s] -- Up-to-date: /home/GTL/mgaddam/CS7630/ros2_ws/install/task_manager_msgs/include/task_manager_msgs/task_manager_msgs/msg/detail/task_parameter__traits.hpp
[2.676s] -- Up-to-date: /home/GTL/mgaddam/CS7630/ros2_ws/install/task_manager_msgs/include/task_manager_msgs/task_manager_msgs/msg/detail/task_parameter__builder.hpp
[2.676s] -- Up-to-date: /home/GTL/mgaddam/CS7630/ros2_ws/install/task_manager_msgs/include/task_manager_msgs/task_manager_msgs/msg/detail/task_parameter__struct.hpp
[2.677s] -- Up-to-date: /home/GTL/mgaddam/CS7630/ros2_ws/install/task_manager_msgs/include/task_manager_msgs/task_manager_msgs/msg/task_config.hpp
[2.677s] -- Up-to-date: /home/GTL/mgaddam/CS7630/ros2_ws/install/task_manager_msgs/include/task_manager_msgs/task_manager_msgs/msg/task_parameter.hpp
[2.677s] -- Up-to-date: /home/GTL/mgaddam/CS7630/ros2_ws/install/task_manager_msgs/include/task_manager_msgs/task_manager_msgs/msg/task_status.hpp
[2.677s] -- Up-to-date: /home/GTL/mgaddam/CS7630/ros2_ws/install/task_manager_msgs/include/task_manager_msgs/task_manager_msgs/msg/task_description.hpp
[2.678s] -- Up-to-date: /home/GTL/mgaddam/CS7630/ros2_ws/install/task_manager_msgs/include/task_manager_msgs/task_manager_msgs/srv
[2.678s] -- Up-to-date: /home/GTL/mgaddam/CS7630/ros2_ws/install/task_manager_msgs/include/task_manager_msgs/task_manager_msgs/srv/get_task_list.hpp
[2.678s] -- Up-to-date: /home/GTL/mgaddam/CS7630/ros2_ws/install/task_manager_msgs/include/task_manager_msgs/task_manager_msgs/srv/stop_task.hpp
[2.679s] -- Up-to-date: /home/GTL/mgaddam/CS7630/ros2_ws/install/task_manager_msgs/include/task_manager_msgs/task_manager_msgs/srv/detail
[2.679s] -- Up-to-date: /home/GTL/mgaddam/CS7630/ros2_ws/install/task_manager_msgs/include/task_manager_msgs/task_manager_msgs/srv/detail/stop_task__traits.hpp
[2.680s] -- Up-to-date: /home/GTL/mgaddam/CS7630/ros2_ws/install/task_manager_msgs/include/task_manager_msgs/task_manager_msgs/srv/detail/get_all_task_status__struct.hpp
[2.680s] -- Up-to-date: /home/GTL/mgaddam/CS7630/ros2_ws/install/task_manager_msgs/include/task_manager_msgs/task_manager_msgs/srv/detail/start_task__builder.hpp
[2.680s] -- Up-to-date: /home/GTL/mgaddam/CS7630/ros2_ws/install/task_manager_msgs/include/task_manager_msgs/task_manager_msgs/srv/detail/get_task_list__struct.hpp
[2.680s] -- Up-to-date: /home/GTL/mgaddam/CS7630/ros2_ws/install/task_manager_msgs/include/task_manager_msgs/task_manager_msgs/srv/detail/get_all_task_status__builder.hpp
[2.681s] -- Up-to-date: /home/GTL/mgaddam/CS7630/ros2_ws/install/task_manager_msgs/include/task_manager_msgs/task_manager_msgs/srv/detail/stop_task__struct.hpp
[2.681s] -- Up-to-date: /home/GTL/mgaddam/CS7630/ros2_ws/install/task_manager_msgs/include/task_manager_msgs/task_manager_msgs/srv/detail/start_task__traits.hpp
[2.681s] -- Up-to-date: /home/GTL/mgaddam/CS7630/ros2_ws/install/task_manager_msgs/include/task_manager_msgs/task_manager_msgs/srv/detail/stop_task__builder.hpp
[2.681s] -- Up-to-date: /home/GTL/mgaddam/CS7630/ros2_ws/install/task_manager_msgs/include/task_manager_msgs/task_manager_msgs/srv/detail/start_task__struct.hpp
[2.681s] -- Up-to-date: /home/GTL/mgaddam/CS7630/ros2_ws/install/task_manager_msgs/include/task_manager_msgs/task_manager_msgs/srv/detail/get_task_list__traits.hpp
[2.682s] -- Up-to-date: /home/GTL/mgaddam/CS7630/ros2_ws/install/task_manager_msgs/include/task_manager_msgs/task_manager_msgs/srv/detail/get_all_task_status__traits.hpp
[2.682s] -- Up-to-date: /home/GTL/mgaddam/CS7630/ros2_ws/install/task_manager_msgs/include/task_manager_msgs/task_manager_msgs/srv/detail/get_task_list__builder.hpp
[2.682s] -- Up-to-date: /home/GTL/mgaddam/CS7630/ros2_ws/install/task_manager_msgs/include/task_manager_msgs/task_manager_msgs/srv/start_task.hpp
[2.682s] -- Up-to-date: /home/GTL/mgaddam/CS7630/ros2_ws/install/task_manager_msgs/include/task_manager_msgs/task_manager_msgs/srv/get_all_task_status.hpp
[2.683s] -- Up-to-date: /home/GTL/mgaddam/CS7630/ros2_ws/install/task_manager_msgs/include/task_manager_msgs/task_manager_msgs
[2.683s] -- Up-to-date: /home/GTL/mgaddam/CS7630/ros2_ws/install/task_manager_msgs/include/task_manager_msgs/task_manager_msgs/msg
[2.684s] -- Up-to-date: /home/GTL/mgaddam/CS7630/ros2_ws/install/task_manager_msgs/include/task_manager_msgs/task_manager_msgs/msg/detail
[2.685s] -- Up-to-date: /home/GTL/mgaddam/CS7630/ros2_ws/install/task_manager_msgs/include/task_manager_msgs/task_manager_msgs/msg/detail/task_config__rosidl_typesupport_fastrtps_cpp.hpp
[2.685s] -- Up-to-date: /home/GTL/mgaddam/CS7630/ros2_ws/install/task_manager_msgs/include/task_manager_msgs/task_manager_msgs/msg/detail/dds_fastrtps
[2.685s] -- Up-to-date: /home/GTL/mgaddam/CS7630/ros2_ws/install/task_manager_msgs/include/task_manager_msgs/task_manager_msgs/msg/detail/encapsulated_message__rosidl_typesupport_fastrtps_cpp.hpp
[2.686s] -- Up-to-date: /home/GTL/mgaddam/CS7630/ros2_ws/install/task_manager_msgs/include/task_manager_msgs/task_manager_msgs/msg/detail/task_description__rosidl_typesupport_fastrtps_cpp.hpp
[2.686s] -- Up-to-date: /home/GTL/mgaddam/CS7630/ros2_ws/install/task_manager_msgs/include/task_manager_msgs/task_manager_msgs/msg/detail/task_status__rosidl_typesupport_fastrtps_cpp.hpp
[2.686s] -- Up-to-date: /home/GTL/mgaddam/CS7630/ros2_ws/install/task_manager_msgs/include/task_manager_msgs/task_manager_msgs/msg/detail/sync_status__rosidl_typesupport_fastrtps_cpp.hpp
[2.686s] -- Up-to-date: /home/GTL/mgaddam/CS7630/ros2_ws/install/task_manager_msgs/include/task_manager_msgs/task_manager_msgs/msg/detail/task_parameter__rosidl_typesupport_fastrtps_cpp.hpp
[2.686s] -- Up-to-date: /home/GTL/mgaddam/CS7630/ros2_ws/install/task_manager_msgs/include/task_manager_msgs/task_manager_msgs/msg/rosidl_typesupport_fastrtps_cpp__visibility_control.h
[2.687s] -- Up-to-date: /home/GTL/mgaddam/CS7630/ros2_ws/install/task_manager_msgs/include/task_manager_msgs/task_manager_msgs/srv
[2.687s] -- Up-to-date: /home/GTL/mgaddam/CS7630/ros2_ws/install/task_manager_msgs/include/task_manager_msgs/task_manager_msgs/srv/detail
[2.688s] -- Up-to-date: /home/GTL/mgaddam/CS7630/ros2_ws/install/task_manager_msgs/include/task_manager_msgs/task_manager_msgs/srv/detail/get_task_list__rosidl_typesupport_fastrtps_cpp.hpp
[2.688s] -- Up-to-date: /home/GTL/mgaddam/CS7630/ros2_ws/install/task_manager_msgs/include/task_manager_msgs/task_manager_msgs/srv/detail/start_task__rosidl_typesupport_fastrtps_cpp.hpp
[2.688s] -- Up-to-date: /home/GTL/mgaddam/CS7630/ros2_ws/install/task_manager_msgs/include/task_manager_msgs/task_manager_msgs/srv/detail/get_all_task_status__rosidl_typesupport_fastrtps_cpp.hpp
[2.689s] -- Up-to-date: /home/GTL/mgaddam/CS7630/ros2_ws/install/task_manager_msgs/include/task_manager_msgs/task_manager_msgs/srv/detail/dds_fastrtps
[2.689s] -- Up-to-date: /home/GTL/mgaddam/CS7630/ros2_ws/install/task_manager_msgs/include/task_manager_msgs/task_manager_msgs/srv/detail/stop_task__rosidl_typesupport_fastrtps_cpp.hpp
[2.691s] -- Up-to-date: /home/GTL/mgaddam/CS7630/ros2_ws/install/task_manager_msgs/lib/libtask_manager_msgs__rosidl_typesupport_fastrtps_cpp.so
[2.693s] -- Up-to-date: /home/GTL/mgaddam/CS7630/ros2_ws/install/task_manager_msgs/include/task_manager_msgs/task_manager_msgs
[2.694s] -- Up-to-date: /home/GTL/mgaddam/CS7630/ros2_ws/install/task_manager_msgs/include/task_manager_msgs/task_manager_msgs/msg
[2.694s] -- Up-to-date: /home/GTL/mgaddam/CS7630/ros2_ws/install/task_manager_msgs/include/task_manager_msgs/task_manager_msgs/msg/detail
[2.695s] -- Up-to-date: /home/GTL/mgaddam/CS7630/ros2_ws/install/task_manager_msgs/include/task_manager_msgs/task_manager_msgs/msg/detail/task_parameter__type_support.c
[2.695s] -- Up-to-date: /home/GTL/mgaddam/CS7630/ros2_ws/install/task_manager_msgs/include/task_manager_msgs/task_manager_msgs/msg/detail/task_parameter__rosidl_typesupport_introspection_c.h
[2.695s] -- Up-to-date: /home/GTL/mgaddam/CS7630/ros2_ws/install/task_manager_msgs/include/task_manager_msgs/task_manager_msgs/msg/detail/encapsulated_message__rosidl_typesupport_introspection_c.h
[2.696s] -- Up-to-date: /home/GTL/mgaddam/CS7630/ros2_ws/install/task_manager_msgs/include/task_manager_msgs/task_manager_msgs/msg/detail/sync_status__type_support.c
[2.696s] -- Up-to-date: /home/GTL/mgaddam/CS7630/ros2_ws/install/task_manager_msgs/include/task_manager_msgs/task_manager_msgs/msg/detail/task_description__type_support.c
[2.696s] -- Up-to-date: /home/GTL/mgaddam/CS7630/ros2_ws/install/task_manager_msgs/include/task_manager_msgs/task_manager_msgs/msg/detail/sync_status__rosidl_typesupport_introspection_c.h
[2.696s] -- Up-to-date: /home/GTL/mgaddam/CS7630/ros2_ws/install/task_manager_msgs/include/task_manager_msgs/task_manager_msgs/msg/detail/task_config__type_support.c
[2.696s] -- Up-to-date: /home/GTL/mgaddam/CS7630/ros2_ws/install/task_manager_msgs/include/task_manager_msgs/task_manager_msgs/msg/detail/task_description__rosidl_typesupport_introspection_c.h
[2.697s] -- Up-to-date: /home/GTL/mgaddam/CS7630/ros2_ws/install/task_manager_msgs/include/task_manager_msgs/task_manager_msgs/msg/detail/task_status__rosidl_typesupport_introspection_c.h
[2.697s] -- Up-to-date: /home/GTL/mgaddam/CS7630/ros2_ws/install/task_manager_msgs/include/task_manager_msgs/task_manager_msgs/msg/detail/task_config__rosidl_typesupport_introspection_c.h
[2.697s] -- Up-to-date: /home/GTL/mgaddam/CS7630/ros2_ws/install/task_manager_msgs/include/task_manager_msgs/task_manager_msgs/msg/detail/task_status__type_support.c
[2.698s] -- Up-to-date: /home/GTL/mgaddam/CS7630/ros2_ws/install/task_manager_msgs/include/task_manager_msgs/task_manager_msgs/msg/detail/encapsulated_message__type_support.c
[2.698s] -- Up-to-date: /home/GTL/mgaddam/CS7630/ros2_ws/install/task_manager_msgs/include/task_manager_msgs/task_manager_msgs/msg/rosidl_typesupport_introspection_c__visibility_control.h
[2.698s] -- Up-to-date: /home/GTL/mgaddam/CS7630/ros2_ws/install/task_manager_msgs/include/task_manager_msgs/task_manager_msgs/srv
[2.699s] -- Up-to-date: /home/GTL/mgaddam/CS7630/ros2_ws/install/task_manager_msgs/include/task_manager_msgs/task_manager_msgs/srv/detail
[2.699s] -- Up-to-date: /home/GTL/mgaddam/CS7630/ros2_ws/install/task_manager_msgs/include/task_manager_msgs/task_manager_msgs/srv/detail/start_task__type_support.c
[2.699s] -- Up-to-date: /home/GTL/mgaddam/CS7630/ros2_ws/install/task_manager_msgs/include/task_manager_msgs/task_manager_msgs/srv/detail/get_all_task_status__rosidl_typesupport_introspection_c.h
[2.700s] -- Up-to-date: /home/GTL/mgaddam/CS7630/ros2_ws/install/task_manager_msgs/include/task_manager_msgs/task_manager_msgs/srv/detail/get_all_task_status__type_support.c
[2.700s] -- Up-to-date: /home/GTL/mgaddam/CS7630/ros2_ws/install/task_manager_msgs/include/task_manager_msgs/task_manager_msgs/srv/detail/start_task__rosidl_typesupport_introspection_c.h
[2.700s] -- Up-to-date: /home/GTL/mgaddam/CS7630/ros2_ws/install/task_manager_msgs/include/task_manager_msgs/task_manager_msgs/srv/detail/stop_task__type_support.c
[2.700s] -- Up-to-date: /home/GTL/mgaddam/CS7630/ros2_ws/install/task_manager_msgs/include/task_manager_msgs/task_manager_msgs/srv/detail/get_task_list__rosidl_typesupport_introspection_c.h
[2.701s] -- Up-to-date: /home/GTL/mgaddam/CS7630/ros2_ws/install/task_manager_msgs/include/task_manager_msgs/task_manager_msgs/srv/detail/stop_task__rosidl_typesupport_introspection_c.h
[2.701s] -- Up-to-date: /home/GTL/mgaddam/CS7630/ros2_ws/install/task_manager_msgs/include/task_manager_msgs/task_manager_msgs/srv/detail/get_task_list__type_support.c
[2.702s] -- Up-to-date: /home/GTL/mgaddam/CS7630/ros2_ws/install/task_manager_msgs/lib/libtask_manager_msgs__rosidl_typesupport_introspection_c.so
[2.705s] -- Up-to-date: /home/GTL/mgaddam/CS7630/ros2_ws/install/task_manager_msgs/lib/libtask_manager_msgs__rosidl_typesupport_c.so
[2.708s] -- Up-to-date: /home/GTL/mgaddam/CS7630/ros2_ws/install/task_manager_msgs/include/task_manager_msgs/task_manager_msgs
[2.709s] -- Up-to-date: /home/GTL/mgaddam/CS7630/ros2_ws/install/task_manager_msgs/include/task_manager_msgs/task_manager_msgs/msg
[2.709s] -- Up-to-date: /home/GTL/mgaddam/CS7630/ros2_ws/install/task_manager_msgs/include/task_manager_msgs/task_manager_msgs/msg/detail
[2.710s] -- Up-to-date: /home/GTL/mgaddam/CS7630/ros2_ws/install/task_manager_msgs/include/task_manager_msgs/task_manager_msgs/msg/detail/task_parameter__rosidl_typesupport_introspection_cpp.hpp
[2.710s] -- Up-to-date: /home/GTL/mgaddam/CS7630/ros2_ws/install/task_manager_msgs/include/task_manager_msgs/task_manager_msgs/msg/detail/encapsulated_message__rosidl_typesupport_introspection_cpp.hpp
[2.710s] -- Up-to-date: /home/GTL/mgaddam/CS7630/ros2_ws/install/task_manager_msgs/include/task_manager_msgs/task_manager_msgs/msg/detail/task_status__rosidl_typesupport_introspection_cpp.hpp
[2.711s] -- Up-to-date: /home/GTL/mgaddam/CS7630/ros2_ws/install/task_manager_msgs/include/task_manager_msgs/task_manager_msgs/msg/detail/encapsulated_message__type_support.cpp
[2.711s] -- Up-to-date: /home/GTL/mgaddam/CS7630/ros2_ws/install/task_manager_msgs/include/task_manager_msgs/task_manager_msgs/msg/detail/sync_status__type_support.cpp
[2.711s] -- Up-to-date: /home/GTL/mgaddam/CS7630/ros2_ws/install/task_manager_msgs/include/task_manager_msgs/task_manager_msgs/msg/detail/sync_status__rosidl_typesupport_introspection_cpp.hpp
[2.711s] -- Up-to-date: /home/GTL/mgaddam/CS7630/ros2_ws/install/task_manager_msgs/include/task_manager_msgs/task_manager_msgs/msg/detail/task_description__rosidl_typesupport_introspection_cpp.hpp
[2.712s] -- Up-to-date: /home/GTL/mgaddam/CS7630/ros2_ws/install/task_manager_msgs/include/task_manager_msgs/task_manager_msgs/msg/detail/task_config__type_support.cpp
[2.712s] -- Up-to-date: /home/GTL/mgaddam/CS7630/ros2_ws/install/task_manager_msgs/include/task_manager_msgs/task_manager_msgs/msg/detail/task_description__type_support.cpp
[2.712s] -- Up-to-date: /home/GTL/mgaddam/CS7630/ros2_ws/install/task_manager_msgs/include/task_manager_msgs/task_manager_msgs/msg/detail/task_config__rosidl_typesupport_introspection_cpp.hpp
[2.712s] -- Up-to-date: /home/GTL/mgaddam/CS7630/ros2_ws/install/task_manager_msgs/include/task_manager_msgs/task_manager_msgs/msg/detail/task_status__type_support.cpp
[2.713s] -- Up-to-date: /home/GTL/mgaddam/CS7630/ros2_ws/install/task_manager_msgs/include/task_manager_msgs/task_manager_msgs/msg/detail/task_parameter__type_support.cpp
[2.713s] -- Up-to-date: /home/GTL/mgaddam/CS7630/ros2_ws/install/task_manager_msgs/include/task_manager_msgs/task_manager_msgs/srv
[2.713s] -- Up-to-date: /home/GTL/mgaddam/CS7630/ros2_ws/install/task_manager_msgs/include/task_manager_msgs/task_manager_msgs/srv/detail
[2.714s] -- Up-to-date: /home/GTL/mgaddam/CS7630/ros2_ws/install/task_manager_msgs/include/task_manager_msgs/task_manager_msgs/srv/detail/get_all_task_status__rosidl_typesupport_introspection_cpp.hpp
[2.715s] -- Up-to-date: /home/GTL/mgaddam/CS7630/ros2_ws/install/task_manager_msgs/include/task_manager_msgs/task_manager_msgs/srv/detail/start_task__rosidl_typesupport_introspection_cpp.hpp
[2.715s] -- Up-to-date: /home/GTL/mgaddam/CS7630/ros2_ws/install/task_manager_msgs/include/task_manager_msgs/task_manager_msgs/srv/detail/start_task__type_support.cpp
[2.715s] -- Up-to-date: /home/GTL/mgaddam/CS7630/ros2_ws/install/task_manager_msgs/include/task_manager_msgs/task_manager_msgs/srv/detail/get_all_task_status__type_support.cpp
[2.715s] -- Up-to-date: /home/GTL/mgaddam/CS7630/ros2_ws/install/task_manager_msgs/include/task_manager_msgs/task_manager_msgs/srv/detail/stop_task__rosidl_typesupport_introspection_cpp.hpp
[2.716s] -- Up-to-date: /home/GTL/mgaddam/CS7630/ros2_ws/install/task_manager_msgs/include/task_manager_msgs/task_manager_msgs/srv/detail/stop_task__type_support.cpp
[2.716s] -- Up-to-date: /home/GTL/mgaddam/CS7630/ros2_ws/install/task_manager_msgs/include/task_manager_msgs/task_manager_msgs/srv/detail/get_task_list__type_support.cpp
[2.716s] -- Up-to-date: /home/GTL/mgaddam/CS7630/ros2_ws/install/task_manager_msgs/include/task_manager_msgs/task_manager_msgs/srv/detail/get_task_list__rosidl_typesupport_introspection_cpp.hpp
[2.718s] -- Up-to-date: /home/GTL/mgaddam/CS7630/ros2_ws/install/task_manager_msgs/lib/libtask_manager_msgs__rosidl_typesupport_introspection_cpp.so
[2.722s] -- Up-to-date: /home/GTL/mgaddam/CS7630/ros2_ws/install/task_manager_msgs/lib/libtask_manager_msgs__rosidl_typesupport_cpp.so
[2.725s] -- Up-to-date: /home/GTL/mgaddam/CS7630/ros2_ws/install/task_manager_msgs/share/task_manager_msgs/environment/pythonpath.sh
[2.725s] -- Up-to-date: /home/GTL/mgaddam/CS7630/ros2_ws/install/task_manager_msgs/share/task_manager_msgs/environment/pythonpath.dsv
[2.725s] -- Up-to-date: /home/GTL/mgaddam/CS7630/ros2_ws/install/task_manager_msgs/local/lib/python3.10/dist-packages/task_manager_msgs-0.0.0-py3.10.egg-info
[2.727s] -- Installing: /home/GTL/mgaddam/CS7630/ros2_ws/install/task_manager_msgs/local/lib/python3.10/dist-packages/task_manager_msgs-0.0.0-py3.10.egg-info/dependency_links.txt
[2.730s] -- Installing: /home/GTL/mgaddam/CS7630/ros2_ws/install/task_manager_msgs/local/lib/python3.10/dist-packages/task_manager_msgs-0.0.0-py3.10.egg-info/top_level.txt
[2.735s] -- Installing: /home/GTL/mgaddam/CS7630/ros2_ws/install/task_manager_msgs/local/lib/python3.10/dist-packages/task_manager_msgs-0.0.0-py3.10.egg-info/PKG-INFO
[2.739s] -- Installing: /home/GTL/mgaddam/CS7630/ros2_ws/install/task_manager_msgs/local/lib/python3.10/dist-packages/task_manager_msgs-0.0.0-py3.10.egg-info/SOURCES.txt
[2.743s] -- Up-to-date: /home/GTL/mgaddam/CS7630/ros2_ws/install/task_manager_msgs/local/lib/python3.10/dist-packages/task_manager_msgs
[2.744s] -- Up-to-date: /home/GTL/mgaddam/CS7630/ros2_ws/install/task_manager_msgs/local/lib/python3.10/dist-packages/task_manager_msgs/msg
[2.744s] -- Up-to-date: /home/GTL/mgaddam/CS7630/ros2_ws/install/task_manager_msgs/local/lib/python3.10/dist-packages/task_manager_msgs/msg/_encapsulated_message_s.c
[2.745s] -- Up-to-date: /home/GTL/mgaddam/CS7630/ros2_ws/install/task_manager_msgs/local/lib/python3.10/dist-packages/task_manager_msgs/msg/_task_description_s.c
[2.745s] -- Up-to-date: /home/GTL/mgaddam/CS7630/ros2_ws/install/task_manager_msgs/local/lib/python3.10/dist-packages/task_manager_msgs/msg/_task_parameter.py
[2.745s] -- Up-to-date: /home/GTL/mgaddam/CS7630/ros2_ws/install/task_manager_msgs/local/lib/python3.10/dist-packages/task_manager_msgs/msg/_sync_status_s.c
[2.746s] -- Up-to-date: /home/GTL/mgaddam/CS7630/ros2_ws/install/task_manager_msgs/local/lib/python3.10/dist-packages/task_manager_msgs/msg/_task_config.py
[2.746s] -- Up-to-date: /home/GTL/mgaddam/CS7630/ros2_ws/install/task_manager_msgs/local/lib/python3.10/dist-packages/task_manager_msgs/msg/_task_parameter_s.c
[2.746s] -- Up-to-date: /home/GTL/mgaddam/CS7630/ros2_ws/install/task_manager_msgs/local/lib/python3.10/dist-packages/task_manager_msgs/msg/_task_status.py
[2.746s] -- Up-to-date: /home/GTL/mgaddam/CS7630/ros2_ws/install/task_manager_msgs/local/lib/python3.10/dist-packages/task_manager_msgs/msg/_task_description.py
[2.747s] -- Up-to-date: /home/GTL/mgaddam/CS7630/ros2_ws/install/task_manager_msgs/local/lib/python3.10/dist-packages/task_manager_msgs/msg/__init__.py
[2.747s] -- Up-to-date: /home/GTL/mgaddam/CS7630/ros2_ws/install/task_manager_msgs/local/lib/python3.10/dist-packages/task_manager_msgs/msg/_sync_status.py
[2.747s] -- Up-to-date: /home/GTL/mgaddam/CS7630/ros2_ws/install/task_manager_msgs/local/lib/python3.10/dist-packages/task_manager_msgs/msg/_encapsulated_message.py
[2.748s] -- Up-to-date: /home/GTL/mgaddam/CS7630/ros2_ws/install/task_manager_msgs/local/lib/python3.10/dist-packages/task_manager_msgs/msg/_task_config_s.c
[2.748s] -- Up-to-date: /home/GTL/mgaddam/CS7630/ros2_ws/install/task_manager_msgs/local/lib/python3.10/dist-packages/task_manager_msgs/msg/_task_status_s.c
[2.748s] -- Up-to-date: /home/GTL/mgaddam/CS7630/ros2_ws/install/task_manager_msgs/local/lib/python3.10/dist-packages/task_manager_msgs/task_manager_msgs_s__rosidl_typesupport_introspection_c.cpython-310-x86_64-linux-gnu.so
[2.748s] -- Up-to-date: /home/GTL/mgaddam/CS7630/ros2_ws/install/task_manager_msgs/local/lib/python3.10/dist-packages/task_manager_msgs/_task_manager_msgs_s.ep.rosidl_typesupport_introspection_c.c
[2.749s] -- Up-to-date: /home/GTL/mgaddam/CS7630/ros2_ws/install/task_manager_msgs/local/lib/python3.10/dist-packages/task_manager_msgs/__init__.py
[2.749s] -- Up-to-date: /home/GTL/mgaddam/CS7630/ros2_ws/install/task_manager_msgs/local/lib/python3.10/dist-packages/task_manager_msgs/_task_manager_msgs_s.ep.rosidl_typesupport_c.c
[2.749s] -- Up-to-date: /home/GTL/mgaddam/CS7630/ros2_ws/install/task_manager_msgs/local/lib/python3.10/dist-packages/task_manager_msgs/task_manager_msgs_s__rosidl_typesupport_c.cpython-310-x86_64-linux-gnu.so
[2.750s] -- Up-to-date: /home/GTL/mgaddam/CS7630/ros2_ws/install/task_manager_msgs/local/lib/python3.10/dist-packages/task_manager_msgs/srv
[2.750s] -- Up-to-date: /home/GTL/mgaddam/CS7630/ros2_ws/install/task_manager_msgs/local/lib/python3.10/dist-packages/task_manager_msgs/srv/_stop_task_s.c
[2.751s] -- Up-to-date: /home/GTL/mgaddam/CS7630/ros2_ws/install/task_manager_msgs/local/lib/python3.10/dist-packages/task_manager_msgs/srv/_start_task_s.c
[2.751s] -- Up-to-date: /home/GTL/mgaddam/CS7630/ros2_ws/install/task_manager_msgs/local/lib/python3.10/dist-packages/task_manager_msgs/srv/_get_all_task_status_s.c
[2.751s] -- Up-to-date: /home/GTL/mgaddam/CS7630/ros2_ws/install/task_manager_msgs/local/lib/python3.10/dist-packages/task_manager_msgs/srv/_get_task_list.py
[2.751s] -- Up-to-date: /home/GTL/mgaddam/CS7630/ros2_ws/install/task_manager_msgs/local/lib/python3.10/dist-packages/task_manager_msgs/srv/__init__.py
[2.752s] -- Up-to-date: /home/GTL/mgaddam/CS7630/ros2_ws/install/task_manager_msgs/local/lib/python3.10/dist-packages/task_manager_msgs/srv/_get_all_task_status.py
[2.752s] -- Up-to-date: /home/GTL/mgaddam/CS7630/ros2_ws/install/task_manager_msgs/local/lib/python3.10/dist-packages/task_manager_msgs/srv/_stop_task.py
[2.752s] -- Up-to-date: /home/GTL/mgaddam/CS7630/ros2_ws/install/task_manager_msgs/local/lib/python3.10/dist-packages/task_manager_msgs/srv/_get_task_list_s.c
[2.752s] -- Up-to-date: /home/GTL/mgaddam/CS7630/ros2_ws/install/task_manager_msgs/local/lib/python3.10/dist-packages/task_manager_msgs/srv/_start_task.py
[2.753s] -- Up-to-date: /home/GTL/mgaddam/CS7630/ros2_ws/install/task_manager_msgs/local/lib/python3.10/dist-packages/task_manager_msgs/_task_manager_msgs_s.ep.rosidl_typesupport_fastrtps_c.c
[2.753s] -- Up-to-date: /home/GTL/mgaddam/CS7630/ros2_ws/install/task_manager_msgs/local/lib/python3.10/dist-packages/task_manager_msgs/task_manager_msgs_s__rosidl_typesupport_fastrtps_c.cpython-310-x86_64-linux-gnu.so
[2.753s] -- Up-to-date: /home/GTL/mgaddam/CS7630/ros2_ws/install/task_manager_msgs/local/lib/python3.10/dist-packages/task_manager_msgs/libtask_manager_msgs__rosidl_generator_py.so
[2.788s] Listing '/home/GTL/mgaddam/CS7630/ros2_ws/install/task_manager_msgs/local/lib/python3.10/dist-packages/task_manager_msgs'...
[2.788s] Listing '/home/GTL/mgaddam/CS7630/ros2_ws/install/task_manager_msgs/local/lib/python3.10/dist-packages/task_manager_msgs/msg'...
[2.788s] Listing '/home/GTL/mgaddam/CS7630/ros2_ws/install/task_manager_msgs/local/lib/python3.10/dist-packages/task_manager_msgs/srv'...
[2.793s] -- Up-to-date: /home/GTL/mgaddam/CS7630/ros2_ws/install/task_manager_msgs/local/lib/python3.10/dist-packages/task_manager_msgs/task_manager_msgs_s__rosidl_typesupport_fastrtps_c.cpython-310-x86_64-linux-gnu.so
[2.798s] -- Up-to-date: /home/GTL/mgaddam/CS7630/ros2_ws/install/task_manager_msgs/local/lib/python3.10/dist-packages/task_manager_msgs/task_manager_msgs_s__rosidl_typesupport_introspection_c.cpython-310-x86_64-linux-gnu.so
[2.801s] -- Up-to-date: /home/GTL/mgaddam/CS7630/ros2_ws/install/task_manager_msgs/local/lib/python3.10/dist-packages/task_manager_msgs/task_manager_msgs_s__rosidl_typesupport_c.cpython-310-x86_64-linux-gnu.so
[2.805s] -- Up-to-date: /home/GTL/mgaddam/CS7630/ros2_ws/install/task_manager_msgs/lib/libtask_manager_msgs__rosidl_generator_py.so
[2.807s] -- Up-to-date: /home/GTL/mgaddam/CS7630/ros2_ws/install/task_manager_msgs/share/task_manager_msgs/srv/GetAllTaskStatus.idl
[2.808s] -- Up-to-date: /home/GTL/mgaddam/CS7630/ros2_ws/install/task_manager_msgs/share/task_manager_msgs/srv/StartTask.idl
[2.808s] -- Up-to-date: /home/GTL/mgaddam/CS7630/ros2_ws/install/task_manager_msgs/share/task_manager_msgs/srv/StopTask.idl
[2.808s] -- Up-to-date: /home/GTL/mgaddam/CS7630/ros2_ws/install/task_manager_msgs/share/task_manager_msgs/srv/GetTaskList.idl
[2.809s] -- Up-to-date: /home/GTL/mgaddam/CS7630/ros2_ws/install/task_manager_msgs/share/task_manager_msgs/msg/TaskDescription.idl
[2.809s] -- Up-to-date: /home/GTL/mgaddam/CS7630/ros2_ws/install/task_manager_msgs/share/task_manager_msgs/msg/TaskParameter.idl
[2.809s] -- Up-to-date: /home/GTL/mgaddam/CS7630/ros2_ws/install/task_manager_msgs/share/task_manager_msgs/msg/TaskStatus.idl
[2.810s] -- Up-to-date: /home/GTL/mgaddam/CS7630/ros2_ws/install/task_manager_msgs/share/task_manager_msgs/msg/TaskConfig.idl
[2.810s] -- Up-to-date: /home/GTL/mgaddam/CS7630/ros2_ws/install/task_manager_msgs/share/task_manager_msgs/msg/SyncStatus.idl
[2.810s] -- Up-to-date: /home/GTL/mgaddam/CS7630/ros2_ws/install/task_manager_msgs/share/task_manager_msgs/msg/EncapsulatedMessage.idl
[2.810s] -- Up-to-date: /home/GTL/mgaddam/CS7630/ros2_ws/install/task_manager_msgs/share/task_manager_msgs/srv/GetAllTaskStatus.srv
[2.811s] -- Up-to-date: /home/GTL/mgaddam/CS7630/ros2_ws/install/task_manager_msgs/share/task_manager_msgs/srv/GetAllTaskStatus_Request.msg
[2.811s] -- Up-to-date: /home/GTL/mgaddam/CS7630/ros2_ws/install/task_manager_msgs/share/task_manager_msgs/srv/GetAllTaskStatus_Response.msg
[2.811s] -- Up-to-date: /home/GTL/mgaddam/CS7630/ros2_ws/install/task_manager_msgs/share/task_manager_msgs/srv/StartTask.srv
[2.812s] -- Up-to-date: /home/GTL/mgaddam/CS7630/ros2_ws/install/task_manager_msgs/share/task_manager_msgs/srv/StartTask_Request.msg
[2.812s] -- Up-to-date: /home/GTL/mgaddam/CS7630/ros2_ws/install/task_manager_msgs/share/task_manager_msgs/srv/StartTask_Response.msg
[2.812s] -- Up-to-date: /home/GTL/mgaddam/CS7630/ros2_ws/install/task_manager_msgs/share/task_manager_msgs/srv/StopTask.srv
[2.812s] -- Up-to-date: /home/GTL/mgaddam/CS7630/ros2_ws/install/task_manager_msgs/share/task_manager_msgs/srv/StopTask_Request.msg
[2.813s] -- Up-to-date: /home/GTL/mgaddam/CS7630/ros2_ws/install/task_manager_msgs/share/task_manager_msgs/srv/StopTask_Response.msg
[2.813s] -- Up-to-date: /home/GTL/mgaddam/CS7630/ros2_ws/install/task_manager_msgs/share/task_manager_msgs/srv/GetTaskList.srv
[2.813s] -- Up-to-date: /home/GTL/mgaddam/CS7630/ros2_ws/install/task_manager_msgs/share/task_manager_msgs/srv/GetTaskList_Request.msg
[2.814s] -- Up-to-date: /home/GTL/mgaddam/CS7630/ros2_ws/install/task_manager_msgs/share/task_manager_msgs/srv/GetTaskList_Response.msg
[2.814s] -- Up-to-date: /home/GTL/mgaddam/CS7630/ros2_ws/install/task_manager_msgs/share/task_manager_msgs/msg/TaskDescription.msg
[2.814s] -- Up-to-date: /home/GTL/mgaddam/CS7630/ros2_ws/install/task_manager_msgs/share/task_manager_msgs/msg/TaskParameter.msg
[2.815s] -- Up-to-date: /home/GTL/mgaddam/CS7630/ros2_ws/install/task_manager_msgs/share/task_manager_msgs/msg/TaskStatus.msg
[2.815s] -- Up-to-date: /home/GTL/mgaddam/CS7630/ros2_ws/install/task_manager_msgs/share/task_manager_msgs/msg/TaskConfig.msg
[2.816s] -- Up-to-date: /home/GTL/mgaddam/CS7630/ros2_ws/install/task_manager_msgs/share/task_manager_msgs/msg/SyncStatus.msg
[2.816s] -- Up-to-date: /home/GTL/mgaddam/CS7630/ros2_ws/install/task_manager_msgs/share/task_manager_msgs/msg/EncapsulatedMessage.msg
[2.817s] -- Up-to-date: /home/GTL/mgaddam/CS7630/ros2_ws/install/task_manager_msgs/lib/task_manager_msgs/task_manager_msgs_encapsulate
[2.819s] -- Up-to-date: /home/GTL/mgaddam/CS7630/ros2_ws/install/task_manager_msgs/share/ament_index/resource_index/package_run_dependencies/task_manager_msgs
[2.820s] -- Up-to-date: /home/GTL/mgaddam/CS7630/ros2_ws/install/task_manager_msgs/share/ament_index/resource_index/parent_prefix_path/task_manager_msgs
[2.820s] -- Up-to-date: /home/GTL/mgaddam/CS7630/ros2_ws/install/task_manager_msgs/share/task_manager_msgs/environment/ament_prefix_path.sh
[2.820s] -- Up-to-date: /home/GTL/mgaddam/CS7630/ros2_ws/install/task_manager_msgs/share/task_manager_msgs/environment/ament_prefix_path.dsv
[2.820s] -- Up-to-date: /home/GTL/mgaddam/CS7630/ros2_ws/install/task_manager_msgs/share/task_manager_msgs/environment/path.sh
[2.821s] -- Up-to-date: /home/GTL/mgaddam/CS7630/ros2_ws/install/task_manager_msgs/share/task_manager_msgs/environment/path.dsv
[2.821s] -- Up-to-date: /home/GTL/mgaddam/CS7630/ros2_ws/install/task_manager_msgs/share/task_manager_msgs/local_setup.bash
[2.821s] -- Up-to-date: /home/GTL/mgaddam/CS7630/ros2_ws/install/task_manager_msgs/share/task_manager_msgs/local_setup.sh
[2.822s] -- Up-to-date: /home/GTL/mgaddam/CS7630/ros2_ws/install/task_manager_msgs/share/task_manager_msgs/local_setup.zsh
[2.822s] -- Up-to-date: /home/GTL/mgaddam/CS7630/ros2_ws/install/task_manager_msgs/share/task_manager_msgs/local_setup.dsv
[2.822s] -- Installing: /home/GTL/mgaddam/CS7630/ros2_ws/install/task_manager_msgs/share/task_manager_msgs/package.dsv
[2.825s] -- Up-to-date: /home/GTL/mgaddam/CS7630/ros2_ws/install/task_manager_msgs/share/ament_index/resource_index/packages/task_manager_msgs
[2.827s] -- Up-to-date: /home/GTL/mgaddam/CS7630/ros2_ws/install/task_manager_msgs/share/task_manager_msgs/cmake/export_task_manager_msgs__rosidl_generator_cExport.cmake
[2.827s] -- Up-to-date: /home/GTL/mgaddam/CS7630/ros2_ws/install/task_manager_msgs/share/task_manager_msgs/cmake/export_task_manager_msgs__rosidl_generator_cExport-noconfig.cmake
[2.829s] -- Up-to-date: /home/GTL/mgaddam/CS7630/ros2_ws/install/task_manager_msgs/share/task_manager_msgs/cmake/export_task_manager_msgs__rosidl_typesupport_fastrtps_cExport.cmake
[2.829s] -- Up-to-date: /home/GTL/mgaddam/CS7630/ros2_ws/install/task_manager_msgs/share/task_manager_msgs/cmake/export_task_manager_msgs__rosidl_typesupport_fastrtps_cExport-noconfig.cmake
[2.831s] -- Up-to-date: /home/GTL/mgaddam/CS7630/ros2_ws/install/task_manager_msgs/share/task_manager_msgs/cmake/export_task_manager_msgs__rosidl_generator_cppExport.cmake
[2.832s] -- Up-to-date: /home/GTL/mgaddam/CS7630/ros2_ws/install/task_manager_msgs/share/task_manager_msgs/cmake/export_task_manager_msgs__rosidl_typesupport_fastrtps_cppExport.cmake
[2.832s] -- Up-to-date: /home/GTL/mgaddam/CS7630/ros2_ws/install/task_manager_msgs/share/task_manager_msgs/cmake/export_task_manager_msgs__rosidl_typesupport_fastrtps_cppExport-noconfig.cmake
[2.834s] -- Up-to-date: /home/GTL/mgaddam/CS7630/ros2_ws/install/task_manager_msgs/share/task_manager_msgs/cmake/task_manager_msgs__rosidl_typesupport_introspection_cExport.cmake
[2.834s] -- Up-to-date: /home/GTL/mgaddam/CS7630/ros2_ws/install/task_manager_msgs/share/task_manager_msgs/cmake/task_manager_msgs__rosidl_typesupport_introspection_cExport-noconfig.cmake
[2.835s] -- Up-to-date: /home/GTL/mgaddam/CS7630/ros2_ws/install/task_manager_msgs/share/task_manager_msgs/cmake/task_manager_msgs__rosidl_typesupport_cExport.cmake
[2.836s] -- Up-to-date: /home/GTL/mgaddam/CS7630/ros2_ws/install/task_manager_msgs/share/task_manager_msgs/cmake/task_manager_msgs__rosidl_typesupport_cExport-noconfig.cmake
[2.837s] -- Up-to-date: /home/GTL/mgaddam/CS7630/ros2_ws/install/task_manager_msgs/share/task_manager_msgs/cmake/task_manager_msgs__rosidl_typesupport_introspection_cppExport.cmake
[2.837s] -- Up-to-date: /home/GTL/mgaddam/CS7630/ros2_ws/install/task_manager_msgs/share/task_manager_msgs/cmake/task_manager_msgs__rosidl_typesupport_introspection_cppExport-noconfig.cmake
[2.839s] -- Up-to-date: /home/GTL/mgaddam/CS7630/ros2_ws/install/task_manager_msgs/share/task_manager_msgs/cmake/task_manager_msgs__rosidl_typesupport_cppExport.cmake
[2.839s] -- Up-to-date: /home/GTL/mgaddam/CS7630/ros2_ws/install/task_manager_msgs/share/task_manager_msgs/cmake/task_manager_msgs__rosidl_typesupport_cppExport-noconfig.cmake
[2.840s] -- Up-to-date: /home/GTL/mgaddam/CS7630/ros2_ws/install/task_manager_msgs/share/task_manager_msgs/cmake/export_task_manager_msgs__rosidl_generator_pyExport.cmake
[2.841s] -- Up-to-date: /home/GTL/mgaddam/CS7630/ros2_ws/install/task_manager_msgs/share/task_manager_msgs/cmake/export_task_manager_msgs__rosidl_generator_pyExport-noconfig.cmake
[2.841s] -- Up-to-date: /home/GTL/mgaddam/CS7630/ros2_ws/install/task_manager_msgs/share/task_manager_msgs/cmake/rosidl_cmake-extras.cmake
[2.841s] -- Up-to-date: /home/GTL/mgaddam/CS7630/ros2_ws/install/task_manager_msgs/share/task_manager_msgs/cmake/ament_cmake_export_dependencies-extras.cmake
[2.842s] -- Up-to-date: /home/GTL/mgaddam/CS7630/ros2_ws/install/task_manager_msgs/share/task_manager_msgs/cmake/ament_cmake_export_include_directories-extras.cmake
[2.842s] -- Up-to-date: /home/GTL/mgaddam/CS7630/ros2_ws/install/task_manager_msgs/share/task_manager_msgs/cmake/ament_cmake_export_libraries-extras.cmake
[2.842s] -- Up-to-date: /home/GTL/mgaddam/CS7630/ros2_ws/install/task_manager_msgs/share/task_manager_msgs/cmake/ament_cmake_export_targets-extras.cmake
[2.842s] -- Up-to-date: /home/GTL/mgaddam/CS7630/ros2_ws/install/task_manager_msgs/share/task_manager_msgs/cmake/rosidl_cmake_export_typesupport_targets-extras.cmake
[2.843s] -- Up-to-date: /home/GTL/mgaddam/CS7630/ros2_ws/install/task_manager_msgs/share/task_manager_msgs/cmake/rosidl_cmake_export_typesupport_libraries-extras.cmake
[2.843s] -- Up-to-date: /home/GTL/mgaddam/CS7630/ros2_ws/install/task_manager_msgs/share/task_manager_msgs/cmake/task_manager_msgsConfig.cmake
[2.843s] -- Up-to-date: /home/GTL/mgaddam/CS7630/ros2_ws/install/task_manager_msgs/share/task_manager_msgs/cmake/task_manager_msgsConfig-version.cmake
[2.843s] -- Up-to-date: /home/GTL/mgaddam/CS7630/ros2_ws/install/task_manager_msgs/share/task_manager_msgs/package.xml
[3.199s] Invoked command in '/home/GTL/mgaddam/CS7630/ros2_ws/build/task_manager_msgs' returned '0': CMAKE_PREFIX_PATH=${CMAKE_PREFIX_PATH}:/home/GTL/mgaddam/CS7630/ros2_ws/install/wpa_cli:/home/GTL/mgaddam/CS7630/ros2_ws/install/vrep_ros_teleop:/home/GTL/mgaddam/CS7630/ros2_ws/install/task_manager_client_py:/home/GTL/mgaddam/CS7630/ros2_ws/install/ar_slam_base:/home/GTL/mgaddam/CS7630/ros2_ws/install/ar_loc_base:/home/GTL/mgaddam/CS7630/ros2_ws/install/rover_driver_base:/home/GTL/mgaddam/CS7630/ros2_ws/install/keyboard_teleop:/home/GTL/mgaddam/CS7630/ros2_ws/install/face_detect_base:/home/GTL/mgaddam/CS7630/ros2_ws/install/button_server:/home/GTL/mgaddam/CS7630/ros2_ws/install/ar_mapping_base:/opt/ros/humble /usr/bin/cmake --install /home/GTL/mgaddam/CS7630/ros2_ws/build/task_manager_msgs
