[35m[1mConsolidate compiler generated dependencies of target image_flip[0m
[ 50%] Built target image_flip
[35m[1mConsolidate compiler generated dependencies of target clock_repeat[0m
[100%] Built target clock_repeat
-- Install configuration: ""
-- Up-to-date: /home/GTL/mgaddam/CS7630/ros2_ws/src/install/vrep4_helpers/lib/vrep4_helpers/image_flip
-- Up-to-date: /home/GTL/mgaddam/CS7630/ros2_ws/src/install/vrep4_helpers/lib/vrep4_helpers/clock_repeat
-- Up-to-date: /home/GTL/mgaddam/CS7630/ros2_ws/src/install/vrep4_helpers/share/vrep4_helpers
-- Up-to-date: /home/GTL/mgaddam/CS7630/ros2_ws/src/install/vrep4_helpers/share/vrep4_helpers/kinect_pc.launch.py
-- Up-to-date: /home/GTL/mgaddam/CS7630/ros2_ws/src/install/vrep4_helpers/share/vrep4_helpers/kinect_pc_min.launch.py
-- Up-to-date: /home/GTL/mgaddam/CS7630/ros2_ws/src/install/vrep4_helpers/share/ament_index/resource_index/package_run_dependencies/vrep4_helpers
-- Up-to-date: /home/GTL/mgaddam/CS7630/ros2_ws/src/install/vrep4_helpers/share/ament_index/resource_index/parent_prefix_path/vrep4_helpers
-- Up-to-date: /home/GTL/mgaddam/CS7630/ros2_ws/src/install/vrep4_helpers/share/vrep4_helpers/environment/ament_prefix_path.sh
-- Up-to-date: /home/GTL/mgaddam/CS7630/ros2_ws/src/install/vrep4_helpers/share/vrep4_helpers/environment/ament_prefix_path.dsv
-- Up-to-date: /home/GTL/mgaddam/CS7630/ros2_ws/src/install/vrep4_helpers/share/vrep4_helpers/environment/path.sh
-- Up-to-date: /home/GTL/mgaddam/CS7630/ros2_ws/src/install/vrep4_helpers/share/vrep4_helpers/environment/path.dsv
-- Up-to-date: /home/GTL/mgaddam/CS7630/ros2_ws/src/install/vrep4_helpers/share/vrep4_helpers/local_setup.bash
-- Up-to-date: /home/GTL/mgaddam/CS7630/ros2_ws/src/install/vrep4_helpers/share/vrep4_helpers/local_setup.sh
-- Up-to-date: /home/GTL/mgaddam/CS7630/ros2_ws/src/install/vrep4_helpers/share/vrep4_helpers/local_setup.zsh
-- Up-to-date: /home/GTL/mgaddam/CS7630/ros2_ws/src/install/vrep4_helpers/share/vrep4_helpers/local_setup.dsv
-- Installing: /home/GTL/mgaddam/CS7630/ros2_ws/src/install/vrep4_helpers/share/vrep4_helpers/package.dsv
-- Up-to-date: /home/GTL/mgaddam/CS7630/ros2_ws/src/install/vrep4_helpers/share/ament_index/resource_index/packages/vrep4_helpers
-- Up-to-date: /home/GTL/mgaddam/CS7630/ros2_ws/src/install/vrep4_helpers/share/vrep4_helpers/cmake/vrep4_helpersConfig.cmake
-- Up-to-date: /home/GTL/mgaddam/CS7630/ros2_ws/src/install/vrep4_helpers/share/vrep4_helpers/cmake/vrep4_helpersConfig-version.cmake
-- Up-to-date: /home/GTL/mgaddam/CS7630/ros2_ws/src/install/vrep4_helpers/share/vrep4_helpers/package.xml
