[1.043s] Invoking command in '/home/GTL/mgaddam/CS7630/ros2_ws/src/build/vrep4_helpers': CMAKE_PREFIX_PATH=/opt/ros/humble /usr/bin/cmake --build /home/GTL/mgaddam/CS7630/ros2_ws/src/build/vrep4_helpers -- -j16 -l16
[1.088s] [35m[1mConsolidate compiler generated dependencies of target image_flip[0m
[1.111s] [ 50%] Built target image_flip
[1.124s] [35m[1mConsolidate compiler generated dependencies of target clock_repeat[0m
[1.146s] [100%] Built target clock_repeat
[1.288s] Invoked command in '/home/GTL/mgaddam/CS7630/ros2_ws/src/build/vrep4_helpers' returned '0': CMAKE_PREFIX_PATH=/opt/ros/humble /usr/bin/cmake --build /home/GTL/mgaddam/CS7630/ros2_ws/src/build/vrep4_helpers -- -j16 -l16
[1.307s] Invoking command in '/home/GTL/mgaddam/CS7630/ros2_ws/src/build/vrep4_helpers': CMAKE_PREFIX_PATH=/opt/ros/humble /usr/bin/cmake --install /home/GTL/mgaddam/CS7630/ros2_ws/src/build/vrep4_helpers
[1.316s] -- Install configuration: ""
[1.317s] -- Up-to-date: /home/GTL/mgaddam/CS7630/ros2_ws/src/install/vrep4_helpers/lib/vrep4_helpers/image_flip
[1.318s] -- Up-to-date: /home/GTL/mgaddam/CS7630/ros2_ws/src/install/vrep4_helpers/lib/vrep4_helpers/clock_repeat
[1.319s] -- Up-to-date: /home/GTL/mgaddam/CS7630/ros2_ws/src/install/vrep4_helpers/share/vrep4_helpers
[1.319s] -- Up-to-date: /home/GTL/mgaddam/CS7630/ros2_ws/src/install/vrep4_helpers/share/vrep4_helpers/kinect_pc.launch.py
[1.320s] -- Up-to-date: /home/GTL/mgaddam/CS7630/ros2_ws/src/install/vrep4_helpers/share/vrep4_helpers/kinect_pc_min.launch.py
[1.320s] -- Up-to-date: /home/GTL/mgaddam/CS7630/ros2_ws/src/install/vrep4_helpers/share/ament_index/resource_index/package_run_dependencies/vrep4_helpers
[1.321s] -- Up-to-date: /home/GTL/mgaddam/CS7630/ros2_ws/src/install/vrep4_helpers/share/ament_index/resource_index/parent_prefix_path/vrep4_helpers
[1.321s] -- Up-to-date: /home/GTL/mgaddam/CS7630/ros2_ws/src/install/vrep4_helpers/share/vrep4_helpers/environment/ament_prefix_path.sh
[1.321s] -- Up-to-date: /home/GTL/mgaddam/CS7630/ros2_ws/src/install/vrep4_helpers/share/vrep4_helpers/environment/ament_prefix_path.dsv
[1.322s] -- Up-to-date: /home/GTL/mgaddam/CS7630/ros2_ws/src/install/vrep4_helpers/share/vrep4_helpers/environment/path.sh
[1.322s] -- Up-to-date: /home/GTL/mgaddam/CS7630/ros2_ws/src/install/vrep4_helpers/share/vrep4_helpers/environment/path.dsv
[1.322s] -- Up-to-date: /home/GTL/mgaddam/CS7630/ros2_ws/src/install/vrep4_helpers/share/vrep4_helpers/local_setup.bash
[1.323s] -- Up-to-date: /home/GTL/mgaddam/CS7630/ros2_ws/src/install/vrep4_helpers/share/vrep4_helpers/local_setup.sh
[1.323s] -- Up-to-date: /home/GTL/mgaddam/CS7630/ros2_ws/src/install/vrep4_helpers/share/vrep4_helpers/local_setup.zsh
[1.324s] -- Up-to-date: /home/GTL/mgaddam/CS7630/ros2_ws/src/install/vrep4_helpers/share/vrep4_helpers/local_setup.dsv
[1.324s] -- Installing: /home/GTL/mgaddam/CS7630/ros2_ws/src/install/vrep4_helpers/share/vrep4_helpers/package.dsv
[1.329s] -- Up-to-date: /home/GTL/mgaddam/CS7630/ros2_ws/src/install/vrep4_helpers/share/ament_index/resource_index/packages/vrep4_helpers
[1.329s] -- Up-to-date: /home/GTL/mgaddam/CS7630/ros2_ws/src/install/vrep4_helpers/share/vrep4_helpers/cmake/vrep4_helpersConfig.cmake
[1.329s] -- Up-to-date: /home/GTL/mgaddam/CS7630/ros2_ws/src/install/vrep4_helpers/share/vrep4_helpers/cmake/vrep4_helpersConfig-version.cmake
[1.330s] -- Up-to-date: /home/GTL/mgaddam/CS7630/ros2_ws/src/install/vrep4_helpers/share/vrep4_helpers/package.xml
[1.409s] Invoked command in '/home/GTL/mgaddam/CS7630/ros2_ws/src/build/vrep4_helpers' returned '0': CMAKE_PREFIX_PATH=/opt/ros/humble /usr/bin/cmake --install /home/GTL/mgaddam/CS7630/ros2_ws/src/build/vrep4_helpers
