[1.372s] Invoking command in '/home/GTL/mgaddam/CS7630/ros2_ws/src/face_detect': AMENT_PREFIX_PATH=/home/GTL/mgaddam/CS7630/ros2_ws/src/install/cs7630_msgs:${AMENT_PREFIX_PATH} CMAKE_PREFIX_PATH=/home/GTL/mgaddam/CS7630/ros2_ws/src/install/cs7630_msgs LD_LIBRARY_PATH=/home/GTL/mgaddam/CS7630/ros2_ws/src/install/cs7630_msgs/lib:${LD_LIBRARY_PATH} PYTHONPATH=/home/GTL/mgaddam/CS7630/ros2_ws/src/build/face_detect_base/prefix_override:/home/GTL/mgaddam/CS7630/ros2_ws/src/install/face_detect_base/lib/python3.10/site-packages:/home/GTL/mgaddam/CS7630/ros2_ws/src/install/cs7630_msgs/local/lib/python3.10/dist-packages:${PYTHONPATH} /usr/bin/python3 setup.py egg_info --egg-base ../build/face_detect_base build --build-base /home/GTL/mgaddam/CS7630/ros2_ws/src/build/face_detect_base/build install --record /home/GTL/mgaddam/CS7630/ros2_ws/src/build/face_detect_base/install.log --single-version-externally-managed
[1.547s] running egg_info
[1.548s] writing ../build/face_detect_base/face_detect_base.egg-info/PKG-INFO
[1.550s] writing dependency_links to ../build/face_detect_base/face_detect_base.egg-info/dependency_links.txt
[1.551s] writing entry points to ../build/face_detect_base/face_detect_base.egg-info/entry_points.txt
[1.552s] writing requirements to ../build/face_detect_base/face_detect_base.egg-info/requires.txt
[1.554s] writing top-level names to ../build/face_detect_base/face_detect_base.egg-info/top_level.txt
[1.559s] reading manifest file '../build/face_detect_base/face_detect_base.egg-info/SOURCES.txt'
[1.561s] writing manifest file '../build/face_detect_base/face_detect_base.egg-info/SOURCES.txt'
[1.562s] running build
[1.562s] running build_py
[1.564s] running install
[1.564s] running install_lib
[1.564s] /usr/lib/python3/dist-packages/setuptools/command/install.py:34: SetuptoolsDeprecationWarning: setup.py install is deprecated. Use build and pip and other standards-based tools.
[1.564s]   warnings.warn(
[1.565s] running install_data
[1.565s] running install_egg_info
[1.566s] removing '/home/GTL/mgaddam/CS7630/ros2_ws/src/install/face_detect_base/lib/python3.10/site-packages/face_detect_base-0.0.0-py3.10.egg-info' (and everything under it)
[1.569s] Copying ../build/face_detect_base/face_detect_base.egg-info to /home/GTL/mgaddam/CS7630/ros2_ws/src/install/face_detect_base/lib/python3.10/site-packages/face_detect_base-0.0.0-py3.10.egg-info
[1.592s] running install_scripts
[1.607s] Installing face_detect_node script to /home/GTL/mgaddam/CS7630/ros2_ws/src/install/face_detect_base/lib/face_detect_base
[1.609s] writing list of installed files to '/home/GTL/mgaddam/CS7630/ros2_ws/src/build/face_detect_base/install.log'
[1.685s] Invoked command in '/home/GTL/mgaddam/CS7630/ros2_ws/src/face_detect' returned '0': AMENT_PREFIX_PATH=/home/GTL/mgaddam/CS7630/ros2_ws/src/install/cs7630_msgs:${AMENT_PREFIX_PATH} CMAKE_PREFIX_PATH=/home/GTL/mgaddam/CS7630/ros2_ws/src/install/cs7630_msgs LD_LIBRARY_PATH=/home/GTL/mgaddam/CS7630/ros2_ws/src/install/cs7630_msgs/lib:${LD_LIBRARY_PATH} PYTHONPATH=/home/GTL/mgaddam/CS7630/ros2_ws/src/build/face_detect_base/prefix_override:/home/GTL/mgaddam/CS7630/ros2_ws/src/install/face_detect_base/lib/python3.10/site-packages:/home/GTL/mgaddam/CS7630/ros2_ws/src/install/cs7630_msgs/local/lib/python3.10/dist-packages:${PYTHONPATH} /usr/bin/python3 setup.py egg_info --egg-base ../build/face_detect_base build --build-base /home/GTL/mgaddam/CS7630/ros2_ws/src/build/face_detect_base/build install --record /home/GTL/mgaddam/CS7630/ros2_ws/src/build/face_detect_base/install.log --single-version-externally-managed
