running egg_info
writing ../build/ar_slam_base/ar_slam_base.egg-info/PKG-INFO
writing dependency_links to ../build/ar_slam_base/ar_slam_base.egg-info/dependency_links.txt
writing entry points to ../build/ar_slam_base/ar_slam_base.egg-info/entry_points.txt
writing requirements to ../build/ar_slam_base/ar_slam_base.egg-info/requires.txt
writing top-level names to ../build/ar_slam_base/ar_slam_base.egg-info/top_level.txt
reading manifest file '../build/ar_slam_base/ar_slam_base.egg-info/SOURCES.txt'
writing manifest file '../build/ar_slam_base/ar_slam_base.egg-info/SOURCES.txt'
running build
running build_py
running install
running install_lib
running install_data
running install_egg_info
removing '/home/GTL/mgaddam/CS7630/ros2_ws/src/install/ar_slam_base/lib/python3.10/site-packages/ar_slam_base-0.0.0-py3.10.egg-info' (and everything under it)
Copying ../build/ar_slam_base/ar_slam_base.egg-info to /home/GTL/mgaddam/CS7630/ros2_ws/src/install/ar_slam_base/lib/python3.10/site-packages/ar_slam_base-0.0.0-py3.10.egg-info
running install_scripts
Installing ar_slam_node script to /home/GTL/mgaddam/CS7630/ros2_ws/src/install/ar_slam_base/lib/ar_slam_base
Installing tb_slam_node script to /home/GTL/mgaddam/CS7630/ros2_ws/src/install/ar_slam_base/lib/ar_slam_base
writing list of installed files to '/home/GTL/mgaddam/CS7630/ros2_ws/src/build/ar_slam_base/install.log'
