[3.094s] Invoking command in '/home/GTL/mgaddam/CS7630/ros2_ws/src/ar_mapping_base': PYTHONPATH=/home/GTL/mgaddam/CS7630/ros2_ws/build/ar_mapping_base/prefix_override:/home/GTL/mgaddam/CS7630/ros2_ws/install/ar_mapping_base/lib/python3.10/site-packages:${PYTHONPATH} /usr/bin/python3 setup.py egg_info --egg-base ../../build/ar_mapping_base build --build-base /home/GTL/mgaddam/CS7630/ros2_ws/build/ar_mapping_base/build install --record /home/GTL/mgaddam/CS7630/ros2_ws/build/ar_mapping_base/install.log --single-version-externally-managed
[3.316s] running egg_info
[3.317s] writing ../../build/ar_mapping_base/ar_mapping_base.egg-info/PKG-INFO
[3.318s] writing dependency_links to ../../build/ar_mapping_base/ar_mapping_base.egg-info/dependency_links.txt
[3.318s] writing entry points to ../../build/ar_mapping_base/ar_mapping_base.egg-info/entry_points.txt
[3.319s] writing requirements to ../../build/ar_mapping_base/ar_mapping_base.egg-info/requires.txt
[3.320s] writing top-level names to ../../build/ar_mapping_base/ar_mapping_base.egg-info/top_level.txt
[3.326s] reading manifest file '../../build/ar_mapping_base/ar_mapping_base.egg-info/SOURCES.txt'
[3.328s] writing manifest file '../../build/ar_mapping_base/ar_mapping_base.egg-info/SOURCES.txt'
[3.329s] running build
[3.329s] running build_py
[3.331s] running install
[3.331s] /usr/lib/python3/dist-packages/setuptools/command/install.py:34: SetuptoolsDeprecationWarning: setup.py install is deprecated. Use build and pip and other standards-based tools.
[3.331s]   warnings.warn(
[3.332s] running install_lib
[3.335s] running install_data
[3.339s] running install_egg_info
[3.340s] removing '/home/GTL/mgaddam/CS7630/ros2_ws/install/ar_mapping_base/lib/python3.10/site-packages/ar_mapping_base-0.0.0-py3.10.egg-info' (and everything under it)
[3.343s] Copying ../../build/ar_mapping_base/ar_mapping_base.egg-info to /home/GTL/mgaddam/CS7630/ros2_ws/install/ar_mapping_base/lib/python3.10/site-packages/ar_mapping_base-0.0.0-py3.10.egg-info
[3.363s] running install_scripts
[3.379s] Installing ar_mapping_node script to /home/GTL/mgaddam/CS7630/ros2_ws/install/ar_mapping_base/lib/ar_mapping_base
[3.381s] writing list of installed files to '/home/GTL/mgaddam/CS7630/ros2_ws/build/ar_mapping_base/install.log'
[3.954s] Invoked command in '/home/GTL/mgaddam/CS7630/ros2_ws/src/ar_mapping_base' returned '0': PYTHONPATH=/home/GTL/mgaddam/CS7630/ros2_ws/build/ar_mapping_base/prefix_override:/home/GTL/mgaddam/CS7630/ros2_ws/install/ar_mapping_base/lib/python3.10/site-packages:${PYTHONPATH} /usr/bin/python3 setup.py egg_info --egg-base ../../build/ar_mapping_base build --build-base /home/GTL/mgaddam/CS7630/ros2_ws/build/ar_mapping_base/build install --record /home/GTL/mgaddam/CS7630/ros2_ws/build/ar_mapping_base/install.log --single-version-externally-managed
