[0.000000] (-) TimerEvent: {}
[0.000121] (-) JobUnselected: {'identifier': 'ar_loc_base'}
[0.000306] (-) JobUnselected: {'identifier': 'ar_mapping_base'}
[0.000521] (-) JobUnselected: {'identifier': 'ar_slam_base'}
[0.000547] (-) JobUnselected: {'identifier': 'button_server'}
[0.000557] (-) JobUnselected: {'identifier': 'collision_avoidance_base'}
[0.000566] (-) JobUnselected: {'identifier': 'cs7630_msgs'}
[0.000574] (-) JobUnselected: {'identifier': 'face_detect_base'}
[0.000582] (-) JobUnselected: {'identifier': 'floor_nav'}
[0.000590] (-) JobUnselected: {'identifier': 'keyboard_teleop'}
[0.000599] (-) JobUnselected: {'identifier': 'rover_driver_base'}
[0.000607] (-) JobUnselected: {'identifier': 'task_manager_client_py'}
[0.000615] (-) JobUnselected: {'identifier': 'task_manager_lib'}
[0.000622] (-) JobUnselected: {'identifier': 'task_manager_msgs'}
[0.000630] (-) JobUnselected: {'identifier': 'task_manager_nav2'}
[0.000638] (-) JobUnselected: {'identifier': 'task_manager_sync'}
[0.000646] (-) JobUnselected: {'identifier': 'turtlebot_launch'}
[0.000654] (-) JobUnselected: {'identifier': 'vrep4_helpers'}
[0.000662] (-) JobUnselected: {'identifier': 'vrep_ros_teleop'}
[0.000669] (-) JobUnselected: {'identifier': 'wifi_map_base'}
[0.000683] (-) JobUnselected: {'identifier': 'wpa_cli'}
[0.000694] (wpa_cli_msgs) JobQueued: {'identifier': 'wpa_cli_msgs', 'dependencies': OrderedDict()}
[0.000706] (wpa_cli_msgs) JobStarted: {'identifier': 'wpa_cli_msgs'}
[0.038066] (wpa_cli_msgs) JobProgress: {'identifier': 'wpa_cli_msgs', 'progress': 'cmake'}
[0.041088] (wpa_cli_msgs) JobProgress: {'identifier': 'wpa_cli_msgs', 'progress': 'build'}
[0.041992] (wpa_cli_msgs) Command: {'cmd': ['/usr/bin/cmake', '--build', '/home/GTL/mgaddam/CS7630/ros2_ws/build/wpa_cli_msgs', '--', '-j16', '-l16'], 'cwd': '/home/GTL/mgaddam/CS7630/ros2_ws/build/wpa_cli_msgs', 'env': OrderedDict([('USER', 'mgaddam'), ('XDG_SESSION_TYPE', 'x11'), ('SHLVL', '1'), ('LD_LIBRARY_PATH', '/usr/lib/x86_64-linux-gnu/gazebo-11/plugins:/opt/ros/humble/opt/rviz_ogre_vendor/lib:/opt/ros/humble/lib/x86_64-linux-gnu:/opt/ros/humble/lib'), ('HOME', '/home/GTL/mgaddam'), ('CYCLONEDDS_URI', '/cs-share/pradalier/gtlpc_cyclonedds.xml'), ('DESKTOP_SESSION', 'ubuntu'), ('ROS_PYTHON_VERSION', '3'), ('GNOME_SHELL_SESSION_MODE', 'ubuntu'), ('GTK_MODULES', 'gail:atk-bridge'), ('SYSTEMD_EXEC_PID', '9314'), ('DBUS_SESSION_BUS_ADDRESS', 'unix:path=/run/user/37711/bus'), ('COLORTERM', 'truecolor'), ('ROS_DISTRO', 'humble'), ('GTK_IM_MODULE', 'ibus'), ('LOGNAME', 'mgaddam'), ('_', '/usr/bin/colcon'), ('ROS_VERSION', '2'), ('XDG_SESSION_CLASS', 'user'), ('USERNAME', 'mgaddam'), ('TERM', 'xterm-256color'), ('GNOME_DESKTOP_SESSION_ID', 'this-is-deprecated'), ('ROS_LOCALHOST_ONLY', '0'), ('WINDOWPATH', '3'), ('PATH', '/opt/ros/humble/bin:/usr/local/sbin:/usr/local/bin:/usr/sbin:/usr/bin:/sbin:/bin:/usr/games:/usr/local/games:/snap/bin:/snap/bin'), ('SESSION_MANAGER', 'local/gtlpc100.georgiatech-metz.fr:@/tmp/.ICE-unix/7821,unix/gtlpc100.georgiatech-metz.fr:/tmp/.ICE-unix/7821'), ('XDG_MENU_PREFIX', 'gnome-'), ('GNOME_TERMINAL_SCREEN', '/org/gnome/Terminal/screen/133225e1_4f7d_47b4_93b7_8e3638a3f8c4'), ('XDG_RUNTIME_DIR', '/run/user/37711'), ('DISPLAY', ':2'), ('LANG', 'en_US.UTF-8'), ('XDG_CURRENT_DESKTOP', 'ubuntu:GNOME'), ('RMW_IMPLEMENTATION', 'rmw_cyclonedds_cpp'), ('XMODIFIERS', '@im=ibus'), ('XDG_SESSION_DESKTOP', 'ubuntu'), ('XAUTHORITY', '/run/user/37711/gdm/Xauthority'), ('GNOME_TERMINAL_SERVICE', ':1.94'), ('SSH_AGENT_LAUNCHER', 'gnome-keyring'), ('SSH_AUTH_SOCK', '/run/user/37711/keyring/ssh'), ('ROS_DOMAIN_ID', '50'), ('AMENT_PREFIX_PATH', '/opt/ros/humble'), ('SHELL', '/bin/bash'), ('KRB5CCNAME', 'FILE:/tmp/krb5cc_37711'), ('QT_ACCESSIBILITY', '1'), ('GDMSESSION', 'ubuntu'), ('GPG_AGENT_INFO', '/run/user/37711/gnupg/S.gpg-agent:0:1'), ('QT_IM_MODULE', 'ibus'), ('PWD', '/home/GTL/mgaddam/CS7630/ros2_ws/build/wpa_cli_msgs'), ('XDG_CONFIG_DIRS', '/etc/xdg/xdg-ubuntu:/etc/xdg'), ('XDG_DATA_DIRS', '/usr/share/ubuntu:/usr/share/gnome:/usr/local/share/:/usr/share/:/var/lib/snapd/desktop'), ('PYTHONPATH', '/opt/ros/humble/lib/python3.10/site-packages:/opt/ros/humble/local/lib/python3.10/dist-packages'), ('COLCON', '1'), ('VTE_VERSION', '6800'), ('CMAKE_PREFIX_PATH', '/opt/ros/humble')]), 'shell': False}
[0.098771] (-) TimerEvent: {}
[0.104647] (wpa_cli_msgs) StdoutLine: {'line': b'[  2%] Built target wpa_cli_msgs__cpp\n'}
[0.114581] (wpa_cli_msgs) StdoutLine: {'line': b'[ 12%] Built target wpa_cli_msgs__rosidl_generator_c\n'}
[0.132694] (wpa_cli_msgs) StdoutLine: {'line': b'[ 38%] Built target wpa_cli_msgs__rosidl_typesupport_cpp\n'}
[0.137143] (wpa_cli_msgs) StdoutLine: {'line': b'[ 43%] Built target wpa_cli_msgs__rosidl_typesupport_introspection_cpp\n'}
[0.137771] (wpa_cli_msgs) StdoutLine: {'line': b'[ 51%] Built target wpa_cli_msgs__rosidl_typesupport_fastrtps_cpp\n'}
[0.146835] (wpa_cli_msgs) StdoutLine: {'line': b'[ 74%] Built target wpa_cli_msgs__rosidl_typesupport_fastrtps_c\n'}
[0.146988] (wpa_cli_msgs) StdoutLine: {'line': b'[ 74%] Built target wpa_cli_msgs__rosidl_typesupport_c\n'}
[0.147038] (wpa_cli_msgs) StdoutLine: {'line': b'[ 74%] Built target wpa_cli_msgs__rosidl_typesupport_introspection_c\n'}
[0.155656] (wpa_cli_msgs) StdoutLine: {'line': b'[ 74%] Built target ament_cmake_python_copy_wpa_cli_msgs\n'}
[0.160972] (wpa_cli_msgs) StdoutLine: {'line': b'[ 74%] Built target wpa_cli_msgs\n'}
[0.176113] (wpa_cli_msgs) StdoutLine: {'line': b'[ 76%] Built target wpa_cli_msgs__py\n'}
[0.198851] (-) TimerEvent: {}
[0.200980] (wpa_cli_msgs) StdoutLine: {'line': b'[ 84%] Built target wpa_cli_msgs__rosidl_generator_py\n'}
[0.226053] (wpa_cli_msgs) StdoutLine: {'line': b'[100%] Built target wpa_cli_msgs__rosidl_typesupport_c__pyext\n'}
[0.226201] (wpa_cli_msgs) StdoutLine: {'line': b'[100%] Built target wpa_cli_msgs__rosidl_typesupport_fastrtps_c__pyext\n'}
[0.226275] (wpa_cli_msgs) StdoutLine: {'line': b'[100%] Built target wpa_cli_msgs__rosidl_typesupport_introspection_c__pyext\n'}
[0.298951] (-) TimerEvent: {}
[0.332564] (wpa_cli_msgs) StdoutLine: {'line': b'running egg_info\n'}
[0.333371] (wpa_cli_msgs) StdoutLine: {'line': b'writing wpa_cli_msgs.egg-info/PKG-INFO\n'}
[0.334610] (wpa_cli_msgs) StdoutLine: {'line': b'writing dependency_links to wpa_cli_msgs.egg-info/dependency_links.txt\n'}
[0.335665] (wpa_cli_msgs) StdoutLine: {'line': b'writing top-level names to wpa_cli_msgs.egg-info/top_level.txt\n'}
[0.339055] (wpa_cli_msgs) StdoutLine: {'line': b"reading manifest file 'wpa_cli_msgs.egg-info/SOURCES.txt'\n"}
[0.340544] (wpa_cli_msgs) StdoutLine: {'line': b"writing manifest file 'wpa_cli_msgs.egg-info/SOURCES.txt'\n"}
[0.358341] (wpa_cli_msgs) StdoutLine: {'line': b'[100%] Built target ament_cmake_python_build_wpa_cli_msgs_egg\n'}
[0.378794] (wpa_cli_msgs) CommandEnded: {'returncode': 0}
[0.399049] (-) TimerEvent: {}
[0.418361] (wpa_cli_msgs) JobProgress: {'identifier': 'wpa_cli_msgs', 'progress': 'install'}
[0.423862] (wpa_cli_msgs) Command: {'cmd': ['/usr/bin/cmake', '--install', '/home/GTL/mgaddam/CS7630/ros2_ws/build/wpa_cli_msgs'], 'cwd': '/home/GTL/mgaddam/CS7630/ros2_ws/build/wpa_cli_msgs', 'env': OrderedDict([('USER', 'mgaddam'), ('XDG_SESSION_TYPE', 'x11'), ('SHLVL', '1'), ('LD_LIBRARY_PATH', '/usr/lib/x86_64-linux-gnu/gazebo-11/plugins:/opt/ros/humble/opt/rviz_ogre_vendor/lib:/opt/ros/humble/lib/x86_64-linux-gnu:/opt/ros/humble/lib'), ('HOME', '/home/GTL/mgaddam'), ('CYCLONEDDS_URI', '/cs-share/pradalier/gtlpc_cyclonedds.xml'), ('DESKTOP_SESSION', 'ubuntu'), ('ROS_PYTHON_VERSION', '3'), ('GNOME_SHELL_SESSION_MODE', 'ubuntu'), ('GTK_MODULES', 'gail:atk-bridge'), ('SYSTEMD_EXEC_PID', '9314'), ('DBUS_SESSION_BUS_ADDRESS', 'unix:path=/run/user/37711/bus'), ('COLORTERM', 'truecolor'), ('ROS_DISTRO', 'humble'), ('GTK_IM_MODULE', 'ibus'), ('LOGNAME', 'mgaddam'), ('_', '/usr/bin/colcon'), ('ROS_VERSION', '2'), ('XDG_SESSION_CLASS', 'user'), ('USERNAME', 'mgaddam'), ('TERM', 'xterm-256color'), ('GNOME_DESKTOP_SESSION_ID', 'this-is-deprecated'), ('ROS_LOCALHOST_ONLY', '0'), ('WINDOWPATH', '3'), ('PATH', '/opt/ros/humble/bin:/usr/local/sbin:/usr/local/bin:/usr/sbin:/usr/bin:/sbin:/bin:/usr/games:/usr/local/games:/snap/bin:/snap/bin'), ('SESSION_MANAGER', 'local/gtlpc100.georgiatech-metz.fr:@/tmp/.ICE-unix/7821,unix/gtlpc100.georgiatech-metz.fr:/tmp/.ICE-unix/7821'), ('XDG_MENU_PREFIX', 'gnome-'), ('GNOME_TERMINAL_SCREEN', '/org/gnome/Terminal/screen/133225e1_4f7d_47b4_93b7_8e3638a3f8c4'), ('XDG_RUNTIME_DIR', '/run/user/37711'), ('DISPLAY', ':2'), ('LANG', 'en_US.UTF-8'), ('XDG_CURRENT_DESKTOP', 'ubuntu:GNOME'), ('RMW_IMPLEMENTATION', 'rmw_cyclonedds_cpp'), ('XMODIFIERS', '@im=ibus'), ('XDG_SESSION_DESKTOP', 'ubuntu'), ('XAUTHORITY', '/run/user/37711/gdm/Xauthority'), ('GNOME_TERMINAL_SERVICE', ':1.94'), ('SSH_AGENT_LAUNCHER', 'gnome-keyring'), ('SSH_AUTH_SOCK', '/run/user/37711/keyring/ssh'), ('ROS_DOMAIN_ID', '50'), ('AMENT_PREFIX_PATH', '/opt/ros/humble'), ('SHELL', '/bin/bash'), ('KRB5CCNAME', 'FILE:/tmp/krb5cc_37711'), ('QT_ACCESSIBILITY', '1'), ('GDMSESSION', 'ubuntu'), ('GPG_AGENT_INFO', '/run/user/37711/gnupg/S.gpg-agent:0:1'), ('QT_IM_MODULE', 'ibus'), ('PWD', '/home/GTL/mgaddam/CS7630/ros2_ws/build/wpa_cli_msgs'), ('XDG_CONFIG_DIRS', '/etc/xdg/xdg-ubuntu:/etc/xdg'), ('XDG_DATA_DIRS', '/usr/share/ubuntu:/usr/share/gnome:/usr/local/share/:/usr/share/:/var/lib/snapd/desktop'), ('PYTHONPATH', '/opt/ros/humble/lib/python3.10/site-packages:/opt/ros/humble/local/lib/python3.10/dist-packages'), ('COLCON', '1'), ('VTE_VERSION', '6800'), ('CMAKE_PREFIX_PATH', '/opt/ros/humble')]), 'shell': False}
[0.429799] (wpa_cli_msgs) StdoutLine: {'line': b'-- Install configuration: ""\n'}
[0.431392] (wpa_cli_msgs) StdoutLine: {'line': b'-- Up-to-date: /home/GTL/mgaddam/CS7630/ros2_ws/install/wpa_cli_msgs/share/ament_index/resource_index/rosidl_interfaces/wpa_cli_msgs\n'}
[0.432446] (wpa_cli_msgs) StdoutLine: {'line': b'-- Up-to-date: /home/GTL/mgaddam/CS7630/ros2_ws/install/wpa_cli_msgs/include/wpa_cli_msgs/wpa_cli_msgs\n'}
[0.433447] (wpa_cli_msgs) StdoutLine: {'line': b'-- Up-to-date: /home/GTL/mgaddam/CS7630/ros2_ws/install/wpa_cli_msgs/include/wpa_cli_msgs/wpa_cli_msgs/msg\n'}
[0.434346] (wpa_cli_msgs) StdoutLine: {'line': b'-- Up-to-date: /home/GTL/mgaddam/CS7630/ros2_ws/install/wpa_cli_msgs/include/wpa_cli_msgs/wpa_cli_msgs/msg/detail\n'}
[0.435517] (wpa_cli_msgs) StdoutLine: {'line': b'-- Up-to-date: /home/GTL/mgaddam/CS7630/ros2_ws/install/wpa_cli_msgs/include/wpa_cli_msgs/wpa_cli_msgs/msg/detail/network__functions.h\n'}
[0.435878] (wpa_cli_msgs) StdoutLine: {'line': b'-- Up-to-date: /home/GTL/mgaddam/CS7630/ros2_ws/install/wpa_cli_msgs/include/wpa_cli_msgs/wpa_cli_msgs/msg/detail/network__type_support.h\n'}
[0.436306] (wpa_cli_msgs) StdoutLine: {'line': b'-- Up-to-date: /home/GTL/mgaddam/CS7630/ros2_ws/install/wpa_cli_msgs/include/wpa_cli_msgs/wpa_cli_msgs/msg/detail/scan__struct.h\n'}
[0.436829] (wpa_cli_msgs) StdoutLine: {'line': b'-- Up-to-date: /home/GTL/mgaddam/CS7630/ros2_ws/install/wpa_cli_msgs/include/wpa_cli_msgs/wpa_cli_msgs/msg/detail/scan__type_support.h\n'}
[0.437210] (wpa_cli_msgs) StdoutLine: {'line': b'-- Up-to-date: /home/GTL/mgaddam/CS7630/ros2_ws/install/wpa_cli_msgs/include/wpa_cli_msgs/wpa_cli_msgs/msg/detail/scan__functions.c\n'}
[0.437698] (wpa_cli_msgs) StdoutLine: {'line': b'-- Up-to-date: /home/GTL/mgaddam/CS7630/ros2_ws/install/wpa_cli_msgs/include/wpa_cli_msgs/wpa_cli_msgs/msg/detail/scan__functions.h\n'}
[0.438115] (wpa_cli_msgs) StdoutLine: {'line': b'-- Up-to-date: /home/GTL/mgaddam/CS7630/ros2_ws/install/wpa_cli_msgs/include/wpa_cli_msgs/wpa_cli_msgs/msg/detail/network__functions.c\n'}
[0.438584] (wpa_cli_msgs) StdoutLine: {'line': b'-- Up-to-date: /home/GTL/mgaddam/CS7630/ros2_ws/install/wpa_cli_msgs/include/wpa_cli_msgs/wpa_cli_msgs/msg/detail/network__struct.h\n'}
[0.439013] (wpa_cli_msgs) StdoutLine: {'line': b'-- Up-to-date: /home/GTL/mgaddam/CS7630/ros2_ws/install/wpa_cli_msgs/include/wpa_cli_msgs/wpa_cli_msgs/msg/rosidl_generator_c__visibility_control.h\n'}
[0.439589] (wpa_cli_msgs) StdoutLine: {'line': b'-- Up-to-date: /home/GTL/mgaddam/CS7630/ros2_ws/install/wpa_cli_msgs/include/wpa_cli_msgs/wpa_cli_msgs/msg/scan.h\n'}
[0.439991] (wpa_cli_msgs) StdoutLine: {'line': b'-- Up-to-date: /home/GTL/mgaddam/CS7630/ros2_ws/install/wpa_cli_msgs/include/wpa_cli_msgs/wpa_cli_msgs/msg/network.h\n'}
[0.441132] (wpa_cli_msgs) StdoutLine: {'line': b'-- Up-to-date: /home/GTL/mgaddam/CS7630/ros2_ws/install/wpa_cli_msgs/share/wpa_cli_msgs/environment/library_path.sh\n'}
[0.442242] (wpa_cli_msgs) StdoutLine: {'line': b'-- Up-to-date: /home/GTL/mgaddam/CS7630/ros2_ws/install/wpa_cli_msgs/share/wpa_cli_msgs/environment/library_path.dsv\n'}
[0.443647] (wpa_cli_msgs) StdoutLine: {'line': b'-- Up-to-date: /home/GTL/mgaddam/CS7630/ros2_ws/install/wpa_cli_msgs/lib/libwpa_cli_msgs__rosidl_generator_c.so\n'}
[0.444998] (wpa_cli_msgs) StdoutLine: {'line': b'-- Up-to-date: /home/GTL/mgaddam/CS7630/ros2_ws/install/wpa_cli_msgs/include/wpa_cli_msgs/wpa_cli_msgs\n'}
[0.445599] (wpa_cli_msgs) StdoutLine: {'line': b'-- Up-to-date: /home/GTL/mgaddam/CS7630/ros2_ws/install/wpa_cli_msgs/include/wpa_cli_msgs/wpa_cli_msgs/msg\n'}
[0.446474] (wpa_cli_msgs) StdoutLine: {'line': b'-- Up-to-date: /home/GTL/mgaddam/CS7630/ros2_ws/install/wpa_cli_msgs/include/wpa_cli_msgs/wpa_cli_msgs/msg/detail\n'}
[0.447708] (wpa_cli_msgs) StdoutLine: {'line': b'-- Up-to-date: /home/GTL/mgaddam/CS7630/ros2_ws/install/wpa_cli_msgs/include/wpa_cli_msgs/wpa_cli_msgs/msg/detail/network__rosidl_typesupport_fastrtps_c.h\n'}
[0.448200] (wpa_cli_msgs) StdoutLine: {'line': b'-- Up-to-date: /home/GTL/mgaddam/CS7630/ros2_ws/install/wpa_cli_msgs/include/wpa_cli_msgs/wpa_cli_msgs/msg/detail/scan__rosidl_typesupport_fastrtps_c.h\n'}
[0.448642] (wpa_cli_msgs) StdoutLine: {'line': b'-- Up-to-date: /home/GTL/mgaddam/CS7630/ros2_ws/install/wpa_cli_msgs/include/wpa_cli_msgs/wpa_cli_msgs/msg/rosidl_typesupport_fastrtps_c__visibility_control.h\n'}
[0.450910] (wpa_cli_msgs) StdoutLine: {'line': b'-- Up-to-date: /home/GTL/mgaddam/CS7630/ros2_ws/install/wpa_cli_msgs/lib/libwpa_cli_msgs__rosidl_typesupport_fastrtps_c.so\n'}
[0.453499] (wpa_cli_msgs) StdoutLine: {'line': b'-- Up-to-date: /home/GTL/mgaddam/CS7630/ros2_ws/install/wpa_cli_msgs/include/wpa_cli_msgs/wpa_cli_msgs\n'}
[0.454352] (wpa_cli_msgs) StdoutLine: {'line': b'-- Up-to-date: /home/GTL/mgaddam/CS7630/ros2_ws/install/wpa_cli_msgs/include/wpa_cli_msgs/wpa_cli_msgs/msg\n'}
[0.455252] (wpa_cli_msgs) StdoutLine: {'line': b'-- Up-to-date: /home/GTL/mgaddam/CS7630/ros2_ws/install/wpa_cli_msgs/include/wpa_cli_msgs/wpa_cli_msgs/msg/detail\n'}
[0.456445] (wpa_cli_msgs) StdoutLine: {'line': b'-- Up-to-date: /home/GTL/mgaddam/CS7630/ros2_ws/install/wpa_cli_msgs/include/wpa_cli_msgs/wpa_cli_msgs/msg/detail/scan__builder.hpp\n'}
[0.456836] (wpa_cli_msgs) StdoutLine: {'line': b'-- Up-to-date: /home/GTL/mgaddam/CS7630/ros2_ws/install/wpa_cli_msgs/include/wpa_cli_msgs/wpa_cli_msgs/msg/detail/scan__struct.hpp\n'}
[0.457556] (wpa_cli_msgs) StdoutLine: {'line': b'-- Up-to-date: /home/GTL/mgaddam/CS7630/ros2_ws/install/wpa_cli_msgs/include/wpa_cli_msgs/wpa_cli_msgs/msg/detail/network__traits.hpp\n'}
[0.458272] (wpa_cli_msgs) StdoutLine: {'line': b'-- Up-to-date: /home/GTL/mgaddam/CS7630/ros2_ws/install/wpa_cli_msgs/include/wpa_cli_msgs/wpa_cli_msgs/msg/detail/network__struct.hpp\n'}
[0.458851] (wpa_cli_msgs) StdoutLine: {'line': b'-- Up-to-date: /home/GTL/mgaddam/CS7630/ros2_ws/install/wpa_cli_msgs/include/wpa_cli_msgs/wpa_cli_msgs/msg/detail/network__builder.hpp\n'}
[0.459292] (wpa_cli_msgs) StdoutLine: {'line': b'-- Up-to-date: /home/GTL/mgaddam/CS7630/ros2_ws/install/wpa_cli_msgs/include/wpa_cli_msgs/wpa_cli_msgs/msg/detail/scan__traits.hpp\n'}
[0.459758] (wpa_cli_msgs) StdoutLine: {'line': b'-- Up-to-date: /home/GTL/mgaddam/CS7630/ros2_ws/install/wpa_cli_msgs/include/wpa_cli_msgs/wpa_cli_msgs/msg/scan.hpp\n'}
[0.460265] (wpa_cli_msgs) StdoutLine: {'line': b'-- Up-to-date: /home/GTL/mgaddam/CS7630/ros2_ws/install/wpa_cli_msgs/include/wpa_cli_msgs/wpa_cli_msgs/msg/network.hpp\n'}
[0.460878] (wpa_cli_msgs) StdoutLine: {'line': b'-- Up-to-date: /home/GTL/mgaddam/CS7630/ros2_ws/install/wpa_cli_msgs/include/wpa_cli_msgs/wpa_cli_msgs\n'}
[0.461583] (wpa_cli_msgs) StdoutLine: {'line': b'-- Up-to-date: /home/GTL/mgaddam/CS7630/ros2_ws/install/wpa_cli_msgs/include/wpa_cli_msgs/wpa_cli_msgs/msg\n'}
[0.462326] (wpa_cli_msgs) StdoutLine: {'line': b'-- Up-to-date: /home/GTL/mgaddam/CS7630/ros2_ws/install/wpa_cli_msgs/include/wpa_cli_msgs/wpa_cli_msgs/msg/detail\n'}
[0.463539] (wpa_cli_msgs) StdoutLine: {'line': b'-- Up-to-date: /home/GTL/mgaddam/CS7630/ros2_ws/install/wpa_cli_msgs/include/wpa_cli_msgs/wpa_cli_msgs/msg/detail/scan__rosidl_typesupport_fastrtps_cpp.hpp\n'}
[0.464006] (wpa_cli_msgs) StdoutLine: {'line': b'-- Up-to-date: /home/GTL/mgaddam/CS7630/ros2_ws/install/wpa_cli_msgs/include/wpa_cli_msgs/wpa_cli_msgs/msg/detail/dds_fastrtps\n'}
[0.465122] (wpa_cli_msgs) StdoutLine: {'line': b'-- Up-to-date: /home/GTL/mgaddam/CS7630/ros2_ws/install/wpa_cli_msgs/include/wpa_cli_msgs/wpa_cli_msgs/msg/detail/network__rosidl_typesupport_fastrtps_cpp.hpp\n'}
[0.465526] (wpa_cli_msgs) StdoutLine: {'line': b'-- Up-to-date: /home/GTL/mgaddam/CS7630/ros2_ws/install/wpa_cli_msgs/include/wpa_cli_msgs/wpa_cli_msgs/msg/rosidl_typesupport_fastrtps_cpp__visibility_control.h\n'}
[0.466685] (wpa_cli_msgs) StdoutLine: {'line': b'-- Up-to-date: /home/GTL/mgaddam/CS7630/ros2_ws/install/wpa_cli_msgs/lib/libwpa_cli_msgs__rosidl_typesupport_fastrtps_cpp.so\n'}
[0.469472] (wpa_cli_msgs) StdoutLine: {'line': b'-- Up-to-date: /home/GTL/mgaddam/CS7630/ros2_ws/install/wpa_cli_msgs/include/wpa_cli_msgs/wpa_cli_msgs\n'}
[0.470094] (wpa_cli_msgs) StdoutLine: {'line': b'-- Up-to-date: /home/GTL/mgaddam/CS7630/ros2_ws/install/wpa_cli_msgs/include/wpa_cli_msgs/wpa_cli_msgs/msg\n'}
[0.470955] (wpa_cli_msgs) StdoutLine: {'line': b'-- Up-to-date: /home/GTL/mgaddam/CS7630/ros2_ws/install/wpa_cli_msgs/include/wpa_cli_msgs/wpa_cli_msgs/msg/detail\n'}
[0.472205] (wpa_cli_msgs) StdoutLine: {'line': b'-- Up-to-date: /home/GTL/mgaddam/CS7630/ros2_ws/install/wpa_cli_msgs/include/wpa_cli_msgs/wpa_cli_msgs/msg/detail/network__rosidl_typesupport_introspection_c.h\n'}
[0.472587] (wpa_cli_msgs) StdoutLine: {'line': b'-- Up-to-date: /home/GTL/mgaddam/CS7630/ros2_ws/install/wpa_cli_msgs/include/wpa_cli_msgs/wpa_cli_msgs/msg/detail/scan__type_support.c\n'}
[0.473028] (wpa_cli_msgs) StdoutLine: {'line': b'-- Up-to-date: /home/GTL/mgaddam/CS7630/ros2_ws/install/wpa_cli_msgs/include/wpa_cli_msgs/wpa_cli_msgs/msg/detail/network__type_support.c\n'}
[0.473441] (wpa_cli_msgs) StdoutLine: {'line': b'-- Up-to-date: /home/GTL/mgaddam/CS7630/ros2_ws/install/wpa_cli_msgs/include/wpa_cli_msgs/wpa_cli_msgs/msg/detail/scan__rosidl_typesupport_introspection_c.h\n'}
[0.474008] (wpa_cli_msgs) StdoutLine: {'line': b'-- Up-to-date: /home/GTL/mgaddam/CS7630/ros2_ws/install/wpa_cli_msgs/include/wpa_cli_msgs/wpa_cli_msgs/msg/rosidl_typesupport_introspection_c__visibility_control.h\n'}
[0.474845] (wpa_cli_msgs) StdoutLine: {'line': b'-- Up-to-date: /home/GTL/mgaddam/CS7630/ros2_ws/install/wpa_cli_msgs/lib/libwpa_cli_msgs__rosidl_typesupport_introspection_c.so\n'}
[0.477035] (wpa_cli_msgs) StdoutLine: {'line': b'-- Up-to-date: /home/GTL/mgaddam/CS7630/ros2_ws/install/wpa_cli_msgs/lib/libwpa_cli_msgs__rosidl_typesupport_c.so\n'}
[0.478005] (wpa_cli_msgs) StdoutLine: {'line': b'-- Up-to-date: /home/GTL/mgaddam/CS7630/ros2_ws/install/wpa_cli_msgs/include/wpa_cli_msgs/wpa_cli_msgs\n'}
[0.479101] (wpa_cli_msgs) StdoutLine: {'line': b'-- Up-to-date: /home/GTL/mgaddam/CS7630/ros2_ws/install/wpa_cli_msgs/include/wpa_cli_msgs/wpa_cli_msgs/msg\n'}
[0.480124] (wpa_cli_msgs) StdoutLine: {'line': b'-- Up-to-date: /home/GTL/mgaddam/CS7630/ros2_ws/install/wpa_cli_msgs/include/wpa_cli_msgs/wpa_cli_msgs/msg/detail\n'}
[0.480881] (wpa_cli_msgs) StdoutLine: {'line': b'-- Up-to-date: /home/GTL/mgaddam/CS7630/ros2_ws/install/wpa_cli_msgs/include/wpa_cli_msgs/wpa_cli_msgs/msg/detail/network__rosidl_typesupport_introspection_cpp.hpp\n'}
[0.481554] (wpa_cli_msgs) StdoutLine: {'line': b'-- Up-to-date: /home/GTL/mgaddam/CS7630/ros2_ws/install/wpa_cli_msgs/include/wpa_cli_msgs/wpa_cli_msgs/msg/detail/scan__rosidl_typesupport_introspection_cpp.hpp\n'}
[0.482052] (wpa_cli_msgs) StdoutLine: {'line': b'-- Up-to-date: /home/GTL/mgaddam/CS7630/ros2_ws/install/wpa_cli_msgs/include/wpa_cli_msgs/wpa_cli_msgs/msg/detail/network__type_support.cpp\n'}
[0.482530] (wpa_cli_msgs) StdoutLine: {'line': b'-- Up-to-date: /home/GTL/mgaddam/CS7630/ros2_ws/install/wpa_cli_msgs/include/wpa_cli_msgs/wpa_cli_msgs/msg/detail/scan__type_support.cpp\n'}
[0.483554] (wpa_cli_msgs) StdoutLine: {'line': b'-- Up-to-date: /home/GTL/mgaddam/CS7630/ros2_ws/install/wpa_cli_msgs/lib/libwpa_cli_msgs__rosidl_typesupport_introspection_cpp.so\n'}
[0.485408] (wpa_cli_msgs) StdoutLine: {'line': b'-- Up-to-date: /home/GTL/mgaddam/CS7630/ros2_ws/install/wpa_cli_msgs/lib/libwpa_cli_msgs__rosidl_typesupport_cpp.so\n'}
[0.487004] (wpa_cli_msgs) StdoutLine: {'line': b'-- Up-to-date: /home/GTL/mgaddam/CS7630/ros2_ws/install/wpa_cli_msgs/share/wpa_cli_msgs/environment/pythonpath.sh\n'}
[0.487733] (wpa_cli_msgs) StdoutLine: {'line': b'-- Up-to-date: /home/GTL/mgaddam/CS7630/ros2_ws/install/wpa_cli_msgs/share/wpa_cli_msgs/environment/pythonpath.dsv\n'}
[0.489181] (wpa_cli_msgs) StdoutLine: {'line': b'-- Up-to-date: /home/GTL/mgaddam/CS7630/ros2_ws/install/wpa_cli_msgs/local/lib/python3.10/dist-packages/wpa_cli_msgs-0.0.0-py3.10.egg-info\n'}
[0.490306] (wpa_cli_msgs) StdoutLine: {'line': b'-- Installing: /home/GTL/mgaddam/CS7630/ros2_ws/install/wpa_cli_msgs/local/lib/python3.10/dist-packages/wpa_cli_msgs-0.0.0-py3.10.egg-info/dependency_links.txt\n'}
[0.494895] (wpa_cli_msgs) StdoutLine: {'line': b'-- Installing: /home/GTL/mgaddam/CS7630/ros2_ws/install/wpa_cli_msgs/local/lib/python3.10/dist-packages/wpa_cli_msgs-0.0.0-py3.10.egg-info/top_level.txt\n'}
[0.499051] (wpa_cli_msgs) StdoutLine: {'line': b'-- Installing: /home/GTL/mgaddam/CS7630/ros2_ws/install/wpa_cli_msgs/local/lib/python3.10/dist-packages/wpa_cli_msgs-0.0.0-py3.10.egg-info/PKG-INFO\n'}
[0.499095] (-) TimerEvent: {}
[0.503916] (wpa_cli_msgs) StdoutLine: {'line': b'-- Installing: /home/GTL/mgaddam/CS7630/ros2_ws/install/wpa_cli_msgs/local/lib/python3.10/dist-packages/wpa_cli_msgs-0.0.0-py3.10.egg-info/SOURCES.txt\n'}
[0.508904] (wpa_cli_msgs) StdoutLine: {'line': b'-- Up-to-date: /home/GTL/mgaddam/CS7630/ros2_ws/install/wpa_cli_msgs/local/lib/python3.10/dist-packages/wpa_cli_msgs\n'}
[0.510321] (wpa_cli_msgs) StdoutLine: {'line': b'-- Up-to-date: /home/GTL/mgaddam/CS7630/ros2_ws/install/wpa_cli_msgs/local/lib/python3.10/dist-packages/wpa_cli_msgs/wpa_cli_msgs_s__rosidl_typesupport_introspection_c.cpython-310-x86_64-linux-gnu.so\n'}
[0.510762] (wpa_cli_msgs) StdoutLine: {'line': b'-- Up-to-date: /home/GTL/mgaddam/CS7630/ros2_ws/install/wpa_cli_msgs/local/lib/python3.10/dist-packages/wpa_cli_msgs/_wpa_cli_msgs_s.ep.rosidl_typesupport_introspection_c.c\n'}
[0.511499] (wpa_cli_msgs) StdoutLine: {'line': b'-- Up-to-date: /home/GTL/mgaddam/CS7630/ros2_ws/install/wpa_cli_msgs/local/lib/python3.10/dist-packages/wpa_cli_msgs/msg\n'}
[0.512387] (wpa_cli_msgs) StdoutLine: {'line': b'-- Up-to-date: /home/GTL/mgaddam/CS7630/ros2_ws/install/wpa_cli_msgs/local/lib/python3.10/dist-packages/wpa_cli_msgs/msg/_scan.py\n'}
[0.512834] (wpa_cli_msgs) StdoutLine: {'line': b'-- Up-to-date: /home/GTL/mgaddam/CS7630/ros2_ws/install/wpa_cli_msgs/local/lib/python3.10/dist-packages/wpa_cli_msgs/msg/__init__.py\n'}
[0.513516] (wpa_cli_msgs) StdoutLine: {'line': b'-- Up-to-date: /home/GTL/mgaddam/CS7630/ros2_ws/install/wpa_cli_msgs/local/lib/python3.10/dist-packages/wpa_cli_msgs/msg/_network_s.c\n'}
[0.513944] (wpa_cli_msgs) StdoutLine: {'line': b'-- Up-to-date: /home/GTL/mgaddam/CS7630/ros2_ws/install/wpa_cli_msgs/local/lib/python3.10/dist-packages/wpa_cli_msgs/msg/_scan_s.c\n'}
[0.514594] (wpa_cli_msgs) StdoutLine: {'line': b'-- Up-to-date: /home/GTL/mgaddam/CS7630/ros2_ws/install/wpa_cli_msgs/local/lib/python3.10/dist-packages/wpa_cli_msgs/msg/_network.py\n'}
[0.515056] (wpa_cli_msgs) StdoutLine: {'line': b'-- Up-to-date: /home/GTL/mgaddam/CS7630/ros2_ws/install/wpa_cli_msgs/local/lib/python3.10/dist-packages/wpa_cli_msgs/_wpa_cli_msgs_s.ep.rosidl_typesupport_c.c\n'}
[0.515551] (wpa_cli_msgs) StdoutLine: {'line': b'-- Up-to-date: /home/GTL/mgaddam/CS7630/ros2_ws/install/wpa_cli_msgs/local/lib/python3.10/dist-packages/wpa_cli_msgs/wpa_cli_msgs_s__rosidl_typesupport_fastrtps_c.cpython-310-x86_64-linux-gnu.so\n'}
[0.516135] (wpa_cli_msgs) StdoutLine: {'line': b'-- Up-to-date: /home/GTL/mgaddam/CS7630/ros2_ws/install/wpa_cli_msgs/local/lib/python3.10/dist-packages/wpa_cli_msgs/libwpa_cli_msgs__rosidl_generator_py.so\n'}
[0.516590] (wpa_cli_msgs) StdoutLine: {'line': b'-- Up-to-date: /home/GTL/mgaddam/CS7630/ros2_ws/install/wpa_cli_msgs/local/lib/python3.10/dist-packages/wpa_cli_msgs/_wpa_cli_msgs_s.ep.rosidl_typesupport_fastrtps_c.c\n'}
[0.517300] (wpa_cli_msgs) StdoutLine: {'line': b'-- Up-to-date: /home/GTL/mgaddam/CS7630/ros2_ws/install/wpa_cli_msgs/local/lib/python3.10/dist-packages/wpa_cli_msgs/__init__.py\n'}
[0.517821] (wpa_cli_msgs) StdoutLine: {'line': b'-- Up-to-date: /home/GTL/mgaddam/CS7630/ros2_ws/install/wpa_cli_msgs/local/lib/python3.10/dist-packages/wpa_cli_msgs/wpa_cli_msgs_s__rosidl_typesupport_c.cpython-310-x86_64-linux-gnu.so\n'}
[0.540030] (wpa_cli_msgs) StdoutLine: {'line': b"Listing '/home/GTL/mgaddam/CS7630/ros2_ws/install/wpa_cli_msgs/local/lib/python3.10/dist-packages/wpa_cli_msgs'...\n"}
[0.540202] (wpa_cli_msgs) StdoutLine: {'line': b"Listing '/home/GTL/mgaddam/CS7630/ros2_ws/install/wpa_cli_msgs/local/lib/python3.10/dist-packages/wpa_cli_msgs/msg'...\n"}
[0.544692] (wpa_cli_msgs) StdoutLine: {'line': b'-- Up-to-date: /home/GTL/mgaddam/CS7630/ros2_ws/install/wpa_cli_msgs/local/lib/python3.10/dist-packages/wpa_cli_msgs/wpa_cli_msgs_s__rosidl_typesupport_fastrtps_c.cpython-310-x86_64-linux-gnu.so\n'}
[0.549094] (wpa_cli_msgs) StdoutLine: {'line': b'-- Up-to-date: /home/GTL/mgaddam/CS7630/ros2_ws/install/wpa_cli_msgs/local/lib/python3.10/dist-packages/wpa_cli_msgs/wpa_cli_msgs_s__rosidl_typesupport_introspection_c.cpython-310-x86_64-linux-gnu.so\n'}
[0.552080] (wpa_cli_msgs) StdoutLine: {'line': b'-- Up-to-date: /home/GTL/mgaddam/CS7630/ros2_ws/install/wpa_cli_msgs/local/lib/python3.10/dist-packages/wpa_cli_msgs/wpa_cli_msgs_s__rosidl_typesupport_c.cpython-310-x86_64-linux-gnu.so\n'}
[0.553768] (wpa_cli_msgs) StdoutLine: {'line': b'-- Up-to-date: /home/GTL/mgaddam/CS7630/ros2_ws/install/wpa_cli_msgs/lib/libwpa_cli_msgs__rosidl_generator_py.so\n'}
[0.555638] (wpa_cli_msgs) StdoutLine: {'line': b'-- Up-to-date: /home/GTL/mgaddam/CS7630/ros2_ws/install/wpa_cli_msgs/share/wpa_cli_msgs/msg/Network.idl\n'}
[0.556244] (wpa_cli_msgs) StdoutLine: {'line': b'-- Up-to-date: /home/GTL/mgaddam/CS7630/ros2_ws/install/wpa_cli_msgs/share/wpa_cli_msgs/msg/Scan.idl\n'}
[0.556748] (wpa_cli_msgs) StdoutLine: {'line': b'-- Up-to-date: /home/GTL/mgaddam/CS7630/ros2_ws/install/wpa_cli_msgs/share/wpa_cli_msgs/msg/Network.msg\n'}
[0.557189] (wpa_cli_msgs) StdoutLine: {'line': b'-- Up-to-date: /home/GTL/mgaddam/CS7630/ros2_ws/install/wpa_cli_msgs/share/wpa_cli_msgs/msg/Scan.msg\n'}
[0.558181] (wpa_cli_msgs) StdoutLine: {'line': b'-- Up-to-date: /home/GTL/mgaddam/CS7630/ros2_ws/install/wpa_cli_msgs/share/ament_index/resource_index/package_run_dependencies/wpa_cli_msgs\n'}
[0.558919] (wpa_cli_msgs) StdoutLine: {'line': b'-- Up-to-date: /home/GTL/mgaddam/CS7630/ros2_ws/install/wpa_cli_msgs/share/ament_index/resource_index/parent_prefix_path/wpa_cli_msgs\n'}
[0.559558] (wpa_cli_msgs) StdoutLine: {'line': b'-- Up-to-date: /home/GTL/mgaddam/CS7630/ros2_ws/install/wpa_cli_msgs/share/wpa_cli_msgs/environment/ament_prefix_path.sh\n'}
[0.560144] (wpa_cli_msgs) StdoutLine: {'line': b'-- Up-to-date: /home/GTL/mgaddam/CS7630/ros2_ws/install/wpa_cli_msgs/share/wpa_cli_msgs/environment/ament_prefix_path.dsv\n'}
[0.560829] (wpa_cli_msgs) StdoutLine: {'line': b'-- Up-to-date: /home/GTL/mgaddam/CS7630/ros2_ws/install/wpa_cli_msgs/share/wpa_cli_msgs/environment/path.sh\n'}
[0.561622] (wpa_cli_msgs) StdoutLine: {'line': b'-- Up-to-date: /home/GTL/mgaddam/CS7630/ros2_ws/install/wpa_cli_msgs/share/wpa_cli_msgs/environment/path.dsv\n'}
[0.562083] (wpa_cli_msgs) StdoutLine: {'line': b'-- Up-to-date: /home/GTL/mgaddam/CS7630/ros2_ws/install/wpa_cli_msgs/share/wpa_cli_msgs/local_setup.bash\n'}
[0.562818] (wpa_cli_msgs) StdoutLine: {'line': b'-- Up-to-date: /home/GTL/mgaddam/CS7630/ros2_ws/install/wpa_cli_msgs/share/wpa_cli_msgs/local_setup.sh\n'}
[0.563258] (wpa_cli_msgs) StdoutLine: {'line': b'-- Up-to-date: /home/GTL/mgaddam/CS7630/ros2_ws/install/wpa_cli_msgs/share/wpa_cli_msgs/local_setup.zsh\n'}
[0.564204] (wpa_cli_msgs) StdoutLine: {'line': b'-- Up-to-date: /home/GTL/mgaddam/CS7630/ros2_ws/install/wpa_cli_msgs/share/wpa_cli_msgs/local_setup.dsv\n'}
[0.565266] (wpa_cli_msgs) StdoutLine: {'line': b'-- Installing: /home/GTL/mgaddam/CS7630/ros2_ws/install/wpa_cli_msgs/share/wpa_cli_msgs/package.dsv\n'}
[0.570687] (wpa_cli_msgs) StdoutLine: {'line': b'-- Up-to-date: /home/GTL/mgaddam/CS7630/ros2_ws/install/wpa_cli_msgs/share/ament_index/resource_index/packages/wpa_cli_msgs\n'}
[0.573566] (wpa_cli_msgs) StdoutLine: {'line': b'-- Up-to-date: /home/GTL/mgaddam/CS7630/ros2_ws/install/wpa_cli_msgs/share/wpa_cli_msgs/cmake/export_wpa_cli_msgs__rosidl_generator_cExport.cmake\n'}
[0.574386] (wpa_cli_msgs) StdoutLine: {'line': b'-- Up-to-date: /home/GTL/mgaddam/CS7630/ros2_ws/install/wpa_cli_msgs/share/wpa_cli_msgs/cmake/export_wpa_cli_msgs__rosidl_generator_cExport-noconfig.cmake\n'}
[0.576295] (wpa_cli_msgs) StdoutLine: {'line': b'-- Up-to-date: /home/GTL/mgaddam/CS7630/ros2_ws/install/wpa_cli_msgs/share/wpa_cli_msgs/cmake/export_wpa_cli_msgs__rosidl_typesupport_fastrtps_cExport.cmake\n'}
[0.576983] (wpa_cli_msgs) StdoutLine: {'line': b'-- Up-to-date: /home/GTL/mgaddam/CS7630/ros2_ws/install/wpa_cli_msgs/share/wpa_cli_msgs/cmake/export_wpa_cli_msgs__rosidl_typesupport_fastrtps_cExport-noconfig.cmake\n'}
[0.578820] (wpa_cli_msgs) StdoutLine: {'line': b'-- Up-to-date: /home/GTL/mgaddam/CS7630/ros2_ws/install/wpa_cli_msgs/share/wpa_cli_msgs/cmake/export_wpa_cli_msgs__rosidl_generator_cppExport.cmake\n'}
[0.580663] (wpa_cli_msgs) StdoutLine: {'line': b'-- Up-to-date: /home/GTL/mgaddam/CS7630/ros2_ws/install/wpa_cli_msgs/share/wpa_cli_msgs/cmake/export_wpa_cli_msgs__rosidl_typesupport_fastrtps_cppExport.cmake\n'}
[0.581380] (wpa_cli_msgs) StdoutLine: {'line': b'-- Up-to-date: /home/GTL/mgaddam/CS7630/ros2_ws/install/wpa_cli_msgs/share/wpa_cli_msgs/cmake/export_wpa_cli_msgs__rosidl_typesupport_fastrtps_cppExport-noconfig.cmake\n'}
[0.583705] (wpa_cli_msgs) StdoutLine: {'line': b'-- Up-to-date: /home/GTL/mgaddam/CS7630/ros2_ws/install/wpa_cli_msgs/share/wpa_cli_msgs/cmake/wpa_cli_msgs__rosidl_typesupport_introspection_cExport.cmake\n'}
[0.584642] (wpa_cli_msgs) StdoutLine: {'line': b'-- Up-to-date: /home/GTL/mgaddam/CS7630/ros2_ws/install/wpa_cli_msgs/share/wpa_cli_msgs/cmake/wpa_cli_msgs__rosidl_typesupport_introspection_cExport-noconfig.cmake\n'}
[0.586586] (wpa_cli_msgs) StdoutLine: {'line': b'-- Up-to-date: /home/GTL/mgaddam/CS7630/ros2_ws/install/wpa_cli_msgs/share/wpa_cli_msgs/cmake/wpa_cli_msgs__rosidl_typesupport_cExport.cmake\n'}
[0.587384] (wpa_cli_msgs) StdoutLine: {'line': b'-- Up-to-date: /home/GTL/mgaddam/CS7630/ros2_ws/install/wpa_cli_msgs/share/wpa_cli_msgs/cmake/wpa_cli_msgs__rosidl_typesupport_cExport-noconfig.cmake\n'}
[0.589354] (wpa_cli_msgs) StdoutLine: {'line': b'-- Up-to-date: /home/GTL/mgaddam/CS7630/ros2_ws/install/wpa_cli_msgs/share/wpa_cli_msgs/cmake/wpa_cli_msgs__rosidl_typesupport_introspection_cppExport.cmake\n'}
[0.589984] (wpa_cli_msgs) StdoutLine: {'line': b'-- Up-to-date: /home/GTL/mgaddam/CS7630/ros2_ws/install/wpa_cli_msgs/share/wpa_cli_msgs/cmake/wpa_cli_msgs__rosidl_typesupport_introspection_cppExport-noconfig.cmake\n'}
[0.591683] (wpa_cli_msgs) StdoutLine: {'line': b'-- Up-to-date: /home/GTL/mgaddam/CS7630/ros2_ws/install/wpa_cli_msgs/share/wpa_cli_msgs/cmake/wpa_cli_msgs__rosidl_typesupport_cppExport.cmake\n'}
[0.592407] (wpa_cli_msgs) StdoutLine: {'line': b'-- Up-to-date: /home/GTL/mgaddam/CS7630/ros2_ws/install/wpa_cli_msgs/share/wpa_cli_msgs/cmake/wpa_cli_msgs__rosidl_typesupport_cppExport-noconfig.cmake\n'}
[0.594338] (wpa_cli_msgs) StdoutLine: {'line': b'-- Up-to-date: /home/GTL/mgaddam/CS7630/ros2_ws/install/wpa_cli_msgs/share/wpa_cli_msgs/cmake/export_wpa_cli_msgs__rosidl_generator_pyExport.cmake\n'}
[0.595039] (wpa_cli_msgs) StdoutLine: {'line': b'-- Up-to-date: /home/GTL/mgaddam/CS7630/ros2_ws/install/wpa_cli_msgs/share/wpa_cli_msgs/cmake/export_wpa_cli_msgs__rosidl_generator_pyExport-noconfig.cmake\n'}
[0.595579] (wpa_cli_msgs) StdoutLine: {'line': b'-- Up-to-date: /home/GTL/mgaddam/CS7630/ros2_ws/install/wpa_cli_msgs/share/wpa_cli_msgs/cmake/rosidl_cmake-extras.cmake\n'}
[0.596453] (wpa_cli_msgs) StdoutLine: {'line': b'-- Up-to-date: /home/GTL/mgaddam/CS7630/ros2_ws/install/wpa_cli_msgs/share/wpa_cli_msgs/cmake/ament_cmake_export_dependencies-extras.cmake\n'}
[0.596957] (wpa_cli_msgs) StdoutLine: {'line': b'-- Up-to-date: /home/GTL/mgaddam/CS7630/ros2_ws/install/wpa_cli_msgs/share/wpa_cli_msgs/cmake/ament_cmake_export_include_directories-extras.cmake\n'}
[0.597728] (wpa_cli_msgs) StdoutLine: {'line': b'-- Up-to-date: /home/GTL/mgaddam/CS7630/ros2_ws/install/wpa_cli_msgs/share/wpa_cli_msgs/cmake/ament_cmake_export_libraries-extras.cmake\n'}
[0.598282] (wpa_cli_msgs) StdoutLine: {'line': b'-- Up-to-date: /home/GTL/mgaddam/CS7630/ros2_ws/install/wpa_cli_msgs/share/wpa_cli_msgs/cmake/ament_cmake_export_targets-extras.cmake\n'}
[0.598779] (wpa_cli_msgs) StdoutLine: {'line': b'-- Up-to-date: /home/GTL/mgaddam/CS7630/ros2_ws/install/wpa_cli_msgs/share/wpa_cli_msgs/cmake/rosidl_cmake_export_typesupport_targets-extras.cmake\n'}
[0.599218] (-) TimerEvent: {}
[0.599520] (wpa_cli_msgs) StdoutLine: {'line': b'-- Up-to-date: /home/GTL/mgaddam/CS7630/ros2_ws/install/wpa_cli_msgs/share/wpa_cli_msgs/cmake/rosidl_cmake_export_typesupport_libraries-extras.cmake\n'}
[0.599988] (wpa_cli_msgs) StdoutLine: {'line': b'-- Up-to-date: /home/GTL/mgaddam/CS7630/ros2_ws/install/wpa_cli_msgs/share/wpa_cli_msgs/cmake/wpa_cli_msgsConfig.cmake\n'}
[0.600444] (wpa_cli_msgs) StdoutLine: {'line': b'-- Up-to-date: /home/GTL/mgaddam/CS7630/ros2_ws/install/wpa_cli_msgs/share/wpa_cli_msgs/cmake/wpa_cli_msgsConfig-version.cmake\n'}
[0.601015] (wpa_cli_msgs) StdoutLine: {'line': b'-- Up-to-date: /home/GTL/mgaddam/CS7630/ros2_ws/install/wpa_cli_msgs/share/wpa_cli_msgs/package.xml\n'}
[0.604596] (wpa_cli_msgs) CommandEnded: {'returncode': 0}
[0.699340] (-) TimerEvent: {}
[0.793759] (wpa_cli_msgs) JobEnded: {'identifier': 'wpa_cli_msgs', 'rc': 0}
[0.795233] (-) EventReactorShutdown: {}
