[2.057s] Invoking command in '/home/GTL/mgaddam/CS7630/ros2_ws/src/rover_driver_base': PYTHONPATH=/home/GTL/mgaddam/CS7630/ros2_ws/build/rover_driver_base/prefix_override:/home/GTL/mgaddam/CS7630/ros2_ws/install/rover_driver_base/lib/python3.10/site-packages:${PYTHONPATH} /usr/bin/python3 setup.py egg_info --egg-base ../../build/rover_driver_base build --build-base /home/GTL/mgaddam/CS7630/ros2_ws/build/rover_driver_base/build install --record /home/GTL/mgaddam/CS7630/ros2_ws/build/rover_driver_base/install.log --single-version-externally-managed
[2.225s] running egg_info
[2.225s] writing ../../build/rover_driver_base/rover_driver_base.egg-info/PKG-INFO
[2.227s] writing dependency_links to ../../build/rover_driver_base/rover_driver_base.egg-info/dependency_links.txt
[2.227s] writing entry points to ../../build/rover_driver_base/rover_driver_base.egg-info/entry_points.txt
[2.228s] writing requirements to ../../build/rover_driver_base/rover_driver_base.egg-info/requires.txt
[2.229s] writing top-level names to ../../build/rover_driver_base/rover_driver_base.egg-info/top_level.txt
[2.235s] reading manifest file '../../build/rover_driver_base/rover_driver_base.egg-info/SOURCES.txt'
[2.237s] writing manifest file '../../build/rover_driver_base/rover_driver_base.egg-info/SOURCES.txt'
[2.238s] running build
[2.238s] running build_py
[2.240s] running install
[2.240s] /usr/lib/python3/dist-packages/setuptools/command/install.py:34: SetuptoolsDeprecationWarning: setup.py install is deprecated. Use build and pip and other standards-based tools.
[2.240s]   warnings.warn(
[2.240s] running install_lib
[2.244s] running install_data
[2.246s] running install_egg_info
[2.247s] removing '/home/GTL/mgaddam/CS7630/ros2_ws/install/rover_driver_base/lib/python3.10/site-packages/rover_driver_base-0.0.0-py3.10.egg-info' (and everything under it)
[2.250s] Copying ../../build/rover_driver_base/rover_driver_base.egg-info to /home/GTL/mgaddam/CS7630/ros2_ws/install/rover_driver_base/lib/python3.10/site-packages/rover_driver_base-0.0.0-py3.10.egg-info
[2.269s] running install_scripts
[2.283s] Installing rover_command_node script to /home/GTL/mgaddam/CS7630/ros2_ws/install/rover_driver_base/lib/rover_driver_base
[2.284s] Installing rover_odom_node script to /home/GTL/mgaddam/CS7630/ros2_ws/install/rover_driver_base/lib/rover_driver_base
[2.286s] writing list of installed files to '/home/GTL/mgaddam/CS7630/ros2_ws/build/rover_driver_base/install.log'
[2.346s] Invoked command in '/home/GTL/mgaddam/CS7630/ros2_ws/src/rover_driver_base' returned '0': PYTHONPATH=/home/GTL/mgaddam/CS7630/ros2_ws/build/rover_driver_base/prefix_override:/home/GTL/mgaddam/CS7630/ros2_ws/install/rover_driver_base/lib/python3.10/site-packages:${PYTHONPATH} /usr/bin/python3 setup.py egg_info --egg-base ../../build/rover_driver_base build --build-base /home/GTL/mgaddam/CS7630/ros2_ws/build/rover_driver_base/build install --record /home/GTL/mgaddam/CS7630/ros2_ws/build/rover_driver_base/install.log --single-version-externally-managed
