[0.980s] Invoking command in '/home/GTL/mgaddam/CS7630/ros2_ws/src/ar_slam_base': AMENT_PREFIX_PATH=/home/GTL/mgaddam/CS7630/ros2_ws/install/ar_loc_base:/home/GTL/mgaddam/CS7630/ros2_ws/install/rover_driver_base:/home/GTL/mgaddam/CS7630/ros2_ws/install/ar_mapping_base:${AMENT_PREFIX_PATH} PYTHONPATH=/home/GTL/mgaddam/CS7630/ros2_ws/build/ar_slam_base/prefix_override:/home/GTL/mgaddam/CS7630/ros2_ws/install/ar_slam_base/lib/python3.10/site-packages:/home/GTL/mgaddam/CS7630/ros2_ws/install/ar_loc_base/lib/python3.10/site-packages:/home/GTL/mgaddam/CS7630/ros2_ws/install/rover_driver_base/lib/python3.10/site-packages:/home/GTL/mgaddam/CS7630/ros2_ws/install/ar_mapping_base/lib/python3.10/site-packages:${PYTHONPATH} /usr/bin/python3 setup.py egg_info --egg-base ../../build/ar_slam_base build --build-base /home/GTL/mgaddam/CS7630/ros2_ws/build/ar_slam_base/build install --record /home/GTL/mgaddam/CS7630/ros2_ws/build/ar_slam_base/install.log --single-version-externally-managed
[1.494s] running egg_info
[1.616s] writing ../../build/ar_slam_base/ar_slam_base.egg-info/PKG-INFO
[1.715s] writing dependency_links to ../../build/ar_slam_base/ar_slam_base.egg-info/dependency_links.txt
[1.820s] writing entry points to ../../build/ar_slam_base/ar_slam_base.egg-info/entry_points.txt
[1.863s] writing requirements to ../../build/ar_slam_base/ar_slam_base.egg-info/requires.txt
[1.880s] writing top-level names to ../../build/ar_slam_base/ar_slam_base.egg-info/top_level.txt
[1.893s] reading manifest file '../../build/ar_slam_base/ar_slam_base.egg-info/SOURCES.txt'
[1.906s] writing manifest file '../../build/ar_slam_base/ar_slam_base.egg-info/SOURCES.txt'
[1.907s] running build
[1.907s] running build_py
[1.909s] copying ar_slam_base/mapping_kf.py -> /home/GTL/mgaddam/CS7630/ros2_ws/build/ar_slam_base/build/lib/ar_slam_base
[1.913s] copying ar_slam_base/rover_mapping.py -> /home/GTL/mgaddam/CS7630/ros2_ws/build/ar_slam_base/build/lib/ar_slam_base
[1.915s] running install
[1.915s] /usr/lib/python3/dist-packages/setuptools/command/install.py:34: SetuptoolsDeprecationWarning: setup.py install is deprecated. Use build and pip and other standards-based tools.
[1.915s]   warnings.warn(
[1.915s] running install_lib
[1.917s] copying /home/GTL/mgaddam/CS7630/ros2_ws/build/ar_slam_base/build/lib/ar_slam_base/mapping_kf.py -> /home/GTL/mgaddam/CS7630/ros2_ws/install/ar_slam_base/lib/python3.10/site-packages/ar_slam_base
[1.920s] copying /home/GTL/mgaddam/CS7630/ros2_ws/build/ar_slam_base/build/lib/ar_slam_base/rover_mapping.py -> /home/GTL/mgaddam/CS7630/ros2_ws/install/ar_slam_base/lib/python3.10/site-packages/ar_slam_base
[1.924s] byte-compiling /home/GTL/mgaddam/CS7630/ros2_ws/install/ar_slam_base/lib/python3.10/site-packages/ar_slam_base/mapping_kf.py to mapping_kf.cpython-310.pyc
[1.928s] byte-compiling /home/GTL/mgaddam/CS7630/ros2_ws/install/ar_slam_base/lib/python3.10/site-packages/ar_slam_base/rover_mapping.py to rover_mapping.cpython-310.pyc
[1.931s] running install_data
[1.934s] running install_egg_info
[1.936s] removing '/home/GTL/mgaddam/CS7630/ros2_ws/install/ar_slam_base/lib/python3.10/site-packages/ar_slam_base-0.0.0-py3.10.egg-info' (and everything under it)
[1.939s] Copying ../../build/ar_slam_base/ar_slam_base.egg-info to /home/GTL/mgaddam/CS7630/ros2_ws/install/ar_slam_base/lib/python3.10/site-packages/ar_slam_base-0.0.0-py3.10.egg-info
[1.970s] running install_scripts
[1.989s] Installing ar_slam_node script to /home/GTL/mgaddam/CS7630/ros2_ws/install/ar_slam_base/lib/ar_slam_base
[1.989s] Installing tb_slam_node script to /home/GTL/mgaddam/CS7630/ros2_ws/install/ar_slam_base/lib/ar_slam_base
[1.989s] writing list of installed files to '/home/GTL/mgaddam/CS7630/ros2_ws/build/ar_slam_base/install.log'
[2.007s] Invoked command in '/home/GTL/mgaddam/CS7630/ros2_ws/src/ar_slam_base' returned '0': AMENT_PREFIX_PATH=/home/GTL/mgaddam/CS7630/ros2_ws/install/ar_loc_base:/home/GTL/mgaddam/CS7630/ros2_ws/install/rover_driver_base:/home/GTL/mgaddam/CS7630/ros2_ws/install/ar_mapping_base:${AMENT_PREFIX_PATH} PYTHONPATH=/home/GTL/mgaddam/CS7630/ros2_ws/build/ar_slam_base/prefix_override:/home/GTL/mgaddam/CS7630/ros2_ws/install/ar_slam_base/lib/python3.10/site-packages:/home/GTL/mgaddam/CS7630/ros2_ws/install/ar_loc_base/lib/python3.10/site-packages:/home/GTL/mgaddam/CS7630/ros2_ws/install/rover_driver_base/lib/python3.10/site-packages:/home/GTL/mgaddam/CS7630/ros2_ws/install/ar_mapping_base/lib/python3.10/site-packages:${PYTHONPATH} /usr/bin/python3 setup.py egg_info --egg-base ../../build/ar_slam_base build --build-base /home/GTL/mgaddam/CS7630/ros2_ws/build/ar_slam_base/build install --record /home/GTL/mgaddam/CS7630/ros2_ws/build/ar_slam_base/install.log --single-version-externally-managed
