[3.401s] Invoking command in '/home/GTL/mgaddam/CS7630/ros2_ws/src/face_detect': CMAKE_PREFIX_PATH=/home/GTL/mgaddam/CS7630/ros2_ws/install/cs7630_msgs:/home/GTL/mgaddam/CS7630/ros2_ws/install/wifi_map_base:/home/GTL/mgaddam/CS7630/ros2_ws/install/wpa_cli_msgs:/home/GTL/mgaddam/CS7630/ros2_ws/install/vrep4_helpers:/home/GTL/mgaddam/CS7630/ros2_ws/install/turtlebot_launch:/home/GTL/mgaddam/CS7630/ros2_ws/install/task_manager_sync:/home/GTL/mgaddam/CS7630/ros2_ws/install/floor_nav:/home/GTL/mgaddam/CS7630/ros2_ws/install/task_manager_nav2:/home/GTL/mgaddam/CS7630/ros2_ws/install/task_manager_lib:/home/GTL/mgaddam/CS7630/ros2_ws/install/task_manager_msgs:/home/GTL/mgaddam/CS7630/ros2_ws/install/collision_avoidance_base LD_LIBRARY_PATH=/home/GTL/mgaddam/CS7630/ros2_ws/install/cs7630_msgs/lib:/home/GTL/mgaddam/CS7630/ros2_ws/install/wpa_cli_msgs/lib:/home/GTL/mgaddam/CS7630/ros2_ws/install/task_manager_sync/lib:/home/GTL/mgaddam/CS7630/ros2_ws/install/task_manager_lib/lib:/home/GTL/mgaddam/CS7630/ros2_ws/install/task_manager_msgs/lib:/usr/lib/x86_64-linux-gnu/gazebo-11/plugins:/opt/ros/humble/opt/rviz_ogre_vendor/lib:/opt/ros/humble/lib/x86_64-linux-gnu:/opt/ros/humble/lib PYTHONPATH=/home/GTL/mgaddam/CS7630/ros2_ws/build/face_detect_base/prefix_override:/home/GTL/mgaddam/CS7630/ros2_ws/install/face_detect_base/lib/python3.10/site-packages:${PYTHONPATH} /usr/bin/python3 setup.py egg_info --egg-base ../../build/face_detect_base build --build-base /home/GTL/mgaddam/CS7630/ros2_ws/build/face_detect_base/build install --record /home/GTL/mgaddam/CS7630/ros2_ws/build/face_detect_base/install.log --single-version-externally-managed
[3.616s] running egg_info
[3.617s] writing ../../build/face_detect_base/face_detect_base.egg-info/PKG-INFO
[3.618s] writing dependency_links to ../../build/face_detect_base/face_detect_base.egg-info/dependency_links.txt
[3.619s] writing entry points to ../../build/face_detect_base/face_detect_base.egg-info/entry_points.txt
[3.620s] writing requirements to ../../build/face_detect_base/face_detect_base.egg-info/requires.txt
[3.621s] writing top-level names to ../../build/face_detect_base/face_detect_base.egg-info/top_level.txt
[3.625s] reading manifest file '../../build/face_detect_base/face_detect_base.egg-info/SOURCES.txt'
[3.626s] writing manifest file '../../build/face_detect_base/face_detect_base.egg-info/SOURCES.txt'
[3.627s] running build
[3.627s] running build_py
[3.629s] running install
[3.629s] running install_lib
[3.630s] /usr/lib/python3/dist-packages/setuptools/command/install.py:34: SetuptoolsDeprecationWarning: setup.py install is deprecated. Use build and pip and other standards-based tools.
[3.630s]   warnings.warn(
[3.632s] running install_data
[3.633s] running install_egg_info
[3.634s] removing '/home/GTL/mgaddam/CS7630/ros2_ws/install/face_detect_base/lib/python3.10/site-packages/face_detect_base-0.0.0-py3.10.egg-info' (and everything under it)
[3.638s] Copying ../../build/face_detect_base/face_detect_base.egg-info to /home/GTL/mgaddam/CS7630/ros2_ws/install/face_detect_base/lib/python3.10/site-packages/face_detect_base-0.0.0-py3.10.egg-info
[3.654s] running install_scripts
[3.669s] Installing face_detect_node script to /home/GTL/mgaddam/CS7630/ros2_ws/install/face_detect_base/lib/face_detect_base
[3.671s] writing list of installed files to '/home/GTL/mgaddam/CS7630/ros2_ws/build/face_detect_base/install.log'
[3.733s] Invoked command in '/home/GTL/mgaddam/CS7630/ros2_ws/src/face_detect' returned '0': CMAKE_PREFIX_PATH=/home/GTL/mgaddam/CS7630/ros2_ws/install/cs7630_msgs:/home/GTL/mgaddam/CS7630/ros2_ws/install/wifi_map_base:/home/GTL/mgaddam/CS7630/ros2_ws/install/wpa_cli_msgs:/home/GTL/mgaddam/CS7630/ros2_ws/install/vrep4_helpers:/home/GTL/mgaddam/CS7630/ros2_ws/install/turtlebot_launch:/home/GTL/mgaddam/CS7630/ros2_ws/install/task_manager_sync:/home/GTL/mgaddam/CS7630/ros2_ws/install/floor_nav:/home/GTL/mgaddam/CS7630/ros2_ws/install/task_manager_nav2:/home/GTL/mgaddam/CS7630/ros2_ws/install/task_manager_lib:/home/GTL/mgaddam/CS7630/ros2_ws/install/task_manager_msgs:/home/GTL/mgaddam/CS7630/ros2_ws/install/collision_avoidance_base LD_LIBRARY_PATH=/home/GTL/mgaddam/CS7630/ros2_ws/install/cs7630_msgs/lib:/home/GTL/mgaddam/CS7630/ros2_ws/install/wpa_cli_msgs/lib:/home/GTL/mgaddam/CS7630/ros2_ws/install/task_manager_sync/lib:/home/GTL/mgaddam/CS7630/ros2_ws/install/task_manager_lib/lib:/home/GTL/mgaddam/CS7630/ros2_ws/install/task_manager_msgs/lib:/usr/lib/x86_64-linux-gnu/gazebo-11/plugins:/opt/ros/humble/opt/rviz_ogre_vendor/lib:/opt/ros/humble/lib/x86_64-linux-gnu:/opt/ros/humble/lib PYTHONPATH=/home/GTL/mgaddam/CS7630/ros2_ws/build/face_detect_base/prefix_override:/home/GTL/mgaddam/CS7630/ros2_ws/install/face_detect_base/lib/python3.10/site-packages:${PYTHONPATH} /usr/bin/python3 setup.py egg_info --egg-base ../../build/face_detect_base build --build-base /home/GTL/mgaddam/CS7630/ros2_ws/build/face_detect_base/build install --record /home/GTL/mgaddam/CS7630/ros2_ws/build/face_detect_base/install.log --single-version-externally-managed
