[1.913s] Invoking command in '/home/GTL/mgaddam/CS7630/ros2_ws/src/ros_task_manager/src/button_server': PYTHONPATH=/home/GTL/mgaddam/CS7630/ros2_ws/build/button_server/prefix_override:/home/GTL/mgaddam/CS7630/ros2_ws/install/button_server/lib/python3.10/site-packages:${PYTHONPATH} /usr/bin/python3 setup.py egg_info --egg-base ../../../../build/button_server build --build-base /home/GTL/mgaddam/CS7630/ros2_ws/build/button_server/build install --record /home/GTL/mgaddam/CS7630/ros2_ws/build/button_server/install.log --single-version-externally-managed
[2.083s] running egg_info
[2.083s] writing ../../../../build/button_server/button_server.egg-info/PKG-INFO
[2.085s] writing dependency_links to ../../../../build/button_server/button_server.egg-info/dependency_links.txt
[2.086s] writing entry points to ../../../../build/button_server/button_server.egg-info/entry_points.txt
[2.087s] writing requirements to ../../../../build/button_server/button_server.egg-info/requires.txt
[2.088s] writing top-level names to ../../../../build/button_server/button_server.egg-info/top_level.txt
[2.095s] reading manifest file '../../../../build/button_server/button_server.egg-info/SOURCES.txt'
[2.097s] writing manifest file '../../../../build/button_server/button_server.egg-info/SOURCES.txt'
[2.098s] running build
[2.098s] running build_py
[2.101s] running build_scripts
[2.101s] running install
[2.101s] /usr/lib/python3/dist-packages/setuptools/command/install.py:34: SetuptoolsDeprecationWarning: setup.py install is deprecated. Use build and pip and other standards-based tools.
[2.101s]   warnings.warn(
[2.102s] running install_lib
[2.105s] running install_data
[2.108s] running install_egg_info
[2.109s] removing '/home/GTL/mgaddam/CS7630/ros2_ws/install/button_server/lib/python3.10/site-packages/button_server-0.0.0-py3.10.egg-info' (and everything under it)
[2.115s] Copying ../../../../build/button_server/button_server.egg-info to /home/GTL/mgaddam/CS7630/ros2_ws/install/button_server/lib/python3.10/site-packages/button_server-0.0.0-py3.10.egg-info
[2.137s] running install_scripts
[2.149s] changing mode of /home/GTL/mgaddam/CS7630/ros2_ws/install/button_server/lib/button_server/button_server_node to 775
[2.150s] writing list of installed files to '/home/GTL/mgaddam/CS7630/ros2_ws/build/button_server/install.log'
[2.497s] Invoked command in '/home/GTL/mgaddam/CS7630/ros2_ws/src/ros_task_manager/src/button_server' returned '0': PYTHONPATH=/home/GTL/mgaddam/CS7630/ros2_ws/build/button_server/prefix_override:/home/GTL/mgaddam/CS7630/ros2_ws/install/button_server/lib/python3.10/site-packages:${PYTHONPATH} /usr/bin/python3 setup.py egg_info --egg-base ../../../../build/button_server build --build-base /home/GTL/mgaddam/CS7630/ros2_ws/build/button_server/build install --record /home/GTL/mgaddam/CS7630/ros2_ws/build/button_server/install.log --single-version-externally-managed
