[1.092s] Invoking command in '/home/GTL/mgaddam/CS7630/ros2_ws/build/wpa_cli_msgs': CMAKE_PREFIX_PATH=${CMAKE_PREFIX_PATH}:/home/GTL/mgaddam/CS7630/ros2_ws/install/wpa_cli:/home/GTL/mgaddam/CS7630/ros2_ws/install/vrep_ros_teleop:/home/GTL/mgaddam/CS7630/ros2_ws/install/task_manager_client_py:/home/GTL/mgaddam/CS7630/ros2_ws/install/ar_slam_base:/home/GTL/mgaddam/CS7630/ros2_ws/install/ar_loc_base:/home/GTL/mgaddam/CS7630/ros2_ws/install/rover_driver_base:/home/GTL/mgaddam/CS7630/ros2_ws/install/keyboard_teleop:/home/GTL/mgaddam/CS7630/ros2_ws/install/face_detect_base:/home/GTL/mgaddam/CS7630/ros2_ws/install/button_server:/home/GTL/mgaddam/CS7630/ros2_ws/install/ar_mapping_base:/opt/ros/humble /usr/bin/cmake --build /home/GTL/mgaddam/CS7630/ros2_ws/build/wpa_cli_msgs -- -j16 -l16
[2.032s] [  2%] Built target wpa_cli_msgs__cpp
[2.032s] [ 12%] Built target wpa_cli_msgs__rosidl_generator_c
[2.032s] [ 43%] Built target wpa_cli_msgs__rosidl_typesupport_introspection_cpp
[2.032s] [ 43%] Built target wpa_cli_msgs__rosidl_typesupport_cpp
[2.032s] [ 51%] Built target wpa_cli_msgs__rosidl_typesupport_fastrtps_cpp
[2.032s] [ 74%] Built target wpa_cli_msgs__rosidl_typesupport_fastrtps_c
[2.032s] [ 74%] Built target wpa_cli_msgs__rosidl_typesupport_c
[2.032s] [ 74%] Built target wpa_cli_msgs__rosidl_typesupport_introspection_c
[2.032s] [ 74%] Built target ament_cmake_python_copy_wpa_cli_msgs
[2.032s] [ 74%] Built target wpa_cli_msgs
[2.032s] [ 76%] Built target wpa_cli_msgs__py
[2.032s] [ 84%] Built target wpa_cli_msgs__rosidl_generator_py
[2.032s] [100%] Built target wpa_cli_msgs__rosidl_typesupport_fastrtps_c__pyext
[2.032s] [100%] Built target wpa_cli_msgs__rosidl_typesupport_c__pyext
[2.032s] [100%] Built target wpa_cli_msgs__rosidl_typesupport_introspection_c__pyext
[2.032s] running egg_info
[2.032s] writing wpa_cli_msgs.egg-info/PKG-INFO
[2.032s] writing dependency_links to wpa_cli_msgs.egg-info/dependency_links.txt
[2.032s] writing top-level names to wpa_cli_msgs.egg-info/top_level.txt
[2.032s] reading manifest file 'wpa_cli_msgs.egg-info/SOURCES.txt'
[2.032s] writing manifest file 'wpa_cli_msgs.egg-info/SOURCES.txt'
[2.032s] [100%] Built target ament_cmake_python_build_wpa_cli_msgs_egg
[2.345s] Invoked command in '/home/GTL/mgaddam/CS7630/ros2_ws/build/wpa_cli_msgs' returned '0': CMAKE_PREFIX_PATH=${CMAKE_PREFIX_PATH}:/home/GTL/mgaddam/CS7630/ros2_ws/install/wpa_cli:/home/GTL/mgaddam/CS7630/ros2_ws/install/vrep_ros_teleop:/home/GTL/mgaddam/CS7630/ros2_ws/install/task_manager_client_py:/home/GTL/mgaddam/CS7630/ros2_ws/install/ar_slam_base:/home/GTL/mgaddam/CS7630/ros2_ws/install/ar_loc_base:/home/GTL/mgaddam/CS7630/ros2_ws/install/rover_driver_base:/home/GTL/mgaddam/CS7630/ros2_ws/install/keyboard_teleop:/home/GTL/mgaddam/CS7630/ros2_ws/install/face_detect_base:/home/GTL/mgaddam/CS7630/ros2_ws/install/button_server:/home/GTL/mgaddam/CS7630/ros2_ws/install/ar_mapping_base:/opt/ros/humble /usr/bin/cmake --build /home/GTL/mgaddam/CS7630/ros2_ws/build/wpa_cli_msgs -- -j16 -l16
[2.407s] Invoking command in '/home/GTL/mgaddam/CS7630/ros2_ws/build/wpa_cli_msgs': CMAKE_PREFIX_PATH=${CMAKE_PREFIX_PATH}:/home/GTL/mgaddam/CS7630/ros2_ws/install/wpa_cli:/home/GTL/mgaddam/CS7630/ros2_ws/install/vrep_ros_teleop:/home/GTL/mgaddam/CS7630/ros2_ws/install/task_manager_client_py:/home/GTL/mgaddam/CS7630/ros2_ws/install/ar_slam_base:/home/GTL/mgaddam/CS7630/ros2_ws/install/ar_loc_base:/home/GTL/mgaddam/CS7630/ros2_ws/install/rover_driver_base:/home/GTL/mgaddam/CS7630/ros2_ws/install/keyboard_teleop:/home/GTL/mgaddam/CS7630/ros2_ws/install/face_detect_base:/home/GTL/mgaddam/CS7630/ros2_ws/install/button_server:/home/GTL/mgaddam/CS7630/ros2_ws/install/ar_mapping_base:/opt/ros/humble /usr/bin/cmake --install /home/GTL/mgaddam/CS7630/ros2_ws/build/wpa_cli_msgs
[2.410s] -- Install configuration: ""
[2.411s] -- Up-to-date: /home/GTL/mgaddam/CS7630/ros2_ws/install/wpa_cli_msgs/share/ament_index/resource_index/rosidl_interfaces/wpa_cli_msgs
[2.412s] -- Up-to-date: /home/GTL/mgaddam/CS7630/ros2_ws/install/wpa_cli_msgs/include/wpa_cli_msgs/wpa_cli_msgs
[2.412s] -- Up-to-date: /home/GTL/mgaddam/CS7630/ros2_ws/install/wpa_cli_msgs/include/wpa_cli_msgs/wpa_cli_msgs/msg
[2.413s] -- Up-to-date: /home/GTL/mgaddam/CS7630/ros2_ws/install/wpa_cli_msgs/include/wpa_cli_msgs/wpa_cli_msgs/msg/detail
[2.414s] -- Up-to-date: /home/GTL/mgaddam/CS7630/ros2_ws/install/wpa_cli_msgs/include/wpa_cli_msgs/wpa_cli_msgs/msg/detail/network__functions.h
[2.415s] -- Up-to-date: /home/GTL/mgaddam/CS7630/ros2_ws/install/wpa_cli_msgs/include/wpa_cli_msgs/wpa_cli_msgs/msg/detail/network__type_support.h
[2.415s] -- Up-to-date: /home/GTL/mgaddam/CS7630/ros2_ws/install/wpa_cli_msgs/include/wpa_cli_msgs/wpa_cli_msgs/msg/detail/scan__struct.h
[2.416s] -- Up-to-date: /home/GTL/mgaddam/CS7630/ros2_ws/install/wpa_cli_msgs/include/wpa_cli_msgs/wpa_cli_msgs/msg/detail/scan__type_support.h
[2.416s] -- Up-to-date: /home/GTL/mgaddam/CS7630/ros2_ws/install/wpa_cli_msgs/include/wpa_cli_msgs/wpa_cli_msgs/msg/detail/scan__functions.c
[2.417s] -- Up-to-date: /home/GTL/mgaddam/CS7630/ros2_ws/install/wpa_cli_msgs/include/wpa_cli_msgs/wpa_cli_msgs/msg/detail/scan__functions.h
[2.451s] -- Up-to-date: /home/GTL/mgaddam/CS7630/ros2_ws/install/wpa_cli_msgs/include/wpa_cli_msgs/wpa_cli_msgs/msg/detail/network__functions.c
[2.452s] -- Up-to-date: /home/GTL/mgaddam/CS7630/ros2_ws/install/wpa_cli_msgs/include/wpa_cli_msgs/wpa_cli_msgs/msg/detail/network__struct.h
[2.453s] -- Up-to-date: /home/GTL/mgaddam/CS7630/ros2_ws/install/wpa_cli_msgs/include/wpa_cli_msgs/wpa_cli_msgs/msg/rosidl_generator_c__visibility_control.h
[2.453s] -- Up-to-date: /home/GTL/mgaddam/CS7630/ros2_ws/install/wpa_cli_msgs/include/wpa_cli_msgs/wpa_cli_msgs/msg/scan.h
[2.454s] -- Up-to-date: /home/GTL/mgaddam/CS7630/ros2_ws/install/wpa_cli_msgs/include/wpa_cli_msgs/wpa_cli_msgs/msg/network.h
[2.455s] -- Up-to-date: /home/GTL/mgaddam/CS7630/ros2_ws/install/wpa_cli_msgs/share/wpa_cli_msgs/environment/library_path.sh
[2.456s] -- Up-to-date: /home/GTL/mgaddam/CS7630/ros2_ws/install/wpa_cli_msgs/share/wpa_cli_msgs/environment/library_path.dsv
[2.457s] -- Up-to-date: /home/GTL/mgaddam/CS7630/ros2_ws/install/wpa_cli_msgs/lib/libwpa_cli_msgs__rosidl_generator_c.so
[2.458s] -- Up-to-date: /home/GTL/mgaddam/CS7630/ros2_ws/install/wpa_cli_msgs/include/wpa_cli_msgs/wpa_cli_msgs
[2.459s] -- Up-to-date: /home/GTL/mgaddam/CS7630/ros2_ws/install/wpa_cli_msgs/include/wpa_cli_msgs/wpa_cli_msgs/msg
[2.459s] -- Up-to-date: /home/GTL/mgaddam/CS7630/ros2_ws/install/wpa_cli_msgs/include/wpa_cli_msgs/wpa_cli_msgs/msg/detail
[2.460s] -- Up-to-date: /home/GTL/mgaddam/CS7630/ros2_ws/install/wpa_cli_msgs/include/wpa_cli_msgs/wpa_cli_msgs/msg/detail/network__rosidl_typesupport_fastrtps_c.h
[2.461s] -- Up-to-date: /home/GTL/mgaddam/CS7630/ros2_ws/install/wpa_cli_msgs/include/wpa_cli_msgs/wpa_cli_msgs/msg/detail/scan__rosidl_typesupport_fastrtps_c.h
[2.462s] -- Up-to-date: /home/GTL/mgaddam/CS7630/ros2_ws/install/wpa_cli_msgs/include/wpa_cli_msgs/wpa_cli_msgs/msg/rosidl_typesupport_fastrtps_c__visibility_control.h
[2.463s] -- Up-to-date: /home/GTL/mgaddam/CS7630/ros2_ws/install/wpa_cli_msgs/lib/libwpa_cli_msgs__rosidl_typesupport_fastrtps_c.so
[2.466s] -- Up-to-date: /home/GTL/mgaddam/CS7630/ros2_ws/install/wpa_cli_msgs/include/wpa_cli_msgs/wpa_cli_msgs
[2.467s] -- Up-to-date: /home/GTL/mgaddam/CS7630/ros2_ws/install/wpa_cli_msgs/include/wpa_cli_msgs/wpa_cli_msgs/msg
[2.467s] -- Up-to-date: /home/GTL/mgaddam/CS7630/ros2_ws/install/wpa_cli_msgs/include/wpa_cli_msgs/wpa_cli_msgs/msg/detail
[2.468s] -- Up-to-date: /home/GTL/mgaddam/CS7630/ros2_ws/install/wpa_cli_msgs/include/wpa_cli_msgs/wpa_cli_msgs/msg/detail/scan__builder.hpp
[2.469s] -- Up-to-date: /home/GTL/mgaddam/CS7630/ros2_ws/install/wpa_cli_msgs/include/wpa_cli_msgs/wpa_cli_msgs/msg/detail/scan__struct.hpp
[2.469s] -- Up-to-date: /home/GTL/mgaddam/CS7630/ros2_ws/install/wpa_cli_msgs/include/wpa_cli_msgs/wpa_cli_msgs/msg/detail/network__traits.hpp
[2.470s] -- Up-to-date: /home/GTL/mgaddam/CS7630/ros2_ws/install/wpa_cli_msgs/include/wpa_cli_msgs/wpa_cli_msgs/msg/detail/network__struct.hpp
[2.470s] -- Up-to-date: /home/GTL/mgaddam/CS7630/ros2_ws/install/wpa_cli_msgs/include/wpa_cli_msgs/wpa_cli_msgs/msg/detail/network__builder.hpp
[2.470s] -- Up-to-date: /home/GTL/mgaddam/CS7630/ros2_ws/install/wpa_cli_msgs/include/wpa_cli_msgs/wpa_cli_msgs/msg/detail/scan__traits.hpp
[2.471s] -- Up-to-date: /home/GTL/mgaddam/CS7630/ros2_ws/install/wpa_cli_msgs/include/wpa_cli_msgs/wpa_cli_msgs/msg/scan.hpp
[2.472s] -- Up-to-date: /home/GTL/mgaddam/CS7630/ros2_ws/install/wpa_cli_msgs/include/wpa_cli_msgs/wpa_cli_msgs/msg/network.hpp
[2.472s] -- Up-to-date: /home/GTL/mgaddam/CS7630/ros2_ws/install/wpa_cli_msgs/include/wpa_cli_msgs/wpa_cli_msgs
[2.472s] -- Up-to-date: /home/GTL/mgaddam/CS7630/ros2_ws/install/wpa_cli_msgs/include/wpa_cli_msgs/wpa_cli_msgs/msg
[2.473s] -- Up-to-date: /home/GTL/mgaddam/CS7630/ros2_ws/install/wpa_cli_msgs/include/wpa_cli_msgs/wpa_cli_msgs/msg/detail
[2.474s] -- Up-to-date: /home/GTL/mgaddam/CS7630/ros2_ws/install/wpa_cli_msgs/include/wpa_cli_msgs/wpa_cli_msgs/msg/detail/scan__rosidl_typesupport_fastrtps_cpp.hpp
[2.474s] -- Up-to-date: /home/GTL/mgaddam/CS7630/ros2_ws/install/wpa_cli_msgs/include/wpa_cli_msgs/wpa_cli_msgs/msg/detail/dds_fastrtps
[2.475s] -- Up-to-date: /home/GTL/mgaddam/CS7630/ros2_ws/install/wpa_cli_msgs/include/wpa_cli_msgs/wpa_cli_msgs/msg/detail/network__rosidl_typesupport_fastrtps_cpp.hpp
[2.475s] -- Up-to-date: /home/GTL/mgaddam/CS7630/ros2_ws/install/wpa_cli_msgs/include/wpa_cli_msgs/wpa_cli_msgs/msg/rosidl_typesupport_fastrtps_cpp__visibility_control.h
[2.476s] -- Up-to-date: /home/GTL/mgaddam/CS7630/ros2_ws/install/wpa_cli_msgs/lib/libwpa_cli_msgs__rosidl_typesupport_fastrtps_cpp.so
[2.478s] -- Up-to-date: /home/GTL/mgaddam/CS7630/ros2_ws/install/wpa_cli_msgs/include/wpa_cli_msgs/wpa_cli_msgs
[2.479s] -- Up-to-date: /home/GTL/mgaddam/CS7630/ros2_ws/install/wpa_cli_msgs/include/wpa_cli_msgs/wpa_cli_msgs/msg
[2.480s] -- Up-to-date: /home/GTL/mgaddam/CS7630/ros2_ws/install/wpa_cli_msgs/include/wpa_cli_msgs/wpa_cli_msgs/msg/detail
[2.480s] -- Up-to-date: /home/GTL/mgaddam/CS7630/ros2_ws/install/wpa_cli_msgs/include/wpa_cli_msgs/wpa_cli_msgs/msg/detail/network__rosidl_typesupport_introspection_c.h
[2.481s] -- Up-to-date: /home/GTL/mgaddam/CS7630/ros2_ws/install/wpa_cli_msgs/include/wpa_cli_msgs/wpa_cli_msgs/msg/detail/scan__type_support.c
[2.482s] -- Up-to-date: /home/GTL/mgaddam/CS7630/ros2_ws/install/wpa_cli_msgs/include/wpa_cli_msgs/wpa_cli_msgs/msg/detail/network__type_support.c
[2.482s] -- Up-to-date: /home/GTL/mgaddam/CS7630/ros2_ws/install/wpa_cli_msgs/include/wpa_cli_msgs/wpa_cli_msgs/msg/detail/scan__rosidl_typesupport_introspection_c.h
[2.483s] -- Up-to-date: /home/GTL/mgaddam/CS7630/ros2_ws/install/wpa_cli_msgs/include/wpa_cli_msgs/wpa_cli_msgs/msg/rosidl_typesupport_introspection_c__visibility_control.h
[2.484s] -- Up-to-date: /home/GTL/mgaddam/CS7630/ros2_ws/install/wpa_cli_msgs/lib/libwpa_cli_msgs__rosidl_typesupport_introspection_c.so
[2.485s] -- Up-to-date: /home/GTL/mgaddam/CS7630/ros2_ws/install/wpa_cli_msgs/lib/libwpa_cli_msgs__rosidl_typesupport_c.so
[2.488s] -- Up-to-date: /home/GTL/mgaddam/CS7630/ros2_ws/install/wpa_cli_msgs/include/wpa_cli_msgs/wpa_cli_msgs
[2.488s] -- Up-to-date: /home/GTL/mgaddam/CS7630/ros2_ws/install/wpa_cli_msgs/include/wpa_cli_msgs/wpa_cli_msgs/msg
[2.488s] -- Up-to-date: /home/GTL/mgaddam/CS7630/ros2_ws/install/wpa_cli_msgs/include/wpa_cli_msgs/wpa_cli_msgs/msg/detail
[2.489s] -- Up-to-date: /home/GTL/mgaddam/CS7630/ros2_ws/install/wpa_cli_msgs/include/wpa_cli_msgs/wpa_cli_msgs/msg/detail/network__rosidl_typesupport_introspection_cpp.hpp
[2.490s] -- Up-to-date: /home/GTL/mgaddam/CS7630/ros2_ws/install/wpa_cli_msgs/include/wpa_cli_msgs/wpa_cli_msgs/msg/detail/scan__rosidl_typesupport_introspection_cpp.hpp
[2.490s] -- Up-to-date: /home/GTL/mgaddam/CS7630/ros2_ws/install/wpa_cli_msgs/include/wpa_cli_msgs/wpa_cli_msgs/msg/detail/network__type_support.cpp
[2.491s] -- Up-to-date: /home/GTL/mgaddam/CS7630/ros2_ws/install/wpa_cli_msgs/include/wpa_cli_msgs/wpa_cli_msgs/msg/detail/scan__type_support.cpp
[2.492s] -- Up-to-date: /home/GTL/mgaddam/CS7630/ros2_ws/install/wpa_cli_msgs/lib/libwpa_cli_msgs__rosidl_typesupport_introspection_cpp.so
[2.494s] -- Up-to-date: /home/GTL/mgaddam/CS7630/ros2_ws/install/wpa_cli_msgs/lib/libwpa_cli_msgs__rosidl_typesupport_cpp.so
[2.496s] -- Up-to-date: /home/GTL/mgaddam/CS7630/ros2_ws/install/wpa_cli_msgs/share/wpa_cli_msgs/environment/pythonpath.sh
[2.497s] -- Up-to-date: /home/GTL/mgaddam/CS7630/ros2_ws/install/wpa_cli_msgs/share/wpa_cli_msgs/environment/pythonpath.dsv
[2.497s] -- Up-to-date: /home/GTL/mgaddam/CS7630/ros2_ws/install/wpa_cli_msgs/local/lib/python3.10/dist-packages/wpa_cli_msgs-0.0.0-py3.10.egg-info
[2.498s] -- Installing: /home/GTL/mgaddam/CS7630/ros2_ws/install/wpa_cli_msgs/local/lib/python3.10/dist-packages/wpa_cli_msgs-0.0.0-py3.10.egg-info/dependency_links.txt
[2.503s] -- Installing: /home/GTL/mgaddam/CS7630/ros2_ws/install/wpa_cli_msgs/local/lib/python3.10/dist-packages/wpa_cli_msgs-0.0.0-py3.10.egg-info/top_level.txt
[2.507s] -- Installing: /home/GTL/mgaddam/CS7630/ros2_ws/install/wpa_cli_msgs/local/lib/python3.10/dist-packages/wpa_cli_msgs-0.0.0-py3.10.egg-info/PKG-INFO
[2.511s] -- Installing: /home/GTL/mgaddam/CS7630/ros2_ws/install/wpa_cli_msgs/local/lib/python3.10/dist-packages/wpa_cli_msgs-0.0.0-py3.10.egg-info/SOURCES.txt
[2.514s] -- Up-to-date: /home/GTL/mgaddam/CS7630/ros2_ws/install/wpa_cli_msgs/local/lib/python3.10/dist-packages/wpa_cli_msgs
[2.515s] -- Up-to-date: /home/GTL/mgaddam/CS7630/ros2_ws/install/wpa_cli_msgs/local/lib/python3.10/dist-packages/wpa_cli_msgs/wpa_cli_msgs_s__rosidl_typesupport_introspection_c.cpython-310-x86_64-linux-gnu.so
[2.516s] -- Up-to-date: /home/GTL/mgaddam/CS7630/ros2_ws/install/wpa_cli_msgs/local/lib/python3.10/dist-packages/wpa_cli_msgs/_wpa_cli_msgs_s.ep.rosidl_typesupport_introspection_c.c
[2.516s] -- Up-to-date: /home/GTL/mgaddam/CS7630/ros2_ws/install/wpa_cli_msgs/local/lib/python3.10/dist-packages/wpa_cli_msgs/msg
[2.517s] -- Up-to-date: /home/GTL/mgaddam/CS7630/ros2_ws/install/wpa_cli_msgs/local/lib/python3.10/dist-packages/wpa_cli_msgs/msg/_scan.py
[2.517s] -- Up-to-date: /home/GTL/mgaddam/CS7630/ros2_ws/install/wpa_cli_msgs/local/lib/python3.10/dist-packages/wpa_cli_msgs/msg/__init__.py
[2.518s] -- Up-to-date: /home/GTL/mgaddam/CS7630/ros2_ws/install/wpa_cli_msgs/local/lib/python3.10/dist-packages/wpa_cli_msgs/msg/_network_s.c
[2.518s] -- Up-to-date: /home/GTL/mgaddam/CS7630/ros2_ws/install/wpa_cli_msgs/local/lib/python3.10/dist-packages/wpa_cli_msgs/msg/_scan_s.c
[2.519s] -- Up-to-date: /home/GTL/mgaddam/CS7630/ros2_ws/install/wpa_cli_msgs/local/lib/python3.10/dist-packages/wpa_cli_msgs/msg/_network.py
[2.519s] -- Up-to-date: /home/GTL/mgaddam/CS7630/ros2_ws/install/wpa_cli_msgs/local/lib/python3.10/dist-packages/wpa_cli_msgs/_wpa_cli_msgs_s.ep.rosidl_typesupport_c.c
[2.520s] -- Up-to-date: /home/GTL/mgaddam/CS7630/ros2_ws/install/wpa_cli_msgs/local/lib/python3.10/dist-packages/wpa_cli_msgs/wpa_cli_msgs_s__rosidl_typesupport_fastrtps_c.cpython-310-x86_64-linux-gnu.so
[2.520s] -- Up-to-date: /home/GTL/mgaddam/CS7630/ros2_ws/install/wpa_cli_msgs/local/lib/python3.10/dist-packages/wpa_cli_msgs/libwpa_cli_msgs__rosidl_generator_py.so
[2.521s] -- Up-to-date: /home/GTL/mgaddam/CS7630/ros2_ws/install/wpa_cli_msgs/local/lib/python3.10/dist-packages/wpa_cli_msgs/_wpa_cli_msgs_s.ep.rosidl_typesupport_fastrtps_c.c
[2.521s] -- Up-to-date: /home/GTL/mgaddam/CS7630/ros2_ws/install/wpa_cli_msgs/local/lib/python3.10/dist-packages/wpa_cli_msgs/__init__.py
[2.521s] -- Up-to-date: /home/GTL/mgaddam/CS7630/ros2_ws/install/wpa_cli_msgs/local/lib/python3.10/dist-packages/wpa_cli_msgs/wpa_cli_msgs_s__rosidl_typesupport_c.cpython-310-x86_64-linux-gnu.so
[2.559s] Listing '/home/GTL/mgaddam/CS7630/ros2_ws/install/wpa_cli_msgs/local/lib/python3.10/dist-packages/wpa_cli_msgs'...
[2.559s] Listing '/home/GTL/mgaddam/CS7630/ros2_ws/install/wpa_cli_msgs/local/lib/python3.10/dist-packages/wpa_cli_msgs/msg'...
[2.560s] -- Up-to-date: /home/GTL/mgaddam/CS7630/ros2_ws/install/wpa_cli_msgs/local/lib/python3.10/dist-packages/wpa_cli_msgs/wpa_cli_msgs_s__rosidl_typesupport_fastrtps_c.cpython-310-x86_64-linux-gnu.so
[2.562s] -- Up-to-date: /home/GTL/mgaddam/CS7630/ros2_ws/install/wpa_cli_msgs/local/lib/python3.10/dist-packages/wpa_cli_msgs/wpa_cli_msgs_s__rosidl_typesupport_introspection_c.cpython-310-x86_64-linux-gnu.so
[2.564s] -- Up-to-date: /home/GTL/mgaddam/CS7630/ros2_ws/install/wpa_cli_msgs/local/lib/python3.10/dist-packages/wpa_cli_msgs/wpa_cli_msgs_s__rosidl_typesupport_c.cpython-310-x86_64-linux-gnu.so
[2.565s] -- Up-to-date: /home/GTL/mgaddam/CS7630/ros2_ws/install/wpa_cli_msgs/lib/libwpa_cli_msgs__rosidl_generator_py.so
[2.567s] -- Up-to-date: /home/GTL/mgaddam/CS7630/ros2_ws/install/wpa_cli_msgs/share/wpa_cli_msgs/msg/Network.idl
[2.568s] -- Up-to-date: /home/GTL/mgaddam/CS7630/ros2_ws/install/wpa_cli_msgs/share/wpa_cli_msgs/msg/Scan.idl
[2.568s] -- Up-to-date: /home/GTL/mgaddam/CS7630/ros2_ws/install/wpa_cli_msgs/share/wpa_cli_msgs/msg/Network.msg
[2.568s] -- Up-to-date: /home/GTL/mgaddam/CS7630/ros2_ws/install/wpa_cli_msgs/share/wpa_cli_msgs/msg/Scan.msg
[2.569s] -- Up-to-date: /home/GTL/mgaddam/CS7630/ros2_ws/install/wpa_cli_msgs/share/ament_index/resource_index/package_run_dependencies/wpa_cli_msgs
[2.569s] -- Up-to-date: /home/GTL/mgaddam/CS7630/ros2_ws/install/wpa_cli_msgs/share/ament_index/resource_index/parent_prefix_path/wpa_cli_msgs
[2.570s] -- Up-to-date: /home/GTL/mgaddam/CS7630/ros2_ws/install/wpa_cli_msgs/share/wpa_cli_msgs/environment/ament_prefix_path.sh
[2.571s] -- Up-to-date: /home/GTL/mgaddam/CS7630/ros2_ws/install/wpa_cli_msgs/share/wpa_cli_msgs/environment/ament_prefix_path.dsv
[2.571s] -- Up-to-date: /home/GTL/mgaddam/CS7630/ros2_ws/install/wpa_cli_msgs/share/wpa_cli_msgs/environment/path.sh
[2.572s] -- Up-to-date: /home/GTL/mgaddam/CS7630/ros2_ws/install/wpa_cli_msgs/share/wpa_cli_msgs/environment/path.dsv
[2.572s] -- Up-to-date: /home/GTL/mgaddam/CS7630/ros2_ws/install/wpa_cli_msgs/share/wpa_cli_msgs/local_setup.bash
[2.573s] -- Up-to-date: /home/GTL/mgaddam/CS7630/ros2_ws/install/wpa_cli_msgs/share/wpa_cli_msgs/local_setup.sh
[2.574s] -- Up-to-date: /home/GTL/mgaddam/CS7630/ros2_ws/install/wpa_cli_msgs/share/wpa_cli_msgs/local_setup.zsh
[2.574s] -- Up-to-date: /home/GTL/mgaddam/CS7630/ros2_ws/install/wpa_cli_msgs/share/wpa_cli_msgs/local_setup.dsv
[2.576s] -- Installing: /home/GTL/mgaddam/CS7630/ros2_ws/install/wpa_cli_msgs/share/wpa_cli_msgs/package.dsv
[2.579s] -- Up-to-date: /home/GTL/mgaddam/CS7630/ros2_ws/install/wpa_cli_msgs/share/ament_index/resource_index/packages/wpa_cli_msgs
[2.581s] -- Up-to-date: /home/GTL/mgaddam/CS7630/ros2_ws/install/wpa_cli_msgs/share/wpa_cli_msgs/cmake/export_wpa_cli_msgs__rosidl_generator_cExport.cmake
[2.582s] -- Up-to-date: /home/GTL/mgaddam/CS7630/ros2_ws/install/wpa_cli_msgs/share/wpa_cli_msgs/cmake/export_wpa_cli_msgs__rosidl_generator_cExport-noconfig.cmake
[2.584s] -- Up-to-date: /home/GTL/mgaddam/CS7630/ros2_ws/install/wpa_cli_msgs/share/wpa_cli_msgs/cmake/export_wpa_cli_msgs__rosidl_typesupport_fastrtps_cExport.cmake
[2.584s] -- Up-to-date: /home/GTL/mgaddam/CS7630/ros2_ws/install/wpa_cli_msgs/share/wpa_cli_msgs/cmake/export_wpa_cli_msgs__rosidl_typesupport_fastrtps_cExport-noconfig.cmake
[2.586s] -- Up-to-date: /home/GTL/mgaddam/CS7630/ros2_ws/install/wpa_cli_msgs/share/wpa_cli_msgs/cmake/export_wpa_cli_msgs__rosidl_generator_cppExport.cmake
[2.587s] -- Up-to-date: /home/GTL/mgaddam/CS7630/ros2_ws/install/wpa_cli_msgs/share/wpa_cli_msgs/cmake/export_wpa_cli_msgs__rosidl_typesupport_fastrtps_cppExport.cmake
[2.588s] -- Up-to-date: /home/GTL/mgaddam/CS7630/ros2_ws/install/wpa_cli_msgs/share/wpa_cli_msgs/cmake/export_wpa_cli_msgs__rosidl_typesupport_fastrtps_cppExport-noconfig.cmake
[2.590s] -- Up-to-date: /home/GTL/mgaddam/CS7630/ros2_ws/install/wpa_cli_msgs/share/wpa_cli_msgs/cmake/wpa_cli_msgs__rosidl_typesupport_introspection_cExport.cmake
[2.590s] -- Up-to-date: /home/GTL/mgaddam/CS7630/ros2_ws/install/wpa_cli_msgs/share/wpa_cli_msgs/cmake/wpa_cli_msgs__rosidl_typesupport_introspection_cExport-noconfig.cmake
[2.592s] -- Up-to-date: /home/GTL/mgaddam/CS7630/ros2_ws/install/wpa_cli_msgs/share/wpa_cli_msgs/cmake/wpa_cli_msgs__rosidl_typesupport_cExport.cmake
[2.593s] -- Up-to-date: /home/GTL/mgaddam/CS7630/ros2_ws/install/wpa_cli_msgs/share/wpa_cli_msgs/cmake/wpa_cli_msgs__rosidl_typesupport_cExport-noconfig.cmake
[2.594s] -- Up-to-date: /home/GTL/mgaddam/CS7630/ros2_ws/install/wpa_cli_msgs/share/wpa_cli_msgs/cmake/wpa_cli_msgs__rosidl_typesupport_introspection_cppExport.cmake
[2.595s] -- Up-to-date: /home/GTL/mgaddam/CS7630/ros2_ws/install/wpa_cli_msgs/share/wpa_cli_msgs/cmake/wpa_cli_msgs__rosidl_typesupport_introspection_cppExport-noconfig.cmake
[2.597s] -- Up-to-date: /home/GTL/mgaddam/CS7630/ros2_ws/install/wpa_cli_msgs/share/wpa_cli_msgs/cmake/wpa_cli_msgs__rosidl_typesupport_cppExport.cmake
[2.598s] -- Up-to-date: /home/GTL/mgaddam/CS7630/ros2_ws/install/wpa_cli_msgs/share/wpa_cli_msgs/cmake/wpa_cli_msgs__rosidl_typesupport_cppExport-noconfig.cmake
[2.599s] -- Up-to-date: /home/GTL/mgaddam/CS7630/ros2_ws/install/wpa_cli_msgs/share/wpa_cli_msgs/cmake/export_wpa_cli_msgs__rosidl_generator_pyExport.cmake
[2.600s] -- Up-to-date: /home/GTL/mgaddam/CS7630/ros2_ws/install/wpa_cli_msgs/share/wpa_cli_msgs/cmake/export_wpa_cli_msgs__rosidl_generator_pyExport-noconfig.cmake
[2.601s] -- Up-to-date: /home/GTL/mgaddam/CS7630/ros2_ws/install/wpa_cli_msgs/share/wpa_cli_msgs/cmake/rosidl_cmake-extras.cmake
[2.601s] -- Up-to-date: /home/GTL/mgaddam/CS7630/ros2_ws/install/wpa_cli_msgs/share/wpa_cli_msgs/cmake/ament_cmake_export_dependencies-extras.cmake
[2.602s] -- Up-to-date: /home/GTL/mgaddam/CS7630/ros2_ws/install/wpa_cli_msgs/share/wpa_cli_msgs/cmake/ament_cmake_export_include_directories-extras.cmake
[2.602s] -- Up-to-date: /home/GTL/mgaddam/CS7630/ros2_ws/install/wpa_cli_msgs/share/wpa_cli_msgs/cmake/ament_cmake_export_libraries-extras.cmake
[2.604s] -- Up-to-date: /home/GTL/mgaddam/CS7630/ros2_ws/install/wpa_cli_msgs/share/wpa_cli_msgs/cmake/ament_cmake_export_targets-extras.cmake
[2.604s] -- Up-to-date: /home/GTL/mgaddam/CS7630/ros2_ws/install/wpa_cli_msgs/share/wpa_cli_msgs/cmake/rosidl_cmake_export_typesupport_targets-extras.cmake
[2.604s] -- Up-to-date: /home/GTL/mgaddam/CS7630/ros2_ws/install/wpa_cli_msgs/share/wpa_cli_msgs/cmake/rosidl_cmake_export_typesupport_libraries-extras.cmake
[2.604s] -- Up-to-date: /home/GTL/mgaddam/CS7630/ros2_ws/install/wpa_cli_msgs/share/wpa_cli_msgs/cmake/wpa_cli_msgsConfig.cmake
[2.605s] -- Up-to-date: /home/GTL/mgaddam/CS7630/ros2_ws/install/wpa_cli_msgs/share/wpa_cli_msgs/cmake/wpa_cli_msgsConfig-version.cmake
[2.605s] -- Up-to-date: /home/GTL/mgaddam/CS7630/ros2_ws/install/wpa_cli_msgs/share/wpa_cli_msgs/package.xml
[2.820s] Invoked command in '/home/GTL/mgaddam/CS7630/ros2_ws/build/wpa_cli_msgs' returned '0': CMAKE_PREFIX_PATH=${CMAKE_PREFIX_PATH}:/home/GTL/mgaddam/CS7630/ros2_ws/install/wpa_cli:/home/GTL/mgaddam/CS7630/ros2_ws/install/vrep_ros_teleop:/home/GTL/mgaddam/CS7630/ros2_ws/install/task_manager_client_py:/home/GTL/mgaddam/CS7630/ros2_ws/install/ar_slam_base:/home/GTL/mgaddam/CS7630/ros2_ws/install/ar_loc_base:/home/GTL/mgaddam/CS7630/ros2_ws/install/rover_driver_base:/home/GTL/mgaddam/CS7630/ros2_ws/install/keyboard_teleop:/home/GTL/mgaddam/CS7630/ros2_ws/install/face_detect_base:/home/GTL/mgaddam/CS7630/ros2_ws/install/button_server:/home/GTL/mgaddam/CS7630/ros2_ws/install/ar_mapping_base:/opt/ros/humble /usr/bin/cmake --install /home/GTL/mgaddam/CS7630/ros2_ws/build/wpa_cli_msgs
