running egg_info
writing ../../build/vrep_ros_teleop/vrep_ros_teleop.egg-info/PKG-INFO
writing dependency_links to ../../build/vrep_ros_teleop/vrep_ros_teleop.egg-info/dependency_links.txt
writing entry points to ../../build/vrep_ros_teleop/vrep_ros_teleop.egg-info/entry_points.txt
writing requirements to ../../build/vrep_ros_teleop/vrep_ros_teleop.egg-info/requires.txt
writing top-level names to ../../build/vrep_ros_teleop/vrep_ros_teleop.egg-info/top_level.txt
writing manifest file '../../build/vrep_ros_teleop/vrep_ros_teleop.egg-info/SOURCES.txt'
reading manifest file '../../build/vrep_ros_teleop/vrep_ros_teleop.egg-info/SOURCES.txt'
writing manifest file '../../build/vrep_ros_teleop/vrep_ros_teleop.egg-info/SOURCES.txt'
running build
running build_py
copying vrep_ros_teleop/teleop.py -> /home/GTL/mgaddam/CS7630/ros2_ws/build/vrep_ros_teleop/build/lib/vrep_ros_teleop
copying vrep_ros_teleop/__init__.py -> /home/GTL/mgaddam/CS7630/ros2_ws/build/vrep_ros_teleop/build/lib/vrep_ros_teleop
copying vrep_ros_teleop/teleop_mux.py -> /home/GTL/mgaddam/CS7630/ros2_ws/build/vrep_ros_teleop/build/lib/vrep_ros_teleop
running install
running install_lib
copying /home/GTL/mgaddam/CS7630/ros2_ws/build/vrep_ros_teleop/build/lib/vrep_ros_teleop/teleop.py -> /home/GTL/mgaddam/CS7630/ros2_ws/install/vrep_ros_teleop/lib/python3.10/site-packages/vrep_ros_teleop
copying /home/GTL/mgaddam/CS7630/ros2_ws/build/vrep_ros_teleop/build/lib/vrep_ros_teleop/__init__.py -> /home/GTL/mgaddam/CS7630/ros2_ws/install/vrep_ros_teleop/lib/python3.10/site-packages/vrep_ros_teleop
copying /home/GTL/mgaddam/CS7630/ros2_ws/build/vrep_ros_teleop/build/lib/vrep_ros_teleop/teleop_mux.py -> /home/GTL/mgaddam/CS7630/ros2_ws/install/vrep_ros_teleop/lib/python3.10/site-packages/vrep_ros_teleop
byte-compiling /home/GTL/mgaddam/CS7630/ros2_ws/install/vrep_ros_teleop/lib/python3.10/site-packages/vrep_ros_teleop/teleop.py to teleop.cpython-310.pyc
byte-compiling /home/GTL/mgaddam/CS7630/ros2_ws/install/vrep_ros_teleop/lib/python3.10/site-packages/vrep_ros_teleop/__init__.py to __init__.cpython-310.pyc
byte-compiling /home/GTL/mgaddam/CS7630/ros2_ws/install/vrep_ros_teleop/lib/python3.10/site-packages/vrep_ros_teleop/teleop_mux.py to teleop_mux.cpython-310.pyc
running install_data
copying resource/vrep_ros_teleop -> /home/GTL/mgaddam/CS7630/ros2_ws/install/vrep_ros_teleop/share/ament_index/resource_index/packages
copying package.xml -> /home/GTL/mgaddam/CS7630/ros2_ws/install/vrep_ros_teleop/share/vrep_ros_teleop
copying launch/teleop.launch.py -> /home/GTL/mgaddam/CS7630/ros2_ws/install/vrep_ros_teleop/share/vrep_ros_teleop
copying launch/teleop_mux_tb.launch.py -> /home/GTL/mgaddam/CS7630/ros2_ws/install/vrep_ros_teleop/share/vrep_ros_teleop
copying launch/teleop_mux.launch.py -> /home/GTL/mgaddam/CS7630/ros2_ws/install/vrep_ros_teleop/share/vrep_ros_teleop
running install_egg_info
removing '/home/GTL/mgaddam/CS7630/ros2_ws/install/vrep_ros_teleop/lib/python3.10/site-packages/vrep_ros_teleop-0.0.0-py3.10.egg-info' (and everything under it)
Copying ../../build/vrep_ros_teleop/vrep_ros_teleop.egg-info to /home/GTL/mgaddam/CS7630/ros2_ws/install/vrep_ros_teleop/lib/python3.10/site-packages/vrep_ros_teleop-0.0.0-py3.10.egg-info
running install_scripts
Installing teleop_mux_node script to /home/GTL/mgaddam/CS7630/ros2_ws/install/vrep_ros_teleop/lib/vrep_ros_teleop
Installing teleop_node script to /home/GTL/mgaddam/CS7630/ros2_ws/install/vrep_ros_teleop/lib/vrep_ros_teleop
writing list of installed files to '/home/GTL/mgaddam/CS7630/ros2_ws/build/vrep_ros_teleop/install.log'
