[0.407s] Invoking command in '/home/GTL/mgaddam/CS7630/ros2_ws/src/build/cs7630_msgs': CMAKE_PREFIX_PATH=/opt/ros/humble /usr/bin/cmake --build /home/GTL/mgaddam/CS7630/ros2_ws/src/build/cs7630_msgs -- -j16 -l16
[1.334s] [  3%] Built target cs7630_msgs__cpp
[1.334s] [  3%] Built target ament_cmake_python_copy_cs7630_msgs
[1.334s] [35m[1mConsolidate compiler generated dependencies of target cs7630_msgs__rosidl_typesupport_introspection_cpp[0m
[1.334s] [ 12%] Built target cs7630_msgs__rosidl_typesupport_introspection_cpp
[1.334s] running egg_info
[1.334s] writing cs7630_msgs.egg-info/PKG-INFO
[1.334s] writing dependency_links to cs7630_msgs.egg-info/dependency_links.txt
[1.334s] writing top-level names to cs7630_msgs.egg-info/top_level.txt
[1.334s] reading manifest file 'cs7630_msgs.egg-info/SOURCES.txt'
[1.334s] writing manifest file 'cs7630_msgs.egg-info/SOURCES.txt'
[1.334s] [ 12%] Built target ament_cmake_python_build_cs7630_msgs_egg
[1.334s] [35m[1mConsolidate compiler generated dependencies of target cs7630_msgs__rosidl_typesupport_fastrtps_cpp[0m
[1.334s] [ 22%] Built target cs7630_msgs__rosidl_typesupport_fastrtps_cpp
[1.334s] [35m[1mConsolidate compiler generated dependencies of target cs7630_msgs__rosidl_typesupport_cpp[0m
[1.334s] [ 32%] Built target cs7630_msgs__rosidl_typesupport_cpp
[1.334s] [35m[1mConsolidate compiler generated dependencies of target cs7630_msgs__rosidl_generator_c[0m
[1.334s] [ 41%] Built target cs7630_msgs__rosidl_generator_c
[1.334s] [35m[1mConsolidate compiler generated dependencies of target cs7630_msgs__rosidl_typesupport_fastrtps_c[0m
[1.334s] [ 51%] Built target cs7630_msgs__rosidl_typesupport_fastrtps_c
[1.334s] [35m[1mConsolidate compiler generated dependencies of target cs7630_msgs__rosidl_typesupport_c[0m
[1.334s] [ 61%] Built target cs7630_msgs__rosidl_typesupport_c
[1.334s] [35m[1mConsolidate compiler generated dependencies of target cs7630_msgs__rosidl_typesupport_introspection_c[0m
[1.334s] [ 70%] Built target cs7630_msgs__rosidl_typesupport_introspection_c
[1.334s] [ 70%] Built target cs7630_msgs
[1.334s] [ 74%] Built target cs7630_msgs__py
[1.334s] [35m[1mConsolidate compiler generated dependencies of target cs7630_msgs__rosidl_generator_py[0m
[1.334s] [ 80%] Built target cs7630_msgs__rosidl_generator_py
[1.334s] [35m[1mConsolidate compiler generated dependencies of target cs7630_msgs__rosidl_typesupport_fastrtps_c__pyext[0m
[1.335s] [ 87%] Built target cs7630_msgs__rosidl_typesupport_fastrtps_c__pyext
[1.335s] [35m[1mConsolidate compiler generated dependencies of target cs7630_msgs__rosidl_typesupport_c__pyext[0m
[1.335s] [ 93%] Built target cs7630_msgs__rosidl_typesupport_c__pyext
[1.335s] [35m[1mConsolidate compiler generated dependencies of target cs7630_msgs__rosidl_typesupport_introspection_c__pyext[0m
[1.335s] [100%] Built target cs7630_msgs__rosidl_typesupport_introspection_c__pyext
[1.555s] Invoked command in '/home/GTL/mgaddam/CS7630/ros2_ws/src/build/cs7630_msgs' returned '0': CMAKE_PREFIX_PATH=/opt/ros/humble /usr/bin/cmake --build /home/GTL/mgaddam/CS7630/ros2_ws/src/build/cs7630_msgs -- -j16 -l16
[1.593s] Invoking command in '/home/GTL/mgaddam/CS7630/ros2_ws/src/build/cs7630_msgs': CMAKE_PREFIX_PATH=/opt/ros/humble /usr/bin/cmake --install /home/GTL/mgaddam/CS7630/ros2_ws/src/build/cs7630_msgs
[1.599s] -- Install configuration: ""
[1.599s] -- Up-to-date: /home/GTL/mgaddam/CS7630/ros2_ws/src/install/cs7630_msgs/share/ament_index/resource_index/rosidl_interfaces/cs7630_msgs
[1.599s] -- Up-to-date: /home/GTL/mgaddam/CS7630/ros2_ws/src/install/cs7630_msgs/include/cs7630_msgs/cs7630_msgs
[1.601s] -- Up-to-date: /home/GTL/mgaddam/CS7630/ros2_ws/src/install/cs7630_msgs/include/cs7630_msgs/cs7630_msgs/msg
[1.601s] -- Up-to-date: /home/GTL/mgaddam/CS7630/ros2_ws/src/install/cs7630_msgs/include/cs7630_msgs/cs7630_msgs/msg/region_of_interest_array.h
[1.601s] -- Up-to-date: /home/GTL/mgaddam/CS7630/ros2_ws/src/install/cs7630_msgs/include/cs7630_msgs/cs7630_msgs/msg/detail
[1.606s] -- Up-to-date: /home/GTL/mgaddam/CS7630/ros2_ws/src/install/cs7630_msgs/include/cs7630_msgs/cs7630_msgs/msg/detail/region_of_interest_array__struct.h
[1.606s] -- Up-to-date: /home/GTL/mgaddam/CS7630/ros2_ws/src/install/cs7630_msgs/include/cs7630_msgs/cs7630_msgs/msg/detail/region_of_interest_array__functions.h
[1.606s] -- Up-to-date: /home/GTL/mgaddam/CS7630/ros2_ws/src/install/cs7630_msgs/include/cs7630_msgs/cs7630_msgs/msg/detail/region_of_interest_array__functions.c
[1.606s] -- Up-to-date: /home/GTL/mgaddam/CS7630/ros2_ws/src/install/cs7630_msgs/include/cs7630_msgs/cs7630_msgs/msg/detail/region_of_interest_array__type_support.h
[1.607s] -- Up-to-date: /home/GTL/mgaddam/CS7630/ros2_ws/src/install/cs7630_msgs/include/cs7630_msgs/cs7630_msgs/msg/rosidl_generator_c__visibility_control.h
[1.607s] -- Up-to-date: /home/GTL/mgaddam/CS7630/ros2_ws/src/install/cs7630_msgs/share/cs7630_msgs/environment/library_path.sh
[1.607s] -- Up-to-date: /home/GTL/mgaddam/CS7630/ros2_ws/src/install/cs7630_msgs/share/cs7630_msgs/environment/library_path.dsv
[1.607s] -- Up-to-date: /home/GTL/mgaddam/CS7630/ros2_ws/src/install/cs7630_msgs/lib/libcs7630_msgs__rosidl_generator_c.so
[1.607s] -- Up-to-date: /home/GTL/mgaddam/CS7630/ros2_ws/src/install/cs7630_msgs/include/cs7630_msgs/cs7630_msgs
[1.608s] -- Up-to-date: /home/GTL/mgaddam/CS7630/ros2_ws/src/install/cs7630_msgs/include/cs7630_msgs/cs7630_msgs/msg
[1.609s] -- Up-to-date: /home/GTL/mgaddam/CS7630/ros2_ws/src/install/cs7630_msgs/include/cs7630_msgs/cs7630_msgs/msg/detail
[1.610s] -- Up-to-date: /home/GTL/mgaddam/CS7630/ros2_ws/src/install/cs7630_msgs/include/cs7630_msgs/cs7630_msgs/msg/detail/region_of_interest_array__rosidl_typesupport_fastrtps_c.h
[1.610s] -- Up-to-date: /home/GTL/mgaddam/CS7630/ros2_ws/src/install/cs7630_msgs/include/cs7630_msgs/cs7630_msgs/msg/rosidl_typesupport_fastrtps_c__visibility_control.h
[1.612s] -- Up-to-date: /home/GTL/mgaddam/CS7630/ros2_ws/src/install/cs7630_msgs/lib/libcs7630_msgs__rosidl_typesupport_fastrtps_c.so
[1.614s] -- Up-to-date: /home/GTL/mgaddam/CS7630/ros2_ws/src/install/cs7630_msgs/include/cs7630_msgs/cs7630_msgs
[1.614s] -- Up-to-date: /home/GTL/mgaddam/CS7630/ros2_ws/src/install/cs7630_msgs/include/cs7630_msgs/cs7630_msgs/msg
[1.615s] -- Up-to-date: /home/GTL/mgaddam/CS7630/ros2_ws/src/install/cs7630_msgs/include/cs7630_msgs/cs7630_msgs/msg/detail
[1.616s] -- Up-to-date: /home/GTL/mgaddam/CS7630/ros2_ws/src/install/cs7630_msgs/include/cs7630_msgs/cs7630_msgs/msg/detail/region_of_interest_array__type_support.c
[1.616s] -- Up-to-date: /home/GTL/mgaddam/CS7630/ros2_ws/src/install/cs7630_msgs/include/cs7630_msgs/cs7630_msgs/msg/detail/region_of_interest_array__rosidl_typesupport_introspection_c.h
[1.616s] -- Up-to-date: /home/GTL/mgaddam/CS7630/ros2_ws/src/install/cs7630_msgs/include/cs7630_msgs/cs7630_msgs/msg/rosidl_typesupport_introspection_c__visibility_control.h
[1.619s] -- Up-to-date: /home/GTL/mgaddam/CS7630/ros2_ws/src/install/cs7630_msgs/lib/libcs7630_msgs__rosidl_typesupport_introspection_c.so
[1.621s] -- Up-to-date: /home/GTL/mgaddam/CS7630/ros2_ws/src/install/cs7630_msgs/lib/libcs7630_msgs__rosidl_typesupport_c.so
[1.622s] -- Up-to-date: /home/GTL/mgaddam/CS7630/ros2_ws/src/install/cs7630_msgs/include/cs7630_msgs/cs7630_msgs
[1.623s] -- Up-to-date: /home/GTL/mgaddam/CS7630/ros2_ws/src/install/cs7630_msgs/include/cs7630_msgs/cs7630_msgs/msg
[1.624s] -- Up-to-date: /home/GTL/mgaddam/CS7630/ros2_ws/src/install/cs7630_msgs/include/cs7630_msgs/cs7630_msgs/msg/detail
[1.624s] -- Up-to-date: /home/GTL/mgaddam/CS7630/ros2_ws/src/install/cs7630_msgs/include/cs7630_msgs/cs7630_msgs/msg/detail/region_of_interest_array__builder.hpp
[1.625s] -- Up-to-date: /home/GTL/mgaddam/CS7630/ros2_ws/src/install/cs7630_msgs/include/cs7630_msgs/cs7630_msgs/msg/detail/region_of_interest_array__traits.hpp
[1.625s] -- Up-to-date: /home/GTL/mgaddam/CS7630/ros2_ws/src/install/cs7630_msgs/include/cs7630_msgs/cs7630_msgs/msg/detail/region_of_interest_array__struct.hpp
[1.625s] -- Up-to-date: /home/GTL/mgaddam/CS7630/ros2_ws/src/install/cs7630_msgs/include/cs7630_msgs/cs7630_msgs/msg/region_of_interest_array.hpp
[1.626s] -- Up-to-date: /home/GTL/mgaddam/CS7630/ros2_ws/src/install/cs7630_msgs/include/cs7630_msgs/cs7630_msgs
[1.627s] -- Up-to-date: /home/GTL/mgaddam/CS7630/ros2_ws/src/install/cs7630_msgs/include/cs7630_msgs/cs7630_msgs/msg
[1.627s] -- Up-to-date: /home/GTL/mgaddam/CS7630/ros2_ws/src/install/cs7630_msgs/include/cs7630_msgs/cs7630_msgs/msg/detail
[1.628s] -- Up-to-date: /home/GTL/mgaddam/CS7630/ros2_ws/src/install/cs7630_msgs/include/cs7630_msgs/cs7630_msgs/msg/detail/region_of_interest_array__rosidl_typesupport_fastrtps_cpp.hpp
[1.629s] -- Up-to-date: /home/GTL/mgaddam/CS7630/ros2_ws/src/install/cs7630_msgs/include/cs7630_msgs/cs7630_msgs/msg/detail/dds_fastrtps
[1.629s] -- Up-to-date: /home/GTL/mgaddam/CS7630/ros2_ws/src/install/cs7630_msgs/include/cs7630_msgs/cs7630_msgs/msg/rosidl_typesupport_fastrtps_cpp__visibility_control.h
[1.633s] -- Up-to-date: /home/GTL/mgaddam/CS7630/ros2_ws/src/install/cs7630_msgs/lib/libcs7630_msgs__rosidl_typesupport_fastrtps_cpp.so
[1.633s] -- Up-to-date: /home/GTL/mgaddam/CS7630/ros2_ws/src/install/cs7630_msgs/include/cs7630_msgs/cs7630_msgs
[1.634s] -- Up-to-date: /home/GTL/mgaddam/CS7630/ros2_ws/src/install/cs7630_msgs/include/cs7630_msgs/cs7630_msgs/msg
[1.635s] -- Up-to-date: /home/GTL/mgaddam/CS7630/ros2_ws/src/install/cs7630_msgs/include/cs7630_msgs/cs7630_msgs/msg/detail
[1.636s] -- Up-to-date: /home/GTL/mgaddam/CS7630/ros2_ws/src/install/cs7630_msgs/include/cs7630_msgs/cs7630_msgs/msg/detail/region_of_interest_array__rosidl_typesupport_introspection_cpp.hpp
[1.636s] -- Up-to-date: /home/GTL/mgaddam/CS7630/ros2_ws/src/install/cs7630_msgs/include/cs7630_msgs/cs7630_msgs/msg/detail/region_of_interest_array__type_support.cpp
[1.639s] -- Up-to-date: /home/GTL/mgaddam/CS7630/ros2_ws/src/install/cs7630_msgs/lib/libcs7630_msgs__rosidl_typesupport_introspection_cpp.so
[1.642s] -- Up-to-date: /home/GTL/mgaddam/CS7630/ros2_ws/src/install/cs7630_msgs/lib/libcs7630_msgs__rosidl_typesupport_cpp.so
[1.643s] -- Up-to-date: /home/GTL/mgaddam/CS7630/ros2_ws/src/install/cs7630_msgs/share/cs7630_msgs/environment/pythonpath.sh
[1.644s] -- Up-to-date: /home/GTL/mgaddam/CS7630/ros2_ws/src/install/cs7630_msgs/share/cs7630_msgs/environment/pythonpath.dsv
[1.644s] -- Up-to-date: /home/GTL/mgaddam/CS7630/ros2_ws/src/install/cs7630_msgs/local/lib/python3.10/dist-packages/cs7630_msgs-0.0.0-py3.10.egg-info
[1.645s] -- Installing: /home/GTL/mgaddam/CS7630/ros2_ws/src/install/cs7630_msgs/local/lib/python3.10/dist-packages/cs7630_msgs-0.0.0-py3.10.egg-info/dependency_links.txt
[1.650s] -- Installing: /home/GTL/mgaddam/CS7630/ros2_ws/src/install/cs7630_msgs/local/lib/python3.10/dist-packages/cs7630_msgs-0.0.0-py3.10.egg-info/top_level.txt
[1.654s] -- Installing: /home/GTL/mgaddam/CS7630/ros2_ws/src/install/cs7630_msgs/local/lib/python3.10/dist-packages/cs7630_msgs-0.0.0-py3.10.egg-info/PKG-INFO
[1.658s] -- Installing: /home/GTL/mgaddam/CS7630/ros2_ws/src/install/cs7630_msgs/local/lib/python3.10/dist-packages/cs7630_msgs-0.0.0-py3.10.egg-info/SOURCES.txt
[1.662s] -- Up-to-date: /home/GTL/mgaddam/CS7630/ros2_ws/src/install/cs7630_msgs/local/lib/python3.10/dist-packages/cs7630_msgs
[1.662s] -- Up-to-date: /home/GTL/mgaddam/CS7630/ros2_ws/src/install/cs7630_msgs/local/lib/python3.10/dist-packages/cs7630_msgs/msg
[1.663s] -- Up-to-date: /home/GTL/mgaddam/CS7630/ros2_ws/src/install/cs7630_msgs/local/lib/python3.10/dist-packages/cs7630_msgs/msg/_region_of_interest_array_s.c
[1.664s] -- Up-to-date: /home/GTL/mgaddam/CS7630/ros2_ws/src/install/cs7630_msgs/local/lib/python3.10/dist-packages/cs7630_msgs/msg/_region_of_interest_array.py
[1.664s] -- Up-to-date: /home/GTL/mgaddam/CS7630/ros2_ws/src/install/cs7630_msgs/local/lib/python3.10/dist-packages/cs7630_msgs/msg/__init__.py
[1.664s] -- Up-to-date: /home/GTL/mgaddam/CS7630/ros2_ws/src/install/cs7630_msgs/local/lib/python3.10/dist-packages/cs7630_msgs/cs7630_msgs_s__rosidl_typesupport_c.cpython-310-x86_64-linux-gnu.so
[1.664s] -- Up-to-date: /home/GTL/mgaddam/CS7630/ros2_ws/src/install/cs7630_msgs/local/lib/python3.10/dist-packages/cs7630_msgs/libcs7630_msgs__rosidl_generator_py.so
[1.665s] -- Up-to-date: /home/GTL/mgaddam/CS7630/ros2_ws/src/install/cs7630_msgs/local/lib/python3.10/dist-packages/cs7630_msgs/cs7630_msgs_s__rosidl_typesupport_fastrtps_c.cpython-310-x86_64-linux-gnu.so
[1.665s] -- Up-to-date: /home/GTL/mgaddam/CS7630/ros2_ws/src/install/cs7630_msgs/local/lib/python3.10/dist-packages/cs7630_msgs/_cs7630_msgs_s.ep.rosidl_typesupport_c.c
[1.665s] -- Up-to-date: /home/GTL/mgaddam/CS7630/ros2_ws/src/install/cs7630_msgs/local/lib/python3.10/dist-packages/cs7630_msgs/cs7630_msgs_s__rosidl_typesupport_introspection_c.cpython-310-x86_64-linux-gnu.so
[1.666s] -- Up-to-date: /home/GTL/mgaddam/CS7630/ros2_ws/src/install/cs7630_msgs/local/lib/python3.10/dist-packages/cs7630_msgs/_cs7630_msgs_s.ep.rosidl_typesupport_fastrtps_c.c
[1.666s] -- Up-to-date: /home/GTL/mgaddam/CS7630/ros2_ws/src/install/cs7630_msgs/local/lib/python3.10/dist-packages/cs7630_msgs/__init__.py
[1.666s] -- Up-to-date: /home/GTL/mgaddam/CS7630/ros2_ws/src/install/cs7630_msgs/local/lib/python3.10/dist-packages/cs7630_msgs/_cs7630_msgs_s.ep.rosidl_typesupport_introspection_c.c
[1.697s] Listing '/home/GTL/mgaddam/CS7630/ros2_ws/src/install/cs7630_msgs/local/lib/python3.10/dist-packages/cs7630_msgs'...
[1.697s] Listing '/home/GTL/mgaddam/CS7630/ros2_ws/src/install/cs7630_msgs/local/lib/python3.10/dist-packages/cs7630_msgs/msg'...
[1.697s] -- Up-to-date: /home/GTL/mgaddam/CS7630/ros2_ws/src/install/cs7630_msgs/local/lib/python3.10/dist-packages/cs7630_msgs/cs7630_msgs_s__rosidl_typesupport_fastrtps_c.cpython-310-x86_64-linux-gnu.so
[1.701s] -- Up-to-date: /home/GTL/mgaddam/CS7630/ros2_ws/src/install/cs7630_msgs/local/lib/python3.10/dist-packages/cs7630_msgs/cs7630_msgs_s__rosidl_typesupport_introspection_c.cpython-310-x86_64-linux-gnu.so
[1.704s] -- Up-to-date: /home/GTL/mgaddam/CS7630/ros2_ws/src/install/cs7630_msgs/local/lib/python3.10/dist-packages/cs7630_msgs/cs7630_msgs_s__rosidl_typesupport_c.cpython-310-x86_64-linux-gnu.so
[1.707s] -- Up-to-date: /home/GTL/mgaddam/CS7630/ros2_ws/src/install/cs7630_msgs/lib/libcs7630_msgs__rosidl_generator_py.so
[1.708s] -- Up-to-date: /home/GTL/mgaddam/CS7630/ros2_ws/src/install/cs7630_msgs/share/cs7630_msgs/msg/RegionOfInterestArray.idl
[1.709s] -- Up-to-date: /home/GTL/mgaddam/CS7630/ros2_ws/src/install/cs7630_msgs/share/cs7630_msgs/msg/RegionOfInterestArray.msg
[1.709s] -- Up-to-date: /home/GTL/mgaddam/CS7630/ros2_ws/src/install/cs7630_msgs/share/ament_index/resource_index/package_run_dependencies/cs7630_msgs
[1.710s] -- Up-to-date: /home/GTL/mgaddam/CS7630/ros2_ws/src/install/cs7630_msgs/share/ament_index/resource_index/parent_prefix_path/cs7630_msgs
[1.710s] -- Up-to-date: /home/GTL/mgaddam/CS7630/ros2_ws/src/install/cs7630_msgs/share/cs7630_msgs/environment/ament_prefix_path.sh
[1.711s] -- Up-to-date: /home/GTL/mgaddam/CS7630/ros2_ws/src/install/cs7630_msgs/share/cs7630_msgs/environment/ament_prefix_path.dsv
[1.711s] -- Up-to-date: /home/GTL/mgaddam/CS7630/ros2_ws/src/install/cs7630_msgs/share/cs7630_msgs/environment/path.sh
[1.711s] -- Up-to-date: /home/GTL/mgaddam/CS7630/ros2_ws/src/install/cs7630_msgs/share/cs7630_msgs/environment/path.dsv
[1.712s] -- Up-to-date: /home/GTL/mgaddam/CS7630/ros2_ws/src/install/cs7630_msgs/share/cs7630_msgs/local_setup.bash
[1.712s] -- Up-to-date: /home/GTL/mgaddam/CS7630/ros2_ws/src/install/cs7630_msgs/share/cs7630_msgs/local_setup.sh
[1.712s] -- Up-to-date: /home/GTL/mgaddam/CS7630/ros2_ws/src/install/cs7630_msgs/share/cs7630_msgs/local_setup.zsh
[1.713s] -- Up-to-date: /home/GTL/mgaddam/CS7630/ros2_ws/src/install/cs7630_msgs/share/cs7630_msgs/local_setup.dsv
[1.714s] -- Installing: /home/GTL/mgaddam/CS7630/ros2_ws/src/install/cs7630_msgs/share/cs7630_msgs/package.dsv
[1.719s] -- Up-to-date: /home/GTL/mgaddam/CS7630/ros2_ws/src/install/cs7630_msgs/share/ament_index/resource_index/packages/cs7630_msgs
[1.720s] -- Up-to-date: /home/GTL/mgaddam/CS7630/ros2_ws/src/install/cs7630_msgs/share/cs7630_msgs/cmake/export_cs7630_msgs__rosidl_generator_cExport.cmake
[1.721s] -- Up-to-date: /home/GTL/mgaddam/CS7630/ros2_ws/src/install/cs7630_msgs/share/cs7630_msgs/cmake/export_cs7630_msgs__rosidl_generator_cExport-noconfig.cmake
[1.723s] -- Up-to-date: /home/GTL/mgaddam/CS7630/ros2_ws/src/install/cs7630_msgs/share/cs7630_msgs/cmake/export_cs7630_msgs__rosidl_typesupport_fastrtps_cExport.cmake
[1.724s] -- Up-to-date: /home/GTL/mgaddam/CS7630/ros2_ws/src/install/cs7630_msgs/share/cs7630_msgs/cmake/export_cs7630_msgs__rosidl_typesupport_fastrtps_cExport-noconfig.cmake
[1.726s] -- Up-to-date: /home/GTL/mgaddam/CS7630/ros2_ws/src/install/cs7630_msgs/share/cs7630_msgs/cmake/cs7630_msgs__rosidl_typesupport_introspection_cExport.cmake
[1.727s] -- Up-to-date: /home/GTL/mgaddam/CS7630/ros2_ws/src/install/cs7630_msgs/share/cs7630_msgs/cmake/cs7630_msgs__rosidl_typesupport_introspection_cExport-noconfig.cmake
[1.729s] -- Up-to-date: /home/GTL/mgaddam/CS7630/ros2_ws/src/install/cs7630_msgs/share/cs7630_msgs/cmake/cs7630_msgs__rosidl_typesupport_cExport.cmake
[1.729s] -- Up-to-date: /home/GTL/mgaddam/CS7630/ros2_ws/src/install/cs7630_msgs/share/cs7630_msgs/cmake/cs7630_msgs__rosidl_typesupport_cExport-noconfig.cmake
[1.731s] -- Up-to-date: /home/GTL/mgaddam/CS7630/ros2_ws/src/install/cs7630_msgs/share/cs7630_msgs/cmake/export_cs7630_msgs__rosidl_generator_cppExport.cmake
[1.733s] -- Up-to-date: /home/GTL/mgaddam/CS7630/ros2_ws/src/install/cs7630_msgs/share/cs7630_msgs/cmake/export_cs7630_msgs__rosidl_typesupport_fastrtps_cppExport.cmake
[1.734s] -- Up-to-date: /home/GTL/mgaddam/CS7630/ros2_ws/src/install/cs7630_msgs/share/cs7630_msgs/cmake/export_cs7630_msgs__rosidl_typesupport_fastrtps_cppExport-noconfig.cmake
[1.736s] -- Up-to-date: /home/GTL/mgaddam/CS7630/ros2_ws/src/install/cs7630_msgs/share/cs7630_msgs/cmake/cs7630_msgs__rosidl_typesupport_introspection_cppExport.cmake
[1.737s] -- Up-to-date: /home/GTL/mgaddam/CS7630/ros2_ws/src/install/cs7630_msgs/share/cs7630_msgs/cmake/cs7630_msgs__rosidl_typesupport_introspection_cppExport-noconfig.cmake
[1.738s] -- Up-to-date: /home/GTL/mgaddam/CS7630/ros2_ws/src/install/cs7630_msgs/share/cs7630_msgs/cmake/cs7630_msgs__rosidl_typesupport_cppExport.cmake
[1.739s] -- Up-to-date: /home/GTL/mgaddam/CS7630/ros2_ws/src/install/cs7630_msgs/share/cs7630_msgs/cmake/cs7630_msgs__rosidl_typesupport_cppExport-noconfig.cmake
[1.741s] -- Up-to-date: /home/GTL/mgaddam/CS7630/ros2_ws/src/install/cs7630_msgs/share/cs7630_msgs/cmake/export_cs7630_msgs__rosidl_generator_pyExport.cmake
[1.741s] -- Up-to-date: /home/GTL/mgaddam/CS7630/ros2_ws/src/install/cs7630_msgs/share/cs7630_msgs/cmake/export_cs7630_msgs__rosidl_generator_pyExport-noconfig.cmake
[1.742s] -- Up-to-date: /home/GTL/mgaddam/CS7630/ros2_ws/src/install/cs7630_msgs/share/cs7630_msgs/cmake/rosidl_cmake-extras.cmake
[1.742s] -- Up-to-date: /home/GTL/mgaddam/CS7630/ros2_ws/src/install/cs7630_msgs/share/cs7630_msgs/cmake/ament_cmake_export_dependencies-extras.cmake
[1.742s] -- Up-to-date: /home/GTL/mgaddam/CS7630/ros2_ws/src/install/cs7630_msgs/share/cs7630_msgs/cmake/ament_cmake_export_include_directories-extras.cmake
[1.743s] -- Up-to-date: /home/GTL/mgaddam/CS7630/ros2_ws/src/install/cs7630_msgs/share/cs7630_msgs/cmake/ament_cmake_export_libraries-extras.cmake
[1.743s] -- Up-to-date: /home/GTL/mgaddam/CS7630/ros2_ws/src/install/cs7630_msgs/share/cs7630_msgs/cmake/ament_cmake_export_targets-extras.cmake
[1.744s] -- Up-to-date: /home/GTL/mgaddam/CS7630/ros2_ws/src/install/cs7630_msgs/share/cs7630_msgs/cmake/rosidl_cmake_export_typesupport_targets-extras.cmake
[1.744s] -- Up-to-date: /home/GTL/mgaddam/CS7630/ros2_ws/src/install/cs7630_msgs/share/cs7630_msgs/cmake/rosidl_cmake_export_typesupport_libraries-extras.cmake
[1.744s] -- Up-to-date: /home/GTL/mgaddam/CS7630/ros2_ws/src/install/cs7630_msgs/share/cs7630_msgs/cmake/cs7630_msgsConfig.cmake
[1.745s] -- Up-to-date: /home/GTL/mgaddam/CS7630/ros2_ws/src/install/cs7630_msgs/share/cs7630_msgs/cmake/cs7630_msgsConfig-version.cmake
[1.745s] -- Up-to-date: /home/GTL/mgaddam/CS7630/ros2_ws/src/install/cs7630_msgs/share/cs7630_msgs/package.xml
[1.841s] Invoked command in '/home/GTL/mgaddam/CS7630/ros2_ws/src/build/cs7630_msgs' returned '0': CMAKE_PREFIX_PATH=/opt/ros/humble /usr/bin/cmake --install /home/GTL/mgaddam/CS7630/ros2_ws/src/build/cs7630_msgs
