[0.401s] Invoking command in '/home/GTL/mgaddam/CS7630/ros2_ws/build/floor_nav': CMAKE_PREFIX_PATH=/home/GTL/mgaddam/CS7630/ros2_ws/install/task_manager_nav2:/home/GTL/mgaddam/CS7630/ros2_ws/install/task_manager_lib:/home/GTL/mgaddam/CS7630/ros2_ws/install/task_manager_msgs:/home/GTL/mgaddam/CS7630/ros2_ws/install/cs7630_msgs:/home/GTL/mgaddam/CS7630/ros2_ws/install/vrep4_helpers:/home/GTL/mgaddam/CS7630/ros2_ws/install/task_manager_sync:/home/GTL/mgaddam/CS7630/ros2_ws/install/floor_nav:/home/GTL/mgaddam/CS7630/ros2_ws/install/collision_avoidance_base:/home/GTL/mgaddam/CS7630/ros2_ws/src/install/vrep4_helpers:/home/GTL/mgaddam/CS7630/ros2_ws/src/install/task_manager_sync:/home/GTL/mgaddam/CS7630/ros2_ws/src/install/floor_nav:/home/GTL/mgaddam/CS7630/ros2_ws/src/install/task_manager_nav2:/home/GTL/mgaddam/CS7630/ros2_ws/src/install/task_manager_lib:/home/GTL/mgaddam/CS7630/ros2_ws/src/install/task_manager_msgs:/home/GTL/mgaddam/CS7630/ros2_ws/src/install/cs7630_msgs:/home/GTL/mgaddam/CS7630/ros2_ws/src/install/collision_avoidance_base:/home/GTL/mgaddam/CS7630/ros2_ws/install/vrep_ros_teleop:/home/GTL/mgaddam/CS7630/ros2_ws/install/task_manager_client_py:/home/GTL/mgaddam/CS7630/ros2_ws/install/ar_slam_base:/home/GTL/mgaddam/CS7630/ros2_ws/install/ar_loc_base:/home/GTL/mgaddam/CS7630/ros2_ws/install/rover_driver_base:/home/GTL/mgaddam/CS7630/ros2_ws/install/keyboard_teleop:/home/GTL/mgaddam/CS7630/ros2_ws/install/face_detect_base:/home/GTL/mgaddam/CS7630/ros2_ws/install/button_server:/home/GTL/mgaddam/CS7630/ros2_ws/install/ar_mapping_base:/home/GTL/mgaddam/CS7630/ros2_ws/src/install/vrep_ros_teleop:/home/GTL/mgaddam/CS7630/ros2_ws/src/install/task_manager_client_py:/home/GTL/mgaddam/CS7630/ros2_ws/src/install/ar_slam_base:/home/GTL/mgaddam/CS7630/ros2_ws/src/install/ar_loc_base:/home/GTL/mgaddam/CS7630/ros2_ws/src/install/rover_driver_base:/home/GTL/mgaddam/CS7630/ros2_ws/src/install/keyboard_teleop:/home/GTL/mgaddam/CS7630/ros2_ws/src/install/face_detect_base:/home/GTL/mgaddam/CS7630/ros2_ws/src/install/button_server:/home/GTL/mgaddam/CS7630/ros2_ws/src/install/ar_mapping_base:/opt/ros/humble LD_LIBRARY_PATH=/home/GTL/mgaddam/CS7630/ros2_ws/install/task_manager_lib/lib:/home/GTL/mgaddam/CS7630/ros2_ws/install/task_manager_msgs/lib:/home/GTL/mgaddam/CS7630/ros2_ws/install/cs7630_msgs/lib:/home/GTL/mgaddam/CS7630/ros2_ws/install/task_manager_sync/lib:/home/GTL/mgaddam/CS7630/ros2_ws/src/install/task_manager_sync/lib:/home/GTL/mgaddam/CS7630/ros2_ws/src/install/task_manager_lib/lib:/home/GTL/mgaddam/CS7630/ros2_ws/src/install/task_manager_msgs/lib:/home/GTL/mgaddam/CS7630/ros2_ws/src/install/cs7630_msgs/lib:/usr/lib/x86_64-linux-gnu/gazebo-11/plugins:/opt/ros/humble/opt/rviz_ogre_vendor/lib:/opt/ros/humble/lib/x86_64-linux-gnu:/opt/ros/humble/lib /usr/bin/cmake --build /home/GTL/mgaddam/CS7630/ros2_ws/build/floor_nav -- -j16 -l16
[0.536s] [ 25%] Built target floornav_TaskWaitForROI
[0.536s] [ 25%] Built target floornav_TaskGoToPose
[0.536s] [ 25%] Built target floornav_TaskTrigger
[0.536s] [ 38%] Built target floornav_TaskGoTo
[0.544s] [ 54%] Built target floornav_TaskSetBool
[0.544s] [ 54%] Built target floornav_TaskNav2
[0.544s] [ 54%] Built target floornav_TaskSetMux
[0.544s] [ 70%] Built target floornav_TaskWaitForFace
[0.546s] [ 70%] Built target floornav_TaskStareAtFace
[0.546s] [ 77%] Built target floornav_TaskConstant
[0.547s] [ 80%] Built target floornav_TaskSetHeading
[0.547s] [ 80%] Built target floornav_task_server
[0.552s] [ 87%] Built target floornav_TaskPlanTo
[0.555s] [ 93%] Built target floornav_TaskWander
[0.575s] [100%] Built target floornav_TaskAutoDock
[0.900s] Invoked command in '/home/GTL/mgaddam/CS7630/ros2_ws/build/floor_nav' returned '0': CMAKE_PREFIX_PATH=/home/GTL/mgaddam/CS7630/ros2_ws/install/task_manager_nav2:/home/GTL/mgaddam/CS7630/ros2_ws/install/task_manager_lib:/home/GTL/mgaddam/CS7630/ros2_ws/install/task_manager_msgs:/home/GTL/mgaddam/CS7630/ros2_ws/install/cs7630_msgs:/home/GTL/mgaddam/CS7630/ros2_ws/install/vrep4_helpers:/home/GTL/mgaddam/CS7630/ros2_ws/install/task_manager_sync:/home/GTL/mgaddam/CS7630/ros2_ws/install/floor_nav:/home/GTL/mgaddam/CS7630/ros2_ws/install/collision_avoidance_base:/home/GTL/mgaddam/CS7630/ros2_ws/src/install/vrep4_helpers:/home/GTL/mgaddam/CS7630/ros2_ws/src/install/task_manager_sync:/home/GTL/mgaddam/CS7630/ros2_ws/src/install/floor_nav:/home/GTL/mgaddam/CS7630/ros2_ws/src/install/task_manager_nav2:/home/GTL/mgaddam/CS7630/ros2_ws/src/install/task_manager_lib:/home/GTL/mgaddam/CS7630/ros2_ws/src/install/task_manager_msgs:/home/GTL/mgaddam/CS7630/ros2_ws/src/install/cs7630_msgs:/home/GTL/mgaddam/CS7630/ros2_ws/src/install/collision_avoidance_base:/home/GTL/mgaddam/CS7630/ros2_ws/install/vrep_ros_teleop:/home/GTL/mgaddam/CS7630/ros2_ws/install/task_manager_client_py:/home/GTL/mgaddam/CS7630/ros2_ws/install/ar_slam_base:/home/GTL/mgaddam/CS7630/ros2_ws/install/ar_loc_base:/home/GTL/mgaddam/CS7630/ros2_ws/install/rover_driver_base:/home/GTL/mgaddam/CS7630/ros2_ws/install/keyboard_teleop:/home/GTL/mgaddam/CS7630/ros2_ws/install/face_detect_base:/home/GTL/mgaddam/CS7630/ros2_ws/install/button_server:/home/GTL/mgaddam/CS7630/ros2_ws/install/ar_mapping_base:/home/GTL/mgaddam/CS7630/ros2_ws/src/install/vrep_ros_teleop:/home/GTL/mgaddam/CS7630/ros2_ws/src/install/task_manager_client_py:/home/GTL/mgaddam/CS7630/ros2_ws/src/install/ar_slam_base:/home/GTL/mgaddam/CS7630/ros2_ws/src/install/ar_loc_base:/home/GTL/mgaddam/CS7630/ros2_ws/src/install/rover_driver_base:/home/GTL/mgaddam/CS7630/ros2_ws/src/install/keyboard_teleop:/home/GTL/mgaddam/CS7630/ros2_ws/src/install/face_detect_base:/home/GTL/mgaddam/CS7630/ros2_ws/src/install/button_server:/home/GTL/mgaddam/CS7630/ros2_ws/src/install/ar_mapping_base:/opt/ros/humble LD_LIBRARY_PATH=/home/GTL/mgaddam/CS7630/ros2_ws/install/task_manager_lib/lib:/home/GTL/mgaddam/CS7630/ros2_ws/install/task_manager_msgs/lib:/home/GTL/mgaddam/CS7630/ros2_ws/install/cs7630_msgs/lib:/home/GTL/mgaddam/CS7630/ros2_ws/install/task_manager_sync/lib:/home/GTL/mgaddam/CS7630/ros2_ws/src/install/task_manager_sync/lib:/home/GTL/mgaddam/CS7630/ros2_ws/src/install/task_manager_lib/lib:/home/GTL/mgaddam/CS7630/ros2_ws/src/install/task_manager_msgs/lib:/home/GTL/mgaddam/CS7630/ros2_ws/src/install/cs7630_msgs/lib:/usr/lib/x86_64-linux-gnu/gazebo-11/plugins:/opt/ros/humble/opt/rviz_ogre_vendor/lib:/opt/ros/humble/lib/x86_64-linux-gnu:/opt/ros/humble/lib /usr/bin/cmake --build /home/GTL/mgaddam/CS7630/ros2_ws/build/floor_nav -- -j16 -l16
[1.038s] Invoking command in '/home/GTL/mgaddam/CS7630/ros2_ws/build/floor_nav': CMAKE_PREFIX_PATH=/home/GTL/mgaddam/CS7630/ros2_ws/install/task_manager_nav2:/home/GTL/mgaddam/CS7630/ros2_ws/install/task_manager_lib:/home/GTL/mgaddam/CS7630/ros2_ws/install/task_manager_msgs:/home/GTL/mgaddam/CS7630/ros2_ws/install/cs7630_msgs:/home/GTL/mgaddam/CS7630/ros2_ws/install/vrep4_helpers:/home/GTL/mgaddam/CS7630/ros2_ws/install/task_manager_sync:/home/GTL/mgaddam/CS7630/ros2_ws/install/floor_nav:/home/GTL/mgaddam/CS7630/ros2_ws/install/collision_avoidance_base:/home/GTL/mgaddam/CS7630/ros2_ws/src/install/vrep4_helpers:/home/GTL/mgaddam/CS7630/ros2_ws/src/install/task_manager_sync:/home/GTL/mgaddam/CS7630/ros2_ws/src/install/floor_nav:/home/GTL/mgaddam/CS7630/ros2_ws/src/install/task_manager_nav2:/home/GTL/mgaddam/CS7630/ros2_ws/src/install/task_manager_lib:/home/GTL/mgaddam/CS7630/ros2_ws/src/install/task_manager_msgs:/home/GTL/mgaddam/CS7630/ros2_ws/src/install/cs7630_msgs:/home/GTL/mgaddam/CS7630/ros2_ws/src/install/collision_avoidance_base:/home/GTL/mgaddam/CS7630/ros2_ws/install/vrep_ros_teleop:/home/GTL/mgaddam/CS7630/ros2_ws/install/task_manager_client_py:/home/GTL/mgaddam/CS7630/ros2_ws/install/ar_slam_base:/home/GTL/mgaddam/CS7630/ros2_ws/install/ar_loc_base:/home/GTL/mgaddam/CS7630/ros2_ws/install/rover_driver_base:/home/GTL/mgaddam/CS7630/ros2_ws/install/keyboard_teleop:/home/GTL/mgaddam/CS7630/ros2_ws/install/face_detect_base:/home/GTL/mgaddam/CS7630/ros2_ws/install/button_server:/home/GTL/mgaddam/CS7630/ros2_ws/install/ar_mapping_base:/home/GTL/mgaddam/CS7630/ros2_ws/src/install/vrep_ros_teleop:/home/GTL/mgaddam/CS7630/ros2_ws/src/install/task_manager_client_py:/home/GTL/mgaddam/CS7630/ros2_ws/src/install/ar_slam_base:/home/GTL/mgaddam/CS7630/ros2_ws/src/install/ar_loc_base:/home/GTL/mgaddam/CS7630/ros2_ws/src/install/rover_driver_base:/home/GTL/mgaddam/CS7630/ros2_ws/src/install/keyboard_teleop:/home/GTL/mgaddam/CS7630/ros2_ws/src/install/face_detect_base:/home/GTL/mgaddam/CS7630/ros2_ws/src/install/button_server:/home/GTL/mgaddam/CS7630/ros2_ws/src/install/ar_mapping_base:/opt/ros/humble LD_LIBRARY_PATH=/home/GTL/mgaddam/CS7630/ros2_ws/install/task_manager_lib/lib:/home/GTL/mgaddam/CS7630/ros2_ws/install/task_manager_msgs/lib:/home/GTL/mgaddam/CS7630/ros2_ws/install/cs7630_msgs/lib:/home/GTL/mgaddam/CS7630/ros2_ws/install/task_manager_sync/lib:/home/GTL/mgaddam/CS7630/ros2_ws/src/install/task_manager_sync/lib:/home/GTL/mgaddam/CS7630/ros2_ws/src/install/task_manager_lib/lib:/home/GTL/mgaddam/CS7630/ros2_ws/src/install/task_manager_msgs/lib:/home/GTL/mgaddam/CS7630/ros2_ws/src/install/cs7630_msgs/lib:/usr/lib/x86_64-linux-gnu/gazebo-11/plugins:/opt/ros/humble/opt/rviz_ogre_vendor/lib:/opt/ros/humble/lib/x86_64-linux-gnu:/opt/ros/humble/lib /usr/bin/cmake --install /home/GTL/mgaddam/CS7630/ros2_ws/build/floor_nav
[1.043s] -- Install configuration: ""
[1.046s] -- Up-to-date: /home/GTL/mgaddam/CS7630/ros2_ws/install/floor_nav/lib/floor_nav/floornav_task_server
[1.051s] -- Up-to-date: /home/GTL/mgaddam/CS7630/ros2_ws/install/floor_nav/lib/floor_nav/libfloornav_TaskAutoDock.so
[1.055s] -- Up-to-date: /home/GTL/mgaddam/CS7630/ros2_ws/install/floor_nav/lib/floor_nav/libfloornav_TaskWaitForROI.so
[1.060s] -- Up-to-date: /home/GTL/mgaddam/CS7630/ros2_ws/install/floor_nav/lib/floor_nav/libfloornav_TaskWaitForFace.so
[1.064s] -- Up-to-date: /home/GTL/mgaddam/CS7630/ros2_ws/install/floor_nav/lib/floor_nav/libfloornav_TaskWander.so
[1.068s] -- Up-to-date: /home/GTL/mgaddam/CS7630/ros2_ws/install/floor_nav/lib/floor_nav/libfloornav_TaskSetHeading.so
[1.071s] -- Up-to-date: /home/GTL/mgaddam/CS7630/ros2_ws/install/floor_nav/lib/floor_nav/libfloornav_TaskStareAtFace.so
[1.074s] -- Up-to-date: /home/GTL/mgaddam/CS7630/ros2_ws/install/floor_nav/lib/floor_nav/libfloornav_TaskPlanTo.so
[1.078s] -- Up-to-date: /home/GTL/mgaddam/CS7630/ros2_ws/install/floor_nav/lib/floor_nav/libfloornav_TaskGoTo.so
[1.082s] -- Up-to-date: /home/GTL/mgaddam/CS7630/ros2_ws/install/floor_nav/lib/floor_nav/libfloornav_TaskConstant.so
[1.084s] -- Up-to-date: /home/GTL/mgaddam/CS7630/ros2_ws/install/floor_nav/lib/floor_nav/libfloornav_TaskTrigger.so
[1.088s] -- Up-to-date: /home/GTL/mgaddam/CS7630/ros2_ws/install/floor_nav/lib/floor_nav/libfloornav_TaskSetBool.so
[1.092s] -- Up-to-date: /home/GTL/mgaddam/CS7630/ros2_ws/install/floor_nav/lib/floor_nav/libfloornav_TaskSetMux.so
[1.095s] -- Up-to-date: /home/GTL/mgaddam/CS7630/ros2_ws/install/floor_nav/lib/floor_nav/libfloornav_TaskNav2.so
[1.098s] -- Up-to-date: /home/GTL/mgaddam/CS7630/ros2_ws/install/floor_nav/lib/floor_nav/libfloornav_TaskGoToPose.so
[1.101s] -- Up-to-date: /home/GTL/mgaddam/CS7630/ros2_ws/install/floor_nav/share/floor_nav
[1.102s] -- Up-to-date: /home/GTL/mgaddam/CS7630/ros2_ws/install/floor_nav/share/floor_nav/launch_server_tb.launch.py
[1.103s] -- Up-to-date: /home/GTL/mgaddam/CS7630/ros2_ws/install/floor_nav/share/floor_nav/launch_rover.launch.py
[1.104s] -- Up-to-date: /home/GTL/mgaddam/CS7630/ros2_ws/install/floor_nav/share/floor_nav/launch_server_tb.launch
[1.104s] -- Up-to-date: /home/GTL/mgaddam/CS7630/ros2_ws/install/floor_nav/share/floor_nav/__pycache__
[1.105s] -- Up-to-date: /home/GTL/mgaddam/CS7630/ros2_ws/install/floor_nav/share/floor_nav/__pycache__/launch_server_tb.launch.cpython-310.pyc
[1.106s] -- Up-to-date: /home/GTL/mgaddam/CS7630/ros2_ws/install/floor_nav/share/floor_nav/launch_server.launch
[1.107s] -- Up-to-date: /home/GTL/mgaddam/CS7630/ros2_ws/install/floor_nav/lib/floor_nav/graph_forever.py
[1.107s] -- Up-to-date: /home/GTL/mgaddam/CS7630/ros2_ws/install/floor_nav/lib/floor_nav/test_goto.py
[1.108s] -- Up-to-date: /home/GTL/mgaddam/CS7630/ros2_ws/install/floor_nav/lib/floor_nav/test_goto_pose.py
[1.109s] -- Up-to-date: /home/GTL/mgaddam/CS7630/ros2_ws/install/floor_nav/lib/floor_nav/test_graph_2d.py
[1.109s] -- Up-to-date: /home/GTL/mgaddam/CS7630/ros2_ws/install/floor_nav/lib/floor_nav/test_graph.py
[1.110s] -- Up-to-date: /home/GTL/mgaddam/CS7630/ros2_ws/install/floor_nav/lib/floor_nav/test_graph-test.py
[1.111s] -- Up-to-date: /home/GTL/mgaddam/CS7630/ros2_ws/install/floor_nav/lib/floor_nav/test_planto.py
[1.111s] -- Up-to-date: /home/GTL/mgaddam/CS7630/ros2_ws/install/floor_nav/lib/floor_nav/test_set_heading.py
[1.112s] -- Up-to-date: /home/GTL/mgaddam/CS7630/ros2_ws/install/floor_nav/lib/floor_nav/test_wander.py
[1.113s] -- Up-to-date: /home/GTL/mgaddam/CS7630/ros2_ws/install/floor_nav/lib/floor_nav/wander_random_and_stare.py
[1.113s] -- Up-to-date: /home/GTL/mgaddam/CS7630/ros2_ws/install/floor_nav/share/ament_index/resource_index/package_run_dependencies/floor_nav
[1.114s] -- Up-to-date: /home/GTL/mgaddam/CS7630/ros2_ws/install/floor_nav/share/ament_index/resource_index/parent_prefix_path/floor_nav
[1.114s] -- Up-to-date: /home/GTL/mgaddam/CS7630/ros2_ws/install/floor_nav/share/floor_nav/environment/ament_prefix_path.sh
[1.115s] -- Up-to-date: /home/GTL/mgaddam/CS7630/ros2_ws/install/floor_nav/share/floor_nav/environment/ament_prefix_path.dsv
[1.116s] -- Up-to-date: /home/GTL/mgaddam/CS7630/ros2_ws/install/floor_nav/share/floor_nav/environment/path.sh
[1.116s] -- Up-to-date: /home/GTL/mgaddam/CS7630/ros2_ws/install/floor_nav/share/floor_nav/environment/path.dsv
[1.117s] -- Up-to-date: /home/GTL/mgaddam/CS7630/ros2_ws/install/floor_nav/share/floor_nav/local_setup.bash
[1.117s] -- Up-to-date: /home/GTL/mgaddam/CS7630/ros2_ws/install/floor_nav/share/floor_nav/local_setup.sh
[1.118s] -- Up-to-date: /home/GTL/mgaddam/CS7630/ros2_ws/install/floor_nav/share/floor_nav/local_setup.zsh
[1.118s] -- Up-to-date: /home/GTL/mgaddam/CS7630/ros2_ws/install/floor_nav/share/floor_nav/local_setup.dsv
[1.119s] -- Installing: /home/GTL/mgaddam/CS7630/ros2_ws/install/floor_nav/share/floor_nav/package.dsv
[1.123s] -- Up-to-date: /home/GTL/mgaddam/CS7630/ros2_ws/install/floor_nav/share/ament_index/resource_index/packages/floor_nav
[1.124s] -- Up-to-date: /home/GTL/mgaddam/CS7630/ros2_ws/install/floor_nav/share/floor_nav/cmake/floor_navConfig.cmake
[1.124s] -- Up-to-date: /home/GTL/mgaddam/CS7630/ros2_ws/install/floor_nav/share/floor_nav/cmake/floor_navConfig-version.cmake
[1.125s] -- Up-to-date: /home/GTL/mgaddam/CS7630/ros2_ws/install/floor_nav/share/floor_nav/package.xml
[1.128s] Invoked command in '/home/GTL/mgaddam/CS7630/ros2_ws/build/floor_nav' returned '0': CMAKE_PREFIX_PATH=/home/GTL/mgaddam/CS7630/ros2_ws/install/task_manager_nav2:/home/GTL/mgaddam/CS7630/ros2_ws/install/task_manager_lib:/home/GTL/mgaddam/CS7630/ros2_ws/install/task_manager_msgs:/home/GTL/mgaddam/CS7630/ros2_ws/install/cs7630_msgs:/home/GTL/mgaddam/CS7630/ros2_ws/install/vrep4_helpers:/home/GTL/mgaddam/CS7630/ros2_ws/install/task_manager_sync:/home/GTL/mgaddam/CS7630/ros2_ws/install/floor_nav:/home/GTL/mgaddam/CS7630/ros2_ws/install/collision_avoidance_base:/home/GTL/mgaddam/CS7630/ros2_ws/src/install/vrep4_helpers:/home/GTL/mgaddam/CS7630/ros2_ws/src/install/task_manager_sync:/home/GTL/mgaddam/CS7630/ros2_ws/src/install/floor_nav:/home/GTL/mgaddam/CS7630/ros2_ws/src/install/task_manager_nav2:/home/GTL/mgaddam/CS7630/ros2_ws/src/install/task_manager_lib:/home/GTL/mgaddam/CS7630/ros2_ws/src/install/task_manager_msgs:/home/GTL/mgaddam/CS7630/ros2_ws/src/install/cs7630_msgs:/home/GTL/mgaddam/CS7630/ros2_ws/src/install/collision_avoidance_base:/home/GTL/mgaddam/CS7630/ros2_ws/install/vrep_ros_teleop:/home/GTL/mgaddam/CS7630/ros2_ws/install/task_manager_client_py:/home/GTL/mgaddam/CS7630/ros2_ws/install/ar_slam_base:/home/GTL/mgaddam/CS7630/ros2_ws/install/ar_loc_base:/home/GTL/mgaddam/CS7630/ros2_ws/install/rover_driver_base:/home/GTL/mgaddam/CS7630/ros2_ws/install/keyboard_teleop:/home/GTL/mgaddam/CS7630/ros2_ws/install/face_detect_base:/home/GTL/mgaddam/CS7630/ros2_ws/install/button_server:/home/GTL/mgaddam/CS7630/ros2_ws/install/ar_mapping_base:/home/GTL/mgaddam/CS7630/ros2_ws/src/install/vrep_ros_teleop:/home/GTL/mgaddam/CS7630/ros2_ws/src/install/task_manager_client_py:/home/GTL/mgaddam/CS7630/ros2_ws/src/install/ar_slam_base:/home/GTL/mgaddam/CS7630/ros2_ws/src/install/ar_loc_base:/home/GTL/mgaddam/CS7630/ros2_ws/src/install/rover_driver_base:/home/GTL/mgaddam/CS7630/ros2_ws/src/install/keyboard_teleop:/home/GTL/mgaddam/CS7630/ros2_ws/src/install/face_detect_base:/home/GTL/mgaddam/CS7630/ros2_ws/src/install/button_server:/home/GTL/mgaddam/CS7630/ros2_ws/src/install/ar_mapping_base:/opt/ros/humble LD_LIBRARY_PATH=/home/GTL/mgaddam/CS7630/ros2_ws/install/task_manager_lib/lib:/home/GTL/mgaddam/CS7630/ros2_ws/install/task_manager_msgs/lib:/home/GTL/mgaddam/CS7630/ros2_ws/install/cs7630_msgs/lib:/home/GTL/mgaddam/CS7630/ros2_ws/install/task_manager_sync/lib:/home/GTL/mgaddam/CS7630/ros2_ws/src/install/task_manager_sync/lib:/home/GTL/mgaddam/CS7630/ros2_ws/src/install/task_manager_lib/lib:/home/GTL/mgaddam/CS7630/ros2_ws/src/install/task_manager_msgs/lib:/home/GTL/mgaddam/CS7630/ros2_ws/src/install/cs7630_msgs/lib:/usr/lib/x86_64-linux-gnu/gazebo-11/plugins:/opt/ros/humble/opt/rviz_ogre_vendor/lib:/opt/ros/humble/lib/x86_64-linux-gnu:/opt/ros/humble/lib /usr/bin/cmake --install /home/GTL/mgaddam/CS7630/ros2_ws/build/floor_nav
