[0.448s] Invoking command in '/home/GTL/mgaddam/CS7630/ros2_ws/build/cs7630_msgs': CMAKE_PREFIX_PATH=/opt/ros/humble /usr/bin/cmake --build /home/GTL/mgaddam/CS7630/ros2_ws/build/cs7630_msgs -- -j16 -l16
[1.370s] [  3%] Built target cs7630_msgs__cpp
[1.370s] [ 12%] Built target cs7630_msgs__rosidl_generator_c
[1.370s] [ 41%] Built target cs7630_msgs__rosidl_typesupport_introspection_cpp
[1.370s] [ 51%] Built target cs7630_msgs__rosidl_typesupport_fastrtps_cpp
[1.370s] [ 41%] Built target cs7630_msgs__rosidl_typesupport_cpp
[1.370s] [ 70%] Built target cs7630_msgs__rosidl_typesupport_introspection_c
[1.370s] [ 70%] Built target cs7630_msgs__rosidl_typesupport_c
[1.370s] [ 70%] Built target cs7630_msgs__rosidl_typesupport_fastrtps_c
[1.370s] [ 70%] Built target ament_cmake_python_copy_cs7630_msgs
[1.370s] [ 70%] Built target cs7630_msgs
[1.370s] [ 74%] Built target cs7630_msgs__py
[1.370s] [ 80%] Built target cs7630_msgs__rosidl_generator_py
[1.370s] [100%] Built target cs7630_msgs__rosidl_typesupport_c__pyext
[1.370s] [100%] Built target cs7630_msgs__rosidl_typesupport_fastrtps_c__pyext
[1.370s] [100%] Built target cs7630_msgs__rosidl_typesupport_introspection_c__pyext
[1.370s] running egg_info
[1.370s] writing cs7630_msgs.egg-info/PKG-INFO
[1.370s] writing dependency_links to cs7630_msgs.egg-info/dependency_links.txt
[1.370s] writing top-level names to cs7630_msgs.egg-info/top_level.txt
[1.370s] reading manifest file 'cs7630_msgs.egg-info/SOURCES.txt'
[1.370s] writing manifest file 'cs7630_msgs.egg-info/SOURCES.txt'
[1.370s] [100%] Built target ament_cmake_python_build_cs7630_msgs_egg
[1.579s] Invoked command in '/home/GTL/mgaddam/CS7630/ros2_ws/build/cs7630_msgs' returned '0': CMAKE_PREFIX_PATH=/opt/ros/humble /usr/bin/cmake --build /home/GTL/mgaddam/CS7630/ros2_ws/build/cs7630_msgs -- -j16 -l16
[1.625s] Invoking command in '/home/GTL/mgaddam/CS7630/ros2_ws/build/cs7630_msgs': CMAKE_PREFIX_PATH=/opt/ros/humble /usr/bin/cmake --install /home/GTL/mgaddam/CS7630/ros2_ws/build/cs7630_msgs
[1.634s] -- Install configuration: ""
[1.639s] -- Up-to-date: /home/GTL/mgaddam/CS7630/ros2_ws/install/cs7630_msgs/share/ament_index/resource_index/rosidl_interfaces/cs7630_msgs
[1.639s] -- Up-to-date: /home/GTL/mgaddam/CS7630/ros2_ws/install/cs7630_msgs/include/cs7630_msgs/cs7630_msgs
[1.639s] -- Up-to-date: /home/GTL/mgaddam/CS7630/ros2_ws/install/cs7630_msgs/include/cs7630_msgs/cs7630_msgs/msg
[1.639s] -- Up-to-date: /home/GTL/mgaddam/CS7630/ros2_ws/install/cs7630_msgs/include/cs7630_msgs/cs7630_msgs/msg/region_of_interest_array.h
[1.639s] -- Up-to-date: /home/GTL/mgaddam/CS7630/ros2_ws/install/cs7630_msgs/include/cs7630_msgs/cs7630_msgs/msg/detail
[1.645s] -- Up-to-date: /home/GTL/mgaddam/CS7630/ros2_ws/install/cs7630_msgs/include/cs7630_msgs/cs7630_msgs/msg/detail/region_of_interest_array__struct.h
[1.646s] -- Up-to-date: /home/GTL/mgaddam/CS7630/ros2_ws/install/cs7630_msgs/include/cs7630_msgs/cs7630_msgs/msg/detail/region_of_interest_array__functions.h
[1.646s] -- Up-to-date: /home/GTL/mgaddam/CS7630/ros2_ws/install/cs7630_msgs/include/cs7630_msgs/cs7630_msgs/msg/detail/region_of_interest_array__functions.c
[1.646s] -- Up-to-date: /home/GTL/mgaddam/CS7630/ros2_ws/install/cs7630_msgs/include/cs7630_msgs/cs7630_msgs/msg/detail/region_of_interest_array__type_support.h
[1.646s] -- Up-to-date: /home/GTL/mgaddam/CS7630/ros2_ws/install/cs7630_msgs/include/cs7630_msgs/cs7630_msgs/msg/rosidl_generator_c__visibility_control.h
[1.647s] -- Up-to-date: /home/GTL/mgaddam/CS7630/ros2_ws/install/cs7630_msgs/share/cs7630_msgs/environment/library_path.sh
[1.647s] -- Up-to-date: /home/GTL/mgaddam/CS7630/ros2_ws/install/cs7630_msgs/share/cs7630_msgs/environment/library_path.dsv
[1.647s] -- Up-to-date: /home/GTL/mgaddam/CS7630/ros2_ws/install/cs7630_msgs/lib/libcs7630_msgs__rosidl_generator_c.so
[1.648s] -- Up-to-date: /home/GTL/mgaddam/CS7630/ros2_ws/install/cs7630_msgs/include/cs7630_msgs/cs7630_msgs
[1.649s] -- Up-to-date: /home/GTL/mgaddam/CS7630/ros2_ws/install/cs7630_msgs/include/cs7630_msgs/cs7630_msgs/msg
[1.649s] -- Up-to-date: /home/GTL/mgaddam/CS7630/ros2_ws/install/cs7630_msgs/include/cs7630_msgs/cs7630_msgs/msg/detail
[1.650s] -- Up-to-date: /home/GTL/mgaddam/CS7630/ros2_ws/install/cs7630_msgs/include/cs7630_msgs/cs7630_msgs/msg/detail/region_of_interest_array__rosidl_typesupport_fastrtps_c.h
[1.651s] -- Up-to-date: /home/GTL/mgaddam/CS7630/ros2_ws/install/cs7630_msgs/include/cs7630_msgs/cs7630_msgs/msg/rosidl_typesupport_fastrtps_c__visibility_control.h
[1.653s] -- Up-to-date: /home/GTL/mgaddam/CS7630/ros2_ws/install/cs7630_msgs/lib/libcs7630_msgs__rosidl_typesupport_fastrtps_c.so
[1.656s] -- Up-to-date: /home/GTL/mgaddam/CS7630/ros2_ws/install/cs7630_msgs/include/cs7630_msgs/cs7630_msgs
[1.656s] -- Up-to-date: /home/GTL/mgaddam/CS7630/ros2_ws/install/cs7630_msgs/include/cs7630_msgs/cs7630_msgs/msg
[1.656s] -- Up-to-date: /home/GTL/mgaddam/CS7630/ros2_ws/install/cs7630_msgs/include/cs7630_msgs/cs7630_msgs/msg/detail
[1.657s] -- Up-to-date: /home/GTL/mgaddam/CS7630/ros2_ws/install/cs7630_msgs/include/cs7630_msgs/cs7630_msgs/msg/detail/region_of_interest_array__type_support.c
[1.658s] -- Up-to-date: /home/GTL/mgaddam/CS7630/ros2_ws/install/cs7630_msgs/include/cs7630_msgs/cs7630_msgs/msg/detail/region_of_interest_array__rosidl_typesupport_introspection_c.h
[1.659s] -- Up-to-date: /home/GTL/mgaddam/CS7630/ros2_ws/install/cs7630_msgs/include/cs7630_msgs/cs7630_msgs/msg/rosidl_typesupport_introspection_c__visibility_control.h
[1.661s] -- Up-to-date: /home/GTL/mgaddam/CS7630/ros2_ws/install/cs7630_msgs/lib/libcs7630_msgs__rosidl_typesupport_introspection_c.so
[1.663s] -- Up-to-date: /home/GTL/mgaddam/CS7630/ros2_ws/install/cs7630_msgs/lib/libcs7630_msgs__rosidl_typesupport_c.so
[1.664s] -- Up-to-date: /home/GTL/mgaddam/CS7630/ros2_ws/install/cs7630_msgs/include/cs7630_msgs/cs7630_msgs
[1.665s] -- Up-to-date: /home/GTL/mgaddam/CS7630/ros2_ws/install/cs7630_msgs/include/cs7630_msgs/cs7630_msgs/msg
[1.666s] -- Up-to-date: /home/GTL/mgaddam/CS7630/ros2_ws/install/cs7630_msgs/include/cs7630_msgs/cs7630_msgs/msg/detail
[1.667s] -- Up-to-date: /home/GTL/mgaddam/CS7630/ros2_ws/install/cs7630_msgs/include/cs7630_msgs/cs7630_msgs/msg/detail/region_of_interest_array__builder.hpp
[1.667s] -- Up-to-date: /home/GTL/mgaddam/CS7630/ros2_ws/install/cs7630_msgs/include/cs7630_msgs/cs7630_msgs/msg/detail/region_of_interest_array__traits.hpp
[1.668s] -- Up-to-date: /home/GTL/mgaddam/CS7630/ros2_ws/install/cs7630_msgs/include/cs7630_msgs/cs7630_msgs/msg/detail/region_of_interest_array__struct.hpp
[1.668s] -- Up-to-date: /home/GTL/mgaddam/CS7630/ros2_ws/install/cs7630_msgs/include/cs7630_msgs/cs7630_msgs/msg/region_of_interest_array.hpp
[1.669s] -- Up-to-date: /home/GTL/mgaddam/CS7630/ros2_ws/install/cs7630_msgs/include/cs7630_msgs/cs7630_msgs
[1.670s] -- Up-to-date: /home/GTL/mgaddam/CS7630/ros2_ws/install/cs7630_msgs/include/cs7630_msgs/cs7630_msgs/msg
[1.670s] -- Up-to-date: /home/GTL/mgaddam/CS7630/ros2_ws/install/cs7630_msgs/include/cs7630_msgs/cs7630_msgs/msg/detail
[1.671s] -- Up-to-date: /home/GTL/mgaddam/CS7630/ros2_ws/install/cs7630_msgs/include/cs7630_msgs/cs7630_msgs/msg/detail/region_of_interest_array__rosidl_typesupport_fastrtps_cpp.hpp
[1.672s] -- Up-to-date: /home/GTL/mgaddam/CS7630/ros2_ws/install/cs7630_msgs/include/cs7630_msgs/cs7630_msgs/msg/detail/dds_fastrtps
[1.673s] -- Up-to-date: /home/GTL/mgaddam/CS7630/ros2_ws/install/cs7630_msgs/include/cs7630_msgs/cs7630_msgs/msg/rosidl_typesupport_fastrtps_cpp__visibility_control.h
[1.673s] -- Up-to-date: /home/GTL/mgaddam/CS7630/ros2_ws/install/cs7630_msgs/lib/libcs7630_msgs__rosidl_typesupport_fastrtps_cpp.so
[1.676s] -- Up-to-date: /home/GTL/mgaddam/CS7630/ros2_ws/install/cs7630_msgs/include/cs7630_msgs/cs7630_msgs
[1.677s] -- Up-to-date: /home/GTL/mgaddam/CS7630/ros2_ws/install/cs7630_msgs/include/cs7630_msgs/cs7630_msgs/msg
[1.678s] -- Up-to-date: /home/GTL/mgaddam/CS7630/ros2_ws/install/cs7630_msgs/include/cs7630_msgs/cs7630_msgs/msg/detail
[1.679s] -- Up-to-date: /home/GTL/mgaddam/CS7630/ros2_ws/install/cs7630_msgs/include/cs7630_msgs/cs7630_msgs/msg/detail/region_of_interest_array__rosidl_typesupport_introspection_cpp.hpp
[1.680s] -- Up-to-date: /home/GTL/mgaddam/CS7630/ros2_ws/install/cs7630_msgs/include/cs7630_msgs/cs7630_msgs/msg/detail/region_of_interest_array__type_support.cpp
[1.682s] -- Up-to-date: /home/GTL/mgaddam/CS7630/ros2_ws/install/cs7630_msgs/lib/libcs7630_msgs__rosidl_typesupport_introspection_cpp.so
[1.687s] -- Up-to-date: /home/GTL/mgaddam/CS7630/ros2_ws/install/cs7630_msgs/lib/libcs7630_msgs__rosidl_typesupport_cpp.so
[1.688s] -- Up-to-date: /home/GTL/mgaddam/CS7630/ros2_ws/install/cs7630_msgs/share/cs7630_msgs/environment/pythonpath.sh
[1.690s] -- Up-to-date: /home/GTL/mgaddam/CS7630/ros2_ws/install/cs7630_msgs/share/cs7630_msgs/environment/pythonpath.dsv
[1.691s] -- Up-to-date: /home/GTL/mgaddam/CS7630/ros2_ws/install/cs7630_msgs/local/lib/python3.10/dist-packages/cs7630_msgs-0.0.0-py3.10.egg-info
[1.692s] -- Installing: /home/GTL/mgaddam/CS7630/ros2_ws/install/cs7630_msgs/local/lib/python3.10/dist-packages/cs7630_msgs-0.0.0-py3.10.egg-info/dependency_links.txt
[1.697s] -- Installing: /home/GTL/mgaddam/CS7630/ros2_ws/install/cs7630_msgs/local/lib/python3.10/dist-packages/cs7630_msgs-0.0.0-py3.10.egg-info/top_level.txt
[1.702s] -- Installing: /home/GTL/mgaddam/CS7630/ros2_ws/install/cs7630_msgs/local/lib/python3.10/dist-packages/cs7630_msgs-0.0.0-py3.10.egg-info/PKG-INFO
[1.706s] -- Installing: /home/GTL/mgaddam/CS7630/ros2_ws/install/cs7630_msgs/local/lib/python3.10/dist-packages/cs7630_msgs-0.0.0-py3.10.egg-info/SOURCES.txt
[1.711s] -- Up-to-date: /home/GTL/mgaddam/CS7630/ros2_ws/install/cs7630_msgs/local/lib/python3.10/dist-packages/cs7630_msgs
[1.713s] -- Up-to-date: /home/GTL/mgaddam/CS7630/ros2_ws/install/cs7630_msgs/local/lib/python3.10/dist-packages/cs7630_msgs/msg
[1.714s] -- Up-to-date: /home/GTL/mgaddam/CS7630/ros2_ws/install/cs7630_msgs/local/lib/python3.10/dist-packages/cs7630_msgs/msg/_region_of_interest_array_s.c
[1.714s] -- Up-to-date: /home/GTL/mgaddam/CS7630/ros2_ws/install/cs7630_msgs/local/lib/python3.10/dist-packages/cs7630_msgs/msg/_region_of_interest_array.py
[1.715s] -- Up-to-date: /home/GTL/mgaddam/CS7630/ros2_ws/install/cs7630_msgs/local/lib/python3.10/dist-packages/cs7630_msgs/msg/__init__.py
[1.716s] -- Up-to-date: /home/GTL/mgaddam/CS7630/ros2_ws/install/cs7630_msgs/local/lib/python3.10/dist-packages/cs7630_msgs/cs7630_msgs_s__rosidl_typesupport_c.cpython-310-x86_64-linux-gnu.so
[1.716s] -- Up-to-date: /home/GTL/mgaddam/CS7630/ros2_ws/install/cs7630_msgs/local/lib/python3.10/dist-packages/cs7630_msgs/libcs7630_msgs__rosidl_generator_py.so
[1.717s] -- Up-to-date: /home/GTL/mgaddam/CS7630/ros2_ws/install/cs7630_msgs/local/lib/python3.10/dist-packages/cs7630_msgs/cs7630_msgs_s__rosidl_typesupport_fastrtps_c.cpython-310-x86_64-linux-gnu.so
[1.717s] -- Up-to-date: /home/GTL/mgaddam/CS7630/ros2_ws/install/cs7630_msgs/local/lib/python3.10/dist-packages/cs7630_msgs/_cs7630_msgs_s.ep.rosidl_typesupport_c.c
[1.717s] -- Up-to-date: /home/GTL/mgaddam/CS7630/ros2_ws/install/cs7630_msgs/local/lib/python3.10/dist-packages/cs7630_msgs/cs7630_msgs_s__rosidl_typesupport_introspection_c.cpython-310-x86_64-linux-gnu.so
[1.718s] -- Up-to-date: /home/GTL/mgaddam/CS7630/ros2_ws/install/cs7630_msgs/local/lib/python3.10/dist-packages/cs7630_msgs/_cs7630_msgs_s.ep.rosidl_typesupport_fastrtps_c.c
[1.718s] -- Up-to-date: /home/GTL/mgaddam/CS7630/ros2_ws/install/cs7630_msgs/local/lib/python3.10/dist-packages/cs7630_msgs/__init__.py
[1.719s] -- Up-to-date: /home/GTL/mgaddam/CS7630/ros2_ws/install/cs7630_msgs/local/lib/python3.10/dist-packages/cs7630_msgs/_cs7630_msgs_s.ep.rosidl_typesupport_introspection_c.c
[1.742s] Listing '/home/GTL/mgaddam/CS7630/ros2_ws/install/cs7630_msgs/local/lib/python3.10/dist-packages/cs7630_msgs'...
[1.742s] Listing '/home/GTL/mgaddam/CS7630/ros2_ws/install/cs7630_msgs/local/lib/python3.10/dist-packages/cs7630_msgs/msg'...
[1.753s] -- Up-to-date: /home/GTL/mgaddam/CS7630/ros2_ws/install/cs7630_msgs/local/lib/python3.10/dist-packages/cs7630_msgs/cs7630_msgs_s__rosidl_typesupport_fastrtps_c.cpython-310-x86_64-linux-gnu.so
[1.753s] -- Up-to-date: /home/GTL/mgaddam/CS7630/ros2_ws/install/cs7630_msgs/local/lib/python3.10/dist-packages/cs7630_msgs/cs7630_msgs_s__rosidl_typesupport_introspection_c.cpython-310-x86_64-linux-gnu.so
[1.756s] -- Up-to-date: /home/GTL/mgaddam/CS7630/ros2_ws/install/cs7630_msgs/local/lib/python3.10/dist-packages/cs7630_msgs/cs7630_msgs_s__rosidl_typesupport_c.cpython-310-x86_64-linux-gnu.so
[1.758s] -- Up-to-date: /home/GTL/mgaddam/CS7630/ros2_ws/install/cs7630_msgs/lib/libcs7630_msgs__rosidl_generator_py.so
[1.762s] -- Up-to-date: /home/GTL/mgaddam/CS7630/ros2_ws/install/cs7630_msgs/share/cs7630_msgs/msg/RegionOfInterestArray.idl
[1.762s] -- Up-to-date: /home/GTL/mgaddam/CS7630/ros2_ws/install/cs7630_msgs/share/cs7630_msgs/msg/RegionOfInterestArray.msg
[1.763s] -- Up-to-date: /home/GTL/mgaddam/CS7630/ros2_ws/install/cs7630_msgs/share/ament_index/resource_index/package_run_dependencies/cs7630_msgs
[1.764s] -- Up-to-date: /home/GTL/mgaddam/CS7630/ros2_ws/install/cs7630_msgs/share/ament_index/resource_index/parent_prefix_path/cs7630_msgs
[1.765s] -- Up-to-date: /home/GTL/mgaddam/CS7630/ros2_ws/install/cs7630_msgs/share/cs7630_msgs/environment/ament_prefix_path.sh
[1.765s] -- Up-to-date: /home/GTL/mgaddam/CS7630/ros2_ws/install/cs7630_msgs/share/cs7630_msgs/environment/ament_prefix_path.dsv
[1.766s] -- Up-to-date: /home/GTL/mgaddam/CS7630/ros2_ws/install/cs7630_msgs/share/cs7630_msgs/environment/path.sh
[1.767s] -- Up-to-date: /home/GTL/mgaddam/CS7630/ros2_ws/install/cs7630_msgs/share/cs7630_msgs/environment/path.dsv
[1.767s] -- Up-to-date: /home/GTL/mgaddam/CS7630/ros2_ws/install/cs7630_msgs/share/cs7630_msgs/local_setup.bash
[1.768s] -- Up-to-date: /home/GTL/mgaddam/CS7630/ros2_ws/install/cs7630_msgs/share/cs7630_msgs/local_setup.sh
[1.769s] -- Up-to-date: /home/GTL/mgaddam/CS7630/ros2_ws/install/cs7630_msgs/share/cs7630_msgs/local_setup.zsh
[1.770s] -- Up-to-date: /home/GTL/mgaddam/CS7630/ros2_ws/install/cs7630_msgs/share/cs7630_msgs/local_setup.dsv
[1.770s] -- Installing: /home/GTL/mgaddam/CS7630/ros2_ws/install/cs7630_msgs/share/cs7630_msgs/package.dsv
[1.775s] -- Up-to-date: /home/GTL/mgaddam/CS7630/ros2_ws/install/cs7630_msgs/share/ament_index/resource_index/packages/cs7630_msgs
[1.778s] -- Up-to-date: /home/GTL/mgaddam/CS7630/ros2_ws/install/cs7630_msgs/share/cs7630_msgs/cmake/export_cs7630_msgs__rosidl_generator_cExport.cmake
[1.779s] -- Up-to-date: /home/GTL/mgaddam/CS7630/ros2_ws/install/cs7630_msgs/share/cs7630_msgs/cmake/export_cs7630_msgs__rosidl_generator_cExport-noconfig.cmake
[1.781s] -- Up-to-date: /home/GTL/mgaddam/CS7630/ros2_ws/install/cs7630_msgs/share/cs7630_msgs/cmake/export_cs7630_msgs__rosidl_typesupport_fastrtps_cExport.cmake
[1.782s] -- Up-to-date: /home/GTL/mgaddam/CS7630/ros2_ws/install/cs7630_msgs/share/cs7630_msgs/cmake/export_cs7630_msgs__rosidl_typesupport_fastrtps_cExport-noconfig.cmake
[1.784s] -- Up-to-date: /home/GTL/mgaddam/CS7630/ros2_ws/install/cs7630_msgs/share/cs7630_msgs/cmake/cs7630_msgs__rosidl_typesupport_introspection_cExport.cmake
[1.785s] -- Up-to-date: /home/GTL/mgaddam/CS7630/ros2_ws/install/cs7630_msgs/share/cs7630_msgs/cmake/cs7630_msgs__rosidl_typesupport_introspection_cExport-noconfig.cmake
[1.788s] -- Up-to-date: /home/GTL/mgaddam/CS7630/ros2_ws/install/cs7630_msgs/share/cs7630_msgs/cmake/cs7630_msgs__rosidl_typesupport_cExport.cmake
[1.788s] -- Up-to-date: /home/GTL/mgaddam/CS7630/ros2_ws/install/cs7630_msgs/share/cs7630_msgs/cmake/cs7630_msgs__rosidl_typesupport_cExport-noconfig.cmake
[1.790s] -- Up-to-date: /home/GTL/mgaddam/CS7630/ros2_ws/install/cs7630_msgs/share/cs7630_msgs/cmake/export_cs7630_msgs__rosidl_generator_cppExport.cmake
[1.791s] -- Up-to-date: /home/GTL/mgaddam/CS7630/ros2_ws/install/cs7630_msgs/share/cs7630_msgs/cmake/export_cs7630_msgs__rosidl_typesupport_fastrtps_cppExport.cmake
[1.792s] -- Up-to-date: /home/GTL/mgaddam/CS7630/ros2_ws/install/cs7630_msgs/share/cs7630_msgs/cmake/export_cs7630_msgs__rosidl_typesupport_fastrtps_cppExport-noconfig.cmake
[1.793s] -- Up-to-date: /home/GTL/mgaddam/CS7630/ros2_ws/install/cs7630_msgs/share/cs7630_msgs/cmake/cs7630_msgs__rosidl_typesupport_introspection_cppExport.cmake
[1.794s] -- Up-to-date: /home/GTL/mgaddam/CS7630/ros2_ws/install/cs7630_msgs/share/cs7630_msgs/cmake/cs7630_msgs__rosidl_typesupport_introspection_cppExport-noconfig.cmake
[1.796s] -- Up-to-date: /home/GTL/mgaddam/CS7630/ros2_ws/install/cs7630_msgs/share/cs7630_msgs/cmake/cs7630_msgs__rosidl_typesupport_cppExport.cmake
[1.797s] -- Up-to-date: /home/GTL/mgaddam/CS7630/ros2_ws/install/cs7630_msgs/share/cs7630_msgs/cmake/cs7630_msgs__rosidl_typesupport_cppExport-noconfig.cmake
[1.799s] -- Up-to-date: /home/GTL/mgaddam/CS7630/ros2_ws/install/cs7630_msgs/share/cs7630_msgs/cmake/export_cs7630_msgs__rosidl_generator_pyExport.cmake
[1.800s] -- Up-to-date: /home/GTL/mgaddam/CS7630/ros2_ws/install/cs7630_msgs/share/cs7630_msgs/cmake/export_cs7630_msgs__rosidl_generator_pyExport-noconfig.cmake
[1.800s] -- Up-to-date: /home/GTL/mgaddam/CS7630/ros2_ws/install/cs7630_msgs/share/cs7630_msgs/cmake/rosidl_cmake-extras.cmake
[1.800s] -- Up-to-date: /home/GTL/mgaddam/CS7630/ros2_ws/install/cs7630_msgs/share/cs7630_msgs/cmake/ament_cmake_export_dependencies-extras.cmake
[1.801s] -- Up-to-date: /home/GTL/mgaddam/CS7630/ros2_ws/install/cs7630_msgs/share/cs7630_msgs/cmake/ament_cmake_export_include_directories-extras.cmake
[1.802s] -- Up-to-date: /home/GTL/mgaddam/CS7630/ros2_ws/install/cs7630_msgs/share/cs7630_msgs/cmake/ament_cmake_export_libraries-extras.cmake
[1.802s] -- Up-to-date: /home/GTL/mgaddam/CS7630/ros2_ws/install/cs7630_msgs/share/cs7630_msgs/cmake/ament_cmake_export_targets-extras.cmake
[1.803s] -- Up-to-date: /home/GTL/mgaddam/CS7630/ros2_ws/install/cs7630_msgs/share/cs7630_msgs/cmake/rosidl_cmake_export_typesupport_targets-extras.cmake
[1.804s] -- Up-to-date: /home/GTL/mgaddam/CS7630/ros2_ws/install/cs7630_msgs/share/cs7630_msgs/cmake/rosidl_cmake_export_typesupport_libraries-extras.cmake
[1.804s] -- Up-to-date: /home/GTL/mgaddam/CS7630/ros2_ws/install/cs7630_msgs/share/cs7630_msgs/cmake/cs7630_msgsConfig.cmake
[1.804s] -- Up-to-date: /home/GTL/mgaddam/CS7630/ros2_ws/install/cs7630_msgs/share/cs7630_msgs/cmake/cs7630_msgsConfig-version.cmake
[1.805s] -- Up-to-date: /home/GTL/mgaddam/CS7630/ros2_ws/install/cs7630_msgs/share/cs7630_msgs/package.xml
[2.082s] Invoked command in '/home/GTL/mgaddam/CS7630/ros2_ws/build/cs7630_msgs' returned '0': CMAKE_PREFIX_PATH=/opt/ros/humble /usr/bin/cmake --install /home/GTL/mgaddam/CS7630/ros2_ws/build/cs7630_msgs
