[0.614s] Invoking command in '/home/GTL/mgaddam/CS7630/ros2_ws/build/task_manager_lib': AMENT_PREFIX_PATH=/home/GTL/mgaddam/CS7630/ros2_ws/install/task_manager_msgs:${AMENT_PREFIX_PATH} CMAKE_PREFIX_PATH=/home/GTL/mgaddam/CS7630/ros2_ws/install/task_manager_msgs:/opt/ros/humble LD_LIBRARY_PATH=/home/GTL/mgaddam/CS7630/ros2_ws/install/task_manager_msgs/lib:${LD_LIBRARY_PATH} PYTHONPATH=/home/GTL/mgaddam/CS7630/ros2_ws/install/task_manager_msgs/local/lib/python3.10/dist-packages:${PYTHONPATH} /usr/bin/cmake --build /home/GTL/mgaddam/CS7630/ros2_ws/build/task_manager_lib -- -j16 -l16
[0.886s] [100%] Built target task_manager_lib
[0.900s] Invoked command in '/home/GTL/mgaddam/CS7630/ros2_ws/build/task_manager_lib' returned '0': AMENT_PREFIX_PATH=/home/GTL/mgaddam/CS7630/ros2_ws/install/task_manager_msgs:${AMENT_PREFIX_PATH} CMAKE_PREFIX_PATH=/home/GTL/mgaddam/CS7630/ros2_ws/install/task_manager_msgs:/opt/ros/humble LD_LIBRARY_PATH=/home/GTL/mgaddam/CS7630/ros2_ws/install/task_manager_msgs/lib:${LD_LIBRARY_PATH} PYTHONPATH=/home/GTL/mgaddam/CS7630/ros2_ws/install/task_manager_msgs/local/lib/python3.10/dist-packages:${PYTHONPATH} /usr/bin/cmake --build /home/GTL/mgaddam/CS7630/ros2_ws/build/task_manager_lib -- -j16 -l16
[0.928s] Invoking command in '/home/GTL/mgaddam/CS7630/ros2_ws/build/task_manager_lib': AMENT_PREFIX_PATH=/home/GTL/mgaddam/CS7630/ros2_ws/install/task_manager_msgs:${AMENT_PREFIX_PATH} CMAKE_PREFIX_PATH=/home/GTL/mgaddam/CS7630/ros2_ws/install/task_manager_msgs:/opt/ros/humble LD_LIBRARY_PATH=/home/GTL/mgaddam/CS7630/ros2_ws/install/task_manager_msgs/lib:${LD_LIBRARY_PATH} PYTHONPATH=/home/GTL/mgaddam/CS7630/ros2_ws/install/task_manager_msgs/local/lib/python3.10/dist-packages:${PYTHONPATH} /usr/bin/cmake --install /home/GTL/mgaddam/CS7630/ros2_ws/build/task_manager_lib
[0.934s] -- Install configuration: ""
[1.109s] -- Up-to-date: /home/GTL/mgaddam/CS7630/ros2_ws/install/task_manager_lib/lib/libtask_manager_lib.so
[1.114s] -- Up-to-date: /home/GTL/mgaddam/CS7630/ros2_ws/install/task_manager_lib/include/task_manager_lib
[1.116s] -- Up-to-date: /home/GTL/mgaddam/CS7630/ros2_ws/install/task_manager_lib/include/task_manager_lib/TaskServerDefault.h
[1.117s] -- Up-to-date: /home/GTL/mgaddam/CS7630/ros2_ws/install/task_manager_lib/include/task_manager_lib/TaskWaitDefault.h
[1.118s] -- Up-to-date: /home/GTL/mgaddam/CS7630/ros2_ws/install/task_manager_lib/include/task_manager_lib/TaskClient.h
[1.119s] -- Up-to-date: /home/GTL/mgaddam/CS7630/ros2_ws/install/task_manager_lib/include/task_manager_lib/ServiceStorage.h
[1.120s] -- Up-to-date: /home/GTL/mgaddam/CS7630/ros2_ws/install/task_manager_lib/include/task_manager_lib/TaskScheduler.h
[1.120s] -- Up-to-date: /home/GTL/mgaddam/CS7630/ros2_ws/install/task_manager_lib/include/task_manager_lib/DynamicTask.h
[1.121s] -- Up-to-date: /home/GTL/mgaddam/CS7630/ros2_ws/install/task_manager_lib/include/task_manager_lib/TaskEnvironment.h
[1.122s] -- Up-to-date: /home/GTL/mgaddam/CS7630/ros2_ws/install/task_manager_lib/include/task_manager_lib/TaskInstance.h
[1.123s] -- Up-to-date: /home/GTL/mgaddam/CS7630/ros2_ws/install/task_manager_lib/include/task_manager_lib/ParameterList.h
[1.124s] -- Up-to-date: /home/GTL/mgaddam/CS7630/ros2_ws/install/task_manager_lib/include/task_manager_lib/TaskIdleDefault.h
[1.125s] -- Up-to-date: /home/GTL/mgaddam/CS7630/ros2_ws/install/task_manager_lib/include/task_manager_lib/TaskServiceGeneric.h
[1.126s] -- Up-to-date: /home/GTL/mgaddam/CS7630/ros2_ws/install/task_manager_lib/include/task_manager_lib/TaskParameterDefinition.h
[1.127s] -- Up-to-date: /home/GTL/mgaddam/CS7630/ros2_ws/install/task_manager_lib/include/task_manager_lib/TaskSystem.h
[1.127s] -- Up-to-date: /home/GTL/mgaddam/CS7630/ros2_ws/install/task_manager_lib/include/task_manager_lib/TaskDefinition.h
[1.128s] -- Up-to-date: /home/GTL/mgaddam/CS7630/ros2_ws/install/task_manager_lib/include/task_manager_lib/TaskConfig.h
[1.129s] -- Up-to-date: /home/GTL/mgaddam/CS7630/ros2_ws/install/task_manager_lib/include/task_manager_lib/TaskActionGeneric.h
[1.130s] -- Up-to-date: /home/GTL/mgaddam/CS7630/ros2_ws/install/task_manager_lib/share/task_manager_lib/environment/library_path.sh
[1.132s] -- Up-to-date: /home/GTL/mgaddam/CS7630/ros2_ws/install/task_manager_lib/share/task_manager_lib/environment/library_path.dsv
[1.133s] -- Up-to-date: /home/GTL/mgaddam/CS7630/ros2_ws/install/task_manager_lib/share/ament_index/resource_index/package_run_dependencies/task_manager_lib
[1.134s] -- Up-to-date: /home/GTL/mgaddam/CS7630/ros2_ws/install/task_manager_lib/share/ament_index/resource_index/parent_prefix_path/task_manager_lib
[1.134s] -- Up-to-date: /home/GTL/mgaddam/CS7630/ros2_ws/install/task_manager_lib/share/task_manager_lib/environment/ament_prefix_path.sh
[1.136s] -- Up-to-date: /home/GTL/mgaddam/CS7630/ros2_ws/install/task_manager_lib/share/task_manager_lib/environment/ament_prefix_path.dsv
[1.136s] -- Up-to-date: /home/GTL/mgaddam/CS7630/ros2_ws/install/task_manager_lib/share/task_manager_lib/environment/path.sh
[1.138s] -- Up-to-date: /home/GTL/mgaddam/CS7630/ros2_ws/install/task_manager_lib/share/task_manager_lib/environment/path.dsv
[1.138s] -- Up-to-date: /home/GTL/mgaddam/CS7630/ros2_ws/install/task_manager_lib/share/task_manager_lib/local_setup.bash
[1.139s] -- Up-to-date: /home/GTL/mgaddam/CS7630/ros2_ws/install/task_manager_lib/share/task_manager_lib/local_setup.sh
[1.140s] -- Up-to-date: /home/GTL/mgaddam/CS7630/ros2_ws/install/task_manager_lib/share/task_manager_lib/local_setup.zsh
[1.141s] -- Up-to-date: /home/GTL/mgaddam/CS7630/ros2_ws/install/task_manager_lib/share/task_manager_lib/local_setup.dsv
[1.142s] -- Installing: /home/GTL/mgaddam/CS7630/ros2_ws/install/task_manager_lib/share/task_manager_lib/package.dsv
[1.148s] -- Up-to-date: /home/GTL/mgaddam/CS7630/ros2_ws/install/task_manager_lib/share/ament_index/resource_index/packages/task_manager_lib
[1.149s] -- Up-to-date: /home/GTL/mgaddam/CS7630/ros2_ws/install/task_manager_lib/share/task_manager_lib/cmake/ament_cmake_export_dependencies-extras.cmake
[1.150s] -- Up-to-date: /home/GTL/mgaddam/CS7630/ros2_ws/install/task_manager_lib/share/task_manager_lib/cmake/ament_cmake_export_include_directories-extras.cmake
[1.150s] -- Up-to-date: /home/GTL/mgaddam/CS7630/ros2_ws/install/task_manager_lib/share/task_manager_lib/cmake/ament_cmake_export_libraries-extras.cmake
[1.151s] -- Up-to-date: /home/GTL/mgaddam/CS7630/ros2_ws/install/task_manager_lib/share/task_manager_lib/cmake/task_manager_libConfig.cmake
[1.151s] -- Up-to-date: /home/GTL/mgaddam/CS7630/ros2_ws/install/task_manager_lib/share/task_manager_lib/cmake/task_manager_libConfig-version.cmake
[1.152s] -- Up-to-date: /home/GTL/mgaddam/CS7630/ros2_ws/install/task_manager_lib/share/task_manager_lib/package.xml
[1.155s] Invoked command in '/home/GTL/mgaddam/CS7630/ros2_ws/build/task_manager_lib' returned '0': AMENT_PREFIX_PATH=/home/GTL/mgaddam/CS7630/ros2_ws/install/task_manager_msgs:${AMENT_PREFIX_PATH} CMAKE_PREFIX_PATH=/home/GTL/mgaddam/CS7630/ros2_ws/install/task_manager_msgs:/opt/ros/humble LD_LIBRARY_PATH=/home/GTL/mgaddam/CS7630/ros2_ws/install/task_manager_msgs/lib:${LD_LIBRARY_PATH} PYTHONPATH=/home/GTL/mgaddam/CS7630/ros2_ws/install/task_manager_msgs/local/lib/python3.10/dist-packages:${PYTHONPATH} /usr/bin/cmake --install /home/GTL/mgaddam/CS7630/ros2_ws/build/task_manager_lib
