[0.717s] Invoking command in '/home/GTL/mgaddam/CS7630/ros2_ws/src/ar_slam_base': AMENT_PREFIX_PATH=/home/GTL/mgaddam/CS7630/ros2_ws/src/install/ar_loc_base:/home/GTL/mgaddam/CS7630/ros2_ws/src/install/rover_driver_base:/home/GTL/mgaddam/CS7630/ros2_ws/src/install/ar_mapping_base:/home/GTL/mgaddam/CS7630/ros2_ws/src/install/vrep_ros_teleop:/home/GTL/mgaddam/CS7630/ros2_ws/src/install/vrep4_helpers:/home/GTL/mgaddam/CS7630/ros2_ws/src/install/task_manager_sync:/home/GTL/mgaddam/CS7630/ros2_ws/src/install/floor_nav:/home/GTL/mgaddam/CS7630/ros2_ws/src/install/task_manager_nav2:/home/GTL/mgaddam/CS7630/ros2_ws/src/install/task_manager_lib:/home/GTL/mgaddam/CS7630/ros2_ws/src/install/task_manager_client_py:/home/GTL/mgaddam/CS7630/ros2_ws/src/install/task_manager_msgs:/home/GTL/mgaddam/CS7630/ros2_ws/src/install/ar_slam_base:/home/GTL/mgaddam/CS7630/ros2_ws/src/install/keyboard_teleop:/home/GTL/mgaddam/CS7630/ros2_ws/src/install/face_detect_base:/home/GTL/mgaddam/CS7630/ros2_ws/src/install/cs7630_msgs:/home/GTL/mgaddam/CS7630/ros2_ws/src/install/collision_avoidance_base:/home/GTL/mgaddam/CS7630/ros2_ws/src/install/button_server:/opt/ros/humble PYTHONPATH=/home/GTL/mgaddam/CS7630/ros2_ws/src/build/ar_slam_base/prefix_override:/home/GTL/mgaddam/CS7630/ros2_ws/src/install/ar_slam_base/lib/python3.10/site-packages:/home/GTL/mgaddam/CS7630/ros2_ws/src/install/ar_loc_base/lib/python3.10/site-packages:/home/GTL/mgaddam/CS7630/ros2_ws/src/install/rover_driver_base/lib/python3.10/site-packages:/home/GTL/mgaddam/CS7630/ros2_ws/src/install/ar_mapping_base/lib/python3.10/site-packages:/home/GTL/mgaddam/CS7630/ros2_ws/src/install/vrep_ros_teleop/lib/python3.10/site-packages:/home/GTL/mgaddam/CS7630/ros2_ws/src/install/task_manager_client_py/lib/python3.10/site-packages:/home/GTL/mgaddam/CS7630/ros2_ws/src/install/task_manager_msgs/local/lib/python3.10/dist-packages:/home/GTL/mgaddam/CS7630/ros2_ws/src/install/ar_slam_base/lib/python3.10/site-packages:/home/GTL/mgaddam/CS7630/ros2_ws/src/install/keyboard_teleop/lib/python3.10/site-packages:/home/GTL/mgaddam/CS7630/ros2_ws/src/install/face_detect_base/lib/python3.10/site-packages:/home/GTL/mgaddam/CS7630/ros2_ws/src/install/cs7630_msgs/local/lib/python3.10/dist-packages:/home/GTL/mgaddam/CS7630/ros2_ws/src/install/button_server/lib/python3.10/site-packages:/opt/ros/humble/lib/python3.10/site-packages:/opt/ros/humble/local/lib/python3.10/dist-packages /usr/bin/python3 setup.py egg_info --egg-base ../build/ar_slam_base build --build-base /home/GTL/mgaddam/CS7630/ros2_ws/src/build/ar_slam_base/build install --record /home/GTL/mgaddam/CS7630/ros2_ws/src/build/ar_slam_base/install.log --single-version-externally-managed
[0.914s] running egg_info
[0.914s] writing ../build/ar_slam_base/ar_slam_base.egg-info/PKG-INFO
[0.917s] writing dependency_links to ../build/ar_slam_base/ar_slam_base.egg-info/dependency_links.txt
[0.918s] writing entry points to ../build/ar_slam_base/ar_slam_base.egg-info/entry_points.txt
[0.919s] writing requirements to ../build/ar_slam_base/ar_slam_base.egg-info/requires.txt
[0.920s] writing top-level names to ../build/ar_slam_base/ar_slam_base.egg-info/top_level.txt
[0.922s] writing manifest file '../build/ar_slam_base/ar_slam_base.egg-info/SOURCES.txt'
[0.924s] reading manifest file '../build/ar_slam_base/ar_slam_base.egg-info/SOURCES.txt'
[0.926s] writing manifest file '../build/ar_slam_base/ar_slam_base.egg-info/SOURCES.txt'
[0.927s] running build
[0.927s] running build_py
[0.927s] copying ar_slam_base/mapping_kf.py -> /home/GTL/mgaddam/CS7630/ros2_ws/src/build/ar_slam_base/build/lib/ar_slam_base
[0.929s] copying ar_slam_base/tb_mapping.py -> /home/GTL/mgaddam/CS7630/ros2_ws/src/build/ar_slam_base/build/lib/ar_slam_base
[0.932s] copying ar_slam_base/__init__.py -> /home/GTL/mgaddam/CS7630/ros2_ws/src/build/ar_slam_base/build/lib/ar_slam_base
[0.934s] copying ar_slam_base/rover_mapping.py -> /home/GTL/mgaddam/CS7630/ros2_ws/src/build/ar_slam_base/build/lib/ar_slam_base
[0.936s] running install
[0.936s] /usr/lib/python3/dist-packages/setuptools/command/install.py:34: SetuptoolsDeprecationWarning: setup.py install is deprecated. Use build and pip and other standards-based tools.
[0.936s]   warnings.warn(
[0.936s] running install_lib
[0.938s] copying /home/GTL/mgaddam/CS7630/ros2_ws/src/build/ar_slam_base/build/lib/ar_slam_base/mapping_kf.py -> /home/GTL/mgaddam/CS7630/ros2_ws/src/install/ar_slam_base/lib/python3.10/site-packages/ar_slam_base
[0.941s] copying /home/GTL/mgaddam/CS7630/ros2_ws/src/build/ar_slam_base/build/lib/ar_slam_base/tb_mapping.py -> /home/GTL/mgaddam/CS7630/ros2_ws/src/install/ar_slam_base/lib/python3.10/site-packages/ar_slam_base
[0.943s] copying /home/GTL/mgaddam/CS7630/ros2_ws/src/build/ar_slam_base/build/lib/ar_slam_base/__init__.py -> /home/GTL/mgaddam/CS7630/ros2_ws/src/install/ar_slam_base/lib/python3.10/site-packages/ar_slam_base
[0.944s] copying /home/GTL/mgaddam/CS7630/ros2_ws/src/build/ar_slam_base/build/lib/ar_slam_base/rover_mapping.py -> /home/GTL/mgaddam/CS7630/ros2_ws/src/install/ar_slam_base/lib/python3.10/site-packages/ar_slam_base
[0.948s] byte-compiling /home/GTL/mgaddam/CS7630/ros2_ws/src/install/ar_slam_base/lib/python3.10/site-packages/ar_slam_base/mapping_kf.py to mapping_kf.cpython-310.pyc
[0.951s] byte-compiling /home/GTL/mgaddam/CS7630/ros2_ws/src/install/ar_slam_base/lib/python3.10/site-packages/ar_slam_base/tb_mapping.py to tb_mapping.cpython-310.pyc
[0.954s] byte-compiling /home/GTL/mgaddam/CS7630/ros2_ws/src/install/ar_slam_base/lib/python3.10/site-packages/ar_slam_base/__init__.py to __init__.cpython-310.pyc
[0.956s] byte-compiling /home/GTL/mgaddam/CS7630/ros2_ws/src/install/ar_slam_base/lib/python3.10/site-packages/ar_slam_base/rover_mapping.py to rover_mapping.cpython-310.pyc
[0.959s] running install_data
[0.959s] copying resource/ar_slam_base -> /home/GTL/mgaddam/CS7630/ros2_ws/src/install/ar_slam_base/share/ament_index/resource_index/packages
[0.961s] copying package.xml -> /home/GTL/mgaddam/CS7630/ros2_ws/src/install/ar_slam_base/share/ar_slam_base
[0.964s] copying launch/tb_slam_env.launch.py -> /home/GTL/mgaddam/CS7630/ros2_ws/src/install/ar_slam_base/share/ar_slam_base
[0.966s] copying launch/ar_slam_env.launch.py -> /home/GTL/mgaddam/CS7630/ros2_ws/src/install/ar_slam_base/share/ar_slam_base
[0.968s] copying launch/ar_slam_only.launch.py -> /home/GTL/mgaddam/CS7630/ros2_ws/src/install/ar_slam_base/share/ar_slam_base
[0.970s] copying launch/ar_slam.launch.py -> /home/GTL/mgaddam/CS7630/ros2_ws/src/install/ar_slam_base/share/ar_slam_base
[0.972s] copying launch/tb_slam.launch.py -> /home/GTL/mgaddam/CS7630/ros2_ws/src/install/ar_slam_base/share/ar_slam_base
[0.974s] copying launch/tb_slam_only.launch.py -> /home/GTL/mgaddam/CS7630/ros2_ws/src/install/ar_slam_base/share/ar_slam_base
[0.976s] running install_egg_info
[0.978s] removing '/home/GTL/mgaddam/CS7630/ros2_ws/src/install/ar_slam_base/lib/python3.10/site-packages/ar_slam_base-0.0.0-py3.10.egg-info' (and everything under it)
[0.978s] Copying ../build/ar_slam_base/ar_slam_base.egg-info to /home/GTL/mgaddam/CS7630/ros2_ws/src/install/ar_slam_base/lib/python3.10/site-packages/ar_slam_base-0.0.0-py3.10.egg-info
[0.999s] running install_scripts
[1.014s] Installing ar_slam_node script to /home/GTL/mgaddam/CS7630/ros2_ws/src/install/ar_slam_base/lib/ar_slam_base
[1.016s] Installing tb_slam_node script to /home/GTL/mgaddam/CS7630/ros2_ws/src/install/ar_slam_base/lib/ar_slam_base
[1.018s] writing list of installed files to '/home/GTL/mgaddam/CS7630/ros2_ws/src/build/ar_slam_base/install.log'
[1.034s] Invoked command in '/home/GTL/mgaddam/CS7630/ros2_ws/src/ar_slam_base' returned '0': AMENT_PREFIX_PATH=/home/GTL/mgaddam/CS7630/ros2_ws/src/install/ar_loc_base:/home/GTL/mgaddam/CS7630/ros2_ws/src/install/rover_driver_base:/home/GTL/mgaddam/CS7630/ros2_ws/src/install/ar_mapping_base:/home/GTL/mgaddam/CS7630/ros2_ws/src/install/vrep_ros_teleop:/home/GTL/mgaddam/CS7630/ros2_ws/src/install/vrep4_helpers:/home/GTL/mgaddam/CS7630/ros2_ws/src/install/task_manager_sync:/home/GTL/mgaddam/CS7630/ros2_ws/src/install/floor_nav:/home/GTL/mgaddam/CS7630/ros2_ws/src/install/task_manager_nav2:/home/GTL/mgaddam/CS7630/ros2_ws/src/install/task_manager_lib:/home/GTL/mgaddam/CS7630/ros2_ws/src/install/task_manager_client_py:/home/GTL/mgaddam/CS7630/ros2_ws/src/install/task_manager_msgs:/home/GTL/mgaddam/CS7630/ros2_ws/src/install/ar_slam_base:/home/GTL/mgaddam/CS7630/ros2_ws/src/install/keyboard_teleop:/home/GTL/mgaddam/CS7630/ros2_ws/src/install/face_detect_base:/home/GTL/mgaddam/CS7630/ros2_ws/src/install/cs7630_msgs:/home/GTL/mgaddam/CS7630/ros2_ws/src/install/collision_avoidance_base:/home/GTL/mgaddam/CS7630/ros2_ws/src/install/button_server:/opt/ros/humble PYTHONPATH=/home/GTL/mgaddam/CS7630/ros2_ws/src/build/ar_slam_base/prefix_override:/home/GTL/mgaddam/CS7630/ros2_ws/src/install/ar_slam_base/lib/python3.10/site-packages:/home/GTL/mgaddam/CS7630/ros2_ws/src/install/ar_loc_base/lib/python3.10/site-packages:/home/GTL/mgaddam/CS7630/ros2_ws/src/install/rover_driver_base/lib/python3.10/site-packages:/home/GTL/mgaddam/CS7630/ros2_ws/src/install/ar_mapping_base/lib/python3.10/site-packages:/home/GTL/mgaddam/CS7630/ros2_ws/src/install/vrep_ros_teleop/lib/python3.10/site-packages:/home/GTL/mgaddam/CS7630/ros2_ws/src/install/task_manager_client_py/lib/python3.10/site-packages:/home/GTL/mgaddam/CS7630/ros2_ws/src/install/task_manager_msgs/local/lib/python3.10/dist-packages:/home/GTL/mgaddam/CS7630/ros2_ws/src/install/ar_slam_base/lib/python3.10/site-packages:/home/GTL/mgaddam/CS7630/ros2_ws/src/install/keyboard_teleop/lib/python3.10/site-packages:/home/GTL/mgaddam/CS7630/ros2_ws/src/install/face_detect_base/lib/python3.10/site-packages:/home/GTL/mgaddam/CS7630/ros2_ws/src/install/cs7630_msgs/local/lib/python3.10/dist-packages:/home/GTL/mgaddam/CS7630/ros2_ws/src/install/button_server/lib/python3.10/site-packages:/opt/ros/humble/lib/python3.10/site-packages:/opt/ros/humble/local/lib/python3.10/dist-packages /usr/bin/python3 setup.py egg_info --egg-base ../build/ar_slam_base build --build-base /home/GTL/mgaddam/CS7630/ros2_ws/src/build/ar_slam_base/build install --record /home/GTL/mgaddam/CS7630/ros2_ws/src/build/ar_slam_base/install.log --single-version-externally-managed
