[2.732s] Invoking command in '/home/GTL/mgaddam/CS7630/ros2_ws/src/vrep_ros_teleop': PYTHONPATH=/home/GTL/mgaddam/CS7630/ros2_ws/build/vrep_ros_teleop/prefix_override:/home/GTL/mgaddam/CS7630/ros2_ws/install/vrep_ros_teleop/lib/python3.10/site-packages:${PYTHONPATH} /usr/bin/python3 setup.py egg_info --egg-base ../../build/vrep_ros_teleop build --build-base /home/GTL/mgaddam/CS7630/ros2_ws/build/vrep_ros_teleop/build install --record /home/GTL/mgaddam/CS7630/ros2_ws/build/vrep_ros_teleop/install.log --single-version-externally-managed
[2.908s] running egg_info
[2.920s] writing ../../build/vrep_ros_teleop/vrep_ros_teleop.egg-info/PKG-INFO
[2.921s] writing dependency_links to ../../build/vrep_ros_teleop/vrep_ros_teleop.egg-info/dependency_links.txt
[2.923s] writing entry points to ../../build/vrep_ros_teleop/vrep_ros_teleop.egg-info/entry_points.txt
[2.925s] writing requirements to ../../build/vrep_ros_teleop/vrep_ros_teleop.egg-info/requires.txt
[2.926s] writing top-level names to ../../build/vrep_ros_teleop/vrep_ros_teleop.egg-info/top_level.txt
[2.934s] reading manifest file '../../build/vrep_ros_teleop/vrep_ros_teleop.egg-info/SOURCES.txt'
[2.936s] writing manifest file '../../build/vrep_ros_teleop/vrep_ros_teleop.egg-info/SOURCES.txt'
[2.937s] running build
[2.937s] running build_py
[2.940s] running install
[2.940s] /usr/lib/python3/dist-packages/setuptools/command/install.py:34: SetuptoolsDeprecationWarning: setup.py install is deprecated. Use build and pip and other standards-based tools.
[2.940s]   warnings.warn(
[2.940s] running install_lib
[2.943s] running install_data
[2.945s] running install_egg_info
[2.946s] removing '/home/GTL/mgaddam/CS7630/ros2_ws/install/vrep_ros_teleop/lib/python3.10/site-packages/vrep_ros_teleop-0.0.0-py3.10.egg-info' (and everything under it)
[2.949s] Copying ../../build/vrep_ros_teleop/vrep_ros_teleop.egg-info to /home/GTL/mgaddam/CS7630/ros2_ws/install/vrep_ros_teleop/lib/python3.10/site-packages/vrep_ros_teleop-0.0.0-py3.10.egg-info
[2.979s] running install_scripts
[2.993s] Installing teleop_mux_node script to /home/GTL/mgaddam/CS7630/ros2_ws/install/vrep_ros_teleop/lib/vrep_ros_teleop
[2.994s] Installing teleop_node script to /home/GTL/mgaddam/CS7630/ros2_ws/install/vrep_ros_teleop/lib/vrep_ros_teleop
[2.996s] writing list of installed files to '/home/GTL/mgaddam/CS7630/ros2_ws/build/vrep_ros_teleop/install.log'
