[0.776s] Invoking command in '/home/GTL/mgaddam/CS7630/ros2_ws/build/wpa_cli_msgs': CMAKE_PREFIX_PATH=/opt/ros/humble /usr/bin/cmake --build /home/GTL/mgaddam/CS7630/ros2_ws/build/wpa_cli_msgs -- -j16 -l16
[1.235s] [  2%] Built target wpa_cli_msgs__cpp
[1.235s] [ 12%] Built target wpa_cli_msgs__rosidl_generator_c
[1.235s] [ 43%] Built target wpa_cli_msgs__rosidl_typesupport_cpp
[1.235s] [ 43%] Built target wpa_cli_msgs__rosidl_typesupport_fastrtps_cpp
[1.235s] [ 51%] Built target wpa_cli_msgs__rosidl_typesupport_introspection_cpp
[1.235s] [ 74%] Built target wpa_cli_msgs__rosidl_typesupport_c
[1.235s] [ 74%] Built target wpa_cli_msgs__rosidl_typesupport_introspection_c
[1.235s] [ 74%] Built target wpa_cli_msgs__rosidl_typesupport_fastrtps_c
[1.236s] [ 74%] Built target ament_cmake_python_copy_wpa_cli_msgs
[1.236s] [ 74%] Built target wpa_cli_msgs
[1.236s] [ 76%] Built target wpa_cli_msgs__py
[1.236s] [ 84%] Built target wpa_cli_msgs__rosidl_generator_py
[1.236s] [100%] Built target wpa_cli_msgs__rosidl_typesupport_introspection_c__pyext
[1.236s] [100%] Built target wpa_cli_msgs__rosidl_typesupport_c__pyext
[1.236s] [100%] Built target wpa_cli_msgs__rosidl_typesupport_fastrtps_c__pyext
[1.236s] running egg_info
[1.236s] writing wpa_cli_msgs.egg-info/PKG-INFO
[1.236s] writing dependency_links to wpa_cli_msgs.egg-info/dependency_links.txt
[1.236s] writing top-level names to wpa_cli_msgs.egg-info/top_level.txt
[1.236s] reading manifest file 'wpa_cli_msgs.egg-info/SOURCES.txt'
[1.236s] writing manifest file 'wpa_cli_msgs.egg-info/SOURCES.txt'
[1.236s] [100%] Built target ament_cmake_python_build_wpa_cli_msgs_egg
[1.451s] Invoked command in '/home/GTL/mgaddam/CS7630/ros2_ws/build/wpa_cli_msgs' returned '0': CMAKE_PREFIX_PATH=/opt/ros/humble /usr/bin/cmake --build /home/GTL/mgaddam/CS7630/ros2_ws/build/wpa_cli_msgs -- -j16 -l16
[1.498s] Invoking command in '/home/GTL/mgaddam/CS7630/ros2_ws/build/wpa_cli_msgs': CMAKE_PREFIX_PATH=/opt/ros/humble /usr/bin/cmake --install /home/GTL/mgaddam/CS7630/ros2_ws/build/wpa_cli_msgs
[1.511s] -- Install configuration: ""
[1.511s] -- Up-to-date: /home/GTL/mgaddam/CS7630/ros2_ws/install/wpa_cli_msgs/share/ament_index/resource_index/rosidl_interfaces/wpa_cli_msgs
[1.511s] -- Up-to-date: /home/GTL/mgaddam/CS7630/ros2_ws/install/wpa_cli_msgs/include/wpa_cli_msgs/wpa_cli_msgs
[1.511s] -- Up-to-date: /home/GTL/mgaddam/CS7630/ros2_ws/install/wpa_cli_msgs/include/wpa_cli_msgs/wpa_cli_msgs/msg
[1.511s] -- Up-to-date: /home/GTL/mgaddam/CS7630/ros2_ws/install/wpa_cli_msgs/include/wpa_cli_msgs/wpa_cli_msgs/msg/detail
[1.511s] -- Up-to-date: /home/GTL/mgaddam/CS7630/ros2_ws/install/wpa_cli_msgs/include/wpa_cli_msgs/wpa_cli_msgs/msg/detail/network__functions.h
[1.511s] -- Up-to-date: /home/GTL/mgaddam/CS7630/ros2_ws/install/wpa_cli_msgs/include/wpa_cli_msgs/wpa_cli_msgs/msg/detail/network__type_support.h
[1.511s] -- Up-to-date: /home/GTL/mgaddam/CS7630/ros2_ws/install/wpa_cli_msgs/include/wpa_cli_msgs/wpa_cli_msgs/msg/detail/scan__struct.h
[1.512s] -- Up-to-date: /home/GTL/mgaddam/CS7630/ros2_ws/install/wpa_cli_msgs/include/wpa_cli_msgs/wpa_cli_msgs/msg/detail/scan__type_support.h
[1.512s] -- Up-to-date: /home/GTL/mgaddam/CS7630/ros2_ws/install/wpa_cli_msgs/include/wpa_cli_msgs/wpa_cli_msgs/msg/detail/scan__functions.c
[1.512s] -- Up-to-date: /home/GTL/mgaddam/CS7630/ros2_ws/install/wpa_cli_msgs/include/wpa_cli_msgs/wpa_cli_msgs/msg/detail/scan__functions.h
[1.512s] -- Up-to-date: /home/GTL/mgaddam/CS7630/ros2_ws/install/wpa_cli_msgs/include/wpa_cli_msgs/wpa_cli_msgs/msg/detail/network__functions.c
[1.513s] -- Up-to-date: /home/GTL/mgaddam/CS7630/ros2_ws/install/wpa_cli_msgs/include/wpa_cli_msgs/wpa_cli_msgs/msg/detail/network__struct.h
[1.513s] -- Up-to-date: /home/GTL/mgaddam/CS7630/ros2_ws/install/wpa_cli_msgs/include/wpa_cli_msgs/wpa_cli_msgs/msg/rosidl_generator_c__visibility_control.h
[1.513s] -- Up-to-date: /home/GTL/mgaddam/CS7630/ros2_ws/install/wpa_cli_msgs/include/wpa_cli_msgs/wpa_cli_msgs/msg/scan.h
[1.514s] -- Up-to-date: /home/GTL/mgaddam/CS7630/ros2_ws/install/wpa_cli_msgs/include/wpa_cli_msgs/wpa_cli_msgs/msg/network.h
[1.515s] -- Up-to-date: /home/GTL/mgaddam/CS7630/ros2_ws/install/wpa_cli_msgs/share/wpa_cli_msgs/environment/library_path.sh
[1.516s] -- Up-to-date: /home/GTL/mgaddam/CS7630/ros2_ws/install/wpa_cli_msgs/share/wpa_cli_msgs/environment/library_path.dsv
[1.517s] -- Up-to-date: /home/GTL/mgaddam/CS7630/ros2_ws/install/wpa_cli_msgs/lib/libwpa_cli_msgs__rosidl_generator_c.so
[1.521s] -- Up-to-date: /home/GTL/mgaddam/CS7630/ros2_ws/install/wpa_cli_msgs/include/wpa_cli_msgs/wpa_cli_msgs
[1.521s] -- Up-to-date: /home/GTL/mgaddam/CS7630/ros2_ws/install/wpa_cli_msgs/include/wpa_cli_msgs/wpa_cli_msgs/msg
[1.522s] -- Up-to-date: /home/GTL/mgaddam/CS7630/ros2_ws/install/wpa_cli_msgs/include/wpa_cli_msgs/wpa_cli_msgs/msg/detail
[1.522s] -- Up-to-date: /home/GTL/mgaddam/CS7630/ros2_ws/install/wpa_cli_msgs/include/wpa_cli_msgs/wpa_cli_msgs/msg/detail/network__rosidl_typesupport_fastrtps_c.h
[1.523s] -- Up-to-date: /home/GTL/mgaddam/CS7630/ros2_ws/install/wpa_cli_msgs/include/wpa_cli_msgs/wpa_cli_msgs/msg/detail/scan__rosidl_typesupport_fastrtps_c.h
[1.524s] -- Up-to-date: /home/GTL/mgaddam/CS7630/ros2_ws/install/wpa_cli_msgs/include/wpa_cli_msgs/wpa_cli_msgs/msg/rosidl_typesupport_fastrtps_c__visibility_control.h
[1.525s] -- Up-to-date: /home/GTL/mgaddam/CS7630/ros2_ws/install/wpa_cli_msgs/lib/libwpa_cli_msgs__rosidl_typesupport_fastrtps_c.so
[1.527s] -- Up-to-date: /home/GTL/mgaddam/CS7630/ros2_ws/install/wpa_cli_msgs/include/wpa_cli_msgs/wpa_cli_msgs
[1.528s] -- Up-to-date: /home/GTL/mgaddam/CS7630/ros2_ws/install/wpa_cli_msgs/include/wpa_cli_msgs/wpa_cli_msgs/msg
[1.529s] -- Up-to-date: /home/GTL/mgaddam/CS7630/ros2_ws/install/wpa_cli_msgs/include/wpa_cli_msgs/wpa_cli_msgs/msg/detail
[1.530s] -- Up-to-date: /home/GTL/mgaddam/CS7630/ros2_ws/install/wpa_cli_msgs/include/wpa_cli_msgs/wpa_cli_msgs/msg/detail/scan__builder.hpp
[1.530s] -- Up-to-date: /home/GTL/mgaddam/CS7630/ros2_ws/install/wpa_cli_msgs/include/wpa_cli_msgs/wpa_cli_msgs/msg/detail/scan__struct.hpp
[1.531s] -- Up-to-date: /home/GTL/mgaddam/CS7630/ros2_ws/install/wpa_cli_msgs/include/wpa_cli_msgs/wpa_cli_msgs/msg/detail/network__traits.hpp
[1.532s] -- Up-to-date: /home/GTL/mgaddam/CS7630/ros2_ws/install/wpa_cli_msgs/include/wpa_cli_msgs/wpa_cli_msgs/msg/detail/network__struct.hpp
[1.532s] -- Up-to-date: /home/GTL/mgaddam/CS7630/ros2_ws/install/wpa_cli_msgs/include/wpa_cli_msgs/wpa_cli_msgs/msg/detail/network__builder.hpp
[1.532s] -- Up-to-date: /home/GTL/mgaddam/CS7630/ros2_ws/install/wpa_cli_msgs/include/wpa_cli_msgs/wpa_cli_msgs/msg/detail/scan__traits.hpp
[1.533s] -- Up-to-date: /home/GTL/mgaddam/CS7630/ros2_ws/install/wpa_cli_msgs/include/wpa_cli_msgs/wpa_cli_msgs/msg/scan.hpp
[1.534s] -- Up-to-date: /home/GTL/mgaddam/CS7630/ros2_ws/install/wpa_cli_msgs/include/wpa_cli_msgs/wpa_cli_msgs/msg/network.hpp
[1.534s] -- Up-to-date: /home/GTL/mgaddam/CS7630/ros2_ws/install/wpa_cli_msgs/include/wpa_cli_msgs/wpa_cli_msgs
[1.535s] -- Up-to-date: /home/GTL/mgaddam/CS7630/ros2_ws/install/wpa_cli_msgs/include/wpa_cli_msgs/wpa_cli_msgs/msg
[1.535s] -- Up-to-date: /home/GTL/mgaddam/CS7630/ros2_ws/install/wpa_cli_msgs/include/wpa_cli_msgs/wpa_cli_msgs/msg/detail
[1.536s] -- Up-to-date: /home/GTL/mgaddam/CS7630/ros2_ws/install/wpa_cli_msgs/include/wpa_cli_msgs/wpa_cli_msgs/msg/detail/scan__rosidl_typesupport_fastrtps_cpp.hpp
[1.537s] -- Up-to-date: /home/GTL/mgaddam/CS7630/ros2_ws/install/wpa_cli_msgs/include/wpa_cli_msgs/wpa_cli_msgs/msg/detail/dds_fastrtps
[1.538s] -- Up-to-date: /home/GTL/mgaddam/CS7630/ros2_ws/install/wpa_cli_msgs/include/wpa_cli_msgs/wpa_cli_msgs/msg/detail/network__rosidl_typesupport_fastrtps_cpp.hpp
[1.538s] -- Up-to-date: /home/GTL/mgaddam/CS7630/ros2_ws/install/wpa_cli_msgs/include/wpa_cli_msgs/wpa_cli_msgs/msg/rosidl_typesupport_fastrtps_cpp__visibility_control.h
[1.540s] -- Up-to-date: /home/GTL/mgaddam/CS7630/ros2_ws/install/wpa_cli_msgs/lib/libwpa_cli_msgs__rosidl_typesupport_fastrtps_cpp.so
[1.542s] -- Up-to-date: /home/GTL/mgaddam/CS7630/ros2_ws/install/wpa_cli_msgs/include/wpa_cli_msgs/wpa_cli_msgs
[1.543s] -- Up-to-date: /home/GTL/mgaddam/CS7630/ros2_ws/install/wpa_cli_msgs/include/wpa_cli_msgs/wpa_cli_msgs/msg
[1.544s] -- Up-to-date: /home/GTL/mgaddam/CS7630/ros2_ws/install/wpa_cli_msgs/include/wpa_cli_msgs/wpa_cli_msgs/msg/detail
[1.545s] -- Up-to-date: /home/GTL/mgaddam/CS7630/ros2_ws/install/wpa_cli_msgs/include/wpa_cli_msgs/wpa_cli_msgs/msg/detail/network__rosidl_typesupport_introspection_c.h
[1.546s] -- Up-to-date: /home/GTL/mgaddam/CS7630/ros2_ws/install/wpa_cli_msgs/include/wpa_cli_msgs/wpa_cli_msgs/msg/detail/scan__type_support.c
[1.546s] -- Up-to-date: /home/GTL/mgaddam/CS7630/ros2_ws/install/wpa_cli_msgs/include/wpa_cli_msgs/wpa_cli_msgs/msg/detail/network__type_support.c
[1.547s] -- Up-to-date: /home/GTL/mgaddam/CS7630/ros2_ws/install/wpa_cli_msgs/include/wpa_cli_msgs/wpa_cli_msgs/msg/detail/scan__rosidl_typesupport_introspection_c.h
[1.547s] -- Up-to-date: /home/GTL/mgaddam/CS7630/ros2_ws/install/wpa_cli_msgs/include/wpa_cli_msgs/wpa_cli_msgs/msg/rosidl_typesupport_introspection_c__visibility_control.h
[1.549s] -- Up-to-date: /home/GTL/mgaddam/CS7630/ros2_ws/install/wpa_cli_msgs/lib/libwpa_cli_msgs__rosidl_typesupport_introspection_c.so
[1.552s] -- Up-to-date: /home/GTL/mgaddam/CS7630/ros2_ws/install/wpa_cli_msgs/lib/libwpa_cli_msgs__rosidl_typesupport_c.so
[1.554s] -- Up-to-date: /home/GTL/mgaddam/CS7630/ros2_ws/install/wpa_cli_msgs/include/wpa_cli_msgs/wpa_cli_msgs
[1.555s] -- Up-to-date: /home/GTL/mgaddam/CS7630/ros2_ws/install/wpa_cli_msgs/include/wpa_cli_msgs/wpa_cli_msgs/msg
[1.555s] -- Up-to-date: /home/GTL/mgaddam/CS7630/ros2_ws/install/wpa_cli_msgs/include/wpa_cli_msgs/wpa_cli_msgs/msg/detail
[1.557s] -- Up-to-date: /home/GTL/mgaddam/CS7630/ros2_ws/install/wpa_cli_msgs/include/wpa_cli_msgs/wpa_cli_msgs/msg/detail/network__rosidl_typesupport_introspection_cpp.hpp
[1.557s] -- Up-to-date: /home/GTL/mgaddam/CS7630/ros2_ws/install/wpa_cli_msgs/include/wpa_cli_msgs/wpa_cli_msgs/msg/detail/scan__rosidl_typesupport_introspection_cpp.hpp
[1.558s] -- Up-to-date: /home/GTL/mgaddam/CS7630/ros2_ws/install/wpa_cli_msgs/include/wpa_cli_msgs/wpa_cli_msgs/msg/detail/network__type_support.cpp
[1.558s] -- Up-to-date: /home/GTL/mgaddam/CS7630/ros2_ws/install/wpa_cli_msgs/include/wpa_cli_msgs/wpa_cli_msgs/msg/detail/scan__type_support.cpp
[1.559s] -- Up-to-date: /home/GTL/mgaddam/CS7630/ros2_ws/install/wpa_cli_msgs/lib/libwpa_cli_msgs__rosidl_typesupport_introspection_cpp.so
[1.561s] -- Up-to-date: /home/GTL/mgaddam/CS7630/ros2_ws/install/wpa_cli_msgs/lib/libwpa_cli_msgs__rosidl_typesupport_cpp.so
[1.562s] -- Up-to-date: /home/GTL/mgaddam/CS7630/ros2_ws/install/wpa_cli_msgs/share/wpa_cli_msgs/environment/pythonpath.sh
[1.563s] -- Up-to-date: /home/GTL/mgaddam/CS7630/ros2_ws/install/wpa_cli_msgs/share/wpa_cli_msgs/environment/pythonpath.dsv
[1.565s] -- Up-to-date: /home/GTL/mgaddam/CS7630/ros2_ws/install/wpa_cli_msgs/local/lib/python3.10/dist-packages/wpa_cli_msgs-0.0.0-py3.10.egg-info
[1.566s] -- Installing: /home/GTL/mgaddam/CS7630/ros2_ws/install/wpa_cli_msgs/local/lib/python3.10/dist-packages/wpa_cli_msgs-0.0.0-py3.10.egg-info/dependency_links.txt
[1.571s] -- Installing: /home/GTL/mgaddam/CS7630/ros2_ws/install/wpa_cli_msgs/local/lib/python3.10/dist-packages/wpa_cli_msgs-0.0.0-py3.10.egg-info/top_level.txt
[1.576s] -- Installing: /home/GTL/mgaddam/CS7630/ros2_ws/install/wpa_cli_msgs/local/lib/python3.10/dist-packages/wpa_cli_msgs-0.0.0-py3.10.egg-info/PKG-INFO
[1.581s] -- Installing: /home/GTL/mgaddam/CS7630/ros2_ws/install/wpa_cli_msgs/local/lib/python3.10/dist-packages/wpa_cli_msgs-0.0.0-py3.10.egg-info/SOURCES.txt
[1.586s] -- Up-to-date: /home/GTL/mgaddam/CS7630/ros2_ws/install/wpa_cli_msgs/local/lib/python3.10/dist-packages/wpa_cli_msgs
[1.586s] -- Up-to-date: /home/GTL/mgaddam/CS7630/ros2_ws/install/wpa_cli_msgs/local/lib/python3.10/dist-packages/wpa_cli_msgs/wpa_cli_msgs_s__rosidl_typesupport_introspection_c.cpython-310-x86_64-linux-gnu.so
[1.587s] -- Up-to-date: /home/GTL/mgaddam/CS7630/ros2_ws/install/wpa_cli_msgs/local/lib/python3.10/dist-packages/wpa_cli_msgs/_wpa_cli_msgs_s.ep.rosidl_typesupport_introspection_c.c
[1.587s] -- Up-to-date: /home/GTL/mgaddam/CS7630/ros2_ws/install/wpa_cli_msgs/local/lib/python3.10/dist-packages/wpa_cli_msgs/msg
[1.589s] -- Up-to-date: /home/GTL/mgaddam/CS7630/ros2_ws/install/wpa_cli_msgs/local/lib/python3.10/dist-packages/wpa_cli_msgs/msg/_scan.py
[1.589s] -- Up-to-date: /home/GTL/mgaddam/CS7630/ros2_ws/install/wpa_cli_msgs/local/lib/python3.10/dist-packages/wpa_cli_msgs/msg/__init__.py
[1.590s] -- Up-to-date: /home/GTL/mgaddam/CS7630/ros2_ws/install/wpa_cli_msgs/local/lib/python3.10/dist-packages/wpa_cli_msgs/msg/_network_s.c
[1.590s] -- Up-to-date: /home/GTL/mgaddam/CS7630/ros2_ws/install/wpa_cli_msgs/local/lib/python3.10/dist-packages/wpa_cli_msgs/msg/_scan_s.c
[1.591s] -- Up-to-date: /home/GTL/mgaddam/CS7630/ros2_ws/install/wpa_cli_msgs/local/lib/python3.10/dist-packages/wpa_cli_msgs/msg/_network.py
[1.592s] -- Up-to-date: /home/GTL/mgaddam/CS7630/ros2_ws/install/wpa_cli_msgs/local/lib/python3.10/dist-packages/wpa_cli_msgs/_wpa_cli_msgs_s.ep.rosidl_typesupport_c.c
[1.592s] -- Up-to-date: /home/GTL/mgaddam/CS7630/ros2_ws/install/wpa_cli_msgs/local/lib/python3.10/dist-packages/wpa_cli_msgs/wpa_cli_msgs_s__rosidl_typesupport_fastrtps_c.cpython-310-x86_64-linux-gnu.so
[1.593s] -- Up-to-date: /home/GTL/mgaddam/CS7630/ros2_ws/install/wpa_cli_msgs/local/lib/python3.10/dist-packages/wpa_cli_msgs/libwpa_cli_msgs__rosidl_generator_py.so
[1.593s] -- Up-to-date: /home/GTL/mgaddam/CS7630/ros2_ws/install/wpa_cli_msgs/local/lib/python3.10/dist-packages/wpa_cli_msgs/_wpa_cli_msgs_s.ep.rosidl_typesupport_fastrtps_c.c
[1.594s] -- Up-to-date: /home/GTL/mgaddam/CS7630/ros2_ws/install/wpa_cli_msgs/local/lib/python3.10/dist-packages/wpa_cli_msgs/__init__.py
[1.594s] -- Up-to-date: /home/GTL/mgaddam/CS7630/ros2_ws/install/wpa_cli_msgs/local/lib/python3.10/dist-packages/wpa_cli_msgs/wpa_cli_msgs_s__rosidl_typesupport_c.cpython-310-x86_64-linux-gnu.so
[1.623s] Listing '/home/GTL/mgaddam/CS7630/ros2_ws/install/wpa_cli_msgs/local/lib/python3.10/dist-packages/wpa_cli_msgs'...
[1.624s] Listing '/home/GTL/mgaddam/CS7630/ros2_ws/install/wpa_cli_msgs/local/lib/python3.10/dist-packages/wpa_cli_msgs/msg'...
[1.630s] -- Up-to-date: /home/GTL/mgaddam/CS7630/ros2_ws/install/wpa_cli_msgs/local/lib/python3.10/dist-packages/wpa_cli_msgs/wpa_cli_msgs_s__rosidl_typesupport_fastrtps_c.cpython-310-x86_64-linux-gnu.so
[1.633s] -- Up-to-date: /home/GTL/mgaddam/CS7630/ros2_ws/install/wpa_cli_msgs/local/lib/python3.10/dist-packages/wpa_cli_msgs/wpa_cli_msgs_s__rosidl_typesupport_introspection_c.cpython-310-x86_64-linux-gnu.so
[1.637s] -- Up-to-date: /home/GTL/mgaddam/CS7630/ros2_ws/install/wpa_cli_msgs/local/lib/python3.10/dist-packages/wpa_cli_msgs/wpa_cli_msgs_s__rosidl_typesupport_c.cpython-310-x86_64-linux-gnu.so
[1.640s] -- Up-to-date: /home/GTL/mgaddam/CS7630/ros2_ws/install/wpa_cli_msgs/lib/libwpa_cli_msgs__rosidl_generator_py.so
[1.643s] -- Up-to-date: /home/GTL/mgaddam/CS7630/ros2_ws/install/wpa_cli_msgs/share/wpa_cli_msgs/msg/Network.idl
[1.644s] -- Up-to-date: /home/GTL/mgaddam/CS7630/ros2_ws/install/wpa_cli_msgs/share/wpa_cli_msgs/msg/Scan.idl
[1.644s] -- Up-to-date: /home/GTL/mgaddam/CS7630/ros2_ws/install/wpa_cli_msgs/share/wpa_cli_msgs/msg/Network.msg
[1.645s] -- Up-to-date: /home/GTL/mgaddam/CS7630/ros2_ws/install/wpa_cli_msgs/share/wpa_cli_msgs/msg/Scan.msg
[1.646s] -- Up-to-date: /home/GTL/mgaddam/CS7630/ros2_ws/install/wpa_cli_msgs/share/ament_index/resource_index/package_run_dependencies/wpa_cli_msgs
[1.647s] -- Up-to-date: /home/GTL/mgaddam/CS7630/ros2_ws/install/wpa_cli_msgs/share/ament_index/resource_index/parent_prefix_path/wpa_cli_msgs
[1.648s] -- Up-to-date: /home/GTL/mgaddam/CS7630/ros2_ws/install/wpa_cli_msgs/share/wpa_cli_msgs/environment/ament_prefix_path.sh
[1.649s] -- Up-to-date: /home/GTL/mgaddam/CS7630/ros2_ws/install/wpa_cli_msgs/share/wpa_cli_msgs/environment/ament_prefix_path.dsv
[1.650s] -- Up-to-date: /home/GTL/mgaddam/CS7630/ros2_ws/install/wpa_cli_msgs/share/wpa_cli_msgs/environment/path.sh
[1.651s] -- Up-to-date: /home/GTL/mgaddam/CS7630/ros2_ws/install/wpa_cli_msgs/share/wpa_cli_msgs/environment/path.dsv
[1.651s] -- Up-to-date: /home/GTL/mgaddam/CS7630/ros2_ws/install/wpa_cli_msgs/share/wpa_cli_msgs/local_setup.bash
[1.652s] -- Up-to-date: /home/GTL/mgaddam/CS7630/ros2_ws/install/wpa_cli_msgs/share/wpa_cli_msgs/local_setup.sh
[1.653s] -- Up-to-date: /home/GTL/mgaddam/CS7630/ros2_ws/install/wpa_cli_msgs/share/wpa_cli_msgs/local_setup.zsh
[1.653s] -- Up-to-date: /home/GTL/mgaddam/CS7630/ros2_ws/install/wpa_cli_msgs/share/wpa_cli_msgs/local_setup.dsv
[1.654s] -- Installing: /home/GTL/mgaddam/CS7630/ros2_ws/install/wpa_cli_msgs/share/wpa_cli_msgs/package.dsv
[1.658s] -- Up-to-date: /home/GTL/mgaddam/CS7630/ros2_ws/install/wpa_cli_msgs/share/ament_index/resource_index/packages/wpa_cli_msgs
[1.661s] -- Up-to-date: /home/GTL/mgaddam/CS7630/ros2_ws/install/wpa_cli_msgs/share/wpa_cli_msgs/cmake/export_wpa_cli_msgs__rosidl_generator_cExport.cmake
[1.662s] -- Up-to-date: /home/GTL/mgaddam/CS7630/ros2_ws/install/wpa_cli_msgs/share/wpa_cli_msgs/cmake/export_wpa_cli_msgs__rosidl_generator_cExport-noconfig.cmake
[1.664s] -- Up-to-date: /home/GTL/mgaddam/CS7630/ros2_ws/install/wpa_cli_msgs/share/wpa_cli_msgs/cmake/export_wpa_cli_msgs__rosidl_typesupport_fastrtps_cExport.cmake
[1.664s] -- Up-to-date: /home/GTL/mgaddam/CS7630/ros2_ws/install/wpa_cli_msgs/share/wpa_cli_msgs/cmake/export_wpa_cli_msgs__rosidl_typesupport_fastrtps_cExport-noconfig.cmake
[1.666s] -- Up-to-date: /home/GTL/mgaddam/CS7630/ros2_ws/install/wpa_cli_msgs/share/wpa_cli_msgs/cmake/export_wpa_cli_msgs__rosidl_generator_cppExport.cmake
[1.668s] -- Up-to-date: /home/GTL/mgaddam/CS7630/ros2_ws/install/wpa_cli_msgs/share/wpa_cli_msgs/cmake/export_wpa_cli_msgs__rosidl_typesupport_fastrtps_cppExport.cmake
[1.669s] -- Up-to-date: /home/GTL/mgaddam/CS7630/ros2_ws/install/wpa_cli_msgs/share/wpa_cli_msgs/cmake/export_wpa_cli_msgs__rosidl_typesupport_fastrtps_cppExport-noconfig.cmake
[1.671s] -- Up-to-date: /home/GTL/mgaddam/CS7630/ros2_ws/install/wpa_cli_msgs/share/wpa_cli_msgs/cmake/wpa_cli_msgs__rosidl_typesupport_introspection_cExport.cmake
[1.671s] -- Up-to-date: /home/GTL/mgaddam/CS7630/ros2_ws/install/wpa_cli_msgs/share/wpa_cli_msgs/cmake/wpa_cli_msgs__rosidl_typesupport_introspection_cExport-noconfig.cmake
[1.674s] -- Up-to-date: /home/GTL/mgaddam/CS7630/ros2_ws/install/wpa_cli_msgs/share/wpa_cli_msgs/cmake/wpa_cli_msgs__rosidl_typesupport_cExport.cmake
[1.675s] -- Up-to-date: /home/GTL/mgaddam/CS7630/ros2_ws/install/wpa_cli_msgs/share/wpa_cli_msgs/cmake/wpa_cli_msgs__rosidl_typesupport_cExport-noconfig.cmake
[1.676s] -- Up-to-date: /home/GTL/mgaddam/CS7630/ros2_ws/install/wpa_cli_msgs/share/wpa_cli_msgs/cmake/wpa_cli_msgs__rosidl_typesupport_introspection_cppExport.cmake
[1.677s] -- Up-to-date: /home/GTL/mgaddam/CS7630/ros2_ws/install/wpa_cli_msgs/share/wpa_cli_msgs/cmake/wpa_cli_msgs__rosidl_typesupport_introspection_cppExport-noconfig.cmake
[1.679s] -- Up-to-date: /home/GTL/mgaddam/CS7630/ros2_ws/install/wpa_cli_msgs/share/wpa_cli_msgs/cmake/wpa_cli_msgs__rosidl_typesupport_cppExport.cmake
[1.680s] -- Up-to-date: /home/GTL/mgaddam/CS7630/ros2_ws/install/wpa_cli_msgs/share/wpa_cli_msgs/cmake/wpa_cli_msgs__rosidl_typesupport_cppExport-noconfig.cmake
[1.681s] -- Up-to-date: /home/GTL/mgaddam/CS7630/ros2_ws/install/wpa_cli_msgs/share/wpa_cli_msgs/cmake/export_wpa_cli_msgs__rosidl_generator_pyExport.cmake
[1.682s] -- Up-to-date: /home/GTL/mgaddam/CS7630/ros2_ws/install/wpa_cli_msgs/share/wpa_cli_msgs/cmake/export_wpa_cli_msgs__rosidl_generator_pyExport-noconfig.cmake
[1.683s] -- Up-to-date: /home/GTL/mgaddam/CS7630/ros2_ws/install/wpa_cli_msgs/share/wpa_cli_msgs/cmake/rosidl_cmake-extras.cmake
[1.684s] -- Up-to-date: /home/GTL/mgaddam/CS7630/ros2_ws/install/wpa_cli_msgs/share/wpa_cli_msgs/cmake/ament_cmake_export_dependencies-extras.cmake
[1.684s] -- Up-to-date: /home/GTL/mgaddam/CS7630/ros2_ws/install/wpa_cli_msgs/share/wpa_cli_msgs/cmake/ament_cmake_export_include_directories-extras.cmake
[1.689s] -- Up-to-date: /home/GTL/mgaddam/CS7630/ros2_ws/install/wpa_cli_msgs/share/wpa_cli_msgs/cmake/ament_cmake_export_libraries-extras.cmake
[1.690s] -- Up-to-date: /home/GTL/mgaddam/CS7630/ros2_ws/install/wpa_cli_msgs/share/wpa_cli_msgs/cmake/ament_cmake_export_targets-extras.cmake
[1.690s] -- Up-to-date: /home/GTL/mgaddam/CS7630/ros2_ws/install/wpa_cli_msgs/share/wpa_cli_msgs/cmake/rosidl_cmake_export_typesupport_targets-extras.cmake
[1.690s] -- Up-to-date: /home/GTL/mgaddam/CS7630/ros2_ws/install/wpa_cli_msgs/share/wpa_cli_msgs/cmake/rosidl_cmake_export_typesupport_libraries-extras.cmake
[1.690s] -- Up-to-date: /home/GTL/mgaddam/CS7630/ros2_ws/install/wpa_cli_msgs/share/wpa_cli_msgs/cmake/wpa_cli_msgsConfig.cmake
[1.690s] -- Up-to-date: /home/GTL/mgaddam/CS7630/ros2_ws/install/wpa_cli_msgs/share/wpa_cli_msgs/cmake/wpa_cli_msgsConfig-version.cmake
[1.690s] -- Up-to-date: /home/GTL/mgaddam/CS7630/ros2_ws/install/wpa_cli_msgs/share/wpa_cli_msgs/package.xml
[1.860s] Invoked command in '/home/GTL/mgaddam/CS7630/ros2_ws/build/wpa_cli_msgs' returned '0': CMAKE_PREFIX_PATH=/opt/ros/humble /usr/bin/cmake --install /home/GTL/mgaddam/CS7630/ros2_ws/build/wpa_cli_msgs
