[0.666s] Invoking command in '/home/GTL/mgaddam/CS7630/ros2_ws/src/build/cs7630_msgs': CMAKE_PREFIX_PATH=${CMAKE_PREFIX_PATH}:/home/GTL/mgaddam/CS7630/ros2_ws/src/install/vrep_ros_teleop:/home/GTL/mgaddam/CS7630/ros2_ws/src/install/task_manager_client_py:/home/GTL/mgaddam/CS7630/ros2_ws/src/install/ar_slam_base:/home/GTL/mgaddam/CS7630/ros2_ws/src/install/ar_loc_base:/home/GTL/mgaddam/CS7630/ros2_ws/src/install/rover_driver_base:/home/GTL/mgaddam/CS7630/ros2_ws/src/install/keyboard_teleop:/home/GTL/mgaddam/CS7630/ros2_ws/src/install/face_detect_base:/home/GTL/mgaddam/CS7630/ros2_ws/src/install/button_server:/home/GTL/mgaddam/CS7630/ros2_ws/src/install/ar_mapping_base:/opt/ros/humble /usr/bin/cmake --build /home/GTL/mgaddam/CS7630/ros2_ws/src/build/cs7630_msgs -- -j16 -l16
[1.888s] [  3%] Built target cs7630_msgs__cpp
[1.888s] [ 12%] Built target cs7630_msgs__rosidl_generator_c
[1.888s] [ 38%] Built target cs7630_msgs__rosidl_typesupport_introspection_cpp
[1.888s] [ 41%] Built target cs7630_msgs__rosidl_typesupport_cpp
[1.889s] [ 41%] Built target cs7630_msgs__rosidl_typesupport_fastrtps_cpp
[1.889s] [ 58%] Built target ament_cmake_python_copy_cs7630_msgs
[1.889s] [ 67%] Built target cs7630_msgs__rosidl_typesupport_c
[1.889s] [ 70%] Built target cs7630_msgs__rosidl_typesupport_introspection_c
[1.889s] [ 70%] Built target cs7630_msgs__rosidl_typesupport_fastrtps_c
[1.889s] [ 70%] Built target cs7630_msgs
[1.889s] [ 74%] Built target cs7630_msgs__py
[1.889s] [ 80%] Built target cs7630_msgs__rosidl_generator_py
[1.889s] [100%] Built target cs7630_msgs__rosidl_typesupport_fastrtps_c__pyext
[1.889s] [100%] Built target cs7630_msgs__rosidl_typesupport_introspection_c__pyext
[1.889s] [100%] Built target cs7630_msgs__rosidl_typesupport_c__pyext
[1.889s] running egg_info
[1.889s] writing cs7630_msgs.egg-info/PKG-INFO
[1.889s] writing dependency_links to cs7630_msgs.egg-info/dependency_links.txt
[1.889s] writing top-level names to cs7630_msgs.egg-info/top_level.txt
[1.889s] reading manifest file 'cs7630_msgs.egg-info/SOURCES.txt'
[1.889s] writing manifest file 'cs7630_msgs.egg-info/SOURCES.txt'
[1.889s] [100%] Built target ament_cmake_python_build_cs7630_msgs_egg
[1.889s] Invoked command in '/home/GTL/mgaddam/CS7630/ros2_ws/src/build/cs7630_msgs' returned '0': CMAKE_PREFIX_PATH=${CMAKE_PREFIX_PATH}:/home/GTL/mgaddam/CS7630/ros2_ws/src/install/vrep_ros_teleop:/home/GTL/mgaddam/CS7630/ros2_ws/src/install/task_manager_client_py:/home/GTL/mgaddam/CS7630/ros2_ws/src/install/ar_slam_base:/home/GTL/mgaddam/CS7630/ros2_ws/src/install/ar_loc_base:/home/GTL/mgaddam/CS7630/ros2_ws/src/install/rover_driver_base:/home/GTL/mgaddam/CS7630/ros2_ws/src/install/keyboard_teleop:/home/GTL/mgaddam/CS7630/ros2_ws/src/install/face_detect_base:/home/GTL/mgaddam/CS7630/ros2_ws/src/install/button_server:/home/GTL/mgaddam/CS7630/ros2_ws/src/install/ar_mapping_base:/opt/ros/humble /usr/bin/cmake --build /home/GTL/mgaddam/CS7630/ros2_ws/src/build/cs7630_msgs -- -j16 -l16
[2.226s] Invoking command in '/home/GTL/mgaddam/CS7630/ros2_ws/src/build/cs7630_msgs': CMAKE_PREFIX_PATH=${CMAKE_PREFIX_PATH}:/home/GTL/mgaddam/CS7630/ros2_ws/src/install/vrep_ros_teleop:/home/GTL/mgaddam/CS7630/ros2_ws/src/install/task_manager_client_py:/home/GTL/mgaddam/CS7630/ros2_ws/src/install/ar_slam_base:/home/GTL/mgaddam/CS7630/ros2_ws/src/install/ar_loc_base:/home/GTL/mgaddam/CS7630/ros2_ws/src/install/rover_driver_base:/home/GTL/mgaddam/CS7630/ros2_ws/src/install/keyboard_teleop:/home/GTL/mgaddam/CS7630/ros2_ws/src/install/face_detect_base:/home/GTL/mgaddam/CS7630/ros2_ws/src/install/button_server:/home/GTL/mgaddam/CS7630/ros2_ws/src/install/ar_mapping_base:/opt/ros/humble /usr/bin/cmake --install /home/GTL/mgaddam/CS7630/ros2_ws/src/build/cs7630_msgs
[2.242s] -- Install configuration: ""
[2.242s] -- Up-to-date: /home/GTL/mgaddam/CS7630/ros2_ws/src/install/cs7630_msgs/share/ament_index/resource_index/rosidl_interfaces/cs7630_msgs
[2.242s] -- Up-to-date: /home/GTL/mgaddam/CS7630/ros2_ws/src/install/cs7630_msgs/include/cs7630_msgs/cs7630_msgs
[2.242s] -- Up-to-date: /home/GTL/mgaddam/CS7630/ros2_ws/src/install/cs7630_msgs/include/cs7630_msgs/cs7630_msgs/msg
[2.243s] -- Up-to-date: /home/GTL/mgaddam/CS7630/ros2_ws/src/install/cs7630_msgs/include/cs7630_msgs/cs7630_msgs/msg/region_of_interest_array.h
[2.243s] -- Up-to-date: /home/GTL/mgaddam/CS7630/ros2_ws/src/install/cs7630_msgs/include/cs7630_msgs/cs7630_msgs/msg/detail
[2.243s] -- Up-to-date: /home/GTL/mgaddam/CS7630/ros2_ws/src/install/cs7630_msgs/include/cs7630_msgs/cs7630_msgs/msg/detail/region_of_interest_array__struct.h
[2.243s] -- Up-to-date: /home/GTL/mgaddam/CS7630/ros2_ws/src/install/cs7630_msgs/include/cs7630_msgs/cs7630_msgs/msg/detail/region_of_interest_array__functions.h
[2.243s] -- Up-to-date: /home/GTL/mgaddam/CS7630/ros2_ws/src/install/cs7630_msgs/include/cs7630_msgs/cs7630_msgs/msg/detail/region_of_interest_array__functions.c
[2.244s] -- Up-to-date: /home/GTL/mgaddam/CS7630/ros2_ws/src/install/cs7630_msgs/include/cs7630_msgs/cs7630_msgs/msg/detail/region_of_interest_array__type_support.h
[2.244s] -- Up-to-date: /home/GTL/mgaddam/CS7630/ros2_ws/src/install/cs7630_msgs/include/cs7630_msgs/cs7630_msgs/msg/rosidl_generator_c__visibility_control.h
[2.244s] -- Up-to-date: /home/GTL/mgaddam/CS7630/ros2_ws/src/install/cs7630_msgs/share/cs7630_msgs/environment/library_path.sh
[2.244s] -- Up-to-date: /home/GTL/mgaddam/CS7630/ros2_ws/src/install/cs7630_msgs/share/cs7630_msgs/environment/library_path.dsv
[2.245s] -- Up-to-date: /home/GTL/mgaddam/CS7630/ros2_ws/src/install/cs7630_msgs/lib/libcs7630_msgs__rosidl_generator_c.so
[2.247s] -- Up-to-date: /home/GTL/mgaddam/CS7630/ros2_ws/src/install/cs7630_msgs/include/cs7630_msgs/cs7630_msgs
[2.248s] -- Up-to-date: /home/GTL/mgaddam/CS7630/ros2_ws/src/install/cs7630_msgs/include/cs7630_msgs/cs7630_msgs/msg
[2.249s] -- Up-to-date: /home/GTL/mgaddam/CS7630/ros2_ws/src/install/cs7630_msgs/include/cs7630_msgs/cs7630_msgs/msg/detail
[2.251s] -- Up-to-date: /home/GTL/mgaddam/CS7630/ros2_ws/src/install/cs7630_msgs/include/cs7630_msgs/cs7630_msgs/msg/detail/region_of_interest_array__rosidl_typesupport_fastrtps_c.h
[2.251s] -- Up-to-date: /home/GTL/mgaddam/CS7630/ros2_ws/src/install/cs7630_msgs/include/cs7630_msgs/cs7630_msgs/msg/rosidl_typesupport_fastrtps_c__visibility_control.h
[2.253s] -- Up-to-date: /home/GTL/mgaddam/CS7630/ros2_ws/src/install/cs7630_msgs/lib/libcs7630_msgs__rosidl_typesupport_fastrtps_c.so
[2.254s] -- Up-to-date: /home/GTL/mgaddam/CS7630/ros2_ws/src/install/cs7630_msgs/include/cs7630_msgs/cs7630_msgs
[2.255s] -- Up-to-date: /home/GTL/mgaddam/CS7630/ros2_ws/src/install/cs7630_msgs/include/cs7630_msgs/cs7630_msgs/msg
[2.257s] -- Up-to-date: /home/GTL/mgaddam/CS7630/ros2_ws/src/install/cs7630_msgs/include/cs7630_msgs/cs7630_msgs/msg/detail
[2.258s] -- Up-to-date: /home/GTL/mgaddam/CS7630/ros2_ws/src/install/cs7630_msgs/include/cs7630_msgs/cs7630_msgs/msg/detail/region_of_interest_array__type_support.c
[2.258s] -- Up-to-date: /home/GTL/mgaddam/CS7630/ros2_ws/src/install/cs7630_msgs/include/cs7630_msgs/cs7630_msgs/msg/detail/region_of_interest_array__rosidl_typesupport_introspection_c.h
[2.258s] -- Up-to-date: /home/GTL/mgaddam/CS7630/ros2_ws/src/install/cs7630_msgs/include/cs7630_msgs/cs7630_msgs/msg/rosidl_typesupport_introspection_c__visibility_control.h
[2.261s] -- Up-to-date: /home/GTL/mgaddam/CS7630/ros2_ws/src/install/cs7630_msgs/lib/libcs7630_msgs__rosidl_typesupport_introspection_c.so
[2.263s] -- Up-to-date: /home/GTL/mgaddam/CS7630/ros2_ws/src/install/cs7630_msgs/lib/libcs7630_msgs__rosidl_typesupport_c.so
[2.264s] -- Up-to-date: /home/GTL/mgaddam/CS7630/ros2_ws/src/install/cs7630_msgs/include/cs7630_msgs/cs7630_msgs
[2.265s] -- Up-to-date: /home/GTL/mgaddam/CS7630/ros2_ws/src/install/cs7630_msgs/include/cs7630_msgs/cs7630_msgs/msg
[2.266s] -- Up-to-date: /home/GTL/mgaddam/CS7630/ros2_ws/src/install/cs7630_msgs/include/cs7630_msgs/cs7630_msgs/msg/detail
[2.267s] -- Up-to-date: /home/GTL/mgaddam/CS7630/ros2_ws/src/install/cs7630_msgs/include/cs7630_msgs/cs7630_msgs/msg/detail/region_of_interest_array__builder.hpp
[2.268s] -- Up-to-date: /home/GTL/mgaddam/CS7630/ros2_ws/src/install/cs7630_msgs/include/cs7630_msgs/cs7630_msgs/msg/detail/region_of_interest_array__traits.hpp
[2.268s] -- Up-to-date: /home/GTL/mgaddam/CS7630/ros2_ws/src/install/cs7630_msgs/include/cs7630_msgs/cs7630_msgs/msg/detail/region_of_interest_array__struct.hpp
[2.269s] -- Up-to-date: /home/GTL/mgaddam/CS7630/ros2_ws/src/install/cs7630_msgs/include/cs7630_msgs/cs7630_msgs/msg/region_of_interest_array.hpp
[2.269s] -- Up-to-date: /home/GTL/mgaddam/CS7630/ros2_ws/src/install/cs7630_msgs/include/cs7630_msgs/cs7630_msgs
[2.270s] -- Up-to-date: /home/GTL/mgaddam/CS7630/ros2_ws/src/install/cs7630_msgs/include/cs7630_msgs/cs7630_msgs/msg
[2.271s] -- Up-to-date: /home/GTL/mgaddam/CS7630/ros2_ws/src/install/cs7630_msgs/include/cs7630_msgs/cs7630_msgs/msg/detail
[2.272s] -- Up-to-date: /home/GTL/mgaddam/CS7630/ros2_ws/src/install/cs7630_msgs/include/cs7630_msgs/cs7630_msgs/msg/detail/region_of_interest_array__rosidl_typesupport_fastrtps_cpp.hpp
[2.272s] -- Up-to-date: /home/GTL/mgaddam/CS7630/ros2_ws/src/install/cs7630_msgs/include/cs7630_msgs/cs7630_msgs/msg/detail/dds_fastrtps
[2.273s] -- Up-to-date: /home/GTL/mgaddam/CS7630/ros2_ws/src/install/cs7630_msgs/include/cs7630_msgs/cs7630_msgs/msg/rosidl_typesupport_fastrtps_cpp__visibility_control.h
[2.277s] -- Up-to-date: /home/GTL/mgaddam/CS7630/ros2_ws/src/install/cs7630_msgs/lib/libcs7630_msgs__rosidl_typesupport_fastrtps_cpp.so
[2.278s] -- Up-to-date: /home/GTL/mgaddam/CS7630/ros2_ws/src/install/cs7630_msgs/include/cs7630_msgs/cs7630_msgs
[2.279s] -- Up-to-date: /home/GTL/mgaddam/CS7630/ros2_ws/src/install/cs7630_msgs/include/cs7630_msgs/cs7630_msgs/msg
[2.279s] -- Up-to-date: /home/GTL/mgaddam/CS7630/ros2_ws/src/install/cs7630_msgs/include/cs7630_msgs/cs7630_msgs/msg/detail
[2.280s] -- Up-to-date: /home/GTL/mgaddam/CS7630/ros2_ws/src/install/cs7630_msgs/include/cs7630_msgs/cs7630_msgs/msg/detail/region_of_interest_array__rosidl_typesupport_introspection_cpp.hpp
[2.281s] -- Up-to-date: /home/GTL/mgaddam/CS7630/ros2_ws/src/install/cs7630_msgs/include/cs7630_msgs/cs7630_msgs/msg/detail/region_of_interest_array__type_support.cpp
[2.284s] -- Up-to-date: /home/GTL/mgaddam/CS7630/ros2_ws/src/install/cs7630_msgs/lib/libcs7630_msgs__rosidl_typesupport_introspection_cpp.so
[2.286s] -- Up-to-date: /home/GTL/mgaddam/CS7630/ros2_ws/src/install/cs7630_msgs/lib/libcs7630_msgs__rosidl_typesupport_cpp.so
[2.287s] -- Up-to-date: /home/GTL/mgaddam/CS7630/ros2_ws/src/install/cs7630_msgs/share/cs7630_msgs/environment/pythonpath.sh
[2.287s] -- Up-to-date: /home/GTL/mgaddam/CS7630/ros2_ws/src/install/cs7630_msgs/share/cs7630_msgs/environment/pythonpath.dsv
[2.288s] -- Up-to-date: /home/GTL/mgaddam/CS7630/ros2_ws/src/install/cs7630_msgs/local/lib/python3.10/dist-packages/cs7630_msgs-0.0.0-py3.10.egg-info
[2.289s] -- Installing: /home/GTL/mgaddam/CS7630/ros2_ws/src/install/cs7630_msgs/local/lib/python3.10/dist-packages/cs7630_msgs-0.0.0-py3.10.egg-info/dependency_links.txt
[2.292s] -- Installing: /home/GTL/mgaddam/CS7630/ros2_ws/src/install/cs7630_msgs/local/lib/python3.10/dist-packages/cs7630_msgs-0.0.0-py3.10.egg-info/top_level.txt
[2.296s] -- Installing: /home/GTL/mgaddam/CS7630/ros2_ws/src/install/cs7630_msgs/local/lib/python3.10/dist-packages/cs7630_msgs-0.0.0-py3.10.egg-info/PKG-INFO
[2.300s] -- Installing: /home/GTL/mgaddam/CS7630/ros2_ws/src/install/cs7630_msgs/local/lib/python3.10/dist-packages/cs7630_msgs-0.0.0-py3.10.egg-info/SOURCES.txt
[2.304s] -- Up-to-date: /home/GTL/mgaddam/CS7630/ros2_ws/src/install/cs7630_msgs/local/lib/python3.10/dist-packages/cs7630_msgs
[2.305s] -- Up-to-date: /home/GTL/mgaddam/CS7630/ros2_ws/src/install/cs7630_msgs/local/lib/python3.10/dist-packages/cs7630_msgs/msg
[2.306s] -- Up-to-date: /home/GTL/mgaddam/CS7630/ros2_ws/src/install/cs7630_msgs/local/lib/python3.10/dist-packages/cs7630_msgs/msg/_region_of_interest_array_s.c
[2.307s] -- Up-to-date: /home/GTL/mgaddam/CS7630/ros2_ws/src/install/cs7630_msgs/local/lib/python3.10/dist-packages/cs7630_msgs/msg/_region_of_interest_array.py
[2.307s] -- Up-to-date: /home/GTL/mgaddam/CS7630/ros2_ws/src/install/cs7630_msgs/local/lib/python3.10/dist-packages/cs7630_msgs/msg/__init__.py
[2.308s] -- Up-to-date: /home/GTL/mgaddam/CS7630/ros2_ws/src/install/cs7630_msgs/local/lib/python3.10/dist-packages/cs7630_msgs/cs7630_msgs_s__rosidl_typesupport_c.cpython-310-x86_64-linux-gnu.so
[2.308s] -- Up-to-date: /home/GTL/mgaddam/CS7630/ros2_ws/src/install/cs7630_msgs/local/lib/python3.10/dist-packages/cs7630_msgs/libcs7630_msgs__rosidl_generator_py.so
[2.309s] -- Up-to-date: /home/GTL/mgaddam/CS7630/ros2_ws/src/install/cs7630_msgs/local/lib/python3.10/dist-packages/cs7630_msgs/cs7630_msgs_s__rosidl_typesupport_fastrtps_c.cpython-310-x86_64-linux-gnu.so
[2.309s] -- Up-to-date: /home/GTL/mgaddam/CS7630/ros2_ws/src/install/cs7630_msgs/local/lib/python3.10/dist-packages/cs7630_msgs/_cs7630_msgs_s.ep.rosidl_typesupport_c.c
[2.309s] -- Up-to-date: /home/GTL/mgaddam/CS7630/ros2_ws/src/install/cs7630_msgs/local/lib/python3.10/dist-packages/cs7630_msgs/cs7630_msgs_s__rosidl_typesupport_introspection_c.cpython-310-x86_64-linux-gnu.so
[2.310s] -- Up-to-date: /home/GTL/mgaddam/CS7630/ros2_ws/src/install/cs7630_msgs/local/lib/python3.10/dist-packages/cs7630_msgs/_cs7630_msgs_s.ep.rosidl_typesupport_fastrtps_c.c
[2.310s] -- Up-to-date: /home/GTL/mgaddam/CS7630/ros2_ws/src/install/cs7630_msgs/local/lib/python3.10/dist-packages/cs7630_msgs/__init__.py
[2.311s] -- Up-to-date: /home/GTL/mgaddam/CS7630/ros2_ws/src/install/cs7630_msgs/local/lib/python3.10/dist-packages/cs7630_msgs/_cs7630_msgs_s.ep.rosidl_typesupport_introspection_c.c
[2.345s] Listing '/home/GTL/mgaddam/CS7630/ros2_ws/src/install/cs7630_msgs/local/lib/python3.10/dist-packages/cs7630_msgs'...
[2.345s] Listing '/home/GTL/mgaddam/CS7630/ros2_ws/src/install/cs7630_msgs/local/lib/python3.10/dist-packages/cs7630_msgs/msg'...
[2.350s] -- Up-to-date: /home/GTL/mgaddam/CS7630/ros2_ws/src/install/cs7630_msgs/local/lib/python3.10/dist-packages/cs7630_msgs/cs7630_msgs_s__rosidl_typesupport_fastrtps_c.cpython-310-x86_64-linux-gnu.so
[2.353s] -- Up-to-date: /home/GTL/mgaddam/CS7630/ros2_ws/src/install/cs7630_msgs/local/lib/python3.10/dist-packages/cs7630_msgs/cs7630_msgs_s__rosidl_typesupport_introspection_c.cpython-310-x86_64-linux-gnu.so
[2.356s] -- Up-to-date: /home/GTL/mgaddam/CS7630/ros2_ws/src/install/cs7630_msgs/local/lib/python3.10/dist-packages/cs7630_msgs/cs7630_msgs_s__rosidl_typesupport_c.cpython-310-x86_64-linux-gnu.so
[2.358s] -- Up-to-date: /home/GTL/mgaddam/CS7630/ros2_ws/src/install/cs7630_msgs/lib/libcs7630_msgs__rosidl_generator_py.so
[2.360s] -- Up-to-date: /home/GTL/mgaddam/CS7630/ros2_ws/src/install/cs7630_msgs/share/cs7630_msgs/msg/RegionOfInterestArray.idl
[2.361s] -- Up-to-date: /home/GTL/mgaddam/CS7630/ros2_ws/src/install/cs7630_msgs/share/cs7630_msgs/msg/RegionOfInterestArray.msg
[2.361s] -- Up-to-date: /home/GTL/mgaddam/CS7630/ros2_ws/src/install/cs7630_msgs/share/ament_index/resource_index/package_run_dependencies/cs7630_msgs
[2.362s] -- Up-to-date: /home/GTL/mgaddam/CS7630/ros2_ws/src/install/cs7630_msgs/share/ament_index/resource_index/parent_prefix_path/cs7630_msgs
[2.362s] -- Up-to-date: /home/GTL/mgaddam/CS7630/ros2_ws/src/install/cs7630_msgs/share/cs7630_msgs/environment/ament_prefix_path.sh
[2.363s] -- Up-to-date: /home/GTL/mgaddam/CS7630/ros2_ws/src/install/cs7630_msgs/share/cs7630_msgs/environment/ament_prefix_path.dsv
[2.363s] -- Up-to-date: /home/GTL/mgaddam/CS7630/ros2_ws/src/install/cs7630_msgs/share/cs7630_msgs/environment/path.sh
[2.364s] -- Up-to-date: /home/GTL/mgaddam/CS7630/ros2_ws/src/install/cs7630_msgs/share/cs7630_msgs/environment/path.dsv
[2.365s] -- Up-to-date: /home/GTL/mgaddam/CS7630/ros2_ws/src/install/cs7630_msgs/share/cs7630_msgs/local_setup.bash
[2.365s] -- Up-to-date: /home/GTL/mgaddam/CS7630/ros2_ws/src/install/cs7630_msgs/share/cs7630_msgs/local_setup.sh
[2.366s] -- Up-to-date: /home/GTL/mgaddam/CS7630/ros2_ws/src/install/cs7630_msgs/share/cs7630_msgs/local_setup.zsh
[2.367s] -- Up-to-date: /home/GTL/mgaddam/CS7630/ros2_ws/src/install/cs7630_msgs/share/cs7630_msgs/local_setup.dsv
[2.368s] -- Installing: /home/GTL/mgaddam/CS7630/ros2_ws/src/install/cs7630_msgs/share/cs7630_msgs/package.dsv
[2.379s] -- Up-to-date: /home/GTL/mgaddam/CS7630/ros2_ws/src/install/cs7630_msgs/share/ament_index/resource_index/packages/cs7630_msgs
[2.380s] -- Up-to-date: /home/GTL/mgaddam/CS7630/ros2_ws/src/install/cs7630_msgs/share/cs7630_msgs/cmake/export_cs7630_msgs__rosidl_generator_cExport.cmake
[2.380s] -- Up-to-date: /home/GTL/mgaddam/CS7630/ros2_ws/src/install/cs7630_msgs/share/cs7630_msgs/cmake/export_cs7630_msgs__rosidl_generator_cExport-noconfig.cmake
[2.383s] -- Up-to-date: /home/GTL/mgaddam/CS7630/ros2_ws/src/install/cs7630_msgs/share/cs7630_msgs/cmake/export_cs7630_msgs__rosidl_typesupport_fastrtps_cExport.cmake
[2.384s] -- Up-to-date: /home/GTL/mgaddam/CS7630/ros2_ws/src/install/cs7630_msgs/share/cs7630_msgs/cmake/export_cs7630_msgs__rosidl_typesupport_fastrtps_cExport-noconfig.cmake
[2.386s] -- Up-to-date: /home/GTL/mgaddam/CS7630/ros2_ws/src/install/cs7630_msgs/share/cs7630_msgs/cmake/cs7630_msgs__rosidl_typesupport_introspection_cExport.cmake
[2.387s] -- Up-to-date: /home/GTL/mgaddam/CS7630/ros2_ws/src/install/cs7630_msgs/share/cs7630_msgs/cmake/cs7630_msgs__rosidl_typesupport_introspection_cExport-noconfig.cmake
[2.390s] -- Up-to-date: /home/GTL/mgaddam/CS7630/ros2_ws/src/install/cs7630_msgs/share/cs7630_msgs/cmake/cs7630_msgs__rosidl_typesupport_cExport.cmake
[2.391s] -- Up-to-date: /home/GTL/mgaddam/CS7630/ros2_ws/src/install/cs7630_msgs/share/cs7630_msgs/cmake/cs7630_msgs__rosidl_typesupport_cExport-noconfig.cmake
[2.394s] -- Up-to-date: /home/GTL/mgaddam/CS7630/ros2_ws/src/install/cs7630_msgs/share/cs7630_msgs/cmake/export_cs7630_msgs__rosidl_generator_cppExport.cmake
[2.396s] -- Up-to-date: /home/GTL/mgaddam/CS7630/ros2_ws/src/install/cs7630_msgs/share/cs7630_msgs/cmake/export_cs7630_msgs__rosidl_typesupport_fastrtps_cppExport.cmake
[2.397s] -- Up-to-date: /home/GTL/mgaddam/CS7630/ros2_ws/src/install/cs7630_msgs/share/cs7630_msgs/cmake/export_cs7630_msgs__rosidl_typesupport_fastrtps_cppExport-noconfig.cmake
[2.400s] -- Up-to-date: /home/GTL/mgaddam/CS7630/ros2_ws/src/install/cs7630_msgs/share/cs7630_msgs/cmake/cs7630_msgs__rosidl_typesupport_introspection_cppExport.cmake
[2.402s] -- Up-to-date: /home/GTL/mgaddam/CS7630/ros2_ws/src/install/cs7630_msgs/share/cs7630_msgs/cmake/cs7630_msgs__rosidl_typesupport_introspection_cppExport-noconfig.cmake
[2.405s] -- Up-to-date: /home/GTL/mgaddam/CS7630/ros2_ws/src/install/cs7630_msgs/share/cs7630_msgs/cmake/cs7630_msgs__rosidl_typesupport_cppExport.cmake
[2.406s] -- Up-to-date: /home/GTL/mgaddam/CS7630/ros2_ws/src/install/cs7630_msgs/share/cs7630_msgs/cmake/cs7630_msgs__rosidl_typesupport_cppExport-noconfig.cmake
[2.409s] -- Up-to-date: /home/GTL/mgaddam/CS7630/ros2_ws/src/install/cs7630_msgs/share/cs7630_msgs/cmake/export_cs7630_msgs__rosidl_generator_pyExport.cmake
[2.410s] -- Up-to-date: /home/GTL/mgaddam/CS7630/ros2_ws/src/install/cs7630_msgs/share/cs7630_msgs/cmake/export_cs7630_msgs__rosidl_generator_pyExport-noconfig.cmake
[2.411s] -- Up-to-date: /home/GTL/mgaddam/CS7630/ros2_ws/src/install/cs7630_msgs/share/cs7630_msgs/cmake/rosidl_cmake-extras.cmake
[2.411s] -- Up-to-date: /home/GTL/mgaddam/CS7630/ros2_ws/src/install/cs7630_msgs/share/cs7630_msgs/cmake/ament_cmake_export_dependencies-extras.cmake
[2.412s] -- Up-to-date: /home/GTL/mgaddam/CS7630/ros2_ws/src/install/cs7630_msgs/share/cs7630_msgs/cmake/ament_cmake_export_include_directories-extras.cmake
[2.413s] -- Up-to-date: /home/GTL/mgaddam/CS7630/ros2_ws/src/install/cs7630_msgs/share/cs7630_msgs/cmake/ament_cmake_export_libraries-extras.cmake
[2.413s] -- Up-to-date: /home/GTL/mgaddam/CS7630/ros2_ws/src/install/cs7630_msgs/share/cs7630_msgs/cmake/ament_cmake_export_targets-extras.cmake
[2.414s] -- Up-to-date: /home/GTL/mgaddam/CS7630/ros2_ws/src/install/cs7630_msgs/share/cs7630_msgs/cmake/rosidl_cmake_export_typesupport_targets-extras.cmake
[2.414s] -- Up-to-date: /home/GTL/mgaddam/CS7630/ros2_ws/src/install/cs7630_msgs/share/cs7630_msgs/cmake/rosidl_cmake_export_typesupport_libraries-extras.cmake
[2.415s] -- Up-to-date: /home/GTL/mgaddam/CS7630/ros2_ws/src/install/cs7630_msgs/share/cs7630_msgs/cmake/cs7630_msgsConfig.cmake
[2.415s] -- Up-to-date: /home/GTL/mgaddam/CS7630/ros2_ws/src/install/cs7630_msgs/share/cs7630_msgs/cmake/cs7630_msgsConfig-version.cmake
[2.416s] -- Up-to-date: /home/GTL/mgaddam/CS7630/ros2_ws/src/install/cs7630_msgs/share/cs7630_msgs/package.xml
[2.592s] Invoked command in '/home/GTL/mgaddam/CS7630/ros2_ws/src/build/cs7630_msgs' returned '0': CMAKE_PREFIX_PATH=${CMAKE_PREFIX_PATH}:/home/GTL/mgaddam/CS7630/ros2_ws/src/install/vrep_ros_teleop:/home/GTL/mgaddam/CS7630/ros2_ws/src/install/task_manager_client_py:/home/GTL/mgaddam/CS7630/ros2_ws/src/install/ar_slam_base:/home/GTL/mgaddam/CS7630/ros2_ws/src/install/ar_loc_base:/home/GTL/mgaddam/CS7630/ros2_ws/src/install/rover_driver_base:/home/GTL/mgaddam/CS7630/ros2_ws/src/install/keyboard_teleop:/home/GTL/mgaddam/CS7630/ros2_ws/src/install/face_detect_base:/home/GTL/mgaddam/CS7630/ros2_ws/src/install/button_server:/home/GTL/mgaddam/CS7630/ros2_ws/src/install/ar_mapping_base:/opt/ros/humble /usr/bin/cmake --install /home/GTL/mgaddam/CS7630/ros2_ws/src/build/cs7630_msgs
