-- The C compiler identification is GNU 11.4.0
-- The CXX compiler identification is GNU 11.4.0
-- Detecting C compiler ABI info
-- Detecting C compiler ABI info - done
-- Check for working C compiler: /usr/bin/cc - skipped
-- Detecting C compile features
-- Detecting C compile features - done
-- Detecting CXX compiler ABI info
-- Detecting CXX compiler ABI info - done
-- Check for working CXX compiler: /usr/bin/c++ - skipped
-- Detecting CXX compile features
-- Detecting CXX compile features - done
-- Found ament_cmake: 1.3.8 (/opt/ros/humble/share/ament_cmake/cmake)
-- Found Python3: /usr/bin/python3 (found version "3.10.12") found components: Interpreter 
-- Found task_manager_msgs: 0.0.0 (/home/GTL/mgaddam/CS7630/ros2_ws/src/install/task_manager_msgs/share/task_manager_msgs/cmake)
-- Found rosidl_generator_c: 3.1.5 (/opt/ros/humble/share/rosidl_generator_c/cmake)
-- Found rosidl_adapter: 3.1.5 (/opt/ros/humble/share/rosidl_adapter/cmake)
-- Found rosidl_generator_cpp: 3.1.5 (/opt/ros/humble/share/rosidl_generator_cpp/cmake)
-- Using all available rosidl_typesupport_c: rosidl_typesupport_fastrtps_c;rosidl_typesupport_introspection_c
-- Using all available rosidl_typesupport_cpp: rosidl_typesupport_fastrtps_cpp;rosidl_typesupport_introspection_cpp
-- Found rmw_implementation_cmake: 6.1.1 (/opt/ros/humble/share/rmw_implementation_cmake/cmake)
-- Found rmw_cyclonedds_cpp: 1.3.4 (/opt/ros/humble/share/rmw_cyclonedds_cpp/cmake)
-- Using RMW implementation 'rmw_cyclonedds_cpp' as default
-- Looking for pthread.h
-- Looking for pthread.h - found
-- Performing Test CMAKE_HAVE_LIBC_PTHREAD
-- Performing Test CMAKE_HAVE_LIBC_PTHREAD - Success
-- Found Threads: TRUE  
-- Found task_manager_lib: 0.0.0 (/home/GTL/mgaddam/CS7630/ros2_ws/src/install/task_manager_lib/share/task_manager_lib/cmake)
-- Found ament_lint_auto: 0.12.10 (/opt/ros/humble/share/ament_lint_auto/cmake)
-- Added test 'copyright' to check source files copyright and LICENSE
-- Added test 'cppcheck' to perform static code analysis on C / C++ code
-- Configured cppcheck include dirs: /home/GTL/mgaddam/CS7630/ros2_ws/src/ros_task_manager/src/task_manager_sync/include
-- Configured cppcheck exclude dirs and/or files: 
-- Added test 'cpplint' to check C / C++ code against the Google style
-- Configured cpplint exclude dirs and/or files: 
-- Added test 'flake8' to check Python code syntax and style conventions
-- Added test 'lint_cmake' to check CMake code style
-- Added test 'pep257' to check Python code against some of the docstring style conventions in PEP 257
-- Added test 'uncrustify' to check C / C++ code style
-- Configured uncrustify additional arguments: 
-- Added test 'xmllint' to check XML markup files
-- Configuring done
-- Generating done
-- Build files have been written to: /home/GTL/mgaddam/CS7630/ros2_ws/src/build/task_manager_sync
[ 57%] [32mBuilding CXX object CMakeFiles/task_manager_sync_lib.dir/src/TaskServerSync.cpp.o[0m
[ 57%] [32mBuilding CXX object CMakeFiles/task_manager_sync_lib.dir/src/TaskEnvironmentSync.cpp.o[0m
[ 57%] [32mBuilding CXX object CMakeFiles/task_manager_sync_lib.dir/src/TaskSetStatusSync.cpp.o[0m
[ 57%] [32mBuilding CXX object CMakeFiles/task_manager_sync_lib.dir/src/TaskWaitForStatusSync.cpp.o[0m
[ 71%] [32m[1mLinking CXX shared library libtask_manager_sync_lib.so[0m
[ 71%] Built target task_manager_sync_lib
[ 85%] [32mBuilding CXX object CMakeFiles/test_server_sync.dir/src/task_server.cpp.o[0m
[100%] [32m[1mLinking CXX executable test_server_sync[0m
[100%] Built target test_server_sync
-- Install configuration: ""
-- Installing: /home/GTL/mgaddam/CS7630/ros2_ws/src/install/task_manager_sync/lib/libtask_manager_sync_lib.so
-- Set runtime path of "/home/GTL/mgaddam/CS7630/ros2_ws/src/install/task_manager_sync/lib/libtask_manager_sync_lib.so" to ""
-- Up-to-date: /home/GTL/mgaddam/CS7630/ros2_ws/src/install/task_manager_sync/include/task_manager_sync
-- Installing: /home/GTL/mgaddam/CS7630/ros2_ws/src/install/task_manager_sync/include/task_manager_sync/TaskWaitForStatusSync.h
-- Installing: /home/GTL/mgaddam/CS7630/ros2_ws/src/install/task_manager_sync/include/task_manager_sync/TaskEnvironmentSync.h
-- Installing: /home/GTL/mgaddam/CS7630/ros2_ws/src/install/task_manager_sync/include/task_manager_sync/TaskSetStatusSync.h
-- Installing: /home/GTL/mgaddam/CS7630/ros2_ws/src/install/task_manager_sync/include/task_manager_sync/TaskServerSync.h
-- Up-to-date: /home/GTL/mgaddam/CS7630/ros2_ws/src/install/task_manager_sync/share/task_manager_sync
-- Installing: /home/GTL/mgaddam/CS7630/ros2_ws/src/install/task_manager_sync/share/task_manager_sync/launch_server.launch
-- Installing: /home/GTL/mgaddam/CS7630/ros2_ws/src/install/task_manager_sync/share/task_manager_sync/environment/library_path.sh
-- Installing: /home/GTL/mgaddam/CS7630/ros2_ws/src/install/task_manager_sync/share/task_manager_sync/environment/library_path.dsv
-- Installing: /home/GTL/mgaddam/CS7630/ros2_ws/src/install/task_manager_sync/share/ament_index/resource_index/package_run_dependencies/task_manager_sync
-- Installing: /home/GTL/mgaddam/CS7630/ros2_ws/src/install/task_manager_sync/share/ament_index/resource_index/parent_prefix_path/task_manager_sync
-- Installing: /home/GTL/mgaddam/CS7630/ros2_ws/src/install/task_manager_sync/share/task_manager_sync/environment/ament_prefix_path.sh
-- Installing: /home/GTL/mgaddam/CS7630/ros2_ws/src/install/task_manager_sync/share/task_manager_sync/environment/ament_prefix_path.dsv
-- Installing: /home/GTL/mgaddam/CS7630/ros2_ws/src/install/task_manager_sync/share/task_manager_sync/environment/path.sh
-- Installing: /home/GTL/mgaddam/CS7630/ros2_ws/src/install/task_manager_sync/share/task_manager_sync/environment/path.dsv
-- Installing: /home/GTL/mgaddam/CS7630/ros2_ws/src/install/task_manager_sync/share/task_manager_sync/local_setup.bash
-- Installing: /home/GTL/mgaddam/CS7630/ros2_ws/src/install/task_manager_sync/share/task_manager_sync/local_setup.sh
-- Installing: /home/GTL/mgaddam/CS7630/ros2_ws/src/install/task_manager_sync/share/task_manager_sync/local_setup.zsh
-- Installing: /home/GTL/mgaddam/CS7630/ros2_ws/src/install/task_manager_sync/share/task_manager_sync/local_setup.dsv
-- Installing: /home/GTL/mgaddam/CS7630/ros2_ws/src/install/task_manager_sync/share/task_manager_sync/package.dsv
-- Installing: /home/GTL/mgaddam/CS7630/ros2_ws/src/install/task_manager_sync/share/ament_index/resource_index/packages/task_manager_sync
-- Installing: /home/GTL/mgaddam/CS7630/ros2_ws/src/install/task_manager_sync/share/task_manager_sync/cmake/ament_cmake_export_dependencies-extras.cmake
-- Installing: /home/GTL/mgaddam/CS7630/ros2_ws/src/install/task_manager_sync/share/task_manager_sync/cmake/ament_cmake_export_include_directories-extras.cmake
-- Installing: /home/GTL/mgaddam/CS7630/ros2_ws/src/install/task_manager_sync/share/task_manager_sync/cmake/ament_cmake_export_libraries-extras.cmake
-- Installing: /home/GTL/mgaddam/CS7630/ros2_ws/src/install/task_manager_sync/share/task_manager_sync/cmake/task_manager_syncConfig.cmake
-- Installing: /home/GTL/mgaddam/CS7630/ros2_ws/src/install/task_manager_sync/share/task_manager_sync/cmake/task_manager_syncConfig-version.cmake
-- Installing: /home/GTL/mgaddam/CS7630/ros2_ws/src/install/task_manager_sync/share/task_manager_sync/package.xml
