[0.088s] Invoking command in '/home/GTL/mgaddam/CS7630/ros2_ws/src/build/task_manager_sync': CMAKE_PREFIX_PATH=/home/GTL/mgaddam/CS7630/ros2_ws/src/install/task_manager_lib:/home/GTL/mgaddam/CS7630/ros2_ws/src/install/task_manager_msgs:/home/GTL/mgaddam/CS7630/ros2_ws/src/install/vrep4_helpers:/home/GTL/mgaddam/CS7630/ros2_ws/src/install/task_manager_sync:/home/GTL/mgaddam/CS7630/ros2_ws/src/install/floor_nav:/home/GTL/mgaddam/CS7630/ros2_ws/src/install/task_manager_nav2:/home/GTL/mgaddam/CS7630/ros2_ws/src/install/cs7630_msgs:/home/GTL/mgaddam/CS7630/ros2_ws/src/install/collision_avoidance_base:/home/GTL/mgaddam/CS7630/ros2_ws/src/install/vrep_ros_teleop:/home/GTL/mgaddam/CS7630/ros2_ws/src/install/task_manager_client_py:/home/GTL/mgaddam/CS7630/ros2_ws/src/install/ar_slam_base:/home/GTL/mgaddam/CS7630/ros2_ws/src/install/ar_loc_base:/home/GTL/mgaddam/CS7630/ros2_ws/src/install/rover_driver_base:/home/GTL/mgaddam/CS7630/ros2_ws/src/install/keyboard_teleop:/home/GTL/mgaddam/CS7630/ros2_ws/src/install/face_detect_base:/home/GTL/mgaddam/CS7630/ros2_ws/src/install/button_server:/home/GTL/mgaddam/CS7630/ros2_ws/src/install/ar_mapping_base:/opt/ros/humble LD_LIBRARY_PATH=/home/GTL/mgaddam/CS7630/ros2_ws/src/install/task_manager_lib/lib:/home/GTL/mgaddam/CS7630/ros2_ws/src/install/task_manager_msgs/lib:/home/GTL/mgaddam/CS7630/ros2_ws/src/install/task_manager_sync/lib:/home/GTL/mgaddam/CS7630/ros2_ws/src/install/cs7630_msgs/lib:/usr/lib/x86_64-linux-gnu/gazebo-11/plugins:/opt/ros/humble/opt/rviz_ogre_vendor/lib:/opt/ros/humble/lib/x86_64-linux-gnu:/opt/ros/humble/lib /usr/bin/cmake /home/GTL/mgaddam/CS7630/ros2_ws/src/ros_task_manager/src/task_manager_sync -DCMAKE_INSTALL_PREFIX=/home/GTL/mgaddam/CS7630/ros2_ws/src/install/task_manager_sync
[0.152s] -- The C compiler identification is GNU 11.4.0
[0.207s] -- The CXX compiler identification is GNU 11.4.0
[0.217s] -- Detecting C compiler ABI info
[0.376s] -- Detecting C compiler ABI info - done
[0.384s] -- Check for working C compiler: /usr/bin/cc - skipped
[0.384s] -- Detecting C compile features
[0.385s] -- Detecting C compile features - done
[0.392s] -- Detecting CXX compiler ABI info
[0.505s] -- Detecting CXX compiler ABI info - done
[0.513s] -- Check for working CXX compiler: /usr/bin/c++ - skipped
[0.513s] -- Detecting CXX compile features
[0.514s] -- Detecting CXX compile features - done
[0.557s] -- Found ament_cmake: 1.3.8 (/opt/ros/humble/share/ament_cmake/cmake)
[0.758s] -- Found Python3: /usr/bin/python3 (found version "3.10.12") found components: Interpreter 
[1.352s] -- Found task_manager_msgs: 0.0.0 (/home/GTL/mgaddam/CS7630/ros2_ws/src/install/task_manager_msgs/share/task_manager_msgs/cmake)
[1.769s] -- Found rosidl_generator_c: 3.1.5 (/opt/ros/humble/share/rosidl_generator_c/cmake)
[1.849s] -- Found rosidl_adapter: 3.1.5 (/opt/ros/humble/share/rosidl_adapter/cmake)
[1.932s] -- Found rosidl_generator_cpp: 3.1.5 (/opt/ros/humble/share/rosidl_generator_cpp/cmake)
[2.018s] -- Using all available rosidl_typesupport_c: rosidl_typesupport_fastrtps_c;rosidl_typesupport_introspection_c
[2.146s] -- Using all available rosidl_typesupport_cpp: rosidl_typesupport_fastrtps_cpp;rosidl_typesupport_introspection_cpp
[2.782s] -- Found rmw_implementation_cmake: 6.1.1 (/opt/ros/humble/share/rmw_implementation_cmake/cmake)
[2.823s] -- Found rmw_cyclonedds_cpp: 1.3.4 (/opt/ros/humble/share/rmw_cyclonedds_cpp/cmake)
[3.072s] -- Using RMW implementation 'rmw_cyclonedds_cpp' as default
[3.197s] -- Looking for pthread.h
[3.299s] -- Looking for pthread.h - found
[3.301s] -- Performing Test CMAKE_HAVE_LIBC_PTHREAD
[3.401s] -- Performing Test CMAKE_HAVE_LIBC_PTHREAD - Success
[3.402s] -- Found Threads: TRUE  
[3.624s] -- Found task_manager_lib: 0.0.0 (/home/GTL/mgaddam/CS7630/ros2_ws/src/install/task_manager_lib/share/task_manager_lib/cmake)
[4.036s] -- Found ament_lint_auto: 0.12.10 (/opt/ros/humble/share/ament_lint_auto/cmake)
[4.557s] -- Added test 'copyright' to check source files copyright and LICENSE
[4.577s] -- Added test 'cppcheck' to perform static code analysis on C / C++ code
[4.578s] -- Configured cppcheck include dirs: /home/GTL/mgaddam/CS7630/ros2_ws/src/ros_task_manager/src/task_manager_sync/include
[4.578s] -- Configured cppcheck exclude dirs and/or files: 
[4.590s] -- Added test 'cpplint' to check C / C++ code against the Google style
[4.590s] -- Configured cpplint exclude dirs and/or files: 
[4.592s] -- Added test 'flake8' to check Python code syntax and style conventions
[4.596s] -- Added test 'lint_cmake' to check CMake code style
[4.598s] -- Added test 'pep257' to check Python code against some of the docstring style conventions in PEP 257
[4.608s] -- Added test 'uncrustify' to check C / C++ code style
[4.608s] -- Configured uncrustify additional arguments: 
[4.610s] -- Added test 'xmllint' to check XML markup files
[4.650s] -- Configuring done
[4.871s] -- Generating done
[4.895s] -- Build files have been written to: /home/GTL/mgaddam/CS7630/ros2_ws/src/build/task_manager_sync
[4.902s] Invoked command in '/home/GTL/mgaddam/CS7630/ros2_ws/src/build/task_manager_sync' returned '0': CMAKE_PREFIX_PATH=/home/GTL/mgaddam/CS7630/ros2_ws/src/install/task_manager_lib:/home/GTL/mgaddam/CS7630/ros2_ws/src/install/task_manager_msgs:/home/GTL/mgaddam/CS7630/ros2_ws/src/install/vrep4_helpers:/home/GTL/mgaddam/CS7630/ros2_ws/src/install/task_manager_sync:/home/GTL/mgaddam/CS7630/ros2_ws/src/install/floor_nav:/home/GTL/mgaddam/CS7630/ros2_ws/src/install/task_manager_nav2:/home/GTL/mgaddam/CS7630/ros2_ws/src/install/cs7630_msgs:/home/GTL/mgaddam/CS7630/ros2_ws/src/install/collision_avoidance_base:/home/GTL/mgaddam/CS7630/ros2_ws/src/install/vrep_ros_teleop:/home/GTL/mgaddam/CS7630/ros2_ws/src/install/task_manager_client_py:/home/GTL/mgaddam/CS7630/ros2_ws/src/install/ar_slam_base:/home/GTL/mgaddam/CS7630/ros2_ws/src/install/ar_loc_base:/home/GTL/mgaddam/CS7630/ros2_ws/src/install/rover_driver_base:/home/GTL/mgaddam/CS7630/ros2_ws/src/install/keyboard_teleop:/home/GTL/mgaddam/CS7630/ros2_ws/src/install/face_detect_base:/home/GTL/mgaddam/CS7630/ros2_ws/src/install/button_server:/home/GTL/mgaddam/CS7630/ros2_ws/src/install/ar_mapping_base:/opt/ros/humble LD_LIBRARY_PATH=/home/GTL/mgaddam/CS7630/ros2_ws/src/install/task_manager_lib/lib:/home/GTL/mgaddam/CS7630/ros2_ws/src/install/task_manager_msgs/lib:/home/GTL/mgaddam/CS7630/ros2_ws/src/install/task_manager_sync/lib:/home/GTL/mgaddam/CS7630/ros2_ws/src/install/cs7630_msgs/lib:/usr/lib/x86_64-linux-gnu/gazebo-11/plugins:/opt/ros/humble/opt/rviz_ogre_vendor/lib:/opt/ros/humble/lib/x86_64-linux-gnu:/opt/ros/humble/lib /usr/bin/cmake /home/GTL/mgaddam/CS7630/ros2_ws/src/ros_task_manager/src/task_manager_sync -DCMAKE_INSTALL_PREFIX=/home/GTL/mgaddam/CS7630/ros2_ws/src/install/task_manager_sync
[4.908s] Invoking command in '/home/GTL/mgaddam/CS7630/ros2_ws/src/build/task_manager_sync': CMAKE_PREFIX_PATH=/home/GTL/mgaddam/CS7630/ros2_ws/src/install/task_manager_lib:/home/GTL/mgaddam/CS7630/ros2_ws/src/install/task_manager_msgs:/home/GTL/mgaddam/CS7630/ros2_ws/src/install/vrep4_helpers:/home/GTL/mgaddam/CS7630/ros2_ws/src/install/task_manager_sync:/home/GTL/mgaddam/CS7630/ros2_ws/src/install/floor_nav:/home/GTL/mgaddam/CS7630/ros2_ws/src/install/task_manager_nav2:/home/GTL/mgaddam/CS7630/ros2_ws/src/install/cs7630_msgs:/home/GTL/mgaddam/CS7630/ros2_ws/src/install/collision_avoidance_base:/home/GTL/mgaddam/CS7630/ros2_ws/src/install/vrep_ros_teleop:/home/GTL/mgaddam/CS7630/ros2_ws/src/install/task_manager_client_py:/home/GTL/mgaddam/CS7630/ros2_ws/src/install/ar_slam_base:/home/GTL/mgaddam/CS7630/ros2_ws/src/install/ar_loc_base:/home/GTL/mgaddam/CS7630/ros2_ws/src/install/rover_driver_base:/home/GTL/mgaddam/CS7630/ros2_ws/src/install/keyboard_teleop:/home/GTL/mgaddam/CS7630/ros2_ws/src/install/face_detect_base:/home/GTL/mgaddam/CS7630/ros2_ws/src/install/button_server:/home/GTL/mgaddam/CS7630/ros2_ws/src/install/ar_mapping_base:/opt/ros/humble LD_LIBRARY_PATH=/home/GTL/mgaddam/CS7630/ros2_ws/src/install/task_manager_lib/lib:/home/GTL/mgaddam/CS7630/ros2_ws/src/install/task_manager_msgs/lib:/home/GTL/mgaddam/CS7630/ros2_ws/src/install/task_manager_sync/lib:/home/GTL/mgaddam/CS7630/ros2_ws/src/install/cs7630_msgs/lib:/usr/lib/x86_64-linux-gnu/gazebo-11/plugins:/opt/ros/humble/opt/rviz_ogre_vendor/lib:/opt/ros/humble/lib/x86_64-linux-gnu:/opt/ros/humble/lib /usr/bin/cmake --build /home/GTL/mgaddam/CS7630/ros2_ws/src/build/task_manager_sync -- -j16 -l16
[4.972s] [ 57%] [32mBuilding CXX object CMakeFiles/task_manager_sync_lib.dir/src/TaskServerSync.cpp.o[0m
[4.973s] [ 57%] [32mBuilding CXX object CMakeFiles/task_manager_sync_lib.dir/src/TaskEnvironmentSync.cpp.o[0m
[4.973s] [ 57%] [32mBuilding CXX object CMakeFiles/task_manager_sync_lib.dir/src/TaskSetStatusSync.cpp.o[0m
[4.973s] [ 57%] [32mBuilding CXX object CMakeFiles/task_manager_sync_lib.dir/src/TaskWaitForStatusSync.cpp.o[0m
[10.945s] [ 71%] [32m[1mLinking CXX shared library libtask_manager_sync_lib.so[0m
[13.333s] [ 71%] Built target task_manager_sync_lib
[13.353s] [ 85%] [32mBuilding CXX object CMakeFiles/test_server_sync.dir/src/task_server.cpp.o[0m
[16.730s] [100%] [32m[1mLinking CXX executable test_server_sync[0m
[17.082s] [100%] Built target test_server_sync
[17.093s] Invoked command in '/home/GTL/mgaddam/CS7630/ros2_ws/src/build/task_manager_sync' returned '0': CMAKE_PREFIX_PATH=/home/GTL/mgaddam/CS7630/ros2_ws/src/install/task_manager_lib:/home/GTL/mgaddam/CS7630/ros2_ws/src/install/task_manager_msgs:/home/GTL/mgaddam/CS7630/ros2_ws/src/install/vrep4_helpers:/home/GTL/mgaddam/CS7630/ros2_ws/src/install/task_manager_sync:/home/GTL/mgaddam/CS7630/ros2_ws/src/install/floor_nav:/home/GTL/mgaddam/CS7630/ros2_ws/src/install/task_manager_nav2:/home/GTL/mgaddam/CS7630/ros2_ws/src/install/cs7630_msgs:/home/GTL/mgaddam/CS7630/ros2_ws/src/install/collision_avoidance_base:/home/GTL/mgaddam/CS7630/ros2_ws/src/install/vrep_ros_teleop:/home/GTL/mgaddam/CS7630/ros2_ws/src/install/task_manager_client_py:/home/GTL/mgaddam/CS7630/ros2_ws/src/install/ar_slam_base:/home/GTL/mgaddam/CS7630/ros2_ws/src/install/ar_loc_base:/home/GTL/mgaddam/CS7630/ros2_ws/src/install/rover_driver_base:/home/GTL/mgaddam/CS7630/ros2_ws/src/install/keyboard_teleop:/home/GTL/mgaddam/CS7630/ros2_ws/src/install/face_detect_base:/home/GTL/mgaddam/CS7630/ros2_ws/src/install/button_server:/home/GTL/mgaddam/CS7630/ros2_ws/src/install/ar_mapping_base:/opt/ros/humble LD_LIBRARY_PATH=/home/GTL/mgaddam/CS7630/ros2_ws/src/install/task_manager_lib/lib:/home/GTL/mgaddam/CS7630/ros2_ws/src/install/task_manager_msgs/lib:/home/GTL/mgaddam/CS7630/ros2_ws/src/install/task_manager_sync/lib:/home/GTL/mgaddam/CS7630/ros2_ws/src/install/cs7630_msgs/lib:/usr/lib/x86_64-linux-gnu/gazebo-11/plugins:/opt/ros/humble/opt/rviz_ogre_vendor/lib:/opt/ros/humble/lib/x86_64-linux-gnu:/opt/ros/humble/lib /usr/bin/cmake --build /home/GTL/mgaddam/CS7630/ros2_ws/src/build/task_manager_sync -- -j16 -l16
[17.127s] Invoking command in '/home/GTL/mgaddam/CS7630/ros2_ws/src/build/task_manager_sync': CMAKE_PREFIX_PATH=/home/GTL/mgaddam/CS7630/ros2_ws/src/install/task_manager_lib:/home/GTL/mgaddam/CS7630/ros2_ws/src/install/task_manager_msgs:/home/GTL/mgaddam/CS7630/ros2_ws/src/install/vrep4_helpers:/home/GTL/mgaddam/CS7630/ros2_ws/src/install/task_manager_sync:/home/GTL/mgaddam/CS7630/ros2_ws/src/install/floor_nav:/home/GTL/mgaddam/CS7630/ros2_ws/src/install/task_manager_nav2:/home/GTL/mgaddam/CS7630/ros2_ws/src/install/cs7630_msgs:/home/GTL/mgaddam/CS7630/ros2_ws/src/install/collision_avoidance_base:/home/GTL/mgaddam/CS7630/ros2_ws/src/install/vrep_ros_teleop:/home/GTL/mgaddam/CS7630/ros2_ws/src/install/task_manager_client_py:/home/GTL/mgaddam/CS7630/ros2_ws/src/install/ar_slam_base:/home/GTL/mgaddam/CS7630/ros2_ws/src/install/ar_loc_base:/home/GTL/mgaddam/CS7630/ros2_ws/src/install/rover_driver_base:/home/GTL/mgaddam/CS7630/ros2_ws/src/install/keyboard_teleop:/home/GTL/mgaddam/CS7630/ros2_ws/src/install/face_detect_base:/home/GTL/mgaddam/CS7630/ros2_ws/src/install/button_server:/home/GTL/mgaddam/CS7630/ros2_ws/src/install/ar_mapping_base:/opt/ros/humble LD_LIBRARY_PATH=/home/GTL/mgaddam/CS7630/ros2_ws/src/install/task_manager_lib/lib:/home/GTL/mgaddam/CS7630/ros2_ws/src/install/task_manager_msgs/lib:/home/GTL/mgaddam/CS7630/ros2_ws/src/install/task_manager_sync/lib:/home/GTL/mgaddam/CS7630/ros2_ws/src/install/cs7630_msgs/lib:/usr/lib/x86_64-linux-gnu/gazebo-11/plugins:/opt/ros/humble/opt/rviz_ogre_vendor/lib:/opt/ros/humble/lib/x86_64-linux-gnu:/opt/ros/humble/lib /usr/bin/cmake --install /home/GTL/mgaddam/CS7630/ros2_ws/src/build/task_manager_sync
[17.135s] -- Install configuration: ""
[17.136s] -- Installing: /home/GTL/mgaddam/CS7630/ros2_ws/src/install/task_manager_sync/lib/libtask_manager_sync_lib.so
[17.247s] -- Set runtime path of "/home/GTL/mgaddam/CS7630/ros2_ws/src/install/task_manager_sync/lib/libtask_manager_sync_lib.so" to ""
[17.247s] -- Up-to-date: /home/GTL/mgaddam/CS7630/ros2_ws/src/install/task_manager_sync/include/task_manager_sync
[17.248s] -- Installing: /home/GTL/mgaddam/CS7630/ros2_ws/src/install/task_manager_sync/include/task_manager_sync/TaskWaitForStatusSync.h
[17.252s] -- Installing: /home/GTL/mgaddam/CS7630/ros2_ws/src/install/task_manager_sync/include/task_manager_sync/TaskEnvironmentSync.h
[17.256s] -- Installing: /home/GTL/mgaddam/CS7630/ros2_ws/src/install/task_manager_sync/include/task_manager_sync/TaskSetStatusSync.h
[17.259s] -- Installing: /home/GTL/mgaddam/CS7630/ros2_ws/src/install/task_manager_sync/include/task_manager_sync/TaskServerSync.h
[17.262s] -- Up-to-date: /home/GTL/mgaddam/CS7630/ros2_ws/src/install/task_manager_sync/share/task_manager_sync
[17.263s] -- Installing: /home/GTL/mgaddam/CS7630/ros2_ws/src/install/task_manager_sync/share/task_manager_sync/launch_server.launch
[17.267s] -- Installing: /home/GTL/mgaddam/CS7630/ros2_ws/src/install/task_manager_sync/share/task_manager_sync/environment/library_path.sh
[17.270s] -- Installing: /home/GTL/mgaddam/CS7630/ros2_ws/src/install/task_manager_sync/share/task_manager_sync/environment/library_path.dsv
[17.274s] -- Installing: /home/GTL/mgaddam/CS7630/ros2_ws/src/install/task_manager_sync/share/ament_index/resource_index/package_run_dependencies/task_manager_sync
[17.278s] -- Installing: /home/GTL/mgaddam/CS7630/ros2_ws/src/install/task_manager_sync/share/ament_index/resource_index/parent_prefix_path/task_manager_sync
[17.282s] -- Installing: /home/GTL/mgaddam/CS7630/ros2_ws/src/install/task_manager_sync/share/task_manager_sync/environment/ament_prefix_path.sh
[17.286s] -- Installing: /home/GTL/mgaddam/CS7630/ros2_ws/src/install/task_manager_sync/share/task_manager_sync/environment/ament_prefix_path.dsv
[17.290s] -- Installing: /home/GTL/mgaddam/CS7630/ros2_ws/src/install/task_manager_sync/share/task_manager_sync/environment/path.sh
[17.294s] -- Installing: /home/GTL/mgaddam/CS7630/ros2_ws/src/install/task_manager_sync/share/task_manager_sync/environment/path.dsv
[17.297s] -- Installing: /home/GTL/mgaddam/CS7630/ros2_ws/src/install/task_manager_sync/share/task_manager_sync/local_setup.bash
[17.301s] -- Installing: /home/GTL/mgaddam/CS7630/ros2_ws/src/install/task_manager_sync/share/task_manager_sync/local_setup.sh
[17.304s] -- Installing: /home/GTL/mgaddam/CS7630/ros2_ws/src/install/task_manager_sync/share/task_manager_sync/local_setup.zsh
[17.315s] -- Installing: /home/GTL/mgaddam/CS7630/ros2_ws/src/install/task_manager_sync/share/task_manager_sync/local_setup.dsv
[17.319s] -- Installing: /home/GTL/mgaddam/CS7630/ros2_ws/src/install/task_manager_sync/share/task_manager_sync/package.dsv
[17.323s] -- Installing: /home/GTL/mgaddam/CS7630/ros2_ws/src/install/task_manager_sync/share/ament_index/resource_index/packages/task_manager_sync
[17.327s] -- Installing: /home/GTL/mgaddam/CS7630/ros2_ws/src/install/task_manager_sync/share/task_manager_sync/cmake/ament_cmake_export_dependencies-extras.cmake
[17.332s] -- Installing: /home/GTL/mgaddam/CS7630/ros2_ws/src/install/task_manager_sync/share/task_manager_sync/cmake/ament_cmake_export_include_directories-extras.cmake
[17.337s] -- Installing: /home/GTL/mgaddam/CS7630/ros2_ws/src/install/task_manager_sync/share/task_manager_sync/cmake/ament_cmake_export_libraries-extras.cmake
[17.342s] -- Installing: /home/GTL/mgaddam/CS7630/ros2_ws/src/install/task_manager_sync/share/task_manager_sync/cmake/task_manager_syncConfig.cmake
[17.348s] -- Installing: /home/GTL/mgaddam/CS7630/ros2_ws/src/install/task_manager_sync/share/task_manager_sync/cmake/task_manager_syncConfig-version.cmake
[17.354s] -- Installing: /home/GTL/mgaddam/CS7630/ros2_ws/src/install/task_manager_sync/share/task_manager_sync/package.xml
[17.363s] Invoked command in '/home/GTL/mgaddam/CS7630/ros2_ws/src/build/task_manager_sync' returned '0': CMAKE_PREFIX_PATH=/home/GTL/mgaddam/CS7630/ros2_ws/src/install/task_manager_lib:/home/GTL/mgaddam/CS7630/ros2_ws/src/install/task_manager_msgs:/home/GTL/mgaddam/CS7630/ros2_ws/src/install/vrep4_helpers:/home/GTL/mgaddam/CS7630/ros2_ws/src/install/task_manager_sync:/home/GTL/mgaddam/CS7630/ros2_ws/src/install/floor_nav:/home/GTL/mgaddam/CS7630/ros2_ws/src/install/task_manager_nav2:/home/GTL/mgaddam/CS7630/ros2_ws/src/install/cs7630_msgs:/home/GTL/mgaddam/CS7630/ros2_ws/src/install/collision_avoidance_base:/home/GTL/mgaddam/CS7630/ros2_ws/src/install/vrep_ros_teleop:/home/GTL/mgaddam/CS7630/ros2_ws/src/install/task_manager_client_py:/home/GTL/mgaddam/CS7630/ros2_ws/src/install/ar_slam_base:/home/GTL/mgaddam/CS7630/ros2_ws/src/install/ar_loc_base:/home/GTL/mgaddam/CS7630/ros2_ws/src/install/rover_driver_base:/home/GTL/mgaddam/CS7630/ros2_ws/src/install/keyboard_teleop:/home/GTL/mgaddam/CS7630/ros2_ws/src/install/face_detect_base:/home/GTL/mgaddam/CS7630/ros2_ws/src/install/button_server:/home/GTL/mgaddam/CS7630/ros2_ws/src/install/ar_mapping_base:/opt/ros/humble LD_LIBRARY_PATH=/home/GTL/mgaddam/CS7630/ros2_ws/src/install/task_manager_lib/lib:/home/GTL/mgaddam/CS7630/ros2_ws/src/install/task_manager_msgs/lib:/home/GTL/mgaddam/CS7630/ros2_ws/src/install/task_manager_sync/lib:/home/GTL/mgaddam/CS7630/ros2_ws/src/install/cs7630_msgs/lib:/usr/lib/x86_64-linux-gnu/gazebo-11/plugins:/opt/ros/humble/opt/rviz_ogre_vendor/lib:/opt/ros/humble/lib/x86_64-linux-gnu:/opt/ros/humble/lib /usr/bin/cmake --install /home/GTL/mgaddam/CS7630/ros2_ws/src/build/task_manager_sync
