[2.660s] Invoking command in '/home/GTL/mgaddam/CS7630/ros2_ws/src/wpa_cli': CMAKE_PREFIX_PATH=/home/GTL/mgaddam/CS7630/ros2_ws/install/wpa_cli_msgs:/home/GTL/mgaddam/CS7630/ros2_ws/install/wifi_map_base:/home/GTL/mgaddam/CS7630/ros2_ws/install/vrep4_helpers:/home/GTL/mgaddam/CS7630/ros2_ws/install/turtlebot_launch:/home/GTL/mgaddam/CS7630/ros2_ws/install/task_manager_sync:/home/GTL/mgaddam/CS7630/ros2_ws/install/floor_nav:/home/GTL/mgaddam/CS7630/ros2_ws/install/task_manager_nav2:/home/GTL/mgaddam/CS7630/ros2_ws/install/task_manager_lib:/home/GTL/mgaddam/CS7630/ros2_ws/install/task_manager_msgs:/home/GTL/mgaddam/CS7630/ros2_ws/install/cs7630_msgs:/home/GTL/mgaddam/CS7630/ros2_ws/install/collision_avoidance_base PYTHONPATH=/home/GTL/mgaddam/CS7630/ros2_ws/build/wpa_cli/prefix_override:/home/GTL/mgaddam/CS7630/ros2_ws/install/wpa_cli/lib/python3.10/site-packages:${PYTHONPATH} /usr/bin/python3 setup.py egg_info --egg-base ../../build/wpa_cli build --build-base /home/GTL/mgaddam/CS7630/ros2_ws/build/wpa_cli/build install --record /home/GTL/mgaddam/CS7630/ros2_ws/build/wpa_cli/install.log --single-version-externally-managed
[2.893s] running egg_info
[2.894s] writing ../../build/wpa_cli/wpa_cli.egg-info/PKG-INFO
[2.895s] writing dependency_links to ../../build/wpa_cli/wpa_cli.egg-info/dependency_links.txt
[2.895s] writing entry points to ../../build/wpa_cli/wpa_cli.egg-info/entry_points.txt
[2.896s] writing requirements to ../../build/wpa_cli/wpa_cli.egg-info/requires.txt
[2.897s] writing top-level names to ../../build/wpa_cli/wpa_cli.egg-info/top_level.txt
[2.900s] reading manifest file '../../build/wpa_cli/wpa_cli.egg-info/SOURCES.txt'
[2.901s] adding license file 'LICENSE'
[2.901s] writing manifest file '../../build/wpa_cli/wpa_cli.egg-info/SOURCES.txt'
[2.902s] running build
[2.902s] running build_py
[2.902s] running install
[2.903s] /usr/lib/python3/dist-packages/setuptools/command/install.py:34: SetuptoolsDeprecationWarning: setup.py install is deprecated. Use build and pip and other standards-based tools.
[2.903s]   warnings.warn(
[2.903s] running install_lib
[2.904s] running install_data
[2.905s] running install_egg_info
[2.906s] removing '/home/GTL/mgaddam/CS7630/ros2_ws/install/wpa_cli/lib/python3.10/site-packages/wpa_cli-0.0.0-py3.10.egg-info' (and everything under it)
[2.911s] Copying ../../build/wpa_cli/wpa_cli.egg-info to /home/GTL/mgaddam/CS7630/ros2_ws/install/wpa_cli/lib/python3.10/site-packages/wpa_cli-0.0.0-py3.10.egg-info
[2.930s] running install_scripts
[2.949s] Installing wpa_cli_const script to /home/GTL/mgaddam/CS7630/ros2_ws/install/wpa_cli/lib/wpa_cli
[2.951s] Installing wpa_cli_node script to /home/GTL/mgaddam/CS7630/ros2_ws/install/wpa_cli/lib/wpa_cli
[2.952s] Installing wpa_cli_sim script to /home/GTL/mgaddam/CS7630/ros2_ws/install/wpa_cli/lib/wpa_cli
[2.954s] writing list of installed files to '/home/GTL/mgaddam/CS7630/ros2_ws/build/wpa_cli/install.log'
[3.212s] Invoked command in '/home/GTL/mgaddam/CS7630/ros2_ws/src/wpa_cli' returned '0': CMAKE_PREFIX_PATH=/home/GTL/mgaddam/CS7630/ros2_ws/install/wpa_cli_msgs:/home/GTL/mgaddam/CS7630/ros2_ws/install/wifi_map_base:/home/GTL/mgaddam/CS7630/ros2_ws/install/vrep4_helpers:/home/GTL/mgaddam/CS7630/ros2_ws/install/turtlebot_launch:/home/GTL/mgaddam/CS7630/ros2_ws/install/task_manager_sync:/home/GTL/mgaddam/CS7630/ros2_ws/install/floor_nav:/home/GTL/mgaddam/CS7630/ros2_ws/install/task_manager_nav2:/home/GTL/mgaddam/CS7630/ros2_ws/install/task_manager_lib:/home/GTL/mgaddam/CS7630/ros2_ws/install/task_manager_msgs:/home/GTL/mgaddam/CS7630/ros2_ws/install/cs7630_msgs:/home/GTL/mgaddam/CS7630/ros2_ws/install/collision_avoidance_base PYTHONPATH=/home/GTL/mgaddam/CS7630/ros2_ws/build/wpa_cli/prefix_override:/home/GTL/mgaddam/CS7630/ros2_ws/install/wpa_cli/lib/python3.10/site-packages:${PYTHONPATH} /usr/bin/python3 setup.py egg_info --egg-base ../../build/wpa_cli build --build-base /home/GTL/mgaddam/CS7630/ros2_ws/build/wpa_cli/build install --record /home/GTL/mgaddam/CS7630/ros2_ws/build/wpa_cli/install.log --single-version-externally-managed
