-- The C compiler identification is GNU 11.4.0
-- The CXX compiler identification is GNU 11.4.0
-- Detecting C compiler ABI info
-- Detecting C compiler ABI info - done
-- Check for working C compiler: /usr/bin/cc - skipped
-- Detecting C compile features
-- Detecting C compile features - done
-- Detecting CXX compiler ABI info
-- Detecting CXX compiler ABI info - done
-- Check for working CXX compiler: /usr/bin/c++ - skipped
-- Detecting CXX compile features
-- Detecting CXX compile features - done
-- Found ament_cmake: 1.3.8 (/opt/ros/humble/share/ament_cmake/cmake)
-- Found Python3: /usr/bin/python3 (found version "3.10.12") found components: Interpreter 
-- Found rclcpp: 16.0.8 (/opt/ros/humble/share/rclcpp/cmake)
-- Found rosidl_generator_c: 3.1.5 (/opt/ros/humble/share/rosidl_generator_c/cmake)
-- Found rosidl_adapter: 3.1.5 (/opt/ros/humble/share/rosidl_adapter/cmake)
-- Found rosidl_generator_cpp: 3.1.5 (/opt/ros/humble/share/rosidl_generator_cpp/cmake)
-- Using all available rosidl_typesupport_c: rosidl_typesupport_fastrtps_c;rosidl_typesupport_introspection_c
-- Using all available rosidl_typesupport_cpp: rosidl_typesupport_fastrtps_cpp;rosidl_typesupport_introspection_cpp
-- Found rmw_implementation_cmake: 6.1.1 (/opt/ros/humble/share/rmw_implementation_cmake/cmake)
-- Found rmw_cyclonedds_cpp: 1.3.4 (/opt/ros/humble/share/rmw_cyclonedds_cpp/cmake)
-- Using RMW implementation 'rmw_cyclonedds_cpp' as default
-- Looking for pthread.h
-- Looking for pthread.h - found
-- Performing Test CMAKE_HAVE_LIBC_PTHREAD
-- Performing Test CMAKE_HAVE_LIBC_PTHREAD - Success
-- Found Threads: TRUE  
-- Found sensor_msgs: 4.2.3 (/opt/ros/humble/share/sensor_msgs/cmake)
-- Checking for module 'eigen3'
--   Found eigen3, version 3.4.0
-- Found Eigen: /usr/include/eigen3 (Required is at least version "3.1") 
-- Eigen found (include: /usr/include/eigen3, version: 3.4.0)
-- Checking for module 'libusb-1.0'
--   Found libusb-1.0, version 1.0.25
-- Found libusb: /usr/lib/x86_64-linux-gnu/libusb-1.0.so  
-- OpenNI found (version: 1.5.4.0, include: /usr/include/ni, lib: /usr/lib/libOpenNI.so;libusb::libusb)
-- OpenNI2 found (version: 2.2.0.33, include: /usr/include/openni2, lib: /usr/lib/x86_64-linux-gnu/libOpenNI2.so;libusb::libusb)
-- Eigen found (include: /usr/include/eigen3, version: 3.4.0)
-- Found PCL_COMMON: /usr/lib/x86_64-linux-gnu/libpcl_common.so  
-- Found PCL_OCTREE: /usr/lib/x86_64-linux-gnu/libpcl_octree.so  
-- Found PCL_IO: /usr/lib/x86_64-linux-gnu/libpcl_io.so  
-- Found pcl_conversions: 2.4.5 (/opt/ros/humble/share/pcl_conversions/cmake)
-- Found ament_lint_auto: 0.12.10 (/opt/ros/humble/share/ament_lint_auto/cmake)
-- Added test 'cppcheck' to perform static code analysis on C / C++ code
-- Configured cppcheck include dirs: $<BUILD_INTERFACE:/home/GTL/mgaddam/CS7630/ros2_ws/src/collision_avoidance/include>
-- Configured cppcheck exclude dirs and/or files: 
-- Added test 'flake8' to check Python code syntax and style conventions
-- Added test 'lint_cmake' to check CMake code style
-- Added test 'pep257' to check Python code against some of the docstring style conventions in PEP 257
-- Added test 'uncrustify' to check C / C++ code style
-- Configured uncrustify additional arguments: 
-- Added test 'xmllint' to check XML markup files
-- Configuring done
-- Generating done
-- Build files have been written to: /home/GTL/mgaddam/CS7630/ros2_ws/src/build/collision_avoidance_base
[ 50%] [32mBuilding CXX object CMakeFiles/collision_avoidance_base.dir/src/collision_avoidance.cpp.o[0m
[100%] [32m[1mLinking CXX executable collision_avoidance_base[0m
[100%] Built target collision_avoidance_base
-- Install configuration: ""
-- Installing: /home/GTL/mgaddam/CS7630/ros2_ws/src/install/collision_avoidance_base/lib/collision_avoidance_base/collision_avoidance_base
-- Set runtime path of "/home/GTL/mgaddam/CS7630/ros2_ws/src/install/collision_avoidance_base/lib/collision_avoidance_base/collision_avoidance_base" to ""
-- Up-to-date: /home/GTL/mgaddam/CS7630/ros2_ws/src/install/collision_avoidance_base/share/collision_avoidance_base
-- Installing: /home/GTL/mgaddam/CS7630/ros2_ws/src/install/collision_avoidance_base/share/collision_avoidance_base/ca_auto.launch.py
-- Installing: /home/GTL/mgaddam/CS7630/ros2_ws/src/install/collision_avoidance_base/share/collision_avoidance_base/ca.launch.py
-- Installing: /home/GTL/mgaddam/CS7630/ros2_ws/src/install/collision_avoidance_base/share/ament_index/resource_index/package_run_dependencies/collision_avoidance_base
-- Installing: /home/GTL/mgaddam/CS7630/ros2_ws/src/install/collision_avoidance_base/share/ament_index/resource_index/parent_prefix_path/collision_avoidance_base
-- Installing: /home/GTL/mgaddam/CS7630/ros2_ws/src/install/collision_avoidance_base/share/collision_avoidance_base/environment/ament_prefix_path.sh
-- Installing: /home/GTL/mgaddam/CS7630/ros2_ws/src/install/collision_avoidance_base/share/collision_avoidance_base/environment/ament_prefix_path.dsv
-- Installing: /home/GTL/mgaddam/CS7630/ros2_ws/src/install/collision_avoidance_base/share/collision_avoidance_base/environment/path.sh
-- Installing: /home/GTL/mgaddam/CS7630/ros2_ws/src/install/collision_avoidance_base/share/collision_avoidance_base/environment/path.dsv
-- Installing: /home/GTL/mgaddam/CS7630/ros2_ws/src/install/collision_avoidance_base/share/collision_avoidance_base/local_setup.bash
-- Installing: /home/GTL/mgaddam/CS7630/ros2_ws/src/install/collision_avoidance_base/share/collision_avoidance_base/local_setup.sh
-- Installing: /home/GTL/mgaddam/CS7630/ros2_ws/src/install/collision_avoidance_base/share/collision_avoidance_base/local_setup.zsh
-- Installing: /home/GTL/mgaddam/CS7630/ros2_ws/src/install/collision_avoidance_base/share/collision_avoidance_base/local_setup.dsv
-- Installing: /home/GTL/mgaddam/CS7630/ros2_ws/src/install/collision_avoidance_base/share/collision_avoidance_base/package.dsv
-- Installing: /home/GTL/mgaddam/CS7630/ros2_ws/src/install/collision_avoidance_base/share/ament_index/resource_index/packages/collision_avoidance_base
-- Installing: /home/GTL/mgaddam/CS7630/ros2_ws/src/install/collision_avoidance_base/share/collision_avoidance_base/cmake/ament_cmake_export_include_directories-extras.cmake
-- Installing: /home/GTL/mgaddam/CS7630/ros2_ws/src/install/collision_avoidance_base/share/collision_avoidance_base/cmake/collision_avoidance_baseConfig.cmake
-- Installing: /home/GTL/mgaddam/CS7630/ros2_ws/src/install/collision_avoidance_base/share/collision_avoidance_base/cmake/collision_avoidance_baseConfig-version.cmake
-- Installing: /home/GTL/mgaddam/CS7630/ros2_ws/src/install/collision_avoidance_base/share/collision_avoidance_base/package.xml
