[1.249s] Invoking command in '/home/GTL/mgaddam/CS7630/ros2_ws/build/wifi_map_base': CMAKE_PREFIX_PATH=/home/GTL/mgaddam/CS7630/ros2_ws/install/wpa_cli_msgs:/home/GTL/mgaddam/CS7630/ros2_ws/install/wifi_map_base:/home/GTL/mgaddam/CS7630/ros2_ws/install/vrep4_helpers:/home/GTL/mgaddam/CS7630/ros2_ws/install/turtlebot_launch:/home/GTL/mgaddam/CS7630/ros2_ws/install/task_manager_sync:/home/GTL/mgaddam/CS7630/ros2_ws/install/floor_nav:/home/GTL/mgaddam/CS7630/ros2_ws/install/task_manager_nav2:/home/GTL/mgaddam/CS7630/ros2_ws/install/task_manager_lib:/home/GTL/mgaddam/CS7630/ros2_ws/install/task_manager_msgs:/home/GTL/mgaddam/CS7630/ros2_ws/install/cs7630_msgs:/home/GTL/mgaddam/CS7630/ros2_ws/install/collision_avoidance_base:/home/GTL/mgaddam/CS7630/ros2_ws/install/wpa_cli:/home/GTL/mgaddam/CS7630/ros2_ws/install/vrep_ros_teleop:/home/GTL/mgaddam/CS7630/ros2_ws/install/task_manager_client_py:/home/GTL/mgaddam/CS7630/ros2_ws/install/ar_slam_base:/home/GTL/mgaddam/CS7630/ros2_ws/install/ar_loc_base:/home/GTL/mgaddam/CS7630/ros2_ws/install/rover_driver_base:/home/GTL/mgaddam/CS7630/ros2_ws/install/keyboard_teleop:/home/GTL/mgaddam/CS7630/ros2_ws/install/face_detect_base:/home/GTL/mgaddam/CS7630/ros2_ws/install/button_server:/home/GTL/mgaddam/CS7630/ros2_ws/install/ar_mapping_base:/opt/ros/humble /usr/bin/cmake --build /home/GTL/mgaddam/CS7630/ros2_ws/build/wifi_map_base -- -j16 -l16
[1.549s] [35m[1mConsolidate compiler generated dependencies of target wifi_map_node[0m
[1.549s] [ 50%] [32mBuilding CXX object CMakeFiles/wifi_map_node.dir/src/wifi_map_node.cpp.o[0m
[3.494s] [01m[K/home/GTL/mgaddam/CS7630/ros2_ws/src/wifi_map_base/src/wifi_map_node.cpp:[m[K In member function ‘[01m[Kvoid WifiMapNode::wifi_callback(wpa_cli_msgs::msg::Scan_<std::allocator<void> >::SharedPtr)[m[K’:
[3.494s] [01m[K/home/GTL/mgaddam/CS7630/ros2_ws/src/wifi_map_base/src/wifi_map_node.cpp:154:17:[m[K [01;35m[Kwarning: [m[Kunused variable ‘[01m[Kog_min[m[K’ [[01;35m[K]8;;https://gcc.gnu.org/onlinedocs/gcc/Warning-Options.html#index-Wunused-variable-Wunused-variable]8;;[m[K]
[3.494s]   154 |             int [01;35m[Kog_min[m[K=255, og_max=0;
[3.494s]       |                 [01;35m[K^~~~~~[m[K
[3.494s] [01m[K/home/GTL/mgaddam/CS7630/ros2_ws/src/wifi_map_base/src/wifi_map_node.cpp:154:29:[m[K [01;35m[Kwarning: [m[Kunused variable ‘[01m[Kog_max[m[K’ [[01;35m[K]8;;https://gcc.gnu.org/onlinedocs/gcc/Warning-Options.html#index-Wunused-variable-Wunused-variable]8;;[m[K]
[3.495s]   154 |             int og_min=255, [01;35m[Kog_max[m[K=0;
[3.495s]       |                             [01;35m[K^~~~~~[m[K
[9.476s] [100%] [32m[1mLinking CXX executable wifi_map_node[0m
[10.109s] [100%] Built target wifi_map_node
[10.119s] Invoked command in '/home/GTL/mgaddam/CS7630/ros2_ws/build/wifi_map_base' returned '0': CMAKE_PREFIX_PATH=/home/GTL/mgaddam/CS7630/ros2_ws/install/wpa_cli_msgs:/home/GTL/mgaddam/CS7630/ros2_ws/install/wifi_map_base:/home/GTL/mgaddam/CS7630/ros2_ws/install/vrep4_helpers:/home/GTL/mgaddam/CS7630/ros2_ws/install/turtlebot_launch:/home/GTL/mgaddam/CS7630/ros2_ws/install/task_manager_sync:/home/GTL/mgaddam/CS7630/ros2_ws/install/floor_nav:/home/GTL/mgaddam/CS7630/ros2_ws/install/task_manager_nav2:/home/GTL/mgaddam/CS7630/ros2_ws/install/task_manager_lib:/home/GTL/mgaddam/CS7630/ros2_ws/install/task_manager_msgs:/home/GTL/mgaddam/CS7630/ros2_ws/install/cs7630_msgs:/home/GTL/mgaddam/CS7630/ros2_ws/install/collision_avoidance_base:/home/GTL/mgaddam/CS7630/ros2_ws/install/wpa_cli:/home/GTL/mgaddam/CS7630/ros2_ws/install/vrep_ros_teleop:/home/GTL/mgaddam/CS7630/ros2_ws/install/task_manager_client_py:/home/GTL/mgaddam/CS7630/ros2_ws/install/ar_slam_base:/home/GTL/mgaddam/CS7630/ros2_ws/install/ar_loc_base:/home/GTL/mgaddam/CS7630/ros2_ws/install/rover_driver_base:/home/GTL/mgaddam/CS7630/ros2_ws/install/keyboard_teleop:/home/GTL/mgaddam/CS7630/ros2_ws/install/face_detect_base:/home/GTL/mgaddam/CS7630/ros2_ws/install/button_server:/home/GTL/mgaddam/CS7630/ros2_ws/install/ar_mapping_base:/opt/ros/humble /usr/bin/cmake --build /home/GTL/mgaddam/CS7630/ros2_ws/build/wifi_map_base -- -j16 -l16
[10.142s] Invoking command in '/home/GTL/mgaddam/CS7630/ros2_ws/build/wifi_map_base': CMAKE_PREFIX_PATH=/home/GTL/mgaddam/CS7630/ros2_ws/install/wpa_cli_msgs:/home/GTL/mgaddam/CS7630/ros2_ws/install/wifi_map_base:/home/GTL/mgaddam/CS7630/ros2_ws/install/vrep4_helpers:/home/GTL/mgaddam/CS7630/ros2_ws/install/turtlebot_launch:/home/GTL/mgaddam/CS7630/ros2_ws/install/task_manager_sync:/home/GTL/mgaddam/CS7630/ros2_ws/install/floor_nav:/home/GTL/mgaddam/CS7630/ros2_ws/install/task_manager_nav2:/home/GTL/mgaddam/CS7630/ros2_ws/install/task_manager_lib:/home/GTL/mgaddam/CS7630/ros2_ws/install/task_manager_msgs:/home/GTL/mgaddam/CS7630/ros2_ws/install/cs7630_msgs:/home/GTL/mgaddam/CS7630/ros2_ws/install/collision_avoidance_base:/home/GTL/mgaddam/CS7630/ros2_ws/install/wpa_cli:/home/GTL/mgaddam/CS7630/ros2_ws/install/vrep_ros_teleop:/home/GTL/mgaddam/CS7630/ros2_ws/install/task_manager_client_py:/home/GTL/mgaddam/CS7630/ros2_ws/install/ar_slam_base:/home/GTL/mgaddam/CS7630/ros2_ws/install/ar_loc_base:/home/GTL/mgaddam/CS7630/ros2_ws/install/rover_driver_base:/home/GTL/mgaddam/CS7630/ros2_ws/install/keyboard_teleop:/home/GTL/mgaddam/CS7630/ros2_ws/install/face_detect_base:/home/GTL/mgaddam/CS7630/ros2_ws/install/button_server:/home/GTL/mgaddam/CS7630/ros2_ws/install/ar_mapping_base:/opt/ros/humble /usr/bin/cmake --install /home/GTL/mgaddam/CS7630/ros2_ws/build/wifi_map_base
[10.146s] -- Install configuration: ""
[10.147s] -- Installing: /home/GTL/mgaddam/CS7630/ros2_ws/install/wifi_map_base/lib/wifi_map_base/wifi_map_node
[10.202s] -- Set runtime path of "/home/GTL/mgaddam/CS7630/ros2_ws/install/wifi_map_base/lib/wifi_map_base/wifi_map_node" to ""
[10.203s] -- Up-to-date: /home/GTL/mgaddam/CS7630/ros2_ws/install/wifi_map_base/share/wifi_map_base
[10.203s] -- Up-to-date: /home/GTL/mgaddam/CS7630/ros2_ws/install/wifi_map_base/share/wifi_map_base/wifi_map.launch.py
[10.204s] -- Up-to-date: /home/GTL/mgaddam/CS7630/ros2_ws/install/wifi_map_base/share/wifi_map_base/wifi_map_sim.launch.py
[10.204s] -- Up-to-date: /home/GTL/mgaddam/CS7630/ros2_ws/install/wifi_map_base/share/ament_index/resource_index/package_run_dependencies/wifi_map_base
[10.204s] -- Up-to-date: /home/GTL/mgaddam/CS7630/ros2_ws/install/wifi_map_base/share/ament_index/resource_index/parent_prefix_path/wifi_map_base
[10.205s] -- Up-to-date: /home/GTL/mgaddam/CS7630/ros2_ws/install/wifi_map_base/share/wifi_map_base/environment/ament_prefix_path.sh
[10.205s] -- Up-to-date: /home/GTL/mgaddam/CS7630/ros2_ws/install/wifi_map_base/share/wifi_map_base/environment/ament_prefix_path.dsv
[10.205s] -- Up-to-date: /home/GTL/mgaddam/CS7630/ros2_ws/install/wifi_map_base/share/wifi_map_base/environment/path.sh
[10.205s] -- Up-to-date: /home/GTL/mgaddam/CS7630/ros2_ws/install/wifi_map_base/share/wifi_map_base/environment/path.dsv
[10.206s] -- Up-to-date: /home/GTL/mgaddam/CS7630/ros2_ws/install/wifi_map_base/share/wifi_map_base/local_setup.bash
[10.206s] -- Up-to-date: /home/GTL/mgaddam/CS7630/ros2_ws/install/wifi_map_base/share/wifi_map_base/local_setup.sh
[10.206s] -- Up-to-date: /home/GTL/mgaddam/CS7630/ros2_ws/install/wifi_map_base/share/wifi_map_base/local_setup.zsh
[10.207s] -- Up-to-date: /home/GTL/mgaddam/CS7630/ros2_ws/install/wifi_map_base/share/wifi_map_base/local_setup.dsv
[10.207s] -- Installing: /home/GTL/mgaddam/CS7630/ros2_ws/install/wifi_map_base/share/wifi_map_base/package.dsv
[10.211s] -- Up-to-date: /home/GTL/mgaddam/CS7630/ros2_ws/install/wifi_map_base/share/ament_index/resource_index/packages/wifi_map_base
[10.211s] -- Up-to-date: /home/GTL/mgaddam/CS7630/ros2_ws/install/wifi_map_base/share/wifi_map_base/cmake/wifi_map_baseConfig.cmake
[10.212s] -- Up-to-date: /home/GTL/mgaddam/CS7630/ros2_ws/install/wifi_map_base/share/wifi_map_base/cmake/wifi_map_baseConfig-version.cmake
[10.212s] -- Up-to-date: /home/GTL/mgaddam/CS7630/ros2_ws/install/wifi_map_base/share/wifi_map_base/package.xml
[10.215s] Invoked command in '/home/GTL/mgaddam/CS7630/ros2_ws/build/wifi_map_base' returned '0': CMAKE_PREFIX_PATH=/home/GTL/mgaddam/CS7630/ros2_ws/install/wpa_cli_msgs:/home/GTL/mgaddam/CS7630/ros2_ws/install/wifi_map_base:/home/GTL/mgaddam/CS7630/ros2_ws/install/vrep4_helpers:/home/GTL/mgaddam/CS7630/ros2_ws/install/turtlebot_launch:/home/GTL/mgaddam/CS7630/ros2_ws/install/task_manager_sync:/home/GTL/mgaddam/CS7630/ros2_ws/install/floor_nav:/home/GTL/mgaddam/CS7630/ros2_ws/install/task_manager_nav2:/home/GTL/mgaddam/CS7630/ros2_ws/install/task_manager_lib:/home/GTL/mgaddam/CS7630/ros2_ws/install/task_manager_msgs:/home/GTL/mgaddam/CS7630/ros2_ws/install/cs7630_msgs:/home/GTL/mgaddam/CS7630/ros2_ws/install/collision_avoidance_base:/home/GTL/mgaddam/CS7630/ros2_ws/install/wpa_cli:/home/GTL/mgaddam/CS7630/ros2_ws/install/vrep_ros_teleop:/home/GTL/mgaddam/CS7630/ros2_ws/install/task_manager_client_py:/home/GTL/mgaddam/CS7630/ros2_ws/install/ar_slam_base:/home/GTL/mgaddam/CS7630/ros2_ws/install/ar_loc_base:/home/GTL/mgaddam/CS7630/ros2_ws/install/rover_driver_base:/home/GTL/mgaddam/CS7630/ros2_ws/install/keyboard_teleop:/home/GTL/mgaddam/CS7630/ros2_ws/install/face_detect_base:/home/GTL/mgaddam/CS7630/ros2_ws/install/button_server:/home/GTL/mgaddam/CS7630/ros2_ws/install/ar_mapping_base:/opt/ros/humble /usr/bin/cmake --install /home/GTL/mgaddam/CS7630/ros2_ws/build/wifi_map_base
