[2.251s] Invoking command in '/home/GTL/mgaddam/CS7630/ros2_ws/src/rover_driver_base': PYTHONPATH=/home/GTL/mgaddam/CS7630/ros2_ws/src/build/rover_driver_base/prefix_override:/home/GTL/mgaddam/CS7630/ros2_ws/src/install/rover_driver_base/lib/python3.10/site-packages:${PYTHONPATH} /usr/bin/python3 setup.py egg_info --egg-base ../build/rover_driver_base build --build-base /home/GTL/mgaddam/CS7630/ros2_ws/src/build/rover_driver_base/build install --record /home/GTL/mgaddam/CS7630/ros2_ws/src/build/rover_driver_base/install.log --single-version-externally-managed
[2.419s] running egg_info
[2.419s] writing ../build/rover_driver_base/rover_driver_base.egg-info/PKG-INFO
[2.419s] writing dependency_links to ../build/rover_driver_base/rover_driver_base.egg-info/dependency_links.txt
[2.420s] writing entry points to ../build/rover_driver_base/rover_driver_base.egg-info/entry_points.txt
[2.421s] writing requirements to ../build/rover_driver_base/rover_driver_base.egg-info/requires.txt
[2.422s] writing top-level names to ../build/rover_driver_base/rover_driver_base.egg-info/top_level.txt
[2.429s] reading manifest file '../build/rover_driver_base/rover_driver_base.egg-info/SOURCES.txt'
[2.431s] writing manifest file '../build/rover_driver_base/rover_driver_base.egg-info/SOURCES.txt'
[2.432s] running build
[2.432s] running build_py
[2.435s] /usr/lib/python3/dist-packages/setuptools/command/install.py:34: SetuptoolsDeprecationWarning: setup.py install is deprecated. Use build and pip and other standards-based tools.
[2.435s]   warnings.warn(
[2.435s] running install
[2.435s] running install_lib
[2.437s] running install_data
[2.439s] running install_egg_info
[2.440s] removing '/home/GTL/mgaddam/CS7630/ros2_ws/src/install/rover_driver_base/lib/python3.10/site-packages/rover_driver_base-0.0.0-py3.10.egg-info' (and everything under it)
[2.444s] Copying ../build/rover_driver_base/rover_driver_base.egg-info to /home/GTL/mgaddam/CS7630/ros2_ws/src/install/rover_driver_base/lib/python3.10/site-packages/rover_driver_base-0.0.0-py3.10.egg-info
[2.485s] running install_scripts
[2.509s] Installing rover_command_node script to /home/GTL/mgaddam/CS7630/ros2_ws/src/install/rover_driver_base/lib/rover_driver_base
[2.509s] Installing rover_odom_node script to /home/GTL/mgaddam/CS7630/ros2_ws/src/install/rover_driver_base/lib/rover_driver_base
[2.509s] writing list of installed files to '/home/GTL/mgaddam/CS7630/ros2_ws/src/build/rover_driver_base/install.log'
[3.164s] Invoked command in '/home/GTL/mgaddam/CS7630/ros2_ws/src/rover_driver_base' returned '0': PYTHONPATH=/home/GTL/mgaddam/CS7630/ros2_ws/src/build/rover_driver_base/prefix_override:/home/GTL/mgaddam/CS7630/ros2_ws/src/install/rover_driver_base/lib/python3.10/site-packages:${PYTHONPATH} /usr/bin/python3 setup.py egg_info --egg-base ../build/rover_driver_base build --build-base /home/GTL/mgaddam/CS7630/ros2_ws/src/build/rover_driver_base/build install --record /home/GTL/mgaddam/CS7630/ros2_ws/src/build/rover_driver_base/install.log --single-version-externally-managed
