[0.068s] Invoking command in '/home/GTL/mgaddam/CS7630/ros2_ws/build/task_manager_sync': AMENT_PREFIX_PATH=/home/GTL/mgaddam/CS7630/ros2_ws/install/task_manager_lib:/home/GTL/mgaddam/CS7630/ros2_ws/install/task_manager_msgs:${AMENT_PREFIX_PATH} CMAKE_PREFIX_PATH=/home/GTL/mgaddam/CS7630/ros2_ws/install/task_manager_lib:/home/GTL/mgaddam/CS7630/ros2_ws/install/task_manager_msgs:/opt/ros/humble LD_LIBRARY_PATH=/home/GTL/mgaddam/CS7630/ros2_ws/install/task_manager_lib/lib:/home/GTL/mgaddam/CS7630/ros2_ws/install/task_manager_msgs/lib:${LD_LIBRARY_PATH} PYTHONPATH=/home/GTL/mgaddam/CS7630/ros2_ws/install/task_manager_msgs/local/lib/python3.10/dist-packages:${PYTHONPATH} /usr/bin/cmake --build /home/GTL/mgaddam/CS7630/ros2_ws/build/task_manager_sync -- -j16 -l16
[0.143s] [ 71%] Built target task_manager_sync_lib
[0.171s] [100%] Built target test_server_sync
[0.213s] Invoked command in '/home/GTL/mgaddam/CS7630/ros2_ws/build/task_manager_sync' returned '0': AMENT_PREFIX_PATH=/home/GTL/mgaddam/CS7630/ros2_ws/install/task_manager_lib:/home/GTL/mgaddam/CS7630/ros2_ws/install/task_manager_msgs:${AMENT_PREFIX_PATH} CMAKE_PREFIX_PATH=/home/GTL/mgaddam/CS7630/ros2_ws/install/task_manager_lib:/home/GTL/mgaddam/CS7630/ros2_ws/install/task_manager_msgs:/opt/ros/humble LD_LIBRARY_PATH=/home/GTL/mgaddam/CS7630/ros2_ws/install/task_manager_lib/lib:/home/GTL/mgaddam/CS7630/ros2_ws/install/task_manager_msgs/lib:${LD_LIBRARY_PATH} PYTHONPATH=/home/GTL/mgaddam/CS7630/ros2_ws/install/task_manager_msgs/local/lib/python3.10/dist-packages:${PYTHONPATH} /usr/bin/cmake --build /home/GTL/mgaddam/CS7630/ros2_ws/build/task_manager_sync -- -j16 -l16
[0.335s] Invoking command in '/home/GTL/mgaddam/CS7630/ros2_ws/build/task_manager_sync': AMENT_PREFIX_PATH=/home/GTL/mgaddam/CS7630/ros2_ws/install/task_manager_lib:/home/GTL/mgaddam/CS7630/ros2_ws/install/task_manager_msgs:${AMENT_PREFIX_PATH} CMAKE_PREFIX_PATH=/home/GTL/mgaddam/CS7630/ros2_ws/install/task_manager_lib:/home/GTL/mgaddam/CS7630/ros2_ws/install/task_manager_msgs:/opt/ros/humble LD_LIBRARY_PATH=/home/GTL/mgaddam/CS7630/ros2_ws/install/task_manager_lib/lib:/home/GTL/mgaddam/CS7630/ros2_ws/install/task_manager_msgs/lib:${LD_LIBRARY_PATH} PYTHONPATH=/home/GTL/mgaddam/CS7630/ros2_ws/install/task_manager_msgs/local/lib/python3.10/dist-packages:${PYTHONPATH} /usr/bin/cmake --install /home/GTL/mgaddam/CS7630/ros2_ws/build/task_manager_sync
[0.342s] -- Install configuration: ""
[0.344s] -- Up-to-date: /home/GTL/mgaddam/CS7630/ros2_ws/install/task_manager_sync/lib/libtask_manager_sync_lib.so
[0.346s] -- Up-to-date: /home/GTL/mgaddam/CS7630/ros2_ws/install/task_manager_sync/include/task_manager_sync
[0.347s] -- Up-to-date: /home/GTL/mgaddam/CS7630/ros2_ws/install/task_manager_sync/include/task_manager_sync/TaskWaitForStatusSync.h
[0.348s] -- Up-to-date: /home/GTL/mgaddam/CS7630/ros2_ws/install/task_manager_sync/include/task_manager_sync/TaskEnvironmentSync.h
[0.349s] -- Up-to-date: /home/GTL/mgaddam/CS7630/ros2_ws/install/task_manager_sync/include/task_manager_sync/TaskSetStatusSync.h
[0.349s] -- Up-to-date: /home/GTL/mgaddam/CS7630/ros2_ws/install/task_manager_sync/include/task_manager_sync/TaskServerSync.h
[0.350s] -- Up-to-date: /home/GTL/mgaddam/CS7630/ros2_ws/install/task_manager_sync/share/task_manager_sync
[0.351s] -- Up-to-date: /home/GTL/mgaddam/CS7630/ros2_ws/install/task_manager_sync/share/task_manager_sync/launch_server.launch
[0.352s] -- Up-to-date: /home/GTL/mgaddam/CS7630/ros2_ws/install/task_manager_sync/share/task_manager_sync/environment/library_path.sh
[0.352s] -- Up-to-date: /home/GTL/mgaddam/CS7630/ros2_ws/install/task_manager_sync/share/task_manager_sync/environment/library_path.dsv
[0.353s] -- Up-to-date: /home/GTL/mgaddam/CS7630/ros2_ws/install/task_manager_sync/share/ament_index/resource_index/package_run_dependencies/task_manager_sync
[0.354s] -- Up-to-date: /home/GTL/mgaddam/CS7630/ros2_ws/install/task_manager_sync/share/ament_index/resource_index/parent_prefix_path/task_manager_sync
[0.355s] -- Up-to-date: /home/GTL/mgaddam/CS7630/ros2_ws/install/task_manager_sync/share/task_manager_sync/environment/ament_prefix_path.sh
[0.356s] -- Up-to-date: /home/GTL/mgaddam/CS7630/ros2_ws/install/task_manager_sync/share/task_manager_sync/environment/ament_prefix_path.dsv
[0.356s] -- Up-to-date: /home/GTL/mgaddam/CS7630/ros2_ws/install/task_manager_sync/share/task_manager_sync/environment/path.sh
[0.357s] -- Up-to-date: /home/GTL/mgaddam/CS7630/ros2_ws/install/task_manager_sync/share/task_manager_sync/environment/path.dsv
[0.358s] -- Up-to-date: /home/GTL/mgaddam/CS7630/ros2_ws/install/task_manager_sync/share/task_manager_sync/local_setup.bash
[0.358s] -- Up-to-date: /home/GTL/mgaddam/CS7630/ros2_ws/install/task_manager_sync/share/task_manager_sync/local_setup.sh
[0.359s] -- Up-to-date: /home/GTL/mgaddam/CS7630/ros2_ws/install/task_manager_sync/share/task_manager_sync/local_setup.zsh
[0.360s] -- Up-to-date: /home/GTL/mgaddam/CS7630/ros2_ws/install/task_manager_sync/share/task_manager_sync/local_setup.dsv
[0.360s] -- Installing: /home/GTL/mgaddam/CS7630/ros2_ws/install/task_manager_sync/share/task_manager_sync/package.dsv
[0.366s] -- Up-to-date: /home/GTL/mgaddam/CS7630/ros2_ws/install/task_manager_sync/share/ament_index/resource_index/packages/task_manager_sync
[0.366s] -- Up-to-date: /home/GTL/mgaddam/CS7630/ros2_ws/install/task_manager_sync/share/task_manager_sync/cmake/ament_cmake_export_dependencies-extras.cmake
[0.367s] -- Up-to-date: /home/GTL/mgaddam/CS7630/ros2_ws/install/task_manager_sync/share/task_manager_sync/cmake/ament_cmake_export_include_directories-extras.cmake
[0.367s] -- Up-to-date: /home/GTL/mgaddam/CS7630/ros2_ws/install/task_manager_sync/share/task_manager_sync/cmake/ament_cmake_export_libraries-extras.cmake
[0.368s] -- Up-to-date: /home/GTL/mgaddam/CS7630/ros2_ws/install/task_manager_sync/share/task_manager_sync/cmake/task_manager_syncConfig.cmake
[0.369s] -- Up-to-date: /home/GTL/mgaddam/CS7630/ros2_ws/install/task_manager_sync/share/task_manager_sync/cmake/task_manager_syncConfig-version.cmake
[0.369s] -- Up-to-date: /home/GTL/mgaddam/CS7630/ros2_ws/install/task_manager_sync/share/task_manager_sync/package.xml
[0.592s] Invoked command in '/home/GTL/mgaddam/CS7630/ros2_ws/build/task_manager_sync' returned '0': AMENT_PREFIX_PATH=/home/GTL/mgaddam/CS7630/ros2_ws/install/task_manager_lib:/home/GTL/mgaddam/CS7630/ros2_ws/install/task_manager_msgs:${AMENT_PREFIX_PATH} CMAKE_PREFIX_PATH=/home/GTL/mgaddam/CS7630/ros2_ws/install/task_manager_lib:/home/GTL/mgaddam/CS7630/ros2_ws/install/task_manager_msgs:/opt/ros/humble LD_LIBRARY_PATH=/home/GTL/mgaddam/CS7630/ros2_ws/install/task_manager_lib/lib:/home/GTL/mgaddam/CS7630/ros2_ws/install/task_manager_msgs/lib:${LD_LIBRARY_PATH} PYTHONPATH=/home/GTL/mgaddam/CS7630/ros2_ws/install/task_manager_msgs/local/lib/python3.10/dist-packages:${PYTHONPATH} /usr/bin/cmake --install /home/GTL/mgaddam/CS7630/ros2_ws/build/task_manager_sync
