running egg_info
writing ../build/rover_driver_base/rover_driver_base.egg-info/PKG-INFO
writing dependency_links to ../build/rover_driver_base/rover_driver_base.egg-info/dependency_links.txt
writing entry points to ../build/rover_driver_base/rover_driver_base.egg-info/entry_points.txt
writing requirements to ../build/rover_driver_base/rover_driver_base.egg-info/requires.txt
writing top-level names to ../build/rover_driver_base/rover_driver_base.egg-info/top_level.txt
writing manifest file '../build/rover_driver_base/rover_driver_base.egg-info/SOURCES.txt'
reading manifest file '../build/rover_driver_base/rover_driver_base.egg-info/SOURCES.txt'
writing manifest file '../build/rover_driver_base/rover_driver_base.egg-info/SOURCES.txt'
running build
running build_py
copying rover_driver_base/rover_kinematics.py -> /home/GTL/mgaddam/CS7630/ros2_ws/src/build/rover_driver_base/build/lib/rover_driver_base
copying rover_driver_base/rover_odom.py -> /home/GTL/mgaddam/CS7630/ros2_ws/src/build/rover_driver_base/build/lib/rover_driver_base
copying rover_driver_base/__init__.py -> /home/GTL/mgaddam/CS7630/ros2_ws/src/build/rover_driver_base/build/lib/rover_driver_base
copying rover_driver_base/rover_command.py -> /home/GTL/mgaddam/CS7630/ros2_ws/src/build/rover_driver_base/build/lib/rover_driver_base
running install
/usr/lib/python3/dist-packages/setuptools/command/install.py:34: SetuptoolsDeprecationWarning: setup.py install is deprecated. Use build and pip and other standards-based tools.
  warnings.warn(
running install_lib
copying /home/GTL/mgaddam/CS7630/ros2_ws/src/build/rover_driver_base/build/lib/rover_driver_base/rover_kinematics.py -> /home/GTL/mgaddam/CS7630/ros2_ws/src/install/rover_driver_base/lib/python3.10/site-packages/rover_driver_base
copying /home/GTL/mgaddam/CS7630/ros2_ws/src/build/rover_driver_base/build/lib/rover_driver_base/rover_odom.py -> /home/GTL/mgaddam/CS7630/ros2_ws/src/install/rover_driver_base/lib/python3.10/site-packages/rover_driver_base
copying /home/GTL/mgaddam/CS7630/ros2_ws/src/build/rover_driver_base/build/lib/rover_driver_base/__init__.py -> /home/GTL/mgaddam/CS7630/ros2_ws/src/install/rover_driver_base/lib/python3.10/site-packages/rover_driver_base
copying /home/GTL/mgaddam/CS7630/ros2_ws/src/build/rover_driver_base/build/lib/rover_driver_base/rover_command.py -> /home/GTL/mgaddam/CS7630/ros2_ws/src/install/rover_driver_base/lib/python3.10/site-packages/rover_driver_base
byte-compiling /home/GTL/mgaddam/CS7630/ros2_ws/src/install/rover_driver_base/lib/python3.10/site-packages/rover_driver_base/rover_kinematics.py to rover_kinematics.cpython-310.pyc
byte-compiling /home/GTL/mgaddam/CS7630/ros2_ws/src/install/rover_driver_base/lib/python3.10/site-packages/rover_driver_base/rover_odom.py to rover_odom.cpython-310.pyc
byte-compiling /home/GTL/mgaddam/CS7630/ros2_ws/src/install/rover_driver_base/lib/python3.10/site-packages/rover_driver_base/__init__.py to __init__.cpython-310.pyc
byte-compiling /home/GTL/mgaddam/CS7630/ros2_ws/src/install/rover_driver_base/lib/python3.10/site-packages/rover_driver_base/rover_command.py to rover_command.cpython-310.pyc
running install_data
copying resource/rover_driver_base -> /home/GTL/mgaddam/CS7630/ros2_ws/src/install/rover_driver_base/share/ament_index/resource_index/packages
copying package.xml -> /home/GTL/mgaddam/CS7630/ros2_ws/src/install/rover_driver_base/share/rover_driver_base
copying launch/rover_odom.launch.py -> /home/GTL/mgaddam/CS7630/ros2_ws/src/install/rover_driver_base/share/rover_driver_base
running install_egg_info
removing '/home/GTL/mgaddam/CS7630/ros2_ws/src/install/rover_driver_base/lib/python3.10/site-packages/rover_driver_base-0.0.0-py3.10.egg-info' (and everything under it)
Copying ../build/rover_driver_base/rover_driver_base.egg-info to /home/GTL/mgaddam/CS7630/ros2_ws/src/install/rover_driver_base/lib/python3.10/site-packages/rover_driver_base-0.0.0-py3.10.egg-info
running install_scripts
Installing rover_command_node script to /home/GTL/mgaddam/CS7630/ros2_ws/src/install/rover_driver_base/lib/rover_driver_base
Installing rover_odom_node script to /home/GTL/mgaddam/CS7630/ros2_ws/src/install/rover_driver_base/lib/rover_driver_base
writing list of installed files to '/home/GTL/mgaddam/CS7630/ros2_ws/src/build/rover_driver_base/install.log'
