[2.188s] Invoking command in '/home/GTL/mgaddam/CS7630/ros2_ws/src/rover_driver_base': PYTHONPATH=/home/GTL/mgaddam/CS7630/ros2_ws/src/build/rover_driver_base/prefix_override:/home/GTL/mgaddam/CS7630/ros2_ws/src/install/rover_driver_base/lib/python3.10/site-packages:${PYTHONPATH} /usr/bin/python3 setup.py egg_info --egg-base ../build/rover_driver_base build --build-base /home/GTL/mgaddam/CS7630/ros2_ws/src/build/rover_driver_base/build install --record /home/GTL/mgaddam/CS7630/ros2_ws/src/build/rover_driver_base/install.log --single-version-externally-managed
[2.395s] running egg_info
[2.396s] writing ../build/rover_driver_base/rover_driver_base.egg-info/PKG-INFO
[2.399s] writing dependency_links to ../build/rover_driver_base/rover_driver_base.egg-info/dependency_links.txt
[2.400s] writing entry points to ../build/rover_driver_base/rover_driver_base.egg-info/entry_points.txt
[2.401s] writing requirements to ../build/rover_driver_base/rover_driver_base.egg-info/requires.txt
[2.403s] writing top-level names to ../build/rover_driver_base/rover_driver_base.egg-info/top_level.txt
[2.404s] writing manifest file '../build/rover_driver_base/rover_driver_base.egg-info/SOURCES.txt'
[2.407s] reading manifest file '../build/rover_driver_base/rover_driver_base.egg-info/SOURCES.txt'
[2.408s] writing manifest file '../build/rover_driver_base/rover_driver_base.egg-info/SOURCES.txt'
[2.409s] running build
[2.409s] running build_py
[2.410s] copying rover_driver_base/rover_kinematics.py -> /home/GTL/mgaddam/CS7630/ros2_ws/src/build/rover_driver_base/build/lib/rover_driver_base
[2.412s] copying rover_driver_base/rover_odom.py -> /home/GTL/mgaddam/CS7630/ros2_ws/src/build/rover_driver_base/build/lib/rover_driver_base
[2.414s] copying rover_driver_base/__init__.py -> /home/GTL/mgaddam/CS7630/ros2_ws/src/build/rover_driver_base/build/lib/rover_driver_base
[2.415s] copying rover_driver_base/rover_command.py -> /home/GTL/mgaddam/CS7630/ros2_ws/src/build/rover_driver_base/build/lib/rover_driver_base
[2.418s] running install
[2.418s] /usr/lib/python3/dist-packages/setuptools/command/install.py:34: SetuptoolsDeprecationWarning: setup.py install is deprecated. Use build and pip and other standards-based tools.
[2.418s]   warnings.warn(
[2.418s] running install_lib
[2.420s] copying /home/GTL/mgaddam/CS7630/ros2_ws/src/build/rover_driver_base/build/lib/rover_driver_base/rover_kinematics.py -> /home/GTL/mgaddam/CS7630/ros2_ws/src/install/rover_driver_base/lib/python3.10/site-packages/rover_driver_base
[2.422s] copying /home/GTL/mgaddam/CS7630/ros2_ws/src/build/rover_driver_base/build/lib/rover_driver_base/rover_odom.py -> /home/GTL/mgaddam/CS7630/ros2_ws/src/install/rover_driver_base/lib/python3.10/site-packages/rover_driver_base
[2.424s] copying /home/GTL/mgaddam/CS7630/ros2_ws/src/build/rover_driver_base/build/lib/rover_driver_base/__init__.py -> /home/GTL/mgaddam/CS7630/ros2_ws/src/install/rover_driver_base/lib/python3.10/site-packages/rover_driver_base
[2.426s] copying /home/GTL/mgaddam/CS7630/ros2_ws/src/build/rover_driver_base/build/lib/rover_driver_base/rover_command.py -> /home/GTL/mgaddam/CS7630/ros2_ws/src/install/rover_driver_base/lib/python3.10/site-packages/rover_driver_base
[2.430s] byte-compiling /home/GTL/mgaddam/CS7630/ros2_ws/src/install/rover_driver_base/lib/python3.10/site-packages/rover_driver_base/rover_kinematics.py to rover_kinematics.cpython-310.pyc
[2.433s] byte-compiling /home/GTL/mgaddam/CS7630/ros2_ws/src/install/rover_driver_base/lib/python3.10/site-packages/rover_driver_base/rover_odom.py to rover_odom.cpython-310.pyc
[2.436s] byte-compiling /home/GTL/mgaddam/CS7630/ros2_ws/src/install/rover_driver_base/lib/python3.10/site-packages/rover_driver_base/__init__.py to __init__.cpython-310.pyc
[2.439s] byte-compiling /home/GTL/mgaddam/CS7630/ros2_ws/src/install/rover_driver_base/lib/python3.10/site-packages/rover_driver_base/rover_command.py to rover_command.cpython-310.pyc
[2.442s] running install_data
[2.443s] copying resource/rover_driver_base -> /home/GTL/mgaddam/CS7630/ros2_ws/src/install/rover_driver_base/share/ament_index/resource_index/packages
[2.445s] copying package.xml -> /home/GTL/mgaddam/CS7630/ros2_ws/src/install/rover_driver_base/share/rover_driver_base
[2.447s] copying launch/rover_odom.launch.py -> /home/GTL/mgaddam/CS7630/ros2_ws/src/install/rover_driver_base/share/rover_driver_base
[2.450s] running install_egg_info
[2.452s] removing '/home/GTL/mgaddam/CS7630/ros2_ws/src/install/rover_driver_base/lib/python3.10/site-packages/rover_driver_base-0.0.0-py3.10.egg-info' (and everything under it)
[2.453s] Copying ../build/rover_driver_base/rover_driver_base.egg-info to /home/GTL/mgaddam/CS7630/ros2_ws/src/install/rover_driver_base/lib/python3.10/site-packages/rover_driver_base-0.0.0-py3.10.egg-info
[2.472s] running install_scripts
[2.491s] Installing rover_command_node script to /home/GTL/mgaddam/CS7630/ros2_ws/src/install/rover_driver_base/lib/rover_driver_base
[2.492s] Installing rover_odom_node script to /home/GTL/mgaddam/CS7630/ros2_ws/src/install/rover_driver_base/lib/rover_driver_base
[2.494s] writing list of installed files to '/home/GTL/mgaddam/CS7630/ros2_ws/src/build/rover_driver_base/install.log'
[2.633s] Invoked command in '/home/GTL/mgaddam/CS7630/ros2_ws/src/rover_driver_base' returned '0': PYTHONPATH=/home/GTL/mgaddam/CS7630/ros2_ws/src/build/rover_driver_base/prefix_override:/home/GTL/mgaddam/CS7630/ros2_ws/src/install/rover_driver_base/lib/python3.10/site-packages:${PYTHONPATH} /usr/bin/python3 setup.py egg_info --egg-base ../build/rover_driver_base build --build-base /home/GTL/mgaddam/CS7630/ros2_ws/src/build/rover_driver_base/build install --record /home/GTL/mgaddam/CS7630/ros2_ws/src/build/rover_driver_base/install.log --single-version-externally-managed
