[1.722s] Invoking command in '/home/GTL/mgaddam/CS7630/ros2_ws/build/vrep4_helpers': CMAKE_PREFIX_PATH=${CMAKE_PREFIX_PATH}:/home/GTL/mgaddam/CS7630/ros2_ws/install/vrep_ros_teleop:/home/GTL/mgaddam/CS7630/ros2_ws/install/task_manager_client_py:/home/GTL/mgaddam/CS7630/ros2_ws/install/ar_slam_base:/home/GTL/mgaddam/CS7630/ros2_ws/install/ar_loc_base:/home/GTL/mgaddam/CS7630/ros2_ws/install/rover_driver_base:/home/GTL/mgaddam/CS7630/ros2_ws/install/keyboard_teleop:/home/GTL/mgaddam/CS7630/ros2_ws/install/face_detect_base:/home/GTL/mgaddam/CS7630/ros2_ws/install/button_server:/home/GTL/mgaddam/CS7630/ros2_ws/install/ar_mapping_base:/home/GTL/mgaddam/CS7630/ros2_ws/src/install/vrep_ros_teleop:/home/GTL/mgaddam/CS7630/ros2_ws/src/install/task_manager_client_py:/home/GTL/mgaddam/CS7630/ros2_ws/src/install/ar_slam_base:/home/GTL/mgaddam/CS7630/ros2_ws/src/install/ar_loc_base:/home/GTL/mgaddam/CS7630/ros2_ws/src/install/rover_driver_base:/home/GTL/mgaddam/CS7630/ros2_ws/src/install/keyboard_teleop:/home/GTL/mgaddam/CS7630/ros2_ws/src/install/face_detect_base:/home/GTL/mgaddam/CS7630/ros2_ws/src/install/button_server:/home/GTL/mgaddam/CS7630/ros2_ws/src/install/ar_mapping_base:/opt/ros/humble /usr/bin/cmake --build /home/GTL/mgaddam/CS7630/ros2_ws/build/vrep4_helpers -- -j16 -l16
[1.779s] [100%] Built target image_flip
[1.779s] [100%] Built target clock_repeat
[2.106s] Invoked command in '/home/GTL/mgaddam/CS7630/ros2_ws/build/vrep4_helpers' returned '0': CMAKE_PREFIX_PATH=${CMAKE_PREFIX_PATH}:/home/GTL/mgaddam/CS7630/ros2_ws/install/vrep_ros_teleop:/home/GTL/mgaddam/CS7630/ros2_ws/install/task_manager_client_py:/home/GTL/mgaddam/CS7630/ros2_ws/install/ar_slam_base:/home/GTL/mgaddam/CS7630/ros2_ws/install/ar_loc_base:/home/GTL/mgaddam/CS7630/ros2_ws/install/rover_driver_base:/home/GTL/mgaddam/CS7630/ros2_ws/install/keyboard_teleop:/home/GTL/mgaddam/CS7630/ros2_ws/install/face_detect_base:/home/GTL/mgaddam/CS7630/ros2_ws/install/button_server:/home/GTL/mgaddam/CS7630/ros2_ws/install/ar_mapping_base:/home/GTL/mgaddam/CS7630/ros2_ws/src/install/vrep_ros_teleop:/home/GTL/mgaddam/CS7630/ros2_ws/src/install/task_manager_client_py:/home/GTL/mgaddam/CS7630/ros2_ws/src/install/ar_slam_base:/home/GTL/mgaddam/CS7630/ros2_ws/src/install/ar_loc_base:/home/GTL/mgaddam/CS7630/ros2_ws/src/install/rover_driver_base:/home/GTL/mgaddam/CS7630/ros2_ws/src/install/keyboard_teleop:/home/GTL/mgaddam/CS7630/ros2_ws/src/install/face_detect_base:/home/GTL/mgaddam/CS7630/ros2_ws/src/install/button_server:/home/GTL/mgaddam/CS7630/ros2_ws/src/install/ar_mapping_base:/opt/ros/humble /usr/bin/cmake --build /home/GTL/mgaddam/CS7630/ros2_ws/build/vrep4_helpers -- -j16 -l16
[2.133s] Invoking command in '/home/GTL/mgaddam/CS7630/ros2_ws/build/vrep4_helpers': CMAKE_PREFIX_PATH=${CMAKE_PREFIX_PATH}:/home/GTL/mgaddam/CS7630/ros2_ws/install/vrep_ros_teleop:/home/GTL/mgaddam/CS7630/ros2_ws/install/task_manager_client_py:/home/GTL/mgaddam/CS7630/ros2_ws/install/ar_slam_base:/home/GTL/mgaddam/CS7630/ros2_ws/install/ar_loc_base:/home/GTL/mgaddam/CS7630/ros2_ws/install/rover_driver_base:/home/GTL/mgaddam/CS7630/ros2_ws/install/keyboard_teleop:/home/GTL/mgaddam/CS7630/ros2_ws/install/face_detect_base:/home/GTL/mgaddam/CS7630/ros2_ws/install/button_server:/home/GTL/mgaddam/CS7630/ros2_ws/install/ar_mapping_base:/home/GTL/mgaddam/CS7630/ros2_ws/src/install/vrep_ros_teleop:/home/GTL/mgaddam/CS7630/ros2_ws/src/install/task_manager_client_py:/home/GTL/mgaddam/CS7630/ros2_ws/src/install/ar_slam_base:/home/GTL/mgaddam/CS7630/ros2_ws/src/install/ar_loc_base:/home/GTL/mgaddam/CS7630/ros2_ws/src/install/rover_driver_base:/home/GTL/mgaddam/CS7630/ros2_ws/src/install/keyboard_teleop:/home/GTL/mgaddam/CS7630/ros2_ws/src/install/face_detect_base:/home/GTL/mgaddam/CS7630/ros2_ws/src/install/button_server:/home/GTL/mgaddam/CS7630/ros2_ws/src/install/ar_mapping_base:/opt/ros/humble /usr/bin/cmake --install /home/GTL/mgaddam/CS7630/ros2_ws/build/vrep4_helpers
[2.138s] -- Install configuration: ""
[2.140s] -- Up-to-date: /home/GTL/mgaddam/CS7630/ros2_ws/install/vrep4_helpers/lib/vrep4_helpers/image_flip
[2.143s] -- Up-to-date: /home/GTL/mgaddam/CS7630/ros2_ws/install/vrep4_helpers/lib/vrep4_helpers/clock_repeat
[2.145s] -- Up-to-date: /home/GTL/mgaddam/CS7630/ros2_ws/install/vrep4_helpers/share/vrep4_helpers
[2.146s] -- Up-to-date: /home/GTL/mgaddam/CS7630/ros2_ws/install/vrep4_helpers/share/vrep4_helpers/kinect_pc.launch.py
[2.147s] -- Up-to-date: /home/GTL/mgaddam/CS7630/ros2_ws/install/vrep4_helpers/share/vrep4_helpers/kinect_pc_min.launch.py
[2.147s] -- Up-to-date: /home/GTL/mgaddam/CS7630/ros2_ws/install/vrep4_helpers/share/ament_index/resource_index/package_run_dependencies/vrep4_helpers
[2.148s] -- Up-to-date: /home/GTL/mgaddam/CS7630/ros2_ws/install/vrep4_helpers/share/ament_index/resource_index/parent_prefix_path/vrep4_helpers
[2.149s] -- Up-to-date: /home/GTL/mgaddam/CS7630/ros2_ws/install/vrep4_helpers/share/vrep4_helpers/environment/ament_prefix_path.sh
[2.149s] -- Up-to-date: /home/GTL/mgaddam/CS7630/ros2_ws/install/vrep4_helpers/share/vrep4_helpers/environment/ament_prefix_path.dsv
[2.150s] -- Up-to-date: /home/GTL/mgaddam/CS7630/ros2_ws/install/vrep4_helpers/share/vrep4_helpers/environment/path.sh
[2.150s] -- Up-to-date: /home/GTL/mgaddam/CS7630/ros2_ws/install/vrep4_helpers/share/vrep4_helpers/environment/path.dsv
[2.151s] -- Up-to-date: /home/GTL/mgaddam/CS7630/ros2_ws/install/vrep4_helpers/share/vrep4_helpers/local_setup.bash
[2.151s] -- Up-to-date: /home/GTL/mgaddam/CS7630/ros2_ws/install/vrep4_helpers/share/vrep4_helpers/local_setup.sh
[2.152s] -- Up-to-date: /home/GTL/mgaddam/CS7630/ros2_ws/install/vrep4_helpers/share/vrep4_helpers/local_setup.zsh
[2.152s] -- Up-to-date: /home/GTL/mgaddam/CS7630/ros2_ws/install/vrep4_helpers/share/vrep4_helpers/local_setup.dsv
[2.153s] -- Installing: /home/GTL/mgaddam/CS7630/ros2_ws/install/vrep4_helpers/share/vrep4_helpers/package.dsv
[2.157s] -- Up-to-date: /home/GTL/mgaddam/CS7630/ros2_ws/install/vrep4_helpers/share/ament_index/resource_index/packages/vrep4_helpers
[2.158s] -- Up-to-date: /home/GTL/mgaddam/CS7630/ros2_ws/install/vrep4_helpers/share/vrep4_helpers/cmake/vrep4_helpersConfig.cmake
[2.158s] -- Up-to-date: /home/GTL/mgaddam/CS7630/ros2_ws/install/vrep4_helpers/share/vrep4_helpers/cmake/vrep4_helpersConfig-version.cmake
[2.159s] -- Up-to-date: /home/GTL/mgaddam/CS7630/ros2_ws/install/vrep4_helpers/share/vrep4_helpers/package.xml
[2.237s] Invoked command in '/home/GTL/mgaddam/CS7630/ros2_ws/build/vrep4_helpers' returned '0': CMAKE_PREFIX_PATH=${CMAKE_PREFIX_PATH}:/home/GTL/mgaddam/CS7630/ros2_ws/install/vrep_ros_teleop:/home/GTL/mgaddam/CS7630/ros2_ws/install/task_manager_client_py:/home/GTL/mgaddam/CS7630/ros2_ws/install/ar_slam_base:/home/GTL/mgaddam/CS7630/ros2_ws/install/ar_loc_base:/home/GTL/mgaddam/CS7630/ros2_ws/install/rover_driver_base:/home/GTL/mgaddam/CS7630/ros2_ws/install/keyboard_teleop:/home/GTL/mgaddam/CS7630/ros2_ws/install/face_detect_base:/home/GTL/mgaddam/CS7630/ros2_ws/install/button_server:/home/GTL/mgaddam/CS7630/ros2_ws/install/ar_mapping_base:/home/GTL/mgaddam/CS7630/ros2_ws/src/install/vrep_ros_teleop:/home/GTL/mgaddam/CS7630/ros2_ws/src/install/task_manager_client_py:/home/GTL/mgaddam/CS7630/ros2_ws/src/install/ar_slam_base:/home/GTL/mgaddam/CS7630/ros2_ws/src/install/ar_loc_base:/home/GTL/mgaddam/CS7630/ros2_ws/src/install/rover_driver_base:/home/GTL/mgaddam/CS7630/ros2_ws/src/install/keyboard_teleop:/home/GTL/mgaddam/CS7630/ros2_ws/src/install/face_detect_base:/home/GTL/mgaddam/CS7630/ros2_ws/src/install/button_server:/home/GTL/mgaddam/CS7630/ros2_ws/src/install/ar_mapping_base:/opt/ros/humble /usr/bin/cmake --install /home/GTL/mgaddam/CS7630/ros2_ws/build/vrep4_helpers
