[1.211s] Invoking command in '/home/GTL/mgaddam/CS7630/ros2_ws/src/ar_slam_base': AMENT_PREFIX_PATH=/home/GTL/mgaddam/CS7630/ros2_ws/install/ar_loc_base:/home/GTL/mgaddam/CS7630/ros2_ws/install/rover_driver_base:/home/GTL/mgaddam/CS7630/ros2_ws/install/ar_mapping_base:${AMENT_PREFIX_PATH} PYTHONPATH=/home/GTL/mgaddam/CS7630/ros2_ws/build/ar_slam_base/prefix_override:/home/GTL/mgaddam/CS7630/ros2_ws/install/ar_slam_base/lib/python3.10/site-packages:/home/GTL/mgaddam/CS7630/ros2_ws/install/ar_loc_base/lib/python3.10/site-packages:/home/GTL/mgaddam/CS7630/ros2_ws/install/rover_driver_base/lib/python3.10/site-packages:/home/GTL/mgaddam/CS7630/ros2_ws/install/ar_mapping_base/lib/python3.10/site-packages:${PYTHONPATH} /usr/bin/python3 setup.py egg_info --egg-base ../../build/ar_slam_base build --build-base /home/GTL/mgaddam/CS7630/ros2_ws/build/ar_slam_base/build install --record /home/GTL/mgaddam/CS7630/ros2_ws/build/ar_slam_base/install.log --single-version-externally-managed
[1.915s] running egg_info
[1.916s] writing ../../build/ar_slam_base/ar_slam_base.egg-info/PKG-INFO
[1.918s] writing dependency_links to ../../build/ar_slam_base/ar_slam_base.egg-info/dependency_links.txt
[1.920s] writing entry points to ../../build/ar_slam_base/ar_slam_base.egg-info/entry_points.txt
[1.922s] writing requirements to ../../build/ar_slam_base/ar_slam_base.egg-info/requires.txt
[1.923s] writing top-level names to ../../build/ar_slam_base/ar_slam_base.egg-info/top_level.txt
[1.932s] reading manifest file '../../build/ar_slam_base/ar_slam_base.egg-info/SOURCES.txt'
[1.951s] writing manifest file '../../build/ar_slam_base/ar_slam_base.egg-info/SOURCES.txt'
[1.952s] running build
[1.952s] running build_py
[1.956s] running install
[1.956s] /usr/lib/python3/dist-packages/setuptools/command/install.py:34: SetuptoolsDeprecationWarning: setup.py install is deprecated. Use build and pip and other standards-based tools.
[1.956s]   warnings.warn(
[1.956s] running install_lib
[1.961s] running install_data
[1.964s] running install_egg_info
[1.966s] removing '/home/GTL/mgaddam/CS7630/ros2_ws/install/ar_slam_base/lib/python3.10/site-packages/ar_slam_base-0.0.0-py3.10.egg-info' (and everything under it)
[1.970s] Copying ../../build/ar_slam_base/ar_slam_base.egg-info to /home/GTL/mgaddam/CS7630/ros2_ws/install/ar_slam_base/lib/python3.10/site-packages/ar_slam_base-0.0.0-py3.10.egg-info
[2.044s] running install_scripts
[2.057s] Installing ar_slam_node script to /home/GTL/mgaddam/CS7630/ros2_ws/install/ar_slam_base/lib/ar_slam_base
[2.269s] Installing tb_slam_node script to /home/GTL/mgaddam/CS7630/ros2_ws/install/ar_slam_base/lib/ar_slam_base
[2.272s] writing list of installed files to '/home/GTL/mgaddam/CS7630/ros2_ws/build/ar_slam_base/install.log'
[2.288s] Invoked command in '/home/GTL/mgaddam/CS7630/ros2_ws/src/ar_slam_base' returned '0': AMENT_PREFIX_PATH=/home/GTL/mgaddam/CS7630/ros2_ws/install/ar_loc_base:/home/GTL/mgaddam/CS7630/ros2_ws/install/rover_driver_base:/home/GTL/mgaddam/CS7630/ros2_ws/install/ar_mapping_base:${AMENT_PREFIX_PATH} PYTHONPATH=/home/GTL/mgaddam/CS7630/ros2_ws/build/ar_slam_base/prefix_override:/home/GTL/mgaddam/CS7630/ros2_ws/install/ar_slam_base/lib/python3.10/site-packages:/home/GTL/mgaddam/CS7630/ros2_ws/install/ar_loc_base/lib/python3.10/site-packages:/home/GTL/mgaddam/CS7630/ros2_ws/install/rover_driver_base/lib/python3.10/site-packages:/home/GTL/mgaddam/CS7630/ros2_ws/install/ar_mapping_base/lib/python3.10/site-packages:${PYTHONPATH} /usr/bin/python3 setup.py egg_info --egg-base ../../build/ar_slam_base build --build-base /home/GTL/mgaddam/CS7630/ros2_ws/build/ar_slam_base/build install --record /home/GTL/mgaddam/CS7630/ros2_ws/build/ar_slam_base/install.log --single-version-externally-managed
