[2.393s] Invoking command in '/home/GTL/mgaddam/CS7630/ros2_ws/src/keyboard_teleop': PYTHONPATH=/home/GTL/mgaddam/CS7630/ros2_ws/build/keyboard_teleop/prefix_override:/home/GTL/mgaddam/CS7630/ros2_ws/install/keyboard_teleop/lib/python3.10/site-packages:${PYTHONPATH} /usr/bin/python3 setup.py egg_info --egg-base ../../build/keyboard_teleop build --build-base /home/GTL/mgaddam/CS7630/ros2_ws/build/keyboard_teleop/build install --record /home/GTL/mgaddam/CS7630/ros2_ws/build/keyboard_teleop/install.log --single-version-externally-managed
[2.561s] running egg_info
[2.561s] writing ../../build/keyboard_teleop/keyboard_teleop.egg-info/PKG-INFO
[2.561s] writing dependency_links to ../../build/keyboard_teleop/keyboard_teleop.egg-info/dependency_links.txt
[2.563s] writing entry points to ../../build/keyboard_teleop/keyboard_teleop.egg-info/entry_points.txt
[2.564s] writing requirements to ../../build/keyboard_teleop/keyboard_teleop.egg-info/requires.txt
[2.565s] writing top-level names to ../../build/keyboard_teleop/keyboard_teleop.egg-info/top_level.txt
[2.575s] reading manifest file '../../build/keyboard_teleop/keyboard_teleop.egg-info/SOURCES.txt'
[2.578s] writing manifest file '../../build/keyboard_teleop/keyboard_teleop.egg-info/SOURCES.txt'
[2.579s] running build
[2.579s] running build_py
[2.584s] running install
[2.584s] /usr/lib/python3/dist-packages/setuptools/command/install.py:34: SetuptoolsDeprecationWarning: setup.py install is deprecated. Use build and pip and other standards-based tools.
[2.584s]   warnings.warn(
[2.585s] running install_lib
[2.591s] running install_data
[2.593s] running install_egg_info
[2.594s] removing '/home/GTL/mgaddam/CS7630/ros2_ws/install/keyboard_teleop/lib/python3.10/site-packages/keyboard_teleop-0.0.0-py3.10.egg-info' (and everything under it)
[2.598s] Copying ../../build/keyboard_teleop/keyboard_teleop.egg-info to /home/GTL/mgaddam/CS7630/ros2_ws/install/keyboard_teleop/lib/python3.10/site-packages/keyboard_teleop-0.0.0-py3.10.egg-info
[2.620s] running install_scripts
[2.634s] Installing keyboard_joystick_node script to /home/GTL/mgaddam/CS7630/ros2_ws/install/keyboard_teleop/lib/keyboard_teleop
[2.636s] Installing keyboard_teleop_node script to /home/GTL/mgaddam/CS7630/ros2_ws/install/keyboard_teleop/lib/keyboard_teleop
[2.639s] writing list of installed files to '/home/GTL/mgaddam/CS7630/ros2_ws/build/keyboard_teleop/install.log'
[3.032s] Invoked command in '/home/GTL/mgaddam/CS7630/ros2_ws/src/keyboard_teleop' returned '0': PYTHONPATH=/home/GTL/mgaddam/CS7630/ros2_ws/build/keyboard_teleop/prefix_override:/home/GTL/mgaddam/CS7630/ros2_ws/install/keyboard_teleop/lib/python3.10/site-packages:${PYTHONPATH} /usr/bin/python3 setup.py egg_info --egg-base ../../build/keyboard_teleop build --build-base /home/GTL/mgaddam/CS7630/ros2_ws/build/keyboard_teleop/build install --record /home/GTL/mgaddam/CS7630/ros2_ws/build/keyboard_teleop/install.log --single-version-externally-managed
