[0.425s] Invoking command in '/home/GTL/mgaddam/CS7630/ros2_ws/build/task_manager_lib': AMENT_PREFIX_PATH=/home/GTL/mgaddam/CS7630/ros2_ws/install/task_manager_msgs:${AMENT_PREFIX_PATH} CMAKE_PREFIX_PATH=/home/GTL/mgaddam/CS7630/ros2_ws/install/task_manager_msgs:/opt/ros/humble LD_LIBRARY_PATH=/home/GTL/mgaddam/CS7630/ros2_ws/install/task_manager_msgs/lib:${LD_LIBRARY_PATH} PYTHONPATH=/home/GTL/mgaddam/CS7630/ros2_ws/install/task_manager_msgs/local/lib/python3.10/dist-packages:${PYTHONPATH} /usr/bin/cmake --build /home/GTL/mgaddam/CS7630/ros2_ws/build/task_manager_lib -- -j16 -l16
[0.723s] [100%] Built target task_manager_lib
[0.749s] Invoked command in '/home/GTL/mgaddam/CS7630/ros2_ws/build/task_manager_lib' returned '0': AMENT_PREFIX_PATH=/home/GTL/mgaddam/CS7630/ros2_ws/install/task_manager_msgs:${AMENT_PREFIX_PATH} CMAKE_PREFIX_PATH=/home/GTL/mgaddam/CS7630/ros2_ws/install/task_manager_msgs:/opt/ros/humble LD_LIBRARY_PATH=/home/GTL/mgaddam/CS7630/ros2_ws/install/task_manager_msgs/lib:${LD_LIBRARY_PATH} PYTHONPATH=/home/GTL/mgaddam/CS7630/ros2_ws/install/task_manager_msgs/local/lib/python3.10/dist-packages:${PYTHONPATH} /usr/bin/cmake --build /home/GTL/mgaddam/CS7630/ros2_ws/build/task_manager_lib -- -j16 -l16
[0.771s] Invoking command in '/home/GTL/mgaddam/CS7630/ros2_ws/build/task_manager_lib': AMENT_PREFIX_PATH=/home/GTL/mgaddam/CS7630/ros2_ws/install/task_manager_msgs:${AMENT_PREFIX_PATH} CMAKE_PREFIX_PATH=/home/GTL/mgaddam/CS7630/ros2_ws/install/task_manager_msgs:/opt/ros/humble LD_LIBRARY_PATH=/home/GTL/mgaddam/CS7630/ros2_ws/install/task_manager_msgs/lib:${LD_LIBRARY_PATH} PYTHONPATH=/home/GTL/mgaddam/CS7630/ros2_ws/install/task_manager_msgs/local/lib/python3.10/dist-packages:${PYTHONPATH} /usr/bin/cmake --install /home/GTL/mgaddam/CS7630/ros2_ws/build/task_manager_lib
[0.780s] -- Install configuration: ""
[0.806s] -- Up-to-date: /home/GTL/mgaddam/CS7630/ros2_ws/install/task_manager_lib/lib/libtask_manager_lib.so
[0.810s] -- Up-to-date: /home/GTL/mgaddam/CS7630/ros2_ws/install/task_manager_lib/include/task_manager_lib
[0.811s] -- Up-to-date: /home/GTL/mgaddam/CS7630/ros2_ws/install/task_manager_lib/include/task_manager_lib/TaskServerDefault.h
[0.812s] -- Up-to-date: /home/GTL/mgaddam/CS7630/ros2_ws/install/task_manager_lib/include/task_manager_lib/TaskWaitDefault.h
[0.813s] -- Up-to-date: /home/GTL/mgaddam/CS7630/ros2_ws/install/task_manager_lib/include/task_manager_lib/TaskClient.h
[0.814s] -- Up-to-date: /home/GTL/mgaddam/CS7630/ros2_ws/install/task_manager_lib/include/task_manager_lib/ServiceStorage.h
[0.814s] -- Up-to-date: /home/GTL/mgaddam/CS7630/ros2_ws/install/task_manager_lib/include/task_manager_lib/TaskScheduler.h
[0.815s] -- Up-to-date: /home/GTL/mgaddam/CS7630/ros2_ws/install/task_manager_lib/include/task_manager_lib/DynamicTask.h
[0.816s] -- Up-to-date: /home/GTL/mgaddam/CS7630/ros2_ws/install/task_manager_lib/include/task_manager_lib/TaskEnvironment.h
[0.816s] -- Up-to-date: /home/GTL/mgaddam/CS7630/ros2_ws/install/task_manager_lib/include/task_manager_lib/TaskInstance.h
[0.817s] -- Up-to-date: /home/GTL/mgaddam/CS7630/ros2_ws/install/task_manager_lib/include/task_manager_lib/ParameterList.h
[0.818s] -- Up-to-date: /home/GTL/mgaddam/CS7630/ros2_ws/install/task_manager_lib/include/task_manager_lib/TaskIdleDefault.h
[0.819s] -- Up-to-date: /home/GTL/mgaddam/CS7630/ros2_ws/install/task_manager_lib/include/task_manager_lib/TaskServiceGeneric.h
[0.819s] -- Up-to-date: /home/GTL/mgaddam/CS7630/ros2_ws/install/task_manager_lib/include/task_manager_lib/TaskParameterDefinition.h
[0.820s] -- Up-to-date: /home/GTL/mgaddam/CS7630/ros2_ws/install/task_manager_lib/include/task_manager_lib/TaskSystem.h
[0.821s] -- Up-to-date: /home/GTL/mgaddam/CS7630/ros2_ws/install/task_manager_lib/include/task_manager_lib/TaskDefinition.h
[0.822s] -- Up-to-date: /home/GTL/mgaddam/CS7630/ros2_ws/install/task_manager_lib/include/task_manager_lib/TaskConfig.h
[0.823s] -- Up-to-date: /home/GTL/mgaddam/CS7630/ros2_ws/install/task_manager_lib/include/task_manager_lib/TaskActionGeneric.h
[0.824s] -- Up-to-date: /home/GTL/mgaddam/CS7630/ros2_ws/install/task_manager_lib/share/task_manager_lib/environment/library_path.sh
[0.825s] -- Up-to-date: /home/GTL/mgaddam/CS7630/ros2_ws/install/task_manager_lib/share/task_manager_lib/environment/library_path.dsv
[0.826s] -- Up-to-date: /home/GTL/mgaddam/CS7630/ros2_ws/install/task_manager_lib/share/ament_index/resource_index/package_run_dependencies/task_manager_lib
[0.827s] -- Up-to-date: /home/GTL/mgaddam/CS7630/ros2_ws/install/task_manager_lib/share/ament_index/resource_index/parent_prefix_path/task_manager_lib
[0.827s] -- Up-to-date: /home/GTL/mgaddam/CS7630/ros2_ws/install/task_manager_lib/share/task_manager_lib/environment/ament_prefix_path.sh
[0.828s] -- Up-to-date: /home/GTL/mgaddam/CS7630/ros2_ws/install/task_manager_lib/share/task_manager_lib/environment/ament_prefix_path.dsv
[0.829s] -- Up-to-date: /home/GTL/mgaddam/CS7630/ros2_ws/install/task_manager_lib/share/task_manager_lib/environment/path.sh
[0.830s] -- Up-to-date: /home/GTL/mgaddam/CS7630/ros2_ws/install/task_manager_lib/share/task_manager_lib/environment/path.dsv
[0.831s] -- Up-to-date: /home/GTL/mgaddam/CS7630/ros2_ws/install/task_manager_lib/share/task_manager_lib/local_setup.bash
[0.831s] -- Up-to-date: /home/GTL/mgaddam/CS7630/ros2_ws/install/task_manager_lib/share/task_manager_lib/local_setup.sh
[0.832s] -- Up-to-date: /home/GTL/mgaddam/CS7630/ros2_ws/install/task_manager_lib/share/task_manager_lib/local_setup.zsh
[0.833s] -- Up-to-date: /home/GTL/mgaddam/CS7630/ros2_ws/install/task_manager_lib/share/task_manager_lib/local_setup.dsv
[0.835s] -- Installing: /home/GTL/mgaddam/CS7630/ros2_ws/install/task_manager_lib/share/task_manager_lib/package.dsv
[0.851s] -- Up-to-date: /home/GTL/mgaddam/CS7630/ros2_ws/install/task_manager_lib/share/ament_index/resource_index/packages/task_manager_lib
[0.852s] -- Up-to-date: /home/GTL/mgaddam/CS7630/ros2_ws/install/task_manager_lib/share/task_manager_lib/cmake/ament_cmake_export_dependencies-extras.cmake
[0.852s] -- Up-to-date: /home/GTL/mgaddam/CS7630/ros2_ws/install/task_manager_lib/share/task_manager_lib/cmake/ament_cmake_export_include_directories-extras.cmake
[0.853s] -- Up-to-date: /home/GTL/mgaddam/CS7630/ros2_ws/install/task_manager_lib/share/task_manager_lib/cmake/ament_cmake_export_libraries-extras.cmake
[0.854s] -- Up-to-date: /home/GTL/mgaddam/CS7630/ros2_ws/install/task_manager_lib/share/task_manager_lib/cmake/task_manager_libConfig.cmake
[0.854s] -- Up-to-date: /home/GTL/mgaddam/CS7630/ros2_ws/install/task_manager_lib/share/task_manager_lib/cmake/task_manager_libConfig-version.cmake
[0.855s] -- Up-to-date: /home/GTL/mgaddam/CS7630/ros2_ws/install/task_manager_lib/share/task_manager_lib/package.xml
[0.858s] Invoked command in '/home/GTL/mgaddam/CS7630/ros2_ws/build/task_manager_lib' returned '0': AMENT_PREFIX_PATH=/home/GTL/mgaddam/CS7630/ros2_ws/install/task_manager_msgs:${AMENT_PREFIX_PATH} CMAKE_PREFIX_PATH=/home/GTL/mgaddam/CS7630/ros2_ws/install/task_manager_msgs:/opt/ros/humble LD_LIBRARY_PATH=/home/GTL/mgaddam/CS7630/ros2_ws/install/task_manager_msgs/lib:${LD_LIBRARY_PATH} PYTHONPATH=/home/GTL/mgaddam/CS7630/ros2_ws/install/task_manager_msgs/local/lib/python3.10/dist-packages:${PYTHONPATH} /usr/bin/cmake --install /home/GTL/mgaddam/CS7630/ros2_ws/build/task_manager_lib
