[2.029s] Invoking command in '/home/GTL/mgaddam/CS7630/ros2_ws/src/ros_task_manager/src/button_server': PYTHONPATH=/home/GTL/mgaddam/CS7630/ros2_ws/src/build/button_server/prefix_override:/home/GTL/mgaddam/CS7630/ros2_ws/src/install/button_server/lib/python3.10/site-packages:${PYTHONPATH} /usr/bin/python3 setup.py egg_info --egg-base ../../../build/button_server build --build-base /home/GTL/mgaddam/CS7630/ros2_ws/src/build/button_server/build install --record /home/GTL/mgaddam/CS7630/ros2_ws/src/build/button_server/install.log --single-version-externally-managed
[2.236s] running egg_info
[2.237s] writing ../../../build/button_server/button_server.egg-info/PKG-INFO
[2.239s] writing dependency_links to ../../../build/button_server/button_server.egg-info/dependency_links.txt
[2.240s] writing entry points to ../../../build/button_server/button_server.egg-info/entry_points.txt
[2.241s] writing requirements to ../../../build/button_server/button_server.egg-info/requires.txt
[2.241s] writing top-level names to ../../../build/button_server/button_server.egg-info/top_level.txt
[2.243s] writing manifest file '../../../build/button_server/button_server.egg-info/SOURCES.txt'
[2.246s] reading manifest file '../../../build/button_server/button_server.egg-info/SOURCES.txt'
[2.247s] writing manifest file '../../../build/button_server/button_server.egg-info/SOURCES.txt'
[2.248s] running build
[2.248s] running build_py
[2.249s] copying button_server/ButtonServer3.py -> /home/GTL/mgaddam/CS7630/ros2_ws/src/build/button_server/build/lib/button_server
[2.251s] copying button_server/__init__.py -> /home/GTL/mgaddam/CS7630/ros2_ws/src/build/button_server/build/lib/button_server
[2.253s] copying button_server/requesthdl3.py -> /home/GTL/mgaddam/CS7630/ros2_ws/src/build/button_server/build/lib/button_server
[2.256s] running build_scripts
[2.257s] copying and adjusting nodes/button_server_node -> /home/GTL/mgaddam/CS7630/ros2_ws/src/build/button_server/build/scripts-3.10
[2.258s] changing mode of /home/GTL/mgaddam/CS7630/ros2_ws/src/build/button_server/build/scripts-3.10/button_server_node from 664 to 775
[2.258s] running install
[2.258s] /usr/lib/python3/dist-packages/setuptools/command/install.py:34: SetuptoolsDeprecationWarning: setup.py install is deprecated. Use build and pip and other standards-based tools.
[2.258s]   warnings.warn(
[2.259s] running install_lib
[2.261s] copying /home/GTL/mgaddam/CS7630/ros2_ws/src/build/button_server/build/lib/button_server/ButtonServer3.py -> /home/GTL/mgaddam/CS7630/ros2_ws/src/install/button_server/lib/python3.10/site-packages/button_server
[2.263s] copying /home/GTL/mgaddam/CS7630/ros2_ws/src/build/button_server/build/lib/button_server/__init__.py -> /home/GTL/mgaddam/CS7630/ros2_ws/src/install/button_server/lib/python3.10/site-packages/button_server
[2.265s] copying /home/GTL/mgaddam/CS7630/ros2_ws/src/build/button_server/build/lib/button_server/requesthdl3.py -> /home/GTL/mgaddam/CS7630/ros2_ws/src/install/button_server/lib/python3.10/site-packages/button_server
[2.267s] byte-compiling /home/GTL/mgaddam/CS7630/ros2_ws/src/install/button_server/lib/python3.10/site-packages/button_server/ButtonServer3.py to ButtonServer3.cpython-310.pyc
[2.270s] byte-compiling /home/GTL/mgaddam/CS7630/ros2_ws/src/install/button_server/lib/python3.10/site-packages/button_server/__init__.py to __init__.cpython-310.pyc
[2.272s] byte-compiling /home/GTL/mgaddam/CS7630/ros2_ws/src/install/button_server/lib/python3.10/site-packages/button_server/requesthdl3.py to requesthdl3.cpython-310.pyc
[2.275s] running install_data
[2.275s] copying resource/button_server -> /home/GTL/mgaddam/CS7630/ros2_ws/src/install/button_server/share/ament_index/resource_index/packages
[2.277s] copying package.xml -> /home/GTL/mgaddam/CS7630/ros2_ws/src/install/button_server/share/button_server
[2.279s] copying launch/button_server.launch -> /home/GTL/mgaddam/CS7630/ros2_ws/src/install/button_server/share/button_server/launch
[2.282s] copying lib/jquery-3.6.4.min.js -> /home/GTL/mgaddam/CS7630/ros2_ws/src/install/button_server/share/button_server/lib
[2.286s] running install_egg_info
[2.288s] removing '/home/GTL/mgaddam/CS7630/ros2_ws/src/install/button_server/lib/python3.10/site-packages/button_server-0.0.0-py3.10.egg-info' (and everything under it)
[2.288s] Copying ../../../build/button_server/button_server.egg-info to /home/GTL/mgaddam/CS7630/ros2_ws/src/install/button_server/lib/python3.10/site-packages/button_server-0.0.0-py3.10.egg-info
[2.308s] running install_scripts
[2.324s] copying /home/GTL/mgaddam/CS7630/ros2_ws/src/build/button_server/build/scripts-3.10/button_server_node -> /home/GTL/mgaddam/CS7630/ros2_ws/src/install/button_server/lib/button_server
[2.326s] changing mode of /home/GTL/mgaddam/CS7630/ros2_ws/src/install/button_server/lib/button_server/button_server_node to 775
[2.328s] writing list of installed files to '/home/GTL/mgaddam/CS7630/ros2_ws/src/build/button_server/install.log'
[2.351s] Invoked command in '/home/GTL/mgaddam/CS7630/ros2_ws/src/ros_task_manager/src/button_server' returned '0': PYTHONPATH=/home/GTL/mgaddam/CS7630/ros2_ws/src/build/button_server/prefix_override:/home/GTL/mgaddam/CS7630/ros2_ws/src/install/button_server/lib/python3.10/site-packages:${PYTHONPATH} /usr/bin/python3 setup.py egg_info --egg-base ../../../build/button_server build --build-base /home/GTL/mgaddam/CS7630/ros2_ws/src/build/button_server/build install --record /home/GTL/mgaddam/CS7630/ros2_ws/src/build/button_server/install.log --single-version-externally-managed
