[1.775s] Invoking command in '/home/GTL/mgaddam/CS7630/ros2_ws/build/task_manager_lib': CMAKE_PREFIX_PATH=/home/GTL/mgaddam/CS7630/ros2_ws/install/task_manager_msgs:/home/GTL/mgaddam/CS7630/ros2_ws/install/wifi_map_base:/home/GTL/mgaddam/CS7630/ros2_ws/install/wpa_cli_msgs:/home/GTL/mgaddam/CS7630/ros2_ws/install/vrep4_helpers:/home/GTL/mgaddam/CS7630/ros2_ws/install/turtlebot_launch:/home/GTL/mgaddam/CS7630/ros2_ws/install/task_manager_sync:/home/GTL/mgaddam/CS7630/ros2_ws/install/floor_nav:/home/GTL/mgaddam/CS7630/ros2_ws/install/task_manager_nav2:/home/GTL/mgaddam/CS7630/ros2_ws/install/task_manager_lib:/home/GTL/mgaddam/CS7630/ros2_ws/install/cs7630_msgs:/home/GTL/mgaddam/CS7630/ros2_ws/install/collision_avoidance_base:/home/GTL/mgaddam/CS7630/ros2_ws/install/vrep_ros_teleop:/home/GTL/mgaddam/CS7630/ros2_ws/install/task_manager_client_py:/home/GTL/mgaddam/CS7630/ros2_ws/install/ar_slam_base:/home/GTL/mgaddam/CS7630/ros2_ws/install/ar_loc_base:/home/GTL/mgaddam/CS7630/ros2_ws/install/rover_driver_base:/home/GTL/mgaddam/CS7630/ros2_ws/install/keyboard_teleop:/home/GTL/mgaddam/CS7630/ros2_ws/install/face_detect_base:/home/GTL/mgaddam/CS7630/ros2_ws/install/button_server:/home/GTL/mgaddam/CS7630/ros2_ws/install/ar_mapping_base:/opt/ros/humble LD_LIBRARY_PATH=/home/GTL/mgaddam/CS7630/ros2_ws/install/task_manager_msgs/lib:/home/GTL/mgaddam/CS7630/ros2_ws/install/wpa_cli_msgs/lib:/home/GTL/mgaddam/CS7630/ros2_ws/install/task_manager_sync/lib:/home/GTL/mgaddam/CS7630/ros2_ws/install/task_manager_lib/lib:/home/GTL/mgaddam/CS7630/ros2_ws/install/cs7630_msgs/lib:/usr/lib/x86_64-linux-gnu/gazebo-11/plugins:/opt/ros/humble/opt/rviz_ogre_vendor/lib:/opt/ros/humble/lib/x86_64-linux-gnu:/opt/ros/humble/lib /usr/bin/cmake --build /home/GTL/mgaddam/CS7630/ros2_ws/build/task_manager_lib -- -j16 -l16
[1.926s] [100%] Built target task_manager_lib
[2.246s] Invoked command in '/home/GTL/mgaddam/CS7630/ros2_ws/build/task_manager_lib' returned '0': CMAKE_PREFIX_PATH=/home/GTL/mgaddam/CS7630/ros2_ws/install/task_manager_msgs:/home/GTL/mgaddam/CS7630/ros2_ws/install/wifi_map_base:/home/GTL/mgaddam/CS7630/ros2_ws/install/wpa_cli_msgs:/home/GTL/mgaddam/CS7630/ros2_ws/install/vrep4_helpers:/home/GTL/mgaddam/CS7630/ros2_ws/install/turtlebot_launch:/home/GTL/mgaddam/CS7630/ros2_ws/install/task_manager_sync:/home/GTL/mgaddam/CS7630/ros2_ws/install/floor_nav:/home/GTL/mgaddam/CS7630/ros2_ws/install/task_manager_nav2:/home/GTL/mgaddam/CS7630/ros2_ws/install/task_manager_lib:/home/GTL/mgaddam/CS7630/ros2_ws/install/cs7630_msgs:/home/GTL/mgaddam/CS7630/ros2_ws/install/collision_avoidance_base:/home/GTL/mgaddam/CS7630/ros2_ws/install/vrep_ros_teleop:/home/GTL/mgaddam/CS7630/ros2_ws/install/task_manager_client_py:/home/GTL/mgaddam/CS7630/ros2_ws/install/ar_slam_base:/home/GTL/mgaddam/CS7630/ros2_ws/install/ar_loc_base:/home/GTL/mgaddam/CS7630/ros2_ws/install/rover_driver_base:/home/GTL/mgaddam/CS7630/ros2_ws/install/keyboard_teleop:/home/GTL/mgaddam/CS7630/ros2_ws/install/face_detect_base:/home/GTL/mgaddam/CS7630/ros2_ws/install/button_server:/home/GTL/mgaddam/CS7630/ros2_ws/install/ar_mapping_base:/opt/ros/humble LD_LIBRARY_PATH=/home/GTL/mgaddam/CS7630/ros2_ws/install/task_manager_msgs/lib:/home/GTL/mgaddam/CS7630/ros2_ws/install/wpa_cli_msgs/lib:/home/GTL/mgaddam/CS7630/ros2_ws/install/task_manager_sync/lib:/home/GTL/mgaddam/CS7630/ros2_ws/install/task_manager_lib/lib:/home/GTL/mgaddam/CS7630/ros2_ws/install/cs7630_msgs/lib:/usr/lib/x86_64-linux-gnu/gazebo-11/plugins:/opt/ros/humble/opt/rviz_ogre_vendor/lib:/opt/ros/humble/lib/x86_64-linux-gnu:/opt/ros/humble/lib /usr/bin/cmake --build /home/GTL/mgaddam/CS7630/ros2_ws/build/task_manager_lib -- -j16 -l16
[2.278s] Invoking command in '/home/GTL/mgaddam/CS7630/ros2_ws/build/task_manager_lib': CMAKE_PREFIX_PATH=/home/GTL/mgaddam/CS7630/ros2_ws/install/task_manager_msgs:/home/GTL/mgaddam/CS7630/ros2_ws/install/wifi_map_base:/home/GTL/mgaddam/CS7630/ros2_ws/install/wpa_cli_msgs:/home/GTL/mgaddam/CS7630/ros2_ws/install/vrep4_helpers:/home/GTL/mgaddam/CS7630/ros2_ws/install/turtlebot_launch:/home/GTL/mgaddam/CS7630/ros2_ws/install/task_manager_sync:/home/GTL/mgaddam/CS7630/ros2_ws/install/floor_nav:/home/GTL/mgaddam/CS7630/ros2_ws/install/task_manager_nav2:/home/GTL/mgaddam/CS7630/ros2_ws/install/task_manager_lib:/home/GTL/mgaddam/CS7630/ros2_ws/install/cs7630_msgs:/home/GTL/mgaddam/CS7630/ros2_ws/install/collision_avoidance_base:/home/GTL/mgaddam/CS7630/ros2_ws/install/vrep_ros_teleop:/home/GTL/mgaddam/CS7630/ros2_ws/install/task_manager_client_py:/home/GTL/mgaddam/CS7630/ros2_ws/install/ar_slam_base:/home/GTL/mgaddam/CS7630/ros2_ws/install/ar_loc_base:/home/GTL/mgaddam/CS7630/ros2_ws/install/rover_driver_base:/home/GTL/mgaddam/CS7630/ros2_ws/install/keyboard_teleop:/home/GTL/mgaddam/CS7630/ros2_ws/install/face_detect_base:/home/GTL/mgaddam/CS7630/ros2_ws/install/button_server:/home/GTL/mgaddam/CS7630/ros2_ws/install/ar_mapping_base:/opt/ros/humble LD_LIBRARY_PATH=/home/GTL/mgaddam/CS7630/ros2_ws/install/task_manager_msgs/lib:/home/GTL/mgaddam/CS7630/ros2_ws/install/wpa_cli_msgs/lib:/home/GTL/mgaddam/CS7630/ros2_ws/install/task_manager_sync/lib:/home/GTL/mgaddam/CS7630/ros2_ws/install/task_manager_lib/lib:/home/GTL/mgaddam/CS7630/ros2_ws/install/cs7630_msgs/lib:/usr/lib/x86_64-linux-gnu/gazebo-11/plugins:/opt/ros/humble/opt/rviz_ogre_vendor/lib:/opt/ros/humble/lib/x86_64-linux-gnu:/opt/ros/humble/lib /usr/bin/cmake --install /home/GTL/mgaddam/CS7630/ros2_ws/build/task_manager_lib
[2.283s] -- Install configuration: ""
[2.285s] -- Up-to-date: /home/GTL/mgaddam/CS7630/ros2_ws/install/task_manager_lib/lib/libtask_manager_lib.so
[2.288s] -- Up-to-date: /home/GTL/mgaddam/CS7630/ros2_ws/install/task_manager_lib/include/task_manager_lib
[2.289s] -- Up-to-date: /home/GTL/mgaddam/CS7630/ros2_ws/install/task_manager_lib/include/task_manager_lib/TaskServerDefault.h
[2.289s] -- Up-to-date: /home/GTL/mgaddam/CS7630/ros2_ws/install/task_manager_lib/include/task_manager_lib/TaskWaitDefault.h
[2.290s] -- Up-to-date: /home/GTL/mgaddam/CS7630/ros2_ws/install/task_manager_lib/include/task_manager_lib/TaskClient.h
[2.290s] -- Up-to-date: /home/GTL/mgaddam/CS7630/ros2_ws/install/task_manager_lib/include/task_manager_lib/ServiceStorage.h
[2.291s] -- Up-to-date: /home/GTL/mgaddam/CS7630/ros2_ws/install/task_manager_lib/include/task_manager_lib/TaskScheduler.h
[2.291s] -- Up-to-date: /home/GTL/mgaddam/CS7630/ros2_ws/install/task_manager_lib/include/task_manager_lib/DynamicTask.h
[2.292s] -- Up-to-date: /home/GTL/mgaddam/CS7630/ros2_ws/install/task_manager_lib/include/task_manager_lib/TaskEnvironment.h
[2.292s] -- Up-to-date: /home/GTL/mgaddam/CS7630/ros2_ws/install/task_manager_lib/include/task_manager_lib/TaskInstance.h
[2.293s] -- Up-to-date: /home/GTL/mgaddam/CS7630/ros2_ws/install/task_manager_lib/include/task_manager_lib/ParameterList.h
[2.293s] -- Up-to-date: /home/GTL/mgaddam/CS7630/ros2_ws/install/task_manager_lib/include/task_manager_lib/TaskIdleDefault.h
[2.294s] -- Up-to-date: /home/GTL/mgaddam/CS7630/ros2_ws/install/task_manager_lib/include/task_manager_lib/TaskServiceGeneric.h
[2.294s] -- Up-to-date: /home/GTL/mgaddam/CS7630/ros2_ws/install/task_manager_lib/include/task_manager_lib/TaskParameterDefinition.h
[2.295s] -- Up-to-date: /home/GTL/mgaddam/CS7630/ros2_ws/install/task_manager_lib/include/task_manager_lib/TaskSystem.h
[2.295s] -- Up-to-date: /home/GTL/mgaddam/CS7630/ros2_ws/install/task_manager_lib/include/task_manager_lib/TaskDefinition.h
[2.295s] -- Up-to-date: /home/GTL/mgaddam/CS7630/ros2_ws/install/task_manager_lib/include/task_manager_lib/TaskConfig.h
[2.296s] -- Up-to-date: /home/GTL/mgaddam/CS7630/ros2_ws/install/task_manager_lib/include/task_manager_lib/TaskActionGeneric.h
[2.297s] -- Up-to-date: /home/GTL/mgaddam/CS7630/ros2_ws/install/task_manager_lib/share/task_manager_lib/environment/library_path.sh
[2.298s] -- Up-to-date: /home/GTL/mgaddam/CS7630/ros2_ws/install/task_manager_lib/share/task_manager_lib/environment/library_path.dsv
[2.298s] -- Up-to-date: /home/GTL/mgaddam/CS7630/ros2_ws/install/task_manager_lib/share/ament_index/resource_index/package_run_dependencies/task_manager_lib
[2.299s] -- Up-to-date: /home/GTL/mgaddam/CS7630/ros2_ws/install/task_manager_lib/share/ament_index/resource_index/parent_prefix_path/task_manager_lib
[2.300s] -- Up-to-date: /home/GTL/mgaddam/CS7630/ros2_ws/install/task_manager_lib/share/task_manager_lib/environment/ament_prefix_path.sh
[2.301s] -- Up-to-date: /home/GTL/mgaddam/CS7630/ros2_ws/install/task_manager_lib/share/task_manager_lib/environment/ament_prefix_path.dsv
[2.302s] -- Up-to-date: /home/GTL/mgaddam/CS7630/ros2_ws/install/task_manager_lib/share/task_manager_lib/environment/path.sh
[2.303s] -- Up-to-date: /home/GTL/mgaddam/CS7630/ros2_ws/install/task_manager_lib/share/task_manager_lib/environment/path.dsv
[2.303s] -- Up-to-date: /home/GTL/mgaddam/CS7630/ros2_ws/install/task_manager_lib/share/task_manager_lib/local_setup.bash
[2.304s] -- Up-to-date: /home/GTL/mgaddam/CS7630/ros2_ws/install/task_manager_lib/share/task_manager_lib/local_setup.sh
[2.305s] -- Up-to-date: /home/GTL/mgaddam/CS7630/ros2_ws/install/task_manager_lib/share/task_manager_lib/local_setup.zsh
[2.306s] -- Up-to-date: /home/GTL/mgaddam/CS7630/ros2_ws/install/task_manager_lib/share/task_manager_lib/local_setup.dsv
[2.307s] -- Installing: /home/GTL/mgaddam/CS7630/ros2_ws/install/task_manager_lib/share/task_manager_lib/package.dsv
[2.311s] -- Up-to-date: /home/GTL/mgaddam/CS7630/ros2_ws/install/task_manager_lib/share/ament_index/resource_index/packages/task_manager_lib
[2.311s] -- Up-to-date: /home/GTL/mgaddam/CS7630/ros2_ws/install/task_manager_lib/share/task_manager_lib/cmake/ament_cmake_export_dependencies-extras.cmake
[2.312s] -- Up-to-date: /home/GTL/mgaddam/CS7630/ros2_ws/install/task_manager_lib/share/task_manager_lib/cmake/ament_cmake_export_include_directories-extras.cmake
[2.312s] -- Up-to-date: /home/GTL/mgaddam/CS7630/ros2_ws/install/task_manager_lib/share/task_manager_lib/cmake/ament_cmake_export_libraries-extras.cmake
[2.312s] -- Up-to-date: /home/GTL/mgaddam/CS7630/ros2_ws/install/task_manager_lib/share/task_manager_lib/cmake/task_manager_libConfig.cmake
[2.313s] -- Up-to-date: /home/GTL/mgaddam/CS7630/ros2_ws/install/task_manager_lib/share/task_manager_lib/cmake/task_manager_libConfig-version.cmake
[2.313s] -- Up-to-date: /home/GTL/mgaddam/CS7630/ros2_ws/install/task_manager_lib/share/task_manager_lib/package.xml
[2.356s] Invoked command in '/home/GTL/mgaddam/CS7630/ros2_ws/build/task_manager_lib' returned '0': CMAKE_PREFIX_PATH=/home/GTL/mgaddam/CS7630/ros2_ws/install/task_manager_msgs:/home/GTL/mgaddam/CS7630/ros2_ws/install/wifi_map_base:/home/GTL/mgaddam/CS7630/ros2_ws/install/wpa_cli_msgs:/home/GTL/mgaddam/CS7630/ros2_ws/install/vrep4_helpers:/home/GTL/mgaddam/CS7630/ros2_ws/install/turtlebot_launch:/home/GTL/mgaddam/CS7630/ros2_ws/install/task_manager_sync:/home/GTL/mgaddam/CS7630/ros2_ws/install/floor_nav:/home/GTL/mgaddam/CS7630/ros2_ws/install/task_manager_nav2:/home/GTL/mgaddam/CS7630/ros2_ws/install/task_manager_lib:/home/GTL/mgaddam/CS7630/ros2_ws/install/cs7630_msgs:/home/GTL/mgaddam/CS7630/ros2_ws/install/collision_avoidance_base:/home/GTL/mgaddam/CS7630/ros2_ws/install/vrep_ros_teleop:/home/GTL/mgaddam/CS7630/ros2_ws/install/task_manager_client_py:/home/GTL/mgaddam/CS7630/ros2_ws/install/ar_slam_base:/home/GTL/mgaddam/CS7630/ros2_ws/install/ar_loc_base:/home/GTL/mgaddam/CS7630/ros2_ws/install/rover_driver_base:/home/GTL/mgaddam/CS7630/ros2_ws/install/keyboard_teleop:/home/GTL/mgaddam/CS7630/ros2_ws/install/face_detect_base:/home/GTL/mgaddam/CS7630/ros2_ws/install/button_server:/home/GTL/mgaddam/CS7630/ros2_ws/install/ar_mapping_base:/opt/ros/humble LD_LIBRARY_PATH=/home/GTL/mgaddam/CS7630/ros2_ws/install/task_manager_msgs/lib:/home/GTL/mgaddam/CS7630/ros2_ws/install/wpa_cli_msgs/lib:/home/GTL/mgaddam/CS7630/ros2_ws/install/task_manager_sync/lib:/home/GTL/mgaddam/CS7630/ros2_ws/install/task_manager_lib/lib:/home/GTL/mgaddam/CS7630/ros2_ws/install/cs7630_msgs/lib:/usr/lib/x86_64-linux-gnu/gazebo-11/plugins:/opt/ros/humble/opt/rviz_ogre_vendor/lib:/opt/ros/humble/lib/x86_64-linux-gnu:/opt/ros/humble/lib /usr/bin/cmake --install /home/GTL/mgaddam/CS7630/ros2_ws/build/task_manager_lib
