[3.094s] Invoking command in '/home/GTL/mgaddam/CS7630/ros2_ws/src/ros_task_manager/src/button_server': PYTHONPATH=/home/GTL/mgaddam/CS7630/ros2_ws/build/button_server/prefix_override:/home/GTL/mgaddam/CS7630/ros2_ws/install/button_server/lib/python3.10/site-packages:${PYTHONPATH} /usr/bin/python3 setup.py egg_info --egg-base ../../../../build/button_server build --build-base /home/GTL/mgaddam/CS7630/ros2_ws/build/button_server/build install --record /home/GTL/mgaddam/CS7630/ros2_ws/build/button_server/install.log --single-version-externally-managed
[3.300s] running egg_info
[3.300s] writing ../../../../build/button_server/button_server.egg-info/PKG-INFO
[3.302s] writing dependency_links to ../../../../build/button_server/button_server.egg-info/dependency_links.txt
[3.302s] writing entry points to ../../../../build/button_server/button_server.egg-info/entry_points.txt
[3.304s] writing requirements to ../../../../build/button_server/button_server.egg-info/requires.txt
[3.304s] writing top-level names to ../../../../build/button_server/button_server.egg-info/top_level.txt
[3.308s] reading manifest file '../../../../build/button_server/button_server.egg-info/SOURCES.txt'
[3.310s] writing manifest file '../../../../build/button_server/button_server.egg-info/SOURCES.txt'
[3.310s] running build
[3.310s] running build_py
[3.312s] running build_scripts
[3.313s] running install
[3.313s] /usr/lib/python3/dist-packages/setuptools/command/install.py:34: SetuptoolsDeprecationWarning: setup.py install is deprecated. Use build and pip and other standards-based tools.
[3.313s]   warnings.warn(
[3.313s] running install_lib
[3.316s] running install_data
[3.319s] running install_egg_info
[3.320s] removing '/home/GTL/mgaddam/CS7630/ros2_ws/install/button_server/lib/python3.10/site-packages/button_server-0.0.0-py3.10.egg-info' (and everything under it)
[3.323s] Copying ../../../../build/button_server/button_server.egg-info to /home/GTL/mgaddam/CS7630/ros2_ws/install/button_server/lib/python3.10/site-packages/button_server-0.0.0-py3.10.egg-info
[3.341s] running install_scripts
[3.363s] changing mode of /home/GTL/mgaddam/CS7630/ros2_ws/install/button_server/lib/button_server/button_server_node to 775
[3.365s] writing list of installed files to '/home/GTL/mgaddam/CS7630/ros2_ws/build/button_server/install.log'
[3.902s] Invoked command in '/home/GTL/mgaddam/CS7630/ros2_ws/src/ros_task_manager/src/button_server' returned '0': PYTHONPATH=/home/GTL/mgaddam/CS7630/ros2_ws/build/button_server/prefix_override:/home/GTL/mgaddam/CS7630/ros2_ws/install/button_server/lib/python3.10/site-packages:${PYTHONPATH} /usr/bin/python3 setup.py egg_info --egg-base ../../../../build/button_server build --build-base /home/GTL/mgaddam/CS7630/ros2_ws/build/button_server/build install --record /home/GTL/mgaddam/CS7630/ros2_ws/build/button_server/install.log --single-version-externally-managed
