[0.732s] Invoking command in '/home/GTL/mgaddam/CS7630/ros2_ws/src/ar_slam_base': AMENT_PREFIX_PATH=/home/GTL/mgaddam/CS7630/ros2_ws/src/install/ar_loc_base:/home/GTL/mgaddam/CS7630/ros2_ws/src/install/rover_driver_base:/home/GTL/mgaddam/CS7630/ros2_ws/src/install/ar_mapping_base:${AMENT_PREFIX_PATH} PYTHONPATH=/home/GTL/mgaddam/CS7630/ros2_ws/src/build/ar_slam_base/prefix_override:/home/GTL/mgaddam/CS7630/ros2_ws/src/install/ar_slam_base/lib/python3.10/site-packages:/home/GTL/mgaddam/CS7630/ros2_ws/src/install/ar_loc_base/lib/python3.10/site-packages:/home/GTL/mgaddam/CS7630/ros2_ws/src/install/rover_driver_base/lib/python3.10/site-packages:/home/GTL/mgaddam/CS7630/ros2_ws/src/install/ar_mapping_base/lib/python3.10/site-packages:${PYTHONPATH} /usr/bin/python3 setup.py egg_info --egg-base ../build/ar_slam_base build --build-base /home/GTL/mgaddam/CS7630/ros2_ws/src/build/ar_slam_base/build install --record /home/GTL/mgaddam/CS7630/ros2_ws/src/build/ar_slam_base/install.log --single-version-externally-managed
[0.908s] running egg_info
[0.909s] writing ../build/ar_slam_base/ar_slam_base.egg-info/PKG-INFO
[0.911s] writing dependency_links to ../build/ar_slam_base/ar_slam_base.egg-info/dependency_links.txt
[0.913s] writing entry points to ../build/ar_slam_base/ar_slam_base.egg-info/entry_points.txt
[0.915s] writing requirements to ../build/ar_slam_base/ar_slam_base.egg-info/requires.txt
[0.916s] writing top-level names to ../build/ar_slam_base/ar_slam_base.egg-info/top_level.txt
[0.921s] reading manifest file '../build/ar_slam_base/ar_slam_base.egg-info/SOURCES.txt'
[0.923s] writing manifest file '../build/ar_slam_base/ar_slam_base.egg-info/SOURCES.txt'
[0.924s] running build
[0.924s] running build_py
[0.925s] running install
[0.925s] /usr/lib/python3/dist-packages/setuptools/command/install.py:34: SetuptoolsDeprecationWarning: setup.py install is deprecated. Use build and pip and other standards-based tools.
[0.925s]   warnings.warn(
[0.925s] running install_lib
[0.927s] running install_data
[0.927s] running install_egg_info
[0.928s] removing '/home/GTL/mgaddam/CS7630/ros2_ws/src/install/ar_slam_base/lib/python3.10/site-packages/ar_slam_base-0.0.0-py3.10.egg-info' (and everything under it)
[0.932s] Copying ../build/ar_slam_base/ar_slam_base.egg-info to /home/GTL/mgaddam/CS7630/ros2_ws/src/install/ar_slam_base/lib/python3.10/site-packages/ar_slam_base-0.0.0-py3.10.egg-info
[0.954s] running install_scripts
[0.968s] Installing ar_slam_node script to /home/GTL/mgaddam/CS7630/ros2_ws/src/install/ar_slam_base/lib/ar_slam_base
[0.970s] Installing tb_slam_node script to /home/GTL/mgaddam/CS7630/ros2_ws/src/install/ar_slam_base/lib/ar_slam_base
[0.972s] writing list of installed files to '/home/GTL/mgaddam/CS7630/ros2_ws/src/build/ar_slam_base/install.log'
[0.988s] Invoked command in '/home/GTL/mgaddam/CS7630/ros2_ws/src/ar_slam_base' returned '0': AMENT_PREFIX_PATH=/home/GTL/mgaddam/CS7630/ros2_ws/src/install/ar_loc_base:/home/GTL/mgaddam/CS7630/ros2_ws/src/install/rover_driver_base:/home/GTL/mgaddam/CS7630/ros2_ws/src/install/ar_mapping_base:${AMENT_PREFIX_PATH} PYTHONPATH=/home/GTL/mgaddam/CS7630/ros2_ws/src/build/ar_slam_base/prefix_override:/home/GTL/mgaddam/CS7630/ros2_ws/src/install/ar_slam_base/lib/python3.10/site-packages:/home/GTL/mgaddam/CS7630/ros2_ws/src/install/ar_loc_base/lib/python3.10/site-packages:/home/GTL/mgaddam/CS7630/ros2_ws/src/install/rover_driver_base/lib/python3.10/site-packages:/home/GTL/mgaddam/CS7630/ros2_ws/src/install/ar_mapping_base/lib/python3.10/site-packages:${PYTHONPATH} /usr/bin/python3 setup.py egg_info --egg-base ../build/ar_slam_base build --build-base /home/GTL/mgaddam/CS7630/ros2_ws/src/build/ar_slam_base/build install --record /home/GTL/mgaddam/CS7630/ros2_ws/src/build/ar_slam_base/install.log --single-version-externally-managed
