[1.048s] Invoking command in '/home/GTL/mgaddam/CS7630/ros2_ws/build/collision_avoidance_base': CMAKE_PREFIX_PATH=/opt/ros/humble /usr/bin/cmake --build /home/GTL/mgaddam/CS7630/ros2_ws/build/collision_avoidance_base -- -j16 -l16
[1.514s] [100%] Built target collision_avoidance_base
[1.523s] Invoked command in '/home/GTL/mgaddam/CS7630/ros2_ws/build/collision_avoidance_base' returned '0': CMAKE_PREFIX_PATH=/opt/ros/humble /usr/bin/cmake --build /home/GTL/mgaddam/CS7630/ros2_ws/build/collision_avoidance_base -- -j16 -l16
[1.569s] Invoking command in '/home/GTL/mgaddam/CS7630/ros2_ws/build/collision_avoidance_base': CMAKE_PREFIX_PATH=/opt/ros/humble /usr/bin/cmake --install /home/GTL/mgaddam/CS7630/ros2_ws/build/collision_avoidance_base
[1.574s] -- Install configuration: ""
[1.635s] -- Up-to-date: /home/GTL/mgaddam/CS7630/ros2_ws/install/collision_avoidance_base/lib/collision_avoidance_base/collision_avoidance_base
[1.635s] -- Up-to-date: /home/GTL/mgaddam/CS7630/ros2_ws/install/collision_avoidance_base/share/collision_avoidance_base
[1.635s] -- Up-to-date: /home/GTL/mgaddam/CS7630/ros2_ws/install/collision_avoidance_base/share/collision_avoidance_base/ca_auto.launch.py
[1.636s] -- Up-to-date: /home/GTL/mgaddam/CS7630/ros2_ws/install/collision_avoidance_base/share/collision_avoidance_base/ca.launch.py
[1.637s] -- Up-to-date: /home/GTL/mgaddam/CS7630/ros2_ws/install/collision_avoidance_base/share/ament_index/resource_index/package_run_dependencies/collision_avoidance_base
[1.637s] -- Up-to-date: /home/GTL/mgaddam/CS7630/ros2_ws/install/collision_avoidance_base/share/ament_index/resource_index/parent_prefix_path/collision_avoidance_base
[1.638s] -- Up-to-date: /home/GTL/mgaddam/CS7630/ros2_ws/install/collision_avoidance_base/share/collision_avoidance_base/environment/ament_prefix_path.sh
[1.639s] -- Up-to-date: /home/GTL/mgaddam/CS7630/ros2_ws/install/collision_avoidance_base/share/collision_avoidance_base/environment/ament_prefix_path.dsv
[1.641s] -- Up-to-date: /home/GTL/mgaddam/CS7630/ros2_ws/install/collision_avoidance_base/share/collision_avoidance_base/environment/path.sh
[1.676s] -- Up-to-date: /home/GTL/mgaddam/CS7630/ros2_ws/install/collision_avoidance_base/share/collision_avoidance_base/environment/path.dsv
[1.685s] -- Up-to-date: /home/GTL/mgaddam/CS7630/ros2_ws/install/collision_avoidance_base/share/collision_avoidance_base/local_setup.bash
[1.686s] -- Up-to-date: /home/GTL/mgaddam/CS7630/ros2_ws/install/collision_avoidance_base/share/collision_avoidance_base/local_setup.sh
[1.687s] -- Up-to-date: /home/GTL/mgaddam/CS7630/ros2_ws/install/collision_avoidance_base/share/collision_avoidance_base/local_setup.zsh
[1.688s] -- Up-to-date: /home/GTL/mgaddam/CS7630/ros2_ws/install/collision_avoidance_base/share/collision_avoidance_base/local_setup.dsv
[1.689s] -- Installing: /home/GTL/mgaddam/CS7630/ros2_ws/install/collision_avoidance_base/share/collision_avoidance_base/package.dsv
[1.694s] -- Up-to-date: /home/GTL/mgaddam/CS7630/ros2_ws/install/collision_avoidance_base/share/ament_index/resource_index/packages/collision_avoidance_base
[1.694s] -- Up-to-date: /home/GTL/mgaddam/CS7630/ros2_ws/install/collision_avoidance_base/share/collision_avoidance_base/cmake/ament_cmake_export_include_directories-extras.cmake
[1.694s] -- Up-to-date: /home/GTL/mgaddam/CS7630/ros2_ws/install/collision_avoidance_base/share/collision_avoidance_base/cmake/collision_avoidance_baseConfig.cmake
[1.695s] -- Up-to-date: /home/GTL/mgaddam/CS7630/ros2_ws/install/collision_avoidance_base/share/collision_avoidance_base/cmake/collision_avoidance_baseConfig-version.cmake
[1.695s] -- Up-to-date: /home/GTL/mgaddam/CS7630/ros2_ws/install/collision_avoidance_base/share/collision_avoidance_base/package.xml
[1.698s] Invoked command in '/home/GTL/mgaddam/CS7630/ros2_ws/build/collision_avoidance_base' returned '0': CMAKE_PREFIX_PATH=/opt/ros/humble /usr/bin/cmake --install /home/GTL/mgaddam/CS7630/ros2_ws/build/collision_avoidance_base
