[0.177s] Invoking command in '/home/GTL/mgaddam/CS7630/ros2_ws/build/task_manager_nav2': AMENT_PREFIX_PATH=/home/GTL/mgaddam/CS7630/ros2_ws/install/task_manager_lib:/home/GTL/mgaddam/CS7630/ros2_ws/install/task_manager_msgs:${AMENT_PREFIX_PATH} CMAKE_PREFIX_PATH=/home/GTL/mgaddam/CS7630/ros2_ws/install/task_manager_lib:/home/GTL/mgaddam/CS7630/ros2_ws/install/task_manager_msgs:/opt/ros/humble LD_LIBRARY_PATH=/home/GTL/mgaddam/CS7630/ros2_ws/install/task_manager_lib/lib:/home/GTL/mgaddam/CS7630/ros2_ws/install/task_manager_msgs/lib:${LD_LIBRARY_PATH} PYTHONPATH=/home/GTL/mgaddam/CS7630/ros2_ws/install/task_manager_msgs/local/lib/python3.10/dist-packages:${PYTHONPATH} /usr/bin/cmake --build /home/GTL/mgaddam/CS7630/ros2_ws/build/task_manager_nav2 -- -j16 -l16
[0.446s] Invoked command in '/home/GTL/mgaddam/CS7630/ros2_ws/build/task_manager_nav2' returned '0': AMENT_PREFIX_PATH=/home/GTL/mgaddam/CS7630/ros2_ws/install/task_manager_lib:/home/GTL/mgaddam/CS7630/ros2_ws/install/task_manager_msgs:${AMENT_PREFIX_PATH} CMAKE_PREFIX_PATH=/home/GTL/mgaddam/CS7630/ros2_ws/install/task_manager_lib:/home/GTL/mgaddam/CS7630/ros2_ws/install/task_manager_msgs:/opt/ros/humble LD_LIBRARY_PATH=/home/GTL/mgaddam/CS7630/ros2_ws/install/task_manager_lib/lib:/home/GTL/mgaddam/CS7630/ros2_ws/install/task_manager_msgs/lib:${LD_LIBRARY_PATH} PYTHONPATH=/home/GTL/mgaddam/CS7630/ros2_ws/install/task_manager_msgs/local/lib/python3.10/dist-packages:${PYTHONPATH} /usr/bin/cmake --build /home/GTL/mgaddam/CS7630/ros2_ws/build/task_manager_nav2 -- -j16 -l16
[0.684s] Invoking command in '/home/GTL/mgaddam/CS7630/ros2_ws/build/task_manager_nav2': AMENT_PREFIX_PATH=/home/GTL/mgaddam/CS7630/ros2_ws/install/task_manager_lib:/home/GTL/mgaddam/CS7630/ros2_ws/install/task_manager_msgs:${AMENT_PREFIX_PATH} CMAKE_PREFIX_PATH=/home/GTL/mgaddam/CS7630/ros2_ws/install/task_manager_lib:/home/GTL/mgaddam/CS7630/ros2_ws/install/task_manager_msgs:/opt/ros/humble LD_LIBRARY_PATH=/home/GTL/mgaddam/CS7630/ros2_ws/install/task_manager_lib/lib:/home/GTL/mgaddam/CS7630/ros2_ws/install/task_manager_msgs/lib:${LD_LIBRARY_PATH} PYTHONPATH=/home/GTL/mgaddam/CS7630/ros2_ws/install/task_manager_msgs/local/lib/python3.10/dist-packages:${PYTHONPATH} /usr/bin/cmake --install /home/GTL/mgaddam/CS7630/ros2_ws/build/task_manager_nav2
[0.719s] -- Install configuration: ""
[0.721s] -- Up-to-date: /home/GTL/mgaddam/CS7630/ros2_ws/install/task_manager_nav2/include/task_manager_nav2
[0.722s] -- Up-to-date: /home/GTL/mgaddam/CS7630/ros2_ws/install/task_manager_nav2/include/task_manager_nav2/TaskActionNav2.h
[0.724s] -- Up-to-date: /home/GTL/mgaddam/CS7630/ros2_ws/install/task_manager_nav2/share/ament_index/resource_index/package_run_dependencies/task_manager_nav2
[0.724s] -- Up-to-date: /home/GTL/mgaddam/CS7630/ros2_ws/install/task_manager_nav2/share/ament_index/resource_index/parent_prefix_path/task_manager_nav2
[0.725s] -- Up-to-date: /home/GTL/mgaddam/CS7630/ros2_ws/install/task_manager_nav2/share/task_manager_nav2/environment/ament_prefix_path.sh
[0.726s] -- Up-to-date: /home/GTL/mgaddam/CS7630/ros2_ws/install/task_manager_nav2/share/task_manager_nav2/environment/ament_prefix_path.dsv
[0.727s] -- Up-to-date: /home/GTL/mgaddam/CS7630/ros2_ws/install/task_manager_nav2/share/task_manager_nav2/environment/path.sh
[0.728s] -- Up-to-date: /home/GTL/mgaddam/CS7630/ros2_ws/install/task_manager_nav2/share/task_manager_nav2/environment/path.dsv
[0.728s] -- Up-to-date: /home/GTL/mgaddam/CS7630/ros2_ws/install/task_manager_nav2/share/task_manager_nav2/local_setup.bash
[0.729s] -- Up-to-date: /home/GTL/mgaddam/CS7630/ros2_ws/install/task_manager_nav2/share/task_manager_nav2/local_setup.sh
[0.729s] -- Up-to-date: /home/GTL/mgaddam/CS7630/ros2_ws/install/task_manager_nav2/share/task_manager_nav2/local_setup.zsh
[0.730s] -- Up-to-date: /home/GTL/mgaddam/CS7630/ros2_ws/install/task_manager_nav2/share/task_manager_nav2/local_setup.dsv
[0.731s] -- Installing: /home/GTL/mgaddam/CS7630/ros2_ws/install/task_manager_nav2/share/task_manager_nav2/package.dsv
[0.751s] -- Up-to-date: /home/GTL/mgaddam/CS7630/ros2_ws/install/task_manager_nav2/share/ament_index/resource_index/packages/task_manager_nav2
[0.752s] -- Up-to-date: /home/GTL/mgaddam/CS7630/ros2_ws/install/task_manager_nav2/share/task_manager_nav2/cmake/ament_cmake_export_dependencies-extras.cmake
[0.753s] -- Up-to-date: /home/GTL/mgaddam/CS7630/ros2_ws/install/task_manager_nav2/share/task_manager_nav2/cmake/ament_cmake_export_include_directories-extras.cmake
[0.753s] -- Up-to-date: /home/GTL/mgaddam/CS7630/ros2_ws/install/task_manager_nav2/share/task_manager_nav2/cmake/task_manager_nav2Config.cmake
[0.753s] -- Up-to-date: /home/GTL/mgaddam/CS7630/ros2_ws/install/task_manager_nav2/share/task_manager_nav2/cmake/task_manager_nav2Config-version.cmake
[0.754s] -- Up-to-date: /home/GTL/mgaddam/CS7630/ros2_ws/install/task_manager_nav2/share/task_manager_nav2/package.xml
[0.757s] Invoked command in '/home/GTL/mgaddam/CS7630/ros2_ws/build/task_manager_nav2' returned '0': AMENT_PREFIX_PATH=/home/GTL/mgaddam/CS7630/ros2_ws/install/task_manager_lib:/home/GTL/mgaddam/CS7630/ros2_ws/install/task_manager_msgs:${AMENT_PREFIX_PATH} CMAKE_PREFIX_PATH=/home/GTL/mgaddam/CS7630/ros2_ws/install/task_manager_lib:/home/GTL/mgaddam/CS7630/ros2_ws/install/task_manager_msgs:/opt/ros/humble LD_LIBRARY_PATH=/home/GTL/mgaddam/CS7630/ros2_ws/install/task_manager_lib/lib:/home/GTL/mgaddam/CS7630/ros2_ws/install/task_manager_msgs/lib:${LD_LIBRARY_PATH} PYTHONPATH=/home/GTL/mgaddam/CS7630/ros2_ws/install/task_manager_msgs/local/lib/python3.10/dist-packages:${PYTHONPATH} /usr/bin/cmake --install /home/GTL/mgaddam/CS7630/ros2_ws/build/task_manager_nav2
