[1.927s] Invoking command in '/home/GTL/mgaddam/CS7630/ros2_ws/src/ar_loc_base': AMENT_PREFIX_PATH=/home/GTL/mgaddam/CS7630/ros2_ws/src/install/rover_driver_base:${AMENT_PREFIX_PATH} PYTHONPATH=/home/GTL/mgaddam/CS7630/ros2_ws/src/build/ar_loc_base/prefix_override:/home/GTL/mgaddam/CS7630/ros2_ws/src/install/ar_loc_base/lib/python3.10/site-packages:/home/GTL/mgaddam/CS7630/ros2_ws/src/install/rover_driver_base/lib/python3.10/site-packages:${PYTHONPATH} /usr/bin/python3 setup.py egg_info --egg-base ../build/ar_loc_base build --build-base /home/GTL/mgaddam/CS7630/ros2_ws/src/build/ar_loc_base/build install --record /home/GTL/mgaddam/CS7630/ros2_ws/src/build/ar_loc_base/install.log --single-version-externally-managed
[2.088s] running egg_info
[2.089s] writing ../build/ar_loc_base/ar_loc_base.egg-info/PKG-INFO
[2.091s] writing dependency_links to ../build/ar_loc_base/ar_loc_base.egg-info/dependency_links.txt
[2.092s] writing entry points to ../build/ar_loc_base/ar_loc_base.egg-info/entry_points.txt
[2.094s] writing requirements to ../build/ar_loc_base/ar_loc_base.egg-info/requires.txt
[2.095s] writing top-level names to ../build/ar_loc_base/ar_loc_base.egg-info/top_level.txt
[2.101s] reading manifest file '../build/ar_loc_base/ar_loc_base.egg-info/SOURCES.txt'
[2.134s] writing manifest file '../build/ar_loc_base/ar_loc_base.egg-info/SOURCES.txt'
[2.135s] running build
[2.135s] running build_py
[2.136s] copying ar_loc_base/rover_kf.py -> /home/GTL/mgaddam/CS7630/ros2_ws/src/build/ar_loc_base/build/lib/ar_loc_base
[2.139s] running install
[2.139s] /usr/lib/python3/dist-packages/setuptools/command/install.py:34: SetuptoolsDeprecationWarning: setup.py install is deprecated. Use build and pip and other standards-based tools.
[2.139s]   warnings.warn(
[2.139s] running install_lib
[2.142s] copying /home/GTL/mgaddam/CS7630/ros2_ws/src/build/ar_loc_base/build/lib/ar_loc_base/rover_kf.py -> /home/GTL/mgaddam/CS7630/ros2_ws/src/install/ar_loc_base/lib/python3.10/site-packages/ar_loc_base
[2.145s] byte-compiling /home/GTL/mgaddam/CS7630/ros2_ws/src/install/ar_loc_base/lib/python3.10/site-packages/ar_loc_base/rover_kf.py to rover_kf.cpython-310.pyc
[2.288s] running install_data
[2.290s] running install_egg_info
[2.291s] removing '/home/GTL/mgaddam/CS7630/ros2_ws/src/install/ar_loc_base/lib/python3.10/site-packages/ar_loc_base-0.0.0-py3.10.egg-info' (and everything under it)
[2.295s] Copying ../build/ar_loc_base/ar_loc_base.egg-info to /home/GTL/mgaddam/CS7630/ros2_ws/src/install/ar_loc_base/lib/python3.10/site-packages/ar_loc_base-0.0.0-py3.10.egg-info
[2.346s] running install_scripts
[2.360s] Installing ar_loc_node script to /home/GTL/mgaddam/CS7630/ros2_ws/src/install/ar_loc_base/lib/ar_loc_base
[2.363s] writing list of installed files to '/home/GTL/mgaddam/CS7630/ros2_ws/src/build/ar_loc_base/install.log'
[2.445s] Invoked command in '/home/GTL/mgaddam/CS7630/ros2_ws/src/ar_loc_base' returned '0': AMENT_PREFIX_PATH=/home/GTL/mgaddam/CS7630/ros2_ws/src/install/rover_driver_base:${AMENT_PREFIX_PATH} PYTHONPATH=/home/GTL/mgaddam/CS7630/ros2_ws/src/build/ar_loc_base/prefix_override:/home/GTL/mgaddam/CS7630/ros2_ws/src/install/ar_loc_base/lib/python3.10/site-packages:/home/GTL/mgaddam/CS7630/ros2_ws/src/install/rover_driver_base/lib/python3.10/site-packages:${PYTHONPATH} /usr/bin/python3 setup.py egg_info --egg-base ../build/ar_loc_base build --build-base /home/GTL/mgaddam/CS7630/ros2_ws/src/build/ar_loc_base/build install --record /home/GTL/mgaddam/CS7630/ros2_ws/src/build/ar_loc_base/install.log --single-version-externally-managed
