[0.549s] Invoking command in '/home/GTL/mgaddam/CS7630/ros2_ws/src/build/task_manager_msgs': CMAKE_PREFIX_PATH=/opt/ros/humble /usr/bin/cmake --build /home/GTL/mgaddam/CS7630/ros2_ws/src/build/task_manager_msgs -- -j16 -l16
[1.580s] [  0%] Built target task_manager_msgs__cpp
[1.580s] [ 12%] Built target task_manager_msgs__rosidl_generator_c
[1.580s] [ 23%] Built target task_manager_msgs__rosidl_typesupport_cpp
[1.581s] [ 35%] Built target task_manager_msgs__rosidl_typesupport_introspection_cpp
[1.581s] [ 46%] Built target task_manager_msgs__rosidl_typesupport_introspection_c
[1.581s] [ 58%] Built target task_manager_msgs__rosidl_typesupport_c
[1.581s] [ 70%] Built target task_manager_msgs__rosidl_typesupport_fastrtps_cpp
[1.581s] [ 82%] Built target task_manager_msgs__rosidl_typesupport_fastrtps_c
[1.581s] [ 82%] Built target ament_cmake_python_copy_task_manager_msgs
[1.581s] [ 82%] Built target task_manager_msgs
[1.581s] [ 83%] Built target task_manager_msgs__py
[1.581s] [ 85%] Built target task_manager_msgs_encapsulate
[1.581s] [ 95%] Built target task_manager_msgs__rosidl_generator_py
[1.581s] [ 98%] Built target task_manager_msgs__rosidl_typesupport_c__pyext
[1.581s] [ 98%] Built target task_manager_msgs__rosidl_typesupport_fastrtps_c__pyext
[1.581s] [100%] Built target task_manager_msgs__rosidl_typesupport_introspection_c__pyext
[1.581s] running egg_info
[1.581s] writing task_manager_msgs.egg-info/PKG-INFO
[1.581s] writing dependency_links to task_manager_msgs.egg-info/dependency_links.txt
[1.581s] writing top-level names to task_manager_msgs.egg-info/top_level.txt
[1.581s] reading manifest file 'task_manager_msgs.egg-info/SOURCES.txt'
[1.581s] writing manifest file 'task_manager_msgs.egg-info/SOURCES.txt'
[1.581s] [100%] Built target ament_cmake_python_build_task_manager_msgs_egg
[1.822s] Invoked command in '/home/GTL/mgaddam/CS7630/ros2_ws/src/build/task_manager_msgs' returned '0': CMAKE_PREFIX_PATH=/opt/ros/humble /usr/bin/cmake --build /home/GTL/mgaddam/CS7630/ros2_ws/src/build/task_manager_msgs -- -j16 -l16
[1.995s] Invoking command in '/home/GTL/mgaddam/CS7630/ros2_ws/src/build/task_manager_msgs': CMAKE_PREFIX_PATH=/opt/ros/humble /usr/bin/cmake --install /home/GTL/mgaddam/CS7630/ros2_ws/src/build/task_manager_msgs
[2.001s] -- Install configuration: ""
[2.003s] -- Up-to-date: /home/GTL/mgaddam/CS7630/ros2_ws/src/install/task_manager_msgs/share/ament_index/resource_index/rosidl_interfaces/task_manager_msgs
[2.004s] -- Up-to-date: /home/GTL/mgaddam/CS7630/ros2_ws/src/install/task_manager_msgs/include/task_manager_msgs/task_manager_msgs
[2.005s] -- Up-to-date: /home/GTL/mgaddam/CS7630/ros2_ws/src/install/task_manager_msgs/include/task_manager_msgs/task_manager_msgs/msg
[2.006s] -- Up-to-date: /home/GTL/mgaddam/CS7630/ros2_ws/src/install/task_manager_msgs/include/task_manager_msgs/task_manager_msgs/msg/task_status.h
[2.006s] -- Up-to-date: /home/GTL/mgaddam/CS7630/ros2_ws/src/install/task_manager_msgs/include/task_manager_msgs/task_manager_msgs/msg/sync_status.h
[2.007s] -- Up-to-date: /home/GTL/mgaddam/CS7630/ros2_ws/src/install/task_manager_msgs/include/task_manager_msgs/task_manager_msgs/msg/detail
[2.009s] -- Up-to-date: /home/GTL/mgaddam/CS7630/ros2_ws/src/install/task_manager_msgs/include/task_manager_msgs/task_manager_msgs/msg/detail/task_parameter__functions.c
[2.009s] -- Up-to-date: /home/GTL/mgaddam/CS7630/ros2_ws/src/install/task_manager_msgs/include/task_manager_msgs/task_manager_msgs/msg/detail/task_description__struct.h
[2.009s] -- Up-to-date: /home/GTL/mgaddam/CS7630/ros2_ws/src/install/task_manager_msgs/include/task_manager_msgs/task_manager_msgs/msg/detail/task_description__type_support.h
[2.009s] -- Up-to-date: /home/GTL/mgaddam/CS7630/ros2_ws/src/install/task_manager_msgs/include/task_manager_msgs/task_manager_msgs/msg/detail/task_parameter__functions.h
[2.010s] -- Up-to-date: /home/GTL/mgaddam/CS7630/ros2_ws/src/install/task_manager_msgs/include/task_manager_msgs/task_manager_msgs/msg/detail/task_parameter__type_support.h
[2.010s] -- Up-to-date: /home/GTL/mgaddam/CS7630/ros2_ws/src/install/task_manager_msgs/include/task_manager_msgs/task_manager_msgs/msg/detail/sync_status__type_support.h
[2.011s] -- Up-to-date: /home/GTL/mgaddam/CS7630/ros2_ws/src/install/task_manager_msgs/include/task_manager_msgs/task_manager_msgs/msg/detail/task_config__struct.h
[2.011s] -- Up-to-date: /home/GTL/mgaddam/CS7630/ros2_ws/src/install/task_manager_msgs/include/task_manager_msgs/task_manager_msgs/msg/detail/encapsulated_message__functions.c
[2.012s] -- Up-to-date: /home/GTL/mgaddam/CS7630/ros2_ws/src/install/task_manager_msgs/include/task_manager_msgs/task_manager_msgs/msg/detail/task_description__functions.c
[2.012s] -- Up-to-date: /home/GTL/mgaddam/CS7630/ros2_ws/src/install/task_manager_msgs/include/task_manager_msgs/task_manager_msgs/msg/detail/task_config__type_support.h
[2.013s] -- Up-to-date: /home/GTL/mgaddam/CS7630/ros2_ws/src/install/task_manager_msgs/include/task_manager_msgs/task_manager_msgs/msg/detail/task_status__functions.c
[2.013s] -- Up-to-date: /home/GTL/mgaddam/CS7630/ros2_ws/src/install/task_manager_msgs/include/task_manager_msgs/task_manager_msgs/msg/detail/encapsulated_message__functions.h
[2.014s] -- Up-to-date: /home/GTL/mgaddam/CS7630/ros2_ws/src/install/task_manager_msgs/include/task_manager_msgs/task_manager_msgs/msg/detail/task_status__struct.h
[2.014s] -- Up-to-date: /home/GTL/mgaddam/CS7630/ros2_ws/src/install/task_manager_msgs/include/task_manager_msgs/task_manager_msgs/msg/detail/task_config__functions.h
[2.015s] -- Up-to-date: /home/GTL/mgaddam/CS7630/ros2_ws/src/install/task_manager_msgs/include/task_manager_msgs/task_manager_msgs/msg/detail/encapsulated_message__type_support.h
[2.015s] -- Up-to-date: /home/GTL/mgaddam/CS7630/ros2_ws/src/install/task_manager_msgs/include/task_manager_msgs/task_manager_msgs/msg/detail/sync_status__struct.h
[2.016s] -- Up-to-date: /home/GTL/mgaddam/CS7630/ros2_ws/src/install/task_manager_msgs/include/task_manager_msgs/task_manager_msgs/msg/detail/task_parameter__struct.h
[2.016s] -- Up-to-date: /home/GTL/mgaddam/CS7630/ros2_ws/src/install/task_manager_msgs/include/task_manager_msgs/task_manager_msgs/msg/detail/task_config__functions.c
[2.016s] -- Up-to-date: /home/GTL/mgaddam/CS7630/ros2_ws/src/install/task_manager_msgs/include/task_manager_msgs/task_manager_msgs/msg/detail/sync_status__functions.c
[2.017s] -- Up-to-date: /home/GTL/mgaddam/CS7630/ros2_ws/src/install/task_manager_msgs/include/task_manager_msgs/task_manager_msgs/msg/detail/task_status__type_support.h
[2.018s] -- Up-to-date: /home/GTL/mgaddam/CS7630/ros2_ws/src/install/task_manager_msgs/include/task_manager_msgs/task_manager_msgs/msg/detail/task_description__functions.h
[2.018s] -- Up-to-date: /home/GTL/mgaddam/CS7630/ros2_ws/src/install/task_manager_msgs/include/task_manager_msgs/task_manager_msgs/msg/detail/sync_status__functions.h
[2.019s] -- Up-to-date: /home/GTL/mgaddam/CS7630/ros2_ws/src/install/task_manager_msgs/include/task_manager_msgs/task_manager_msgs/msg/detail/encapsulated_message__struct.h
[2.019s] -- Up-to-date: /home/GTL/mgaddam/CS7630/ros2_ws/src/install/task_manager_msgs/include/task_manager_msgs/task_manager_msgs/msg/detail/task_status__functions.h
[2.020s] -- Up-to-date: /home/GTL/mgaddam/CS7630/ros2_ws/src/install/task_manager_msgs/include/task_manager_msgs/task_manager_msgs/msg/rosidl_generator_c__visibility_control.h
[2.020s] -- Up-to-date: /home/GTL/mgaddam/CS7630/ros2_ws/src/install/task_manager_msgs/include/task_manager_msgs/task_manager_msgs/msg/encapsulated_message.h
[2.020s] -- Up-to-date: /home/GTL/mgaddam/CS7630/ros2_ws/src/install/task_manager_msgs/include/task_manager_msgs/task_manager_msgs/msg/task_parameter.h
[2.021s] -- Up-to-date: /home/GTL/mgaddam/CS7630/ros2_ws/src/install/task_manager_msgs/include/task_manager_msgs/task_manager_msgs/msg/task_description.h
[2.021s] -- Up-to-date: /home/GTL/mgaddam/CS7630/ros2_ws/src/install/task_manager_msgs/include/task_manager_msgs/task_manager_msgs/msg/task_config.h
[2.022s] -- Up-to-date: /home/GTL/mgaddam/CS7630/ros2_ws/src/install/task_manager_msgs/include/task_manager_msgs/task_manager_msgs/srv
[2.023s] -- Up-to-date: /home/GTL/mgaddam/CS7630/ros2_ws/src/install/task_manager_msgs/include/task_manager_msgs/task_manager_msgs/srv/stop_task.h
[2.023s] -- Up-to-date: /home/GTL/mgaddam/CS7630/ros2_ws/src/install/task_manager_msgs/include/task_manager_msgs/task_manager_msgs/srv/detail
[2.024s] -- Up-to-date: /home/GTL/mgaddam/CS7630/ros2_ws/src/install/task_manager_msgs/include/task_manager_msgs/task_manager_msgs/srv/detail/stop_task__functions.c
[2.024s] -- Up-to-date: /home/GTL/mgaddam/CS7630/ros2_ws/src/install/task_manager_msgs/include/task_manager_msgs/task_manager_msgs/srv/detail/get_task_list__struct.h
[2.025s] -- Up-to-date: /home/GTL/mgaddam/CS7630/ros2_ws/src/install/task_manager_msgs/include/task_manager_msgs/task_manager_msgs/srv/detail/get_all_task_status__functions.h
[2.025s] -- Up-to-date: /home/GTL/mgaddam/CS7630/ros2_ws/src/install/task_manager_msgs/include/task_manager_msgs/task_manager_msgs/srv/detail/stop_task__struct.h
[2.026s] -- Up-to-date: /home/GTL/mgaddam/CS7630/ros2_ws/src/install/task_manager_msgs/include/task_manager_msgs/task_manager_msgs/srv/detail/start_task__functions.c
[2.026s] -- Up-to-date: /home/GTL/mgaddam/CS7630/ros2_ws/src/install/task_manager_msgs/include/task_manager_msgs/task_manager_msgs/srv/detail/get_all_task_status__type_support.h
[2.027s] -- Up-to-date: /home/GTL/mgaddam/CS7630/ros2_ws/src/install/task_manager_msgs/include/task_manager_msgs/task_manager_msgs/srv/detail/get_all_task_status__functions.c
[2.027s] -- Up-to-date: /home/GTL/mgaddam/CS7630/ros2_ws/src/install/task_manager_msgs/include/task_manager_msgs/task_manager_msgs/srv/detail/get_task_list__functions.c
[2.029s] -- Up-to-date: /home/GTL/mgaddam/CS7630/ros2_ws/src/install/task_manager_msgs/include/task_manager_msgs/task_manager_msgs/srv/detail/get_task_list__functions.h
[2.029s] -- Up-to-date: /home/GTL/mgaddam/CS7630/ros2_ws/src/install/task_manager_msgs/include/task_manager_msgs/task_manager_msgs/srv/detail/start_task__struct.h
[2.029s] -- Up-to-date: /home/GTL/mgaddam/CS7630/ros2_ws/src/install/task_manager_msgs/include/task_manager_msgs/task_manager_msgs/srv/detail/stop_task__functions.h
[2.029s] -- Up-to-date: /home/GTL/mgaddam/CS7630/ros2_ws/src/install/task_manager_msgs/include/task_manager_msgs/task_manager_msgs/srv/detail/get_task_list__type_support.h
[2.030s] -- Up-to-date: /home/GTL/mgaddam/CS7630/ros2_ws/src/install/task_manager_msgs/include/task_manager_msgs/task_manager_msgs/srv/detail/get_all_task_status__struct.h
[2.030s] -- Up-to-date: /home/GTL/mgaddam/CS7630/ros2_ws/src/install/task_manager_msgs/include/task_manager_msgs/task_manager_msgs/srv/detail/stop_task__type_support.h
[2.031s] -- Up-to-date: /home/GTL/mgaddam/CS7630/ros2_ws/src/install/task_manager_msgs/include/task_manager_msgs/task_manager_msgs/srv/detail/start_task__type_support.h
[2.031s] -- Up-to-date: /home/GTL/mgaddam/CS7630/ros2_ws/src/install/task_manager_msgs/include/task_manager_msgs/task_manager_msgs/srv/detail/start_task__functions.h
[2.032s] -- Up-to-date: /home/GTL/mgaddam/CS7630/ros2_ws/src/install/task_manager_msgs/include/task_manager_msgs/task_manager_msgs/srv/get_task_list.h
[2.032s] -- Up-to-date: /home/GTL/mgaddam/CS7630/ros2_ws/src/install/task_manager_msgs/include/task_manager_msgs/task_manager_msgs/srv/start_task.h
[2.033s] -- Up-to-date: /home/GTL/mgaddam/CS7630/ros2_ws/src/install/task_manager_msgs/include/task_manager_msgs/task_manager_msgs/srv/get_all_task_status.h
[2.034s] -- Up-to-date: /home/GTL/mgaddam/CS7630/ros2_ws/src/install/task_manager_msgs/share/task_manager_msgs/environment/library_path.sh
[2.035s] -- Up-to-date: /home/GTL/mgaddam/CS7630/ros2_ws/src/install/task_manager_msgs/share/task_manager_msgs/environment/library_path.dsv
[2.090s] -- Up-to-date: /home/GTL/mgaddam/CS7630/ros2_ws/src/install/task_manager_msgs/lib/libtask_manager_msgs__rosidl_generator_c.so
[2.092s] -- Up-to-date: /home/GTL/mgaddam/CS7630/ros2_ws/src/install/task_manager_msgs/include/task_manager_msgs/task_manager_msgs
[2.093s] -- Up-to-date: /home/GTL/mgaddam/CS7630/ros2_ws/src/install/task_manager_msgs/include/task_manager_msgs/task_manager_msgs/msg
[2.094s] -- Up-to-date: /home/GTL/mgaddam/CS7630/ros2_ws/src/install/task_manager_msgs/include/task_manager_msgs/task_manager_msgs/msg/detail
[2.095s] -- Up-to-date: /home/GTL/mgaddam/CS7630/ros2_ws/src/install/task_manager_msgs/include/task_manager_msgs/task_manager_msgs/msg/detail/task_config__rosidl_typesupport_fastrtps_c.h
[2.095s] -- Up-to-date: /home/GTL/mgaddam/CS7630/ros2_ws/src/install/task_manager_msgs/include/task_manager_msgs/task_manager_msgs/msg/detail/sync_status__rosidl_typesupport_fastrtps_c.h
[2.096s] -- Up-to-date: /home/GTL/mgaddam/CS7630/ros2_ws/src/install/task_manager_msgs/include/task_manager_msgs/task_manager_msgs/msg/detail/task_description__rosidl_typesupport_fastrtps_c.h
[2.096s] -- Up-to-date: /home/GTL/mgaddam/CS7630/ros2_ws/src/install/task_manager_msgs/include/task_manager_msgs/task_manager_msgs/msg/detail/task_status__rosidl_typesupport_fastrtps_c.h
[2.097s] -- Up-to-date: /home/GTL/mgaddam/CS7630/ros2_ws/src/install/task_manager_msgs/include/task_manager_msgs/task_manager_msgs/msg/detail/encapsulated_message__rosidl_typesupport_fastrtps_c.h
[2.097s] -- Up-to-date: /home/GTL/mgaddam/CS7630/ros2_ws/src/install/task_manager_msgs/include/task_manager_msgs/task_manager_msgs/msg/detail/task_parameter__rosidl_typesupport_fastrtps_c.h
[2.098s] -- Up-to-date: /home/GTL/mgaddam/CS7630/ros2_ws/src/install/task_manager_msgs/include/task_manager_msgs/task_manager_msgs/msg/rosidl_typesupport_fastrtps_c__visibility_control.h
[2.098s] -- Up-to-date: /home/GTL/mgaddam/CS7630/ros2_ws/src/install/task_manager_msgs/include/task_manager_msgs/task_manager_msgs/srv
[2.098s] -- Up-to-date: /home/GTL/mgaddam/CS7630/ros2_ws/src/install/task_manager_msgs/include/task_manager_msgs/task_manager_msgs/srv/detail
[2.100s] -- Up-to-date: /home/GTL/mgaddam/CS7630/ros2_ws/src/install/task_manager_msgs/include/task_manager_msgs/task_manager_msgs/srv/detail/get_all_task_status__rosidl_typesupport_fastrtps_c.h
[2.100s] -- Up-to-date: /home/GTL/mgaddam/CS7630/ros2_ws/src/install/task_manager_msgs/include/task_manager_msgs/task_manager_msgs/srv/detail/start_task__rosidl_typesupport_fastrtps_c.h
[2.100s] -- Up-to-date: /home/GTL/mgaddam/CS7630/ros2_ws/src/install/task_manager_msgs/include/task_manager_msgs/task_manager_msgs/srv/detail/get_task_list__rosidl_typesupport_fastrtps_c.h
[2.101s] -- Up-to-date: /home/GTL/mgaddam/CS7630/ros2_ws/src/install/task_manager_msgs/include/task_manager_msgs/task_manager_msgs/srv/detail/stop_task__rosidl_typesupport_fastrtps_c.h
[2.125s] -- Up-to-date: /home/GTL/mgaddam/CS7630/ros2_ws/src/install/task_manager_msgs/lib/libtask_manager_msgs__rosidl_typesupport_fastrtps_c.so
[2.127s] -- Up-to-date: /home/GTL/mgaddam/CS7630/ros2_ws/src/install/task_manager_msgs/include/task_manager_msgs/task_manager_msgs
[2.128s] -- Up-to-date: /home/GTL/mgaddam/CS7630/ros2_ws/src/install/task_manager_msgs/include/task_manager_msgs/task_manager_msgs/msg
[2.129s] -- Up-to-date: /home/GTL/mgaddam/CS7630/ros2_ws/src/install/task_manager_msgs/include/task_manager_msgs/task_manager_msgs/msg/sync_status.hpp
[2.132s] -- Up-to-date: /home/GTL/mgaddam/CS7630/ros2_ws/src/install/task_manager_msgs/include/task_manager_msgs/task_manager_msgs/msg/encapsulated_message.hpp
[2.132s] -- Up-to-date: /home/GTL/mgaddam/CS7630/ros2_ws/src/install/task_manager_msgs/include/task_manager_msgs/task_manager_msgs/msg/detail
[2.132s] -- Up-to-date: /home/GTL/mgaddam/CS7630/ros2_ws/src/install/task_manager_msgs/include/task_manager_msgs/task_manager_msgs/msg/detail/encapsulated_message__struct.hpp
[2.132s] -- Up-to-date: /home/GTL/mgaddam/CS7630/ros2_ws/src/install/task_manager_msgs/include/task_manager_msgs/task_manager_msgs/msg/detail/task_config__traits.hpp
[2.132s] -- Up-to-date: /home/GTL/mgaddam/CS7630/ros2_ws/src/install/task_manager_msgs/include/task_manager_msgs/task_manager_msgs/msg/detail/sync_status__builder.hpp
[2.132s] -- Up-to-date: /home/GTL/mgaddam/CS7630/ros2_ws/src/install/task_manager_msgs/include/task_manager_msgs/task_manager_msgs/msg/detail/sync_status__traits.hpp
[2.133s] -- Up-to-date: /home/GTL/mgaddam/CS7630/ros2_ws/src/install/task_manager_msgs/include/task_manager_msgs/task_manager_msgs/msg/detail/task_config__builder.hpp
[2.133s] -- Up-to-date: /home/GTL/mgaddam/CS7630/ros2_ws/src/install/task_manager_msgs/include/task_manager_msgs/task_manager_msgs/msg/detail/task_status__builder.hpp
[2.134s] -- Up-to-date: /home/GTL/mgaddam/CS7630/ros2_ws/src/install/task_manager_msgs/include/task_manager_msgs/task_manager_msgs/msg/detail/task_description__struct.hpp
[2.134s] -- Up-to-date: /home/GTL/mgaddam/CS7630/ros2_ws/src/install/task_manager_msgs/include/task_manager_msgs/task_manager_msgs/msg/detail/encapsulated_message__traits.hpp
[2.135s] -- Up-to-date: /home/GTL/mgaddam/CS7630/ros2_ws/src/install/task_manager_msgs/include/task_manager_msgs/task_manager_msgs/msg/detail/encapsulated_message__builder.hpp
[2.135s] -- Up-to-date: /home/GTL/mgaddam/CS7630/ros2_ws/src/install/task_manager_msgs/include/task_manager_msgs/task_manager_msgs/msg/detail/task_config__struct.hpp
[2.136s] -- Up-to-date: /home/GTL/mgaddam/CS7630/ros2_ws/src/install/task_manager_msgs/include/task_manager_msgs/task_manager_msgs/msg/detail/sync_status__struct.hpp
[2.136s] -- Up-to-date: /home/GTL/mgaddam/CS7630/ros2_ws/src/install/task_manager_msgs/include/task_manager_msgs/task_manager_msgs/msg/detail/task_status__struct.hpp
[2.137s] -- Up-to-date: /home/GTL/mgaddam/CS7630/ros2_ws/src/install/task_manager_msgs/include/task_manager_msgs/task_manager_msgs/msg/detail/task_status__traits.hpp
[2.138s] -- Up-to-date: /home/GTL/mgaddam/CS7630/ros2_ws/src/install/task_manager_msgs/include/task_manager_msgs/task_manager_msgs/msg/detail/task_description__traits.hpp
[2.138s] -- Up-to-date: /home/GTL/mgaddam/CS7630/ros2_ws/src/install/task_manager_msgs/include/task_manager_msgs/task_manager_msgs/msg/detail/task_description__builder.hpp
[2.139s] -- Up-to-date: /home/GTL/mgaddam/CS7630/ros2_ws/src/install/task_manager_msgs/include/task_manager_msgs/task_manager_msgs/msg/detail/task_parameter__traits.hpp
[2.139s] -- Up-to-date: /home/GTL/mgaddam/CS7630/ros2_ws/src/install/task_manager_msgs/include/task_manager_msgs/task_manager_msgs/msg/detail/task_parameter__builder.hpp
[2.140s] -- Up-to-date: /home/GTL/mgaddam/CS7630/ros2_ws/src/install/task_manager_msgs/include/task_manager_msgs/task_manager_msgs/msg/detail/task_parameter__struct.hpp
[2.140s] -- Up-to-date: /home/GTL/mgaddam/CS7630/ros2_ws/src/install/task_manager_msgs/include/task_manager_msgs/task_manager_msgs/msg/task_config.hpp
[2.141s] -- Up-to-date: /home/GTL/mgaddam/CS7630/ros2_ws/src/install/task_manager_msgs/include/task_manager_msgs/task_manager_msgs/msg/task_parameter.hpp
[2.141s] -- Up-to-date: /home/GTL/mgaddam/CS7630/ros2_ws/src/install/task_manager_msgs/include/task_manager_msgs/task_manager_msgs/msg/task_status.hpp
[2.142s] -- Up-to-date: /home/GTL/mgaddam/CS7630/ros2_ws/src/install/task_manager_msgs/include/task_manager_msgs/task_manager_msgs/msg/task_description.hpp
[2.142s] -- Up-to-date: /home/GTL/mgaddam/CS7630/ros2_ws/src/install/task_manager_msgs/include/task_manager_msgs/task_manager_msgs/srv
[2.143s] -- Up-to-date: /home/GTL/mgaddam/CS7630/ros2_ws/src/install/task_manager_msgs/include/task_manager_msgs/task_manager_msgs/srv/get_task_list.hpp
[2.144s] -- Up-to-date: /home/GTL/mgaddam/CS7630/ros2_ws/src/install/task_manager_msgs/include/task_manager_msgs/task_manager_msgs/srv/stop_task.hpp
[2.145s] -- Up-to-date: /home/GTL/mgaddam/CS7630/ros2_ws/src/install/task_manager_msgs/include/task_manager_msgs/task_manager_msgs/srv/detail
[2.145s] -- Up-to-date: /home/GTL/mgaddam/CS7630/ros2_ws/src/install/task_manager_msgs/include/task_manager_msgs/task_manager_msgs/srv/detail/stop_task__traits.hpp
[2.146s] -- Up-to-date: /home/GTL/mgaddam/CS7630/ros2_ws/src/install/task_manager_msgs/include/task_manager_msgs/task_manager_msgs/srv/detail/get_all_task_status__struct.hpp
[2.146s] -- Up-to-date: /home/GTL/mgaddam/CS7630/ros2_ws/src/install/task_manager_msgs/include/task_manager_msgs/task_manager_msgs/srv/detail/start_task__builder.hpp
[2.147s] -- Up-to-date: /home/GTL/mgaddam/CS7630/ros2_ws/src/install/task_manager_msgs/include/task_manager_msgs/task_manager_msgs/srv/detail/get_task_list__struct.hpp
[2.147s] -- Up-to-date: /home/GTL/mgaddam/CS7630/ros2_ws/src/install/task_manager_msgs/include/task_manager_msgs/task_manager_msgs/srv/detail/get_all_task_status__builder.hpp
[2.148s] -- Up-to-date: /home/GTL/mgaddam/CS7630/ros2_ws/src/install/task_manager_msgs/include/task_manager_msgs/task_manager_msgs/srv/detail/stop_task__struct.hpp
[2.149s] -- Up-to-date: /home/GTL/mgaddam/CS7630/ros2_ws/src/install/task_manager_msgs/include/task_manager_msgs/task_manager_msgs/srv/detail/start_task__traits.hpp
[2.149s] -- Up-to-date: /home/GTL/mgaddam/CS7630/ros2_ws/src/install/task_manager_msgs/include/task_manager_msgs/task_manager_msgs/srv/detail/stop_task__builder.hpp
[2.150s] -- Up-to-date: /home/GTL/mgaddam/CS7630/ros2_ws/src/install/task_manager_msgs/include/task_manager_msgs/task_manager_msgs/srv/detail/start_task__struct.hpp
[2.150s] -- Up-to-date: /home/GTL/mgaddam/CS7630/ros2_ws/src/install/task_manager_msgs/include/task_manager_msgs/task_manager_msgs/srv/detail/get_task_list__traits.hpp
[2.151s] -- Up-to-date: /home/GTL/mgaddam/CS7630/ros2_ws/src/install/task_manager_msgs/include/task_manager_msgs/task_manager_msgs/srv/detail/get_all_task_status__traits.hpp
[2.151s] -- Up-to-date: /home/GTL/mgaddam/CS7630/ros2_ws/src/install/task_manager_msgs/include/task_manager_msgs/task_manager_msgs/srv/detail/get_task_list__builder.hpp
[2.152s] -- Up-to-date: /home/GTL/mgaddam/CS7630/ros2_ws/src/install/task_manager_msgs/include/task_manager_msgs/task_manager_msgs/srv/start_task.hpp
[2.152s] -- Up-to-date: /home/GTL/mgaddam/CS7630/ros2_ws/src/install/task_manager_msgs/include/task_manager_msgs/task_manager_msgs/srv/get_all_task_status.hpp
[2.153s] -- Up-to-date: /home/GTL/mgaddam/CS7630/ros2_ws/src/install/task_manager_msgs/include/task_manager_msgs/task_manager_msgs
[2.154s] -- Up-to-date: /home/GTL/mgaddam/CS7630/ros2_ws/src/install/task_manager_msgs/include/task_manager_msgs/task_manager_msgs/msg
[2.154s] -- Up-to-date: /home/GTL/mgaddam/CS7630/ros2_ws/src/install/task_manager_msgs/include/task_manager_msgs/task_manager_msgs/msg/detail
[2.155s] -- Up-to-date: /home/GTL/mgaddam/CS7630/ros2_ws/src/install/task_manager_msgs/include/task_manager_msgs/task_manager_msgs/msg/detail/task_config__rosidl_typesupport_fastrtps_cpp.hpp
[2.155s] -- Up-to-date: /home/GTL/mgaddam/CS7630/ros2_ws/src/install/task_manager_msgs/include/task_manager_msgs/task_manager_msgs/msg/detail/dds_fastrtps
[2.156s] -- Up-to-date: /home/GTL/mgaddam/CS7630/ros2_ws/src/install/task_manager_msgs/include/task_manager_msgs/task_manager_msgs/msg/detail/encapsulated_message__rosidl_typesupport_fastrtps_cpp.hpp
[2.157s] -- Up-to-date: /home/GTL/mgaddam/CS7630/ros2_ws/src/install/task_manager_msgs/include/task_manager_msgs/task_manager_msgs/msg/detail/task_description__rosidl_typesupport_fastrtps_cpp.hpp
[2.157s] -- Up-to-date: /home/GTL/mgaddam/CS7630/ros2_ws/src/install/task_manager_msgs/include/task_manager_msgs/task_manager_msgs/msg/detail/task_status__rosidl_typesupport_fastrtps_cpp.hpp
[2.158s] -- Up-to-date: /home/GTL/mgaddam/CS7630/ros2_ws/src/install/task_manager_msgs/include/task_manager_msgs/task_manager_msgs/msg/detail/sync_status__rosidl_typesupport_fastrtps_cpp.hpp
[2.158s] -- Up-to-date: /home/GTL/mgaddam/CS7630/ros2_ws/src/install/task_manager_msgs/include/task_manager_msgs/task_manager_msgs/msg/detail/task_parameter__rosidl_typesupport_fastrtps_cpp.hpp
[2.158s] -- Up-to-date: /home/GTL/mgaddam/CS7630/ros2_ws/src/install/task_manager_msgs/include/task_manager_msgs/task_manager_msgs/msg/rosidl_typesupport_fastrtps_cpp__visibility_control.h
[2.159s] -- Up-to-date: /home/GTL/mgaddam/CS7630/ros2_ws/src/install/task_manager_msgs/include/task_manager_msgs/task_manager_msgs/srv
[2.160s] -- Up-to-date: /home/GTL/mgaddam/CS7630/ros2_ws/src/install/task_manager_msgs/include/task_manager_msgs/task_manager_msgs/srv/detail
[2.160s] -- Up-to-date: /home/GTL/mgaddam/CS7630/ros2_ws/src/install/task_manager_msgs/include/task_manager_msgs/task_manager_msgs/srv/detail/get_task_list__rosidl_typesupport_fastrtps_cpp.hpp
[2.161s] -- Up-to-date: /home/GTL/mgaddam/CS7630/ros2_ws/src/install/task_manager_msgs/include/task_manager_msgs/task_manager_msgs/srv/detail/start_task__rosidl_typesupport_fastrtps_cpp.hpp
[2.161s] -- Up-to-date: /home/GTL/mgaddam/CS7630/ros2_ws/src/install/task_manager_msgs/include/task_manager_msgs/task_manager_msgs/srv/detail/get_all_task_status__rosidl_typesupport_fastrtps_cpp.hpp
[2.161s] -- Up-to-date: /home/GTL/mgaddam/CS7630/ros2_ws/src/install/task_manager_msgs/include/task_manager_msgs/task_manager_msgs/srv/detail/dds_fastrtps
[2.162s] -- Up-to-date: /home/GTL/mgaddam/CS7630/ros2_ws/src/install/task_manager_msgs/include/task_manager_msgs/task_manager_msgs/srv/detail/stop_task__rosidl_typesupport_fastrtps_cpp.hpp
[2.175s] -- Up-to-date: /home/GTL/mgaddam/CS7630/ros2_ws/src/install/task_manager_msgs/lib/libtask_manager_msgs__rosidl_typesupport_fastrtps_cpp.so
[2.176s] -- Up-to-date: /home/GTL/mgaddam/CS7630/ros2_ws/src/install/task_manager_msgs/include/task_manager_msgs/task_manager_msgs
[2.177s] -- Up-to-date: /home/GTL/mgaddam/CS7630/ros2_ws/src/install/task_manager_msgs/include/task_manager_msgs/task_manager_msgs/msg
[2.178s] -- Up-to-date: /home/GTL/mgaddam/CS7630/ros2_ws/src/install/task_manager_msgs/include/task_manager_msgs/task_manager_msgs/msg/detail
[2.179s] -- Up-to-date: /home/GTL/mgaddam/CS7630/ros2_ws/src/install/task_manager_msgs/include/task_manager_msgs/task_manager_msgs/msg/detail/task_parameter__type_support.c
[2.179s] -- Up-to-date: /home/GTL/mgaddam/CS7630/ros2_ws/src/install/task_manager_msgs/include/task_manager_msgs/task_manager_msgs/msg/detail/task_parameter__rosidl_typesupport_introspection_c.h
[2.179s] -- Up-to-date: /home/GTL/mgaddam/CS7630/ros2_ws/src/install/task_manager_msgs/include/task_manager_msgs/task_manager_msgs/msg/detail/encapsulated_message__rosidl_typesupport_introspection_c.h
[2.180s] -- Up-to-date: /home/GTL/mgaddam/CS7630/ros2_ws/src/install/task_manager_msgs/include/task_manager_msgs/task_manager_msgs/msg/detail/sync_status__type_support.c
[2.180s] -- Up-to-date: /home/GTL/mgaddam/CS7630/ros2_ws/src/install/task_manager_msgs/include/task_manager_msgs/task_manager_msgs/msg/detail/task_description__type_support.c
[2.181s] -- Up-to-date: /home/GTL/mgaddam/CS7630/ros2_ws/src/install/task_manager_msgs/include/task_manager_msgs/task_manager_msgs/msg/detail/sync_status__rosidl_typesupport_introspection_c.h
[2.181s] -- Up-to-date: /home/GTL/mgaddam/CS7630/ros2_ws/src/install/task_manager_msgs/include/task_manager_msgs/task_manager_msgs/msg/detail/task_config__type_support.c
[2.182s] -- Up-to-date: /home/GTL/mgaddam/CS7630/ros2_ws/src/install/task_manager_msgs/include/task_manager_msgs/task_manager_msgs/msg/detail/task_description__rosidl_typesupport_introspection_c.h
[2.182s] -- Up-to-date: /home/GTL/mgaddam/CS7630/ros2_ws/src/install/task_manager_msgs/include/task_manager_msgs/task_manager_msgs/msg/detail/task_status__rosidl_typesupport_introspection_c.h
[2.183s] -- Up-to-date: /home/GTL/mgaddam/CS7630/ros2_ws/src/install/task_manager_msgs/include/task_manager_msgs/task_manager_msgs/msg/detail/task_config__rosidl_typesupport_introspection_c.h
[2.183s] -- Up-to-date: /home/GTL/mgaddam/CS7630/ros2_ws/src/install/task_manager_msgs/include/task_manager_msgs/task_manager_msgs/msg/detail/task_status__type_support.c
[2.184s] -- Up-to-date: /home/GTL/mgaddam/CS7630/ros2_ws/src/install/task_manager_msgs/include/task_manager_msgs/task_manager_msgs/msg/detail/encapsulated_message__type_support.c
[2.184s] -- Up-to-date: /home/GTL/mgaddam/CS7630/ros2_ws/src/install/task_manager_msgs/include/task_manager_msgs/task_manager_msgs/msg/rosidl_typesupport_introspection_c__visibility_control.h
[2.184s] -- Up-to-date: /home/GTL/mgaddam/CS7630/ros2_ws/src/install/task_manager_msgs/include/task_manager_msgs/task_manager_msgs/srv
[2.185s] -- Up-to-date: /home/GTL/mgaddam/CS7630/ros2_ws/src/install/task_manager_msgs/include/task_manager_msgs/task_manager_msgs/srv/detail
[2.186s] -- Up-to-date: /home/GTL/mgaddam/CS7630/ros2_ws/src/install/task_manager_msgs/include/task_manager_msgs/task_manager_msgs/srv/detail/start_task__type_support.c
[2.186s] -- Up-to-date: /home/GTL/mgaddam/CS7630/ros2_ws/src/install/task_manager_msgs/include/task_manager_msgs/task_manager_msgs/srv/detail/get_all_task_status__rosidl_typesupport_introspection_c.h
[2.187s] -- Up-to-date: /home/GTL/mgaddam/CS7630/ros2_ws/src/install/task_manager_msgs/include/task_manager_msgs/task_manager_msgs/srv/detail/get_all_task_status__type_support.c
[2.187s] -- Up-to-date: /home/GTL/mgaddam/CS7630/ros2_ws/src/install/task_manager_msgs/include/task_manager_msgs/task_manager_msgs/srv/detail/start_task__rosidl_typesupport_introspection_c.h
[2.188s] -- Up-to-date: /home/GTL/mgaddam/CS7630/ros2_ws/src/install/task_manager_msgs/include/task_manager_msgs/task_manager_msgs/srv/detail/stop_task__type_support.c
[2.188s] -- Up-to-date: /home/GTL/mgaddam/CS7630/ros2_ws/src/install/task_manager_msgs/include/task_manager_msgs/task_manager_msgs/srv/detail/get_task_list__rosidl_typesupport_introspection_c.h
[2.189s] -- Up-to-date: /home/GTL/mgaddam/CS7630/ros2_ws/src/install/task_manager_msgs/include/task_manager_msgs/task_manager_msgs/srv/detail/stop_task__rosidl_typesupport_introspection_c.h
[2.189s] -- Up-to-date: /home/GTL/mgaddam/CS7630/ros2_ws/src/install/task_manager_msgs/include/task_manager_msgs/task_manager_msgs/srv/detail/get_task_list__type_support.c
[2.209s] -- Up-to-date: /home/GTL/mgaddam/CS7630/ros2_ws/src/install/task_manager_msgs/lib/libtask_manager_msgs__rosidl_typesupport_introspection_c.so
[2.214s] -- Up-to-date: /home/GTL/mgaddam/CS7630/ros2_ws/src/install/task_manager_msgs/lib/libtask_manager_msgs__rosidl_typesupport_c.so
[2.217s] -- Up-to-date: /home/GTL/mgaddam/CS7630/ros2_ws/src/install/task_manager_msgs/include/task_manager_msgs/task_manager_msgs
[2.217s] -- Up-to-date: /home/GTL/mgaddam/CS7630/ros2_ws/src/install/task_manager_msgs/include/task_manager_msgs/task_manager_msgs/msg
[2.218s] -- Up-to-date: /home/GTL/mgaddam/CS7630/ros2_ws/src/install/task_manager_msgs/include/task_manager_msgs/task_manager_msgs/msg/detail
[2.219s] -- Up-to-date: /home/GTL/mgaddam/CS7630/ros2_ws/src/install/task_manager_msgs/include/task_manager_msgs/task_manager_msgs/msg/detail/task_parameter__rosidl_typesupport_introspection_cpp.hpp
[2.220s] -- Up-to-date: /home/GTL/mgaddam/CS7630/ros2_ws/src/install/task_manager_msgs/include/task_manager_msgs/task_manager_msgs/msg/detail/encapsulated_message__rosidl_typesupport_introspection_cpp.hpp
[2.220s] -- Up-to-date: /home/GTL/mgaddam/CS7630/ros2_ws/src/install/task_manager_msgs/include/task_manager_msgs/task_manager_msgs/msg/detail/task_status__rosidl_typesupport_introspection_cpp.hpp
[2.221s] -- Up-to-date: /home/GTL/mgaddam/CS7630/ros2_ws/src/install/task_manager_msgs/include/task_manager_msgs/task_manager_msgs/msg/detail/encapsulated_message__type_support.cpp
[2.221s] -- Up-to-date: /home/GTL/mgaddam/CS7630/ros2_ws/src/install/task_manager_msgs/include/task_manager_msgs/task_manager_msgs/msg/detail/sync_status__type_support.cpp
[2.221s] -- Up-to-date: /home/GTL/mgaddam/CS7630/ros2_ws/src/install/task_manager_msgs/include/task_manager_msgs/task_manager_msgs/msg/detail/sync_status__rosidl_typesupport_introspection_cpp.hpp
[2.222s] -- Up-to-date: /home/GTL/mgaddam/CS7630/ros2_ws/src/install/task_manager_msgs/include/task_manager_msgs/task_manager_msgs/msg/detail/task_description__rosidl_typesupport_introspection_cpp.hpp
[2.222s] -- Up-to-date: /home/GTL/mgaddam/CS7630/ros2_ws/src/install/task_manager_msgs/include/task_manager_msgs/task_manager_msgs/msg/detail/task_config__type_support.cpp
[2.223s] -- Up-to-date: /home/GTL/mgaddam/CS7630/ros2_ws/src/install/task_manager_msgs/include/task_manager_msgs/task_manager_msgs/msg/detail/task_description__type_support.cpp
[2.223s] -- Up-to-date: /home/GTL/mgaddam/CS7630/ros2_ws/src/install/task_manager_msgs/include/task_manager_msgs/task_manager_msgs/msg/detail/task_config__rosidl_typesupport_introspection_cpp.hpp
[2.224s] -- Up-to-date: /home/GTL/mgaddam/CS7630/ros2_ws/src/install/task_manager_msgs/include/task_manager_msgs/task_manager_msgs/msg/detail/task_status__type_support.cpp
[2.224s] -- Up-to-date: /home/GTL/mgaddam/CS7630/ros2_ws/src/install/task_manager_msgs/include/task_manager_msgs/task_manager_msgs/msg/detail/task_parameter__type_support.cpp
[2.225s] -- Up-to-date: /home/GTL/mgaddam/CS7630/ros2_ws/src/install/task_manager_msgs/include/task_manager_msgs/task_manager_msgs/srv
[2.225s] -- Up-to-date: /home/GTL/mgaddam/CS7630/ros2_ws/src/install/task_manager_msgs/include/task_manager_msgs/task_manager_msgs/srv/detail
[2.226s] -- Up-to-date: /home/GTL/mgaddam/CS7630/ros2_ws/src/install/task_manager_msgs/include/task_manager_msgs/task_manager_msgs/srv/detail/get_all_task_status__rosidl_typesupport_introspection_cpp.hpp
[2.227s] -- Up-to-date: /home/GTL/mgaddam/CS7630/ros2_ws/src/install/task_manager_msgs/include/task_manager_msgs/task_manager_msgs/srv/detail/start_task__rosidl_typesupport_introspection_cpp.hpp
[2.227s] -- Up-to-date: /home/GTL/mgaddam/CS7630/ros2_ws/src/install/task_manager_msgs/include/task_manager_msgs/task_manager_msgs/srv/detail/start_task__type_support.cpp
[2.227s] -- Up-to-date: /home/GTL/mgaddam/CS7630/ros2_ws/src/install/task_manager_msgs/include/task_manager_msgs/task_manager_msgs/srv/detail/get_all_task_status__type_support.cpp
[2.228s] -- Up-to-date: /home/GTL/mgaddam/CS7630/ros2_ws/src/install/task_manager_msgs/include/task_manager_msgs/task_manager_msgs/srv/detail/stop_task__rosidl_typesupport_introspection_cpp.hpp
[2.229s] -- Up-to-date: /home/GTL/mgaddam/CS7630/ros2_ws/src/install/task_manager_msgs/include/task_manager_msgs/task_manager_msgs/srv/detail/stop_task__type_support.cpp
[2.229s] -- Up-to-date: /home/GTL/mgaddam/CS7630/ros2_ws/src/install/task_manager_msgs/include/task_manager_msgs/task_manager_msgs/srv/detail/get_task_list__type_support.cpp
[2.230s] -- Up-to-date: /home/GTL/mgaddam/CS7630/ros2_ws/src/install/task_manager_msgs/include/task_manager_msgs/task_manager_msgs/srv/detail/get_task_list__rosidl_typesupport_introspection_cpp.hpp
[2.241s] -- Up-to-date: /home/GTL/mgaddam/CS7630/ros2_ws/src/install/task_manager_msgs/lib/libtask_manager_msgs__rosidl_typesupport_introspection_cpp.so
[2.246s] -- Up-to-date: /home/GTL/mgaddam/CS7630/ros2_ws/src/install/task_manager_msgs/lib/libtask_manager_msgs__rosidl_typesupport_cpp.so
[2.249s] -- Up-to-date: /home/GTL/mgaddam/CS7630/ros2_ws/src/install/task_manager_msgs/share/task_manager_msgs/environment/pythonpath.sh
[2.250s] -- Up-to-date: /home/GTL/mgaddam/CS7630/ros2_ws/src/install/task_manager_msgs/share/task_manager_msgs/environment/pythonpath.dsv
[2.252s] -- Up-to-date: /home/GTL/mgaddam/CS7630/ros2_ws/src/install/task_manager_msgs/local/lib/python3.10/dist-packages/task_manager_msgs-0.0.0-py3.10.egg-info
[2.253s] -- Installing: /home/GTL/mgaddam/CS7630/ros2_ws/src/install/task_manager_msgs/local/lib/python3.10/dist-packages/task_manager_msgs-0.0.0-py3.10.egg-info/dependency_links.txt
[2.258s] -- Installing: /home/GTL/mgaddam/CS7630/ros2_ws/src/install/task_manager_msgs/local/lib/python3.10/dist-packages/task_manager_msgs-0.0.0-py3.10.egg-info/top_level.txt
[2.263s] -- Installing: /home/GTL/mgaddam/CS7630/ros2_ws/src/install/task_manager_msgs/local/lib/python3.10/dist-packages/task_manager_msgs-0.0.0-py3.10.egg-info/PKG-INFO
[2.267s] -- Installing: /home/GTL/mgaddam/CS7630/ros2_ws/src/install/task_manager_msgs/local/lib/python3.10/dist-packages/task_manager_msgs-0.0.0-py3.10.egg-info/SOURCES.txt
[2.272s] -- Up-to-date: /home/GTL/mgaddam/CS7630/ros2_ws/src/install/task_manager_msgs/local/lib/python3.10/dist-packages/task_manager_msgs
[2.273s] -- Up-to-date: /home/GTL/mgaddam/CS7630/ros2_ws/src/install/task_manager_msgs/local/lib/python3.10/dist-packages/task_manager_msgs/msg
[2.274s] -- Up-to-date: /home/GTL/mgaddam/CS7630/ros2_ws/src/install/task_manager_msgs/local/lib/python3.10/dist-packages/task_manager_msgs/msg/_encapsulated_message_s.c
[2.275s] -- Up-to-date: /home/GTL/mgaddam/CS7630/ros2_ws/src/install/task_manager_msgs/local/lib/python3.10/dist-packages/task_manager_msgs/msg/_task_description_s.c
[2.275s] -- Up-to-date: /home/GTL/mgaddam/CS7630/ros2_ws/src/install/task_manager_msgs/local/lib/python3.10/dist-packages/task_manager_msgs/msg/_task_parameter.py
[2.276s] -- Up-to-date: /home/GTL/mgaddam/CS7630/ros2_ws/src/install/task_manager_msgs/local/lib/python3.10/dist-packages/task_manager_msgs/msg/_sync_status_s.c
[2.276s] -- Up-to-date: /home/GTL/mgaddam/CS7630/ros2_ws/src/install/task_manager_msgs/local/lib/python3.10/dist-packages/task_manager_msgs/msg/_task_config.py
[2.277s] -- Up-to-date: /home/GTL/mgaddam/CS7630/ros2_ws/src/install/task_manager_msgs/local/lib/python3.10/dist-packages/task_manager_msgs/msg/_task_parameter_s.c
[2.277s] -- Up-to-date: /home/GTL/mgaddam/CS7630/ros2_ws/src/install/task_manager_msgs/local/lib/python3.10/dist-packages/task_manager_msgs/msg/_task_status.py
[2.278s] -- Up-to-date: /home/GTL/mgaddam/CS7630/ros2_ws/src/install/task_manager_msgs/local/lib/python3.10/dist-packages/task_manager_msgs/msg/_task_description.py
[2.279s] -- Up-to-date: /home/GTL/mgaddam/CS7630/ros2_ws/src/install/task_manager_msgs/local/lib/python3.10/dist-packages/task_manager_msgs/msg/__init__.py
[2.279s] -- Up-to-date: /home/GTL/mgaddam/CS7630/ros2_ws/src/install/task_manager_msgs/local/lib/python3.10/dist-packages/task_manager_msgs/msg/_sync_status.py
[2.280s] -- Up-to-date: /home/GTL/mgaddam/CS7630/ros2_ws/src/install/task_manager_msgs/local/lib/python3.10/dist-packages/task_manager_msgs/msg/_encapsulated_message.py
[2.280s] -- Up-to-date: /home/GTL/mgaddam/CS7630/ros2_ws/src/install/task_manager_msgs/local/lib/python3.10/dist-packages/task_manager_msgs/msg/_task_config_s.c
[2.281s] -- Up-to-date: /home/GTL/mgaddam/CS7630/ros2_ws/src/install/task_manager_msgs/local/lib/python3.10/dist-packages/task_manager_msgs/msg/_task_status_s.c
[2.283s] -- Up-to-date: /home/GTL/mgaddam/CS7630/ros2_ws/src/install/task_manager_msgs/local/lib/python3.10/dist-packages/task_manager_msgs/task_manager_msgs_s__rosidl_typesupport_introspection_c.cpython-310-x86_64-linux-gnu.so
[2.283s] -- Up-to-date: /home/GTL/mgaddam/CS7630/ros2_ws/src/install/task_manager_msgs/local/lib/python3.10/dist-packages/task_manager_msgs/_task_manager_msgs_s.ep.rosidl_typesupport_introspection_c.c
[2.283s] -- Up-to-date: /home/GTL/mgaddam/CS7630/ros2_ws/src/install/task_manager_msgs/local/lib/python3.10/dist-packages/task_manager_msgs/__init__.py
[2.283s] -- Up-to-date: /home/GTL/mgaddam/CS7630/ros2_ws/src/install/task_manager_msgs/local/lib/python3.10/dist-packages/task_manager_msgs/_task_manager_msgs_s.ep.rosidl_typesupport_c.c
[2.283s] -- Up-to-date: /home/GTL/mgaddam/CS7630/ros2_ws/src/install/task_manager_msgs/local/lib/python3.10/dist-packages/task_manager_msgs/task_manager_msgs_s__rosidl_typesupport_c.cpython-310-x86_64-linux-gnu.so
[2.284s] -- Up-to-date: /home/GTL/mgaddam/CS7630/ros2_ws/src/install/task_manager_msgs/local/lib/python3.10/dist-packages/task_manager_msgs/srv
[2.285s] -- Up-to-date: /home/GTL/mgaddam/CS7630/ros2_ws/src/install/task_manager_msgs/local/lib/python3.10/dist-packages/task_manager_msgs/srv/_stop_task_s.c
[2.285s] -- Up-to-date: /home/GTL/mgaddam/CS7630/ros2_ws/src/install/task_manager_msgs/local/lib/python3.10/dist-packages/task_manager_msgs/srv/_start_task_s.c
[2.286s] -- Up-to-date: /home/GTL/mgaddam/CS7630/ros2_ws/src/install/task_manager_msgs/local/lib/python3.10/dist-packages/task_manager_msgs/srv/_get_all_task_status_s.c
[2.286s] -- Up-to-date: /home/GTL/mgaddam/CS7630/ros2_ws/src/install/task_manager_msgs/local/lib/python3.10/dist-packages/task_manager_msgs/srv/_get_task_list.py
[2.287s] -- Up-to-date: /home/GTL/mgaddam/CS7630/ros2_ws/src/install/task_manager_msgs/local/lib/python3.10/dist-packages/task_manager_msgs/srv/__init__.py
[2.287s] -- Up-to-date: /home/GTL/mgaddam/CS7630/ros2_ws/src/install/task_manager_msgs/local/lib/python3.10/dist-packages/task_manager_msgs/srv/_get_all_task_status.py
[2.288s] -- Up-to-date: /home/GTL/mgaddam/CS7630/ros2_ws/src/install/task_manager_msgs/local/lib/python3.10/dist-packages/task_manager_msgs/srv/_stop_task.py
[2.288s] -- Up-to-date: /home/GTL/mgaddam/CS7630/ros2_ws/src/install/task_manager_msgs/local/lib/python3.10/dist-packages/task_manager_msgs/srv/_get_task_list_s.c
[2.288s] -- Up-to-date: /home/GTL/mgaddam/CS7630/ros2_ws/src/install/task_manager_msgs/local/lib/python3.10/dist-packages/task_manager_msgs/srv/_start_task.py
[2.289s] -- Up-to-date: /home/GTL/mgaddam/CS7630/ros2_ws/src/install/task_manager_msgs/local/lib/python3.10/dist-packages/task_manager_msgs/_task_manager_msgs_s.ep.rosidl_typesupport_fastrtps_c.c
[2.289s] -- Up-to-date: /home/GTL/mgaddam/CS7630/ros2_ws/src/install/task_manager_msgs/local/lib/python3.10/dist-packages/task_manager_msgs/task_manager_msgs_s__rosidl_typesupport_fastrtps_c.cpython-310-x86_64-linux-gnu.so
[2.290s] -- Up-to-date: /home/GTL/mgaddam/CS7630/ros2_ws/src/install/task_manager_msgs/local/lib/python3.10/dist-packages/task_manager_msgs/libtask_manager_msgs__rosidl_generator_py.so
[2.329s] Listing '/home/GTL/mgaddam/CS7630/ros2_ws/src/install/task_manager_msgs/local/lib/python3.10/dist-packages/task_manager_msgs'...
[2.329s] Listing '/home/GTL/mgaddam/CS7630/ros2_ws/src/install/task_manager_msgs/local/lib/python3.10/dist-packages/task_manager_msgs/msg'...
[2.329s] Listing '/home/GTL/mgaddam/CS7630/ros2_ws/src/install/task_manager_msgs/local/lib/python3.10/dist-packages/task_manager_msgs/srv'...
[2.330s] -- Up-to-date: /home/GTL/mgaddam/CS7630/ros2_ws/src/install/task_manager_msgs/local/lib/python3.10/dist-packages/task_manager_msgs/task_manager_msgs_s__rosidl_typesupport_fastrtps_c.cpython-310-x86_64-linux-gnu.so
[2.336s] -- Up-to-date: /home/GTL/mgaddam/CS7630/ros2_ws/src/install/task_manager_msgs/local/lib/python3.10/dist-packages/task_manager_msgs/task_manager_msgs_s__rosidl_typesupport_introspection_c.cpython-310-x86_64-linux-gnu.so
[2.341s] -- Up-to-date: /home/GTL/mgaddam/CS7630/ros2_ws/src/install/task_manager_msgs/local/lib/python3.10/dist-packages/task_manager_msgs/task_manager_msgs_s__rosidl_typesupport_c.cpython-310-x86_64-linux-gnu.so
[2.351s] -- Up-to-date: /home/GTL/mgaddam/CS7630/ros2_ws/src/install/task_manager_msgs/lib/libtask_manager_msgs__rosidl_generator_py.so
[2.355s] -- Up-to-date: /home/GTL/mgaddam/CS7630/ros2_ws/src/install/task_manager_msgs/share/task_manager_msgs/srv/GetAllTaskStatus.idl
[2.355s] -- Up-to-date: /home/GTL/mgaddam/CS7630/ros2_ws/src/install/task_manager_msgs/share/task_manager_msgs/srv/StartTask.idl
[2.357s] -- Up-to-date: /home/GTL/mgaddam/CS7630/ros2_ws/src/install/task_manager_msgs/share/task_manager_msgs/srv/StopTask.idl
[2.357s] -- Up-to-date: /home/GTL/mgaddam/CS7630/ros2_ws/src/install/task_manager_msgs/share/task_manager_msgs/srv/GetTaskList.idl
[2.358s] -- Up-to-date: /home/GTL/mgaddam/CS7630/ros2_ws/src/install/task_manager_msgs/share/task_manager_msgs/msg/TaskDescription.idl
[2.359s] -- Up-to-date: /home/GTL/mgaddam/CS7630/ros2_ws/src/install/task_manager_msgs/share/task_manager_msgs/msg/TaskParameter.idl
[2.360s] -- Up-to-date: /home/GTL/mgaddam/CS7630/ros2_ws/src/install/task_manager_msgs/share/task_manager_msgs/msg/TaskStatus.idl
[2.361s] -- Up-to-date: /home/GTL/mgaddam/CS7630/ros2_ws/src/install/task_manager_msgs/share/task_manager_msgs/msg/TaskConfig.idl
[2.362s] -- Up-to-date: /home/GTL/mgaddam/CS7630/ros2_ws/src/install/task_manager_msgs/share/task_manager_msgs/msg/SyncStatus.idl
[2.363s] -- Up-to-date: /home/GTL/mgaddam/CS7630/ros2_ws/src/install/task_manager_msgs/share/task_manager_msgs/msg/EncapsulatedMessage.idl
[2.363s] -- Up-to-date: /home/GTL/mgaddam/CS7630/ros2_ws/src/install/task_manager_msgs/share/task_manager_msgs/srv/GetAllTaskStatus.srv
[2.364s] -- Up-to-date: /home/GTL/mgaddam/CS7630/ros2_ws/src/install/task_manager_msgs/share/task_manager_msgs/srv/GetAllTaskStatus_Request.msg
[2.365s] -- Up-to-date: /home/GTL/mgaddam/CS7630/ros2_ws/src/install/task_manager_msgs/share/task_manager_msgs/srv/GetAllTaskStatus_Response.msg
[2.366s] -- Up-to-date: /home/GTL/mgaddam/CS7630/ros2_ws/src/install/task_manager_msgs/share/task_manager_msgs/srv/StartTask.srv
[2.367s] -- Up-to-date: /home/GTL/mgaddam/CS7630/ros2_ws/src/install/task_manager_msgs/share/task_manager_msgs/srv/StartTask_Request.msg
[2.368s] -- Up-to-date: /home/GTL/mgaddam/CS7630/ros2_ws/src/install/task_manager_msgs/share/task_manager_msgs/srv/StartTask_Response.msg
[2.370s] -- Up-to-date: /home/GTL/mgaddam/CS7630/ros2_ws/src/install/task_manager_msgs/share/task_manager_msgs/srv/StopTask.srv
[2.370s] -- Up-to-date: /home/GTL/mgaddam/CS7630/ros2_ws/src/install/task_manager_msgs/share/task_manager_msgs/srv/StopTask_Request.msg
[2.370s] -- Up-to-date: /home/GTL/mgaddam/CS7630/ros2_ws/src/install/task_manager_msgs/share/task_manager_msgs/srv/StopTask_Response.msg
[2.371s] -- Up-to-date: /home/GTL/mgaddam/CS7630/ros2_ws/src/install/task_manager_msgs/share/task_manager_msgs/srv/GetTaskList.srv
[2.372s] -- Up-to-date: /home/GTL/mgaddam/CS7630/ros2_ws/src/install/task_manager_msgs/share/task_manager_msgs/srv/GetTaskList_Request.msg
[2.373s] -- Up-to-date: /home/GTL/mgaddam/CS7630/ros2_ws/src/install/task_manager_msgs/share/task_manager_msgs/srv/GetTaskList_Response.msg
[2.373s] -- Up-to-date: /home/GTL/mgaddam/CS7630/ros2_ws/src/install/task_manager_msgs/share/task_manager_msgs/msg/TaskDescription.msg
[2.374s] -- Up-to-date: /home/GTL/mgaddam/CS7630/ros2_ws/src/install/task_manager_msgs/share/task_manager_msgs/msg/TaskParameter.msg
[2.375s] -- Up-to-date: /home/GTL/mgaddam/CS7630/ros2_ws/src/install/task_manager_msgs/share/task_manager_msgs/msg/TaskStatus.msg
[2.376s] -- Up-to-date: /home/GTL/mgaddam/CS7630/ros2_ws/src/install/task_manager_msgs/share/task_manager_msgs/msg/TaskConfig.msg
[2.377s] -- Up-to-date: /home/GTL/mgaddam/CS7630/ros2_ws/src/install/task_manager_msgs/share/task_manager_msgs/msg/SyncStatus.msg
[2.378s] -- Up-to-date: /home/GTL/mgaddam/CS7630/ros2_ws/src/install/task_manager_msgs/share/task_manager_msgs/msg/EncapsulatedMessage.msg
[2.396s] -- Up-to-date: /home/GTL/mgaddam/CS7630/ros2_ws/src/install/task_manager_msgs/lib/task_manager_msgs/task_manager_msgs_encapsulate
[2.399s] -- Up-to-date: /home/GTL/mgaddam/CS7630/ros2_ws/src/install/task_manager_msgs/share/ament_index/resource_index/package_run_dependencies/task_manager_msgs
[2.399s] -- Up-to-date: /home/GTL/mgaddam/CS7630/ros2_ws/src/install/task_manager_msgs/share/ament_index/resource_index/parent_prefix_path/task_manager_msgs
[2.400s] -- Up-to-date: /home/GTL/mgaddam/CS7630/ros2_ws/src/install/task_manager_msgs/share/task_manager_msgs/environment/ament_prefix_path.sh
[2.401s] -- Up-to-date: /home/GTL/mgaddam/CS7630/ros2_ws/src/install/task_manager_msgs/share/task_manager_msgs/environment/ament_prefix_path.dsv
[2.401s] -- Up-to-date: /home/GTL/mgaddam/CS7630/ros2_ws/src/install/task_manager_msgs/share/task_manager_msgs/environment/path.sh
[2.402s] -- Up-to-date: /home/GTL/mgaddam/CS7630/ros2_ws/src/install/task_manager_msgs/share/task_manager_msgs/environment/path.dsv
[2.403s] -- Up-to-date: /home/GTL/mgaddam/CS7630/ros2_ws/src/install/task_manager_msgs/share/task_manager_msgs/local_setup.bash
[2.404s] -- Up-to-date: /home/GTL/mgaddam/CS7630/ros2_ws/src/install/task_manager_msgs/share/task_manager_msgs/local_setup.sh
[2.404s] -- Up-to-date: /home/GTL/mgaddam/CS7630/ros2_ws/src/install/task_manager_msgs/share/task_manager_msgs/local_setup.zsh
[2.405s] -- Up-to-date: /home/GTL/mgaddam/CS7630/ros2_ws/src/install/task_manager_msgs/share/task_manager_msgs/local_setup.dsv
[2.406s] -- Installing: /home/GTL/mgaddam/CS7630/ros2_ws/src/install/task_manager_msgs/share/task_manager_msgs/package.dsv
[2.412s] -- Up-to-date: /home/GTL/mgaddam/CS7630/ros2_ws/src/install/task_manager_msgs/share/ament_index/resource_index/packages/task_manager_msgs
[2.414s] -- Up-to-date: /home/GTL/mgaddam/CS7630/ros2_ws/src/install/task_manager_msgs/share/task_manager_msgs/cmake/export_task_manager_msgs__rosidl_generator_cExport.cmake
[2.415s] -- Up-to-date: /home/GTL/mgaddam/CS7630/ros2_ws/src/install/task_manager_msgs/share/task_manager_msgs/cmake/export_task_manager_msgs__rosidl_generator_cExport-noconfig.cmake
[2.418s] -- Up-to-date: /home/GTL/mgaddam/CS7630/ros2_ws/src/install/task_manager_msgs/share/task_manager_msgs/cmake/export_task_manager_msgs__rosidl_typesupport_fastrtps_cExport.cmake
[2.419s] -- Up-to-date: /home/GTL/mgaddam/CS7630/ros2_ws/src/install/task_manager_msgs/share/task_manager_msgs/cmake/export_task_manager_msgs__rosidl_typesupport_fastrtps_cExport-noconfig.cmake
[2.421s] -- Up-to-date: /home/GTL/mgaddam/CS7630/ros2_ws/src/install/task_manager_msgs/share/task_manager_msgs/cmake/export_task_manager_msgs__rosidl_generator_cppExport.cmake
[2.423s] -- Up-to-date: /home/GTL/mgaddam/CS7630/ros2_ws/src/install/task_manager_msgs/share/task_manager_msgs/cmake/export_task_manager_msgs__rosidl_typesupport_fastrtps_cppExport.cmake
[2.424s] -- Up-to-date: /home/GTL/mgaddam/CS7630/ros2_ws/src/install/task_manager_msgs/share/task_manager_msgs/cmake/export_task_manager_msgs__rosidl_typesupport_fastrtps_cppExport-noconfig.cmake
[2.427s] -- Up-to-date: /home/GTL/mgaddam/CS7630/ros2_ws/src/install/task_manager_msgs/share/task_manager_msgs/cmake/task_manager_msgs__rosidl_typesupport_introspection_cExport.cmake
[2.427s] -- Up-to-date: /home/GTL/mgaddam/CS7630/ros2_ws/src/install/task_manager_msgs/share/task_manager_msgs/cmake/task_manager_msgs__rosidl_typesupport_introspection_cExport-noconfig.cmake
[2.430s] -- Up-to-date: /home/GTL/mgaddam/CS7630/ros2_ws/src/install/task_manager_msgs/share/task_manager_msgs/cmake/task_manager_msgs__rosidl_typesupport_cExport.cmake
[2.431s] -- Up-to-date: /home/GTL/mgaddam/CS7630/ros2_ws/src/install/task_manager_msgs/share/task_manager_msgs/cmake/task_manager_msgs__rosidl_typesupport_cExport-noconfig.cmake
[2.433s] -- Up-to-date: /home/GTL/mgaddam/CS7630/ros2_ws/src/install/task_manager_msgs/share/task_manager_msgs/cmake/task_manager_msgs__rosidl_typesupport_introspection_cppExport.cmake
[2.433s] -- Up-to-date: /home/GTL/mgaddam/CS7630/ros2_ws/src/install/task_manager_msgs/share/task_manager_msgs/cmake/task_manager_msgs__rosidl_typesupport_introspection_cppExport-noconfig.cmake
[2.436s] -- Up-to-date: /home/GTL/mgaddam/CS7630/ros2_ws/src/install/task_manager_msgs/share/task_manager_msgs/cmake/task_manager_msgs__rosidl_typesupport_cppExport.cmake
[2.437s] -- Up-to-date: /home/GTL/mgaddam/CS7630/ros2_ws/src/install/task_manager_msgs/share/task_manager_msgs/cmake/task_manager_msgs__rosidl_typesupport_cppExport-noconfig.cmake
[2.439s] -- Up-to-date: /home/GTL/mgaddam/CS7630/ros2_ws/src/install/task_manager_msgs/share/task_manager_msgs/cmake/export_task_manager_msgs__rosidl_generator_pyExport.cmake
[2.441s] -- Up-to-date: /home/GTL/mgaddam/CS7630/ros2_ws/src/install/task_manager_msgs/share/task_manager_msgs/cmake/export_task_manager_msgs__rosidl_generator_pyExport-noconfig.cmake
[2.441s] -- Up-to-date: /home/GTL/mgaddam/CS7630/ros2_ws/src/install/task_manager_msgs/share/task_manager_msgs/cmake/rosidl_cmake-extras.cmake
[2.441s] -- Up-to-date: /home/GTL/mgaddam/CS7630/ros2_ws/src/install/task_manager_msgs/share/task_manager_msgs/cmake/ament_cmake_export_dependencies-extras.cmake
[2.442s] -- Up-to-date: /home/GTL/mgaddam/CS7630/ros2_ws/src/install/task_manager_msgs/share/task_manager_msgs/cmake/ament_cmake_export_include_directories-extras.cmake
[2.443s] -- Up-to-date: /home/GTL/mgaddam/CS7630/ros2_ws/src/install/task_manager_msgs/share/task_manager_msgs/cmake/ament_cmake_export_libraries-extras.cmake
[2.443s] -- Up-to-date: /home/GTL/mgaddam/CS7630/ros2_ws/src/install/task_manager_msgs/share/task_manager_msgs/cmake/ament_cmake_export_targets-extras.cmake
[2.444s] -- Up-to-date: /home/GTL/mgaddam/CS7630/ros2_ws/src/install/task_manager_msgs/share/task_manager_msgs/cmake/rosidl_cmake_export_typesupport_targets-extras.cmake
[2.445s] -- Up-to-date: /home/GTL/mgaddam/CS7630/ros2_ws/src/install/task_manager_msgs/share/task_manager_msgs/cmake/rosidl_cmake_export_typesupport_libraries-extras.cmake
[2.445s] -- Up-to-date: /home/GTL/mgaddam/CS7630/ros2_ws/src/install/task_manager_msgs/share/task_manager_msgs/cmake/task_manager_msgsConfig.cmake
[2.446s] -- Up-to-date: /home/GTL/mgaddam/CS7630/ros2_ws/src/install/task_manager_msgs/share/task_manager_msgs/cmake/task_manager_msgsConfig-version.cmake
[2.446s] -- Up-to-date: /home/GTL/mgaddam/CS7630/ros2_ws/src/install/task_manager_msgs/share/task_manager_msgs/package.xml
[2.498s] Invoked command in '/home/GTL/mgaddam/CS7630/ros2_ws/src/build/task_manager_msgs' returned '0': CMAKE_PREFIX_PATH=/opt/ros/humble /usr/bin/cmake --install /home/GTL/mgaddam/CS7630/ros2_ws/src/build/task_manager_msgs
