running egg_info
writing ../build/keyboard_teleop/keyboard_teleop.egg-info/PKG-INFO
writing dependency_links to ../build/keyboard_teleop/keyboard_teleop.egg-info/dependency_links.txt
writing entry points to ../build/keyboard_teleop/keyboard_teleop.egg-info/entry_points.txt
writing requirements to ../build/keyboard_teleop/keyboard_teleop.egg-info/requires.txt
writing top-level names to ../build/keyboard_teleop/keyboard_teleop.egg-info/top_level.txt
reading manifest file '../build/keyboard_teleop/keyboard_teleop.egg-info/SOURCES.txt'
writing manifest file '../build/keyboard_teleop/keyboard_teleop.egg-info/SOURCES.txt'
running build
running build_py
running install
/usr/lib/python3/dist-packages/setuptools/command/install.py:34: SetuptoolsDeprecationWarning: setup.py install is deprecated. Use build and pip and other standards-based tools.
  warnings.warn(
running install_lib
running install_data
running install_egg_info
removing '/home/GTL/mgaddam/CS7630/ros2_ws/src/install/keyboard_teleop/lib/python3.10/site-packages/keyboard_teleop-0.0.0-py3.10.egg-info' (and everything under it)
Copying ../build/keyboard_teleop/keyboard_teleop.egg-info to /home/GTL/mgaddam/CS7630/ros2_ws/src/install/keyboard_teleop/lib/python3.10/site-packages/keyboard_teleop-0.0.0-py3.10.egg-info
running install_scripts
Installing keyboard_joystick_node script to /home/GTL/mgaddam/CS7630/ros2_ws/src/install/keyboard_teleop/lib/keyboard_teleop
Installing keyboard_teleop_node script to /home/GTL/mgaddam/CS7630/ros2_ws/src/install/keyboard_teleop/lib/keyboard_teleop
writing list of installed files to '/home/GTL/mgaddam/CS7630/ros2_ws/src/build/keyboard_teleop/install.log'
