[1.816s] Invoking command in '/home/GTL/mgaddam/CS7630/ros2_ws/src/keyboard_teleop': PYTHONPATH=/home/GTL/mgaddam/CS7630/ros2_ws/src/build/keyboard_teleop/prefix_override:/home/GTL/mgaddam/CS7630/ros2_ws/src/install/keyboard_teleop/lib/python3.10/site-packages:${PYTHONPATH} /usr/bin/python3 setup.py egg_info --egg-base ../build/keyboard_teleop build --build-base /home/GTL/mgaddam/CS7630/ros2_ws/src/build/keyboard_teleop/build install --record /home/GTL/mgaddam/CS7630/ros2_ws/src/build/keyboard_teleop/install.log --single-version-externally-managed
[1.982s] running egg_info
[1.983s] writing ../build/keyboard_teleop/keyboard_teleop.egg-info/PKG-INFO
[1.984s] writing dependency_links to ../build/keyboard_teleop/keyboard_teleop.egg-info/dependency_links.txt
[1.985s] writing entry points to ../build/keyboard_teleop/keyboard_teleop.egg-info/entry_points.txt
[1.986s] writing requirements to ../build/keyboard_teleop/keyboard_teleop.egg-info/requires.txt
[1.987s] writing top-level names to ../build/keyboard_teleop/keyboard_teleop.egg-info/top_level.txt
[1.992s] reading manifest file '../build/keyboard_teleop/keyboard_teleop.egg-info/SOURCES.txt'
[1.994s] writing manifest file '../build/keyboard_teleop/keyboard_teleop.egg-info/SOURCES.txt'
[1.995s] running build
[1.995s] running build_py
[1.997s] running install
[1.997s] /usr/lib/python3/dist-packages/setuptools/command/install.py:34: SetuptoolsDeprecationWarning: setup.py install is deprecated. Use build and pip and other standards-based tools.
[1.997s]   warnings.warn(
[1.997s] running install_lib
[1.999s] running install_data
[1.999s] running install_egg_info
[2.000s] removing '/home/GTL/mgaddam/CS7630/ros2_ws/src/install/keyboard_teleop/lib/python3.10/site-packages/keyboard_teleop-0.0.0-py3.10.egg-info' (and everything under it)
[2.004s] Copying ../build/keyboard_teleop/keyboard_teleop.egg-info to /home/GTL/mgaddam/CS7630/ros2_ws/src/install/keyboard_teleop/lib/python3.10/site-packages/keyboard_teleop-0.0.0-py3.10.egg-info
[2.023s] running install_scripts
[2.046s] Installing keyboard_joystick_node script to /home/GTL/mgaddam/CS7630/ros2_ws/src/install/keyboard_teleop/lib/keyboard_teleop
[2.047s] Installing keyboard_teleop_node script to /home/GTL/mgaddam/CS7630/ros2_ws/src/install/keyboard_teleop/lib/keyboard_teleop
[2.047s] writing list of installed files to '/home/GTL/mgaddam/CS7630/ros2_ws/src/build/keyboard_teleop/install.log'
[2.619s] Invoked command in '/home/GTL/mgaddam/CS7630/ros2_ws/src/keyboard_teleop' returned '0': PYTHONPATH=/home/GTL/mgaddam/CS7630/ros2_ws/src/build/keyboard_teleop/prefix_override:/home/GTL/mgaddam/CS7630/ros2_ws/src/install/keyboard_teleop/lib/python3.10/site-packages:${PYTHONPATH} /usr/bin/python3 setup.py egg_info --egg-base ../build/keyboard_teleop build --build-base /home/GTL/mgaddam/CS7630/ros2_ws/src/build/keyboard_teleop/build install --record /home/GTL/mgaddam/CS7630/ros2_ws/src/build/keyboard_teleop/install.log --single-version-externally-managed
