/home/GTL/mgaddam/CS7630/ros2_ws/install/ar_mapping_base/lib/python3.10/site-packages/ar_mapping_base/mapping_kf.py
/home/GTL/mgaddam/CS7630/ros2_ws/install/ar_mapping_base/lib/python3.10/site-packages/ar_mapping_base/__init__.py
/home/GTL/mgaddam/CS7630/ros2_ws/install/ar_mapping_base/lib/python3.10/site-packages/ar_mapping_base/rover_mapping.py
/home/GTL/mgaddam/CS7630/ros2_ws/install/ar_mapping_base/lib/python3.10/site-packages/ar_mapping_base/__pycache__/mapping_kf.cpython-310.pyc
/home/GTL/mgaddam/CS7630/ros2_ws/install/ar_mapping_base/lib/python3.10/site-packages/ar_mapping_base/__pycache__/__init__.cpython-310.pyc
/home/GTL/mgaddam/CS7630/ros2_ws/install/ar_mapping_base/lib/python3.10/site-packages/ar_mapping_base/__pycache__/rover_mapping.cpython-310.pyc
/home/GTL/mgaddam/CS7630/ros2_ws/install/ar_mapping_base/share/ament_index/resource_index/packages/ar_mapping_base
/home/GTL/mgaddam/CS7630/ros2_ws/install/ar_mapping_base/share/ar_mapping_base/package.xml
/home/GTL/mgaddam/CS7630/ros2_ws/install/ar_mapping_base/share/ar_mapping_base/board_descriptions.yaml
/home/GTL/mgaddam/CS7630/ros2_ws/install/ar_mapping_base/share/ar_mapping_base/aruco_tracker.yaml
/home/GTL/mgaddam/CS7630/ros2_ws/install/ar_mapping_base/share/ar_mapping_base/aruco_tracker.launch.xml
/home/GTL/mgaddam/CS7630/ros2_ws/install/ar_mapping_base/share/ar_mapping_base/ar_mapping.launch.py
/home/GTL/mgaddam/CS7630/ros2_ws/install/ar_mapping_base/lib/python3.10/site-packages/ar_mapping_base-0.0.0-py3.10.egg-info/entry_points.txt
/home/GTL/mgaddam/CS7630/ros2_ws/install/ar_mapping_base/lib/python3.10/site-packages/ar_mapping_base-0.0.0-py3.10.egg-info/dependency_links.txt
/home/GTL/mgaddam/CS7630/ros2_ws/install/ar_mapping_base/lib/python3.10/site-packages/ar_mapping_base-0.0.0-py3.10.egg-info/top_level.txt
/home/GTL/mgaddam/CS7630/ros2_ws/install/ar_mapping_base/lib/python3.10/site-packages/ar_mapping_base-0.0.0-py3.10.egg-info/PKG-INFO
/home/GTL/mgaddam/CS7630/ros2_ws/install/ar_mapping_base/lib/python3.10/site-packages/ar_mapping_base-0.0.0-py3.10.egg-info/requires.txt
/home/GTL/mgaddam/CS7630/ros2_ws/install/ar_mapping_base/lib/python3.10/site-packages/ar_mapping_base-0.0.0-py3.10.egg-info/zip-safe
/home/GTL/mgaddam/CS7630/ros2_ws/install/ar_mapping_base/lib/python3.10/site-packages/ar_mapping_base-0.0.0-py3.10.egg-info/SOURCES.txt
/home/GTL/mgaddam/CS7630/ros2_ws/install/ar_mapping_base/lib/ar_mapping_base/ar_mapping_node
