[1.047s] Invoking command in '/home/GTL/mgaddam/CS7630/ros2_ws/build/turtlebot_launch': CMAKE_PREFIX_PATH=/opt/ros/humble /usr/bin/cmake --build /home/GTL/mgaddam/CS7630/ros2_ws/build/turtlebot_launch -- -j16 -l16
[1.294s] Invoked command in '/home/GTL/mgaddam/CS7630/ros2_ws/build/turtlebot_launch' returned '0': CMAKE_PREFIX_PATH=/opt/ros/humble /usr/bin/cmake --build /home/GTL/mgaddam/CS7630/ros2_ws/build/turtlebot_launch -- -j16 -l16
[1.317s] Invoking command in '/home/GTL/mgaddam/CS7630/ros2_ws/build/turtlebot_launch': CMAKE_PREFIX_PATH=/opt/ros/humble /usr/bin/cmake --install /home/GTL/mgaddam/CS7630/ros2_ws/build/turtlebot_launch
[1.326s] -- Install configuration: ""
[1.326s] -- Up-to-date: /home/GTL/mgaddam/CS7630/ros2_ws/install/turtlebot_launch/share/turtlebot_launch
[1.326s] -- Up-to-date: /home/GTL/mgaddam/CS7630/ros2_ws/install/turtlebot_launch/share/turtlebot_launch/tb_slam_env.launch.py
[1.327s] -- Up-to-date: /home/GTL/mgaddam/CS7630/ros2_ws/install/turtlebot_launch/share/turtlebot_launch/kinect_min.launch.py
[1.328s] -- Up-to-date: /home/GTL/mgaddam/CS7630/ros2_ws/install/turtlebot_launch/share/turtlebot_launch/minimal.launch.py
[1.329s] -- Up-to-date: /home/GTL/mgaddam/CS7630/ros2_ws/install/turtlebot_launch/share/turtlebot_launch/slam_tb_sync_rviz.launch.py
[1.329s] -- Up-to-date: /home/GTL/mgaddam/CS7630/ros2_ws/install/turtlebot_launch/share/turtlebot_launch/slam_tb_sync.launch.py
[1.330s] -- Up-to-date: /home/GTL/mgaddam/CS7630/ros2_ws/install/turtlebot_launch/share/turtlebot_launch/aruco_tracker_tb.yaml
[1.331s] -- Up-to-date: /home/GTL/mgaddam/CS7630/ros2_ws/install/turtlebot_launch/share/turtlebot_launch/turtlebot_description.launch.py
[1.332s] -- Up-to-date: /home/GTL/mgaddam/CS7630/ros2_ws/install/turtlebot_launch/share/turtlebot_launch/kinect.launch.py
[1.332s] -- Up-to-date: /home/GTL/mgaddam/CS7630/ros2_ws/install/turtlebot_launch/share/turtlebot_launch/cartographer.launch.py
[1.333s] -- Up-to-date: /home/GTL/mgaddam/CS7630/ros2_ws/install/turtlebot_launch/share/turtlebot_launch/autodock.launch.py
[1.334s] -- Up-to-date: /home/GTL/mgaddam/CS7630/ros2_ws/install/turtlebot_launch/share/turtlebot_launch/turtlebot_cartographer.lua
[1.335s] -- Up-to-date: /home/GTL/mgaddam/CS7630/ros2_ws/install/turtlebot_launch/share/turtlebot_launch/cartographer_rviz.launch.py
[1.335s] -- Up-to-date: /home/GTL/mgaddam/CS7630/ros2_ws/install/turtlebot_launch/share/turtlebot_launch/turtlebot_cartographer.rviz
[1.336s] -- Up-to-date: /home/GTL/mgaddam/CS7630/ros2_ws/install/turtlebot_launch/share/turtlebot_launch/tb3_cartographer.rviz
[1.337s] -- Up-to-date: /home/GTL/mgaddam/CS7630/ros2_ws/install/turtlebot_launch/share/turtlebot_launch/mapper_params_tb_sync.yaml
[1.337s] -- Up-to-date: /home/GTL/mgaddam/CS7630/ros2_ws/install/turtlebot_launch/share/turtlebot_launch/rplidar_a1_launch.py
[1.338s] -- Up-to-date: /home/GTL/mgaddam/CS7630/ros2_ws/install/turtlebot_launch/share/turtlebot_launch/kinect_min_comp.launch.py
[1.339s] -- Up-to-date: /home/GTL/mgaddam/CS7630/ros2_ws/install/turtlebot_launch/share/turtlebot_launch/occupancy_grid.launch.py
[1.340s] -- Up-to-date: /home/GTL/mgaddam/CS7630/ros2_ws/install/turtlebot_launch/share/turtlebot_launch/__pycache__
[1.341s] -- Up-to-date: /home/GTL/mgaddam/CS7630/ros2_ws/install/turtlebot_launch/share/turtlebot_launch/__pycache__/slam_tb_sync_rviz.launch.cpython-310.pyc
[1.341s] -- Up-to-date: /home/GTL/mgaddam/CS7630/ros2_ws/install/turtlebot_launch/share/turtlebot_launch/__pycache__/cartographer_rviz.launch.cpython-310.pyc
[1.342s] -- Up-to-date: /home/GTL/mgaddam/CS7630/ros2_ws/install/turtlebot_launch/share/turtlebot_launch/__pycache__/cartographer.launch.cpython-310.pyc
[1.342s] -- Up-to-date: /home/GTL/mgaddam/CS7630/ros2_ws/install/turtlebot_launch/share/turtlebot_launch/__pycache__/kinect.launch.cpython-310.pyc
[1.343s] -- Up-to-date: /home/GTL/mgaddam/CS7630/ros2_ws/install/turtlebot_launch/share/turtlebot_launch/__pycache__/slam_tb_sync.launch.cpython-310.pyc
[1.344s] -- Up-to-date: /home/GTL/mgaddam/CS7630/ros2_ws/install/turtlebot_launch/share/turtlebot_launch/__pycache__/occupancy_grid.launch.cpython-310.pyc
[1.345s] -- Up-to-date: /home/GTL/mgaddam/CS7630/ros2_ws/install/turtlebot_launch/share/turtlebot_launch/__pycache__/kinect_min.launch.cpython-310.pyc
[1.346s] -- Up-to-date: /home/GTL/mgaddam/CS7630/ros2_ws/install/turtlebot_launch/share/turtlebot_launch/urdf
[1.347s] -- Up-to-date: /home/GTL/mgaddam/CS7630/ros2_ws/install/turtlebot_launch/share/turtlebot_launch/urdf/turtlebot_hardware.urdf.xacro
[1.347s] -- Up-to-date: /home/GTL/mgaddam/CS7630/ros2_ws/install/turtlebot_launch/share/turtlebot_launch/urdf/turtlebot_kinect.urdf.xacro
[1.348s] -- Up-to-date: /home/GTL/mgaddam/CS7630/ros2_ws/install/turtlebot_launch/share/turtlebot_launch/urdf/turtlebot_standalone.urdf.xacro
[1.349s] -- Up-to-date: /home/GTL/mgaddam/CS7630/ros2_ws/install/turtlebot_launch/share/turtlebot_launch/urdf/turtlebot.urdf.xacro
[1.349s] -- Up-to-date: /home/GTL/mgaddam/CS7630/ros2_ws/install/turtlebot_launch/share/turtlebot_launch/urdf/turtlebot_xtion_pro.urdf.xacro
[1.350s] -- Up-to-date: /home/GTL/mgaddam/CS7630/ros2_ws/install/turtlebot_launch/share/turtlebot_launch/urdf/turtlebot_body.urdf.xacro
[1.351s] -- Up-to-date: /home/GTL/mgaddam/CS7630/ros2_ws/install/turtlebot_launch/share/turtlebot_launch/urdf/gazebo.urdf.xacro
[1.351s] -- Up-to-date: /home/GTL/mgaddam/CS7630/ros2_ws/install/turtlebot_launch/share/turtlebot_launch/urdf/turtlebot_calibration.xacro
[1.352s] -- Up-to-date: /home/GTL/mgaddam/CS7630/ros2_ws/install/turtlebot_launch/share/turtlebot_launch/meshes
[1.353s] -- Up-to-date: /home/GTL/mgaddam/CS7630/ros2_ws/install/turtlebot_launch/share/turtlebot_launch/meshes/create_body.tga
[1.354s] -- Up-to-date: /home/GTL/mgaddam/CS7630/ros2_ws/install/turtlebot_launch/share/turtlebot_launch/meshes/plate_2_logo.tga
[1.354s] -- Up-to-date: /home/GTL/mgaddam/CS7630/ros2_ws/install/turtlebot_launch/share/turtlebot_launch/meshes/kinect.dae
[1.355s] -- Up-to-date: /home/GTL/mgaddam/CS7630/ros2_ws/install/turtlebot_launch/share/turtlebot_launch/meshes/68-02421-8000-RA_Turtlebot_F-F_Standoff.dae
[1.356s] -- Up-to-date: /home/GTL/mgaddam/CS7630/ros2_ws/install/turtlebot_launch/share/turtlebot_launch/meshes/kinect.tga
[1.356s] -- Up-to-date: /home/GTL/mgaddam/CS7630/ros2_ws/install/turtlebot_launch/share/turtlebot_launch/meshes/68-04552-1000-RA_Turtlebot_M-F_Standoff.dae
[1.357s] -- Up-to-date: /home/GTL/mgaddam/CS7630/ros2_ws/install/turtlebot_launch/share/turtlebot_launch/meshes/68-04552-2000-RA_Turtlebot_M-F_Standoff_color.png
[1.358s] -- Up-to-date: /home/GTL/mgaddam/CS7630/ros2_ws/install/turtlebot_launch/share/turtlebot_launch/meshes/68-04556-RA_Kinect_Standoff_Assy.dae
[1.359s] -- Up-to-date: /home/GTL/mgaddam/CS7630/ros2_ws/install/turtlebot_launch/share/turtlebot_launch/meshes/plate_0_logo.tga
[1.359s] -- Up-to-date: /home/GTL/mgaddam/CS7630/ros2_ws/install/turtlebot_launch/share/turtlebot_launch/meshes/68-02403-125_Spacer.dae
[1.360s] -- Up-to-date: /home/GTL/mgaddam/CS7630/ros2_ws/install/turtlebot_launch/share/turtlebot_launch/meshes/68-04552-1000-RA_Turtlebot_M-F_Standoff_color.png
[1.360s] -- Up-to-date: /home/GTL/mgaddam/CS7630/ros2_ws/install/turtlebot_launch/share/turtlebot_launch/meshes/68-04552-2000-RA_Turtlebot_M-F_Standoff.dae
[1.361s] -- Up-to-date: /home/GTL/mgaddam/CS7630/ros2_ws/install/turtlebot_launch/share/turtlebot_launch/meshes/68-02421-8000-RA_Turtlebot_F-F_Standoff_color.png
[1.362s] -- Up-to-date: /home/GTL/mgaddam/CS7630/ros2_ws/install/turtlebot_launch/share/turtlebot_launch/meshes/create_body.dae
[1.362s] -- Up-to-date: /home/GTL/mgaddam/CS7630/ros2_ws/install/turtlebot_launch/share/turtlebot_launch/meshes/68-04556-RA_Kinect_Standoff_Assy.3ds
[1.363s] -- Up-to-date: /home/GTL/mgaddam/CS7630/ros2_ws/install/turtlebot_launch/share/turtlebot_launch/meshes/plate_1_logo.tga
[1.363s] -- Up-to-date: /home/GTL/mgaddam/CS7630/ros2_ws/install/turtlebot_launch/share/turtlebot_launch/meshes/plate_0_logo.dae
[1.364s] -- Up-to-date: /home/GTL/mgaddam/CS7630/ros2_ws/install/turtlebot_launch/share/turtlebot_launch/meshes/plate_2_logo.dae
[1.365s] -- Up-to-date: /home/GTL/mgaddam/CS7630/ros2_ws/install/turtlebot_launch/share/turtlebot_launch/meshes/plate_1_logo.dae
[1.366s] -- Up-to-date: /home/GTL/mgaddam/CS7630/ros2_ws/install/turtlebot_launch/share/ament_index/resource_index/package_run_dependencies/turtlebot_launch
[1.367s] -- Up-to-date: /home/GTL/mgaddam/CS7630/ros2_ws/install/turtlebot_launch/share/ament_index/resource_index/parent_prefix_path/turtlebot_launch
[1.368s] -- Up-to-date: /home/GTL/mgaddam/CS7630/ros2_ws/install/turtlebot_launch/share/turtlebot_launch/environment/ament_prefix_path.sh
[1.369s] -- Up-to-date: /home/GTL/mgaddam/CS7630/ros2_ws/install/turtlebot_launch/share/turtlebot_launch/environment/ament_prefix_path.dsv
[1.369s] -- Up-to-date: /home/GTL/mgaddam/CS7630/ros2_ws/install/turtlebot_launch/share/turtlebot_launch/environment/path.sh
[1.370s] -- Up-to-date: /home/GTL/mgaddam/CS7630/ros2_ws/install/turtlebot_launch/share/turtlebot_launch/environment/path.dsv
[1.371s] -- Up-to-date: /home/GTL/mgaddam/CS7630/ros2_ws/install/turtlebot_launch/share/turtlebot_launch/local_setup.bash
[1.371s] -- Up-to-date: /home/GTL/mgaddam/CS7630/ros2_ws/install/turtlebot_launch/share/turtlebot_launch/local_setup.sh
[1.372s] -- Up-to-date: /home/GTL/mgaddam/CS7630/ros2_ws/install/turtlebot_launch/share/turtlebot_launch/local_setup.zsh
[1.373s] -- Up-to-date: /home/GTL/mgaddam/CS7630/ros2_ws/install/turtlebot_launch/share/turtlebot_launch/local_setup.dsv
[1.373s] -- Up-to-date: /home/GTL/mgaddam/CS7630/ros2_ws/install/turtlebot_launch/share/turtlebot_launch/package.dsv
[1.374s] -- Up-to-date: /home/GTL/mgaddam/CS7630/ros2_ws/install/turtlebot_launch/share/ament_index/resource_index/packages/turtlebot_launch
[1.374s] -- Up-to-date: /home/GTL/mgaddam/CS7630/ros2_ws/install/turtlebot_launch/share/turtlebot_launch/cmake/turtlebot_launchConfig.cmake
[1.375s] -- Up-to-date: /home/GTL/mgaddam/CS7630/ros2_ws/install/turtlebot_launch/share/turtlebot_launch/cmake/turtlebot_launchConfig-version.cmake
[1.375s] -- Up-to-date: /home/GTL/mgaddam/CS7630/ros2_ws/install/turtlebot_launch/share/turtlebot_launch/package.xml
[1.476s] Invoked command in '/home/GTL/mgaddam/CS7630/ros2_ws/build/turtlebot_launch' returned '0': CMAKE_PREFIX_PATH=/opt/ros/humble /usr/bin/cmake --install /home/GTL/mgaddam/CS7630/ros2_ws/build/turtlebot_launch
