[1.219s] Invoking command in '/home/GTL/mgaddam/CS7630/ros2_ws/src/build/task_manager_nav2': AMENT_PREFIX_PATH=/home/GTL/mgaddam/CS7630/ros2_ws/src/install/task_manager_lib:/home/GTL/mgaddam/CS7630/ros2_ws/src/install/task_manager_msgs:${AMENT_PREFIX_PATH} CMAKE_PREFIX_PATH=/home/GTL/mgaddam/CS7630/ros2_ws/src/install/task_manager_lib:/home/GTL/mgaddam/CS7630/ros2_ws/src/install/task_manager_msgs:/opt/ros/humble LD_LIBRARY_PATH=/home/GTL/mgaddam/CS7630/ros2_ws/src/install/task_manager_lib/lib:/home/GTL/mgaddam/CS7630/ros2_ws/src/install/task_manager_msgs/lib:${LD_LIBRARY_PATH} PYTHONPATH=/home/GTL/mgaddam/CS7630/ros2_ws/src/install/task_manager_msgs/local/lib/python3.10/dist-packages:${PYTHONPATH} /usr/bin/cmake --build /home/GTL/mgaddam/CS7630/ros2_ws/src/build/task_manager_nav2 -- -j16 -l16
[1.369s] Invoked command in '/home/GTL/mgaddam/CS7630/ros2_ws/src/build/task_manager_nav2' returned '0': AMENT_PREFIX_PATH=/home/GTL/mgaddam/CS7630/ros2_ws/src/install/task_manager_lib:/home/GTL/mgaddam/CS7630/ros2_ws/src/install/task_manager_msgs:${AMENT_PREFIX_PATH} CMAKE_PREFIX_PATH=/home/GTL/mgaddam/CS7630/ros2_ws/src/install/task_manager_lib:/home/GTL/mgaddam/CS7630/ros2_ws/src/install/task_manager_msgs:/opt/ros/humble LD_LIBRARY_PATH=/home/GTL/mgaddam/CS7630/ros2_ws/src/install/task_manager_lib/lib:/home/GTL/mgaddam/CS7630/ros2_ws/src/install/task_manager_msgs/lib:${LD_LIBRARY_PATH} PYTHONPATH=/home/GTL/mgaddam/CS7630/ros2_ws/src/install/task_manager_msgs/local/lib/python3.10/dist-packages:${PYTHONPATH} /usr/bin/cmake --build /home/GTL/mgaddam/CS7630/ros2_ws/src/build/task_manager_nav2 -- -j16 -l16
[1.380s] Invoking command in '/home/GTL/mgaddam/CS7630/ros2_ws/src/build/task_manager_nav2': AMENT_PREFIX_PATH=/home/GTL/mgaddam/CS7630/ros2_ws/src/install/task_manager_lib:/home/GTL/mgaddam/CS7630/ros2_ws/src/install/task_manager_msgs:${AMENT_PREFIX_PATH} CMAKE_PREFIX_PATH=/home/GTL/mgaddam/CS7630/ros2_ws/src/install/task_manager_lib:/home/GTL/mgaddam/CS7630/ros2_ws/src/install/task_manager_msgs:/opt/ros/humble LD_LIBRARY_PATH=/home/GTL/mgaddam/CS7630/ros2_ws/src/install/task_manager_lib/lib:/home/GTL/mgaddam/CS7630/ros2_ws/src/install/task_manager_msgs/lib:${LD_LIBRARY_PATH} PYTHONPATH=/home/GTL/mgaddam/CS7630/ros2_ws/src/install/task_manager_msgs/local/lib/python3.10/dist-packages:${PYTHONPATH} /usr/bin/cmake --install /home/GTL/mgaddam/CS7630/ros2_ws/src/build/task_manager_nav2
[1.386s] -- Install configuration: ""
[1.387s] -- Up-to-date: /home/GTL/mgaddam/CS7630/ros2_ws/src/install/task_manager_nav2/include/task_manager_nav2
[1.389s] -- Up-to-date: /home/GTL/mgaddam/CS7630/ros2_ws/src/install/task_manager_nav2/include/task_manager_nav2/TaskActionNav2.h
[1.390s] -- Up-to-date: /home/GTL/mgaddam/CS7630/ros2_ws/src/install/task_manager_nav2/share/ament_index/resource_index/package_run_dependencies/task_manager_nav2
[1.391s] -- Up-to-date: /home/GTL/mgaddam/CS7630/ros2_ws/src/install/task_manager_nav2/share/ament_index/resource_index/parent_prefix_path/task_manager_nav2
[1.391s] -- Up-to-date: /home/GTL/mgaddam/CS7630/ros2_ws/src/install/task_manager_nav2/share/task_manager_nav2/environment/ament_prefix_path.sh
[1.392s] -- Up-to-date: /home/GTL/mgaddam/CS7630/ros2_ws/src/install/task_manager_nav2/share/task_manager_nav2/environment/ament_prefix_path.dsv
[1.393s] -- Up-to-date: /home/GTL/mgaddam/CS7630/ros2_ws/src/install/task_manager_nav2/share/task_manager_nav2/environment/path.sh
[1.394s] -- Up-to-date: /home/GTL/mgaddam/CS7630/ros2_ws/src/install/task_manager_nav2/share/task_manager_nav2/environment/path.dsv
[1.394s] -- Up-to-date: /home/GTL/mgaddam/CS7630/ros2_ws/src/install/task_manager_nav2/share/task_manager_nav2/local_setup.bash
[1.394s] -- Up-to-date: /home/GTL/mgaddam/CS7630/ros2_ws/src/install/task_manager_nav2/share/task_manager_nav2/local_setup.sh
[1.395s] -- Up-to-date: /home/GTL/mgaddam/CS7630/ros2_ws/src/install/task_manager_nav2/share/task_manager_nav2/local_setup.zsh
[1.396s] -- Up-to-date: /home/GTL/mgaddam/CS7630/ros2_ws/src/install/task_manager_nav2/share/task_manager_nav2/local_setup.dsv
[1.397s] -- Installing: /home/GTL/mgaddam/CS7630/ros2_ws/src/install/task_manager_nav2/share/task_manager_nav2/package.dsv
[1.476s] -- Up-to-date: /home/GTL/mgaddam/CS7630/ros2_ws/src/install/task_manager_nav2/share/ament_index/resource_index/packages/task_manager_nav2
[1.477s] -- Up-to-date: /home/GTL/mgaddam/CS7630/ros2_ws/src/install/task_manager_nav2/share/task_manager_nav2/cmake/ament_cmake_export_dependencies-extras.cmake
[1.478s] -- Up-to-date: /home/GTL/mgaddam/CS7630/ros2_ws/src/install/task_manager_nav2/share/task_manager_nav2/cmake/ament_cmake_export_include_directories-extras.cmake
[1.479s] -- Up-to-date: /home/GTL/mgaddam/CS7630/ros2_ws/src/install/task_manager_nav2/share/task_manager_nav2/cmake/task_manager_nav2Config.cmake
[1.479s] -- Up-to-date: /home/GTL/mgaddam/CS7630/ros2_ws/src/install/task_manager_nav2/share/task_manager_nav2/cmake/task_manager_nav2Config-version.cmake
[1.480s] -- Up-to-date: /home/GTL/mgaddam/CS7630/ros2_ws/src/install/task_manager_nav2/share/task_manager_nav2/package.xml
[1.483s] Invoked command in '/home/GTL/mgaddam/CS7630/ros2_ws/src/build/task_manager_nav2' returned '0': AMENT_PREFIX_PATH=/home/GTL/mgaddam/CS7630/ros2_ws/src/install/task_manager_lib:/home/GTL/mgaddam/CS7630/ros2_ws/src/install/task_manager_msgs:${AMENT_PREFIX_PATH} CMAKE_PREFIX_PATH=/home/GTL/mgaddam/CS7630/ros2_ws/src/install/task_manager_lib:/home/GTL/mgaddam/CS7630/ros2_ws/src/install/task_manager_msgs:/opt/ros/humble LD_LIBRARY_PATH=/home/GTL/mgaddam/CS7630/ros2_ws/src/install/task_manager_lib/lib:/home/GTL/mgaddam/CS7630/ros2_ws/src/install/task_manager_msgs/lib:${LD_LIBRARY_PATH} PYTHONPATH=/home/GTL/mgaddam/CS7630/ros2_ws/src/install/task_manager_msgs/local/lib/python3.10/dist-packages:${PYTHONPATH} /usr/bin/cmake --install /home/GTL/mgaddam/CS7630/ros2_ws/src/build/task_manager_nav2
