running egg_info
writing ../build/vrep_ros_teleop/vrep_ros_teleop.egg-info/PKG-INFO
writing dependency_links to ../build/vrep_ros_teleop/vrep_ros_teleop.egg-info/dependency_links.txt
writing entry points to ../build/vrep_ros_teleop/vrep_ros_teleop.egg-info/entry_points.txt
writing requirements to ../build/vrep_ros_teleop/vrep_ros_teleop.egg-info/requires.txt
writing top-level names to ../build/vrep_ros_teleop/vrep_ros_teleop.egg-info/top_level.txt
reading manifest file '../build/vrep_ros_teleop/vrep_ros_teleop.egg-info/SOURCES.txt'
writing manifest file '../build/vrep_ros_teleop/vrep_ros_teleop.egg-info/SOURCES.txt'
running build
running build_py
running install
/usr/lib/python3/dist-packages/setuptools/command/install.py:34: SetuptoolsDeprecationWarning: setup.py install is deprecated. Use build and pip and other standards-based tools.
  warnings.warn(
running install_lib
running install_data
running install_egg_info
removing '/home/GTL/mgaddam/CS7630/ros2_ws/src/install/vrep_ros_teleop/lib/python3.10/site-packages/vrep_ros_teleop-0.0.0-py3.10.egg-info' (and everything under it)
Copying ../build/vrep_ros_teleop/vrep_ros_teleop.egg-info to /home/GTL/mgaddam/CS7630/ros2_ws/src/install/vrep_ros_teleop/lib/python3.10/site-packages/vrep_ros_teleop-0.0.0-py3.10.egg-info
running install_scripts
Installing teleop_mux_node script to /home/GTL/mgaddam/CS7630/ros2_ws/src/install/vrep_ros_teleop/lib/vrep_ros_teleop
Installing teleop_node script to /home/GTL/mgaddam/CS7630/ros2_ws/src/install/vrep_ros_teleop/lib/vrep_ros_teleop
writing list of installed files to '/home/GTL/mgaddam/CS7630/ros2_ws/src/build/vrep_ros_teleop/install.log'
