[1.728s] Invoking command in '/home/GTL/mgaddam/CS7630/ros2_ws/src/vrep_ros_teleop': PYTHONPATH=/home/GTL/mgaddam/CS7630/ros2_ws/src/build/vrep_ros_teleop/prefix_override:/home/GTL/mgaddam/CS7630/ros2_ws/src/install/vrep_ros_teleop/lib/python3.10/site-packages:${PYTHONPATH} /usr/bin/python3 setup.py egg_info --egg-base ../build/vrep_ros_teleop build --build-base /home/GTL/mgaddam/CS7630/ros2_ws/src/build/vrep_ros_teleop/build install --record /home/GTL/mgaddam/CS7630/ros2_ws/src/build/vrep_ros_teleop/install.log --single-version-externally-managed
[1.886s] running egg_info
[1.887s] writing ../build/vrep_ros_teleop/vrep_ros_teleop.egg-info/PKG-INFO
[1.888s] writing dependency_links to ../build/vrep_ros_teleop/vrep_ros_teleop.egg-info/dependency_links.txt
[1.889s] writing entry points to ../build/vrep_ros_teleop/vrep_ros_teleop.egg-info/entry_points.txt
[1.890s] writing requirements to ../build/vrep_ros_teleop/vrep_ros_teleop.egg-info/requires.txt
[1.891s] writing top-level names to ../build/vrep_ros_teleop/vrep_ros_teleop.egg-info/top_level.txt
[1.896s] reading manifest file '../build/vrep_ros_teleop/vrep_ros_teleop.egg-info/SOURCES.txt'
[1.897s] writing manifest file '../build/vrep_ros_teleop/vrep_ros_teleop.egg-info/SOURCES.txt'
[1.898s] running build
[1.898s] running build_py
[1.899s] running install
[1.899s] /usr/lib/python3/dist-packages/setuptools/command/install.py:34: SetuptoolsDeprecationWarning: setup.py install is deprecated. Use build and pip and other standards-based tools.
[1.899s]   warnings.warn(
[1.899s] running install_lib
[1.901s] running install_data
[1.901s] running install_egg_info
[1.902s] removing '/home/GTL/mgaddam/CS7630/ros2_ws/src/install/vrep_ros_teleop/lib/python3.10/site-packages/vrep_ros_teleop-0.0.0-py3.10.egg-info' (and everything under it)
[1.905s] Copying ../build/vrep_ros_teleop/vrep_ros_teleop.egg-info to /home/GTL/mgaddam/CS7630/ros2_ws/src/install/vrep_ros_teleop/lib/python3.10/site-packages/vrep_ros_teleop-0.0.0-py3.10.egg-info
[1.925s] running install_scripts
[1.940s] Installing teleop_mux_node script to /home/GTL/mgaddam/CS7630/ros2_ws/src/install/vrep_ros_teleop/lib/vrep_ros_teleop
[1.942s] Installing teleop_node script to /home/GTL/mgaddam/CS7630/ros2_ws/src/install/vrep_ros_teleop/lib/vrep_ros_teleop
[1.953s] writing list of installed files to '/home/GTL/mgaddam/CS7630/ros2_ws/src/build/vrep_ros_teleop/install.log'
[2.467s] Invoked command in '/home/GTL/mgaddam/CS7630/ros2_ws/src/vrep_ros_teleop' returned '0': PYTHONPATH=/home/GTL/mgaddam/CS7630/ros2_ws/src/build/vrep_ros_teleop/prefix_override:/home/GTL/mgaddam/CS7630/ros2_ws/src/install/vrep_ros_teleop/lib/python3.10/site-packages:${PYTHONPATH} /usr/bin/python3 setup.py egg_info --egg-base ../build/vrep_ros_teleop build --build-base /home/GTL/mgaddam/CS7630/ros2_ws/src/build/vrep_ros_teleop/build install --record /home/GTL/mgaddam/CS7630/ros2_ws/src/build/vrep_ros_teleop/install.log --single-version-externally-managed
