/home/GTL/mgaddam/CS7630/ros2_ws/install/wpa_cli/lib/python3.10/site-packages/wpa_cli/__init__.py
/home/GTL/mgaddam/CS7630/ros2_ws/install/wpa_cli/lib/python3.10/site-packages/wpa_cli/wpa_cli_sim.py
/home/GTL/mgaddam/CS7630/ros2_ws/install/wpa_cli/lib/python3.10/site-packages/wpa_cli/wpa_cli_node.py
/home/GTL/mgaddam/CS7630/ros2_ws/install/wpa_cli/lib/python3.10/site-packages/wpa_cli/__pycache__/__init__.cpython-310.pyc
/home/GTL/mgaddam/CS7630/ros2_ws/install/wpa_cli/lib/python3.10/site-packages/wpa_cli/__pycache__/wpa_cli_sim.cpython-310.pyc
/home/GTL/mgaddam/CS7630/ros2_ws/install/wpa_cli/lib/python3.10/site-packages/wpa_cli/__pycache__/wpa_cli_node.cpython-310.pyc
/home/GTL/mgaddam/CS7630/ros2_ws/install/wpa_cli/share/ament_index/resource_index/packages/wpa_cli
/home/GTL/mgaddam/CS7630/ros2_ws/install/wpa_cli/share/wpa_cli/package.xml
/home/GTL/mgaddam/CS7630/ros2_ws/install/wpa_cli/share/wpa_cli/wpa_cli.launch.py
/home/GTL/mgaddam/CS7630/ros2_ws/install/wpa_cli/share/wpa_cli/wpa_sim.launch.py
/home/GTL/mgaddam/CS7630/ros2_ws/install/wpa_cli/lib/python3.10/site-packages/wpa_cli-0.0.0-py3.10.egg-info/entry_points.txt
/home/GTL/mgaddam/CS7630/ros2_ws/install/wpa_cli/lib/python3.10/site-packages/wpa_cli-0.0.0-py3.10.egg-info/dependency_links.txt
/home/GTL/mgaddam/CS7630/ros2_ws/install/wpa_cli/lib/python3.10/site-packages/wpa_cli-0.0.0-py3.10.egg-info/top_level.txt
/home/GTL/mgaddam/CS7630/ros2_ws/install/wpa_cli/lib/python3.10/site-packages/wpa_cli-0.0.0-py3.10.egg-info/PKG-INFO
/home/GTL/mgaddam/CS7630/ros2_ws/install/wpa_cli/lib/python3.10/site-packages/wpa_cli-0.0.0-py3.10.egg-info/requires.txt
/home/GTL/mgaddam/CS7630/ros2_ws/install/wpa_cli/lib/python3.10/site-packages/wpa_cli-0.0.0-py3.10.egg-info/zip-safe
/home/GTL/mgaddam/CS7630/ros2_ws/install/wpa_cli/lib/python3.10/site-packages/wpa_cli-0.0.0-py3.10.egg-info/SOURCES.txt
/home/GTL/mgaddam/CS7630/ros2_ws/install/wpa_cli/lib/wpa_cli/wpa_cli_const
/home/GTL/mgaddam/CS7630/ros2_ws/install/wpa_cli/lib/wpa_cli/wpa_cli_node
/home/GTL/mgaddam/CS7630/ros2_ws/install/wpa_cli/lib/wpa_cli/wpa_cli_sim
