-- The C compiler identification is GNU 11.4.0
-- The CXX compiler identification is GNU 11.4.0
-- Detecting C compiler ABI info
-- Detecting C compiler ABI info - done
-- Check for working C compiler: /usr/bin/cc - skipped
-- Detecting C compile features
-- Detecting C compile features - done
-- Detecting CXX compiler ABI info
-- Detecting CXX compiler ABI info - done
-- Check for working CXX compiler: /usr/bin/c++ - skipped
-- Detecting CXX compile features
-- Detecting CXX compile features - done
-- Found ament_cmake: 1.3.8 (/opt/ros/humble/share/ament_cmake/cmake)
-- Found Python3: /usr/bin/python3 (found version "3.10.12") found components: Interpreter 
-- Found rclcpp: 16.0.8 (/opt/ros/humble/share/rclcpp/cmake)
-- Found rosidl_generator_c: 3.1.5 (/opt/ros/humble/share/rosidl_generator_c/cmake)
-- Found rosidl_adapter: 3.1.5 (/opt/ros/humble/share/rosidl_adapter/cmake)
-- Found rosidl_generator_cpp: 3.1.5 (/opt/ros/humble/share/rosidl_generator_cpp/cmake)
-- Using all available rosidl_typesupport_c: rosidl_typesupport_fastrtps_c;rosidl_typesupport_introspection_c
-- Using all available rosidl_typesupport_cpp: rosidl_typesupport_fastrtps_cpp;rosidl_typesupport_introspection_cpp
-- Found rmw_implementation_cmake: 6.1.1 (/opt/ros/humble/share/rmw_implementation_cmake/cmake)
-- Found rmw_cyclonedds_cpp: 1.3.4 (/opt/ros/humble/share/rmw_cyclonedds_cpp/cmake)
-- Using RMW implementation 'rmw_cyclonedds_cpp' as default
-- Looking for pthread.h
-- Looking for pthread.h - found
-- Performing Test CMAKE_HAVE_LIBC_PTHREAD
-- Performing Test CMAKE_HAVE_LIBC_PTHREAD - Success
-- Found Threads: TRUE  
-- Found rclcpp_action: 16.0.8 (/opt/ros/humble/share/rclcpp_action/cmake)
-- Found rclpy: 3.3.12 (/opt/ros/humble/share/rclpy/cmake)
-- Found std_srvs: 4.2.3 (/opt/ros/humble/share/std_srvs/cmake)
-- Found task_manager_msgs: 0.0.0 (/home/GTL/mgaddam/CS7630/ros2_ws/src/install/task_manager_msgs/share/task_manager_msgs/cmake)
-- Found Boost: /usr/lib/x86_64-linux-gnu/cmake/Boost-1.74.0/BoostConfig.cmake (found version "1.74.0") found components: thread 
-- Found ament_lint_auto: 0.12.10 (/opt/ros/humble/share/ament_lint_auto/cmake)
-- Added test 'copyright' to check source files copyright and LICENSE
-- Added test 'cppcheck' to perform static code analysis on C / C++ code
-- Configured cppcheck include dirs: /home/GTL/mgaddam/CS7630/ros2_ws/src/ros_task_manager/src/task_manager_lib/include
-- Configured cppcheck exclude dirs and/or files: 
-- Added test 'cpplint' to check C / C++ code against the Google style
-- Configured cpplint exclude dirs and/or files: 
-- Added test 'flake8' to check Python code syntax and style conventions
-- Added test 'lint_cmake' to check CMake code style
-- Added test 'pep257' to check Python code against some of the docstring style conventions in PEP 257
-- Added test 'uncrustify' to check C / C++ code style
-- Configured uncrustify additional arguments: 
-- Added test 'xmllint' to check XML markup files
-- Configuring done
-- Generating done
-- Build files have been written to: /home/GTL/mgaddam/CS7630/ros2_ws/src/build/task_manager_lib
[ 60%] [32mBuilding CXX object CMakeFiles/task_manager_lib.dir/src/TaskDefinition.cpp.o[0m
[ 60%] [32mBuilding CXX object CMakeFiles/task_manager_lib.dir/src/DynamicTask.cpp.o[0m
[ 60%] [32mBuilding CXX object CMakeFiles/task_manager_lib.dir/src/TaskInstance.cpp.o[0m
[ 60%] [32mBuilding CXX object CMakeFiles/task_manager_lib.dir/src/TaskIdleDefault.cpp.o[0m
[ 90%] [32mBuilding CXX object CMakeFiles/task_manager_lib.dir/src/TaskWaitDefault.cpp.o[0m
[ 90%] [32mBuilding CXX object CMakeFiles/task_manager_lib.dir/src/TaskScheduler.cpp.o[0m
[ 60%] [32mBuilding CXX object CMakeFiles/task_manager_lib.dir/src/TaskConfig.cpp.o[0m
[ 90%] [32mBuilding CXX object CMakeFiles/task_manager_lib.dir/src/TaskServerDefault.cpp.o[0m
[ 90%] [32mBuilding CXX object CMakeFiles/task_manager_lib.dir/src/TaskSystem.cpp.o[0m
[100%] [32m[1mLinking CXX shared library libtask_manager_lib.so[0m
[100%] Built target task_manager_lib
-- Install configuration: ""
-- Installing: /home/GTL/mgaddam/CS7630/ros2_ws/src/install/task_manager_lib/lib/libtask_manager_lib.so
-- Set runtime path of "/home/GTL/mgaddam/CS7630/ros2_ws/src/install/task_manager_lib/lib/libtask_manager_lib.so" to ""
-- Up-to-date: /home/GTL/mgaddam/CS7630/ros2_ws/src/install/task_manager_lib/include/task_manager_lib
-- Installing: /home/GTL/mgaddam/CS7630/ros2_ws/src/install/task_manager_lib/include/task_manager_lib/TaskServerDefault.h
-- Installing: /home/GTL/mgaddam/CS7630/ros2_ws/src/install/task_manager_lib/include/task_manager_lib/TaskWaitDefault.h
-- Installing: /home/GTL/mgaddam/CS7630/ros2_ws/src/install/task_manager_lib/include/task_manager_lib/TaskClient.h
-- Installing: /home/GTL/mgaddam/CS7630/ros2_ws/src/install/task_manager_lib/include/task_manager_lib/ServiceStorage.h
-- Installing: /home/GTL/mgaddam/CS7630/ros2_ws/src/install/task_manager_lib/include/task_manager_lib/TaskScheduler.h
-- Installing: /home/GTL/mgaddam/CS7630/ros2_ws/src/install/task_manager_lib/include/task_manager_lib/DynamicTask.h
-- Installing: /home/GTL/mgaddam/CS7630/ros2_ws/src/install/task_manager_lib/include/task_manager_lib/TaskEnvironment.h
-- Installing: /home/GTL/mgaddam/CS7630/ros2_ws/src/install/task_manager_lib/include/task_manager_lib/TaskInstance.h
-- Installing: /home/GTL/mgaddam/CS7630/ros2_ws/src/install/task_manager_lib/include/task_manager_lib/ParameterList.h
-- Installing: /home/GTL/mgaddam/CS7630/ros2_ws/src/install/task_manager_lib/include/task_manager_lib/TaskIdleDefault.h
-- Installing: /home/GTL/mgaddam/CS7630/ros2_ws/src/install/task_manager_lib/include/task_manager_lib/TaskServiceGeneric.h
-- Installing: /home/GTL/mgaddam/CS7630/ros2_ws/src/install/task_manager_lib/include/task_manager_lib/TaskParameterDefinition.h
-- Installing: /home/GTL/mgaddam/CS7630/ros2_ws/src/install/task_manager_lib/include/task_manager_lib/TaskSystem.h
-- Installing: /home/GTL/mgaddam/CS7630/ros2_ws/src/install/task_manager_lib/include/task_manager_lib/TaskDefinition.h
-- Installing: /home/GTL/mgaddam/CS7630/ros2_ws/src/install/task_manager_lib/include/task_manager_lib/TaskConfig.h
-- Installing: /home/GTL/mgaddam/CS7630/ros2_ws/src/install/task_manager_lib/include/task_manager_lib/TaskActionGeneric.h
-- Installing: /home/GTL/mgaddam/CS7630/ros2_ws/src/install/task_manager_lib/share/task_manager_lib/environment/library_path.sh
-- Installing: /home/GTL/mgaddam/CS7630/ros2_ws/src/install/task_manager_lib/share/task_manager_lib/environment/library_path.dsv
-- Installing: /home/GTL/mgaddam/CS7630/ros2_ws/src/install/task_manager_lib/share/ament_index/resource_index/package_run_dependencies/task_manager_lib
-- Installing: /home/GTL/mgaddam/CS7630/ros2_ws/src/install/task_manager_lib/share/ament_index/resource_index/parent_prefix_path/task_manager_lib
-- Installing: /home/GTL/mgaddam/CS7630/ros2_ws/src/install/task_manager_lib/share/task_manager_lib/environment/ament_prefix_path.sh
-- Installing: /home/GTL/mgaddam/CS7630/ros2_ws/src/install/task_manager_lib/share/task_manager_lib/environment/ament_prefix_path.dsv
-- Installing: /home/GTL/mgaddam/CS7630/ros2_ws/src/install/task_manager_lib/share/task_manager_lib/environment/path.sh
-- Installing: /home/GTL/mgaddam/CS7630/ros2_ws/src/install/task_manager_lib/share/task_manager_lib/environment/path.dsv
-- Installing: /home/GTL/mgaddam/CS7630/ros2_ws/src/install/task_manager_lib/share/task_manager_lib/local_setup.bash
-- Installing: /home/GTL/mgaddam/CS7630/ros2_ws/src/install/task_manager_lib/share/task_manager_lib/local_setup.sh
-- Installing: /home/GTL/mgaddam/CS7630/ros2_ws/src/install/task_manager_lib/share/task_manager_lib/local_setup.zsh
-- Installing: /home/GTL/mgaddam/CS7630/ros2_ws/src/install/task_manager_lib/share/task_manager_lib/local_setup.dsv
-- Installing: /home/GTL/mgaddam/CS7630/ros2_ws/src/install/task_manager_lib/share/task_manager_lib/package.dsv
-- Installing: /home/GTL/mgaddam/CS7630/ros2_ws/src/install/task_manager_lib/share/ament_index/resource_index/packages/task_manager_lib
-- Installing: /home/GTL/mgaddam/CS7630/ros2_ws/src/install/task_manager_lib/share/task_manager_lib/cmake/ament_cmake_export_dependencies-extras.cmake
-- Installing: /home/GTL/mgaddam/CS7630/ros2_ws/src/install/task_manager_lib/share/task_manager_lib/cmake/ament_cmake_export_include_directories-extras.cmake
-- Installing: /home/GTL/mgaddam/CS7630/ros2_ws/src/install/task_manager_lib/share/task_manager_lib/cmake/ament_cmake_export_libraries-extras.cmake
-- Installing: /home/GTL/mgaddam/CS7630/ros2_ws/src/install/task_manager_lib/share/task_manager_lib/cmake/task_manager_libConfig.cmake
-- Installing: /home/GTL/mgaddam/CS7630/ros2_ws/src/install/task_manager_lib/share/task_manager_lib/cmake/task_manager_libConfig-version.cmake
-- Installing: /home/GTL/mgaddam/CS7630/ros2_ws/src/install/task_manager_lib/share/task_manager_lib/package.xml
