[0.595s] Invoking command in '/home/GTL/mgaddam/CS7630/ros2_ws/src/build/task_manager_lib': CMAKE_PREFIX_PATH=/home/GTL/mgaddam/CS7630/ros2_ws/src/install/task_manager_msgs:/home/GTL/mgaddam/CS7630/ros2_ws/src/install/vrep4_helpers:/home/GTL/mgaddam/CS7630/ros2_ws/src/install/task_manager_sync:/home/GTL/mgaddam/CS7630/ros2_ws/src/install/floor_nav:/home/GTL/mgaddam/CS7630/ros2_ws/src/install/task_manager_nav2:/home/GTL/mgaddam/CS7630/ros2_ws/src/install/task_manager_lib:/home/GTL/mgaddam/CS7630/ros2_ws/src/install/cs7630_msgs:/home/GTL/mgaddam/CS7630/ros2_ws/src/install/collision_avoidance_base:/home/GTL/mgaddam/CS7630/ros2_ws/src/install/vrep_ros_teleop:/home/GTL/mgaddam/CS7630/ros2_ws/src/install/task_manager_client_py:/home/GTL/mgaddam/CS7630/ros2_ws/src/install/ar_slam_base:/home/GTL/mgaddam/CS7630/ros2_ws/src/install/ar_loc_base:/home/GTL/mgaddam/CS7630/ros2_ws/src/install/rover_driver_base:/home/GTL/mgaddam/CS7630/ros2_ws/src/install/keyboard_teleop:/home/GTL/mgaddam/CS7630/ros2_ws/src/install/face_detect_base:/home/GTL/mgaddam/CS7630/ros2_ws/src/install/button_server:/home/GTL/mgaddam/CS7630/ros2_ws/src/install/ar_mapping_base:/opt/ros/humble LD_LIBRARY_PATH=/home/GTL/mgaddam/CS7630/ros2_ws/src/install/task_manager_msgs/lib:/home/GTL/mgaddam/CS7630/ros2_ws/src/install/task_manager_sync/lib:/home/GTL/mgaddam/CS7630/ros2_ws/src/install/task_manager_lib/lib:/home/GTL/mgaddam/CS7630/ros2_ws/src/install/cs7630_msgs/lib:/usr/lib/x86_64-linux-gnu/gazebo-11/plugins:/opt/ros/humble/opt/rviz_ogre_vendor/lib:/opt/ros/humble/lib/x86_64-linux-gnu:/opt/ros/humble/lib /usr/bin/cmake /home/GTL/mgaddam/CS7630/ros2_ws/src/ros_task_manager/src/task_manager_lib -DCMAKE_INSTALL_PREFIX=/home/GTL/mgaddam/CS7630/ros2_ws/src/install/task_manager_lib
[0.665s] -- The C compiler identification is GNU 11.4.0
[0.729s] -- The CXX compiler identification is GNU 11.4.0
[0.740s] -- Detecting C compiler ABI info
[0.864s] -- Detecting C compiler ABI info - done
[0.873s] -- Check for working C compiler: /usr/bin/cc - skipped
[0.873s] -- Detecting C compile features
[0.873s] -- Detecting C compile features - done
[0.882s] -- Detecting CXX compiler ABI info
[1.010s] -- Detecting CXX compiler ABI info - done
[1.021s] -- Check for working CXX compiler: /usr/bin/c++ - skipped
[1.021s] -- Detecting CXX compile features
[1.021s] -- Detecting CXX compile features - done
[1.074s] -- Found ament_cmake: 1.3.8 (/opt/ros/humble/share/ament_cmake/cmake)
[1.315s] -- Found Python3: /usr/bin/python3 (found version "3.10.12") found components: Interpreter 
[2.013s] -- Found rclcpp: 16.0.8 (/opt/ros/humble/share/rclcpp/cmake)
[2.511s] -- Found rosidl_generator_c: 3.1.5 (/opt/ros/humble/share/rosidl_generator_c/cmake)
[2.597s] -- Found rosidl_adapter: 3.1.5 (/opt/ros/humble/share/rosidl_adapter/cmake)
[2.687s] -- Found rosidl_generator_cpp: 3.1.5 (/opt/ros/humble/share/rosidl_generator_cpp/cmake)
[2.781s] -- Using all available rosidl_typesupport_c: rosidl_typesupport_fastrtps_c;rosidl_typesupport_introspection_c
[2.926s] -- Using all available rosidl_typesupport_cpp: rosidl_typesupport_fastrtps_cpp;rosidl_typesupport_introspection_cpp
[3.406s] -- Found rmw_implementation_cmake: 6.1.1 (/opt/ros/humble/share/rmw_implementation_cmake/cmake)
[3.451s] -- Found rmw_cyclonedds_cpp: 1.3.4 (/opt/ros/humble/share/rmw_cyclonedds_cpp/cmake)
[3.736s] -- Using RMW implementation 'rmw_cyclonedds_cpp' as default
[3.881s] -- Looking for pthread.h
[4.003s] -- Looking for pthread.h - found
[4.005s] -- Performing Test CMAKE_HAVE_LIBC_PTHREAD
[4.132s] -- Performing Test CMAKE_HAVE_LIBC_PTHREAD - Success
[4.133s] -- Found Threads: TRUE  
[4.458s] -- Found rclcpp_action: 16.0.8 (/opt/ros/humble/share/rclcpp_action/cmake)
[4.706s] -- Found rclpy: 3.3.12 (/opt/ros/humble/share/rclpy/cmake)
[4.759s] -- Found std_srvs: 4.2.3 (/opt/ros/humble/share/std_srvs/cmake)
[4.778s] -- Found task_manager_msgs: 0.0.0 (/home/GTL/mgaddam/CS7630/ros2_ws/src/install/task_manager_msgs/share/task_manager_msgs/cmake)
[5.070s] -- Found Boost: /usr/lib/x86_64-linux-gnu/cmake/Boost-1.74.0/BoostConfig.cmake (found version "1.74.0") found components: thread 
[5.114s] -- Found ament_lint_auto: 0.12.10 (/opt/ros/humble/share/ament_lint_auto/cmake)
[5.872s] -- Added test 'copyright' to check source files copyright and LICENSE
[5.887s] -- Added test 'cppcheck' to perform static code analysis on C / C++ code
[5.888s] -- Configured cppcheck include dirs: /home/GTL/mgaddam/CS7630/ros2_ws/src/ros_task_manager/src/task_manager_lib/include
[5.888s] -- Configured cppcheck exclude dirs and/or files: 
[5.903s] -- Added test 'cpplint' to check C / C++ code against the Google style
[5.903s] -- Configured cpplint exclude dirs and/or files: 
[5.905s] -- Added test 'flake8' to check Python code syntax and style conventions
[5.909s] -- Added test 'lint_cmake' to check CMake code style
[5.911s] -- Added test 'pep257' to check Python code against some of the docstring style conventions in PEP 257
[5.926s] -- Added test 'uncrustify' to check C / C++ code style
[5.926s] -- Configured uncrustify additional arguments: 
[5.928s] -- Added test 'xmllint' to check XML markup files
[6.075s] -- Configuring done
[6.230s] -- Generating done
[6.251s] -- Build files have been written to: /home/GTL/mgaddam/CS7630/ros2_ws/src/build/task_manager_lib
[6.295s] Invoked command in '/home/GTL/mgaddam/CS7630/ros2_ws/src/build/task_manager_lib' returned '0': CMAKE_PREFIX_PATH=/home/GTL/mgaddam/CS7630/ros2_ws/src/install/task_manager_msgs:/home/GTL/mgaddam/CS7630/ros2_ws/src/install/vrep4_helpers:/home/GTL/mgaddam/CS7630/ros2_ws/src/install/task_manager_sync:/home/GTL/mgaddam/CS7630/ros2_ws/src/install/floor_nav:/home/GTL/mgaddam/CS7630/ros2_ws/src/install/task_manager_nav2:/home/GTL/mgaddam/CS7630/ros2_ws/src/install/task_manager_lib:/home/GTL/mgaddam/CS7630/ros2_ws/src/install/cs7630_msgs:/home/GTL/mgaddam/CS7630/ros2_ws/src/install/collision_avoidance_base:/home/GTL/mgaddam/CS7630/ros2_ws/src/install/vrep_ros_teleop:/home/GTL/mgaddam/CS7630/ros2_ws/src/install/task_manager_client_py:/home/GTL/mgaddam/CS7630/ros2_ws/src/install/ar_slam_base:/home/GTL/mgaddam/CS7630/ros2_ws/src/install/ar_loc_base:/home/GTL/mgaddam/CS7630/ros2_ws/src/install/rover_driver_base:/home/GTL/mgaddam/CS7630/ros2_ws/src/install/keyboard_teleop:/home/GTL/mgaddam/CS7630/ros2_ws/src/install/face_detect_base:/home/GTL/mgaddam/CS7630/ros2_ws/src/install/button_server:/home/GTL/mgaddam/CS7630/ros2_ws/src/install/ar_mapping_base:/opt/ros/humble LD_LIBRARY_PATH=/home/GTL/mgaddam/CS7630/ros2_ws/src/install/task_manager_msgs/lib:/home/GTL/mgaddam/CS7630/ros2_ws/src/install/task_manager_sync/lib:/home/GTL/mgaddam/CS7630/ros2_ws/src/install/task_manager_lib/lib:/home/GTL/mgaddam/CS7630/ros2_ws/src/install/cs7630_msgs/lib:/usr/lib/x86_64-linux-gnu/gazebo-11/plugins:/opt/ros/humble/opt/rviz_ogre_vendor/lib:/opt/ros/humble/lib/x86_64-linux-gnu:/opt/ros/humble/lib /usr/bin/cmake /home/GTL/mgaddam/CS7630/ros2_ws/src/ros_task_manager/src/task_manager_lib -DCMAKE_INSTALL_PREFIX=/home/GTL/mgaddam/CS7630/ros2_ws/src/install/task_manager_lib
[6.295s] Invoking command in '/home/GTL/mgaddam/CS7630/ros2_ws/src/build/task_manager_lib': CMAKE_PREFIX_PATH=/home/GTL/mgaddam/CS7630/ros2_ws/src/install/task_manager_msgs:/home/GTL/mgaddam/CS7630/ros2_ws/src/install/vrep4_helpers:/home/GTL/mgaddam/CS7630/ros2_ws/src/install/task_manager_sync:/home/GTL/mgaddam/CS7630/ros2_ws/src/install/floor_nav:/home/GTL/mgaddam/CS7630/ros2_ws/src/install/task_manager_nav2:/home/GTL/mgaddam/CS7630/ros2_ws/src/install/task_manager_lib:/home/GTL/mgaddam/CS7630/ros2_ws/src/install/cs7630_msgs:/home/GTL/mgaddam/CS7630/ros2_ws/src/install/collision_avoidance_base:/home/GTL/mgaddam/CS7630/ros2_ws/src/install/vrep_ros_teleop:/home/GTL/mgaddam/CS7630/ros2_ws/src/install/task_manager_client_py:/home/GTL/mgaddam/CS7630/ros2_ws/src/install/ar_slam_base:/home/GTL/mgaddam/CS7630/ros2_ws/src/install/ar_loc_base:/home/GTL/mgaddam/CS7630/ros2_ws/src/install/rover_driver_base:/home/GTL/mgaddam/CS7630/ros2_ws/src/install/keyboard_teleop:/home/GTL/mgaddam/CS7630/ros2_ws/src/install/face_detect_base:/home/GTL/mgaddam/CS7630/ros2_ws/src/install/button_server:/home/GTL/mgaddam/CS7630/ros2_ws/src/install/ar_mapping_base:/opt/ros/humble LD_LIBRARY_PATH=/home/GTL/mgaddam/CS7630/ros2_ws/src/install/task_manager_msgs/lib:/home/GTL/mgaddam/CS7630/ros2_ws/src/install/task_manager_sync/lib:/home/GTL/mgaddam/CS7630/ros2_ws/src/install/task_manager_lib/lib:/home/GTL/mgaddam/CS7630/ros2_ws/src/install/cs7630_msgs/lib:/usr/lib/x86_64-linux-gnu/gazebo-11/plugins:/opt/ros/humble/opt/rviz_ogre_vendor/lib:/opt/ros/humble/lib/x86_64-linux-gnu:/opt/ros/humble/lib /usr/bin/cmake --build /home/GTL/mgaddam/CS7630/ros2_ws/src/build/task_manager_lib -- -j16 -l16
[6.363s] [ 60%] [32mBuilding CXX object CMakeFiles/task_manager_lib.dir/src/TaskDefinition.cpp.o[0m
[6.365s] [ 60%] [32mBuilding CXX object CMakeFiles/task_manager_lib.dir/src/DynamicTask.cpp.o[0m
[6.366s] [ 60%] [32mBuilding CXX object CMakeFiles/task_manager_lib.dir/src/TaskInstance.cpp.o[0m
[6.366s] [ 60%] [32mBuilding CXX object CMakeFiles/task_manager_lib.dir/src/TaskIdleDefault.cpp.o[0m
[6.366s] [ 90%] [32mBuilding CXX object CMakeFiles/task_manager_lib.dir/src/TaskWaitDefault.cpp.o[0m
[6.366s] [ 90%] [32mBuilding CXX object CMakeFiles/task_manager_lib.dir/src/TaskScheduler.cpp.o[0m
[6.366s] [ 60%] [32mBuilding CXX object CMakeFiles/task_manager_lib.dir/src/TaskConfig.cpp.o[0m
[6.366s] [ 90%] [32mBuilding CXX object CMakeFiles/task_manager_lib.dir/src/TaskServerDefault.cpp.o[0m
[6.366s] [ 90%] [32mBuilding CXX object CMakeFiles/task_manager_lib.dir/src/TaskSystem.cpp.o[0m
[23.680s] [100%] [32m[1mLinking CXX shared library libtask_manager_lib.so[0m
[26.659s] [100%] Built target task_manager_lib
[26.670s] Invoked command in '/home/GTL/mgaddam/CS7630/ros2_ws/src/build/task_manager_lib' returned '0': CMAKE_PREFIX_PATH=/home/GTL/mgaddam/CS7630/ros2_ws/src/install/task_manager_msgs:/home/GTL/mgaddam/CS7630/ros2_ws/src/install/vrep4_helpers:/home/GTL/mgaddam/CS7630/ros2_ws/src/install/task_manager_sync:/home/GTL/mgaddam/CS7630/ros2_ws/src/install/floor_nav:/home/GTL/mgaddam/CS7630/ros2_ws/src/install/task_manager_nav2:/home/GTL/mgaddam/CS7630/ros2_ws/src/install/task_manager_lib:/home/GTL/mgaddam/CS7630/ros2_ws/src/install/cs7630_msgs:/home/GTL/mgaddam/CS7630/ros2_ws/src/install/collision_avoidance_base:/home/GTL/mgaddam/CS7630/ros2_ws/src/install/vrep_ros_teleop:/home/GTL/mgaddam/CS7630/ros2_ws/src/install/task_manager_client_py:/home/GTL/mgaddam/CS7630/ros2_ws/src/install/ar_slam_base:/home/GTL/mgaddam/CS7630/ros2_ws/src/install/ar_loc_base:/home/GTL/mgaddam/CS7630/ros2_ws/src/install/rover_driver_base:/home/GTL/mgaddam/CS7630/ros2_ws/src/install/keyboard_teleop:/home/GTL/mgaddam/CS7630/ros2_ws/src/install/face_detect_base:/home/GTL/mgaddam/CS7630/ros2_ws/src/install/button_server:/home/GTL/mgaddam/CS7630/ros2_ws/src/install/ar_mapping_base:/opt/ros/humble LD_LIBRARY_PATH=/home/GTL/mgaddam/CS7630/ros2_ws/src/install/task_manager_msgs/lib:/home/GTL/mgaddam/CS7630/ros2_ws/src/install/task_manager_sync/lib:/home/GTL/mgaddam/CS7630/ros2_ws/src/install/task_manager_lib/lib:/home/GTL/mgaddam/CS7630/ros2_ws/src/install/cs7630_msgs/lib:/usr/lib/x86_64-linux-gnu/gazebo-11/plugins:/opt/ros/humble/opt/rviz_ogre_vendor/lib:/opt/ros/humble/lib/x86_64-linux-gnu:/opt/ros/humble/lib /usr/bin/cmake --build /home/GTL/mgaddam/CS7630/ros2_ws/src/build/task_manager_lib -- -j16 -l16
[26.704s] Invoking command in '/home/GTL/mgaddam/CS7630/ros2_ws/src/build/task_manager_lib': CMAKE_PREFIX_PATH=/home/GTL/mgaddam/CS7630/ros2_ws/src/install/task_manager_msgs:/home/GTL/mgaddam/CS7630/ros2_ws/src/install/vrep4_helpers:/home/GTL/mgaddam/CS7630/ros2_ws/src/install/task_manager_sync:/home/GTL/mgaddam/CS7630/ros2_ws/src/install/floor_nav:/home/GTL/mgaddam/CS7630/ros2_ws/src/install/task_manager_nav2:/home/GTL/mgaddam/CS7630/ros2_ws/src/install/task_manager_lib:/home/GTL/mgaddam/CS7630/ros2_ws/src/install/cs7630_msgs:/home/GTL/mgaddam/CS7630/ros2_ws/src/install/collision_avoidance_base:/home/GTL/mgaddam/CS7630/ros2_ws/src/install/vrep_ros_teleop:/home/GTL/mgaddam/CS7630/ros2_ws/src/install/task_manager_client_py:/home/GTL/mgaddam/CS7630/ros2_ws/src/install/ar_slam_base:/home/GTL/mgaddam/CS7630/ros2_ws/src/install/ar_loc_base:/home/GTL/mgaddam/CS7630/ros2_ws/src/install/rover_driver_base:/home/GTL/mgaddam/CS7630/ros2_ws/src/install/keyboard_teleop:/home/GTL/mgaddam/CS7630/ros2_ws/src/install/face_detect_base:/home/GTL/mgaddam/CS7630/ros2_ws/src/install/button_server:/home/GTL/mgaddam/CS7630/ros2_ws/src/install/ar_mapping_base:/opt/ros/humble LD_LIBRARY_PATH=/home/GTL/mgaddam/CS7630/ros2_ws/src/install/task_manager_msgs/lib:/home/GTL/mgaddam/CS7630/ros2_ws/src/install/task_manager_sync/lib:/home/GTL/mgaddam/CS7630/ros2_ws/src/install/task_manager_lib/lib:/home/GTL/mgaddam/CS7630/ros2_ws/src/install/cs7630_msgs/lib:/usr/lib/x86_64-linux-gnu/gazebo-11/plugins:/opt/ros/humble/opt/rviz_ogre_vendor/lib:/opt/ros/humble/lib/x86_64-linux-gnu:/opt/ros/humble/lib /usr/bin/cmake --install /home/GTL/mgaddam/CS7630/ros2_ws/src/build/task_manager_lib
[26.709s] -- Install configuration: ""
[26.710s] -- Installing: /home/GTL/mgaddam/CS7630/ros2_ws/src/install/task_manager_lib/lib/libtask_manager_lib.so
[26.963s] -- Set runtime path of "/home/GTL/mgaddam/CS7630/ros2_ws/src/install/task_manager_lib/lib/libtask_manager_lib.so" to ""
[26.963s] -- Up-to-date: /home/GTL/mgaddam/CS7630/ros2_ws/src/install/task_manager_lib/include/task_manager_lib
[26.965s] -- Installing: /home/GTL/mgaddam/CS7630/ros2_ws/src/install/task_manager_lib/include/task_manager_lib/TaskServerDefault.h
[26.969s] -- Installing: /home/GTL/mgaddam/CS7630/ros2_ws/src/install/task_manager_lib/include/task_manager_lib/TaskWaitDefault.h
[26.972s] -- Installing: /home/GTL/mgaddam/CS7630/ros2_ws/src/install/task_manager_lib/include/task_manager_lib/TaskClient.h
[26.976s] -- Installing: /home/GTL/mgaddam/CS7630/ros2_ws/src/install/task_manager_lib/include/task_manager_lib/ServiceStorage.h
[26.980s] -- Installing: /home/GTL/mgaddam/CS7630/ros2_ws/src/install/task_manager_lib/include/task_manager_lib/TaskScheduler.h
[26.984s] -- Installing: /home/GTL/mgaddam/CS7630/ros2_ws/src/install/task_manager_lib/include/task_manager_lib/DynamicTask.h
[26.988s] -- Installing: /home/GTL/mgaddam/CS7630/ros2_ws/src/install/task_manager_lib/include/task_manager_lib/TaskEnvironment.h
[26.992s] -- Installing: /home/GTL/mgaddam/CS7630/ros2_ws/src/install/task_manager_lib/include/task_manager_lib/TaskInstance.h
[26.996s] -- Installing: /home/GTL/mgaddam/CS7630/ros2_ws/src/install/task_manager_lib/include/task_manager_lib/ParameterList.h
[27.000s] -- Installing: /home/GTL/mgaddam/CS7630/ros2_ws/src/install/task_manager_lib/include/task_manager_lib/TaskIdleDefault.h
[27.004s] -- Installing: /home/GTL/mgaddam/CS7630/ros2_ws/src/install/task_manager_lib/include/task_manager_lib/TaskServiceGeneric.h
[27.008s] -- Installing: /home/GTL/mgaddam/CS7630/ros2_ws/src/install/task_manager_lib/include/task_manager_lib/TaskParameterDefinition.h
[27.012s] -- Installing: /home/GTL/mgaddam/CS7630/ros2_ws/src/install/task_manager_lib/include/task_manager_lib/TaskSystem.h
[27.016s] -- Installing: /home/GTL/mgaddam/CS7630/ros2_ws/src/install/task_manager_lib/include/task_manager_lib/TaskDefinition.h
[27.020s] -- Installing: /home/GTL/mgaddam/CS7630/ros2_ws/src/install/task_manager_lib/include/task_manager_lib/TaskConfig.h
[27.024s] -- Installing: /home/GTL/mgaddam/CS7630/ros2_ws/src/install/task_manager_lib/include/task_manager_lib/TaskActionGeneric.h
[27.029s] -- Installing: /home/GTL/mgaddam/CS7630/ros2_ws/src/install/task_manager_lib/share/task_manager_lib/environment/library_path.sh
[27.033s] -- Installing: /home/GTL/mgaddam/CS7630/ros2_ws/src/install/task_manager_lib/share/task_manager_lib/environment/library_path.dsv
[27.037s] -- Installing: /home/GTL/mgaddam/CS7630/ros2_ws/src/install/task_manager_lib/share/ament_index/resource_index/package_run_dependencies/task_manager_lib
[27.041s] -- Installing: /home/GTL/mgaddam/CS7630/ros2_ws/src/install/task_manager_lib/share/ament_index/resource_index/parent_prefix_path/task_manager_lib
[27.045s] -- Installing: /home/GTL/mgaddam/CS7630/ros2_ws/src/install/task_manager_lib/share/task_manager_lib/environment/ament_prefix_path.sh
[27.048s] -- Installing: /home/GTL/mgaddam/CS7630/ros2_ws/src/install/task_manager_lib/share/task_manager_lib/environment/ament_prefix_path.dsv
[27.052s] -- Installing: /home/GTL/mgaddam/CS7630/ros2_ws/src/install/task_manager_lib/share/task_manager_lib/environment/path.sh
[27.056s] -- Installing: /home/GTL/mgaddam/CS7630/ros2_ws/src/install/task_manager_lib/share/task_manager_lib/environment/path.dsv
[27.059s] -- Installing: /home/GTL/mgaddam/CS7630/ros2_ws/src/install/task_manager_lib/share/task_manager_lib/local_setup.bash
[27.064s] -- Installing: /home/GTL/mgaddam/CS7630/ros2_ws/src/install/task_manager_lib/share/task_manager_lib/local_setup.sh
[27.068s] -- Installing: /home/GTL/mgaddam/CS7630/ros2_ws/src/install/task_manager_lib/share/task_manager_lib/local_setup.zsh
[27.071s] -- Installing: /home/GTL/mgaddam/CS7630/ros2_ws/src/install/task_manager_lib/share/task_manager_lib/local_setup.dsv
[27.075s] -- Installing: /home/GTL/mgaddam/CS7630/ros2_ws/src/install/task_manager_lib/share/task_manager_lib/package.dsv
[27.079s] -- Installing: /home/GTL/mgaddam/CS7630/ros2_ws/src/install/task_manager_lib/share/ament_index/resource_index/packages/task_manager_lib
[27.083s] -- Installing: /home/GTL/mgaddam/CS7630/ros2_ws/src/install/task_manager_lib/share/task_manager_lib/cmake/ament_cmake_export_dependencies-extras.cmake
[27.087s] -- Installing: /home/GTL/mgaddam/CS7630/ros2_ws/src/install/task_manager_lib/share/task_manager_lib/cmake/ament_cmake_export_include_directories-extras.cmake
[27.091s] -- Installing: /home/GTL/mgaddam/CS7630/ros2_ws/src/install/task_manager_lib/share/task_manager_lib/cmake/ament_cmake_export_libraries-extras.cmake
[27.095s] -- Installing: /home/GTL/mgaddam/CS7630/ros2_ws/src/install/task_manager_lib/share/task_manager_lib/cmake/task_manager_libConfig.cmake
[27.098s] -- Installing: /home/GTL/mgaddam/CS7630/ros2_ws/src/install/task_manager_lib/share/task_manager_lib/cmake/task_manager_libConfig-version.cmake
[27.102s] -- Installing: /home/GTL/mgaddam/CS7630/ros2_ws/src/install/task_manager_lib/share/task_manager_lib/package.xml
[27.109s] Invoked command in '/home/GTL/mgaddam/CS7630/ros2_ws/src/build/task_manager_lib' returned '0': CMAKE_PREFIX_PATH=/home/GTL/mgaddam/CS7630/ros2_ws/src/install/task_manager_msgs:/home/GTL/mgaddam/CS7630/ros2_ws/src/install/vrep4_helpers:/home/GTL/mgaddam/CS7630/ros2_ws/src/install/task_manager_sync:/home/GTL/mgaddam/CS7630/ros2_ws/src/install/floor_nav:/home/GTL/mgaddam/CS7630/ros2_ws/src/install/task_manager_nav2:/home/GTL/mgaddam/CS7630/ros2_ws/src/install/task_manager_lib:/home/GTL/mgaddam/CS7630/ros2_ws/src/install/cs7630_msgs:/home/GTL/mgaddam/CS7630/ros2_ws/src/install/collision_avoidance_base:/home/GTL/mgaddam/CS7630/ros2_ws/src/install/vrep_ros_teleop:/home/GTL/mgaddam/CS7630/ros2_ws/src/install/task_manager_client_py:/home/GTL/mgaddam/CS7630/ros2_ws/src/install/ar_slam_base:/home/GTL/mgaddam/CS7630/ros2_ws/src/install/ar_loc_base:/home/GTL/mgaddam/CS7630/ros2_ws/src/install/rover_driver_base:/home/GTL/mgaddam/CS7630/ros2_ws/src/install/keyboard_teleop:/home/GTL/mgaddam/CS7630/ros2_ws/src/install/face_detect_base:/home/GTL/mgaddam/CS7630/ros2_ws/src/install/button_server:/home/GTL/mgaddam/CS7630/ros2_ws/src/install/ar_mapping_base:/opt/ros/humble LD_LIBRARY_PATH=/home/GTL/mgaddam/CS7630/ros2_ws/src/install/task_manager_msgs/lib:/home/GTL/mgaddam/CS7630/ros2_ws/src/install/task_manager_sync/lib:/home/GTL/mgaddam/CS7630/ros2_ws/src/install/task_manager_lib/lib:/home/GTL/mgaddam/CS7630/ros2_ws/src/install/cs7630_msgs/lib:/usr/lib/x86_64-linux-gnu/gazebo-11/plugins:/opt/ros/humble/opt/rviz_ogre_vendor/lib:/opt/ros/humble/lib/x86_64-linux-gnu:/opt/ros/humble/lib /usr/bin/cmake --install /home/GTL/mgaddam/CS7630/ros2_ws/src/build/task_manager_lib
