[1.303s] Invoking command in '/home/GTL/mgaddam/CS7630/ros2_ws/build/collision_avoidance_base': CMAKE_PREFIX_PATH=${CMAKE_PREFIX_PATH}:/home/GTL/mgaddam/CS7630/ros2_ws/install/vrep_ros_teleop:/home/GTL/mgaddam/CS7630/ros2_ws/install/task_manager_client_py:/home/GTL/mgaddam/CS7630/ros2_ws/install/ar_slam_base:/home/GTL/mgaddam/CS7630/ros2_ws/install/ar_loc_base:/home/GTL/mgaddam/CS7630/ros2_ws/install/rover_driver_base:/home/GTL/mgaddam/CS7630/ros2_ws/install/keyboard_teleop:/home/GTL/mgaddam/CS7630/ros2_ws/install/face_detect_base:/home/GTL/mgaddam/CS7630/ros2_ws/install/button_server:/home/GTL/mgaddam/CS7630/ros2_ws/install/ar_mapping_base:/opt/ros/humble /usr/bin/cmake --build /home/GTL/mgaddam/CS7630/ros2_ws/build/collision_avoidance_base -- -j16 -l16
[1.605s] [100%] Built target collision_avoidance_base
[1.906s] Invoked command in '/home/GTL/mgaddam/CS7630/ros2_ws/build/collision_avoidance_base' returned '0': CMAKE_PREFIX_PATH=${CMAKE_PREFIX_PATH}:/home/GTL/mgaddam/CS7630/ros2_ws/install/vrep_ros_teleop:/home/GTL/mgaddam/CS7630/ros2_ws/install/task_manager_client_py:/home/GTL/mgaddam/CS7630/ros2_ws/install/ar_slam_base:/home/GTL/mgaddam/CS7630/ros2_ws/install/ar_loc_base:/home/GTL/mgaddam/CS7630/ros2_ws/install/rover_driver_base:/home/GTL/mgaddam/CS7630/ros2_ws/install/keyboard_teleop:/home/GTL/mgaddam/CS7630/ros2_ws/install/face_detect_base:/home/GTL/mgaddam/CS7630/ros2_ws/install/button_server:/home/GTL/mgaddam/CS7630/ros2_ws/install/ar_mapping_base:/opt/ros/humble /usr/bin/cmake --build /home/GTL/mgaddam/CS7630/ros2_ws/build/collision_avoidance_base -- -j16 -l16
[1.947s] Invoking command in '/home/GTL/mgaddam/CS7630/ros2_ws/build/collision_avoidance_base': CMAKE_PREFIX_PATH=${CMAKE_PREFIX_PATH}:/home/GTL/mgaddam/CS7630/ros2_ws/install/vrep_ros_teleop:/home/GTL/mgaddam/CS7630/ros2_ws/install/task_manager_client_py:/home/GTL/mgaddam/CS7630/ros2_ws/install/ar_slam_base:/home/GTL/mgaddam/CS7630/ros2_ws/install/ar_loc_base:/home/GTL/mgaddam/CS7630/ros2_ws/install/rover_driver_base:/home/GTL/mgaddam/CS7630/ros2_ws/install/keyboard_teleop:/home/GTL/mgaddam/CS7630/ros2_ws/install/face_detect_base:/home/GTL/mgaddam/CS7630/ros2_ws/install/button_server:/home/GTL/mgaddam/CS7630/ros2_ws/install/ar_mapping_base:/opt/ros/humble /usr/bin/cmake --install /home/GTL/mgaddam/CS7630/ros2_ws/build/collision_avoidance_base
[1.959s] -- Install configuration: ""
[1.961s] -- Up-to-date: /home/GTL/mgaddam/CS7630/ros2_ws/install/collision_avoidance_base/lib/collision_avoidance_base/collision_avoidance_base
[1.967s] -- Up-to-date: /home/GTL/mgaddam/CS7630/ros2_ws/install/collision_avoidance_base/share/collision_avoidance_base
[1.968s] -- Up-to-date: /home/GTL/mgaddam/CS7630/ros2_ws/install/collision_avoidance_base/share/collision_avoidance_base/ca_auto.launch.py
[1.968s] -- Up-to-date: /home/GTL/mgaddam/CS7630/ros2_ws/install/collision_avoidance_base/share/collision_avoidance_base/ca.launch.py
[1.968s] -- Up-to-date: /home/GTL/mgaddam/CS7630/ros2_ws/install/collision_avoidance_base/share/ament_index/resource_index/package_run_dependencies/collision_avoidance_base
[1.970s] -- Up-to-date: /home/GTL/mgaddam/CS7630/ros2_ws/install/collision_avoidance_base/share/ament_index/resource_index/parent_prefix_path/collision_avoidance_base
[1.971s] -- Up-to-date: /home/GTL/mgaddam/CS7630/ros2_ws/install/collision_avoidance_base/share/collision_avoidance_base/environment/ament_prefix_path.sh
[1.971s] -- Up-to-date: /home/GTL/mgaddam/CS7630/ros2_ws/install/collision_avoidance_base/share/collision_avoidance_base/environment/ament_prefix_path.dsv
[1.971s] -- Up-to-date: /home/GTL/mgaddam/CS7630/ros2_ws/install/collision_avoidance_base/share/collision_avoidance_base/environment/path.sh
[1.971s] -- Up-to-date: /home/GTL/mgaddam/CS7630/ros2_ws/install/collision_avoidance_base/share/collision_avoidance_base/environment/path.dsv
[1.971s] -- Up-to-date: /home/GTL/mgaddam/CS7630/ros2_ws/install/collision_avoidance_base/share/collision_avoidance_base/local_setup.bash
[1.971s] -- Up-to-date: /home/GTL/mgaddam/CS7630/ros2_ws/install/collision_avoidance_base/share/collision_avoidance_base/local_setup.sh
[1.971s] -- Up-to-date: /home/GTL/mgaddam/CS7630/ros2_ws/install/collision_avoidance_base/share/collision_avoidance_base/local_setup.zsh
[1.972s] -- Up-to-date: /home/GTL/mgaddam/CS7630/ros2_ws/install/collision_avoidance_base/share/collision_avoidance_base/local_setup.dsv
[1.973s] -- Installing: /home/GTL/mgaddam/CS7630/ros2_ws/install/collision_avoidance_base/share/collision_avoidance_base/package.dsv
[1.974s] -- Up-to-date: /home/GTL/mgaddam/CS7630/ros2_ws/install/collision_avoidance_base/share/ament_index/resource_index/packages/collision_avoidance_base
[1.975s] -- Up-to-date: /home/GTL/mgaddam/CS7630/ros2_ws/install/collision_avoidance_base/share/collision_avoidance_base/cmake/ament_cmake_export_include_directories-extras.cmake
[1.976s] -- Up-to-date: /home/GTL/mgaddam/CS7630/ros2_ws/install/collision_avoidance_base/share/collision_avoidance_base/cmake/collision_avoidance_baseConfig.cmake
[1.976s] -- Up-to-date: /home/GTL/mgaddam/CS7630/ros2_ws/install/collision_avoidance_base/share/collision_avoidance_base/cmake/collision_avoidance_baseConfig-version.cmake
[1.977s] -- Up-to-date: /home/GTL/mgaddam/CS7630/ros2_ws/install/collision_avoidance_base/share/collision_avoidance_base/package.xml
[1.979s] Invoked command in '/home/GTL/mgaddam/CS7630/ros2_ws/build/collision_avoidance_base' returned '0': CMAKE_PREFIX_PATH=${CMAKE_PREFIX_PATH}:/home/GTL/mgaddam/CS7630/ros2_ws/install/vrep_ros_teleop:/home/GTL/mgaddam/CS7630/ros2_ws/install/task_manager_client_py:/home/GTL/mgaddam/CS7630/ros2_ws/install/ar_slam_base:/home/GTL/mgaddam/CS7630/ros2_ws/install/ar_loc_base:/home/GTL/mgaddam/CS7630/ros2_ws/install/rover_driver_base:/home/GTL/mgaddam/CS7630/ros2_ws/install/keyboard_teleop:/home/GTL/mgaddam/CS7630/ros2_ws/install/face_detect_base:/home/GTL/mgaddam/CS7630/ros2_ws/install/button_server:/home/GTL/mgaddam/CS7630/ros2_ws/install/ar_mapping_base:/opt/ros/humble /usr/bin/cmake --install /home/GTL/mgaddam/CS7630/ros2_ws/build/collision_avoidance_base
