[2.012s] Invoking command in '/home/GTL/mgaddam/CS7630/ros2_ws/src/rover_driver_base': PYTHONPATH=/home/GTL/mgaddam/CS7630/ros2_ws/src/build/rover_driver_base/prefix_override:/home/GTL/mgaddam/CS7630/ros2_ws/src/install/rover_driver_base/lib/python3.10/site-packages:${PYTHONPATH} /usr/bin/python3 setup.py egg_info --egg-base ../build/rover_driver_base build --build-base /home/GTL/mgaddam/CS7630/ros2_ws/src/build/rover_driver_base/build install --record /home/GTL/mgaddam/CS7630/ros2_ws/src/build/rover_driver_base/install.log --single-version-externally-managed
[2.178s] running egg_info
[2.179s] writing ../build/rover_driver_base/rover_driver_base.egg-info/PKG-INFO
[2.181s] writing dependency_links to ../build/rover_driver_base/rover_driver_base.egg-info/dependency_links.txt
[2.182s] writing entry points to ../build/rover_driver_base/rover_driver_base.egg-info/entry_points.txt
[2.183s] writing requirements to ../build/rover_driver_base/rover_driver_base.egg-info/requires.txt
[2.184s] writing top-level names to ../build/rover_driver_base/rover_driver_base.egg-info/top_level.txt
[2.188s] reading manifest file '../build/rover_driver_base/rover_driver_base.egg-info/SOURCES.txt'
[2.190s] writing manifest file '../build/rover_driver_base/rover_driver_base.egg-info/SOURCES.txt'
[2.192s] running build
[2.192s] running build_py
[2.192s] running install
[2.192s] /usr/lib/python3/dist-packages/setuptools/command/install.py:34: SetuptoolsDeprecationWarning: setup.py install is deprecated. Use build and pip and other standards-based tools.
[2.192s]   warnings.warn(
[2.192s] running install_lib
[2.194s] running install_data
[2.194s] running install_egg_info
[2.195s] removing '/home/GTL/mgaddam/CS7630/ros2_ws/src/install/rover_driver_base/lib/python3.10/site-packages/rover_driver_base-0.0.0-py3.10.egg-info' (and everything under it)
[2.198s] Copying ../build/rover_driver_base/rover_driver_base.egg-info to /home/GTL/mgaddam/CS7630/ros2_ws/src/install/rover_driver_base/lib/python3.10/site-packages/rover_driver_base-0.0.0-py3.10.egg-info
[2.218s] running install_scripts
[2.234s] Installing rover_command_node script to /home/GTL/mgaddam/CS7630/ros2_ws/src/install/rover_driver_base/lib/rover_driver_base
[2.235s] Installing rover_odom_node script to /home/GTL/mgaddam/CS7630/ros2_ws/src/install/rover_driver_base/lib/rover_driver_base
[2.237s] writing list of installed files to '/home/GTL/mgaddam/CS7630/ros2_ws/src/build/rover_driver_base/install.log'
[2.880s] Invoked command in '/home/GTL/mgaddam/CS7630/ros2_ws/src/rover_driver_base' returned '0': PYTHONPATH=/home/GTL/mgaddam/CS7630/ros2_ws/src/build/rover_driver_base/prefix_override:/home/GTL/mgaddam/CS7630/ros2_ws/src/install/rover_driver_base/lib/python3.10/site-packages:${PYTHONPATH} /usr/bin/python3 setup.py egg_info --egg-base ../build/rover_driver_base build --build-base /home/GTL/mgaddam/CS7630/ros2_ws/src/build/rover_driver_base/build install --record /home/GTL/mgaddam/CS7630/ros2_ws/src/build/rover_driver_base/install.log --single-version-externally-managed
