[1.757s] Invoking command in '/home/GTL/mgaddam/CS7630/ros2_ws/src/face_detect': CMAKE_PREFIX_PATH=/home/GTL/mgaddam/CS7630/ros2_ws/src/install/cs7630_msgs:/home/GTL/mgaddam/CS7630/ros2_ws/src/install/vrep4_helpers:/home/GTL/mgaddam/CS7630/ros2_ws/src/install/task_manager_sync:/home/GTL/mgaddam/CS7630/ros2_ws/src/install/floor_nav:/home/GTL/mgaddam/CS7630/ros2_ws/src/install/task_manager_nav2:/home/GTL/mgaddam/CS7630/ros2_ws/src/install/task_manager_lib:/home/GTL/mgaddam/CS7630/ros2_ws/src/install/task_manager_msgs:/home/GTL/mgaddam/CS7630/ros2_ws/src/install/collision_avoidance_base LD_LIBRARY_PATH=/home/GTL/mgaddam/CS7630/ros2_ws/src/install/cs7630_msgs/lib:/home/GTL/mgaddam/CS7630/ros2_ws/src/install/task_manager_sync/lib:/home/GTL/mgaddam/CS7630/ros2_ws/src/install/task_manager_lib/lib:/home/GTL/mgaddam/CS7630/ros2_ws/src/install/task_manager_msgs/lib:/usr/lib/x86_64-linux-gnu/gazebo-11/plugins:/opt/ros/humble/opt/rviz_ogre_vendor/lib:/opt/ros/humble/lib/x86_64-linux-gnu:/opt/ros/humble/lib PYTHONPATH=/home/GTL/mgaddam/CS7630/ros2_ws/src/build/face_detect_base/prefix_override:/home/GTL/mgaddam/CS7630/ros2_ws/src/install/face_detect_base/lib/python3.10/site-packages:${PYTHONPATH} /usr/bin/python3 setup.py egg_info --egg-base ../build/face_detect_base build --build-base /home/GTL/mgaddam/CS7630/ros2_ws/src/build/face_detect_base/build install --record /home/GTL/mgaddam/CS7630/ros2_ws/src/build/face_detect_base/install.log --single-version-externally-managed
[1.961s] running egg_info
[1.962s] writing ../build/face_detect_base/face_detect_base.egg-info/PKG-INFO
[1.964s] writing dependency_links to ../build/face_detect_base/face_detect_base.egg-info/dependency_links.txt
[1.966s] writing entry points to ../build/face_detect_base/face_detect_base.egg-info/entry_points.txt
[1.967s] writing requirements to ../build/face_detect_base/face_detect_base.egg-info/requires.txt
[1.968s] writing top-level names to ../build/face_detect_base/face_detect_base.egg-info/top_level.txt
[1.974s] reading manifest file '../build/face_detect_base/face_detect_base.egg-info/SOURCES.txt'
[1.976s] writing manifest file '../build/face_detect_base/face_detect_base.egg-info/SOURCES.txt'
[1.977s] running build
[1.977s] running build_py
[1.980s] running install
[1.980s] /usr/lib/python3/dist-packages/setuptools/command/install.py:34: SetuptoolsDeprecationWarning: setup.py install is deprecated. Use build and pip and other standards-based tools.
[1.980s]   warnings.warn(
[1.980s] running install_lib
[1.985s] running install_data
[1.986s] running install_egg_info
[1.987s] removing '/home/GTL/mgaddam/CS7630/ros2_ws/src/install/face_detect_base/lib/python3.10/site-packages/face_detect_base-0.0.0-py3.10.egg-info' (and everything under it)
[1.990s] Copying ../build/face_detect_base/face_detect_base.egg-info to /home/GTL/mgaddam/CS7630/ros2_ws/src/install/face_detect_base/lib/python3.10/site-packages/face_detect_base-0.0.0-py3.10.egg-info
[2.012s] running install_scripts
[2.028s] Installing face_detect_node script to /home/GTL/mgaddam/CS7630/ros2_ws/src/install/face_detect_base/lib/face_detect_base
[2.031s] writing list of installed files to '/home/GTL/mgaddam/CS7630/ros2_ws/src/build/face_detect_base/install.log'
[2.174s] Invoked command in '/home/GTL/mgaddam/CS7630/ros2_ws/src/face_detect' returned '0': CMAKE_PREFIX_PATH=/home/GTL/mgaddam/CS7630/ros2_ws/src/install/cs7630_msgs:/home/GTL/mgaddam/CS7630/ros2_ws/src/install/vrep4_helpers:/home/GTL/mgaddam/CS7630/ros2_ws/src/install/task_manager_sync:/home/GTL/mgaddam/CS7630/ros2_ws/src/install/floor_nav:/home/GTL/mgaddam/CS7630/ros2_ws/src/install/task_manager_nav2:/home/GTL/mgaddam/CS7630/ros2_ws/src/install/task_manager_lib:/home/GTL/mgaddam/CS7630/ros2_ws/src/install/task_manager_msgs:/home/GTL/mgaddam/CS7630/ros2_ws/src/install/collision_avoidance_base LD_LIBRARY_PATH=/home/GTL/mgaddam/CS7630/ros2_ws/src/install/cs7630_msgs/lib:/home/GTL/mgaddam/CS7630/ros2_ws/src/install/task_manager_sync/lib:/home/GTL/mgaddam/CS7630/ros2_ws/src/install/task_manager_lib/lib:/home/GTL/mgaddam/CS7630/ros2_ws/src/install/task_manager_msgs/lib:/usr/lib/x86_64-linux-gnu/gazebo-11/plugins:/opt/ros/humble/opt/rviz_ogre_vendor/lib:/opt/ros/humble/lib/x86_64-linux-gnu:/opt/ros/humble/lib PYTHONPATH=/home/GTL/mgaddam/CS7630/ros2_ws/src/build/face_detect_base/prefix_override:/home/GTL/mgaddam/CS7630/ros2_ws/src/install/face_detect_base/lib/python3.10/site-packages:${PYTHONPATH} /usr/bin/python3 setup.py egg_info --egg-base ../build/face_detect_base build --build-base /home/GTL/mgaddam/CS7630/ros2_ws/src/build/face_detect_base/build install --record /home/GTL/mgaddam/CS7630/ros2_ws/src/build/face_detect_base/install.log --single-version-externally-managed
