[0.300s] Invoking command in '/home/GTL/mgaddam/CS7630/ros2_ws/build/floor_nav': AMENT_PREFIX_PATH=/home/GTL/mgaddam/CS7630/ros2_ws/install/task_manager_nav2:/home/GTL/mgaddam/CS7630/ros2_ws/install/task_manager_lib:/home/GTL/mgaddam/CS7630/ros2_ws/install/task_manager_msgs:/home/GTL/mgaddam/CS7630/ros2_ws/install/cs7630_msgs:${AMENT_PREFIX_PATH} CMAKE_PREFIX_PATH=/home/GTL/mgaddam/CS7630/ros2_ws/install/task_manager_nav2:/home/GTL/mgaddam/CS7630/ros2_ws/install/task_manager_lib:/home/GTL/mgaddam/CS7630/ros2_ws/install/task_manager_msgs:/home/GTL/mgaddam/CS7630/ros2_ws/install/cs7630_msgs:/opt/ros/humble LD_LIBRARY_PATH=/home/GTL/mgaddam/CS7630/ros2_ws/install/task_manager_lib/lib:/home/GTL/mgaddam/CS7630/ros2_ws/install/task_manager_msgs/lib:/home/GTL/mgaddam/CS7630/ros2_ws/install/cs7630_msgs/lib:${LD_LIBRARY_PATH} PYTHONPATH=/home/GTL/mgaddam/CS7630/ros2_ws/install/task_manager_msgs/local/lib/python3.10/dist-packages:/home/GTL/mgaddam/CS7630/ros2_ws/install/cs7630_msgs/local/lib/python3.10/dist-packages:${PYTHONPATH} /usr/bin/cmake --build /home/GTL/mgaddam/CS7630/ros2_ws/build/floor_nav -- -j16 -l16
[0.432s] [ 32%] Built target floornav_TaskSetMux
[0.433s] [ 32%] Built target floornav_TaskWaitForFace
[0.439s] [ 32%] Built target floornav_TaskStareAtFace
[0.439s] [ 58%] Built target floornav_TaskPlanTo
[0.439s] [ 58%] Built target floornav_TaskTrigger
[0.441s] [ 64%] Built target floornav_TaskSetBool
[0.443s] [ 58%] Built target floornav_TaskGoTo
[0.443s] [ 70%] Built target floornav_TaskConstant
[0.446s] [ 70%] Built target floornav_TaskNav2
[0.446s] [ 70%] Built target floornav_TaskSetHeading
[0.448s] [ 77%] Built target floornav_TaskWander
[0.451s] [ 93%] Built target floornav_TaskGoToPose
[0.451s] [ 93%] Built target floornav_task_server
[0.451s] [ 93%] Built target floornav_TaskAutoDock
[0.456s] [100%] Built target floornav_TaskWaitForROI
[0.703s] Invoked command in '/home/GTL/mgaddam/CS7630/ros2_ws/build/floor_nav' returned '0': AMENT_PREFIX_PATH=/home/GTL/mgaddam/CS7630/ros2_ws/install/task_manager_nav2:/home/GTL/mgaddam/CS7630/ros2_ws/install/task_manager_lib:/home/GTL/mgaddam/CS7630/ros2_ws/install/task_manager_msgs:/home/GTL/mgaddam/CS7630/ros2_ws/install/cs7630_msgs:${AMENT_PREFIX_PATH} CMAKE_PREFIX_PATH=/home/GTL/mgaddam/CS7630/ros2_ws/install/task_manager_nav2:/home/GTL/mgaddam/CS7630/ros2_ws/install/task_manager_lib:/home/GTL/mgaddam/CS7630/ros2_ws/install/task_manager_msgs:/home/GTL/mgaddam/CS7630/ros2_ws/install/cs7630_msgs:/opt/ros/humble LD_LIBRARY_PATH=/home/GTL/mgaddam/CS7630/ros2_ws/install/task_manager_lib/lib:/home/GTL/mgaddam/CS7630/ros2_ws/install/task_manager_msgs/lib:/home/GTL/mgaddam/CS7630/ros2_ws/install/cs7630_msgs/lib:${LD_LIBRARY_PATH} PYTHONPATH=/home/GTL/mgaddam/CS7630/ros2_ws/install/task_manager_msgs/local/lib/python3.10/dist-packages:/home/GTL/mgaddam/CS7630/ros2_ws/install/cs7630_msgs/local/lib/python3.10/dist-packages:${PYTHONPATH} /usr/bin/cmake --build /home/GTL/mgaddam/CS7630/ros2_ws/build/floor_nav -- -j16 -l16
[0.763s] Invoking command in '/home/GTL/mgaddam/CS7630/ros2_ws/build/floor_nav': AMENT_PREFIX_PATH=/home/GTL/mgaddam/CS7630/ros2_ws/install/task_manager_nav2:/home/GTL/mgaddam/CS7630/ros2_ws/install/task_manager_lib:/home/GTL/mgaddam/CS7630/ros2_ws/install/task_manager_msgs:/home/GTL/mgaddam/CS7630/ros2_ws/install/cs7630_msgs:${AMENT_PREFIX_PATH} CMAKE_PREFIX_PATH=/home/GTL/mgaddam/CS7630/ros2_ws/install/task_manager_nav2:/home/GTL/mgaddam/CS7630/ros2_ws/install/task_manager_lib:/home/GTL/mgaddam/CS7630/ros2_ws/install/task_manager_msgs:/home/GTL/mgaddam/CS7630/ros2_ws/install/cs7630_msgs:/opt/ros/humble LD_LIBRARY_PATH=/home/GTL/mgaddam/CS7630/ros2_ws/install/task_manager_lib/lib:/home/GTL/mgaddam/CS7630/ros2_ws/install/task_manager_msgs/lib:/home/GTL/mgaddam/CS7630/ros2_ws/install/cs7630_msgs/lib:${LD_LIBRARY_PATH} PYTHONPATH=/home/GTL/mgaddam/CS7630/ros2_ws/install/task_manager_msgs/local/lib/python3.10/dist-packages:/home/GTL/mgaddam/CS7630/ros2_ws/install/cs7630_msgs/local/lib/python3.10/dist-packages:${PYTHONPATH} /usr/bin/cmake --install /home/GTL/mgaddam/CS7630/ros2_ws/build/floor_nav
[0.768s] -- Install configuration: ""
[0.770s] -- Up-to-date: /home/GTL/mgaddam/CS7630/ros2_ws/install/floor_nav/lib/floor_nav/floornav_task_server
[0.774s] -- Up-to-date: /home/GTL/mgaddam/CS7630/ros2_ws/install/floor_nav/lib/floor_nav/libfloornav_TaskAutoDock.so
[0.778s] -- Up-to-date: /home/GTL/mgaddam/CS7630/ros2_ws/install/floor_nav/lib/floor_nav/libfloornav_TaskWaitForROI.so
[0.781s] -- Up-to-date: /home/GTL/mgaddam/CS7630/ros2_ws/install/floor_nav/lib/floor_nav/libfloornav_TaskWaitForFace.so
[0.785s] -- Up-to-date: /home/GTL/mgaddam/CS7630/ros2_ws/install/floor_nav/lib/floor_nav/libfloornav_TaskWander.so
[0.790s] -- Up-to-date: /home/GTL/mgaddam/CS7630/ros2_ws/install/floor_nav/lib/floor_nav/libfloornav_TaskSetHeading.so
[0.793s] -- Up-to-date: /home/GTL/mgaddam/CS7630/ros2_ws/install/floor_nav/lib/floor_nav/libfloornav_TaskStareAtFace.so
[0.797s] -- Up-to-date: /home/GTL/mgaddam/CS7630/ros2_ws/install/floor_nav/lib/floor_nav/libfloornav_TaskPlanTo.so
[0.801s] -- Up-to-date: /home/GTL/mgaddam/CS7630/ros2_ws/install/floor_nav/lib/floor_nav/libfloornav_TaskGoTo.so
[0.804s] -- Up-to-date: /home/GTL/mgaddam/CS7630/ros2_ws/install/floor_nav/lib/floor_nav/libfloornav_TaskConstant.so
[0.807s] -- Up-to-date: /home/GTL/mgaddam/CS7630/ros2_ws/install/floor_nav/lib/floor_nav/libfloornav_TaskTrigger.so
[0.811s] -- Up-to-date: /home/GTL/mgaddam/CS7630/ros2_ws/install/floor_nav/lib/floor_nav/libfloornav_TaskSetBool.so
[0.814s] -- Up-to-date: /home/GTL/mgaddam/CS7630/ros2_ws/install/floor_nav/lib/floor_nav/libfloornav_TaskSetMux.so
[0.818s] -- Up-to-date: /home/GTL/mgaddam/CS7630/ros2_ws/install/floor_nav/lib/floor_nav/libfloornav_TaskNav2.so
[0.821s] -- Up-to-date: /home/GTL/mgaddam/CS7630/ros2_ws/install/floor_nav/lib/floor_nav/libfloornav_TaskGoToPose.so
[0.824s] -- Up-to-date: /home/GTL/mgaddam/CS7630/ros2_ws/install/floor_nav/share/floor_nav
[0.826s] -- Up-to-date: /home/GTL/mgaddam/CS7630/ros2_ws/install/floor_nav/share/floor_nav/launch_server_tb.launch.py
[0.827s] -- Up-to-date: /home/GTL/mgaddam/CS7630/ros2_ws/install/floor_nav/share/floor_nav/launch_rover.launch.py
[0.828s] -- Up-to-date: /home/GTL/mgaddam/CS7630/ros2_ws/install/floor_nav/share/floor_nav/launch_server_tb.launch
[0.828s] -- Up-to-date: /home/GTL/mgaddam/CS7630/ros2_ws/install/floor_nav/share/floor_nav/__pycache__
[0.829s] -- Up-to-date: /home/GTL/mgaddam/CS7630/ros2_ws/install/floor_nav/share/floor_nav/__pycache__/launch_server_tb.launch.cpython-310.pyc
[0.830s] -- Up-to-date: /home/GTL/mgaddam/CS7630/ros2_ws/install/floor_nav/share/floor_nav/launch_server.launch
[0.831s] -- Up-to-date: /home/GTL/mgaddam/CS7630/ros2_ws/install/floor_nav/lib/floor_nav/graph_forever.py
[0.832s] -- Up-to-date: /home/GTL/mgaddam/CS7630/ros2_ws/install/floor_nav/lib/floor_nav/test_goto.py
[0.833s] -- Up-to-date: /home/GTL/mgaddam/CS7630/ros2_ws/install/floor_nav/lib/floor_nav/test_goto_pose.py
[0.834s] -- Up-to-date: /home/GTL/mgaddam/CS7630/ros2_ws/install/floor_nav/lib/floor_nav/test_graph_2d.py
[0.835s] -- Up-to-date: /home/GTL/mgaddam/CS7630/ros2_ws/install/floor_nav/lib/floor_nav/test_graph.py
[0.835s] -- Up-to-date: /home/GTL/mgaddam/CS7630/ros2_ws/install/floor_nav/lib/floor_nav/test_graph-test.py
[0.836s] -- Up-to-date: /home/GTL/mgaddam/CS7630/ros2_ws/install/floor_nav/lib/floor_nav/test_planto.py
[0.837s] -- Up-to-date: /home/GTL/mgaddam/CS7630/ros2_ws/install/floor_nav/lib/floor_nav/test_set_heading.py
[0.838s] -- Up-to-date: /home/GTL/mgaddam/CS7630/ros2_ws/install/floor_nav/lib/floor_nav/test_wander.py
[0.838s] -- Up-to-date: /home/GTL/mgaddam/CS7630/ros2_ws/install/floor_nav/lib/floor_nav/wander_random_and_stare.py
[0.839s] -- Up-to-date: /home/GTL/mgaddam/CS7630/ros2_ws/install/floor_nav/share/ament_index/resource_index/package_run_dependencies/floor_nav
[0.840s] -- Up-to-date: /home/GTL/mgaddam/CS7630/ros2_ws/install/floor_nav/share/ament_index/resource_index/parent_prefix_path/floor_nav
[0.840s] -- Up-to-date: /home/GTL/mgaddam/CS7630/ros2_ws/install/floor_nav/share/floor_nav/environment/ament_prefix_path.sh
[0.841s] -- Up-to-date: /home/GTL/mgaddam/CS7630/ros2_ws/install/floor_nav/share/floor_nav/environment/ament_prefix_path.dsv
[0.842s] -- Up-to-date: /home/GTL/mgaddam/CS7630/ros2_ws/install/floor_nav/share/floor_nav/environment/path.sh
[0.843s] -- Up-to-date: /home/GTL/mgaddam/CS7630/ros2_ws/install/floor_nav/share/floor_nav/environment/path.dsv
[0.843s] -- Up-to-date: /home/GTL/mgaddam/CS7630/ros2_ws/install/floor_nav/share/floor_nav/local_setup.bash
[0.844s] -- Up-to-date: /home/GTL/mgaddam/CS7630/ros2_ws/install/floor_nav/share/floor_nav/local_setup.sh
[0.844s] -- Up-to-date: /home/GTL/mgaddam/CS7630/ros2_ws/install/floor_nav/share/floor_nav/local_setup.zsh
[0.845s] -- Up-to-date: /home/GTL/mgaddam/CS7630/ros2_ws/install/floor_nav/share/floor_nav/local_setup.dsv
[0.846s] -- Installing: /home/GTL/mgaddam/CS7630/ros2_ws/install/floor_nav/share/floor_nav/package.dsv
[0.851s] -- Up-to-date: /home/GTL/mgaddam/CS7630/ros2_ws/install/floor_nav/share/ament_index/resource_index/packages/floor_nav
[0.852s] -- Up-to-date: /home/GTL/mgaddam/CS7630/ros2_ws/install/floor_nav/share/floor_nav/cmake/floor_navConfig.cmake
[0.852s] -- Up-to-date: /home/GTL/mgaddam/CS7630/ros2_ws/install/floor_nav/share/floor_nav/cmake/floor_navConfig-version.cmake
[0.853s] -- Up-to-date: /home/GTL/mgaddam/CS7630/ros2_ws/install/floor_nav/share/floor_nav/package.xml
[0.857s] Invoked command in '/home/GTL/mgaddam/CS7630/ros2_ws/build/floor_nav' returned '0': AMENT_PREFIX_PATH=/home/GTL/mgaddam/CS7630/ros2_ws/install/task_manager_nav2:/home/GTL/mgaddam/CS7630/ros2_ws/install/task_manager_lib:/home/GTL/mgaddam/CS7630/ros2_ws/install/task_manager_msgs:/home/GTL/mgaddam/CS7630/ros2_ws/install/cs7630_msgs:${AMENT_PREFIX_PATH} CMAKE_PREFIX_PATH=/home/GTL/mgaddam/CS7630/ros2_ws/install/task_manager_nav2:/home/GTL/mgaddam/CS7630/ros2_ws/install/task_manager_lib:/home/GTL/mgaddam/CS7630/ros2_ws/install/task_manager_msgs:/home/GTL/mgaddam/CS7630/ros2_ws/install/cs7630_msgs:/opt/ros/humble LD_LIBRARY_PATH=/home/GTL/mgaddam/CS7630/ros2_ws/install/task_manager_lib/lib:/home/GTL/mgaddam/CS7630/ros2_ws/install/task_manager_msgs/lib:/home/GTL/mgaddam/CS7630/ros2_ws/install/cs7630_msgs/lib:${LD_LIBRARY_PATH} PYTHONPATH=/home/GTL/mgaddam/CS7630/ros2_ws/install/task_manager_msgs/local/lib/python3.10/dist-packages:/home/GTL/mgaddam/CS7630/ros2_ws/install/cs7630_msgs/local/lib/python3.10/dist-packages:${PYTHONPATH} /usr/bin/cmake --install /home/GTL/mgaddam/CS7630/ros2_ws/build/floor_nav
