[1.580s] Invoking command in '/home/GTL/mgaddam/CS7630/ros2_ws/src/face_detect': AMENT_PREFIX_PATH=/home/GTL/mgaddam/CS7630/ros2_ws/install/cs7630_msgs:${AMENT_PREFIX_PATH} CMAKE_PREFIX_PATH=/home/GTL/mgaddam/CS7630/ros2_ws/install/cs7630_msgs:${CMAKE_PREFIX_PATH} LD_LIBRARY_PATH=/home/GTL/mgaddam/CS7630/ros2_ws/install/cs7630_msgs/lib:${LD_LIBRARY_PATH} PYTHONPATH=/home/GTL/mgaddam/CS7630/ros2_ws/build/face_detect_base/prefix_override:/home/GTL/mgaddam/CS7630/ros2_ws/install/face_detect_base/lib/python3.10/site-packages:/home/GTL/mgaddam/CS7630/ros2_ws/install/cs7630_msgs/local/lib/python3.10/dist-packages:${PYTHONPATH} /usr/bin/python3 setup.py egg_info --egg-base ../../build/face_detect_base build --build-base /home/GTL/mgaddam/CS7630/ros2_ws/build/face_detect_base/build install --record /home/GTL/mgaddam/CS7630/ros2_ws/build/face_detect_base/install.log --single-version-externally-managed
[2.060s] running egg_info
[2.062s] writing ../../build/face_detect_base/face_detect_base.egg-info/PKG-INFO
[2.066s] writing dependency_links to ../../build/face_detect_base/face_detect_base.egg-info/dependency_links.txt
[2.067s] writing entry points to ../../build/face_detect_base/face_detect_base.egg-info/entry_points.txt
[2.068s] writing requirements to ../../build/face_detect_base/face_detect_base.egg-info/requires.txt
[2.069s] writing top-level names to ../../build/face_detect_base/face_detect_base.egg-info/top_level.txt
[2.071s] writing manifest file '../../build/face_detect_base/face_detect_base.egg-info/SOURCES.txt'
[2.076s] reading manifest file '../../build/face_detect_base/face_detect_base.egg-info/SOURCES.txt'
[2.077s] writing manifest file '../../build/face_detect_base/face_detect_base.egg-info/SOURCES.txt'
[2.078s] running build
[2.078s] running build_py
[2.080s] copying face_detect_base/face_detect_node.py -> /home/GTL/mgaddam/CS7630/ros2_ws/build/face_detect_base/build/lib/face_detect_base
[2.101s] copying face_detect_base/__init__.py -> /home/GTL/mgaddam/CS7630/ros2_ws/build/face_detect_base/build/lib/face_detect_base
[2.103s] running install
[2.103s] /usr/lib/python3/dist-packages/setuptools/command/install.py:34: SetuptoolsDeprecationWarning: setup.py install is deprecated. Use build and pip and other standards-based tools.
[2.103s]   warnings.warn(
[2.103s] running install_lib
[2.105s] copying /home/GTL/mgaddam/CS7630/ros2_ws/build/face_detect_base/build/lib/face_detect_base/face_detect_node.py -> /home/GTL/mgaddam/CS7630/ros2_ws/install/face_detect_base/lib/python3.10/site-packages/face_detect_base
[2.108s] copying /home/GTL/mgaddam/CS7630/ros2_ws/build/face_detect_base/build/lib/face_detect_base/__init__.py -> /home/GTL/mgaddam/CS7630/ros2_ws/install/face_detect_base/lib/python3.10/site-packages/face_detect_base
[2.111s] byte-compiling /home/GTL/mgaddam/CS7630/ros2_ws/install/face_detect_base/lib/python3.10/site-packages/face_detect_base/face_detect_node.py to face_detect_node.cpython-310.pyc
[2.116s] byte-compiling /home/GTL/mgaddam/CS7630/ros2_ws/install/face_detect_base/lib/python3.10/site-packages/face_detect_base/__init__.py to __init__.cpython-310.pyc
[2.119s] running install_data
[2.121s] copying resource/face_detect_base -> /home/GTL/mgaddam/CS7630/ros2_ws/install/face_detect_base/share/ament_index/resource_index/packages
[2.123s] copying package.xml -> /home/GTL/mgaddam/CS7630/ros2_ws/install/face_detect_base/share/face_detect_base
[2.125s] copying launch/face_detect.launch.py -> /home/GTL/mgaddam/CS7630/ros2_ws/install/face_detect_base/share/face_detect_base
[2.139s] running install_egg_info
[2.140s] removing '/home/GTL/mgaddam/CS7630/ros2_ws/install/face_detect_base/lib/python3.10/site-packages/face_detect_base-0.0.0-py3.10.egg-info' (and everything under it)
[2.141s] Copying ../../build/face_detect_base/face_detect_base.egg-info to /home/GTL/mgaddam/CS7630/ros2_ws/install/face_detect_base/lib/python3.10/site-packages/face_detect_base-0.0.0-py3.10.egg-info
[2.164s] running install_scripts
[2.180s] Installing face_detect_node script to /home/GTL/mgaddam/CS7630/ros2_ws/install/face_detect_base/lib/face_detect_base
[2.182s] writing list of installed files to '/home/GTL/mgaddam/CS7630/ros2_ws/build/face_detect_base/install.log'
[2.206s] Invoked command in '/home/GTL/mgaddam/CS7630/ros2_ws/src/face_detect' returned '0': AMENT_PREFIX_PATH=/home/GTL/mgaddam/CS7630/ros2_ws/install/cs7630_msgs:${AMENT_PREFIX_PATH} CMAKE_PREFIX_PATH=/home/GTL/mgaddam/CS7630/ros2_ws/install/cs7630_msgs:${CMAKE_PREFIX_PATH} LD_LIBRARY_PATH=/home/GTL/mgaddam/CS7630/ros2_ws/install/cs7630_msgs/lib:${LD_LIBRARY_PATH} PYTHONPATH=/home/GTL/mgaddam/CS7630/ros2_ws/build/face_detect_base/prefix_override:/home/GTL/mgaddam/CS7630/ros2_ws/install/face_detect_base/lib/python3.10/site-packages:/home/GTL/mgaddam/CS7630/ros2_ws/install/cs7630_msgs/local/lib/python3.10/dist-packages:${PYTHONPATH} /usr/bin/python3 setup.py egg_info --egg-base ../../build/face_detect_base build --build-base /home/GTL/mgaddam/CS7630/ros2_ws/build/face_detect_base/build install --record /home/GTL/mgaddam/CS7630/ros2_ws/build/face_detect_base/install.log --single-version-externally-managed
