[1.245s] Invoking command in '/home/GTL/mgaddam/CS7630/ros2_ws/src/ros_task_manager/src/task_manager_client_py': AMENT_PREFIX_PATH=/home/GTL/mgaddam/CS7630/ros2_ws/install/task_manager_msgs:${AMENT_PREFIX_PATH} CMAKE_PREFIX_PATH=/home/GTL/mgaddam/CS7630/ros2_ws/install/task_manager_msgs LD_LIBRARY_PATH=/home/GTL/mgaddam/CS7630/ros2_ws/install/task_manager_msgs/lib:${LD_LIBRARY_PATH} PYTHONPATH=/home/GTL/mgaddam/CS7630/ros2_ws/build/task_manager_client_py/prefix_override:/home/GTL/mgaddam/CS7630/ros2_ws/install/task_manager_client_py/lib/python3.10/site-packages:/home/GTL/mgaddam/CS7630/ros2_ws/install/task_manager_msgs/local/lib/python3.10/dist-packages:${PYTHONPATH} /usr/bin/python3 setup.py egg_info --egg-base ../../../../build/task_manager_client_py build --build-base /home/GTL/mgaddam/CS7630/ros2_ws/build/task_manager_client_py/build install --record /home/GTL/mgaddam/CS7630/ros2_ws/build/task_manager_client_py/install.log --install-scripts $base/lib/task_manager_client_py --single-version-externally-managed
[1.409s] /usr/lib/python3/dist-packages/setuptools/dist.py:723: UserWarning: Usage of dash-separated 'script-dir' will not be supported in future versions. Please use the underscore name 'script_dir' instead
[1.409s]   warnings.warn(
[1.416s] running egg_info
[1.418s] writing ../../../../build/task_manager_client_py/task_manager_client_py.egg-info/PKG-INFO
[1.419s] writing dependency_links to ../../../../build/task_manager_client_py/task_manager_client_py.egg-info/dependency_links.txt
[1.420s] writing entry points to ../../../../build/task_manager_client_py/task_manager_client_py.egg-info/entry_points.txt
[1.421s] writing requirements to ../../../../build/task_manager_client_py/task_manager_client_py.egg-info/requires.txt
[1.422s] writing top-level names to ../../../../build/task_manager_client_py/task_manager_client_py.egg-info/top_level.txt
[1.429s] reading manifest file '../../../../build/task_manager_client_py/task_manager_client_py.egg-info/SOURCES.txt'
[1.430s] writing manifest file '../../../../build/task_manager_client_py/task_manager_client_py.egg-info/SOURCES.txt'
[1.431s] running build
[1.431s] running build_py
[1.434s] running build_scripts
[1.435s] running install
[1.435s] /usr/lib/python3/dist-packages/setuptools/command/install.py:34: SetuptoolsDeprecationWarning: setup.py install is deprecated. Use build and pip and other standards-based tools.
[1.435s]   warnings.warn(
[1.435s] running install_lib
[1.439s] running install_data
[1.439s] running install_egg_info
[1.441s] removing '/home/GTL/mgaddam/CS7630/ros2_ws/install/task_manager_client_py/lib/python3.10/site-packages/task_manager_client_py-0.0.0-py3.10.egg-info' (and everything under it)
[1.444s] Copying ../../../../build/task_manager_client_py/task_manager_client_py.egg-info to /home/GTL/mgaddam/CS7630/ros2_ws/install/task_manager_client_py/lib/python3.10/site-packages/task_manager_client_py-0.0.0-py3.10.egg-info
[1.463s] running install_scripts
[1.478s] changing mode of /home/GTL/mgaddam/CS7630/ros2_ws/install/task_manager_client_py/lib/task_manager_client_py/console to 775
[1.478s] changing mode of /home/GTL/mgaddam/CS7630/ros2_ws/install/task_manager_client_py/lib/task_manager_client_py/console.py to 775
[1.480s] Installing tasklist script to /home/GTL/mgaddam/CS7630/ros2_ws/install/task_manager_client_py/lib/task_manager_client_py
[1.482s] writing list of installed files to '/home/GTL/mgaddam/CS7630/ros2_ws/build/task_manager_client_py/install.log'
[1.533s] Invoked command in '/home/GTL/mgaddam/CS7630/ros2_ws/src/ros_task_manager/src/task_manager_client_py' returned '0': AMENT_PREFIX_PATH=/home/GTL/mgaddam/CS7630/ros2_ws/install/task_manager_msgs:${AMENT_PREFIX_PATH} CMAKE_PREFIX_PATH=/home/GTL/mgaddam/CS7630/ros2_ws/install/task_manager_msgs LD_LIBRARY_PATH=/home/GTL/mgaddam/CS7630/ros2_ws/install/task_manager_msgs/lib:${LD_LIBRARY_PATH} PYTHONPATH=/home/GTL/mgaddam/CS7630/ros2_ws/build/task_manager_client_py/prefix_override:/home/GTL/mgaddam/CS7630/ros2_ws/install/task_manager_client_py/lib/python3.10/site-packages:/home/GTL/mgaddam/CS7630/ros2_ws/install/task_manager_msgs/local/lib/python3.10/dist-packages:${PYTHONPATH} /usr/bin/python3 setup.py egg_info --egg-base ../../../../build/task_manager_client_py build --build-base /home/GTL/mgaddam/CS7630/ros2_ws/build/task_manager_client_py/build install --record /home/GTL/mgaddam/CS7630/ros2_ws/build/task_manager_client_py/install.log --install-scripts $base/lib/task_manager_client_py --single-version-externally-managed
