[2.347s] Invoking command in '/home/GTL/mgaddam/CS7630/ros2_ws/src/ar_mapping_base': PYTHONPATH=/home/GTL/mgaddam/CS7630/ros2_ws/build/ar_mapping_base/prefix_override:/home/GTL/mgaddam/CS7630/ros2_ws/install/ar_mapping_base/lib/python3.10/site-packages:${PYTHONPATH} /usr/bin/python3 setup.py egg_info --egg-base ../../build/ar_mapping_base build --build-base /home/GTL/mgaddam/CS7630/ros2_ws/build/ar_mapping_base/build install --record /home/GTL/mgaddam/CS7630/ros2_ws/build/ar_mapping_base/install.log --single-version-externally-managed
[2.549s] running egg_info
[2.550s] writing ../../build/ar_mapping_base/ar_mapping_base.egg-info/PKG-INFO
[2.553s] writing dependency_links to ../../build/ar_mapping_base/ar_mapping_base.egg-info/dependency_links.txt
[2.554s] writing entry points to ../../build/ar_mapping_base/ar_mapping_base.egg-info/entry_points.txt
[2.555s] writing requirements to ../../build/ar_mapping_base/ar_mapping_base.egg-info/requires.txt
[2.556s] writing top-level names to ../../build/ar_mapping_base/ar_mapping_base.egg-info/top_level.txt
[2.557s] writing manifest file '../../build/ar_mapping_base/ar_mapping_base.egg-info/SOURCES.txt'
[2.562s] reading manifest file '../../build/ar_mapping_base/ar_mapping_base.egg-info/SOURCES.txt'
[2.563s] writing manifest file '../../build/ar_mapping_base/ar_mapping_base.egg-info/SOURCES.txt'
[2.564s] running build
[2.564s] running build_py
[2.565s] copying ar_mapping_base/mapping_kf.py -> /home/GTL/mgaddam/CS7630/ros2_ws/build/ar_mapping_base/build/lib/ar_mapping_base
[2.576s] copying ar_mapping_base/__init__.py -> /home/GTL/mgaddam/CS7630/ros2_ws/build/ar_mapping_base/build/lib/ar_mapping_base
[2.578s] copying ar_mapping_base/rover_mapping.py -> /home/GTL/mgaddam/CS7630/ros2_ws/build/ar_mapping_base/build/lib/ar_mapping_base
[2.580s] running install
[2.580s] /usr/lib/python3/dist-packages/setuptools/command/install.py:34: SetuptoolsDeprecationWarning: setup.py install is deprecated. Use build and pip and other standards-based tools.
[2.580s]   warnings.warn(
[2.580s] running install_lib
[2.582s] copying /home/GTL/mgaddam/CS7630/ros2_ws/build/ar_mapping_base/build/lib/ar_mapping_base/mapping_kf.py -> /home/GTL/mgaddam/CS7630/ros2_ws/install/ar_mapping_base/lib/python3.10/site-packages/ar_mapping_base
[2.584s] copying /home/GTL/mgaddam/CS7630/ros2_ws/build/ar_mapping_base/build/lib/ar_mapping_base/__init__.py -> /home/GTL/mgaddam/CS7630/ros2_ws/install/ar_mapping_base/lib/python3.10/site-packages/ar_mapping_base
[2.585s] copying /home/GTL/mgaddam/CS7630/ros2_ws/build/ar_mapping_base/build/lib/ar_mapping_base/rover_mapping.py -> /home/GTL/mgaddam/CS7630/ros2_ws/install/ar_mapping_base/lib/python3.10/site-packages/ar_mapping_base
[2.588s] byte-compiling /home/GTL/mgaddam/CS7630/ros2_ws/install/ar_mapping_base/lib/python3.10/site-packages/ar_mapping_base/mapping_kf.py to mapping_kf.cpython-310.pyc
[2.590s] byte-compiling /home/GTL/mgaddam/CS7630/ros2_ws/install/ar_mapping_base/lib/python3.10/site-packages/ar_mapping_base/__init__.py to __init__.cpython-310.pyc
[2.592s] byte-compiling /home/GTL/mgaddam/CS7630/ros2_ws/install/ar_mapping_base/lib/python3.10/site-packages/ar_mapping_base/rover_mapping.py to rover_mapping.cpython-310.pyc
[2.595s] running install_data
[2.596s] copying resource/ar_mapping_base -> /home/GTL/mgaddam/CS7630/ros2_ws/install/ar_mapping_base/share/ament_index/resource_index/packages
[2.598s] copying package.xml -> /home/GTL/mgaddam/CS7630/ros2_ws/install/ar_mapping_base/share/ar_mapping_base
[2.600s] copying launch/board_descriptions.yaml -> /home/GTL/mgaddam/CS7630/ros2_ws/install/ar_mapping_base/share/ar_mapping_base
[2.602s] copying launch/aruco_tracker.yaml -> /home/GTL/mgaddam/CS7630/ros2_ws/install/ar_mapping_base/share/ar_mapping_base
[2.604s] copying launch/aruco_tracker.launch.xml -> /home/GTL/mgaddam/CS7630/ros2_ws/install/ar_mapping_base/share/ar_mapping_base
[2.606s] copying launch/ar_mapping.launch.py -> /home/GTL/mgaddam/CS7630/ros2_ws/install/ar_mapping_base/share/ar_mapping_base
[2.608s] running install_egg_info
[2.610s] removing '/home/GTL/mgaddam/CS7630/ros2_ws/install/ar_mapping_base/lib/python3.10/site-packages/ar_mapping_base-0.0.0-py3.10.egg-info' (and everything under it)
[2.611s] Copying ../../build/ar_mapping_base/ar_mapping_base.egg-info to /home/GTL/mgaddam/CS7630/ros2_ws/install/ar_mapping_base/lib/python3.10/site-packages/ar_mapping_base-0.0.0-py3.10.egg-info
[2.632s] running install_scripts
[2.648s] Installing ar_mapping_node script to /home/GTL/mgaddam/CS7630/ros2_ws/install/ar_mapping_base/lib/ar_mapping_base
[2.650s] writing list of installed files to '/home/GTL/mgaddam/CS7630/ros2_ws/build/ar_mapping_base/install.log'
[2.673s] Invoked command in '/home/GTL/mgaddam/CS7630/ros2_ws/src/ar_mapping_base' returned '0': PYTHONPATH=/home/GTL/mgaddam/CS7630/ros2_ws/build/ar_mapping_base/prefix_override:/home/GTL/mgaddam/CS7630/ros2_ws/install/ar_mapping_base/lib/python3.10/site-packages:${PYTHONPATH} /usr/bin/python3 setup.py egg_info --egg-base ../../build/ar_mapping_base build --build-base /home/GTL/mgaddam/CS7630/ros2_ws/build/ar_mapping_base/build install --record /home/GTL/mgaddam/CS7630/ros2_ws/build/ar_mapping_base/install.log --single-version-externally-managed
