/home/GTL/mgaddam/CS7630/ros2_ws/src/install/vrep_ros_teleop/lib/python3.10/site-packages/vrep_ros_teleop/teleop.py
/home/GTL/mgaddam/CS7630/ros2_ws/src/install/vrep_ros_teleop/lib/python3.10/site-packages/vrep_ros_teleop/__init__.py
/home/GTL/mgaddam/CS7630/ros2_ws/src/install/vrep_ros_teleop/lib/python3.10/site-packages/vrep_ros_teleop/teleop_mux.py
/home/GTL/mgaddam/CS7630/ros2_ws/src/install/vrep_ros_teleop/lib/python3.10/site-packages/vrep_ros_teleop/__pycache__/teleop.cpython-310.pyc
/home/GTL/mgaddam/CS7630/ros2_ws/src/install/vrep_ros_teleop/lib/python3.10/site-packages/vrep_ros_teleop/__pycache__/__init__.cpython-310.pyc
/home/GTL/mgaddam/CS7630/ros2_ws/src/install/vrep_ros_teleop/lib/python3.10/site-packages/vrep_ros_teleop/__pycache__/teleop_mux.cpython-310.pyc
/home/GTL/mgaddam/CS7630/ros2_ws/src/install/vrep_ros_teleop/share/ament_index/resource_index/packages/vrep_ros_teleop
/home/GTL/mgaddam/CS7630/ros2_ws/src/install/vrep_ros_teleop/share/vrep_ros_teleop/package.xml
/home/GTL/mgaddam/CS7630/ros2_ws/src/install/vrep_ros_teleop/share/vrep_ros_teleop/teleop.launch.py
/home/GTL/mgaddam/CS7630/ros2_ws/src/install/vrep_ros_teleop/share/vrep_ros_teleop/teleop_mux_tb.launch.py
/home/GTL/mgaddam/CS7630/ros2_ws/src/install/vrep_ros_teleop/share/vrep_ros_teleop/teleop_mux.launch.py
/home/GTL/mgaddam/CS7630/ros2_ws/src/install/vrep_ros_teleop/lib/python3.10/site-packages/vrep_ros_teleop-0.0.0-py3.10.egg-info/entry_points.txt
/home/GTL/mgaddam/CS7630/ros2_ws/src/install/vrep_ros_teleop/lib/python3.10/site-packages/vrep_ros_teleop-0.0.0-py3.10.egg-info/dependency_links.txt
/home/GTL/mgaddam/CS7630/ros2_ws/src/install/vrep_ros_teleop/lib/python3.10/site-packages/vrep_ros_teleop-0.0.0-py3.10.egg-info/top_level.txt
/home/GTL/mgaddam/CS7630/ros2_ws/src/install/vrep_ros_teleop/lib/python3.10/site-packages/vrep_ros_teleop-0.0.0-py3.10.egg-info/PKG-INFO
/home/GTL/mgaddam/CS7630/ros2_ws/src/install/vrep_ros_teleop/lib/python3.10/site-packages/vrep_ros_teleop-0.0.0-py3.10.egg-info/requires.txt
/home/GTL/mgaddam/CS7630/ros2_ws/src/install/vrep_ros_teleop/lib/python3.10/site-packages/vrep_ros_teleop-0.0.0-py3.10.egg-info/zip-safe
/home/GTL/mgaddam/CS7630/ros2_ws/src/install/vrep_ros_teleop/lib/python3.10/site-packages/vrep_ros_teleop-0.0.0-py3.10.egg-info/SOURCES.txt
/home/GTL/mgaddam/CS7630/ros2_ws/src/install/vrep_ros_teleop/lib/vrep_ros_teleop/teleop_mux_node
/home/GTL/mgaddam/CS7630/ros2_ws/src/install/vrep_ros_teleop/lib/vrep_ros_teleop/teleop_node
