[1.243s] Invoking command in '/home/GTL/mgaddam/CS7630/ros2_ws/src/build/vrep4_helpers': CMAKE_PREFIX_PATH=/opt/ros/humble /usr/bin/cmake --build /home/GTL/mgaddam/CS7630/ros2_ws/src/build/vrep4_helpers -- -j16 -l16
[1.343s] [ 75%] Built target clock_repeat
[1.344s] [100%] Built target image_flip
[1.490s] Invoked command in '/home/GTL/mgaddam/CS7630/ros2_ws/src/build/vrep4_helpers' returned '0': CMAKE_PREFIX_PATH=/opt/ros/humble /usr/bin/cmake --build /home/GTL/mgaddam/CS7630/ros2_ws/src/build/vrep4_helpers -- -j16 -l16
[1.511s] Invoking command in '/home/GTL/mgaddam/CS7630/ros2_ws/src/build/vrep4_helpers': CMAKE_PREFIX_PATH=/opt/ros/humble /usr/bin/cmake --install /home/GTL/mgaddam/CS7630/ros2_ws/src/build/vrep4_helpers
[1.524s] -- Install configuration: ""
[1.554s] -- Up-to-date: /home/GTL/mgaddam/CS7630/ros2_ws/src/install/vrep4_helpers/lib/vrep4_helpers/image_flip
[1.590s] -- Up-to-date: /home/GTL/mgaddam/CS7630/ros2_ws/src/install/vrep4_helpers/lib/vrep4_helpers/clock_repeat
[1.594s] -- Up-to-date: /home/GTL/mgaddam/CS7630/ros2_ws/src/install/vrep4_helpers/share/vrep4_helpers
[1.595s] -- Up-to-date: /home/GTL/mgaddam/CS7630/ros2_ws/src/install/vrep4_helpers/share/vrep4_helpers/kinect_pc.launch.py
[1.596s] -- Up-to-date: /home/GTL/mgaddam/CS7630/ros2_ws/src/install/vrep4_helpers/share/vrep4_helpers/kinect_pc_min.launch.py
[1.597s] -- Up-to-date: /home/GTL/mgaddam/CS7630/ros2_ws/src/install/vrep4_helpers/share/ament_index/resource_index/package_run_dependencies/vrep4_helpers
[1.597s] -- Up-to-date: /home/GTL/mgaddam/CS7630/ros2_ws/src/install/vrep4_helpers/share/ament_index/resource_index/parent_prefix_path/vrep4_helpers
[1.599s] -- Up-to-date: /home/GTL/mgaddam/CS7630/ros2_ws/src/install/vrep4_helpers/share/vrep4_helpers/environment/ament_prefix_path.sh
[1.599s] -- Up-to-date: /home/GTL/mgaddam/CS7630/ros2_ws/src/install/vrep4_helpers/share/vrep4_helpers/environment/ament_prefix_path.dsv
[1.600s] -- Up-to-date: /home/GTL/mgaddam/CS7630/ros2_ws/src/install/vrep4_helpers/share/vrep4_helpers/environment/path.sh
[1.601s] -- Up-to-date: /home/GTL/mgaddam/CS7630/ros2_ws/src/install/vrep4_helpers/share/vrep4_helpers/environment/path.dsv
[1.601s] -- Up-to-date: /home/GTL/mgaddam/CS7630/ros2_ws/src/install/vrep4_helpers/share/vrep4_helpers/local_setup.bash
[1.602s] -- Up-to-date: /home/GTL/mgaddam/CS7630/ros2_ws/src/install/vrep4_helpers/share/vrep4_helpers/local_setup.sh
[1.602s] -- Up-to-date: /home/GTL/mgaddam/CS7630/ros2_ws/src/install/vrep4_helpers/share/vrep4_helpers/local_setup.zsh
[1.603s] -- Up-to-date: /home/GTL/mgaddam/CS7630/ros2_ws/src/install/vrep4_helpers/share/vrep4_helpers/local_setup.dsv
[1.604s] -- Installing: /home/GTL/mgaddam/CS7630/ros2_ws/src/install/vrep4_helpers/share/vrep4_helpers/package.dsv
[1.608s] -- Up-to-date: /home/GTL/mgaddam/CS7630/ros2_ws/src/install/vrep4_helpers/share/ament_index/resource_index/packages/vrep4_helpers
[1.609s] -- Up-to-date: /home/GTL/mgaddam/CS7630/ros2_ws/src/install/vrep4_helpers/share/vrep4_helpers/cmake/vrep4_helpersConfig.cmake
[1.609s] -- Up-to-date: /home/GTL/mgaddam/CS7630/ros2_ws/src/install/vrep4_helpers/share/vrep4_helpers/cmake/vrep4_helpersConfig-version.cmake
[1.610s] -- Up-to-date: /home/GTL/mgaddam/CS7630/ros2_ws/src/install/vrep4_helpers/share/vrep4_helpers/package.xml
[1.658s] Invoked command in '/home/GTL/mgaddam/CS7630/ros2_ws/src/build/vrep4_helpers' returned '0': CMAKE_PREFIX_PATH=/opt/ros/humble /usr/bin/cmake --install /home/GTL/mgaddam/CS7630/ros2_ws/src/build/vrep4_helpers
