[1.075s] Invoking command in '/home/GTL/mgaddam/CS7630/ros2_ws/build/task_manager_msgs': CMAKE_PREFIX_PATH=${CMAKE_PREFIX_PATH}:/home/GTL/mgaddam/CS7630/ros2_ws/install/vrep_ros_teleop:/home/GTL/mgaddam/CS7630/ros2_ws/install/task_manager_client_py:/home/GTL/mgaddam/CS7630/ros2_ws/install/ar_slam_base:/home/GTL/mgaddam/CS7630/ros2_ws/install/ar_loc_base:/home/GTL/mgaddam/CS7630/ros2_ws/install/rover_driver_base:/home/GTL/mgaddam/CS7630/ros2_ws/install/keyboard_teleop:/home/GTL/mgaddam/CS7630/ros2_ws/install/face_detect_base:/home/GTL/mgaddam/CS7630/ros2_ws/install/button_server:/home/GTL/mgaddam/CS7630/ros2_ws/install/ar_mapping_base:/home/GTL/mgaddam/CS7630/ros2_ws/src/install/vrep_ros_teleop:/home/GTL/mgaddam/CS7630/ros2_ws/src/install/task_manager_client_py:/home/GTL/mgaddam/CS7630/ros2_ws/src/install/ar_slam_base:/home/GTL/mgaddam/CS7630/ros2_ws/src/install/ar_loc_base:/home/GTL/mgaddam/CS7630/ros2_ws/src/install/rover_driver_base:/home/GTL/mgaddam/CS7630/ros2_ws/src/install/keyboard_teleop:/home/GTL/mgaddam/CS7630/ros2_ws/src/install/face_detect_base:/home/GTL/mgaddam/CS7630/ros2_ws/src/install/button_server:/home/GTL/mgaddam/CS7630/ros2_ws/src/install/ar_mapping_base:/opt/ros/humble /usr/bin/cmake --build /home/GTL/mgaddam/CS7630/ros2_ws/build/task_manager_msgs -- -j16 -l16
[2.549s] [  0%] Built target task_manager_msgs__cpp
[2.549s] [ 12%] Built target task_manager_msgs__rosidl_generator_c
[2.549s] [ 38%] Built target task_manager_msgs__rosidl_typesupport_cpp
[2.549s] [ 48%] Built target task_manager_msgs__rosidl_typesupport_introspection_cpp
[2.549s] [ 52%] Built target task_manager_msgs__rosidl_typesupport_fastrtps_cpp
[2.549s] [ 77%] Built target task_manager_msgs__rosidl_typesupport_c
[2.549s] [ 80%] Built target task_manager_msgs__rosidl_typesupport_introspection_c
[2.549s] [ 82%] Built target task_manager_msgs__rosidl_typesupport_fastrtps_c
[2.549s] [ 82%] Built target ament_cmake_python_copy_task_manager_msgs
[2.549s] [ 82%] Built target task_manager_msgs
[2.549s] [ 83%] Built target task_manager_msgs__py
[2.549s] [ 85%] Built target task_manager_msgs_encapsulate
[2.550s] [ 95%] Built target task_manager_msgs__rosidl_generator_py
[2.550s] [ 99%] Built target task_manager_msgs__rosidl_typesupport_fastrtps_c__pyext
[2.550s] [100%] Built target task_manager_msgs__rosidl_typesupport_introspection_c__pyext
[2.550s] [100%] Built target task_manager_msgs__rosidl_typesupport_c__pyext
[2.550s] running egg_info
[2.550s] writing task_manager_msgs.egg-info/PKG-INFO
[2.550s] writing dependency_links to task_manager_msgs.egg-info/dependency_links.txt
[2.550s] writing top-level names to task_manager_msgs.egg-info/top_level.txt
[2.550s] reading manifest file 'task_manager_msgs.egg-info/SOURCES.txt'
[2.550s] writing manifest file 'task_manager_msgs.egg-info/SOURCES.txt'
[2.550s] [100%] Built target ament_cmake_python_build_task_manager_msgs_egg
[2.551s] Invoked command in '/home/GTL/mgaddam/CS7630/ros2_ws/build/task_manager_msgs' returned '0': CMAKE_PREFIX_PATH=${CMAKE_PREFIX_PATH}:/home/GTL/mgaddam/CS7630/ros2_ws/install/vrep_ros_teleop:/home/GTL/mgaddam/CS7630/ros2_ws/install/task_manager_client_py:/home/GTL/mgaddam/CS7630/ros2_ws/install/ar_slam_base:/home/GTL/mgaddam/CS7630/ros2_ws/install/ar_loc_base:/home/GTL/mgaddam/CS7630/ros2_ws/install/rover_driver_base:/home/GTL/mgaddam/CS7630/ros2_ws/install/keyboard_teleop:/home/GTL/mgaddam/CS7630/ros2_ws/install/face_detect_base:/home/GTL/mgaddam/CS7630/ros2_ws/install/button_server:/home/GTL/mgaddam/CS7630/ros2_ws/install/ar_mapping_base:/home/GTL/mgaddam/CS7630/ros2_ws/src/install/vrep_ros_teleop:/home/GTL/mgaddam/CS7630/ros2_ws/src/install/task_manager_client_py:/home/GTL/mgaddam/CS7630/ros2_ws/src/install/ar_slam_base:/home/GTL/mgaddam/CS7630/ros2_ws/src/install/ar_loc_base:/home/GTL/mgaddam/CS7630/ros2_ws/src/install/rover_driver_base:/home/GTL/mgaddam/CS7630/ros2_ws/src/install/keyboard_teleop:/home/GTL/mgaddam/CS7630/ros2_ws/src/install/face_detect_base:/home/GTL/mgaddam/CS7630/ros2_ws/src/install/button_server:/home/GTL/mgaddam/CS7630/ros2_ws/src/install/ar_mapping_base:/opt/ros/humble /usr/bin/cmake --build /home/GTL/mgaddam/CS7630/ros2_ws/build/task_manager_msgs -- -j16 -l16
[2.942s] Invoking command in '/home/GTL/mgaddam/CS7630/ros2_ws/build/task_manager_msgs': CMAKE_PREFIX_PATH=${CMAKE_PREFIX_PATH}:/home/GTL/mgaddam/CS7630/ros2_ws/install/vrep_ros_teleop:/home/GTL/mgaddam/CS7630/ros2_ws/install/task_manager_client_py:/home/GTL/mgaddam/CS7630/ros2_ws/install/ar_slam_base:/home/GTL/mgaddam/CS7630/ros2_ws/install/ar_loc_base:/home/GTL/mgaddam/CS7630/ros2_ws/install/rover_driver_base:/home/GTL/mgaddam/CS7630/ros2_ws/install/keyboard_teleop:/home/GTL/mgaddam/CS7630/ros2_ws/install/face_detect_base:/home/GTL/mgaddam/CS7630/ros2_ws/install/button_server:/home/GTL/mgaddam/CS7630/ros2_ws/install/ar_mapping_base:/home/GTL/mgaddam/CS7630/ros2_ws/src/install/vrep_ros_teleop:/home/GTL/mgaddam/CS7630/ros2_ws/src/install/task_manager_client_py:/home/GTL/mgaddam/CS7630/ros2_ws/src/install/ar_slam_base:/home/GTL/mgaddam/CS7630/ros2_ws/src/install/ar_loc_base:/home/GTL/mgaddam/CS7630/ros2_ws/src/install/rover_driver_base:/home/GTL/mgaddam/CS7630/ros2_ws/src/install/keyboard_teleop:/home/GTL/mgaddam/CS7630/ros2_ws/src/install/face_detect_base:/home/GTL/mgaddam/CS7630/ros2_ws/src/install/button_server:/home/GTL/mgaddam/CS7630/ros2_ws/src/install/ar_mapping_base:/opt/ros/humble /usr/bin/cmake --install /home/GTL/mgaddam/CS7630/ros2_ws/build/task_manager_msgs
[2.951s] -- Install configuration: ""
[2.951s] -- Up-to-date: /home/GTL/mgaddam/CS7630/ros2_ws/install/task_manager_msgs/share/ament_index/resource_index/rosidl_interfaces/task_manager_msgs
[2.951s] -- Up-to-date: /home/GTL/mgaddam/CS7630/ros2_ws/install/task_manager_msgs/include/task_manager_msgs/task_manager_msgs
[2.951s] -- Up-to-date: /home/GTL/mgaddam/CS7630/ros2_ws/install/task_manager_msgs/include/task_manager_msgs/task_manager_msgs/msg
[2.951s] -- Up-to-date: /home/GTL/mgaddam/CS7630/ros2_ws/install/task_manager_msgs/include/task_manager_msgs/task_manager_msgs/msg/task_status.h
[2.952s] -- Up-to-date: /home/GTL/mgaddam/CS7630/ros2_ws/install/task_manager_msgs/include/task_manager_msgs/task_manager_msgs/msg/sync_status.h
[2.952s] -- Up-to-date: /home/GTL/mgaddam/CS7630/ros2_ws/install/task_manager_msgs/include/task_manager_msgs/task_manager_msgs/msg/detail
[2.955s] -- Up-to-date: /home/GTL/mgaddam/CS7630/ros2_ws/install/task_manager_msgs/include/task_manager_msgs/task_manager_msgs/msg/detail/task_parameter__functions.c
[2.955s] -- Up-to-date: /home/GTL/mgaddam/CS7630/ros2_ws/install/task_manager_msgs/include/task_manager_msgs/task_manager_msgs/msg/detail/task_description__struct.h
[2.956s] -- Up-to-date: /home/GTL/mgaddam/CS7630/ros2_ws/install/task_manager_msgs/include/task_manager_msgs/task_manager_msgs/msg/detail/task_description__type_support.h
[2.956s] -- Up-to-date: /home/GTL/mgaddam/CS7630/ros2_ws/install/task_manager_msgs/include/task_manager_msgs/task_manager_msgs/msg/detail/task_parameter__functions.h
[2.956s] -- Up-to-date: /home/GTL/mgaddam/CS7630/ros2_ws/install/task_manager_msgs/include/task_manager_msgs/task_manager_msgs/msg/detail/task_parameter__type_support.h
[2.956s] -- Up-to-date: /home/GTL/mgaddam/CS7630/ros2_ws/install/task_manager_msgs/include/task_manager_msgs/task_manager_msgs/msg/detail/sync_status__type_support.h
[2.956s] -- Up-to-date: /home/GTL/mgaddam/CS7630/ros2_ws/install/task_manager_msgs/include/task_manager_msgs/task_manager_msgs/msg/detail/task_config__struct.h
[2.956s] -- Up-to-date: /home/GTL/mgaddam/CS7630/ros2_ws/install/task_manager_msgs/include/task_manager_msgs/task_manager_msgs/msg/detail/encapsulated_message__functions.c
[2.956s] -- Up-to-date: /home/GTL/mgaddam/CS7630/ros2_ws/install/task_manager_msgs/include/task_manager_msgs/task_manager_msgs/msg/detail/task_description__functions.c
[2.960s] -- Up-to-date: /home/GTL/mgaddam/CS7630/ros2_ws/install/task_manager_msgs/include/task_manager_msgs/task_manager_msgs/msg/detail/task_config__type_support.h
[2.961s] -- Up-to-date: /home/GTL/mgaddam/CS7630/ros2_ws/install/task_manager_msgs/include/task_manager_msgs/task_manager_msgs/msg/detail/task_status__functions.c
[2.961s] -- Up-to-date: /home/GTL/mgaddam/CS7630/ros2_ws/install/task_manager_msgs/include/task_manager_msgs/task_manager_msgs/msg/detail/encapsulated_message__functions.h
[2.961s] -- Up-to-date: /home/GTL/mgaddam/CS7630/ros2_ws/install/task_manager_msgs/include/task_manager_msgs/task_manager_msgs/msg/detail/task_status__struct.h
[2.961s] -- Up-to-date: /home/GTL/mgaddam/CS7630/ros2_ws/install/task_manager_msgs/include/task_manager_msgs/task_manager_msgs/msg/detail/task_config__functions.h
[2.961s] -- Up-to-date: /home/GTL/mgaddam/CS7630/ros2_ws/install/task_manager_msgs/include/task_manager_msgs/task_manager_msgs/msg/detail/encapsulated_message__type_support.h
[2.961s] -- Up-to-date: /home/GTL/mgaddam/CS7630/ros2_ws/install/task_manager_msgs/include/task_manager_msgs/task_manager_msgs/msg/detail/sync_status__struct.h
[2.961s] -- Up-to-date: /home/GTL/mgaddam/CS7630/ros2_ws/install/task_manager_msgs/include/task_manager_msgs/task_manager_msgs/msg/detail/task_parameter__struct.h
[2.961s] -- Up-to-date: /home/GTL/mgaddam/CS7630/ros2_ws/install/task_manager_msgs/include/task_manager_msgs/task_manager_msgs/msg/detail/task_config__functions.c
[2.961s] -- Up-to-date: /home/GTL/mgaddam/CS7630/ros2_ws/install/task_manager_msgs/include/task_manager_msgs/task_manager_msgs/msg/detail/sync_status__functions.c
[2.961s] -- Up-to-date: /home/GTL/mgaddam/CS7630/ros2_ws/install/task_manager_msgs/include/task_manager_msgs/task_manager_msgs/msg/detail/task_status__type_support.h
[2.961s] -- Up-to-date: /home/GTL/mgaddam/CS7630/ros2_ws/install/task_manager_msgs/include/task_manager_msgs/task_manager_msgs/msg/detail/task_description__functions.h
[2.962s] -- Up-to-date: /home/GTL/mgaddam/CS7630/ros2_ws/install/task_manager_msgs/include/task_manager_msgs/task_manager_msgs/msg/detail/sync_status__functions.h
[2.962s] -- Up-to-date: /home/GTL/mgaddam/CS7630/ros2_ws/install/task_manager_msgs/include/task_manager_msgs/task_manager_msgs/msg/detail/encapsulated_message__struct.h
[2.963s] -- Up-to-date: /home/GTL/mgaddam/CS7630/ros2_ws/install/task_manager_msgs/include/task_manager_msgs/task_manager_msgs/msg/detail/task_status__functions.h
[2.963s] -- Up-to-date: /home/GTL/mgaddam/CS7630/ros2_ws/install/task_manager_msgs/include/task_manager_msgs/task_manager_msgs/msg/rosidl_generator_c__visibility_control.h
[2.964s] -- Up-to-date: /home/GTL/mgaddam/CS7630/ros2_ws/install/task_manager_msgs/include/task_manager_msgs/task_manager_msgs/msg/encapsulated_message.h
[2.964s] -- Up-to-date: /home/GTL/mgaddam/CS7630/ros2_ws/install/task_manager_msgs/include/task_manager_msgs/task_manager_msgs/msg/task_parameter.h
[2.964s] -- Up-to-date: /home/GTL/mgaddam/CS7630/ros2_ws/install/task_manager_msgs/include/task_manager_msgs/task_manager_msgs/msg/task_description.h
[2.965s] -- Up-to-date: /home/GTL/mgaddam/CS7630/ros2_ws/install/task_manager_msgs/include/task_manager_msgs/task_manager_msgs/msg/task_config.h
[2.965s] -- Up-to-date: /home/GTL/mgaddam/CS7630/ros2_ws/install/task_manager_msgs/include/task_manager_msgs/task_manager_msgs/srv
[2.966s] -- Up-to-date: /home/GTL/mgaddam/CS7630/ros2_ws/install/task_manager_msgs/include/task_manager_msgs/task_manager_msgs/srv/stop_task.h
[2.967s] -- Up-to-date: /home/GTL/mgaddam/CS7630/ros2_ws/install/task_manager_msgs/include/task_manager_msgs/task_manager_msgs/srv/detail
[2.968s] -- Up-to-date: /home/GTL/mgaddam/CS7630/ros2_ws/install/task_manager_msgs/include/task_manager_msgs/task_manager_msgs/srv/detail/stop_task__functions.c
[2.968s] -- Up-to-date: /home/GTL/mgaddam/CS7630/ros2_ws/install/task_manager_msgs/include/task_manager_msgs/task_manager_msgs/srv/detail/get_task_list__struct.h
[2.969s] -- Up-to-date: /home/GTL/mgaddam/CS7630/ros2_ws/install/task_manager_msgs/include/task_manager_msgs/task_manager_msgs/srv/detail/get_all_task_status__functions.h
[2.969s] -- Up-to-date: /home/GTL/mgaddam/CS7630/ros2_ws/install/task_manager_msgs/include/task_manager_msgs/task_manager_msgs/srv/detail/stop_task__struct.h
[2.970s] -- Up-to-date: /home/GTL/mgaddam/CS7630/ros2_ws/install/task_manager_msgs/include/task_manager_msgs/task_manager_msgs/srv/detail/start_task__functions.c
[2.970s] -- Up-to-date: /home/GTL/mgaddam/CS7630/ros2_ws/install/task_manager_msgs/include/task_manager_msgs/task_manager_msgs/srv/detail/get_all_task_status__type_support.h
[2.971s] -- Up-to-date: /home/GTL/mgaddam/CS7630/ros2_ws/install/task_manager_msgs/include/task_manager_msgs/task_manager_msgs/srv/detail/get_all_task_status__functions.c
[2.971s] -- Up-to-date: /home/GTL/mgaddam/CS7630/ros2_ws/install/task_manager_msgs/include/task_manager_msgs/task_manager_msgs/srv/detail/get_task_list__functions.c
[2.972s] -- Up-to-date: /home/GTL/mgaddam/CS7630/ros2_ws/install/task_manager_msgs/include/task_manager_msgs/task_manager_msgs/srv/detail/get_task_list__functions.h
[2.972s] -- Up-to-date: /home/GTL/mgaddam/CS7630/ros2_ws/install/task_manager_msgs/include/task_manager_msgs/task_manager_msgs/srv/detail/start_task__struct.h
[2.972s] -- Up-to-date: /home/GTL/mgaddam/CS7630/ros2_ws/install/task_manager_msgs/include/task_manager_msgs/task_manager_msgs/srv/detail/stop_task__functions.h
[2.973s] -- Up-to-date: /home/GTL/mgaddam/CS7630/ros2_ws/install/task_manager_msgs/include/task_manager_msgs/task_manager_msgs/srv/detail/get_task_list__type_support.h
[2.973s] -- Up-to-date: /home/GTL/mgaddam/CS7630/ros2_ws/install/task_manager_msgs/include/task_manager_msgs/task_manager_msgs/srv/detail/get_all_task_status__struct.h
[2.974s] -- Up-to-date: /home/GTL/mgaddam/CS7630/ros2_ws/install/task_manager_msgs/include/task_manager_msgs/task_manager_msgs/srv/detail/stop_task__type_support.h
[2.974s] -- Up-to-date: /home/GTL/mgaddam/CS7630/ros2_ws/install/task_manager_msgs/include/task_manager_msgs/task_manager_msgs/srv/detail/start_task__type_support.h
[2.974s] -- Up-to-date: /home/GTL/mgaddam/CS7630/ros2_ws/install/task_manager_msgs/include/task_manager_msgs/task_manager_msgs/srv/detail/start_task__functions.h
[2.975s] -- Up-to-date: /home/GTL/mgaddam/CS7630/ros2_ws/install/task_manager_msgs/include/task_manager_msgs/task_manager_msgs/srv/get_task_list.h
[2.975s] -- Up-to-date: /home/GTL/mgaddam/CS7630/ros2_ws/install/task_manager_msgs/include/task_manager_msgs/task_manager_msgs/srv/start_task.h
[2.976s] -- Up-to-date: /home/GTL/mgaddam/CS7630/ros2_ws/install/task_manager_msgs/include/task_manager_msgs/task_manager_msgs/srv/get_all_task_status.h
[2.977s] -- Up-to-date: /home/GTL/mgaddam/CS7630/ros2_ws/install/task_manager_msgs/share/task_manager_msgs/environment/library_path.sh
[2.977s] -- Up-to-date: /home/GTL/mgaddam/CS7630/ros2_ws/install/task_manager_msgs/share/task_manager_msgs/environment/library_path.dsv
[2.979s] -- Up-to-date: /home/GTL/mgaddam/CS7630/ros2_ws/install/task_manager_msgs/lib/libtask_manager_msgs__rosidl_generator_c.so
[2.981s] -- Up-to-date: /home/GTL/mgaddam/CS7630/ros2_ws/install/task_manager_msgs/include/task_manager_msgs/task_manager_msgs
[2.982s] -- Up-to-date: /home/GTL/mgaddam/CS7630/ros2_ws/install/task_manager_msgs/include/task_manager_msgs/task_manager_msgs/msg
[2.983s] -- Up-to-date: /home/GTL/mgaddam/CS7630/ros2_ws/install/task_manager_msgs/include/task_manager_msgs/task_manager_msgs/msg/detail
[2.984s] -- Up-to-date: /home/GTL/mgaddam/CS7630/ros2_ws/install/task_manager_msgs/include/task_manager_msgs/task_manager_msgs/msg/detail/task_config__rosidl_typesupport_fastrtps_c.h
[2.984s] -- Up-to-date: /home/GTL/mgaddam/CS7630/ros2_ws/install/task_manager_msgs/include/task_manager_msgs/task_manager_msgs/msg/detail/sync_status__rosidl_typesupport_fastrtps_c.h
[2.984s] -- Up-to-date: /home/GTL/mgaddam/CS7630/ros2_ws/install/task_manager_msgs/include/task_manager_msgs/task_manager_msgs/msg/detail/task_description__rosidl_typesupport_fastrtps_c.h
[2.985s] -- Up-to-date: /home/GTL/mgaddam/CS7630/ros2_ws/install/task_manager_msgs/include/task_manager_msgs/task_manager_msgs/msg/detail/task_status__rosidl_typesupport_fastrtps_c.h
[2.985s] -- Up-to-date: /home/GTL/mgaddam/CS7630/ros2_ws/install/task_manager_msgs/include/task_manager_msgs/task_manager_msgs/msg/detail/encapsulated_message__rosidl_typesupport_fastrtps_c.h
[2.986s] -- Up-to-date: /home/GTL/mgaddam/CS7630/ros2_ws/install/task_manager_msgs/include/task_manager_msgs/task_manager_msgs/msg/detail/task_parameter__rosidl_typesupport_fastrtps_c.h
[2.986s] -- Up-to-date: /home/GTL/mgaddam/CS7630/ros2_ws/install/task_manager_msgs/include/task_manager_msgs/task_manager_msgs/msg/rosidl_typesupport_fastrtps_c__visibility_control.h
[2.986s] -- Up-to-date: /home/GTL/mgaddam/CS7630/ros2_ws/install/task_manager_msgs/include/task_manager_msgs/task_manager_msgs/srv
[2.988s] -- Up-to-date: /home/GTL/mgaddam/CS7630/ros2_ws/install/task_manager_msgs/include/task_manager_msgs/task_manager_msgs/srv/detail
[2.989s] -- Up-to-date: /home/GTL/mgaddam/CS7630/ros2_ws/install/task_manager_msgs/include/task_manager_msgs/task_manager_msgs/srv/detail/get_all_task_status__rosidl_typesupport_fastrtps_c.h
[2.989s] -- Up-to-date: /home/GTL/mgaddam/CS7630/ros2_ws/install/task_manager_msgs/include/task_manager_msgs/task_manager_msgs/srv/detail/start_task__rosidl_typesupport_fastrtps_c.h
[2.990s] -- Up-to-date: /home/GTL/mgaddam/CS7630/ros2_ws/install/task_manager_msgs/include/task_manager_msgs/task_manager_msgs/srv/detail/get_task_list__rosidl_typesupport_fastrtps_c.h
[2.991s] -- Up-to-date: /home/GTL/mgaddam/CS7630/ros2_ws/install/task_manager_msgs/include/task_manager_msgs/task_manager_msgs/srv/detail/stop_task__rosidl_typesupport_fastrtps_c.h
[2.992s] -- Up-to-date: /home/GTL/mgaddam/CS7630/ros2_ws/install/task_manager_msgs/lib/libtask_manager_msgs__rosidl_typesupport_fastrtps_c.so
[2.995s] -- Up-to-date: /home/GTL/mgaddam/CS7630/ros2_ws/install/task_manager_msgs/include/task_manager_msgs/task_manager_msgs
[2.995s] -- Up-to-date: /home/GTL/mgaddam/CS7630/ros2_ws/install/task_manager_msgs/include/task_manager_msgs/task_manager_msgs/msg
[2.996s] -- Up-to-date: /home/GTL/mgaddam/CS7630/ros2_ws/install/task_manager_msgs/include/task_manager_msgs/task_manager_msgs/msg/sync_status.hpp
[2.997s] -- Up-to-date: /home/GTL/mgaddam/CS7630/ros2_ws/install/task_manager_msgs/include/task_manager_msgs/task_manager_msgs/msg/encapsulated_message.hpp
[2.997s] -- Up-to-date: /home/GTL/mgaddam/CS7630/ros2_ws/install/task_manager_msgs/include/task_manager_msgs/task_manager_msgs/msg/detail
[2.998s] -- Up-to-date: /home/GTL/mgaddam/CS7630/ros2_ws/install/task_manager_msgs/include/task_manager_msgs/task_manager_msgs/msg/detail/encapsulated_message__struct.hpp
[2.998s] -- Up-to-date: /home/GTL/mgaddam/CS7630/ros2_ws/install/task_manager_msgs/include/task_manager_msgs/task_manager_msgs/msg/detail/task_config__traits.hpp
[2.998s] -- Up-to-date: /home/GTL/mgaddam/CS7630/ros2_ws/install/task_manager_msgs/include/task_manager_msgs/task_manager_msgs/msg/detail/sync_status__builder.hpp
[2.999s] -- Up-to-date: /home/GTL/mgaddam/CS7630/ros2_ws/install/task_manager_msgs/include/task_manager_msgs/task_manager_msgs/msg/detail/sync_status__traits.hpp
[2.999s] -- Up-to-date: /home/GTL/mgaddam/CS7630/ros2_ws/install/task_manager_msgs/include/task_manager_msgs/task_manager_msgs/msg/detail/task_config__builder.hpp
[2.999s] -- Up-to-date: /home/GTL/mgaddam/CS7630/ros2_ws/install/task_manager_msgs/include/task_manager_msgs/task_manager_msgs/msg/detail/task_status__builder.hpp
[3.000s] -- Up-to-date: /home/GTL/mgaddam/CS7630/ros2_ws/install/task_manager_msgs/include/task_manager_msgs/task_manager_msgs/msg/detail/task_description__struct.hpp
[3.000s] -- Up-to-date: /home/GTL/mgaddam/CS7630/ros2_ws/install/task_manager_msgs/include/task_manager_msgs/task_manager_msgs/msg/detail/encapsulated_message__traits.hpp
[3.001s] -- Up-to-date: /home/GTL/mgaddam/CS7630/ros2_ws/install/task_manager_msgs/include/task_manager_msgs/task_manager_msgs/msg/detail/encapsulated_message__builder.hpp
[3.001s] -- Up-to-date: /home/GTL/mgaddam/CS7630/ros2_ws/install/task_manager_msgs/include/task_manager_msgs/task_manager_msgs/msg/detail/task_config__struct.hpp
[3.002s] -- Up-to-date: /home/GTL/mgaddam/CS7630/ros2_ws/install/task_manager_msgs/include/task_manager_msgs/task_manager_msgs/msg/detail/sync_status__struct.hpp
[3.002s] -- Up-to-date: /home/GTL/mgaddam/CS7630/ros2_ws/install/task_manager_msgs/include/task_manager_msgs/task_manager_msgs/msg/detail/task_status__struct.hpp
[3.002s] -- Up-to-date: /home/GTL/mgaddam/CS7630/ros2_ws/install/task_manager_msgs/include/task_manager_msgs/task_manager_msgs/msg/detail/task_status__traits.hpp
[3.003s] -- Up-to-date: /home/GTL/mgaddam/CS7630/ros2_ws/install/task_manager_msgs/include/task_manager_msgs/task_manager_msgs/msg/detail/task_description__traits.hpp
[3.003s] -- Up-to-date: /home/GTL/mgaddam/CS7630/ros2_ws/install/task_manager_msgs/include/task_manager_msgs/task_manager_msgs/msg/detail/task_description__builder.hpp
[3.004s] -- Up-to-date: /home/GTL/mgaddam/CS7630/ros2_ws/install/task_manager_msgs/include/task_manager_msgs/task_manager_msgs/msg/detail/task_parameter__traits.hpp
[3.004s] -- Up-to-date: /home/GTL/mgaddam/CS7630/ros2_ws/install/task_manager_msgs/include/task_manager_msgs/task_manager_msgs/msg/detail/task_parameter__builder.hpp
[3.005s] -- Up-to-date: /home/GTL/mgaddam/CS7630/ros2_ws/install/task_manager_msgs/include/task_manager_msgs/task_manager_msgs/msg/detail/task_parameter__struct.hpp
[3.005s] -- Up-to-date: /home/GTL/mgaddam/CS7630/ros2_ws/install/task_manager_msgs/include/task_manager_msgs/task_manager_msgs/msg/task_config.hpp
[3.005s] -- Up-to-date: /home/GTL/mgaddam/CS7630/ros2_ws/install/task_manager_msgs/include/task_manager_msgs/task_manager_msgs/msg/task_parameter.hpp
[3.006s] -- Up-to-date: /home/GTL/mgaddam/CS7630/ros2_ws/install/task_manager_msgs/include/task_manager_msgs/task_manager_msgs/msg/task_status.hpp
[3.006s] -- Up-to-date: /home/GTL/mgaddam/CS7630/ros2_ws/install/task_manager_msgs/include/task_manager_msgs/task_manager_msgs/msg/task_description.hpp
[3.006s] -- Up-to-date: /home/GTL/mgaddam/CS7630/ros2_ws/install/task_manager_msgs/include/task_manager_msgs/task_manager_msgs/srv
[3.007s] -- Up-to-date: /home/GTL/mgaddam/CS7630/ros2_ws/install/task_manager_msgs/include/task_manager_msgs/task_manager_msgs/srv/get_task_list.hpp
[3.008s] -- Up-to-date: /home/GTL/mgaddam/CS7630/ros2_ws/install/task_manager_msgs/include/task_manager_msgs/task_manager_msgs/srv/stop_task.hpp
[3.008s] -- Up-to-date: /home/GTL/mgaddam/CS7630/ros2_ws/install/task_manager_msgs/include/task_manager_msgs/task_manager_msgs/srv/detail
[3.009s] -- Up-to-date: /home/GTL/mgaddam/CS7630/ros2_ws/install/task_manager_msgs/include/task_manager_msgs/task_manager_msgs/srv/detail/stop_task__traits.hpp
[3.009s] -- Up-to-date: /home/GTL/mgaddam/CS7630/ros2_ws/install/task_manager_msgs/include/task_manager_msgs/task_manager_msgs/srv/detail/get_all_task_status__struct.hpp
[3.010s] -- Up-to-date: /home/GTL/mgaddam/CS7630/ros2_ws/install/task_manager_msgs/include/task_manager_msgs/task_manager_msgs/srv/detail/start_task__builder.hpp
[3.010s] -- Up-to-date: /home/GTL/mgaddam/CS7630/ros2_ws/install/task_manager_msgs/include/task_manager_msgs/task_manager_msgs/srv/detail/get_task_list__struct.hpp
[3.011s] -- Up-to-date: /home/GTL/mgaddam/CS7630/ros2_ws/install/task_manager_msgs/include/task_manager_msgs/task_manager_msgs/srv/detail/get_all_task_status__builder.hpp
[3.011s] -- Up-to-date: /home/GTL/mgaddam/CS7630/ros2_ws/install/task_manager_msgs/include/task_manager_msgs/task_manager_msgs/srv/detail/stop_task__struct.hpp
[3.012s] -- Up-to-date: /home/GTL/mgaddam/CS7630/ros2_ws/install/task_manager_msgs/include/task_manager_msgs/task_manager_msgs/srv/detail/start_task__traits.hpp
[3.012s] -- Up-to-date: /home/GTL/mgaddam/CS7630/ros2_ws/install/task_manager_msgs/include/task_manager_msgs/task_manager_msgs/srv/detail/stop_task__builder.hpp
[3.013s] -- Up-to-date: /home/GTL/mgaddam/CS7630/ros2_ws/install/task_manager_msgs/include/task_manager_msgs/task_manager_msgs/srv/detail/start_task__struct.hpp
[3.013s] -- Up-to-date: /home/GTL/mgaddam/CS7630/ros2_ws/install/task_manager_msgs/include/task_manager_msgs/task_manager_msgs/srv/detail/get_task_list__traits.hpp
[3.014s] -- Up-to-date: /home/GTL/mgaddam/CS7630/ros2_ws/install/task_manager_msgs/include/task_manager_msgs/task_manager_msgs/srv/detail/get_all_task_status__traits.hpp
[3.014s] -- Up-to-date: /home/GTL/mgaddam/CS7630/ros2_ws/install/task_manager_msgs/include/task_manager_msgs/task_manager_msgs/srv/detail/get_task_list__builder.hpp
[3.014s] -- Up-to-date: /home/GTL/mgaddam/CS7630/ros2_ws/install/task_manager_msgs/include/task_manager_msgs/task_manager_msgs/srv/start_task.hpp
[3.015s] -- Up-to-date: /home/GTL/mgaddam/CS7630/ros2_ws/install/task_manager_msgs/include/task_manager_msgs/task_manager_msgs/srv/get_all_task_status.hpp
[3.015s] -- Up-to-date: /home/GTL/mgaddam/CS7630/ros2_ws/install/task_manager_msgs/include/task_manager_msgs/task_manager_msgs
[3.016s] -- Up-to-date: /home/GTL/mgaddam/CS7630/ros2_ws/install/task_manager_msgs/include/task_manager_msgs/task_manager_msgs/msg
[3.016s] -- Up-to-date: /home/GTL/mgaddam/CS7630/ros2_ws/install/task_manager_msgs/include/task_manager_msgs/task_manager_msgs/msg/detail
[3.017s] -- Up-to-date: /home/GTL/mgaddam/CS7630/ros2_ws/install/task_manager_msgs/include/task_manager_msgs/task_manager_msgs/msg/detail/task_config__rosidl_typesupport_fastrtps_cpp.hpp
[3.018s] -- Up-to-date: /home/GTL/mgaddam/CS7630/ros2_ws/install/task_manager_msgs/include/task_manager_msgs/task_manager_msgs/msg/detail/dds_fastrtps
[3.019s] -- Up-to-date: /home/GTL/mgaddam/CS7630/ros2_ws/install/task_manager_msgs/include/task_manager_msgs/task_manager_msgs/msg/detail/encapsulated_message__rosidl_typesupport_fastrtps_cpp.hpp
[3.019s] -- Up-to-date: /home/GTL/mgaddam/CS7630/ros2_ws/install/task_manager_msgs/include/task_manager_msgs/task_manager_msgs/msg/detail/task_description__rosidl_typesupport_fastrtps_cpp.hpp
[3.019s] -- Up-to-date: /home/GTL/mgaddam/CS7630/ros2_ws/install/task_manager_msgs/include/task_manager_msgs/task_manager_msgs/msg/detail/task_status__rosidl_typesupport_fastrtps_cpp.hpp
[3.020s] -- Up-to-date: /home/GTL/mgaddam/CS7630/ros2_ws/install/task_manager_msgs/include/task_manager_msgs/task_manager_msgs/msg/detail/sync_status__rosidl_typesupport_fastrtps_cpp.hpp
[3.020s] -- Up-to-date: /home/GTL/mgaddam/CS7630/ros2_ws/install/task_manager_msgs/include/task_manager_msgs/task_manager_msgs/msg/detail/task_parameter__rosidl_typesupport_fastrtps_cpp.hpp
[3.021s] -- Up-to-date: /home/GTL/mgaddam/CS7630/ros2_ws/install/task_manager_msgs/include/task_manager_msgs/task_manager_msgs/msg/rosidl_typesupport_fastrtps_cpp__visibility_control.h
[3.021s] -- Up-to-date: /home/GTL/mgaddam/CS7630/ros2_ws/install/task_manager_msgs/include/task_manager_msgs/task_manager_msgs/srv
[3.022s] -- Up-to-date: /home/GTL/mgaddam/CS7630/ros2_ws/install/task_manager_msgs/include/task_manager_msgs/task_manager_msgs/srv/detail
[3.022s] -- Up-to-date: /home/GTL/mgaddam/CS7630/ros2_ws/install/task_manager_msgs/include/task_manager_msgs/task_manager_msgs/srv/detail/get_task_list__rosidl_typesupport_fastrtps_cpp.hpp
[3.023s] -- Up-to-date: /home/GTL/mgaddam/CS7630/ros2_ws/install/task_manager_msgs/include/task_manager_msgs/task_manager_msgs/srv/detail/start_task__rosidl_typesupport_fastrtps_cpp.hpp
[3.023s] -- Up-to-date: /home/GTL/mgaddam/CS7630/ros2_ws/install/task_manager_msgs/include/task_manager_msgs/task_manager_msgs/srv/detail/get_all_task_status__rosidl_typesupport_fastrtps_cpp.hpp
[3.024s] -- Up-to-date: /home/GTL/mgaddam/CS7630/ros2_ws/install/task_manager_msgs/include/task_manager_msgs/task_manager_msgs/srv/detail/dds_fastrtps
[3.024s] -- Up-to-date: /home/GTL/mgaddam/CS7630/ros2_ws/install/task_manager_msgs/include/task_manager_msgs/task_manager_msgs/srv/detail/stop_task__rosidl_typesupport_fastrtps_cpp.hpp
[3.025s] -- Up-to-date: /home/GTL/mgaddam/CS7630/ros2_ws/install/task_manager_msgs/lib/libtask_manager_msgs__rosidl_typesupport_fastrtps_cpp.so
[3.027s] -- Up-to-date: /home/GTL/mgaddam/CS7630/ros2_ws/install/task_manager_msgs/include/task_manager_msgs/task_manager_msgs
[3.028s] -- Up-to-date: /home/GTL/mgaddam/CS7630/ros2_ws/install/task_manager_msgs/include/task_manager_msgs/task_manager_msgs/msg
[3.029s] -- Up-to-date: /home/GTL/mgaddam/CS7630/ros2_ws/install/task_manager_msgs/include/task_manager_msgs/task_manager_msgs/msg/detail
[3.030s] -- Up-to-date: /home/GTL/mgaddam/CS7630/ros2_ws/install/task_manager_msgs/include/task_manager_msgs/task_manager_msgs/msg/detail/task_parameter__type_support.c
[3.030s] -- Up-to-date: /home/GTL/mgaddam/CS7630/ros2_ws/install/task_manager_msgs/include/task_manager_msgs/task_manager_msgs/msg/detail/task_parameter__rosidl_typesupport_introspection_c.h
[3.031s] -- Up-to-date: /home/GTL/mgaddam/CS7630/ros2_ws/install/task_manager_msgs/include/task_manager_msgs/task_manager_msgs/msg/detail/encapsulated_message__rosidl_typesupport_introspection_c.h
[3.032s] -- Up-to-date: /home/GTL/mgaddam/CS7630/ros2_ws/install/task_manager_msgs/include/task_manager_msgs/task_manager_msgs/msg/detail/sync_status__type_support.c
[3.032s] -- Up-to-date: /home/GTL/mgaddam/CS7630/ros2_ws/install/task_manager_msgs/include/task_manager_msgs/task_manager_msgs/msg/detail/task_description__type_support.c
[3.033s] -- Up-to-date: /home/GTL/mgaddam/CS7630/ros2_ws/install/task_manager_msgs/include/task_manager_msgs/task_manager_msgs/msg/detail/sync_status__rosidl_typesupport_introspection_c.h
[3.033s] -- Up-to-date: /home/GTL/mgaddam/CS7630/ros2_ws/install/task_manager_msgs/include/task_manager_msgs/task_manager_msgs/msg/detail/task_config__type_support.c
[3.034s] -- Up-to-date: /home/GTL/mgaddam/CS7630/ros2_ws/install/task_manager_msgs/include/task_manager_msgs/task_manager_msgs/msg/detail/task_description__rosidl_typesupport_introspection_c.h
[3.034s] -- Up-to-date: /home/GTL/mgaddam/CS7630/ros2_ws/install/task_manager_msgs/include/task_manager_msgs/task_manager_msgs/msg/detail/task_status__rosidl_typesupport_introspection_c.h
[3.035s] -- Up-to-date: /home/GTL/mgaddam/CS7630/ros2_ws/install/task_manager_msgs/include/task_manager_msgs/task_manager_msgs/msg/detail/task_config__rosidl_typesupport_introspection_c.h
[3.035s] -- Up-to-date: /home/GTL/mgaddam/CS7630/ros2_ws/install/task_manager_msgs/include/task_manager_msgs/task_manager_msgs/msg/detail/task_status__type_support.c
[3.036s] -- Up-to-date: /home/GTL/mgaddam/CS7630/ros2_ws/install/task_manager_msgs/include/task_manager_msgs/task_manager_msgs/msg/detail/encapsulated_message__type_support.c
[3.037s] -- Up-to-date: /home/GTL/mgaddam/CS7630/ros2_ws/install/task_manager_msgs/include/task_manager_msgs/task_manager_msgs/msg/rosidl_typesupport_introspection_c__visibility_control.h
[3.037s] -- Up-to-date: /home/GTL/mgaddam/CS7630/ros2_ws/install/task_manager_msgs/include/task_manager_msgs/task_manager_msgs/srv
[3.037s] -- Up-to-date: /home/GTL/mgaddam/CS7630/ros2_ws/install/task_manager_msgs/include/task_manager_msgs/task_manager_msgs/srv/detail
[3.038s] -- Up-to-date: /home/GTL/mgaddam/CS7630/ros2_ws/install/task_manager_msgs/include/task_manager_msgs/task_manager_msgs/srv/detail/start_task__type_support.c
[3.039s] -- Up-to-date: /home/GTL/mgaddam/CS7630/ros2_ws/install/task_manager_msgs/include/task_manager_msgs/task_manager_msgs/srv/detail/get_all_task_status__rosidl_typesupport_introspection_c.h
[3.039s] -- Up-to-date: /home/GTL/mgaddam/CS7630/ros2_ws/install/task_manager_msgs/include/task_manager_msgs/task_manager_msgs/srv/detail/get_all_task_status__type_support.c
[3.040s] -- Up-to-date: /home/GTL/mgaddam/CS7630/ros2_ws/install/task_manager_msgs/include/task_manager_msgs/task_manager_msgs/srv/detail/start_task__rosidl_typesupport_introspection_c.h
[3.040s] -- Up-to-date: /home/GTL/mgaddam/CS7630/ros2_ws/install/task_manager_msgs/include/task_manager_msgs/task_manager_msgs/srv/detail/stop_task__type_support.c
[3.041s] -- Up-to-date: /home/GTL/mgaddam/CS7630/ros2_ws/install/task_manager_msgs/include/task_manager_msgs/task_manager_msgs/srv/detail/get_task_list__rosidl_typesupport_introspection_c.h
[3.041s] -- Up-to-date: /home/GTL/mgaddam/CS7630/ros2_ws/install/task_manager_msgs/include/task_manager_msgs/task_manager_msgs/srv/detail/stop_task__rosidl_typesupport_introspection_c.h
[3.042s] -- Up-to-date: /home/GTL/mgaddam/CS7630/ros2_ws/install/task_manager_msgs/include/task_manager_msgs/task_manager_msgs/srv/detail/get_task_list__type_support.c
[3.044s] -- Up-to-date: /home/GTL/mgaddam/CS7630/ros2_ws/install/task_manager_msgs/lib/libtask_manager_msgs__rosidl_typesupport_introspection_c.so
[3.049s] -- Up-to-date: /home/GTL/mgaddam/CS7630/ros2_ws/install/task_manager_msgs/lib/libtask_manager_msgs__rosidl_typesupport_c.so
[3.052s] -- Up-to-date: /home/GTL/mgaddam/CS7630/ros2_ws/install/task_manager_msgs/include/task_manager_msgs/task_manager_msgs
[3.052s] -- Up-to-date: /home/GTL/mgaddam/CS7630/ros2_ws/install/task_manager_msgs/include/task_manager_msgs/task_manager_msgs/msg
[3.053s] -- Up-to-date: /home/GTL/mgaddam/CS7630/ros2_ws/install/task_manager_msgs/include/task_manager_msgs/task_manager_msgs/msg/detail
[3.054s] -- Up-to-date: /home/GTL/mgaddam/CS7630/ros2_ws/install/task_manager_msgs/include/task_manager_msgs/task_manager_msgs/msg/detail/task_parameter__rosidl_typesupport_introspection_cpp.hpp
[3.054s] -- Up-to-date: /home/GTL/mgaddam/CS7630/ros2_ws/install/task_manager_msgs/include/task_manager_msgs/task_manager_msgs/msg/detail/encapsulated_message__rosidl_typesupport_introspection_cpp.hpp
[3.062s] -- Up-to-date: /home/GTL/mgaddam/CS7630/ros2_ws/install/task_manager_msgs/include/task_manager_msgs/task_manager_msgs/msg/detail/task_status__rosidl_typesupport_introspection_cpp.hpp
[3.062s] -- Up-to-date: /home/GTL/mgaddam/CS7630/ros2_ws/install/task_manager_msgs/include/task_manager_msgs/task_manager_msgs/msg/detail/encapsulated_message__type_support.cpp
[3.062s] -- Up-to-date: /home/GTL/mgaddam/CS7630/ros2_ws/install/task_manager_msgs/include/task_manager_msgs/task_manager_msgs/msg/detail/sync_status__type_support.cpp
[3.062s] -- Up-to-date: /home/GTL/mgaddam/CS7630/ros2_ws/install/task_manager_msgs/include/task_manager_msgs/task_manager_msgs/msg/detail/sync_status__rosidl_typesupport_introspection_cpp.hpp
[3.063s] -- Up-to-date: /home/GTL/mgaddam/CS7630/ros2_ws/install/task_manager_msgs/include/task_manager_msgs/task_manager_msgs/msg/detail/task_description__rosidl_typesupport_introspection_cpp.hpp
[3.063s] -- Up-to-date: /home/GTL/mgaddam/CS7630/ros2_ws/install/task_manager_msgs/include/task_manager_msgs/task_manager_msgs/msg/detail/task_config__type_support.cpp
[3.063s] -- Up-to-date: /home/GTL/mgaddam/CS7630/ros2_ws/install/task_manager_msgs/include/task_manager_msgs/task_manager_msgs/msg/detail/task_description__type_support.cpp
[3.063s] -- Up-to-date: /home/GTL/mgaddam/CS7630/ros2_ws/install/task_manager_msgs/include/task_manager_msgs/task_manager_msgs/msg/detail/task_config__rosidl_typesupport_introspection_cpp.hpp
[3.063s] -- Up-to-date: /home/GTL/mgaddam/CS7630/ros2_ws/install/task_manager_msgs/include/task_manager_msgs/task_manager_msgs/msg/detail/task_status__type_support.cpp
[3.063s] -- Up-to-date: /home/GTL/mgaddam/CS7630/ros2_ws/install/task_manager_msgs/include/task_manager_msgs/task_manager_msgs/msg/detail/task_parameter__type_support.cpp
[3.063s] -- Up-to-date: /home/GTL/mgaddam/CS7630/ros2_ws/install/task_manager_msgs/include/task_manager_msgs/task_manager_msgs/srv
[3.063s] -- Up-to-date: /home/GTL/mgaddam/CS7630/ros2_ws/install/task_manager_msgs/include/task_manager_msgs/task_manager_msgs/srv/detail
[3.063s] -- Up-to-date: /home/GTL/mgaddam/CS7630/ros2_ws/install/task_manager_msgs/include/task_manager_msgs/task_manager_msgs/srv/detail/get_all_task_status__rosidl_typesupport_introspection_cpp.hpp
[3.063s] -- Up-to-date: /home/GTL/mgaddam/CS7630/ros2_ws/install/task_manager_msgs/include/task_manager_msgs/task_manager_msgs/srv/detail/start_task__rosidl_typesupport_introspection_cpp.hpp
[3.064s] -- Up-to-date: /home/GTL/mgaddam/CS7630/ros2_ws/install/task_manager_msgs/include/task_manager_msgs/task_manager_msgs/srv/detail/start_task__type_support.cpp
[3.064s] -- Up-to-date: /home/GTL/mgaddam/CS7630/ros2_ws/install/task_manager_msgs/include/task_manager_msgs/task_manager_msgs/srv/detail/get_all_task_status__type_support.cpp
[3.065s] -- Up-to-date: /home/GTL/mgaddam/CS7630/ros2_ws/install/task_manager_msgs/include/task_manager_msgs/task_manager_msgs/srv/detail/stop_task__rosidl_typesupport_introspection_cpp.hpp
[3.066s] -- Up-to-date: /home/GTL/mgaddam/CS7630/ros2_ws/install/task_manager_msgs/include/task_manager_msgs/task_manager_msgs/srv/detail/stop_task__type_support.cpp
[3.066s] -- Up-to-date: /home/GTL/mgaddam/CS7630/ros2_ws/install/task_manager_msgs/include/task_manager_msgs/task_manager_msgs/srv/detail/get_task_list__type_support.cpp
[3.067s] -- Up-to-date: /home/GTL/mgaddam/CS7630/ros2_ws/install/task_manager_msgs/include/task_manager_msgs/task_manager_msgs/srv/detail/get_task_list__rosidl_typesupport_introspection_cpp.hpp
[3.068s] -- Up-to-date: /home/GTL/mgaddam/CS7630/ros2_ws/install/task_manager_msgs/lib/libtask_manager_msgs__rosidl_typesupport_introspection_cpp.so
[3.071s] -- Up-to-date: /home/GTL/mgaddam/CS7630/ros2_ws/install/task_manager_msgs/lib/libtask_manager_msgs__rosidl_typesupport_cpp.so
[3.073s] -- Up-to-date: /home/GTL/mgaddam/CS7630/ros2_ws/install/task_manager_msgs/share/task_manager_msgs/environment/pythonpath.sh
[3.074s] -- Up-to-date: /home/GTL/mgaddam/CS7630/ros2_ws/install/task_manager_msgs/share/task_manager_msgs/environment/pythonpath.dsv
[3.074s] -- Up-to-date: /home/GTL/mgaddam/CS7630/ros2_ws/install/task_manager_msgs/local/lib/python3.10/dist-packages/task_manager_msgs-0.0.0-py3.10.egg-info
[3.075s] -- Installing: /home/GTL/mgaddam/CS7630/ros2_ws/install/task_manager_msgs/local/lib/python3.10/dist-packages/task_manager_msgs-0.0.0-py3.10.egg-info/dependency_links.txt
[3.079s] -- Installing: /home/GTL/mgaddam/CS7630/ros2_ws/install/task_manager_msgs/local/lib/python3.10/dist-packages/task_manager_msgs-0.0.0-py3.10.egg-info/top_level.txt
[3.083s] -- Installing: /home/GTL/mgaddam/CS7630/ros2_ws/install/task_manager_msgs/local/lib/python3.10/dist-packages/task_manager_msgs-0.0.0-py3.10.egg-info/PKG-INFO
[3.086s] -- Installing: /home/GTL/mgaddam/CS7630/ros2_ws/install/task_manager_msgs/local/lib/python3.10/dist-packages/task_manager_msgs-0.0.0-py3.10.egg-info/SOURCES.txt
[3.091s] -- Up-to-date: /home/GTL/mgaddam/CS7630/ros2_ws/install/task_manager_msgs/local/lib/python3.10/dist-packages/task_manager_msgs
[3.091s] -- Up-to-date: /home/GTL/mgaddam/CS7630/ros2_ws/install/task_manager_msgs/local/lib/python3.10/dist-packages/task_manager_msgs/msg
[3.092s] -- Up-to-date: /home/GTL/mgaddam/CS7630/ros2_ws/install/task_manager_msgs/local/lib/python3.10/dist-packages/task_manager_msgs/msg/_encapsulated_message_s.c
[3.093s] -- Up-to-date: /home/GTL/mgaddam/CS7630/ros2_ws/install/task_manager_msgs/local/lib/python3.10/dist-packages/task_manager_msgs/msg/_task_description_s.c
[3.093s] -- Up-to-date: /home/GTL/mgaddam/CS7630/ros2_ws/install/task_manager_msgs/local/lib/python3.10/dist-packages/task_manager_msgs/msg/_task_parameter.py
[3.094s] -- Up-to-date: /home/GTL/mgaddam/CS7630/ros2_ws/install/task_manager_msgs/local/lib/python3.10/dist-packages/task_manager_msgs/msg/_sync_status_s.c
[3.094s] -- Up-to-date: /home/GTL/mgaddam/CS7630/ros2_ws/install/task_manager_msgs/local/lib/python3.10/dist-packages/task_manager_msgs/msg/_task_config.py
[3.094s] -- Up-to-date: /home/GTL/mgaddam/CS7630/ros2_ws/install/task_manager_msgs/local/lib/python3.10/dist-packages/task_manager_msgs/msg/_task_parameter_s.c
[3.095s] -- Up-to-date: /home/GTL/mgaddam/CS7630/ros2_ws/install/task_manager_msgs/local/lib/python3.10/dist-packages/task_manager_msgs/msg/_task_status.py
[3.095s] -- Up-to-date: /home/GTL/mgaddam/CS7630/ros2_ws/install/task_manager_msgs/local/lib/python3.10/dist-packages/task_manager_msgs/msg/_task_description.py
[3.096s] -- Up-to-date: /home/GTL/mgaddam/CS7630/ros2_ws/install/task_manager_msgs/local/lib/python3.10/dist-packages/task_manager_msgs/msg/__init__.py
[3.096s] -- Up-to-date: /home/GTL/mgaddam/CS7630/ros2_ws/install/task_manager_msgs/local/lib/python3.10/dist-packages/task_manager_msgs/msg/_sync_status.py
[3.097s] -- Up-to-date: /home/GTL/mgaddam/CS7630/ros2_ws/install/task_manager_msgs/local/lib/python3.10/dist-packages/task_manager_msgs/msg/_encapsulated_message.py
[3.097s] -- Up-to-date: /home/GTL/mgaddam/CS7630/ros2_ws/install/task_manager_msgs/local/lib/python3.10/dist-packages/task_manager_msgs/msg/_task_config_s.c
[3.097s] -- Up-to-date: /home/GTL/mgaddam/CS7630/ros2_ws/install/task_manager_msgs/local/lib/python3.10/dist-packages/task_manager_msgs/msg/_task_status_s.c
[3.098s] -- Up-to-date: /home/GTL/mgaddam/CS7630/ros2_ws/install/task_manager_msgs/local/lib/python3.10/dist-packages/task_manager_msgs/task_manager_msgs_s__rosidl_typesupport_introspection_c.cpython-310-x86_64-linux-gnu.so
[3.098s] -- Up-to-date: /home/GTL/mgaddam/CS7630/ros2_ws/install/task_manager_msgs/local/lib/python3.10/dist-packages/task_manager_msgs/_task_manager_msgs_s.ep.rosidl_typesupport_introspection_c.c
[3.099s] -- Up-to-date: /home/GTL/mgaddam/CS7630/ros2_ws/install/task_manager_msgs/local/lib/python3.10/dist-packages/task_manager_msgs/__init__.py
[3.099s] -- Up-to-date: /home/GTL/mgaddam/CS7630/ros2_ws/install/task_manager_msgs/local/lib/python3.10/dist-packages/task_manager_msgs/_task_manager_msgs_s.ep.rosidl_typesupport_c.c
[3.100s] -- Up-to-date: /home/GTL/mgaddam/CS7630/ros2_ws/install/task_manager_msgs/local/lib/python3.10/dist-packages/task_manager_msgs/task_manager_msgs_s__rosidl_typesupport_c.cpython-310-x86_64-linux-gnu.so
[3.100s] -- Up-to-date: /home/GTL/mgaddam/CS7630/ros2_ws/install/task_manager_msgs/local/lib/python3.10/dist-packages/task_manager_msgs/srv
[3.101s] -- Up-to-date: /home/GTL/mgaddam/CS7630/ros2_ws/install/task_manager_msgs/local/lib/python3.10/dist-packages/task_manager_msgs/srv/_stop_task_s.c
[3.101s] -- Up-to-date: /home/GTL/mgaddam/CS7630/ros2_ws/install/task_manager_msgs/local/lib/python3.10/dist-packages/task_manager_msgs/srv/_start_task_s.c
[3.102s] -- Up-to-date: /home/GTL/mgaddam/CS7630/ros2_ws/install/task_manager_msgs/local/lib/python3.10/dist-packages/task_manager_msgs/srv/_get_all_task_status_s.c
[3.102s] -- Up-to-date: /home/GTL/mgaddam/CS7630/ros2_ws/install/task_manager_msgs/local/lib/python3.10/dist-packages/task_manager_msgs/srv/_get_task_list.py
[3.103s] -- Up-to-date: /home/GTL/mgaddam/CS7630/ros2_ws/install/task_manager_msgs/local/lib/python3.10/dist-packages/task_manager_msgs/srv/__init__.py
[3.103s] -- Up-to-date: /home/GTL/mgaddam/CS7630/ros2_ws/install/task_manager_msgs/local/lib/python3.10/dist-packages/task_manager_msgs/srv/_get_all_task_status.py
[3.104s] -- Up-to-date: /home/GTL/mgaddam/CS7630/ros2_ws/install/task_manager_msgs/local/lib/python3.10/dist-packages/task_manager_msgs/srv/_stop_task.py
[3.104s] -- Up-to-date: /home/GTL/mgaddam/CS7630/ros2_ws/install/task_manager_msgs/local/lib/python3.10/dist-packages/task_manager_msgs/srv/_get_task_list_s.c
[3.104s] -- Up-to-date: /home/GTL/mgaddam/CS7630/ros2_ws/install/task_manager_msgs/local/lib/python3.10/dist-packages/task_manager_msgs/srv/_start_task.py
[3.105s] -- Up-to-date: /home/GTL/mgaddam/CS7630/ros2_ws/install/task_manager_msgs/local/lib/python3.10/dist-packages/task_manager_msgs/_task_manager_msgs_s.ep.rosidl_typesupport_fastrtps_c.c
[3.105s] -- Up-to-date: /home/GTL/mgaddam/CS7630/ros2_ws/install/task_manager_msgs/local/lib/python3.10/dist-packages/task_manager_msgs/task_manager_msgs_s__rosidl_typesupport_fastrtps_c.cpython-310-x86_64-linux-gnu.so
[3.106s] -- Up-to-date: /home/GTL/mgaddam/CS7630/ros2_ws/install/task_manager_msgs/local/lib/python3.10/dist-packages/task_manager_msgs/libtask_manager_msgs__rosidl_generator_py.so
[3.144s] Listing '/home/GTL/mgaddam/CS7630/ros2_ws/install/task_manager_msgs/local/lib/python3.10/dist-packages/task_manager_msgs'...
[3.145s] Listing '/home/GTL/mgaddam/CS7630/ros2_ws/install/task_manager_msgs/local/lib/python3.10/dist-packages/task_manager_msgs/msg'...
[3.145s] Listing '/home/GTL/mgaddam/CS7630/ros2_ws/install/task_manager_msgs/local/lib/python3.10/dist-packages/task_manager_msgs/srv'...
[3.150s] -- Up-to-date: /home/GTL/mgaddam/CS7630/ros2_ws/install/task_manager_msgs/local/lib/python3.10/dist-packages/task_manager_msgs/task_manager_msgs_s__rosidl_typesupport_fastrtps_c.cpython-310-x86_64-linux-gnu.so
[3.154s] -- Up-to-date: /home/GTL/mgaddam/CS7630/ros2_ws/install/task_manager_msgs/local/lib/python3.10/dist-packages/task_manager_msgs/task_manager_msgs_s__rosidl_typesupport_introspection_c.cpython-310-x86_64-linux-gnu.so
[3.158s] -- Up-to-date: /home/GTL/mgaddam/CS7630/ros2_ws/install/task_manager_msgs/local/lib/python3.10/dist-packages/task_manager_msgs/task_manager_msgs_s__rosidl_typesupport_c.cpython-310-x86_64-linux-gnu.so
[3.166s] -- Up-to-date: /home/GTL/mgaddam/CS7630/ros2_ws/install/task_manager_msgs/lib/libtask_manager_msgs__rosidl_generator_py.so
[3.166s] -- Up-to-date: /home/GTL/mgaddam/CS7630/ros2_ws/install/task_manager_msgs/share/task_manager_msgs/srv/GetAllTaskStatus.idl
[3.167s] -- Up-to-date: /home/GTL/mgaddam/CS7630/ros2_ws/install/task_manager_msgs/share/task_manager_msgs/srv/StartTask.idl
[3.168s] -- Up-to-date: /home/GTL/mgaddam/CS7630/ros2_ws/install/task_manager_msgs/share/task_manager_msgs/srv/StopTask.idl
[3.168s] -- Up-to-date: /home/GTL/mgaddam/CS7630/ros2_ws/install/task_manager_msgs/share/task_manager_msgs/srv/GetTaskList.idl
[3.169s] -- Up-to-date: /home/GTL/mgaddam/CS7630/ros2_ws/install/task_manager_msgs/share/task_manager_msgs/msg/TaskDescription.idl
[3.170s] -- Up-to-date: /home/GTL/mgaddam/CS7630/ros2_ws/install/task_manager_msgs/share/task_manager_msgs/msg/TaskParameter.idl
[3.170s] -- Up-to-date: /home/GTL/mgaddam/CS7630/ros2_ws/install/task_manager_msgs/share/task_manager_msgs/msg/TaskStatus.idl
[3.171s] -- Up-to-date: /home/GTL/mgaddam/CS7630/ros2_ws/install/task_manager_msgs/share/task_manager_msgs/msg/TaskConfig.idl
[3.172s] -- Up-to-date: /home/GTL/mgaddam/CS7630/ros2_ws/install/task_manager_msgs/share/task_manager_msgs/msg/SyncStatus.idl
[3.172s] -- Up-to-date: /home/GTL/mgaddam/CS7630/ros2_ws/install/task_manager_msgs/share/task_manager_msgs/msg/EncapsulatedMessage.idl
[3.173s] -- Up-to-date: /home/GTL/mgaddam/CS7630/ros2_ws/install/task_manager_msgs/share/task_manager_msgs/srv/GetAllTaskStatus.srv
[3.173s] -- Up-to-date: /home/GTL/mgaddam/CS7630/ros2_ws/install/task_manager_msgs/share/task_manager_msgs/srv/GetAllTaskStatus_Request.msg
[3.174s] -- Up-to-date: /home/GTL/mgaddam/CS7630/ros2_ws/install/task_manager_msgs/share/task_manager_msgs/srv/GetAllTaskStatus_Response.msg
[3.174s] -- Up-to-date: /home/GTL/mgaddam/CS7630/ros2_ws/install/task_manager_msgs/share/task_manager_msgs/srv/StartTask.srv
[3.175s] -- Up-to-date: /home/GTL/mgaddam/CS7630/ros2_ws/install/task_manager_msgs/share/task_manager_msgs/srv/StartTask_Request.msg
[3.175s] -- Up-to-date: /home/GTL/mgaddam/CS7630/ros2_ws/install/task_manager_msgs/share/task_manager_msgs/srv/StartTask_Response.msg
[3.176s] -- Up-to-date: /home/GTL/mgaddam/CS7630/ros2_ws/install/task_manager_msgs/share/task_manager_msgs/srv/StopTask.srv
[3.176s] -- Up-to-date: /home/GTL/mgaddam/CS7630/ros2_ws/install/task_manager_msgs/share/task_manager_msgs/srv/StopTask_Request.msg
[3.177s] -- Up-to-date: /home/GTL/mgaddam/CS7630/ros2_ws/install/task_manager_msgs/share/task_manager_msgs/srv/StopTask_Response.msg
[3.177s] -- Up-to-date: /home/GTL/mgaddam/CS7630/ros2_ws/install/task_manager_msgs/share/task_manager_msgs/srv/GetTaskList.srv
[3.178s] -- Up-to-date: /home/GTL/mgaddam/CS7630/ros2_ws/install/task_manager_msgs/share/task_manager_msgs/srv/GetTaskList_Request.msg
[3.178s] -- Up-to-date: /home/GTL/mgaddam/CS7630/ros2_ws/install/task_manager_msgs/share/task_manager_msgs/srv/GetTaskList_Response.msg
[3.179s] -- Up-to-date: /home/GTL/mgaddam/CS7630/ros2_ws/install/task_manager_msgs/share/task_manager_msgs/msg/TaskDescription.msg
[3.179s] -- Up-to-date: /home/GTL/mgaddam/CS7630/ros2_ws/install/task_manager_msgs/share/task_manager_msgs/msg/TaskParameter.msg
[3.180s] -- Up-to-date: /home/GTL/mgaddam/CS7630/ros2_ws/install/task_manager_msgs/share/task_manager_msgs/msg/TaskStatus.msg
[3.180s] -- Up-to-date: /home/GTL/mgaddam/CS7630/ros2_ws/install/task_manager_msgs/share/task_manager_msgs/msg/TaskConfig.msg
[3.181s] -- Up-to-date: /home/GTL/mgaddam/CS7630/ros2_ws/install/task_manager_msgs/share/task_manager_msgs/msg/SyncStatus.msg
[3.181s] -- Up-to-date: /home/GTL/mgaddam/CS7630/ros2_ws/install/task_manager_msgs/share/task_manager_msgs/msg/EncapsulatedMessage.msg
[3.184s] -- Up-to-date: /home/GTL/mgaddam/CS7630/ros2_ws/install/task_manager_msgs/lib/task_manager_msgs/task_manager_msgs_encapsulate
[3.186s] -- Up-to-date: /home/GTL/mgaddam/CS7630/ros2_ws/install/task_manager_msgs/share/ament_index/resource_index/package_run_dependencies/task_manager_msgs
[3.187s] -- Up-to-date: /home/GTL/mgaddam/CS7630/ros2_ws/install/task_manager_msgs/share/ament_index/resource_index/parent_prefix_path/task_manager_msgs
[3.188s] -- Up-to-date: /home/GTL/mgaddam/CS7630/ros2_ws/install/task_manager_msgs/share/task_manager_msgs/environment/ament_prefix_path.sh
[3.188s] -- Up-to-date: /home/GTL/mgaddam/CS7630/ros2_ws/install/task_manager_msgs/share/task_manager_msgs/environment/ament_prefix_path.dsv
[3.188s] -- Up-to-date: /home/GTL/mgaddam/CS7630/ros2_ws/install/task_manager_msgs/share/task_manager_msgs/environment/path.sh
[3.189s] -- Up-to-date: /home/GTL/mgaddam/CS7630/ros2_ws/install/task_manager_msgs/share/task_manager_msgs/environment/path.dsv
[3.189s] -- Up-to-date: /home/GTL/mgaddam/CS7630/ros2_ws/install/task_manager_msgs/share/task_manager_msgs/local_setup.bash
[3.190s] -- Up-to-date: /home/GTL/mgaddam/CS7630/ros2_ws/install/task_manager_msgs/share/task_manager_msgs/local_setup.sh
[3.190s] -- Up-to-date: /home/GTL/mgaddam/CS7630/ros2_ws/install/task_manager_msgs/share/task_manager_msgs/local_setup.zsh
[3.191s] -- Up-to-date: /home/GTL/mgaddam/CS7630/ros2_ws/install/task_manager_msgs/share/task_manager_msgs/local_setup.dsv
[3.192s] -- Installing: /home/GTL/mgaddam/CS7630/ros2_ws/install/task_manager_msgs/share/task_manager_msgs/package.dsv
[3.196s] -- Up-to-date: /home/GTL/mgaddam/CS7630/ros2_ws/install/task_manager_msgs/share/ament_index/resource_index/packages/task_manager_msgs
[3.198s] -- Up-to-date: /home/GTL/mgaddam/CS7630/ros2_ws/install/task_manager_msgs/share/task_manager_msgs/cmake/export_task_manager_msgs__rosidl_generator_cExport.cmake
[3.199s] -- Up-to-date: /home/GTL/mgaddam/CS7630/ros2_ws/install/task_manager_msgs/share/task_manager_msgs/cmake/export_task_manager_msgs__rosidl_generator_cExport-noconfig.cmake
[3.201s] -- Up-to-date: /home/GTL/mgaddam/CS7630/ros2_ws/install/task_manager_msgs/share/task_manager_msgs/cmake/export_task_manager_msgs__rosidl_typesupport_fastrtps_cExport.cmake
[3.201s] -- Up-to-date: /home/GTL/mgaddam/CS7630/ros2_ws/install/task_manager_msgs/share/task_manager_msgs/cmake/export_task_manager_msgs__rosidl_typesupport_fastrtps_cExport-noconfig.cmake
[3.203s] -- Up-to-date: /home/GTL/mgaddam/CS7630/ros2_ws/install/task_manager_msgs/share/task_manager_msgs/cmake/export_task_manager_msgs__rosidl_generator_cppExport.cmake
[3.204s] -- Up-to-date: /home/GTL/mgaddam/CS7630/ros2_ws/install/task_manager_msgs/share/task_manager_msgs/cmake/export_task_manager_msgs__rosidl_typesupport_fastrtps_cppExport.cmake
[3.205s] -- Up-to-date: /home/GTL/mgaddam/CS7630/ros2_ws/install/task_manager_msgs/share/task_manager_msgs/cmake/export_task_manager_msgs__rosidl_typesupport_fastrtps_cppExport-noconfig.cmake
[3.207s] -- Up-to-date: /home/GTL/mgaddam/CS7630/ros2_ws/install/task_manager_msgs/share/task_manager_msgs/cmake/task_manager_msgs__rosidl_typesupport_introspection_cExport.cmake
[3.207s] -- Up-to-date: /home/GTL/mgaddam/CS7630/ros2_ws/install/task_manager_msgs/share/task_manager_msgs/cmake/task_manager_msgs__rosidl_typesupport_introspection_cExport-noconfig.cmake
[3.209s] -- Up-to-date: /home/GTL/mgaddam/CS7630/ros2_ws/install/task_manager_msgs/share/task_manager_msgs/cmake/task_manager_msgs__rosidl_typesupport_cExport.cmake
[3.209s] -- Up-to-date: /home/GTL/mgaddam/CS7630/ros2_ws/install/task_manager_msgs/share/task_manager_msgs/cmake/task_manager_msgs__rosidl_typesupport_cExport-noconfig.cmake
[3.211s] -- Up-to-date: /home/GTL/mgaddam/CS7630/ros2_ws/install/task_manager_msgs/share/task_manager_msgs/cmake/task_manager_msgs__rosidl_typesupport_introspection_cppExport.cmake
[3.212s] -- Up-to-date: /home/GTL/mgaddam/CS7630/ros2_ws/install/task_manager_msgs/share/task_manager_msgs/cmake/task_manager_msgs__rosidl_typesupport_introspection_cppExport-noconfig.cmake
[3.213s] -- Up-to-date: /home/GTL/mgaddam/CS7630/ros2_ws/install/task_manager_msgs/share/task_manager_msgs/cmake/task_manager_msgs__rosidl_typesupport_cppExport.cmake
[3.214s] -- Up-to-date: /home/GTL/mgaddam/CS7630/ros2_ws/install/task_manager_msgs/share/task_manager_msgs/cmake/task_manager_msgs__rosidl_typesupport_cppExport-noconfig.cmake
[3.215s] -- Up-to-date: /home/GTL/mgaddam/CS7630/ros2_ws/install/task_manager_msgs/share/task_manager_msgs/cmake/export_task_manager_msgs__rosidl_generator_pyExport.cmake
[3.216s] -- Up-to-date: /home/GTL/mgaddam/CS7630/ros2_ws/install/task_manager_msgs/share/task_manager_msgs/cmake/export_task_manager_msgs__rosidl_generator_pyExport-noconfig.cmake
[3.216s] -- Up-to-date: /home/GTL/mgaddam/CS7630/ros2_ws/install/task_manager_msgs/share/task_manager_msgs/cmake/rosidl_cmake-extras.cmake
[3.217s] -- Up-to-date: /home/GTL/mgaddam/CS7630/ros2_ws/install/task_manager_msgs/share/task_manager_msgs/cmake/ament_cmake_export_dependencies-extras.cmake
[3.217s] -- Up-to-date: /home/GTL/mgaddam/CS7630/ros2_ws/install/task_manager_msgs/share/task_manager_msgs/cmake/ament_cmake_export_include_directories-extras.cmake
[3.218s] -- Up-to-date: /home/GTL/mgaddam/CS7630/ros2_ws/install/task_manager_msgs/share/task_manager_msgs/cmake/ament_cmake_export_libraries-extras.cmake
[3.218s] -- Up-to-date: /home/GTL/mgaddam/CS7630/ros2_ws/install/task_manager_msgs/share/task_manager_msgs/cmake/ament_cmake_export_targets-extras.cmake
[3.219s] -- Up-to-date: /home/GTL/mgaddam/CS7630/ros2_ws/install/task_manager_msgs/share/task_manager_msgs/cmake/rosidl_cmake_export_typesupport_targets-extras.cmake
[3.219s] -- Up-to-date: /home/GTL/mgaddam/CS7630/ros2_ws/install/task_manager_msgs/share/task_manager_msgs/cmake/rosidl_cmake_export_typesupport_libraries-extras.cmake
[3.220s] -- Up-to-date: /home/GTL/mgaddam/CS7630/ros2_ws/install/task_manager_msgs/share/task_manager_msgs/cmake/task_manager_msgsConfig.cmake
[3.220s] -- Up-to-date: /home/GTL/mgaddam/CS7630/ros2_ws/install/task_manager_msgs/share/task_manager_msgs/cmake/task_manager_msgsConfig-version.cmake
[3.221s] -- Up-to-date: /home/GTL/mgaddam/CS7630/ros2_ws/install/task_manager_msgs/share/task_manager_msgs/package.xml
[3.464s] Invoked command in '/home/GTL/mgaddam/CS7630/ros2_ws/build/task_manager_msgs' returned '0': CMAKE_PREFIX_PATH=${CMAKE_PREFIX_PATH}:/home/GTL/mgaddam/CS7630/ros2_ws/install/vrep_ros_teleop:/home/GTL/mgaddam/CS7630/ros2_ws/install/task_manager_client_py:/home/GTL/mgaddam/CS7630/ros2_ws/install/ar_slam_base:/home/GTL/mgaddam/CS7630/ros2_ws/install/ar_loc_base:/home/GTL/mgaddam/CS7630/ros2_ws/install/rover_driver_base:/home/GTL/mgaddam/CS7630/ros2_ws/install/keyboard_teleop:/home/GTL/mgaddam/CS7630/ros2_ws/install/face_detect_base:/home/GTL/mgaddam/CS7630/ros2_ws/install/button_server:/home/GTL/mgaddam/CS7630/ros2_ws/install/ar_mapping_base:/home/GTL/mgaddam/CS7630/ros2_ws/src/install/vrep_ros_teleop:/home/GTL/mgaddam/CS7630/ros2_ws/src/install/task_manager_client_py:/home/GTL/mgaddam/CS7630/ros2_ws/src/install/ar_slam_base:/home/GTL/mgaddam/CS7630/ros2_ws/src/install/ar_loc_base:/home/GTL/mgaddam/CS7630/ros2_ws/src/install/rover_driver_base:/home/GTL/mgaddam/CS7630/ros2_ws/src/install/keyboard_teleop:/home/GTL/mgaddam/CS7630/ros2_ws/src/install/face_detect_base:/home/GTL/mgaddam/CS7630/ros2_ws/src/install/button_server:/home/GTL/mgaddam/CS7630/ros2_ws/src/install/ar_mapping_base:/opt/ros/humble /usr/bin/cmake --install /home/GTL/mgaddam/CS7630/ros2_ws/build/task_manager_msgs
