[2.191s] Invoking command in '/home/GTL/mgaddam/CS7630/ros2_ws/src/ar_mapping_base': PYTHONPATH=/home/GTL/mgaddam/CS7630/ros2_ws/src/build/ar_mapping_base/prefix_override:/home/GTL/mgaddam/CS7630/ros2_ws/src/install/ar_mapping_base/lib/python3.10/site-packages:${PYTHONPATH} /usr/bin/python3 setup.py egg_info --egg-base ../build/ar_mapping_base build --build-base /home/GTL/mgaddam/CS7630/ros2_ws/src/build/ar_mapping_base/build install --record /home/GTL/mgaddam/CS7630/ros2_ws/src/build/ar_mapping_base/install.log --single-version-externally-managed
[2.355s] running egg_info
[2.356s] writing ../build/ar_mapping_base/ar_mapping_base.egg-info/PKG-INFO
[2.358s] writing dependency_links to ../build/ar_mapping_base/ar_mapping_base.egg-info/dependency_links.txt
[2.364s] writing entry points to ../build/ar_mapping_base/ar_mapping_base.egg-info/entry_points.txt
[2.365s] writing requirements to ../build/ar_mapping_base/ar_mapping_base.egg-info/requires.txt
[2.365s] writing top-level names to ../build/ar_mapping_base/ar_mapping_base.egg-info/top_level.txt
[2.369s] reading manifest file '../build/ar_mapping_base/ar_mapping_base.egg-info/SOURCES.txt'
[2.371s] writing manifest file '../build/ar_mapping_base/ar_mapping_base.egg-info/SOURCES.txt'
[2.372s] running build
[2.372s] running build_py
[2.374s] running install
[2.374s] /usr/lib/python3/dist-packages/setuptools/command/install.py:34: SetuptoolsDeprecationWarning: setup.py install is deprecated. Use build and pip and other standards-based tools.
[2.375s]   warnings.warn(
[2.375s] running install_lib
[2.378s] running install_data
[2.380s] running install_egg_info
[2.382s] removing '/home/GTL/mgaddam/CS7630/ros2_ws/src/install/ar_mapping_base/lib/python3.10/site-packages/ar_mapping_base-0.0.0-py3.10.egg-info' (and everything under it)
[2.385s] Copying ../build/ar_mapping_base/ar_mapping_base.egg-info to /home/GTL/mgaddam/CS7630/ros2_ws/src/install/ar_mapping_base/lib/python3.10/site-packages/ar_mapping_base-0.0.0-py3.10.egg-info
[2.415s] running install_scripts
[2.429s] Installing ar_mapping_node script to /home/GTL/mgaddam/CS7630/ros2_ws/src/install/ar_mapping_base/lib/ar_mapping_base
[2.430s] writing list of installed files to '/home/GTL/mgaddam/CS7630/ros2_ws/src/build/ar_mapping_base/install.log'
[2.710s] Invoked command in '/home/GTL/mgaddam/CS7630/ros2_ws/src/ar_mapping_base' returned '0': PYTHONPATH=/home/GTL/mgaddam/CS7630/ros2_ws/src/build/ar_mapping_base/prefix_override:/home/GTL/mgaddam/CS7630/ros2_ws/src/install/ar_mapping_base/lib/python3.10/site-packages:${PYTHONPATH} /usr/bin/python3 setup.py egg_info --egg-base ../build/ar_mapping_base build --build-base /home/GTL/mgaddam/CS7630/ros2_ws/src/build/ar_mapping_base/build install --record /home/GTL/mgaddam/CS7630/ros2_ws/src/build/ar_mapping_base/install.log --single-version-externally-managed
