[  0%] Built target task_manager_msgs__cpp
[ 13%] Built target task_manager_msgs__rosidl_generator_c
[ 36%] Built target task_manager_msgs__rosidl_typesupport_cpp
[ 47%] Built target task_manager_msgs__rosidl_typesupport_introspection_cpp
[ 49%] Built target task_manager_msgs__rosidl_typesupport_fastrtps_cpp
[ 80%] Built target task_manager_msgs__rosidl_typesupport_c
[ 81%] Built target task_manager_msgs__rosidl_typesupport_introspection_c
[ 82%] Built target task_manager_msgs__rosidl_typesupport_fastrtps_c
[ 82%] Built target task_manager_msgs
[ 82%] Built target ament_cmake_python_copy_task_manager_msgs
[ 83%] Built target task_manager_msgs__py
[ 85%] Built target task_manager_msgs_encapsulate
[ 95%] Built target task_manager_msgs__rosidl_generator_py
[ 99%] Built target task_manager_msgs__rosidl_typesupport_fastrtps_c__pyext
[100%] Built target task_manager_msgs__rosidl_typesupport_introspection_c__pyext
[100%] Built target task_manager_msgs__rosidl_typesupport_c__pyext
running egg_info
writing task_manager_msgs.egg-info/PKG-INFO
writing dependency_links to task_manager_msgs.egg-info/dependency_links.txt
writing top-level names to task_manager_msgs.egg-info/top_level.txt
reading manifest file 'task_manager_msgs.egg-info/SOURCES.txt'
writing manifest file 'task_manager_msgs.egg-info/SOURCES.txt'
[100%] Built target ament_cmake_python_build_task_manager_msgs_egg
-- Install configuration: ""
-- Up-to-date: /home/GTL/mgaddam/CS7630/ros2_ws/install/task_manager_msgs/share/ament_index/resource_index/rosidl_interfaces/task_manager_msgs
-- Up-to-date: /home/GTL/mgaddam/CS7630/ros2_ws/install/task_manager_msgs/include/task_manager_msgs/task_manager_msgs
-- Up-to-date: /home/GTL/mgaddam/CS7630/ros2_ws/install/task_manager_msgs/include/task_manager_msgs/task_manager_msgs/msg
-- Up-to-date: /home/GTL/mgaddam/CS7630/ros2_ws/install/task_manager_msgs/include/task_manager_msgs/task_manager_msgs/msg/task_status.h
-- Up-to-date: /home/GTL/mgaddam/CS7630/ros2_ws/install/task_manager_msgs/include/task_manager_msgs/task_manager_msgs/msg/sync_status.h
-- Up-to-date: /home/GTL/mgaddam/CS7630/ros2_ws/install/task_manager_msgs/include/task_manager_msgs/task_manager_msgs/msg/detail
-- Up-to-date: /home/GTL/mgaddam/CS7630/ros2_ws/install/task_manager_msgs/include/task_manager_msgs/task_manager_msgs/msg/detail/task_parameter__functions.c
-- Up-to-date: /home/GTL/mgaddam/CS7630/ros2_ws/install/task_manager_msgs/include/task_manager_msgs/task_manager_msgs/msg/detail/task_description__struct.h
-- Up-to-date: /home/GTL/mgaddam/CS7630/ros2_ws/install/task_manager_msgs/include/task_manager_msgs/task_manager_msgs/msg/detail/task_description__type_support.h
-- Up-to-date: /home/GTL/mgaddam/CS7630/ros2_ws/install/task_manager_msgs/include/task_manager_msgs/task_manager_msgs/msg/detail/task_parameter__functions.h
-- Up-to-date: /home/GTL/mgaddam/CS7630/ros2_ws/install/task_manager_msgs/include/task_manager_msgs/task_manager_msgs/msg/detail/task_parameter__type_support.h
-- Up-to-date: /home/GTL/mgaddam/CS7630/ros2_ws/install/task_manager_msgs/include/task_manager_msgs/task_manager_msgs/msg/detail/sync_status__type_support.h
-- Up-to-date: /home/GTL/mgaddam/CS7630/ros2_ws/install/task_manager_msgs/include/task_manager_msgs/task_manager_msgs/msg/detail/task_config__struct.h
-- Up-to-date: /home/GTL/mgaddam/CS7630/ros2_ws/install/task_manager_msgs/include/task_manager_msgs/task_manager_msgs/msg/detail/encapsulated_message__functions.c
-- Up-to-date: /home/GTL/mgaddam/CS7630/ros2_ws/install/task_manager_msgs/include/task_manager_msgs/task_manager_msgs/msg/detail/task_description__functions.c
-- Up-to-date: /home/GTL/mgaddam/CS7630/ros2_ws/install/task_manager_msgs/include/task_manager_msgs/task_manager_msgs/msg/detail/task_config__type_support.h
-- Up-to-date: /home/GTL/mgaddam/CS7630/ros2_ws/install/task_manager_msgs/include/task_manager_msgs/task_manager_msgs/msg/detail/task_status__functions.c
-- Up-to-date: /home/GTL/mgaddam/CS7630/ros2_ws/install/task_manager_msgs/include/task_manager_msgs/task_manager_msgs/msg/detail/encapsulated_message__functions.h
-- Up-to-date: /home/GTL/mgaddam/CS7630/ros2_ws/install/task_manager_msgs/include/task_manager_msgs/task_manager_msgs/msg/detail/task_status__struct.h
-- Up-to-date: /home/GTL/mgaddam/CS7630/ros2_ws/install/task_manager_msgs/include/task_manager_msgs/task_manager_msgs/msg/detail/task_config__functions.h
-- Up-to-date: /home/GTL/mgaddam/CS7630/ros2_ws/install/task_manager_msgs/include/task_manager_msgs/task_manager_msgs/msg/detail/encapsulated_message__type_support.h
-- Up-to-date: /home/GTL/mgaddam/CS7630/ros2_ws/install/task_manager_msgs/include/task_manager_msgs/task_manager_msgs/msg/detail/sync_status__struct.h
-- Up-to-date: /home/GTL/mgaddam/CS7630/ros2_ws/install/task_manager_msgs/include/task_manager_msgs/task_manager_msgs/msg/detail/task_parameter__struct.h
-- Up-to-date: /home/GTL/mgaddam/CS7630/ros2_ws/install/task_manager_msgs/include/task_manager_msgs/task_manager_msgs/msg/detail/task_config__functions.c
-- Up-to-date: /home/GTL/mgaddam/CS7630/ros2_ws/install/task_manager_msgs/include/task_manager_msgs/task_manager_msgs/msg/detail/sync_status__functions.c
-- Up-to-date: /home/GTL/mgaddam/CS7630/ros2_ws/install/task_manager_msgs/include/task_manager_msgs/task_manager_msgs/msg/detail/task_status__type_support.h
-- Up-to-date: /home/GTL/mgaddam/CS7630/ros2_ws/install/task_manager_msgs/include/task_manager_msgs/task_manager_msgs/msg/detail/task_description__functions.h
-- Up-to-date: /home/GTL/mgaddam/CS7630/ros2_ws/install/task_manager_msgs/include/task_manager_msgs/task_manager_msgs/msg/detail/sync_status__functions.h
-- Up-to-date: /home/GTL/mgaddam/CS7630/ros2_ws/install/task_manager_msgs/include/task_manager_msgs/task_manager_msgs/msg/detail/encapsulated_message__struct.h
-- Up-to-date: /home/GTL/mgaddam/CS7630/ros2_ws/install/task_manager_msgs/include/task_manager_msgs/task_manager_msgs/msg/detail/task_status__functions.h
-- Up-to-date: /home/GTL/mgaddam/CS7630/ros2_ws/install/task_manager_msgs/include/task_manager_msgs/task_manager_msgs/msg/rosidl_generator_c__visibility_control.h
-- Up-to-date: /home/GTL/mgaddam/CS7630/ros2_ws/install/task_manager_msgs/include/task_manager_msgs/task_manager_msgs/msg/encapsulated_message.h
-- Up-to-date: /home/GTL/mgaddam/CS7630/ros2_ws/install/task_manager_msgs/include/task_manager_msgs/task_manager_msgs/msg/task_parameter.h
-- Up-to-date: /home/GTL/mgaddam/CS7630/ros2_ws/install/task_manager_msgs/include/task_manager_msgs/task_manager_msgs/msg/task_description.h
-- Up-to-date: /home/GTL/mgaddam/CS7630/ros2_ws/install/task_manager_msgs/include/task_manager_msgs/task_manager_msgs/msg/task_config.h
-- Up-to-date: /home/GTL/mgaddam/CS7630/ros2_ws/install/task_manager_msgs/include/task_manager_msgs/task_manager_msgs/srv
-- Up-to-date: /home/GTL/mgaddam/CS7630/ros2_ws/install/task_manager_msgs/include/task_manager_msgs/task_manager_msgs/srv/stop_task.h
-- Up-to-date: /home/GTL/mgaddam/CS7630/ros2_ws/install/task_manager_msgs/include/task_manager_msgs/task_manager_msgs/srv/detail
-- Up-to-date: /home/GTL/mgaddam/CS7630/ros2_ws/install/task_manager_msgs/include/task_manager_msgs/task_manager_msgs/srv/detail/stop_task__functions.c
-- Up-to-date: /home/GTL/mgaddam/CS7630/ros2_ws/install/task_manager_msgs/include/task_manager_msgs/task_manager_msgs/srv/detail/get_task_list__struct.h
-- Up-to-date: /home/GTL/mgaddam/CS7630/ros2_ws/install/task_manager_msgs/include/task_manager_msgs/task_manager_msgs/srv/detail/get_all_task_status__functions.h
-- Up-to-date: /home/GTL/mgaddam/CS7630/ros2_ws/install/task_manager_msgs/include/task_manager_msgs/task_manager_msgs/srv/detail/stop_task__struct.h
-- Up-to-date: /home/GTL/mgaddam/CS7630/ros2_ws/install/task_manager_msgs/include/task_manager_msgs/task_manager_msgs/srv/detail/start_task__functions.c
-- Up-to-date: /home/GTL/mgaddam/CS7630/ros2_ws/install/task_manager_msgs/include/task_manager_msgs/task_manager_msgs/srv/detail/get_all_task_status__type_support.h
-- Up-to-date: /home/GTL/mgaddam/CS7630/ros2_ws/install/task_manager_msgs/include/task_manager_msgs/task_manager_msgs/srv/detail/get_all_task_status__functions.c
-- Up-to-date: /home/GTL/mgaddam/CS7630/ros2_ws/install/task_manager_msgs/include/task_manager_msgs/task_manager_msgs/srv/detail/get_task_list__functions.c
-- Up-to-date: /home/GTL/mgaddam/CS7630/ros2_ws/install/task_manager_msgs/include/task_manager_msgs/task_manager_msgs/srv/detail/get_task_list__functions.h
-- Up-to-date: /home/GTL/mgaddam/CS7630/ros2_ws/install/task_manager_msgs/include/task_manager_msgs/task_manager_msgs/srv/detail/start_task__struct.h
-- Up-to-date: /home/GTL/mgaddam/CS7630/ros2_ws/install/task_manager_msgs/include/task_manager_msgs/task_manager_msgs/srv/detail/stop_task__functions.h
-- Up-to-date: /home/GTL/mgaddam/CS7630/ros2_ws/install/task_manager_msgs/include/task_manager_msgs/task_manager_msgs/srv/detail/get_task_list__type_support.h
-- Up-to-date: /home/GTL/mgaddam/CS7630/ros2_ws/install/task_manager_msgs/include/task_manager_msgs/task_manager_msgs/srv/detail/get_all_task_status__struct.h
-- Up-to-date: /home/GTL/mgaddam/CS7630/ros2_ws/install/task_manager_msgs/include/task_manager_msgs/task_manager_msgs/srv/detail/stop_task__type_support.h
-- Up-to-date: /home/GTL/mgaddam/CS7630/ros2_ws/install/task_manager_msgs/include/task_manager_msgs/task_manager_msgs/srv/detail/start_task__type_support.h
-- Up-to-date: /home/GTL/mgaddam/CS7630/ros2_ws/install/task_manager_msgs/include/task_manager_msgs/task_manager_msgs/srv/detail/start_task__functions.h
-- Up-to-date: /home/GTL/mgaddam/CS7630/ros2_ws/install/task_manager_msgs/include/task_manager_msgs/task_manager_msgs/srv/get_task_list.h
-- Up-to-date: /home/GTL/mgaddam/CS7630/ros2_ws/install/task_manager_msgs/include/task_manager_msgs/task_manager_msgs/srv/start_task.h
-- Up-to-date: /home/GTL/mgaddam/CS7630/ros2_ws/install/task_manager_msgs/include/task_manager_msgs/task_manager_msgs/srv/get_all_task_status.h
-- Up-to-date: /home/GTL/mgaddam/CS7630/ros2_ws/install/task_manager_msgs/share/task_manager_msgs/environment/library_path.sh
-- Up-to-date: /home/GTL/mgaddam/CS7630/ros2_ws/install/task_manager_msgs/share/task_manager_msgs/environment/library_path.dsv
-- Up-to-date: /home/GTL/mgaddam/CS7630/ros2_ws/install/task_manager_msgs/lib/libtask_manager_msgs__rosidl_generator_c.so
-- Up-to-date: /home/GTL/mgaddam/CS7630/ros2_ws/install/task_manager_msgs/include/task_manager_msgs/task_manager_msgs
-- Up-to-date: /home/GTL/mgaddam/CS7630/ros2_ws/install/task_manager_msgs/include/task_manager_msgs/task_manager_msgs/msg
-- Up-to-date: /home/GTL/mgaddam/CS7630/ros2_ws/install/task_manager_msgs/include/task_manager_msgs/task_manager_msgs/msg/detail
-- Up-to-date: /home/GTL/mgaddam/CS7630/ros2_ws/install/task_manager_msgs/include/task_manager_msgs/task_manager_msgs/msg/detail/task_config__rosidl_typesupport_fastrtps_c.h
-- Up-to-date: /home/GTL/mgaddam/CS7630/ros2_ws/install/task_manager_msgs/include/task_manager_msgs/task_manager_msgs/msg/detail/sync_status__rosidl_typesupport_fastrtps_c.h
-- Up-to-date: /home/GTL/mgaddam/CS7630/ros2_ws/install/task_manager_msgs/include/task_manager_msgs/task_manager_msgs/msg/detail/task_description__rosidl_typesupport_fastrtps_c.h
-- Up-to-date: /home/GTL/mgaddam/CS7630/ros2_ws/install/task_manager_msgs/include/task_manager_msgs/task_manager_msgs/msg/detail/task_status__rosidl_typesupport_fastrtps_c.h
-- Up-to-date: /home/GTL/mgaddam/CS7630/ros2_ws/install/task_manager_msgs/include/task_manager_msgs/task_manager_msgs/msg/detail/encapsulated_message__rosidl_typesupport_fastrtps_c.h
-- Up-to-date: /home/GTL/mgaddam/CS7630/ros2_ws/install/task_manager_msgs/include/task_manager_msgs/task_manager_msgs/msg/detail/task_parameter__rosidl_typesupport_fastrtps_c.h
-- Up-to-date: /home/GTL/mgaddam/CS7630/ros2_ws/install/task_manager_msgs/include/task_manager_msgs/task_manager_msgs/msg/rosidl_typesupport_fastrtps_c__visibility_control.h
-- Up-to-date: /home/GTL/mgaddam/CS7630/ros2_ws/install/task_manager_msgs/include/task_manager_msgs/task_manager_msgs/srv
-- Up-to-date: /home/GTL/mgaddam/CS7630/ros2_ws/install/task_manager_msgs/include/task_manager_msgs/task_manager_msgs/srv/detail
-- Up-to-date: /home/GTL/mgaddam/CS7630/ros2_ws/install/task_manager_msgs/include/task_manager_msgs/task_manager_msgs/srv/detail/get_all_task_status__rosidl_typesupport_fastrtps_c.h
-- Up-to-date: /home/GTL/mgaddam/CS7630/ros2_ws/install/task_manager_msgs/include/task_manager_msgs/task_manager_msgs/srv/detail/start_task__rosidl_typesupport_fastrtps_c.h
-- Up-to-date: /home/GTL/mgaddam/CS7630/ros2_ws/install/task_manager_msgs/include/task_manager_msgs/task_manager_msgs/srv/detail/get_task_list__rosidl_typesupport_fastrtps_c.h
-- Up-to-date: /home/GTL/mgaddam/CS7630/ros2_ws/install/task_manager_msgs/include/task_manager_msgs/task_manager_msgs/srv/detail/stop_task__rosidl_typesupport_fastrtps_c.h
-- Up-to-date: /home/GTL/mgaddam/CS7630/ros2_ws/install/task_manager_msgs/lib/libtask_manager_msgs__rosidl_typesupport_fastrtps_c.so
-- Up-to-date: /home/GTL/mgaddam/CS7630/ros2_ws/install/task_manager_msgs/include/task_manager_msgs/task_manager_msgs
-- Up-to-date: /home/GTL/mgaddam/CS7630/ros2_ws/install/task_manager_msgs/include/task_manager_msgs/task_manager_msgs/msg
-- Up-to-date: /home/GTL/mgaddam/CS7630/ros2_ws/install/task_manager_msgs/include/task_manager_msgs/task_manager_msgs/msg/sync_status.hpp
-- Up-to-date: /home/GTL/mgaddam/CS7630/ros2_ws/install/task_manager_msgs/include/task_manager_msgs/task_manager_msgs/msg/encapsulated_message.hpp
-- Up-to-date: /home/GTL/mgaddam/CS7630/ros2_ws/install/task_manager_msgs/include/task_manager_msgs/task_manager_msgs/msg/detail
-- Up-to-date: /home/GTL/mgaddam/CS7630/ros2_ws/install/task_manager_msgs/include/task_manager_msgs/task_manager_msgs/msg/detail/encapsulated_message__struct.hpp
-- Up-to-date: /home/GTL/mgaddam/CS7630/ros2_ws/install/task_manager_msgs/include/task_manager_msgs/task_manager_msgs/msg/detail/task_config__traits.hpp
-- Up-to-date: /home/GTL/mgaddam/CS7630/ros2_ws/install/task_manager_msgs/include/task_manager_msgs/task_manager_msgs/msg/detail/sync_status__builder.hpp
-- Up-to-date: /home/GTL/mgaddam/CS7630/ros2_ws/install/task_manager_msgs/include/task_manager_msgs/task_manager_msgs/msg/detail/sync_status__traits.hpp
-- Up-to-date: /home/GTL/mgaddam/CS7630/ros2_ws/install/task_manager_msgs/include/task_manager_msgs/task_manager_msgs/msg/detail/task_config__builder.hpp
-- Up-to-date: /home/GTL/mgaddam/CS7630/ros2_ws/install/task_manager_msgs/include/task_manager_msgs/task_manager_msgs/msg/detail/task_status__builder.hpp
-- Up-to-date: /home/GTL/mgaddam/CS7630/ros2_ws/install/task_manager_msgs/include/task_manager_msgs/task_manager_msgs/msg/detail/task_description__struct.hpp
-- Up-to-date: /home/GTL/mgaddam/CS7630/ros2_ws/install/task_manager_msgs/include/task_manager_msgs/task_manager_msgs/msg/detail/encapsulated_message__traits.hpp
-- Up-to-date: /home/GTL/mgaddam/CS7630/ros2_ws/install/task_manager_msgs/include/task_manager_msgs/task_manager_msgs/msg/detail/encapsulated_message__builder.hpp
-- Up-to-date: /home/GTL/mgaddam/CS7630/ros2_ws/install/task_manager_msgs/include/task_manager_msgs/task_manager_msgs/msg/detail/task_config__struct.hpp
-- Up-to-date: /home/GTL/mgaddam/CS7630/ros2_ws/install/task_manager_msgs/include/task_manager_msgs/task_manager_msgs/msg/detail/sync_status__struct.hpp
-- Up-to-date: /home/GTL/mgaddam/CS7630/ros2_ws/install/task_manager_msgs/include/task_manager_msgs/task_manager_msgs/msg/detail/task_status__struct.hpp
-- Up-to-date: /home/GTL/mgaddam/CS7630/ros2_ws/install/task_manager_msgs/include/task_manager_msgs/task_manager_msgs/msg/detail/task_status__traits.hpp
-- Up-to-date: /home/GTL/mgaddam/CS7630/ros2_ws/install/task_manager_msgs/include/task_manager_msgs/task_manager_msgs/msg/detail/task_description__traits.hpp
-- Up-to-date: /home/GTL/mgaddam/CS7630/ros2_ws/install/task_manager_msgs/include/task_manager_msgs/task_manager_msgs/msg/detail/task_description__builder.hpp
-- Up-to-date: /home/GTL/mgaddam/CS7630/ros2_ws/install/task_manager_msgs/include/task_manager_msgs/task_manager_msgs/msg/detail/task_parameter__traits.hpp
-- Up-to-date: /home/GTL/mgaddam/CS7630/ros2_ws/install/task_manager_msgs/include/task_manager_msgs/task_manager_msgs/msg/detail/task_parameter__builder.hpp
-- Up-to-date: /home/GTL/mgaddam/CS7630/ros2_ws/install/task_manager_msgs/include/task_manager_msgs/task_manager_msgs/msg/detail/task_parameter__struct.hpp
-- Up-to-date: /home/GTL/mgaddam/CS7630/ros2_ws/install/task_manager_msgs/include/task_manager_msgs/task_manager_msgs/msg/task_config.hpp
-- Up-to-date: /home/GTL/mgaddam/CS7630/ros2_ws/install/task_manager_msgs/include/task_manager_msgs/task_manager_msgs/msg/task_parameter.hpp
-- Up-to-date: /home/GTL/mgaddam/CS7630/ros2_ws/install/task_manager_msgs/include/task_manager_msgs/task_manager_msgs/msg/task_status.hpp
-- Up-to-date: /home/GTL/mgaddam/CS7630/ros2_ws/install/task_manager_msgs/include/task_manager_msgs/task_manager_msgs/msg/task_description.hpp
-- Up-to-date: /home/GTL/mgaddam/CS7630/ros2_ws/install/task_manager_msgs/include/task_manager_msgs/task_manager_msgs/srv
-- Up-to-date: /home/GTL/mgaddam/CS7630/ros2_ws/install/task_manager_msgs/include/task_manager_msgs/task_manager_msgs/srv/get_task_list.hpp
-- Up-to-date: /home/GTL/mgaddam/CS7630/ros2_ws/install/task_manager_msgs/include/task_manager_msgs/task_manager_msgs/srv/stop_task.hpp
-- Up-to-date: /home/GTL/mgaddam/CS7630/ros2_ws/install/task_manager_msgs/include/task_manager_msgs/task_manager_msgs/srv/detail
-- Up-to-date: /home/GTL/mgaddam/CS7630/ros2_ws/install/task_manager_msgs/include/task_manager_msgs/task_manager_msgs/srv/detail/stop_task__traits.hpp
-- Up-to-date: /home/GTL/mgaddam/CS7630/ros2_ws/install/task_manager_msgs/include/task_manager_msgs/task_manager_msgs/srv/detail/get_all_task_status__struct.hpp
-- Up-to-date: /home/GTL/mgaddam/CS7630/ros2_ws/install/task_manager_msgs/include/task_manager_msgs/task_manager_msgs/srv/detail/start_task__builder.hpp
-- Up-to-date: /home/GTL/mgaddam/CS7630/ros2_ws/install/task_manager_msgs/include/task_manager_msgs/task_manager_msgs/srv/detail/get_task_list__struct.hpp
-- Up-to-date: /home/GTL/mgaddam/CS7630/ros2_ws/install/task_manager_msgs/include/task_manager_msgs/task_manager_msgs/srv/detail/get_all_task_status__builder.hpp
-- Up-to-date: /home/GTL/mgaddam/CS7630/ros2_ws/install/task_manager_msgs/include/task_manager_msgs/task_manager_msgs/srv/detail/stop_task__struct.hpp
-- Up-to-date: /home/GTL/mgaddam/CS7630/ros2_ws/install/task_manager_msgs/include/task_manager_msgs/task_manager_msgs/srv/detail/start_task__traits.hpp
-- Up-to-date: /home/GTL/mgaddam/CS7630/ros2_ws/install/task_manager_msgs/include/task_manager_msgs/task_manager_msgs/srv/detail/stop_task__builder.hpp
-- Up-to-date: /home/GTL/mgaddam/CS7630/ros2_ws/install/task_manager_msgs/include/task_manager_msgs/task_manager_msgs/srv/detail/start_task__struct.hpp
-- Up-to-date: /home/GTL/mgaddam/CS7630/ros2_ws/install/task_manager_msgs/include/task_manager_msgs/task_manager_msgs/srv/detail/get_task_list__traits.hpp
-- Up-to-date: /home/GTL/mgaddam/CS7630/ros2_ws/install/task_manager_msgs/include/task_manager_msgs/task_manager_msgs/srv/detail/get_all_task_status__traits.hpp
-- Up-to-date: /home/GTL/mgaddam/CS7630/ros2_ws/install/task_manager_msgs/include/task_manager_msgs/task_manager_msgs/srv/detail/get_task_list__builder.hpp
-- Up-to-date: /home/GTL/mgaddam/CS7630/ros2_ws/install/task_manager_msgs/include/task_manager_msgs/task_manager_msgs/srv/start_task.hpp
-- Up-to-date: /home/GTL/mgaddam/CS7630/ros2_ws/install/task_manager_msgs/include/task_manager_msgs/task_manager_msgs/srv/get_all_task_status.hpp
-- Up-to-date: /home/GTL/mgaddam/CS7630/ros2_ws/install/task_manager_msgs/include/task_manager_msgs/task_manager_msgs
-- Up-to-date: /home/GTL/mgaddam/CS7630/ros2_ws/install/task_manager_msgs/include/task_manager_msgs/task_manager_msgs/msg
-- Up-to-date: /home/GTL/mgaddam/CS7630/ros2_ws/install/task_manager_msgs/include/task_manager_msgs/task_manager_msgs/msg/detail
-- Up-to-date: /home/GTL/mgaddam/CS7630/ros2_ws/install/task_manager_msgs/include/task_manager_msgs/task_manager_msgs/msg/detail/task_config__rosidl_typesupport_fastrtps_cpp.hpp
-- Up-to-date: /home/GTL/mgaddam/CS7630/ros2_ws/install/task_manager_msgs/include/task_manager_msgs/task_manager_msgs/msg/detail/dds_fastrtps
-- Up-to-date: /home/GTL/mgaddam/CS7630/ros2_ws/install/task_manager_msgs/include/task_manager_msgs/task_manager_msgs/msg/detail/encapsulated_message__rosidl_typesupport_fastrtps_cpp.hpp
-- Up-to-date: /home/GTL/mgaddam/CS7630/ros2_ws/install/task_manager_msgs/include/task_manager_msgs/task_manager_msgs/msg/detail/task_description__rosidl_typesupport_fastrtps_cpp.hpp
-- Up-to-date: /home/GTL/mgaddam/CS7630/ros2_ws/install/task_manager_msgs/include/task_manager_msgs/task_manager_msgs/msg/detail/task_status__rosidl_typesupport_fastrtps_cpp.hpp
-- Up-to-date: /home/GTL/mgaddam/CS7630/ros2_ws/install/task_manager_msgs/include/task_manager_msgs/task_manager_msgs/msg/detail/sync_status__rosidl_typesupport_fastrtps_cpp.hpp
-- Up-to-date: /home/GTL/mgaddam/CS7630/ros2_ws/install/task_manager_msgs/include/task_manager_msgs/task_manager_msgs/msg/detail/task_parameter__rosidl_typesupport_fastrtps_cpp.hpp
-- Up-to-date: /home/GTL/mgaddam/CS7630/ros2_ws/install/task_manager_msgs/include/task_manager_msgs/task_manager_msgs/msg/rosidl_typesupport_fastrtps_cpp__visibility_control.h
-- Up-to-date: /home/GTL/mgaddam/CS7630/ros2_ws/install/task_manager_msgs/include/task_manager_msgs/task_manager_msgs/srv
-- Up-to-date: /home/GTL/mgaddam/CS7630/ros2_ws/install/task_manager_msgs/include/task_manager_msgs/task_manager_msgs/srv/detail
-- Up-to-date: /home/GTL/mgaddam/CS7630/ros2_ws/install/task_manager_msgs/include/task_manager_msgs/task_manager_msgs/srv/detail/get_task_list__rosidl_typesupport_fastrtps_cpp.hpp
-- Up-to-date: /home/GTL/mgaddam/CS7630/ros2_ws/install/task_manager_msgs/include/task_manager_msgs/task_manager_msgs/srv/detail/start_task__rosidl_typesupport_fastrtps_cpp.hpp
-- Up-to-date: /home/GTL/mgaddam/CS7630/ros2_ws/install/task_manager_msgs/include/task_manager_msgs/task_manager_msgs/srv/detail/get_all_task_status__rosidl_typesupport_fastrtps_cpp.hpp
-- Up-to-date: /home/GTL/mgaddam/CS7630/ros2_ws/install/task_manager_msgs/include/task_manager_msgs/task_manager_msgs/srv/detail/dds_fastrtps
-- Up-to-date: /home/GTL/mgaddam/CS7630/ros2_ws/install/task_manager_msgs/include/task_manager_msgs/task_manager_msgs/srv/detail/stop_task__rosidl_typesupport_fastrtps_cpp.hpp
-- Up-to-date: /home/GTL/mgaddam/CS7630/ros2_ws/install/task_manager_msgs/lib/libtask_manager_msgs__rosidl_typesupport_fastrtps_cpp.so
-- Up-to-date: /home/GTL/mgaddam/CS7630/ros2_ws/install/task_manager_msgs/include/task_manager_msgs/task_manager_msgs
-- Up-to-date: /home/GTL/mgaddam/CS7630/ros2_ws/install/task_manager_msgs/include/task_manager_msgs/task_manager_msgs/msg
-- Up-to-date: /home/GTL/mgaddam/CS7630/ros2_ws/install/task_manager_msgs/include/task_manager_msgs/task_manager_msgs/msg/detail
-- Up-to-date: /home/GTL/mgaddam/CS7630/ros2_ws/install/task_manager_msgs/include/task_manager_msgs/task_manager_msgs/msg/detail/task_parameter__type_support.c
-- Up-to-date: /home/GTL/mgaddam/CS7630/ros2_ws/install/task_manager_msgs/include/task_manager_msgs/task_manager_msgs/msg/detail/task_parameter__rosidl_typesupport_introspection_c.h
-- Up-to-date: /home/GTL/mgaddam/CS7630/ros2_ws/install/task_manager_msgs/include/task_manager_msgs/task_manager_msgs/msg/detail/encapsulated_message__rosidl_typesupport_introspection_c.h
-- Up-to-date: /home/GTL/mgaddam/CS7630/ros2_ws/install/task_manager_msgs/include/task_manager_msgs/task_manager_msgs/msg/detail/sync_status__type_support.c
-- Up-to-date: /home/GTL/mgaddam/CS7630/ros2_ws/install/task_manager_msgs/include/task_manager_msgs/task_manager_msgs/msg/detail/task_description__type_support.c
-- Up-to-date: /home/GTL/mgaddam/CS7630/ros2_ws/install/task_manager_msgs/include/task_manager_msgs/task_manager_msgs/msg/detail/sync_status__rosidl_typesupport_introspection_c.h
-- Up-to-date: /home/GTL/mgaddam/CS7630/ros2_ws/install/task_manager_msgs/include/task_manager_msgs/task_manager_msgs/msg/detail/task_config__type_support.c
-- Up-to-date: /home/GTL/mgaddam/CS7630/ros2_ws/install/task_manager_msgs/include/task_manager_msgs/task_manager_msgs/msg/detail/task_description__rosidl_typesupport_introspection_c.h
-- Up-to-date: /home/GTL/mgaddam/CS7630/ros2_ws/install/task_manager_msgs/include/task_manager_msgs/task_manager_msgs/msg/detail/task_status__rosidl_typesupport_introspection_c.h
-- Up-to-date: /home/GTL/mgaddam/CS7630/ros2_ws/install/task_manager_msgs/include/task_manager_msgs/task_manager_msgs/msg/detail/task_config__rosidl_typesupport_introspection_c.h
-- Up-to-date: /home/GTL/mgaddam/CS7630/ros2_ws/install/task_manager_msgs/include/task_manager_msgs/task_manager_msgs/msg/detail/task_status__type_support.c
-- Up-to-date: /home/GTL/mgaddam/CS7630/ros2_ws/install/task_manager_msgs/include/task_manager_msgs/task_manager_msgs/msg/detail/encapsulated_message__type_support.c
-- Up-to-date: /home/GTL/mgaddam/CS7630/ros2_ws/install/task_manager_msgs/include/task_manager_msgs/task_manager_msgs/msg/rosidl_typesupport_introspection_c__visibility_control.h
-- Up-to-date: /home/GTL/mgaddam/CS7630/ros2_ws/install/task_manager_msgs/include/task_manager_msgs/task_manager_msgs/srv
-- Up-to-date: /home/GTL/mgaddam/CS7630/ros2_ws/install/task_manager_msgs/include/task_manager_msgs/task_manager_msgs/srv/detail
-- Up-to-date: /home/GTL/mgaddam/CS7630/ros2_ws/install/task_manager_msgs/include/task_manager_msgs/task_manager_msgs/srv/detail/start_task__type_support.c
-- Up-to-date: /home/GTL/mgaddam/CS7630/ros2_ws/install/task_manager_msgs/include/task_manager_msgs/task_manager_msgs/srv/detail/get_all_task_status__rosidl_typesupport_introspection_c.h
-- Up-to-date: /home/GTL/mgaddam/CS7630/ros2_ws/install/task_manager_msgs/include/task_manager_msgs/task_manager_msgs/srv/detail/get_all_task_status__type_support.c
-- Up-to-date: /home/GTL/mgaddam/CS7630/ros2_ws/install/task_manager_msgs/include/task_manager_msgs/task_manager_msgs/srv/detail/start_task__rosidl_typesupport_introspection_c.h
-- Up-to-date: /home/GTL/mgaddam/CS7630/ros2_ws/install/task_manager_msgs/include/task_manager_msgs/task_manager_msgs/srv/detail/stop_task__type_support.c
-- Up-to-date: /home/GTL/mgaddam/CS7630/ros2_ws/install/task_manager_msgs/include/task_manager_msgs/task_manager_msgs/srv/detail/get_task_list__rosidl_typesupport_introspection_c.h
-- Up-to-date: /home/GTL/mgaddam/CS7630/ros2_ws/install/task_manager_msgs/include/task_manager_msgs/task_manager_msgs/srv/detail/stop_task__rosidl_typesupport_introspection_c.h
-- Up-to-date: /home/GTL/mgaddam/CS7630/ros2_ws/install/task_manager_msgs/include/task_manager_msgs/task_manager_msgs/srv/detail/get_task_list__type_support.c
-- Up-to-date: /home/GTL/mgaddam/CS7630/ros2_ws/install/task_manager_msgs/lib/libtask_manager_msgs__rosidl_typesupport_introspection_c.so
-- Up-to-date: /home/GTL/mgaddam/CS7630/ros2_ws/install/task_manager_msgs/lib/libtask_manager_msgs__rosidl_typesupport_c.so
-- Up-to-date: /home/GTL/mgaddam/CS7630/ros2_ws/install/task_manager_msgs/include/task_manager_msgs/task_manager_msgs
-- Up-to-date: /home/GTL/mgaddam/CS7630/ros2_ws/install/task_manager_msgs/include/task_manager_msgs/task_manager_msgs/msg
-- Up-to-date: /home/GTL/mgaddam/CS7630/ros2_ws/install/task_manager_msgs/include/task_manager_msgs/task_manager_msgs/msg/detail
-- Up-to-date: /home/GTL/mgaddam/CS7630/ros2_ws/install/task_manager_msgs/include/task_manager_msgs/task_manager_msgs/msg/detail/task_parameter__rosidl_typesupport_introspection_cpp.hpp
-- Up-to-date: /home/GTL/mgaddam/CS7630/ros2_ws/install/task_manager_msgs/include/task_manager_msgs/task_manager_msgs/msg/detail/encapsulated_message__rosidl_typesupport_introspection_cpp.hpp
-- Up-to-date: /home/GTL/mgaddam/CS7630/ros2_ws/install/task_manager_msgs/include/task_manager_msgs/task_manager_msgs/msg/detail/task_status__rosidl_typesupport_introspection_cpp.hpp
-- Up-to-date: /home/GTL/mgaddam/CS7630/ros2_ws/install/task_manager_msgs/include/task_manager_msgs/task_manager_msgs/msg/detail/encapsulated_message__type_support.cpp
-- Up-to-date: /home/GTL/mgaddam/CS7630/ros2_ws/install/task_manager_msgs/include/task_manager_msgs/task_manager_msgs/msg/detail/sync_status__type_support.cpp
-- Up-to-date: /home/GTL/mgaddam/CS7630/ros2_ws/install/task_manager_msgs/include/task_manager_msgs/task_manager_msgs/msg/detail/sync_status__rosidl_typesupport_introspection_cpp.hpp
-- Up-to-date: /home/GTL/mgaddam/CS7630/ros2_ws/install/task_manager_msgs/include/task_manager_msgs/task_manager_msgs/msg/detail/task_description__rosidl_typesupport_introspection_cpp.hpp
-- Up-to-date: /home/GTL/mgaddam/CS7630/ros2_ws/install/task_manager_msgs/include/task_manager_msgs/task_manager_msgs/msg/detail/task_config__type_support.cpp
-- Up-to-date: /home/GTL/mgaddam/CS7630/ros2_ws/install/task_manager_msgs/include/task_manager_msgs/task_manager_msgs/msg/detail/task_description__type_support.cpp
-- Up-to-date: /home/GTL/mgaddam/CS7630/ros2_ws/install/task_manager_msgs/include/task_manager_msgs/task_manager_msgs/msg/detail/task_config__rosidl_typesupport_introspection_cpp.hpp
-- Up-to-date: /home/GTL/mgaddam/CS7630/ros2_ws/install/task_manager_msgs/include/task_manager_msgs/task_manager_msgs/msg/detail/task_status__type_support.cpp
-- Up-to-date: /home/GTL/mgaddam/CS7630/ros2_ws/install/task_manager_msgs/include/task_manager_msgs/task_manager_msgs/msg/detail/task_parameter__type_support.cpp
-- Up-to-date: /home/GTL/mgaddam/CS7630/ros2_ws/install/task_manager_msgs/include/task_manager_msgs/task_manager_msgs/srv
-- Up-to-date: /home/GTL/mgaddam/CS7630/ros2_ws/install/task_manager_msgs/include/task_manager_msgs/task_manager_msgs/srv/detail
-- Up-to-date: /home/GTL/mgaddam/CS7630/ros2_ws/install/task_manager_msgs/include/task_manager_msgs/task_manager_msgs/srv/detail/get_all_task_status__rosidl_typesupport_introspection_cpp.hpp
-- Up-to-date: /home/GTL/mgaddam/CS7630/ros2_ws/install/task_manager_msgs/include/task_manager_msgs/task_manager_msgs/srv/detail/start_task__rosidl_typesupport_introspection_cpp.hpp
-- Up-to-date: /home/GTL/mgaddam/CS7630/ros2_ws/install/task_manager_msgs/include/task_manager_msgs/task_manager_msgs/srv/detail/start_task__type_support.cpp
-- Up-to-date: /home/GTL/mgaddam/CS7630/ros2_ws/install/task_manager_msgs/include/task_manager_msgs/task_manager_msgs/srv/detail/get_all_task_status__type_support.cpp
-- Up-to-date: /home/GTL/mgaddam/CS7630/ros2_ws/install/task_manager_msgs/include/task_manager_msgs/task_manager_msgs/srv/detail/stop_task__rosidl_typesupport_introspection_cpp.hpp
-- Up-to-date: /home/GTL/mgaddam/CS7630/ros2_ws/install/task_manager_msgs/include/task_manager_msgs/task_manager_msgs/srv/detail/stop_task__type_support.cpp
-- Up-to-date: /home/GTL/mgaddam/CS7630/ros2_ws/install/task_manager_msgs/include/task_manager_msgs/task_manager_msgs/srv/detail/get_task_list__type_support.cpp
-- Up-to-date: /home/GTL/mgaddam/CS7630/ros2_ws/install/task_manager_msgs/include/task_manager_msgs/task_manager_msgs/srv/detail/get_task_list__rosidl_typesupport_introspection_cpp.hpp
-- Up-to-date: /home/GTL/mgaddam/CS7630/ros2_ws/install/task_manager_msgs/lib/libtask_manager_msgs__rosidl_typesupport_introspection_cpp.so
-- Up-to-date: /home/GTL/mgaddam/CS7630/ros2_ws/install/task_manager_msgs/lib/libtask_manager_msgs__rosidl_typesupport_cpp.so
-- Up-to-date: /home/GTL/mgaddam/CS7630/ros2_ws/install/task_manager_msgs/share/task_manager_msgs/environment/pythonpath.sh
-- Up-to-date: /home/GTL/mgaddam/CS7630/ros2_ws/install/task_manager_msgs/share/task_manager_msgs/environment/pythonpath.dsv
-- Up-to-date: /home/GTL/mgaddam/CS7630/ros2_ws/install/task_manager_msgs/local/lib/python3.10/dist-packages/task_manager_msgs-0.0.0-py3.10.egg-info
-- Installing: /home/GTL/mgaddam/CS7630/ros2_ws/install/task_manager_msgs/local/lib/python3.10/dist-packages/task_manager_msgs-0.0.0-py3.10.egg-info/dependency_links.txt
-- Installing: /home/GTL/mgaddam/CS7630/ros2_ws/install/task_manager_msgs/local/lib/python3.10/dist-packages/task_manager_msgs-0.0.0-py3.10.egg-info/top_level.txt
-- Installing: /home/GTL/mgaddam/CS7630/ros2_ws/install/task_manager_msgs/local/lib/python3.10/dist-packages/task_manager_msgs-0.0.0-py3.10.egg-info/PKG-INFO
-- Installing: /home/GTL/mgaddam/CS7630/ros2_ws/install/task_manager_msgs/local/lib/python3.10/dist-packages/task_manager_msgs-0.0.0-py3.10.egg-info/SOURCES.txt
-- Up-to-date: /home/GTL/mgaddam/CS7630/ros2_ws/install/task_manager_msgs/local/lib/python3.10/dist-packages/task_manager_msgs
-- Up-to-date: /home/GTL/mgaddam/CS7630/ros2_ws/install/task_manager_msgs/local/lib/python3.10/dist-packages/task_manager_msgs/msg
-- Up-to-date: /home/GTL/mgaddam/CS7630/ros2_ws/install/task_manager_msgs/local/lib/python3.10/dist-packages/task_manager_msgs/msg/_encapsulated_message_s.c
-- Up-to-date: /home/GTL/mgaddam/CS7630/ros2_ws/install/task_manager_msgs/local/lib/python3.10/dist-packages/task_manager_msgs/msg/_task_description_s.c
-- Up-to-date: /home/GTL/mgaddam/CS7630/ros2_ws/install/task_manager_msgs/local/lib/python3.10/dist-packages/task_manager_msgs/msg/_task_parameter.py
-- Up-to-date: /home/GTL/mgaddam/CS7630/ros2_ws/install/task_manager_msgs/local/lib/python3.10/dist-packages/task_manager_msgs/msg/_sync_status_s.c
-- Up-to-date: /home/GTL/mgaddam/CS7630/ros2_ws/install/task_manager_msgs/local/lib/python3.10/dist-packages/task_manager_msgs/msg/_task_config.py
-- Up-to-date: /home/GTL/mgaddam/CS7630/ros2_ws/install/task_manager_msgs/local/lib/python3.10/dist-packages/task_manager_msgs/msg/_task_parameter_s.c
-- Up-to-date: /home/GTL/mgaddam/CS7630/ros2_ws/install/task_manager_msgs/local/lib/python3.10/dist-packages/task_manager_msgs/msg/_task_status.py
-- Up-to-date: /home/GTL/mgaddam/CS7630/ros2_ws/install/task_manager_msgs/local/lib/python3.10/dist-packages/task_manager_msgs/msg/_task_description.py
-- Up-to-date: /home/GTL/mgaddam/CS7630/ros2_ws/install/task_manager_msgs/local/lib/python3.10/dist-packages/task_manager_msgs/msg/__init__.py
-- Up-to-date: /home/GTL/mgaddam/CS7630/ros2_ws/install/task_manager_msgs/local/lib/python3.10/dist-packages/task_manager_msgs/msg/_sync_status.py
-- Up-to-date: /home/GTL/mgaddam/CS7630/ros2_ws/install/task_manager_msgs/local/lib/python3.10/dist-packages/task_manager_msgs/msg/_encapsulated_message.py
-- Up-to-date: /home/GTL/mgaddam/CS7630/ros2_ws/install/task_manager_msgs/local/lib/python3.10/dist-packages/task_manager_msgs/msg/_task_config_s.c
-- Up-to-date: /home/GTL/mgaddam/CS7630/ros2_ws/install/task_manager_msgs/local/lib/python3.10/dist-packages/task_manager_msgs/msg/_task_status_s.c
-- Up-to-date: /home/GTL/mgaddam/CS7630/ros2_ws/install/task_manager_msgs/local/lib/python3.10/dist-packages/task_manager_msgs/task_manager_msgs_s__rosidl_typesupport_introspection_c.cpython-310-x86_64-linux-gnu.so
-- Up-to-date: /home/GTL/mgaddam/CS7630/ros2_ws/install/task_manager_msgs/local/lib/python3.10/dist-packages/task_manager_msgs/_task_manager_msgs_s.ep.rosidl_typesupport_introspection_c.c
-- Up-to-date: /home/GTL/mgaddam/CS7630/ros2_ws/install/task_manager_msgs/local/lib/python3.10/dist-packages/task_manager_msgs/__init__.py
-- Up-to-date: /home/GTL/mgaddam/CS7630/ros2_ws/install/task_manager_msgs/local/lib/python3.10/dist-packages/task_manager_msgs/_task_manager_msgs_s.ep.rosidl_typesupport_c.c
-- Up-to-date: /home/GTL/mgaddam/CS7630/ros2_ws/install/task_manager_msgs/local/lib/python3.10/dist-packages/task_manager_msgs/task_manager_msgs_s__rosidl_typesupport_c.cpython-310-x86_64-linux-gnu.so
-- Up-to-date: /home/GTL/mgaddam/CS7630/ros2_ws/install/task_manager_msgs/local/lib/python3.10/dist-packages/task_manager_msgs/srv
-- Up-to-date: /home/GTL/mgaddam/CS7630/ros2_ws/install/task_manager_msgs/local/lib/python3.10/dist-packages/task_manager_msgs/srv/_stop_task_s.c
-- Up-to-date: /home/GTL/mgaddam/CS7630/ros2_ws/install/task_manager_msgs/local/lib/python3.10/dist-packages/task_manager_msgs/srv/_start_task_s.c
-- Up-to-date: /home/GTL/mgaddam/CS7630/ros2_ws/install/task_manager_msgs/local/lib/python3.10/dist-packages/task_manager_msgs/srv/_get_all_task_status_s.c
-- Up-to-date: /home/GTL/mgaddam/CS7630/ros2_ws/install/task_manager_msgs/local/lib/python3.10/dist-packages/task_manager_msgs/srv/_get_task_list.py
-- Up-to-date: /home/GTL/mgaddam/CS7630/ros2_ws/install/task_manager_msgs/local/lib/python3.10/dist-packages/task_manager_msgs/srv/__init__.py
-- Up-to-date: /home/GTL/mgaddam/CS7630/ros2_ws/install/task_manager_msgs/local/lib/python3.10/dist-packages/task_manager_msgs/srv/_get_all_task_status.py
-- Up-to-date: /home/GTL/mgaddam/CS7630/ros2_ws/install/task_manager_msgs/local/lib/python3.10/dist-packages/task_manager_msgs/srv/_stop_task.py
-- Up-to-date: /home/GTL/mgaddam/CS7630/ros2_ws/install/task_manager_msgs/local/lib/python3.10/dist-packages/task_manager_msgs/srv/_get_task_list_s.c
-- Up-to-date: /home/GTL/mgaddam/CS7630/ros2_ws/install/task_manager_msgs/local/lib/python3.10/dist-packages/task_manager_msgs/srv/_start_task.py
-- Up-to-date: /home/GTL/mgaddam/CS7630/ros2_ws/install/task_manager_msgs/local/lib/python3.10/dist-packages/task_manager_msgs/_task_manager_msgs_s.ep.rosidl_typesupport_fastrtps_c.c
-- Up-to-date: /home/GTL/mgaddam/CS7630/ros2_ws/install/task_manager_msgs/local/lib/python3.10/dist-packages/task_manager_msgs/task_manager_msgs_s__rosidl_typesupport_fastrtps_c.cpython-310-x86_64-linux-gnu.so
-- Up-to-date: /home/GTL/mgaddam/CS7630/ros2_ws/install/task_manager_msgs/local/lib/python3.10/dist-packages/task_manager_msgs/libtask_manager_msgs__rosidl_generator_py.so
Listing '/home/GTL/mgaddam/CS7630/ros2_ws/install/task_manager_msgs/local/lib/python3.10/dist-packages/task_manager_msgs'...
Listing '/home/GTL/mgaddam/CS7630/ros2_ws/install/task_manager_msgs/local/lib/python3.10/dist-packages/task_manager_msgs/msg'...
Listing '/home/GTL/mgaddam/CS7630/ros2_ws/install/task_manager_msgs/local/lib/python3.10/dist-packages/task_manager_msgs/srv'...
-- Up-to-date: /home/GTL/mgaddam/CS7630/ros2_ws/install/task_manager_msgs/local/lib/python3.10/dist-packages/task_manager_msgs/task_manager_msgs_s__rosidl_typesupport_fastrtps_c.cpython-310-x86_64-linux-gnu.so
-- Up-to-date: /home/GTL/mgaddam/CS7630/ros2_ws/install/task_manager_msgs/local/lib/python3.10/dist-packages/task_manager_msgs/task_manager_msgs_s__rosidl_typesupport_introspection_c.cpython-310-x86_64-linux-gnu.so
-- Up-to-date: /home/GTL/mgaddam/CS7630/ros2_ws/install/task_manager_msgs/local/lib/python3.10/dist-packages/task_manager_msgs/task_manager_msgs_s__rosidl_typesupport_c.cpython-310-x86_64-linux-gnu.so
-- Up-to-date: /home/GTL/mgaddam/CS7630/ros2_ws/install/task_manager_msgs/lib/libtask_manager_msgs__rosidl_generator_py.so
-- Up-to-date: /home/GTL/mgaddam/CS7630/ros2_ws/install/task_manager_msgs/share/task_manager_msgs/srv/GetAllTaskStatus.idl
-- Up-to-date: /home/GTL/mgaddam/CS7630/ros2_ws/install/task_manager_msgs/share/task_manager_msgs/srv/StartTask.idl
-- Up-to-date: /home/GTL/mgaddam/CS7630/ros2_ws/install/task_manager_msgs/share/task_manager_msgs/srv/StopTask.idl
-- Up-to-date: /home/GTL/mgaddam/CS7630/ros2_ws/install/task_manager_msgs/share/task_manager_msgs/srv/GetTaskList.idl
-- Up-to-date: /home/GTL/mgaddam/CS7630/ros2_ws/install/task_manager_msgs/share/task_manager_msgs/msg/TaskDescription.idl
-- Up-to-date: /home/GTL/mgaddam/CS7630/ros2_ws/install/task_manager_msgs/share/task_manager_msgs/msg/TaskParameter.idl
-- Up-to-date: /home/GTL/mgaddam/CS7630/ros2_ws/install/task_manager_msgs/share/task_manager_msgs/msg/TaskStatus.idl
-- Up-to-date: /home/GTL/mgaddam/CS7630/ros2_ws/install/task_manager_msgs/share/task_manager_msgs/msg/TaskConfig.idl
-- Up-to-date: /home/GTL/mgaddam/CS7630/ros2_ws/install/task_manager_msgs/share/task_manager_msgs/msg/SyncStatus.idl
-- Up-to-date: /home/GTL/mgaddam/CS7630/ros2_ws/install/task_manager_msgs/share/task_manager_msgs/msg/EncapsulatedMessage.idl
-- Up-to-date: /home/GTL/mgaddam/CS7630/ros2_ws/install/task_manager_msgs/share/task_manager_msgs/srv/GetAllTaskStatus.srv
-- Up-to-date: /home/GTL/mgaddam/CS7630/ros2_ws/install/task_manager_msgs/share/task_manager_msgs/srv/GetAllTaskStatus_Request.msg
-- Up-to-date: /home/GTL/mgaddam/CS7630/ros2_ws/install/task_manager_msgs/share/task_manager_msgs/srv/GetAllTaskStatus_Response.msg
-- Up-to-date: /home/GTL/mgaddam/CS7630/ros2_ws/install/task_manager_msgs/share/task_manager_msgs/srv/StartTask.srv
-- Up-to-date: /home/GTL/mgaddam/CS7630/ros2_ws/install/task_manager_msgs/share/task_manager_msgs/srv/StartTask_Request.msg
-- Up-to-date: /home/GTL/mgaddam/CS7630/ros2_ws/install/task_manager_msgs/share/task_manager_msgs/srv/StartTask_Response.msg
-- Up-to-date: /home/GTL/mgaddam/CS7630/ros2_ws/install/task_manager_msgs/share/task_manager_msgs/srv/StopTask.srv
-- Up-to-date: /home/GTL/mgaddam/CS7630/ros2_ws/install/task_manager_msgs/share/task_manager_msgs/srv/StopTask_Request.msg
-- Up-to-date: /home/GTL/mgaddam/CS7630/ros2_ws/install/task_manager_msgs/share/task_manager_msgs/srv/StopTask_Response.msg
-- Up-to-date: /home/GTL/mgaddam/CS7630/ros2_ws/install/task_manager_msgs/share/task_manager_msgs/srv/GetTaskList.srv
-- Up-to-date: /home/GTL/mgaddam/CS7630/ros2_ws/install/task_manager_msgs/share/task_manager_msgs/srv/GetTaskList_Request.msg
-- Up-to-date: /home/GTL/mgaddam/CS7630/ros2_ws/install/task_manager_msgs/share/task_manager_msgs/srv/GetTaskList_Response.msg
-- Up-to-date: /home/GTL/mgaddam/CS7630/ros2_ws/install/task_manager_msgs/share/task_manager_msgs/msg/TaskDescription.msg
-- Up-to-date: /home/GTL/mgaddam/CS7630/ros2_ws/install/task_manager_msgs/share/task_manager_msgs/msg/TaskParameter.msg
-- Up-to-date: /home/GTL/mgaddam/CS7630/ros2_ws/install/task_manager_msgs/share/task_manager_msgs/msg/TaskStatus.msg
-- Up-to-date: /home/GTL/mgaddam/CS7630/ros2_ws/install/task_manager_msgs/share/task_manager_msgs/msg/TaskConfig.msg
-- Up-to-date: /home/GTL/mgaddam/CS7630/ros2_ws/install/task_manager_msgs/share/task_manager_msgs/msg/SyncStatus.msg
-- Up-to-date: /home/GTL/mgaddam/CS7630/ros2_ws/install/task_manager_msgs/share/task_manager_msgs/msg/EncapsulatedMessage.msg
-- Up-to-date: /home/GTL/mgaddam/CS7630/ros2_ws/install/task_manager_msgs/lib/task_manager_msgs/task_manager_msgs_encapsulate
-- Up-to-date: /home/GTL/mgaddam/CS7630/ros2_ws/install/task_manager_msgs/share/ament_index/resource_index/package_run_dependencies/task_manager_msgs
-- Up-to-date: /home/GTL/mgaddam/CS7630/ros2_ws/install/task_manager_msgs/share/ament_index/resource_index/parent_prefix_path/task_manager_msgs
-- Up-to-date: /home/GTL/mgaddam/CS7630/ros2_ws/install/task_manager_msgs/share/task_manager_msgs/environment/ament_prefix_path.sh
-- Up-to-date: /home/GTL/mgaddam/CS7630/ros2_ws/install/task_manager_msgs/share/task_manager_msgs/environment/ament_prefix_path.dsv
-- Up-to-date: /home/GTL/mgaddam/CS7630/ros2_ws/install/task_manager_msgs/share/task_manager_msgs/environment/path.sh
-- Up-to-date: /home/GTL/mgaddam/CS7630/ros2_ws/install/task_manager_msgs/share/task_manager_msgs/environment/path.dsv
-- Up-to-date: /home/GTL/mgaddam/CS7630/ros2_ws/install/task_manager_msgs/share/task_manager_msgs/local_setup.bash
-- Up-to-date: /home/GTL/mgaddam/CS7630/ros2_ws/install/task_manager_msgs/share/task_manager_msgs/local_setup.sh
-- Up-to-date: /home/GTL/mgaddam/CS7630/ros2_ws/install/task_manager_msgs/share/task_manager_msgs/local_setup.zsh
-- Up-to-date: /home/GTL/mgaddam/CS7630/ros2_ws/install/task_manager_msgs/share/task_manager_msgs/local_setup.dsv
-- Installing: /home/GTL/mgaddam/CS7630/ros2_ws/install/task_manager_msgs/share/task_manager_msgs/package.dsv
-- Up-to-date: /home/GTL/mgaddam/CS7630/ros2_ws/install/task_manager_msgs/share/ament_index/resource_index/packages/task_manager_msgs
-- Up-to-date: /home/GTL/mgaddam/CS7630/ros2_ws/install/task_manager_msgs/share/task_manager_msgs/cmake/export_task_manager_msgs__rosidl_generator_cExport.cmake
-- Up-to-date: /home/GTL/mgaddam/CS7630/ros2_ws/install/task_manager_msgs/share/task_manager_msgs/cmake/export_task_manager_msgs__rosidl_generator_cExport-noconfig.cmake
-- Up-to-date: /home/GTL/mgaddam/CS7630/ros2_ws/install/task_manager_msgs/share/task_manager_msgs/cmake/export_task_manager_msgs__rosidl_typesupport_fastrtps_cExport.cmake
-- Up-to-date: /home/GTL/mgaddam/CS7630/ros2_ws/install/task_manager_msgs/share/task_manager_msgs/cmake/export_task_manager_msgs__rosidl_typesupport_fastrtps_cExport-noconfig.cmake
-- Up-to-date: /home/GTL/mgaddam/CS7630/ros2_ws/install/task_manager_msgs/share/task_manager_msgs/cmake/export_task_manager_msgs__rosidl_generator_cppExport.cmake
-- Up-to-date: /home/GTL/mgaddam/CS7630/ros2_ws/install/task_manager_msgs/share/task_manager_msgs/cmake/export_task_manager_msgs__rosidl_typesupport_fastrtps_cppExport.cmake
-- Up-to-date: /home/GTL/mgaddam/CS7630/ros2_ws/install/task_manager_msgs/share/task_manager_msgs/cmake/export_task_manager_msgs__rosidl_typesupport_fastrtps_cppExport-noconfig.cmake
-- Up-to-date: /home/GTL/mgaddam/CS7630/ros2_ws/install/task_manager_msgs/share/task_manager_msgs/cmake/task_manager_msgs__rosidl_typesupport_introspection_cExport.cmake
-- Up-to-date: /home/GTL/mgaddam/CS7630/ros2_ws/install/task_manager_msgs/share/task_manager_msgs/cmake/task_manager_msgs__rosidl_typesupport_introspection_cExport-noconfig.cmake
-- Up-to-date: /home/GTL/mgaddam/CS7630/ros2_ws/install/task_manager_msgs/share/task_manager_msgs/cmake/task_manager_msgs__rosidl_typesupport_cExport.cmake
-- Up-to-date: /home/GTL/mgaddam/CS7630/ros2_ws/install/task_manager_msgs/share/task_manager_msgs/cmake/task_manager_msgs__rosidl_typesupport_cExport-noconfig.cmake
-- Up-to-date: /home/GTL/mgaddam/CS7630/ros2_ws/install/task_manager_msgs/share/task_manager_msgs/cmake/task_manager_msgs__rosidl_typesupport_introspection_cppExport.cmake
-- Up-to-date: /home/GTL/mgaddam/CS7630/ros2_ws/install/task_manager_msgs/share/task_manager_msgs/cmake/task_manager_msgs__rosidl_typesupport_introspection_cppExport-noconfig.cmake
-- Up-to-date: /home/GTL/mgaddam/CS7630/ros2_ws/install/task_manager_msgs/share/task_manager_msgs/cmake/task_manager_msgs__rosidl_typesupport_cppExport.cmake
-- Up-to-date: /home/GTL/mgaddam/CS7630/ros2_ws/install/task_manager_msgs/share/task_manager_msgs/cmake/task_manager_msgs__rosidl_typesupport_cppExport-noconfig.cmake
-- Up-to-date: /home/GTL/mgaddam/CS7630/ros2_ws/install/task_manager_msgs/share/task_manager_msgs/cmake/export_task_manager_msgs__rosidl_generator_pyExport.cmake
-- Up-to-date: /home/GTL/mgaddam/CS7630/ros2_ws/install/task_manager_msgs/share/task_manager_msgs/cmake/export_task_manager_msgs__rosidl_generator_pyExport-noconfig.cmake
-- Up-to-date: /home/GTL/mgaddam/CS7630/ros2_ws/install/task_manager_msgs/share/task_manager_msgs/cmake/rosidl_cmake-extras.cmake
-- Up-to-date: /home/GTL/mgaddam/CS7630/ros2_ws/install/task_manager_msgs/share/task_manager_msgs/cmake/ament_cmake_export_dependencies-extras.cmake
-- Up-to-date: /home/GTL/mgaddam/CS7630/ros2_ws/install/task_manager_msgs/share/task_manager_msgs/cmake/ament_cmake_export_include_directories-extras.cmake
-- Up-to-date: /home/GTL/mgaddam/CS7630/ros2_ws/install/task_manager_msgs/share/task_manager_msgs/cmake/ament_cmake_export_libraries-extras.cmake
-- Up-to-date: /home/GTL/mgaddam/CS7630/ros2_ws/install/task_manager_msgs/share/task_manager_msgs/cmake/ament_cmake_export_targets-extras.cmake
-- Up-to-date: /home/GTL/mgaddam/CS7630/ros2_ws/install/task_manager_msgs/share/task_manager_msgs/cmake/rosidl_cmake_export_typesupport_targets-extras.cmake
-- Up-to-date: /home/GTL/mgaddam/CS7630/ros2_ws/install/task_manager_msgs/share/task_manager_msgs/cmake/rosidl_cmake_export_typesupport_libraries-extras.cmake
-- Up-to-date: /home/GTL/mgaddam/CS7630/ros2_ws/install/task_manager_msgs/share/task_manager_msgs/cmake/task_manager_msgsConfig.cmake
-- Up-to-date: /home/GTL/mgaddam/CS7630/ros2_ws/install/task_manager_msgs/share/task_manager_msgs/cmake/task_manager_msgsConfig-version.cmake
-- Up-to-date: /home/GTL/mgaddam/CS7630/ros2_ws/install/task_manager_msgs/share/task_manager_msgs/package.xml
