/home/GTL/mgaddam/CS7630/ros2_ws/src/install/ar_loc_base/lib/python3.10/site-packages/ar_loc_base/rover_loc.py
/home/GTL/mgaddam/CS7630/ros2_ws/src/install/ar_loc_base/lib/python3.10/site-packages/ar_loc_base/__init__.py
/home/GTL/mgaddam/CS7630/ros2_ws/src/install/ar_loc_base/lib/python3.10/site-packages/ar_loc_base/rover_odo.py
/home/GTL/mgaddam/CS7630/ros2_ws/src/install/ar_loc_base/lib/python3.10/site-packages/ar_loc_base/rover_kf.py
/home/GTL/mgaddam/CS7630/ros2_ws/src/install/ar_loc_base/lib/python3.10/site-packages/ar_loc_base/rover_pf.py
/home/GTL/mgaddam/CS7630/ros2_ws/src/install/ar_loc_base/lib/python3.10/site-packages/ar_loc_base/__pycache__/rover_loc.cpython-310.pyc
/home/GTL/mgaddam/CS7630/ros2_ws/src/install/ar_loc_base/lib/python3.10/site-packages/ar_loc_base/__pycache__/__init__.cpython-310.pyc
/home/GTL/mgaddam/CS7630/ros2_ws/src/install/ar_loc_base/lib/python3.10/site-packages/ar_loc_base/__pycache__/rover_odo.cpython-310.pyc
/home/GTL/mgaddam/CS7630/ros2_ws/src/install/ar_loc_base/lib/python3.10/site-packages/ar_loc_base/__pycache__/rover_kf.cpython-310.pyc
/home/GTL/mgaddam/CS7630/ros2_ws/src/install/ar_loc_base/lib/python3.10/site-packages/ar_loc_base/__pycache__/rover_pf.cpython-310.pyc
/home/GTL/mgaddam/CS7630/ros2_ws/src/install/ar_loc_base/share/ament_index/resource_index/packages/ar_loc_base
/home/GTL/mgaddam/CS7630/ros2_ws/src/install/ar_loc_base/share/ar_loc_base/package.xml
/home/GTL/mgaddam/CS7630/ros2_ws/src/install/ar_loc_base/share/ar_loc_base/ar_loc_env.launch.py
/home/GTL/mgaddam/CS7630/ros2_ws/src/install/ar_loc_base/share/ar_loc_base/ar_loc.launch.py
/home/GTL/mgaddam/CS7630/ros2_ws/src/install/ar_loc_base/share/ar_loc_base/ar_loc_only.launch.py
/home/GTL/mgaddam/CS7630/ros2_ws/src/install/ar_loc_base/lib/python3.10/site-packages/ar_loc_base-0.0.0-py3.10.egg-info/entry_points.txt
/home/GTL/mgaddam/CS7630/ros2_ws/src/install/ar_loc_base/lib/python3.10/site-packages/ar_loc_base-0.0.0-py3.10.egg-info/dependency_links.txt
/home/GTL/mgaddam/CS7630/ros2_ws/src/install/ar_loc_base/lib/python3.10/site-packages/ar_loc_base-0.0.0-py3.10.egg-info/top_level.txt
/home/GTL/mgaddam/CS7630/ros2_ws/src/install/ar_loc_base/lib/python3.10/site-packages/ar_loc_base-0.0.0-py3.10.egg-info/PKG-INFO
/home/GTL/mgaddam/CS7630/ros2_ws/src/install/ar_loc_base/lib/python3.10/site-packages/ar_loc_base-0.0.0-py3.10.egg-info/requires.txt
/home/GTL/mgaddam/CS7630/ros2_ws/src/install/ar_loc_base/lib/python3.10/site-packages/ar_loc_base-0.0.0-py3.10.egg-info/zip-safe
/home/GTL/mgaddam/CS7630/ros2_ws/src/install/ar_loc_base/lib/python3.10/site-packages/ar_loc_base-0.0.0-py3.10.egg-info/SOURCES.txt
/home/GTL/mgaddam/CS7630/ros2_ws/src/install/ar_loc_base/lib/ar_loc_base/ar_loc_node
