[2.838s] Invoking command in '/home/GTL/mgaddam/CS7630/ros2_ws/src/vrep_ros_teleop': PYTHONPATH=/home/GTL/mgaddam/CS7630/ros2_ws/build/vrep_ros_teleop/prefix_override:/home/GTL/mgaddam/CS7630/ros2_ws/install/vrep_ros_teleop/lib/python3.10/site-packages:${PYTHONPATH} /usr/bin/python3 setup.py egg_info --egg-base ../../build/vrep_ros_teleop build --build-base /home/GTL/mgaddam/CS7630/ros2_ws/build/vrep_ros_teleop/build install --record /home/GTL/mgaddam/CS7630/ros2_ws/build/vrep_ros_teleop/install.log --single-version-externally-managed
[3.067s] running egg_info
[3.067s] writing ../../build/vrep_ros_teleop/vrep_ros_teleop.egg-info/PKG-INFO
[3.068s] writing dependency_links to ../../build/vrep_ros_teleop/vrep_ros_teleop.egg-info/dependency_links.txt
[3.068s] writing entry points to ../../build/vrep_ros_teleop/vrep_ros_teleop.egg-info/entry_points.txt
[3.068s] writing requirements to ../../build/vrep_ros_teleop/vrep_ros_teleop.egg-info/requires.txt
[3.068s] writing top-level names to ../../build/vrep_ros_teleop/vrep_ros_teleop.egg-info/top_level.txt
[3.068s] reading manifest file '../../build/vrep_ros_teleop/vrep_ros_teleop.egg-info/SOURCES.txt'
[3.068s] writing manifest file '../../build/vrep_ros_teleop/vrep_ros_teleop.egg-info/SOURCES.txt'
[3.068s] running build
[3.068s] running build_py
[3.069s] /usr/lib/python3/dist-packages/setuptools/command/install.py:34: SetuptoolsDeprecationWarning: setup.py install is deprecated. Use build and pip and other standards-based tools.
[3.069s]   warnings.warn(
[3.069s] running install
[3.069s] running install_lib
[3.071s] running install_data
[3.073s] running install_egg_info
[3.074s] removing '/home/GTL/mgaddam/CS7630/ros2_ws/install/vrep_ros_teleop/lib/python3.10/site-packages/vrep_ros_teleop-0.0.0-py3.10.egg-info' (and everything under it)
[3.077s] Copying ../../build/vrep_ros_teleop/vrep_ros_teleop.egg-info to /home/GTL/mgaddam/CS7630/ros2_ws/install/vrep_ros_teleop/lib/python3.10/site-packages/vrep_ros_teleop-0.0.0-py3.10.egg-info
[3.094s] running install_scripts
[3.110s] Installing teleop_mux_node script to /home/GTL/mgaddam/CS7630/ros2_ws/install/vrep_ros_teleop/lib/vrep_ros_teleop
[3.112s] Installing teleop_node script to /home/GTL/mgaddam/CS7630/ros2_ws/install/vrep_ros_teleop/lib/vrep_ros_teleop
[3.114s] writing list of installed files to '/home/GTL/mgaddam/CS7630/ros2_ws/build/vrep_ros_teleop/install.log'
[3.565s] Invoked command in '/home/GTL/mgaddam/CS7630/ros2_ws/src/vrep_ros_teleop' returned '0': PYTHONPATH=/home/GTL/mgaddam/CS7630/ros2_ws/build/vrep_ros_teleop/prefix_override:/home/GTL/mgaddam/CS7630/ros2_ws/install/vrep_ros_teleop/lib/python3.10/site-packages:${PYTHONPATH} /usr/bin/python3 setup.py egg_info --egg-base ../../build/vrep_ros_teleop build --build-base /home/GTL/mgaddam/CS7630/ros2_ws/build/vrep_ros_teleop/build install --record /home/GTL/mgaddam/CS7630/ros2_ws/build/vrep_ros_teleop/install.log --single-version-externally-managed
