[1.031s] Invoking command in '/home/GTL/mgaddam/CS7630/ros2_ws/build/task_manager_msgs': CMAKE_PREFIX_PATH=${CMAKE_PREFIX_PATH}:/home/GTL/mgaddam/CS7630/ros2_ws/install/wpa_cli:/home/GTL/mgaddam/CS7630/ros2_ws/install/vrep_ros_teleop:/home/GTL/mgaddam/CS7630/ros2_ws/install/task_manager_client_py:/home/GTL/mgaddam/CS7630/ros2_ws/install/ar_slam_base:/home/GTL/mgaddam/CS7630/ros2_ws/install/ar_loc_base:/home/GTL/mgaddam/CS7630/ros2_ws/install/rover_driver_base:/home/GTL/mgaddam/CS7630/ros2_ws/install/keyboard_teleop:/home/GTL/mgaddam/CS7630/ros2_ws/install/face_detect_base:/home/GTL/mgaddam/CS7630/ros2_ws/install/button_server:/home/GTL/mgaddam/CS7630/ros2_ws/install/ar_mapping_base:/opt/ros/humble /usr/bin/cmake --build /home/GTL/mgaddam/CS7630/ros2_ws/build/task_manager_msgs -- -j16 -l16
[2.395s] [  0%] Built target task_manager_msgs__cpp
[2.395s] [ 12%] Built target task_manager_msgs__rosidl_generator_c
[2.395s] [ 39%] Built target task_manager_msgs__rosidl_typesupport_cpp
[2.395s] [ 51%] Built target task_manager_msgs__rosidl_typesupport_introspection_cpp
[2.395s] [ 51%] Built target task_manager_msgs__rosidl_typesupport_fastrtps_cpp
[2.395s] [ 80%] Built target task_manager_msgs__rosidl_typesupport_c
[2.395s] [ 81%] Built target task_manager_msgs__rosidl_typesupport_introspection_c
[2.395s] [ 82%] Built target task_manager_msgs__rosidl_typesupport_fastrtps_c
[2.397s] [ 82%] Built target task_manager_msgs
[2.398s] [ 82%] Built target ament_cmake_python_copy_task_manager_msgs
[2.398s] [ 83%] Built target task_manager_msgs__py
[2.398s] [ 85%] Built target task_manager_msgs_encapsulate
[2.398s] [ 95%] Built target task_manager_msgs__rosidl_generator_py
[2.398s] [100%] Built target task_manager_msgs__rosidl_typesupport_c__pyext
[2.398s] [100%] Built target task_manager_msgs__rosidl_typesupport_fastrtps_c__pyext
[2.398s] [100%] Built target task_manager_msgs__rosidl_typesupport_introspection_c__pyext
[2.398s] running egg_info
[2.398s] writing task_manager_msgs.egg-info/PKG-INFO
[2.398s] writing dependency_links to task_manager_msgs.egg-info/dependency_links.txt
[2.398s] writing top-level names to task_manager_msgs.egg-info/top_level.txt
[2.398s] reading manifest file 'task_manager_msgs.egg-info/SOURCES.txt'
[2.398s] writing manifest file 'task_manager_msgs.egg-info/SOURCES.txt'
[2.398s] [100%] Built target ament_cmake_python_build_task_manager_msgs_egg
[2.400s] Invoked command in '/home/GTL/mgaddam/CS7630/ros2_ws/build/task_manager_msgs' returned '0': CMAKE_PREFIX_PATH=${CMAKE_PREFIX_PATH}:/home/GTL/mgaddam/CS7630/ros2_ws/install/wpa_cli:/home/GTL/mgaddam/CS7630/ros2_ws/install/vrep_ros_teleop:/home/GTL/mgaddam/CS7630/ros2_ws/install/task_manager_client_py:/home/GTL/mgaddam/CS7630/ros2_ws/install/ar_slam_base:/home/GTL/mgaddam/CS7630/ros2_ws/install/ar_loc_base:/home/GTL/mgaddam/CS7630/ros2_ws/install/rover_driver_base:/home/GTL/mgaddam/CS7630/ros2_ws/install/keyboard_teleop:/home/GTL/mgaddam/CS7630/ros2_ws/install/face_detect_base:/home/GTL/mgaddam/CS7630/ros2_ws/install/button_server:/home/GTL/mgaddam/CS7630/ros2_ws/install/ar_mapping_base:/opt/ros/humble /usr/bin/cmake --build /home/GTL/mgaddam/CS7630/ros2_ws/build/task_manager_msgs -- -j16 -l16
[2.748s] Invoking command in '/home/GTL/mgaddam/CS7630/ros2_ws/build/task_manager_msgs': CMAKE_PREFIX_PATH=${CMAKE_PREFIX_PATH}:/home/GTL/mgaddam/CS7630/ros2_ws/install/wpa_cli:/home/GTL/mgaddam/CS7630/ros2_ws/install/vrep_ros_teleop:/home/GTL/mgaddam/CS7630/ros2_ws/install/task_manager_client_py:/home/GTL/mgaddam/CS7630/ros2_ws/install/ar_slam_base:/home/GTL/mgaddam/CS7630/ros2_ws/install/ar_loc_base:/home/GTL/mgaddam/CS7630/ros2_ws/install/rover_driver_base:/home/GTL/mgaddam/CS7630/ros2_ws/install/keyboard_teleop:/home/GTL/mgaddam/CS7630/ros2_ws/install/face_detect_base:/home/GTL/mgaddam/CS7630/ros2_ws/install/button_server:/home/GTL/mgaddam/CS7630/ros2_ws/install/ar_mapping_base:/opt/ros/humble /usr/bin/cmake --install /home/GTL/mgaddam/CS7630/ros2_ws/build/task_manager_msgs
[2.764s] -- Install configuration: ""
[2.765s] -- Up-to-date: /home/GTL/mgaddam/CS7630/ros2_ws/install/task_manager_msgs/share/ament_index/resource_index/rosidl_interfaces/task_manager_msgs
[2.765s] -- Up-to-date: /home/GTL/mgaddam/CS7630/ros2_ws/install/task_manager_msgs/include/task_manager_msgs/task_manager_msgs
[2.765s] -- Up-to-date: /home/GTL/mgaddam/CS7630/ros2_ws/install/task_manager_msgs/include/task_manager_msgs/task_manager_msgs/msg
[2.771s] -- Up-to-date: /home/GTL/mgaddam/CS7630/ros2_ws/install/task_manager_msgs/include/task_manager_msgs/task_manager_msgs/msg/task_status.h
[2.771s] -- Up-to-date: /home/GTL/mgaddam/CS7630/ros2_ws/install/task_manager_msgs/include/task_manager_msgs/task_manager_msgs/msg/sync_status.h
[2.771s] -- Up-to-date: /home/GTL/mgaddam/CS7630/ros2_ws/install/task_manager_msgs/include/task_manager_msgs/task_manager_msgs/msg/detail
[2.771s] -- Up-to-date: /home/GTL/mgaddam/CS7630/ros2_ws/install/task_manager_msgs/include/task_manager_msgs/task_manager_msgs/msg/detail/task_parameter__functions.c
[2.772s] -- Up-to-date: /home/GTL/mgaddam/CS7630/ros2_ws/install/task_manager_msgs/include/task_manager_msgs/task_manager_msgs/msg/detail/task_description__struct.h
[2.772s] -- Up-to-date: /home/GTL/mgaddam/CS7630/ros2_ws/install/task_manager_msgs/include/task_manager_msgs/task_manager_msgs/msg/detail/task_description__type_support.h
[2.772s] -- Up-to-date: /home/GTL/mgaddam/CS7630/ros2_ws/install/task_manager_msgs/include/task_manager_msgs/task_manager_msgs/msg/detail/task_parameter__functions.h
[2.772s] -- Up-to-date: /home/GTL/mgaddam/CS7630/ros2_ws/install/task_manager_msgs/include/task_manager_msgs/task_manager_msgs/msg/detail/task_parameter__type_support.h
[2.772s] -- Up-to-date: /home/GTL/mgaddam/CS7630/ros2_ws/install/task_manager_msgs/include/task_manager_msgs/task_manager_msgs/msg/detail/sync_status__type_support.h
[2.772s] -- Up-to-date: /home/GTL/mgaddam/CS7630/ros2_ws/install/task_manager_msgs/include/task_manager_msgs/task_manager_msgs/msg/detail/task_config__struct.h
[2.772s] -- Up-to-date: /home/GTL/mgaddam/CS7630/ros2_ws/install/task_manager_msgs/include/task_manager_msgs/task_manager_msgs/msg/detail/encapsulated_message__functions.c
[2.773s] -- Up-to-date: /home/GTL/mgaddam/CS7630/ros2_ws/install/task_manager_msgs/include/task_manager_msgs/task_manager_msgs/msg/detail/task_description__functions.c
[2.773s] -- Up-to-date: /home/GTL/mgaddam/CS7630/ros2_ws/install/task_manager_msgs/include/task_manager_msgs/task_manager_msgs/msg/detail/task_config__type_support.h
[2.773s] -- Up-to-date: /home/GTL/mgaddam/CS7630/ros2_ws/install/task_manager_msgs/include/task_manager_msgs/task_manager_msgs/msg/detail/task_status__functions.c
[2.773s] -- Up-to-date: /home/GTL/mgaddam/CS7630/ros2_ws/install/task_manager_msgs/include/task_manager_msgs/task_manager_msgs/msg/detail/encapsulated_message__functions.h
[2.773s] -- Up-to-date: /home/GTL/mgaddam/CS7630/ros2_ws/install/task_manager_msgs/include/task_manager_msgs/task_manager_msgs/msg/detail/task_status__struct.h
[2.773s] -- Up-to-date: /home/GTL/mgaddam/CS7630/ros2_ws/install/task_manager_msgs/include/task_manager_msgs/task_manager_msgs/msg/detail/task_config__functions.h
[2.773s] -- Up-to-date: /home/GTL/mgaddam/CS7630/ros2_ws/install/task_manager_msgs/include/task_manager_msgs/task_manager_msgs/msg/detail/encapsulated_message__type_support.h
[2.773s] -- Up-to-date: /home/GTL/mgaddam/CS7630/ros2_ws/install/task_manager_msgs/include/task_manager_msgs/task_manager_msgs/msg/detail/sync_status__struct.h
[2.773s] -- Up-to-date: /home/GTL/mgaddam/CS7630/ros2_ws/install/task_manager_msgs/include/task_manager_msgs/task_manager_msgs/msg/detail/task_parameter__struct.h
[2.774s] -- Up-to-date: /home/GTL/mgaddam/CS7630/ros2_ws/install/task_manager_msgs/include/task_manager_msgs/task_manager_msgs/msg/detail/task_config__functions.c
[2.774s] -- Up-to-date: /home/GTL/mgaddam/CS7630/ros2_ws/install/task_manager_msgs/include/task_manager_msgs/task_manager_msgs/msg/detail/sync_status__functions.c
[2.774s] -- Up-to-date: /home/GTL/mgaddam/CS7630/ros2_ws/install/task_manager_msgs/include/task_manager_msgs/task_manager_msgs/msg/detail/task_status__type_support.h
[2.774s] -- Up-to-date: /home/GTL/mgaddam/CS7630/ros2_ws/install/task_manager_msgs/include/task_manager_msgs/task_manager_msgs/msg/detail/task_description__functions.h
[2.774s] -- Up-to-date: /home/GTL/mgaddam/CS7630/ros2_ws/install/task_manager_msgs/include/task_manager_msgs/task_manager_msgs/msg/detail/sync_status__functions.h
[2.774s] -- Up-to-date: /home/GTL/mgaddam/CS7630/ros2_ws/install/task_manager_msgs/include/task_manager_msgs/task_manager_msgs/msg/detail/encapsulated_message__struct.h
[2.775s] -- Up-to-date: /home/GTL/mgaddam/CS7630/ros2_ws/install/task_manager_msgs/include/task_manager_msgs/task_manager_msgs/msg/detail/task_status__functions.h
[2.775s] -- Up-to-date: /home/GTL/mgaddam/CS7630/ros2_ws/install/task_manager_msgs/include/task_manager_msgs/task_manager_msgs/msg/rosidl_generator_c__visibility_control.h
[2.776s] -- Up-to-date: /home/GTL/mgaddam/CS7630/ros2_ws/install/task_manager_msgs/include/task_manager_msgs/task_manager_msgs/msg/encapsulated_message.h
[2.776s] -- Up-to-date: /home/GTL/mgaddam/CS7630/ros2_ws/install/task_manager_msgs/include/task_manager_msgs/task_manager_msgs/msg/task_parameter.h
[2.777s] -- Up-to-date: /home/GTL/mgaddam/CS7630/ros2_ws/install/task_manager_msgs/include/task_manager_msgs/task_manager_msgs/msg/task_description.h
[2.777s] -- Up-to-date: /home/GTL/mgaddam/CS7630/ros2_ws/install/task_manager_msgs/include/task_manager_msgs/task_manager_msgs/msg/task_config.h
[2.777s] -- Up-to-date: /home/GTL/mgaddam/CS7630/ros2_ws/install/task_manager_msgs/include/task_manager_msgs/task_manager_msgs/srv
[2.778s] -- Up-to-date: /home/GTL/mgaddam/CS7630/ros2_ws/install/task_manager_msgs/include/task_manager_msgs/task_manager_msgs/srv/stop_task.h
[2.779s] -- Up-to-date: /home/GTL/mgaddam/CS7630/ros2_ws/install/task_manager_msgs/include/task_manager_msgs/task_manager_msgs/srv/detail
[2.780s] -- Up-to-date: /home/GTL/mgaddam/CS7630/ros2_ws/install/task_manager_msgs/include/task_manager_msgs/task_manager_msgs/srv/detail/stop_task__functions.c
[2.781s] -- Up-to-date: /home/GTL/mgaddam/CS7630/ros2_ws/install/task_manager_msgs/include/task_manager_msgs/task_manager_msgs/srv/detail/get_task_list__struct.h
[2.781s] -- Up-to-date: /home/GTL/mgaddam/CS7630/ros2_ws/install/task_manager_msgs/include/task_manager_msgs/task_manager_msgs/srv/detail/get_all_task_status__functions.h
[2.782s] -- Up-to-date: /home/GTL/mgaddam/CS7630/ros2_ws/install/task_manager_msgs/include/task_manager_msgs/task_manager_msgs/srv/detail/stop_task__struct.h
[2.782s] -- Up-to-date: /home/GTL/mgaddam/CS7630/ros2_ws/install/task_manager_msgs/include/task_manager_msgs/task_manager_msgs/srv/detail/start_task__functions.c
[2.783s] -- Up-to-date: /home/GTL/mgaddam/CS7630/ros2_ws/install/task_manager_msgs/include/task_manager_msgs/task_manager_msgs/srv/detail/get_all_task_status__type_support.h
[2.783s] -- Up-to-date: /home/GTL/mgaddam/CS7630/ros2_ws/install/task_manager_msgs/include/task_manager_msgs/task_manager_msgs/srv/detail/get_all_task_status__functions.c
[2.784s] -- Up-to-date: /home/GTL/mgaddam/CS7630/ros2_ws/install/task_manager_msgs/include/task_manager_msgs/task_manager_msgs/srv/detail/get_task_list__functions.c
[2.784s] -- Up-to-date: /home/GTL/mgaddam/CS7630/ros2_ws/install/task_manager_msgs/include/task_manager_msgs/task_manager_msgs/srv/detail/get_task_list__functions.h
[2.785s] -- Up-to-date: /home/GTL/mgaddam/CS7630/ros2_ws/install/task_manager_msgs/include/task_manager_msgs/task_manager_msgs/srv/detail/start_task__struct.h
[2.785s] -- Up-to-date: /home/GTL/mgaddam/CS7630/ros2_ws/install/task_manager_msgs/include/task_manager_msgs/task_manager_msgs/srv/detail/stop_task__functions.h
[2.786s] -- Up-to-date: /home/GTL/mgaddam/CS7630/ros2_ws/install/task_manager_msgs/include/task_manager_msgs/task_manager_msgs/srv/detail/get_task_list__type_support.h
[2.786s] -- Up-to-date: /home/GTL/mgaddam/CS7630/ros2_ws/install/task_manager_msgs/include/task_manager_msgs/task_manager_msgs/srv/detail/get_all_task_status__struct.h
[2.787s] -- Up-to-date: /home/GTL/mgaddam/CS7630/ros2_ws/install/task_manager_msgs/include/task_manager_msgs/task_manager_msgs/srv/detail/stop_task__type_support.h
[2.787s] -- Up-to-date: /home/GTL/mgaddam/CS7630/ros2_ws/install/task_manager_msgs/include/task_manager_msgs/task_manager_msgs/srv/detail/start_task__type_support.h
[2.788s] -- Up-to-date: /home/GTL/mgaddam/CS7630/ros2_ws/install/task_manager_msgs/include/task_manager_msgs/task_manager_msgs/srv/detail/start_task__functions.h
[2.788s] -- Up-to-date: /home/GTL/mgaddam/CS7630/ros2_ws/install/task_manager_msgs/include/task_manager_msgs/task_manager_msgs/srv/get_task_list.h
[2.789s] -- Up-to-date: /home/GTL/mgaddam/CS7630/ros2_ws/install/task_manager_msgs/include/task_manager_msgs/task_manager_msgs/srv/start_task.h
[2.789s] -- Up-to-date: /home/GTL/mgaddam/CS7630/ros2_ws/install/task_manager_msgs/include/task_manager_msgs/task_manager_msgs/srv/get_all_task_status.h
[2.790s] -- Up-to-date: /home/GTL/mgaddam/CS7630/ros2_ws/install/task_manager_msgs/share/task_manager_msgs/environment/library_path.sh
[2.791s] -- Up-to-date: /home/GTL/mgaddam/CS7630/ros2_ws/install/task_manager_msgs/share/task_manager_msgs/environment/library_path.dsv
[2.793s] -- Up-to-date: /home/GTL/mgaddam/CS7630/ros2_ws/install/task_manager_msgs/lib/libtask_manager_msgs__rosidl_generator_c.so
[2.795s] -- Up-to-date: /home/GTL/mgaddam/CS7630/ros2_ws/install/task_manager_msgs/include/task_manager_msgs/task_manager_msgs
[2.796s] -- Up-to-date: /home/GTL/mgaddam/CS7630/ros2_ws/install/task_manager_msgs/include/task_manager_msgs/task_manager_msgs/msg
[2.797s] -- Up-to-date: /home/GTL/mgaddam/CS7630/ros2_ws/install/task_manager_msgs/include/task_manager_msgs/task_manager_msgs/msg/detail
[2.798s] -- Up-to-date: /home/GTL/mgaddam/CS7630/ros2_ws/install/task_manager_msgs/include/task_manager_msgs/task_manager_msgs/msg/detail/task_config__rosidl_typesupport_fastrtps_c.h
[2.798s] -- Up-to-date: /home/GTL/mgaddam/CS7630/ros2_ws/install/task_manager_msgs/include/task_manager_msgs/task_manager_msgs/msg/detail/sync_status__rosidl_typesupport_fastrtps_c.h
[2.799s] -- Up-to-date: /home/GTL/mgaddam/CS7630/ros2_ws/install/task_manager_msgs/include/task_manager_msgs/task_manager_msgs/msg/detail/task_description__rosidl_typesupport_fastrtps_c.h
[2.799s] -- Up-to-date: /home/GTL/mgaddam/CS7630/ros2_ws/install/task_manager_msgs/include/task_manager_msgs/task_manager_msgs/msg/detail/task_status__rosidl_typesupport_fastrtps_c.h
[2.800s] -- Up-to-date: /home/GTL/mgaddam/CS7630/ros2_ws/install/task_manager_msgs/include/task_manager_msgs/task_manager_msgs/msg/detail/encapsulated_message__rosidl_typesupport_fastrtps_c.h
[2.800s] -- Up-to-date: /home/GTL/mgaddam/CS7630/ros2_ws/install/task_manager_msgs/include/task_manager_msgs/task_manager_msgs/msg/detail/task_parameter__rosidl_typesupport_fastrtps_c.h
[2.800s] -- Up-to-date: /home/GTL/mgaddam/CS7630/ros2_ws/install/task_manager_msgs/include/task_manager_msgs/task_manager_msgs/msg/rosidl_typesupport_fastrtps_c__visibility_control.h
[2.801s] -- Up-to-date: /home/GTL/mgaddam/CS7630/ros2_ws/install/task_manager_msgs/include/task_manager_msgs/task_manager_msgs/srv
[2.801s] -- Up-to-date: /home/GTL/mgaddam/CS7630/ros2_ws/install/task_manager_msgs/include/task_manager_msgs/task_manager_msgs/srv/detail
[2.802s] -- Up-to-date: /home/GTL/mgaddam/CS7630/ros2_ws/install/task_manager_msgs/include/task_manager_msgs/task_manager_msgs/srv/detail/get_all_task_status__rosidl_typesupport_fastrtps_c.h
[2.802s] -- Up-to-date: /home/GTL/mgaddam/CS7630/ros2_ws/install/task_manager_msgs/include/task_manager_msgs/task_manager_msgs/srv/detail/start_task__rosidl_typesupport_fastrtps_c.h
[2.803s] -- Up-to-date: /home/GTL/mgaddam/CS7630/ros2_ws/install/task_manager_msgs/include/task_manager_msgs/task_manager_msgs/srv/detail/get_task_list__rosidl_typesupport_fastrtps_c.h
[2.803s] -- Up-to-date: /home/GTL/mgaddam/CS7630/ros2_ws/install/task_manager_msgs/include/task_manager_msgs/task_manager_msgs/srv/detail/stop_task__rosidl_typesupport_fastrtps_c.h
[2.805s] -- Up-to-date: /home/GTL/mgaddam/CS7630/ros2_ws/install/task_manager_msgs/lib/libtask_manager_msgs__rosidl_typesupport_fastrtps_c.so
[2.807s] -- Up-to-date: /home/GTL/mgaddam/CS7630/ros2_ws/install/task_manager_msgs/include/task_manager_msgs/task_manager_msgs
[2.808s] -- Up-to-date: /home/GTL/mgaddam/CS7630/ros2_ws/install/task_manager_msgs/include/task_manager_msgs/task_manager_msgs/msg
[2.809s] -- Up-to-date: /home/GTL/mgaddam/CS7630/ros2_ws/install/task_manager_msgs/include/task_manager_msgs/task_manager_msgs/msg/sync_status.hpp
[2.809s] -- Up-to-date: /home/GTL/mgaddam/CS7630/ros2_ws/install/task_manager_msgs/include/task_manager_msgs/task_manager_msgs/msg/encapsulated_message.hpp
[2.810s] -- Up-to-date: /home/GTL/mgaddam/CS7630/ros2_ws/install/task_manager_msgs/include/task_manager_msgs/task_manager_msgs/msg/detail
[2.811s] -- Up-to-date: /home/GTL/mgaddam/CS7630/ros2_ws/install/task_manager_msgs/include/task_manager_msgs/task_manager_msgs/msg/detail/encapsulated_message__struct.hpp
[2.811s] -- Up-to-date: /home/GTL/mgaddam/CS7630/ros2_ws/install/task_manager_msgs/include/task_manager_msgs/task_manager_msgs/msg/detail/task_config__traits.hpp
[2.811s] -- Up-to-date: /home/GTL/mgaddam/CS7630/ros2_ws/install/task_manager_msgs/include/task_manager_msgs/task_manager_msgs/msg/detail/sync_status__builder.hpp
[2.812s] -- Up-to-date: /home/GTL/mgaddam/CS7630/ros2_ws/install/task_manager_msgs/include/task_manager_msgs/task_manager_msgs/msg/detail/sync_status__traits.hpp
[2.812s] -- Up-to-date: /home/GTL/mgaddam/CS7630/ros2_ws/install/task_manager_msgs/include/task_manager_msgs/task_manager_msgs/msg/detail/task_config__builder.hpp
[2.813s] -- Up-to-date: /home/GTL/mgaddam/CS7630/ros2_ws/install/task_manager_msgs/include/task_manager_msgs/task_manager_msgs/msg/detail/task_status__builder.hpp
[2.813s] -- Up-to-date: /home/GTL/mgaddam/CS7630/ros2_ws/install/task_manager_msgs/include/task_manager_msgs/task_manager_msgs/msg/detail/task_description__struct.hpp
[2.814s] -- Up-to-date: /home/GTL/mgaddam/CS7630/ros2_ws/install/task_manager_msgs/include/task_manager_msgs/task_manager_msgs/msg/detail/encapsulated_message__traits.hpp
[2.814s] -- Up-to-date: /home/GTL/mgaddam/CS7630/ros2_ws/install/task_manager_msgs/include/task_manager_msgs/task_manager_msgs/msg/detail/encapsulated_message__builder.hpp
[2.814s] -- Up-to-date: /home/GTL/mgaddam/CS7630/ros2_ws/install/task_manager_msgs/include/task_manager_msgs/task_manager_msgs/msg/detail/task_config__struct.hpp
[2.815s] -- Up-to-date: /home/GTL/mgaddam/CS7630/ros2_ws/install/task_manager_msgs/include/task_manager_msgs/task_manager_msgs/msg/detail/sync_status__struct.hpp
[2.815s] -- Up-to-date: /home/GTL/mgaddam/CS7630/ros2_ws/install/task_manager_msgs/include/task_manager_msgs/task_manager_msgs/msg/detail/task_status__struct.hpp
[2.816s] -- Up-to-date: /home/GTL/mgaddam/CS7630/ros2_ws/install/task_manager_msgs/include/task_manager_msgs/task_manager_msgs/msg/detail/task_status__traits.hpp
[2.816s] -- Up-to-date: /home/GTL/mgaddam/CS7630/ros2_ws/install/task_manager_msgs/include/task_manager_msgs/task_manager_msgs/msg/detail/task_description__traits.hpp
[2.817s] -- Up-to-date: /home/GTL/mgaddam/CS7630/ros2_ws/install/task_manager_msgs/include/task_manager_msgs/task_manager_msgs/msg/detail/task_description__builder.hpp
[2.817s] -- Up-to-date: /home/GTL/mgaddam/CS7630/ros2_ws/install/task_manager_msgs/include/task_manager_msgs/task_manager_msgs/msg/detail/task_parameter__traits.hpp
[2.817s] -- Up-to-date: /home/GTL/mgaddam/CS7630/ros2_ws/install/task_manager_msgs/include/task_manager_msgs/task_manager_msgs/msg/detail/task_parameter__builder.hpp
[2.818s] -- Up-to-date: /home/GTL/mgaddam/CS7630/ros2_ws/install/task_manager_msgs/include/task_manager_msgs/task_manager_msgs/msg/detail/task_parameter__struct.hpp
[2.819s] -- Up-to-date: /home/GTL/mgaddam/CS7630/ros2_ws/install/task_manager_msgs/include/task_manager_msgs/task_manager_msgs/msg/task_config.hpp
[2.819s] -- Up-to-date: /home/GTL/mgaddam/CS7630/ros2_ws/install/task_manager_msgs/include/task_manager_msgs/task_manager_msgs/msg/task_parameter.hpp
[2.819s] -- Up-to-date: /home/GTL/mgaddam/CS7630/ros2_ws/install/task_manager_msgs/include/task_manager_msgs/task_manager_msgs/msg/task_status.hpp
[2.820s] -- Up-to-date: /home/GTL/mgaddam/CS7630/ros2_ws/install/task_manager_msgs/include/task_manager_msgs/task_manager_msgs/msg/task_description.hpp
[2.820s] -- Up-to-date: /home/GTL/mgaddam/CS7630/ros2_ws/install/task_manager_msgs/include/task_manager_msgs/task_manager_msgs/srv
[2.820s] -- Up-to-date: /home/GTL/mgaddam/CS7630/ros2_ws/install/task_manager_msgs/include/task_manager_msgs/task_manager_msgs/srv/get_task_list.hpp
[2.821s] -- Up-to-date: /home/GTL/mgaddam/CS7630/ros2_ws/install/task_manager_msgs/include/task_manager_msgs/task_manager_msgs/srv/stop_task.hpp
[2.821s] -- Up-to-date: /home/GTL/mgaddam/CS7630/ros2_ws/install/task_manager_msgs/include/task_manager_msgs/task_manager_msgs/srv/detail
[2.822s] -- Up-to-date: /home/GTL/mgaddam/CS7630/ros2_ws/install/task_manager_msgs/include/task_manager_msgs/task_manager_msgs/srv/detail/stop_task__traits.hpp
[2.823s] -- Up-to-date: /home/GTL/mgaddam/CS7630/ros2_ws/install/task_manager_msgs/include/task_manager_msgs/task_manager_msgs/srv/detail/get_all_task_status__struct.hpp
[2.823s] -- Up-to-date: /home/GTL/mgaddam/CS7630/ros2_ws/install/task_manager_msgs/include/task_manager_msgs/task_manager_msgs/srv/detail/start_task__builder.hpp
[2.824s] -- Up-to-date: /home/GTL/mgaddam/CS7630/ros2_ws/install/task_manager_msgs/include/task_manager_msgs/task_manager_msgs/srv/detail/get_task_list__struct.hpp
[2.824s] -- Up-to-date: /home/GTL/mgaddam/CS7630/ros2_ws/install/task_manager_msgs/include/task_manager_msgs/task_manager_msgs/srv/detail/get_all_task_status__builder.hpp
[2.824s] -- Up-to-date: /home/GTL/mgaddam/CS7630/ros2_ws/install/task_manager_msgs/include/task_manager_msgs/task_manager_msgs/srv/detail/stop_task__struct.hpp
[2.825s] -- Up-to-date: /home/GTL/mgaddam/CS7630/ros2_ws/install/task_manager_msgs/include/task_manager_msgs/task_manager_msgs/srv/detail/start_task__traits.hpp
[2.825s] -- Up-to-date: /home/GTL/mgaddam/CS7630/ros2_ws/install/task_manager_msgs/include/task_manager_msgs/task_manager_msgs/srv/detail/stop_task__builder.hpp
[2.826s] -- Up-to-date: /home/GTL/mgaddam/CS7630/ros2_ws/install/task_manager_msgs/include/task_manager_msgs/task_manager_msgs/srv/detail/start_task__struct.hpp
[2.826s] -- Up-to-date: /home/GTL/mgaddam/CS7630/ros2_ws/install/task_manager_msgs/include/task_manager_msgs/task_manager_msgs/srv/detail/get_task_list__traits.hpp
[2.827s] -- Up-to-date: /home/GTL/mgaddam/CS7630/ros2_ws/install/task_manager_msgs/include/task_manager_msgs/task_manager_msgs/srv/detail/get_all_task_status__traits.hpp
[2.827s] -- Up-to-date: /home/GTL/mgaddam/CS7630/ros2_ws/install/task_manager_msgs/include/task_manager_msgs/task_manager_msgs/srv/detail/get_task_list__builder.hpp
[2.828s] -- Up-to-date: /home/GTL/mgaddam/CS7630/ros2_ws/install/task_manager_msgs/include/task_manager_msgs/task_manager_msgs/srv/start_task.hpp
[2.828s] -- Up-to-date: /home/GTL/mgaddam/CS7630/ros2_ws/install/task_manager_msgs/include/task_manager_msgs/task_manager_msgs/srv/get_all_task_status.hpp
[2.828s] -- Up-to-date: /home/GTL/mgaddam/CS7630/ros2_ws/install/task_manager_msgs/include/task_manager_msgs/task_manager_msgs
[2.829s] -- Up-to-date: /home/GTL/mgaddam/CS7630/ros2_ws/install/task_manager_msgs/include/task_manager_msgs/task_manager_msgs/msg
[2.830s] -- Up-to-date: /home/GTL/mgaddam/CS7630/ros2_ws/install/task_manager_msgs/include/task_manager_msgs/task_manager_msgs/msg/detail
[2.831s] -- Up-to-date: /home/GTL/mgaddam/CS7630/ros2_ws/install/task_manager_msgs/include/task_manager_msgs/task_manager_msgs/msg/detail/task_config__rosidl_typesupport_fastrtps_cpp.hpp
[2.832s] -- Up-to-date: /home/GTL/mgaddam/CS7630/ros2_ws/install/task_manager_msgs/include/task_manager_msgs/task_manager_msgs/msg/detail/dds_fastrtps
[2.833s] -- Up-to-date: /home/GTL/mgaddam/CS7630/ros2_ws/install/task_manager_msgs/include/task_manager_msgs/task_manager_msgs/msg/detail/encapsulated_message__rosidl_typesupport_fastrtps_cpp.hpp
[2.833s] -- Up-to-date: /home/GTL/mgaddam/CS7630/ros2_ws/install/task_manager_msgs/include/task_manager_msgs/task_manager_msgs/msg/detail/task_description__rosidl_typesupport_fastrtps_cpp.hpp
[2.833s] -- Up-to-date: /home/GTL/mgaddam/CS7630/ros2_ws/install/task_manager_msgs/include/task_manager_msgs/task_manager_msgs/msg/detail/task_status__rosidl_typesupport_fastrtps_cpp.hpp
[2.834s] -- Up-to-date: /home/GTL/mgaddam/CS7630/ros2_ws/install/task_manager_msgs/include/task_manager_msgs/task_manager_msgs/msg/detail/sync_status__rosidl_typesupport_fastrtps_cpp.hpp
[2.835s] -- Up-to-date: /home/GTL/mgaddam/CS7630/ros2_ws/install/task_manager_msgs/include/task_manager_msgs/task_manager_msgs/msg/detail/task_parameter__rosidl_typesupport_fastrtps_cpp.hpp
[2.835s] -- Up-to-date: /home/GTL/mgaddam/CS7630/ros2_ws/install/task_manager_msgs/include/task_manager_msgs/task_manager_msgs/msg/rosidl_typesupport_fastrtps_cpp__visibility_control.h
[2.836s] -- Up-to-date: /home/GTL/mgaddam/CS7630/ros2_ws/install/task_manager_msgs/include/task_manager_msgs/task_manager_msgs/srv
[2.836s] -- Up-to-date: /home/GTL/mgaddam/CS7630/ros2_ws/install/task_manager_msgs/include/task_manager_msgs/task_manager_msgs/srv/detail
[2.838s] -- Up-to-date: /home/GTL/mgaddam/CS7630/ros2_ws/install/task_manager_msgs/include/task_manager_msgs/task_manager_msgs/srv/detail/get_task_list__rosidl_typesupport_fastrtps_cpp.hpp
[2.838s] -- Up-to-date: /home/GTL/mgaddam/CS7630/ros2_ws/install/task_manager_msgs/include/task_manager_msgs/task_manager_msgs/srv/detail/start_task__rosidl_typesupport_fastrtps_cpp.hpp
[2.839s] -- Up-to-date: /home/GTL/mgaddam/CS7630/ros2_ws/install/task_manager_msgs/include/task_manager_msgs/task_manager_msgs/srv/detail/get_all_task_status__rosidl_typesupport_fastrtps_cpp.hpp
[2.839s] -- Up-to-date: /home/GTL/mgaddam/CS7630/ros2_ws/install/task_manager_msgs/include/task_manager_msgs/task_manager_msgs/srv/detail/dds_fastrtps
[2.840s] -- Up-to-date: /home/GTL/mgaddam/CS7630/ros2_ws/install/task_manager_msgs/include/task_manager_msgs/task_manager_msgs/srv/detail/stop_task__rosidl_typesupport_fastrtps_cpp.hpp
[2.842s] -- Up-to-date: /home/GTL/mgaddam/CS7630/ros2_ws/install/task_manager_msgs/lib/libtask_manager_msgs__rosidl_typesupport_fastrtps_cpp.so
[2.845s] -- Up-to-date: /home/GTL/mgaddam/CS7630/ros2_ws/install/task_manager_msgs/include/task_manager_msgs/task_manager_msgs
[2.845s] -- Up-to-date: /home/GTL/mgaddam/CS7630/ros2_ws/install/task_manager_msgs/include/task_manager_msgs/task_manager_msgs/msg
[2.846s] -- Up-to-date: /home/GTL/mgaddam/CS7630/ros2_ws/install/task_manager_msgs/include/task_manager_msgs/task_manager_msgs/msg/detail
[2.847s] -- Up-to-date: /home/GTL/mgaddam/CS7630/ros2_ws/install/task_manager_msgs/include/task_manager_msgs/task_manager_msgs/msg/detail/task_parameter__type_support.c
[2.847s] -- Up-to-date: /home/GTL/mgaddam/CS7630/ros2_ws/install/task_manager_msgs/include/task_manager_msgs/task_manager_msgs/msg/detail/task_parameter__rosidl_typesupport_introspection_c.h
[2.848s] -- Up-to-date: /home/GTL/mgaddam/CS7630/ros2_ws/install/task_manager_msgs/include/task_manager_msgs/task_manager_msgs/msg/detail/encapsulated_message__rosidl_typesupport_introspection_c.h
[2.848s] -- Up-to-date: /home/GTL/mgaddam/CS7630/ros2_ws/install/task_manager_msgs/include/task_manager_msgs/task_manager_msgs/msg/detail/sync_status__type_support.c
[2.849s] -- Up-to-date: /home/GTL/mgaddam/CS7630/ros2_ws/install/task_manager_msgs/include/task_manager_msgs/task_manager_msgs/msg/detail/task_description__type_support.c
[2.849s] -- Up-to-date: /home/GTL/mgaddam/CS7630/ros2_ws/install/task_manager_msgs/include/task_manager_msgs/task_manager_msgs/msg/detail/sync_status__rosidl_typesupport_introspection_c.h
[2.849s] -- Up-to-date: /home/GTL/mgaddam/CS7630/ros2_ws/install/task_manager_msgs/include/task_manager_msgs/task_manager_msgs/msg/detail/task_config__type_support.c
[2.850s] -- Up-to-date: /home/GTL/mgaddam/CS7630/ros2_ws/install/task_manager_msgs/include/task_manager_msgs/task_manager_msgs/msg/detail/task_description__rosidl_typesupport_introspection_c.h
[2.850s] -- Up-to-date: /home/GTL/mgaddam/CS7630/ros2_ws/install/task_manager_msgs/include/task_manager_msgs/task_manager_msgs/msg/detail/task_status__rosidl_typesupport_introspection_c.h
[2.851s] -- Up-to-date: /home/GTL/mgaddam/CS7630/ros2_ws/install/task_manager_msgs/include/task_manager_msgs/task_manager_msgs/msg/detail/task_config__rosidl_typesupport_introspection_c.h
[2.851s] -- Up-to-date: /home/GTL/mgaddam/CS7630/ros2_ws/install/task_manager_msgs/include/task_manager_msgs/task_manager_msgs/msg/detail/task_status__type_support.c
[2.852s] -- Up-to-date: /home/GTL/mgaddam/CS7630/ros2_ws/install/task_manager_msgs/include/task_manager_msgs/task_manager_msgs/msg/detail/encapsulated_message__type_support.c
[2.852s] -- Up-to-date: /home/GTL/mgaddam/CS7630/ros2_ws/install/task_manager_msgs/include/task_manager_msgs/task_manager_msgs/msg/rosidl_typesupport_introspection_c__visibility_control.h
[2.853s] -- Up-to-date: /home/GTL/mgaddam/CS7630/ros2_ws/install/task_manager_msgs/include/task_manager_msgs/task_manager_msgs/srv
[2.853s] -- Up-to-date: /home/GTL/mgaddam/CS7630/ros2_ws/install/task_manager_msgs/include/task_manager_msgs/task_manager_msgs/srv/detail
[2.854s] -- Up-to-date: /home/GTL/mgaddam/CS7630/ros2_ws/install/task_manager_msgs/include/task_manager_msgs/task_manager_msgs/srv/detail/start_task__type_support.c
[2.855s] -- Up-to-date: /home/GTL/mgaddam/CS7630/ros2_ws/install/task_manager_msgs/include/task_manager_msgs/task_manager_msgs/srv/detail/get_all_task_status__rosidl_typesupport_introspection_c.h
[2.855s] -- Up-to-date: /home/GTL/mgaddam/CS7630/ros2_ws/install/task_manager_msgs/include/task_manager_msgs/task_manager_msgs/srv/detail/get_all_task_status__type_support.c
[2.856s] -- Up-to-date: /home/GTL/mgaddam/CS7630/ros2_ws/install/task_manager_msgs/include/task_manager_msgs/task_manager_msgs/srv/detail/start_task__rosidl_typesupport_introspection_c.h
[2.856s] -- Up-to-date: /home/GTL/mgaddam/CS7630/ros2_ws/install/task_manager_msgs/include/task_manager_msgs/task_manager_msgs/srv/detail/stop_task__type_support.c
[2.857s] -- Up-to-date: /home/GTL/mgaddam/CS7630/ros2_ws/install/task_manager_msgs/include/task_manager_msgs/task_manager_msgs/srv/detail/get_task_list__rosidl_typesupport_introspection_c.h
[2.857s] -- Up-to-date: /home/GTL/mgaddam/CS7630/ros2_ws/install/task_manager_msgs/include/task_manager_msgs/task_manager_msgs/srv/detail/stop_task__rosidl_typesupport_introspection_c.h
[2.858s] -- Up-to-date: /home/GTL/mgaddam/CS7630/ros2_ws/install/task_manager_msgs/include/task_manager_msgs/task_manager_msgs/srv/detail/get_task_list__type_support.c
[2.859s] -- Up-to-date: /home/GTL/mgaddam/CS7630/ros2_ws/install/task_manager_msgs/lib/libtask_manager_msgs__rosidl_typesupport_introspection_c.so
[2.862s] -- Up-to-date: /home/GTL/mgaddam/CS7630/ros2_ws/install/task_manager_msgs/lib/libtask_manager_msgs__rosidl_typesupport_c.so
[2.865s] -- Up-to-date: /home/GTL/mgaddam/CS7630/ros2_ws/install/task_manager_msgs/include/task_manager_msgs/task_manager_msgs
[2.865s] -- Up-to-date: /home/GTL/mgaddam/CS7630/ros2_ws/install/task_manager_msgs/include/task_manager_msgs/task_manager_msgs/msg
[2.866s] -- Up-to-date: /home/GTL/mgaddam/CS7630/ros2_ws/install/task_manager_msgs/include/task_manager_msgs/task_manager_msgs/msg/detail
[2.868s] -- Up-to-date: /home/GTL/mgaddam/CS7630/ros2_ws/install/task_manager_msgs/include/task_manager_msgs/task_manager_msgs/msg/detail/task_parameter__rosidl_typesupport_introspection_cpp.hpp
[2.868s] -- Up-to-date: /home/GTL/mgaddam/CS7630/ros2_ws/install/task_manager_msgs/include/task_manager_msgs/task_manager_msgs/msg/detail/encapsulated_message__rosidl_typesupport_introspection_cpp.hpp
[2.868s] -- Up-to-date: /home/GTL/mgaddam/CS7630/ros2_ws/install/task_manager_msgs/include/task_manager_msgs/task_manager_msgs/msg/detail/task_status__rosidl_typesupport_introspection_cpp.hpp
[2.870s] -- Up-to-date: /home/GTL/mgaddam/CS7630/ros2_ws/install/task_manager_msgs/include/task_manager_msgs/task_manager_msgs/msg/detail/encapsulated_message__type_support.cpp
[2.870s] -- Up-to-date: /home/GTL/mgaddam/CS7630/ros2_ws/install/task_manager_msgs/include/task_manager_msgs/task_manager_msgs/msg/detail/sync_status__type_support.cpp
[2.870s] -- Up-to-date: /home/GTL/mgaddam/CS7630/ros2_ws/install/task_manager_msgs/include/task_manager_msgs/task_manager_msgs/msg/detail/sync_status__rosidl_typesupport_introspection_cpp.hpp
[2.870s] -- Up-to-date: /home/GTL/mgaddam/CS7630/ros2_ws/install/task_manager_msgs/include/task_manager_msgs/task_manager_msgs/msg/detail/task_description__rosidl_typesupport_introspection_cpp.hpp
[2.871s] -- Up-to-date: /home/GTL/mgaddam/CS7630/ros2_ws/install/task_manager_msgs/include/task_manager_msgs/task_manager_msgs/msg/detail/task_config__type_support.cpp
[2.871s] -- Up-to-date: /home/GTL/mgaddam/CS7630/ros2_ws/install/task_manager_msgs/include/task_manager_msgs/task_manager_msgs/msg/detail/task_description__type_support.cpp
[2.872s] -- Up-to-date: /home/GTL/mgaddam/CS7630/ros2_ws/install/task_manager_msgs/include/task_manager_msgs/task_manager_msgs/msg/detail/task_config__rosidl_typesupport_introspection_cpp.hpp
[2.872s] -- Up-to-date: /home/GTL/mgaddam/CS7630/ros2_ws/install/task_manager_msgs/include/task_manager_msgs/task_manager_msgs/msg/detail/task_status__type_support.cpp
[2.873s] -- Up-to-date: /home/GTL/mgaddam/CS7630/ros2_ws/install/task_manager_msgs/include/task_manager_msgs/task_manager_msgs/msg/detail/task_parameter__type_support.cpp
[2.873s] -- Up-to-date: /home/GTL/mgaddam/CS7630/ros2_ws/install/task_manager_msgs/include/task_manager_msgs/task_manager_msgs/srv
[2.874s] -- Up-to-date: /home/GTL/mgaddam/CS7630/ros2_ws/install/task_manager_msgs/include/task_manager_msgs/task_manager_msgs/srv/detail
[2.875s] -- Up-to-date: /home/GTL/mgaddam/CS7630/ros2_ws/install/task_manager_msgs/include/task_manager_msgs/task_manager_msgs/srv/detail/get_all_task_status__rosidl_typesupport_introspection_cpp.hpp
[2.875s] -- Up-to-date: /home/GTL/mgaddam/CS7630/ros2_ws/install/task_manager_msgs/include/task_manager_msgs/task_manager_msgs/srv/detail/start_task__rosidl_typesupport_introspection_cpp.hpp
[2.876s] -- Up-to-date: /home/GTL/mgaddam/CS7630/ros2_ws/install/task_manager_msgs/include/task_manager_msgs/task_manager_msgs/srv/detail/start_task__type_support.cpp
[2.876s] -- Up-to-date: /home/GTL/mgaddam/CS7630/ros2_ws/install/task_manager_msgs/include/task_manager_msgs/task_manager_msgs/srv/detail/get_all_task_status__type_support.cpp
[2.877s] -- Up-to-date: /home/GTL/mgaddam/CS7630/ros2_ws/install/task_manager_msgs/include/task_manager_msgs/task_manager_msgs/srv/detail/stop_task__rosidl_typesupport_introspection_cpp.hpp
[2.877s] -- Up-to-date: /home/GTL/mgaddam/CS7630/ros2_ws/install/task_manager_msgs/include/task_manager_msgs/task_manager_msgs/srv/detail/stop_task__type_support.cpp
[2.878s] -- Up-to-date: /home/GTL/mgaddam/CS7630/ros2_ws/install/task_manager_msgs/include/task_manager_msgs/task_manager_msgs/srv/detail/get_task_list__type_support.cpp
[2.878s] -- Up-to-date: /home/GTL/mgaddam/CS7630/ros2_ws/install/task_manager_msgs/include/task_manager_msgs/task_manager_msgs/srv/detail/get_task_list__rosidl_typesupport_introspection_cpp.hpp
[2.890s] -- Up-to-date: /home/GTL/mgaddam/CS7630/ros2_ws/install/task_manager_msgs/lib/libtask_manager_msgs__rosidl_typesupport_introspection_cpp.so
[2.891s] -- Up-to-date: /home/GTL/mgaddam/CS7630/ros2_ws/install/task_manager_msgs/lib/libtask_manager_msgs__rosidl_typesupport_cpp.so
[2.891s] -- Up-to-date: /home/GTL/mgaddam/CS7630/ros2_ws/install/task_manager_msgs/share/task_manager_msgs/environment/pythonpath.sh
[2.891s] -- Up-to-date: /home/GTL/mgaddam/CS7630/ros2_ws/install/task_manager_msgs/share/task_manager_msgs/environment/pythonpath.dsv
[2.891s] -- Up-to-date: /home/GTL/mgaddam/CS7630/ros2_ws/install/task_manager_msgs/local/lib/python3.10/dist-packages/task_manager_msgs-0.0.0-py3.10.egg-info
[2.891s] -- Installing: /home/GTL/mgaddam/CS7630/ros2_ws/install/task_manager_msgs/local/lib/python3.10/dist-packages/task_manager_msgs-0.0.0-py3.10.egg-info/dependency_links.txt
[2.893s] -- Installing: /home/GTL/mgaddam/CS7630/ros2_ws/install/task_manager_msgs/local/lib/python3.10/dist-packages/task_manager_msgs-0.0.0-py3.10.egg-info/top_level.txt
[2.897s] -- Installing: /home/GTL/mgaddam/CS7630/ros2_ws/install/task_manager_msgs/local/lib/python3.10/dist-packages/task_manager_msgs-0.0.0-py3.10.egg-info/PKG-INFO
[2.901s] -- Installing: /home/GTL/mgaddam/CS7630/ros2_ws/install/task_manager_msgs/local/lib/python3.10/dist-packages/task_manager_msgs-0.0.0-py3.10.egg-info/SOURCES.txt
[2.905s] -- Up-to-date: /home/GTL/mgaddam/CS7630/ros2_ws/install/task_manager_msgs/local/lib/python3.10/dist-packages/task_manager_msgs
[2.906s] -- Up-to-date: /home/GTL/mgaddam/CS7630/ros2_ws/install/task_manager_msgs/local/lib/python3.10/dist-packages/task_manager_msgs/msg
[2.907s] -- Up-to-date: /home/GTL/mgaddam/CS7630/ros2_ws/install/task_manager_msgs/local/lib/python3.10/dist-packages/task_manager_msgs/msg/_encapsulated_message_s.c
[2.908s] -- Up-to-date: /home/GTL/mgaddam/CS7630/ros2_ws/install/task_manager_msgs/local/lib/python3.10/dist-packages/task_manager_msgs/msg/_task_description_s.c
[2.908s] -- Up-to-date: /home/GTL/mgaddam/CS7630/ros2_ws/install/task_manager_msgs/local/lib/python3.10/dist-packages/task_manager_msgs/msg/_task_parameter.py
[2.909s] -- Up-to-date: /home/GTL/mgaddam/CS7630/ros2_ws/install/task_manager_msgs/local/lib/python3.10/dist-packages/task_manager_msgs/msg/_sync_status_s.c
[2.909s] -- Up-to-date: /home/GTL/mgaddam/CS7630/ros2_ws/install/task_manager_msgs/local/lib/python3.10/dist-packages/task_manager_msgs/msg/_task_config.py
[2.909s] -- Up-to-date: /home/GTL/mgaddam/CS7630/ros2_ws/install/task_manager_msgs/local/lib/python3.10/dist-packages/task_manager_msgs/msg/_task_parameter_s.c
[2.910s] -- Up-to-date: /home/GTL/mgaddam/CS7630/ros2_ws/install/task_manager_msgs/local/lib/python3.10/dist-packages/task_manager_msgs/msg/_task_status.py
[2.910s] -- Up-to-date: /home/GTL/mgaddam/CS7630/ros2_ws/install/task_manager_msgs/local/lib/python3.10/dist-packages/task_manager_msgs/msg/_task_description.py
[2.911s] -- Up-to-date: /home/GTL/mgaddam/CS7630/ros2_ws/install/task_manager_msgs/local/lib/python3.10/dist-packages/task_manager_msgs/msg/__init__.py
[2.911s] -- Up-to-date: /home/GTL/mgaddam/CS7630/ros2_ws/install/task_manager_msgs/local/lib/python3.10/dist-packages/task_manager_msgs/msg/_sync_status.py
[2.912s] -- Up-to-date: /home/GTL/mgaddam/CS7630/ros2_ws/install/task_manager_msgs/local/lib/python3.10/dist-packages/task_manager_msgs/msg/_encapsulated_message.py
[2.912s] -- Up-to-date: /home/GTL/mgaddam/CS7630/ros2_ws/install/task_manager_msgs/local/lib/python3.10/dist-packages/task_manager_msgs/msg/_task_config_s.c
[2.913s] -- Up-to-date: /home/GTL/mgaddam/CS7630/ros2_ws/install/task_manager_msgs/local/lib/python3.10/dist-packages/task_manager_msgs/msg/_task_status_s.c
[2.913s] -- Up-to-date: /home/GTL/mgaddam/CS7630/ros2_ws/install/task_manager_msgs/local/lib/python3.10/dist-packages/task_manager_msgs/task_manager_msgs_s__rosidl_typesupport_introspection_c.cpython-310-x86_64-linux-gnu.so
[2.914s] -- Up-to-date: /home/GTL/mgaddam/CS7630/ros2_ws/install/task_manager_msgs/local/lib/python3.10/dist-packages/task_manager_msgs/_task_manager_msgs_s.ep.rosidl_typesupport_introspection_c.c
[2.914s] -- Up-to-date: /home/GTL/mgaddam/CS7630/ros2_ws/install/task_manager_msgs/local/lib/python3.10/dist-packages/task_manager_msgs/__init__.py
[2.915s] -- Up-to-date: /home/GTL/mgaddam/CS7630/ros2_ws/install/task_manager_msgs/local/lib/python3.10/dist-packages/task_manager_msgs/_task_manager_msgs_s.ep.rosidl_typesupport_c.c
[2.915s] -- Up-to-date: /home/GTL/mgaddam/CS7630/ros2_ws/install/task_manager_msgs/local/lib/python3.10/dist-packages/task_manager_msgs/task_manager_msgs_s__rosidl_typesupport_c.cpython-310-x86_64-linux-gnu.so
[2.915s] -- Up-to-date: /home/GTL/mgaddam/CS7630/ros2_ws/install/task_manager_msgs/local/lib/python3.10/dist-packages/task_manager_msgs/srv
[2.916s] -- Up-to-date: /home/GTL/mgaddam/CS7630/ros2_ws/install/task_manager_msgs/local/lib/python3.10/dist-packages/task_manager_msgs/srv/_stop_task_s.c
[2.917s] -- Up-to-date: /home/GTL/mgaddam/CS7630/ros2_ws/install/task_manager_msgs/local/lib/python3.10/dist-packages/task_manager_msgs/srv/_start_task_s.c
[2.917s] -- Up-to-date: /home/GTL/mgaddam/CS7630/ros2_ws/install/task_manager_msgs/local/lib/python3.10/dist-packages/task_manager_msgs/srv/_get_all_task_status_s.c
[2.918s] -- Up-to-date: /home/GTL/mgaddam/CS7630/ros2_ws/install/task_manager_msgs/local/lib/python3.10/dist-packages/task_manager_msgs/srv/_get_task_list.py
[2.918s] -- Up-to-date: /home/GTL/mgaddam/CS7630/ros2_ws/install/task_manager_msgs/local/lib/python3.10/dist-packages/task_manager_msgs/srv/__init__.py
[2.919s] -- Up-to-date: /home/GTL/mgaddam/CS7630/ros2_ws/install/task_manager_msgs/local/lib/python3.10/dist-packages/task_manager_msgs/srv/_get_all_task_status.py
[2.919s] -- Up-to-date: /home/GTL/mgaddam/CS7630/ros2_ws/install/task_manager_msgs/local/lib/python3.10/dist-packages/task_manager_msgs/srv/_stop_task.py
[2.920s] -- Up-to-date: /home/GTL/mgaddam/CS7630/ros2_ws/install/task_manager_msgs/local/lib/python3.10/dist-packages/task_manager_msgs/srv/_get_task_list_s.c
[2.920s] -- Up-to-date: /home/GTL/mgaddam/CS7630/ros2_ws/install/task_manager_msgs/local/lib/python3.10/dist-packages/task_manager_msgs/srv/_start_task.py
[2.920s] -- Up-to-date: /home/GTL/mgaddam/CS7630/ros2_ws/install/task_manager_msgs/local/lib/python3.10/dist-packages/task_manager_msgs/_task_manager_msgs_s.ep.rosidl_typesupport_fastrtps_c.c
[2.921s] -- Up-to-date: /home/GTL/mgaddam/CS7630/ros2_ws/install/task_manager_msgs/local/lib/python3.10/dist-packages/task_manager_msgs/task_manager_msgs_s__rosidl_typesupport_fastrtps_c.cpython-310-x86_64-linux-gnu.so
[2.921s] -- Up-to-date: /home/GTL/mgaddam/CS7630/ros2_ws/install/task_manager_msgs/local/lib/python3.10/dist-packages/task_manager_msgs/libtask_manager_msgs__rosidl_generator_py.so
[2.956s] Listing '/home/GTL/mgaddam/CS7630/ros2_ws/install/task_manager_msgs/local/lib/python3.10/dist-packages/task_manager_msgs'...
[2.957s] Listing '/home/GTL/mgaddam/CS7630/ros2_ws/install/task_manager_msgs/local/lib/python3.10/dist-packages/task_manager_msgs/msg'...
[2.957s] Listing '/home/GTL/mgaddam/CS7630/ros2_ws/install/task_manager_msgs/local/lib/python3.10/dist-packages/task_manager_msgs/srv'...
[2.962s] -- Up-to-date: /home/GTL/mgaddam/CS7630/ros2_ws/install/task_manager_msgs/local/lib/python3.10/dist-packages/task_manager_msgs/task_manager_msgs_s__rosidl_typesupport_fastrtps_c.cpython-310-x86_64-linux-gnu.so
[2.971s] -- Up-to-date: /home/GTL/mgaddam/CS7630/ros2_ws/install/task_manager_msgs/local/lib/python3.10/dist-packages/task_manager_msgs/task_manager_msgs_s__rosidl_typesupport_introspection_c.cpython-310-x86_64-linux-gnu.so
[2.972s] -- Up-to-date: /home/GTL/mgaddam/CS7630/ros2_ws/install/task_manager_msgs/local/lib/python3.10/dist-packages/task_manager_msgs/task_manager_msgs_s__rosidl_typesupport_c.cpython-310-x86_64-linux-gnu.so
[2.976s] -- Up-to-date: /home/GTL/mgaddam/CS7630/ros2_ws/install/task_manager_msgs/lib/libtask_manager_msgs__rosidl_generator_py.so
[2.979s] -- Up-to-date: /home/GTL/mgaddam/CS7630/ros2_ws/install/task_manager_msgs/share/task_manager_msgs/srv/GetAllTaskStatus.idl
[2.980s] -- Up-to-date: /home/GTL/mgaddam/CS7630/ros2_ws/install/task_manager_msgs/share/task_manager_msgs/srv/StartTask.idl
[2.981s] -- Up-to-date: /home/GTL/mgaddam/CS7630/ros2_ws/install/task_manager_msgs/share/task_manager_msgs/srv/StopTask.idl
[2.981s] -- Up-to-date: /home/GTL/mgaddam/CS7630/ros2_ws/install/task_manager_msgs/share/task_manager_msgs/srv/GetTaskList.idl
[2.982s] -- Up-to-date: /home/GTL/mgaddam/CS7630/ros2_ws/install/task_manager_msgs/share/task_manager_msgs/msg/TaskDescription.idl
[2.982s] -- Up-to-date: /home/GTL/mgaddam/CS7630/ros2_ws/install/task_manager_msgs/share/task_manager_msgs/msg/TaskParameter.idl
[2.983s] -- Up-to-date: /home/GTL/mgaddam/CS7630/ros2_ws/install/task_manager_msgs/share/task_manager_msgs/msg/TaskStatus.idl
[2.983s] -- Up-to-date: /home/GTL/mgaddam/CS7630/ros2_ws/install/task_manager_msgs/share/task_manager_msgs/msg/TaskConfig.idl
[2.984s] -- Up-to-date: /home/GTL/mgaddam/CS7630/ros2_ws/install/task_manager_msgs/share/task_manager_msgs/msg/SyncStatus.idl
[2.985s] -- Up-to-date: /home/GTL/mgaddam/CS7630/ros2_ws/install/task_manager_msgs/share/task_manager_msgs/msg/EncapsulatedMessage.idl
[2.985s] -- Up-to-date: /home/GTL/mgaddam/CS7630/ros2_ws/install/task_manager_msgs/share/task_manager_msgs/srv/GetAllTaskStatus.srv
[2.986s] -- Up-to-date: /home/GTL/mgaddam/CS7630/ros2_ws/install/task_manager_msgs/share/task_manager_msgs/srv/GetAllTaskStatus_Request.msg
[2.987s] -- Up-to-date: /home/GTL/mgaddam/CS7630/ros2_ws/install/task_manager_msgs/share/task_manager_msgs/srv/GetAllTaskStatus_Response.msg
[2.987s] -- Up-to-date: /home/GTL/mgaddam/CS7630/ros2_ws/install/task_manager_msgs/share/task_manager_msgs/srv/StartTask.srv
[2.988s] -- Up-to-date: /home/GTL/mgaddam/CS7630/ros2_ws/install/task_manager_msgs/share/task_manager_msgs/srv/StartTask_Request.msg
[2.989s] -- Up-to-date: /home/GTL/mgaddam/CS7630/ros2_ws/install/task_manager_msgs/share/task_manager_msgs/srv/StartTask_Response.msg
[2.989s] -- Up-to-date: /home/GTL/mgaddam/CS7630/ros2_ws/install/task_manager_msgs/share/task_manager_msgs/srv/StopTask.srv
[2.990s] -- Up-to-date: /home/GTL/mgaddam/CS7630/ros2_ws/install/task_manager_msgs/share/task_manager_msgs/srv/StopTask_Request.msg
[2.992s] -- Up-to-date: /home/GTL/mgaddam/CS7630/ros2_ws/install/task_manager_msgs/share/task_manager_msgs/srv/StopTask_Response.msg
[2.992s] -- Up-to-date: /home/GTL/mgaddam/CS7630/ros2_ws/install/task_manager_msgs/share/task_manager_msgs/srv/GetTaskList.srv
[2.992s] -- Up-to-date: /home/GTL/mgaddam/CS7630/ros2_ws/install/task_manager_msgs/share/task_manager_msgs/srv/GetTaskList_Request.msg
[2.992s] -- Up-to-date: /home/GTL/mgaddam/CS7630/ros2_ws/install/task_manager_msgs/share/task_manager_msgs/srv/GetTaskList_Response.msg
[2.993s] -- Up-to-date: /home/GTL/mgaddam/CS7630/ros2_ws/install/task_manager_msgs/share/task_manager_msgs/msg/TaskDescription.msg
[2.994s] -- Up-to-date: /home/GTL/mgaddam/CS7630/ros2_ws/install/task_manager_msgs/share/task_manager_msgs/msg/TaskParameter.msg
[2.994s] -- Up-to-date: /home/GTL/mgaddam/CS7630/ros2_ws/install/task_manager_msgs/share/task_manager_msgs/msg/TaskStatus.msg
[2.995s] -- Up-to-date: /home/GTL/mgaddam/CS7630/ros2_ws/install/task_manager_msgs/share/task_manager_msgs/msg/TaskConfig.msg
[2.995s] -- Up-to-date: /home/GTL/mgaddam/CS7630/ros2_ws/install/task_manager_msgs/share/task_manager_msgs/msg/SyncStatus.msg
[2.996s] -- Up-to-date: /home/GTL/mgaddam/CS7630/ros2_ws/install/task_manager_msgs/share/task_manager_msgs/msg/EncapsulatedMessage.msg
[2.998s] -- Up-to-date: /home/GTL/mgaddam/CS7630/ros2_ws/install/task_manager_msgs/lib/task_manager_msgs/task_manager_msgs_encapsulate
[3.001s] -- Up-to-date: /home/GTL/mgaddam/CS7630/ros2_ws/install/task_manager_msgs/share/ament_index/resource_index/package_run_dependencies/task_manager_msgs
[3.002s] -- Up-to-date: /home/GTL/mgaddam/CS7630/ros2_ws/install/task_manager_msgs/share/ament_index/resource_index/parent_prefix_path/task_manager_msgs
[3.002s] -- Up-to-date: /home/GTL/mgaddam/CS7630/ros2_ws/install/task_manager_msgs/share/task_manager_msgs/environment/ament_prefix_path.sh
[3.003s] -- Up-to-date: /home/GTL/mgaddam/CS7630/ros2_ws/install/task_manager_msgs/share/task_manager_msgs/environment/ament_prefix_path.dsv
[3.004s] -- Up-to-date: /home/GTL/mgaddam/CS7630/ros2_ws/install/task_manager_msgs/share/task_manager_msgs/environment/path.sh
[3.005s] -- Up-to-date: /home/GTL/mgaddam/CS7630/ros2_ws/install/task_manager_msgs/share/task_manager_msgs/environment/path.dsv
[3.006s] -- Up-to-date: /home/GTL/mgaddam/CS7630/ros2_ws/install/task_manager_msgs/share/task_manager_msgs/local_setup.bash
[3.006s] -- Up-to-date: /home/GTL/mgaddam/CS7630/ros2_ws/install/task_manager_msgs/share/task_manager_msgs/local_setup.sh
[3.007s] -- Up-to-date: /home/GTL/mgaddam/CS7630/ros2_ws/install/task_manager_msgs/share/task_manager_msgs/local_setup.zsh
[3.008s] -- Up-to-date: /home/GTL/mgaddam/CS7630/ros2_ws/install/task_manager_msgs/share/task_manager_msgs/local_setup.dsv
[3.009s] -- Installing: /home/GTL/mgaddam/CS7630/ros2_ws/install/task_manager_msgs/share/task_manager_msgs/package.dsv
[3.014s] -- Up-to-date: /home/GTL/mgaddam/CS7630/ros2_ws/install/task_manager_msgs/share/ament_index/resource_index/packages/task_manager_msgs
[3.017s] -- Up-to-date: /home/GTL/mgaddam/CS7630/ros2_ws/install/task_manager_msgs/share/task_manager_msgs/cmake/export_task_manager_msgs__rosidl_generator_cExport.cmake
[3.018s] -- Up-to-date: /home/GTL/mgaddam/CS7630/ros2_ws/install/task_manager_msgs/share/task_manager_msgs/cmake/export_task_manager_msgs__rosidl_generator_cExport-noconfig.cmake
[3.019s] -- Up-to-date: /home/GTL/mgaddam/CS7630/ros2_ws/install/task_manager_msgs/share/task_manager_msgs/cmake/export_task_manager_msgs__rosidl_typesupport_fastrtps_cExport.cmake
[3.020s] -- Up-to-date: /home/GTL/mgaddam/CS7630/ros2_ws/install/task_manager_msgs/share/task_manager_msgs/cmake/export_task_manager_msgs__rosidl_typesupport_fastrtps_cExport-noconfig.cmake
[3.021s] -- Up-to-date: /home/GTL/mgaddam/CS7630/ros2_ws/install/task_manager_msgs/share/task_manager_msgs/cmake/export_task_manager_msgs__rosidl_generator_cppExport.cmake
[3.023s] -- Up-to-date: /home/GTL/mgaddam/CS7630/ros2_ws/install/task_manager_msgs/share/task_manager_msgs/cmake/export_task_manager_msgs__rosidl_typesupport_fastrtps_cppExport.cmake
[3.024s] -- Up-to-date: /home/GTL/mgaddam/CS7630/ros2_ws/install/task_manager_msgs/share/task_manager_msgs/cmake/export_task_manager_msgs__rosidl_typesupport_fastrtps_cppExport-noconfig.cmake
[3.025s] -- Up-to-date: /home/GTL/mgaddam/CS7630/ros2_ws/install/task_manager_msgs/share/task_manager_msgs/cmake/task_manager_msgs__rosidl_typesupport_introspection_cExport.cmake
[3.026s] -- Up-to-date: /home/GTL/mgaddam/CS7630/ros2_ws/install/task_manager_msgs/share/task_manager_msgs/cmake/task_manager_msgs__rosidl_typesupport_introspection_cExport-noconfig.cmake
[3.028s] -- Up-to-date: /home/GTL/mgaddam/CS7630/ros2_ws/install/task_manager_msgs/share/task_manager_msgs/cmake/task_manager_msgs__rosidl_typesupport_cExport.cmake
[3.029s] -- Up-to-date: /home/GTL/mgaddam/CS7630/ros2_ws/install/task_manager_msgs/share/task_manager_msgs/cmake/task_manager_msgs__rosidl_typesupport_cExport-noconfig.cmake
[3.031s] -- Up-to-date: /home/GTL/mgaddam/CS7630/ros2_ws/install/task_manager_msgs/share/task_manager_msgs/cmake/task_manager_msgs__rosidl_typesupport_introspection_cppExport.cmake
[3.032s] -- Up-to-date: /home/GTL/mgaddam/CS7630/ros2_ws/install/task_manager_msgs/share/task_manager_msgs/cmake/task_manager_msgs__rosidl_typesupport_introspection_cppExport-noconfig.cmake
[3.034s] -- Up-to-date: /home/GTL/mgaddam/CS7630/ros2_ws/install/task_manager_msgs/share/task_manager_msgs/cmake/task_manager_msgs__rosidl_typesupport_cppExport.cmake
[3.035s] -- Up-to-date: /home/GTL/mgaddam/CS7630/ros2_ws/install/task_manager_msgs/share/task_manager_msgs/cmake/task_manager_msgs__rosidl_typesupport_cppExport-noconfig.cmake
[3.037s] -- Up-to-date: /home/GTL/mgaddam/CS7630/ros2_ws/install/task_manager_msgs/share/task_manager_msgs/cmake/export_task_manager_msgs__rosidl_generator_pyExport.cmake
[3.038s] -- Up-to-date: /home/GTL/mgaddam/CS7630/ros2_ws/install/task_manager_msgs/share/task_manager_msgs/cmake/export_task_manager_msgs__rosidl_generator_pyExport-noconfig.cmake
[3.039s] -- Up-to-date: /home/GTL/mgaddam/CS7630/ros2_ws/install/task_manager_msgs/share/task_manager_msgs/cmake/rosidl_cmake-extras.cmake
[3.039s] -- Up-to-date: /home/GTL/mgaddam/CS7630/ros2_ws/install/task_manager_msgs/share/task_manager_msgs/cmake/ament_cmake_export_dependencies-extras.cmake
[3.041s] -- Up-to-date: /home/GTL/mgaddam/CS7630/ros2_ws/install/task_manager_msgs/share/task_manager_msgs/cmake/ament_cmake_export_include_directories-extras.cmake
[3.041s] -- Up-to-date: /home/GTL/mgaddam/CS7630/ros2_ws/install/task_manager_msgs/share/task_manager_msgs/cmake/ament_cmake_export_libraries-extras.cmake
[3.041s] -- Up-to-date: /home/GTL/mgaddam/CS7630/ros2_ws/install/task_manager_msgs/share/task_manager_msgs/cmake/ament_cmake_export_targets-extras.cmake
[3.042s] -- Up-to-date: /home/GTL/mgaddam/CS7630/ros2_ws/install/task_manager_msgs/share/task_manager_msgs/cmake/rosidl_cmake_export_typesupport_targets-extras.cmake
[3.043s] -- Up-to-date: /home/GTL/mgaddam/CS7630/ros2_ws/install/task_manager_msgs/share/task_manager_msgs/cmake/rosidl_cmake_export_typesupport_libraries-extras.cmake
[3.043s] -- Up-to-date: /home/GTL/mgaddam/CS7630/ros2_ws/install/task_manager_msgs/share/task_manager_msgs/cmake/task_manager_msgsConfig.cmake
[3.044s] -- Up-to-date: /home/GTL/mgaddam/CS7630/ros2_ws/install/task_manager_msgs/share/task_manager_msgs/cmake/task_manager_msgsConfig-version.cmake
[3.044s] -- Up-to-date: /home/GTL/mgaddam/CS7630/ros2_ws/install/task_manager_msgs/share/task_manager_msgs/package.xml
[3.357s] Invoked command in '/home/GTL/mgaddam/CS7630/ros2_ws/build/task_manager_msgs' returned '0': CMAKE_PREFIX_PATH=${CMAKE_PREFIX_PATH}:/home/GTL/mgaddam/CS7630/ros2_ws/install/wpa_cli:/home/GTL/mgaddam/CS7630/ros2_ws/install/vrep_ros_teleop:/home/GTL/mgaddam/CS7630/ros2_ws/install/task_manager_client_py:/home/GTL/mgaddam/CS7630/ros2_ws/install/ar_slam_base:/home/GTL/mgaddam/CS7630/ros2_ws/install/ar_loc_base:/home/GTL/mgaddam/CS7630/ros2_ws/install/rover_driver_base:/home/GTL/mgaddam/CS7630/ros2_ws/install/keyboard_teleop:/home/GTL/mgaddam/CS7630/ros2_ws/install/face_detect_base:/home/GTL/mgaddam/CS7630/ros2_ws/install/button_server:/home/GTL/mgaddam/CS7630/ros2_ws/install/ar_mapping_base:/opt/ros/humble /usr/bin/cmake --install /home/GTL/mgaddam/CS7630/ros2_ws/build/task_manager_msgs
