[1.805s] Invoking command in '/home/GTL/mgaddam/CS7630/ros2_ws/src/face_detect': AMENT_PREFIX_PATH=/home/GTL/mgaddam/CS7630/ros2_ws/install/cs7630_msgs:${AMENT_PREFIX_PATH} CMAKE_PREFIX_PATH=/home/GTL/mgaddam/CS7630/ros2_ws/install/cs7630_msgs LD_LIBRARY_PATH=/home/GTL/mgaddam/CS7630/ros2_ws/install/cs7630_msgs/lib:${LD_LIBRARY_PATH} PYTHONPATH=/home/GTL/mgaddam/CS7630/ros2_ws/build/face_detect_base/prefix_override:/home/GTL/mgaddam/CS7630/ros2_ws/install/face_detect_base/lib/python3.10/site-packages:/home/GTL/mgaddam/CS7630/ros2_ws/install/cs7630_msgs/local/lib/python3.10/dist-packages:${PYTHONPATH} /usr/bin/python3 setup.py egg_info --egg-base ../../build/face_detect_base build --build-base /home/GTL/mgaddam/CS7630/ros2_ws/build/face_detect_base/build install --record /home/GTL/mgaddam/CS7630/ros2_ws/build/face_detect_base/install.log --single-version-externally-managed
[1.969s] running egg_info
[1.970s] writing ../../build/face_detect_base/face_detect_base.egg-info/PKG-INFO
[1.972s] writing dependency_links to ../../build/face_detect_base/face_detect_base.egg-info/dependency_links.txt
[1.973s] writing entry points to ../../build/face_detect_base/face_detect_base.egg-info/entry_points.txt
[1.974s] writing requirements to ../../build/face_detect_base/face_detect_base.egg-info/requires.txt
[1.975s] writing top-level names to ../../build/face_detect_base/face_detect_base.egg-info/top_level.txt
[1.979s] reading manifest file '../../build/face_detect_base/face_detect_base.egg-info/SOURCES.txt'
[1.980s] writing manifest file '../../build/face_detect_base/face_detect_base.egg-info/SOURCES.txt'
[1.981s] running build
[1.981s] running build_py
[1.983s] running install
[1.983s] /usr/lib/python3/dist-packages/setuptools/command/install.py:34: SetuptoolsDeprecationWarning: setup.py install is deprecated. Use build and pip and other standards-based tools.
[1.984s]   warnings.warn(
[1.984s] running install_lib
[1.987s] running install_data
[1.988s] running install_egg_info
[1.989s] removing '/home/GTL/mgaddam/CS7630/ros2_ws/install/face_detect_base/lib/python3.10/site-packages/face_detect_base-0.0.0-py3.10.egg-info' (and everything under it)
[1.993s] Copying ../../build/face_detect_base/face_detect_base.egg-info to /home/GTL/mgaddam/CS7630/ros2_ws/install/face_detect_base/lib/python3.10/site-packages/face_detect_base-0.0.0-py3.10.egg-info
[2.013s] running install_scripts
[2.027s] Installing face_detect_node script to /home/GTL/mgaddam/CS7630/ros2_ws/install/face_detect_base/lib/face_detect_base
[2.029s] writing list of installed files to '/home/GTL/mgaddam/CS7630/ros2_ws/build/face_detect_base/install.log'
[2.145s] Invoked command in '/home/GTL/mgaddam/CS7630/ros2_ws/src/face_detect' returned '0': AMENT_PREFIX_PATH=/home/GTL/mgaddam/CS7630/ros2_ws/install/cs7630_msgs:${AMENT_PREFIX_PATH} CMAKE_PREFIX_PATH=/home/GTL/mgaddam/CS7630/ros2_ws/install/cs7630_msgs LD_LIBRARY_PATH=/home/GTL/mgaddam/CS7630/ros2_ws/install/cs7630_msgs/lib:${LD_LIBRARY_PATH} PYTHONPATH=/home/GTL/mgaddam/CS7630/ros2_ws/build/face_detect_base/prefix_override:/home/GTL/mgaddam/CS7630/ros2_ws/install/face_detect_base/lib/python3.10/site-packages:/home/GTL/mgaddam/CS7630/ros2_ws/install/cs7630_msgs/local/lib/python3.10/dist-packages:${PYTHONPATH} /usr/bin/python3 setup.py egg_info --egg-base ../../build/face_detect_base build --build-base /home/GTL/mgaddam/CS7630/ros2_ws/build/face_detect_base/build install --record /home/GTL/mgaddam/CS7630/ros2_ws/build/face_detect_base/install.log --single-version-externally-managed
