[2.813s] Invoking command in '/home/GTL/mgaddam/CS7630/ros2_ws/src/keyboard_teleop': PYTHONPATH=/home/GTL/mgaddam/CS7630/ros2_ws/build/keyboard_teleop/prefix_override:/home/GTL/mgaddam/CS7630/ros2_ws/install/keyboard_teleop/lib/python3.10/site-packages:${PYTHONPATH} /usr/bin/python3 setup.py egg_info --egg-base ../../build/keyboard_teleop build --build-base /home/GTL/mgaddam/CS7630/ros2_ws/build/keyboard_teleop/build install --record /home/GTL/mgaddam/CS7630/ros2_ws/build/keyboard_teleop/install.log --single-version-externally-managed
[3.023s] running egg_info
[3.023s] writing ../../build/keyboard_teleop/keyboard_teleop.egg-info/PKG-INFO
[3.025s] writing dependency_links to ../../build/keyboard_teleop/keyboard_teleop.egg-info/dependency_links.txt
[3.026s] writing entry points to ../../build/keyboard_teleop/keyboard_teleop.egg-info/entry_points.txt
[3.026s] writing requirements to ../../build/keyboard_teleop/keyboard_teleop.egg-info/requires.txt
[3.027s] writing top-level names to ../../build/keyboard_teleop/keyboard_teleop.egg-info/top_level.txt
[3.030s] reading manifest file '../../build/keyboard_teleop/keyboard_teleop.egg-info/SOURCES.txt'
[3.031s] writing manifest file '../../build/keyboard_teleop/keyboard_teleop.egg-info/SOURCES.txt'
[3.032s] running build
[3.032s] running build_py
[3.034s] running install
[3.034s] /usr/lib/python3/dist-packages/setuptools/command/install.py:34: SetuptoolsDeprecationWarning: setup.py install is deprecated. Use build and pip and other standards-based tools.
[3.034s]   warnings.warn(
[3.034s] running install_lib
[3.035s] running install_data
[3.036s] running install_egg_info
[3.037s] removing '/home/GTL/mgaddam/CS7630/ros2_ws/install/keyboard_teleop/lib/python3.10/site-packages/keyboard_teleop-0.0.0-py3.10.egg-info' (and everything under it)
[3.040s] Copying ../../build/keyboard_teleop/keyboard_teleop.egg-info to /home/GTL/mgaddam/CS7630/ros2_ws/install/keyboard_teleop/lib/python3.10/site-packages/keyboard_teleop-0.0.0-py3.10.egg-info
[3.056s] running install_scripts
[3.073s] Installing keyboard_joystick_node script to /home/GTL/mgaddam/CS7630/ros2_ws/install/keyboard_teleop/lib/keyboard_teleop
[3.074s] Installing keyboard_teleop_node script to /home/GTL/mgaddam/CS7630/ros2_ws/install/keyboard_teleop/lib/keyboard_teleop
[3.076s] writing list of installed files to '/home/GTL/mgaddam/CS7630/ros2_ws/build/keyboard_teleop/install.log'
[3.703s] Invoked command in '/home/GTL/mgaddam/CS7630/ros2_ws/src/keyboard_teleop' returned '0': PYTHONPATH=/home/GTL/mgaddam/CS7630/ros2_ws/build/keyboard_teleop/prefix_override:/home/GTL/mgaddam/CS7630/ros2_ws/install/keyboard_teleop/lib/python3.10/site-packages:${PYTHONPATH} /usr/bin/python3 setup.py egg_info --egg-base ../../build/keyboard_teleop build --build-base /home/GTL/mgaddam/CS7630/ros2_ws/build/keyboard_teleop/build install --record /home/GTL/mgaddam/CS7630/ros2_ws/build/keyboard_teleop/install.log --single-version-externally-managed
