[2.372s] Invoking command in '/home/GTL/mgaddam/CS7630/ros2_ws/src/ros_task_manager/src/task_manager_client_py': CMAKE_PREFIX_PATH=/home/GTL/mgaddam/CS7630/ros2_ws/install/task_manager_msgs:/home/GTL/mgaddam/CS7630/ros2_ws/install/wifi_map_base:/home/GTL/mgaddam/CS7630/ros2_ws/install/wpa_cli_msgs:/home/GTL/mgaddam/CS7630/ros2_ws/install/vrep4_helpers:/home/GTL/mgaddam/CS7630/ros2_ws/install/turtlebot_launch:/home/GTL/mgaddam/CS7630/ros2_ws/install/task_manager_sync:/home/GTL/mgaddam/CS7630/ros2_ws/install/floor_nav:/home/GTL/mgaddam/CS7630/ros2_ws/install/task_manager_nav2:/home/GTL/mgaddam/CS7630/ros2_ws/install/task_manager_lib:/home/GTL/mgaddam/CS7630/ros2_ws/install/cs7630_msgs:/home/GTL/mgaddam/CS7630/ros2_ws/install/collision_avoidance_base LD_LIBRARY_PATH=/home/GTL/mgaddam/CS7630/ros2_ws/install/task_manager_msgs/lib:/home/GTL/mgaddam/CS7630/ros2_ws/install/wpa_cli_msgs/lib:/home/GTL/mgaddam/CS7630/ros2_ws/install/task_manager_sync/lib:/home/GTL/mgaddam/CS7630/ros2_ws/install/task_manager_lib/lib:/home/GTL/mgaddam/CS7630/ros2_ws/install/cs7630_msgs/lib:/usr/lib/x86_64-linux-gnu/gazebo-11/plugins:/opt/ros/humble/opt/rviz_ogre_vendor/lib:/opt/ros/humble/lib/x86_64-linux-gnu:/opt/ros/humble/lib PYTHONPATH=/home/GTL/mgaddam/CS7630/ros2_ws/build/task_manager_client_py/prefix_override:/home/GTL/mgaddam/CS7630/ros2_ws/install/task_manager_client_py/lib/python3.10/site-packages:${PYTHONPATH} /usr/bin/python3 setup.py egg_info --egg-base ../../../../build/task_manager_client_py build --build-base /home/GTL/mgaddam/CS7630/ros2_ws/build/task_manager_client_py/build install --record /home/GTL/mgaddam/CS7630/ros2_ws/build/task_manager_client_py/install.log --install-scripts $base/lib/task_manager_client_py --single-version-externally-managed
[2.560s] /usr/lib/python3/dist-packages/setuptools/dist.py:723: UserWarning: Usage of dash-separated 'script-dir' will not be supported in future versions. Please use the underscore name 'script_dir' instead
[2.561s]   warnings.warn(
[2.569s] running egg_info
[2.570s] writing ../../../../build/task_manager_client_py/task_manager_client_py.egg-info/PKG-INFO
[2.570s] writing dependency_links to ../../../../build/task_manager_client_py/task_manager_client_py.egg-info/dependency_links.txt
[2.571s] writing entry points to ../../../../build/task_manager_client_py/task_manager_client_py.egg-info/entry_points.txt
[2.572s] writing requirements to ../../../../build/task_manager_client_py/task_manager_client_py.egg-info/requires.txt
[2.572s] writing top-level names to ../../../../build/task_manager_client_py/task_manager_client_py.egg-info/top_level.txt
[2.578s] reading manifest file '../../../../build/task_manager_client_py/task_manager_client_py.egg-info/SOURCES.txt'
[2.580s] writing manifest file '../../../../build/task_manager_client_py/task_manager_client_py.egg-info/SOURCES.txt'
[2.581s] running build
[2.581s] running build_py
[2.583s] running build_scripts
[2.584s] running install
[2.584s] /usr/lib/python3/dist-packages/setuptools/command/install.py:34: SetuptoolsDeprecationWarning: setup.py install is deprecated. Use build and pip and other standards-based tools.
[2.584s]   warnings.warn(
[2.584s] running install_lib
[2.588s] running install_data
[2.589s] running install_egg_info
[2.590s] removing '/home/GTL/mgaddam/CS7630/ros2_ws/install/task_manager_client_py/lib/python3.10/site-packages/task_manager_client_py-0.0.0-py3.10.egg-info' (and everything under it)
[2.593s] Copying ../../../../build/task_manager_client_py/task_manager_client_py.egg-info to /home/GTL/mgaddam/CS7630/ros2_ws/install/task_manager_client_py/lib/python3.10/site-packages/task_manager_client_py-0.0.0-py3.10.egg-info
[2.609s] running install_scripts
[2.624s] changing mode of /home/GTL/mgaddam/CS7630/ros2_ws/install/task_manager_client_py/lib/task_manager_client_py/console to 775
[2.624s] changing mode of /home/GTL/mgaddam/CS7630/ros2_ws/install/task_manager_client_py/lib/task_manager_client_py/console.py to 775
[2.626s] Installing tasklist script to /home/GTL/mgaddam/CS7630/ros2_ws/install/task_manager_client_py/lib/task_manager_client_py
[2.628s] writing list of installed files to '/home/GTL/mgaddam/CS7630/ros2_ws/build/task_manager_client_py/install.log'
[2.909s] Invoked command in '/home/GTL/mgaddam/CS7630/ros2_ws/src/ros_task_manager/src/task_manager_client_py' returned '0': CMAKE_PREFIX_PATH=/home/GTL/mgaddam/CS7630/ros2_ws/install/task_manager_msgs:/home/GTL/mgaddam/CS7630/ros2_ws/install/wifi_map_base:/home/GTL/mgaddam/CS7630/ros2_ws/install/wpa_cli_msgs:/home/GTL/mgaddam/CS7630/ros2_ws/install/vrep4_helpers:/home/GTL/mgaddam/CS7630/ros2_ws/install/turtlebot_launch:/home/GTL/mgaddam/CS7630/ros2_ws/install/task_manager_sync:/home/GTL/mgaddam/CS7630/ros2_ws/install/floor_nav:/home/GTL/mgaddam/CS7630/ros2_ws/install/task_manager_nav2:/home/GTL/mgaddam/CS7630/ros2_ws/install/task_manager_lib:/home/GTL/mgaddam/CS7630/ros2_ws/install/cs7630_msgs:/home/GTL/mgaddam/CS7630/ros2_ws/install/collision_avoidance_base LD_LIBRARY_PATH=/home/GTL/mgaddam/CS7630/ros2_ws/install/task_manager_msgs/lib:/home/GTL/mgaddam/CS7630/ros2_ws/install/wpa_cli_msgs/lib:/home/GTL/mgaddam/CS7630/ros2_ws/install/task_manager_sync/lib:/home/GTL/mgaddam/CS7630/ros2_ws/install/task_manager_lib/lib:/home/GTL/mgaddam/CS7630/ros2_ws/install/cs7630_msgs/lib:/usr/lib/x86_64-linux-gnu/gazebo-11/plugins:/opt/ros/humble/opt/rviz_ogre_vendor/lib:/opt/ros/humble/lib/x86_64-linux-gnu:/opt/ros/humble/lib PYTHONPATH=/home/GTL/mgaddam/CS7630/ros2_ws/build/task_manager_client_py/prefix_override:/home/GTL/mgaddam/CS7630/ros2_ws/install/task_manager_client_py/lib/python3.10/site-packages:${PYTHONPATH} /usr/bin/python3 setup.py egg_info --egg-base ../../../../build/task_manager_client_py build --build-base /home/GTL/mgaddam/CS7630/ros2_ws/build/task_manager_client_py/build install --record /home/GTL/mgaddam/CS7630/ros2_ws/build/task_manager_client_py/install.log --install-scripts $base/lib/task_manager_client_py --single-version-externally-managed
