[1.515s] Invoking command in '/home/GTL/mgaddam/CS7630/ros2_ws/build/turtlebot_launch': CMAKE_PREFIX_PATH=${CMAKE_PREFIX_PATH}:/home/GTL/mgaddam/CS7630/ros2_ws/install/wpa_cli:/home/GTL/mgaddam/CS7630/ros2_ws/install/vrep_ros_teleop:/home/GTL/mgaddam/CS7630/ros2_ws/install/task_manager_client_py:/home/GTL/mgaddam/CS7630/ros2_ws/install/ar_slam_base:/home/GTL/mgaddam/CS7630/ros2_ws/install/ar_loc_base:/home/GTL/mgaddam/CS7630/ros2_ws/install/rover_driver_base:/home/GTL/mgaddam/CS7630/ros2_ws/install/keyboard_teleop:/home/GTL/mgaddam/CS7630/ros2_ws/install/face_detect_base:/home/GTL/mgaddam/CS7630/ros2_ws/install/button_server:/home/GTL/mgaddam/CS7630/ros2_ws/install/ar_mapping_base:/opt/ros/humble /usr/bin/cmake --build /home/GTL/mgaddam/CS7630/ros2_ws/build/turtlebot_launch -- -j16 -l16
[1.872s] Invoked command in '/home/GTL/mgaddam/CS7630/ros2_ws/build/turtlebot_launch' returned '0': CMAKE_PREFIX_PATH=${CMAKE_PREFIX_PATH}:/home/GTL/mgaddam/CS7630/ros2_ws/install/wpa_cli:/home/GTL/mgaddam/CS7630/ros2_ws/install/vrep_ros_teleop:/home/GTL/mgaddam/CS7630/ros2_ws/install/task_manager_client_py:/home/GTL/mgaddam/CS7630/ros2_ws/install/ar_slam_base:/home/GTL/mgaddam/CS7630/ros2_ws/install/ar_loc_base:/home/GTL/mgaddam/CS7630/ros2_ws/install/rover_driver_base:/home/GTL/mgaddam/CS7630/ros2_ws/install/keyboard_teleop:/home/GTL/mgaddam/CS7630/ros2_ws/install/face_detect_base:/home/GTL/mgaddam/CS7630/ros2_ws/install/button_server:/home/GTL/mgaddam/CS7630/ros2_ws/install/ar_mapping_base:/opt/ros/humble /usr/bin/cmake --build /home/GTL/mgaddam/CS7630/ros2_ws/build/turtlebot_launch -- -j16 -l16
[1.906s] Invoking command in '/home/GTL/mgaddam/CS7630/ros2_ws/build/turtlebot_launch': CMAKE_PREFIX_PATH=${CMAKE_PREFIX_PATH}:/home/GTL/mgaddam/CS7630/ros2_ws/install/wpa_cli:/home/GTL/mgaddam/CS7630/ros2_ws/install/vrep_ros_teleop:/home/GTL/mgaddam/CS7630/ros2_ws/install/task_manager_client_py:/home/GTL/mgaddam/CS7630/ros2_ws/install/ar_slam_base:/home/GTL/mgaddam/CS7630/ros2_ws/install/ar_loc_base:/home/GTL/mgaddam/CS7630/ros2_ws/install/rover_driver_base:/home/GTL/mgaddam/CS7630/ros2_ws/install/keyboard_teleop:/home/GTL/mgaddam/CS7630/ros2_ws/install/face_detect_base:/home/GTL/mgaddam/CS7630/ros2_ws/install/button_server:/home/GTL/mgaddam/CS7630/ros2_ws/install/ar_mapping_base:/opt/ros/humble /usr/bin/cmake --install /home/GTL/mgaddam/CS7630/ros2_ws/build/turtlebot_launch
[1.909s] -- Install configuration: ""
[1.909s] -- Up-to-date: /home/GTL/mgaddam/CS7630/ros2_ws/install/turtlebot_launch/share/turtlebot_launch
[1.909s] -- Up-to-date: /home/GTL/mgaddam/CS7630/ros2_ws/install/turtlebot_launch/share/turtlebot_launch/tb_slam_env.launch.py
[1.909s] -- Up-to-date: /home/GTL/mgaddam/CS7630/ros2_ws/install/turtlebot_launch/share/turtlebot_launch/kinect_min.launch.py
[1.909s] -- Up-to-date: /home/GTL/mgaddam/CS7630/ros2_ws/install/turtlebot_launch/share/turtlebot_launch/minimal.launch.py
[1.909s] -- Up-to-date: /home/GTL/mgaddam/CS7630/ros2_ws/install/turtlebot_launch/share/turtlebot_launch/slam_tb_sync_rviz.launch.py
[1.909s] -- Up-to-date: /home/GTL/mgaddam/CS7630/ros2_ws/install/turtlebot_launch/share/turtlebot_launch/slam_tb_sync.launch.py
[1.910s] -- Up-to-date: /home/GTL/mgaddam/CS7630/ros2_ws/install/turtlebot_launch/share/turtlebot_launch/aruco_tracker_tb.yaml
[1.910s] -- Up-to-date: /home/GTL/mgaddam/CS7630/ros2_ws/install/turtlebot_launch/share/turtlebot_launch/turtlebot_description.launch.py
[1.910s] -- Up-to-date: /home/GTL/mgaddam/CS7630/ros2_ws/install/turtlebot_launch/share/turtlebot_launch/kinect.launch.py
[1.910s] -- Up-to-date: /home/GTL/mgaddam/CS7630/ros2_ws/install/turtlebot_launch/share/turtlebot_launch/cartographer.launch.py
[1.911s] -- Up-to-date: /home/GTL/mgaddam/CS7630/ros2_ws/install/turtlebot_launch/share/turtlebot_launch/autodock.launch.py
[1.911s] -- Up-to-date: /home/GTL/mgaddam/CS7630/ros2_ws/install/turtlebot_launch/share/turtlebot_launch/turtlebot_cartographer.lua
[1.912s] -- Up-to-date: /home/GTL/mgaddam/CS7630/ros2_ws/install/turtlebot_launch/share/turtlebot_launch/cartographer_rviz.launch.py
[1.913s] -- Up-to-date: /home/GTL/mgaddam/CS7630/ros2_ws/install/turtlebot_launch/share/turtlebot_launch/turtlebot_cartographer.rviz
[1.914s] -- Up-to-date: /home/GTL/mgaddam/CS7630/ros2_ws/install/turtlebot_launch/share/turtlebot_launch/tb3_cartographer.rviz
[1.915s] -- Up-to-date: /home/GTL/mgaddam/CS7630/ros2_ws/install/turtlebot_launch/share/turtlebot_launch/mapper_params_tb_sync.yaml
[1.915s] -- Up-to-date: /home/GTL/mgaddam/CS7630/ros2_ws/install/turtlebot_launch/share/turtlebot_launch/rplidar_a1_launch.py
[1.916s] -- Up-to-date: /home/GTL/mgaddam/CS7630/ros2_ws/install/turtlebot_launch/share/turtlebot_launch/kinect_min_comp.launch.py
[1.917s] -- Up-to-date: /home/GTL/mgaddam/CS7630/ros2_ws/install/turtlebot_launch/share/turtlebot_launch/occupancy_grid.launch.py
[1.917s] -- Up-to-date: /home/GTL/mgaddam/CS7630/ros2_ws/install/turtlebot_launch/share/turtlebot_launch/__pycache__
[1.919s] -- Up-to-date: /home/GTL/mgaddam/CS7630/ros2_ws/install/turtlebot_launch/share/turtlebot_launch/__pycache__/slam_tb_sync_rviz.launch.cpython-310.pyc
[1.920s] -- Up-to-date: /home/GTL/mgaddam/CS7630/ros2_ws/install/turtlebot_launch/share/turtlebot_launch/__pycache__/cartographer_rviz.launch.cpython-310.pyc
[1.920s] -- Installing: /home/GTL/mgaddam/CS7630/ros2_ws/install/turtlebot_launch/share/turtlebot_launch/__pycache__/cartographer.launch.cpython-310.pyc
[1.925s] -- Up-to-date: /home/GTL/mgaddam/CS7630/ros2_ws/install/turtlebot_launch/share/turtlebot_launch/__pycache__/kinect.launch.cpython-310.pyc
[1.926s] -- Up-to-date: /home/GTL/mgaddam/CS7630/ros2_ws/install/turtlebot_launch/share/turtlebot_launch/__pycache__/slam_tb_sync.launch.cpython-310.pyc
[1.926s] -- Installing: /home/GTL/mgaddam/CS7630/ros2_ws/install/turtlebot_launch/share/turtlebot_launch/__pycache__/occupancy_grid.launch.cpython-310.pyc
[1.930s] -- Up-to-date: /home/GTL/mgaddam/CS7630/ros2_ws/install/turtlebot_launch/share/turtlebot_launch/__pycache__/kinect_min.launch.cpython-310.pyc
[1.931s] -- Up-to-date: /home/GTL/mgaddam/CS7630/ros2_ws/install/turtlebot_launch/share/turtlebot_launch/urdf
[1.932s] -- Up-to-date: /home/GTL/mgaddam/CS7630/ros2_ws/install/turtlebot_launch/share/turtlebot_launch/urdf/turtlebot_hardware.urdf.xacro
[1.933s] -- Up-to-date: /home/GTL/mgaddam/CS7630/ros2_ws/install/turtlebot_launch/share/turtlebot_launch/urdf/turtlebot_kinect.urdf.xacro
[1.933s] -- Up-to-date: /home/GTL/mgaddam/CS7630/ros2_ws/install/turtlebot_launch/share/turtlebot_launch/urdf/turtlebot_standalone.urdf.xacro
[1.934s] -- Up-to-date: /home/GTL/mgaddam/CS7630/ros2_ws/install/turtlebot_launch/share/turtlebot_launch/urdf/turtlebot.urdf.xacro
[1.934s] -- Up-to-date: /home/GTL/mgaddam/CS7630/ros2_ws/install/turtlebot_launch/share/turtlebot_launch/urdf/turtlebot_xtion_pro.urdf.xacro
[1.935s] -- Up-to-date: /home/GTL/mgaddam/CS7630/ros2_ws/install/turtlebot_launch/share/turtlebot_launch/urdf/turtlebot_body.urdf.xacro
[1.936s] -- Up-to-date: /home/GTL/mgaddam/CS7630/ros2_ws/install/turtlebot_launch/share/turtlebot_launch/urdf/gazebo.urdf.xacro
[1.937s] -- Up-to-date: /home/GTL/mgaddam/CS7630/ros2_ws/install/turtlebot_launch/share/turtlebot_launch/urdf/turtlebot_calibration.xacro
[1.937s] -- Up-to-date: /home/GTL/mgaddam/CS7630/ros2_ws/install/turtlebot_launch/share/turtlebot_launch/meshes
[1.938s] -- Up-to-date: /home/GTL/mgaddam/CS7630/ros2_ws/install/turtlebot_launch/share/turtlebot_launch/meshes/create_body.tga
[1.939s] -- Up-to-date: /home/GTL/mgaddam/CS7630/ros2_ws/install/turtlebot_launch/share/turtlebot_launch/meshes/plate_2_logo.tga
[1.939s] -- Up-to-date: /home/GTL/mgaddam/CS7630/ros2_ws/install/turtlebot_launch/share/turtlebot_launch/meshes/kinect.dae
[1.940s] -- Up-to-date: /home/GTL/mgaddam/CS7630/ros2_ws/install/turtlebot_launch/share/turtlebot_launch/meshes/68-02421-8000-RA_Turtlebot_F-F_Standoff.dae
[1.940s] -- Up-to-date: /home/GTL/mgaddam/CS7630/ros2_ws/install/turtlebot_launch/share/turtlebot_launch/meshes/kinect.tga
[1.941s] -- Up-to-date: /home/GTL/mgaddam/CS7630/ros2_ws/install/turtlebot_launch/share/turtlebot_launch/meshes/68-04552-1000-RA_Turtlebot_M-F_Standoff.dae
[1.943s] -- Up-to-date: /home/GTL/mgaddam/CS7630/ros2_ws/install/turtlebot_launch/share/turtlebot_launch/meshes/68-04552-2000-RA_Turtlebot_M-F_Standoff_color.png
[1.943s] -- Up-to-date: /home/GTL/mgaddam/CS7630/ros2_ws/install/turtlebot_launch/share/turtlebot_launch/meshes/68-04556-RA_Kinect_Standoff_Assy.dae
[1.944s] -- Up-to-date: /home/GTL/mgaddam/CS7630/ros2_ws/install/turtlebot_launch/share/turtlebot_launch/meshes/plate_0_logo.tga
[1.944s] -- Up-to-date: /home/GTL/mgaddam/CS7630/ros2_ws/install/turtlebot_launch/share/turtlebot_launch/meshes/68-02403-125_Spacer.dae
[1.945s] -- Up-to-date: /home/GTL/mgaddam/CS7630/ros2_ws/install/turtlebot_launch/share/turtlebot_launch/meshes/68-04552-1000-RA_Turtlebot_M-F_Standoff_color.png
[1.945s] -- Up-to-date: /home/GTL/mgaddam/CS7630/ros2_ws/install/turtlebot_launch/share/turtlebot_launch/meshes/68-04552-2000-RA_Turtlebot_M-F_Standoff.dae
[1.946s] -- Up-to-date: /home/GTL/mgaddam/CS7630/ros2_ws/install/turtlebot_launch/share/turtlebot_launch/meshes/68-02421-8000-RA_Turtlebot_F-F_Standoff_color.png
[1.947s] -- Up-to-date: /home/GTL/mgaddam/CS7630/ros2_ws/install/turtlebot_launch/share/turtlebot_launch/meshes/create_body.dae
[1.947s] -- Up-to-date: /home/GTL/mgaddam/CS7630/ros2_ws/install/turtlebot_launch/share/turtlebot_launch/meshes/68-04556-RA_Kinect_Standoff_Assy.3ds
[1.948s] -- Up-to-date: /home/GTL/mgaddam/CS7630/ros2_ws/install/turtlebot_launch/share/turtlebot_launch/meshes/plate_1_logo.tga
[1.948s] -- Up-to-date: /home/GTL/mgaddam/CS7630/ros2_ws/install/turtlebot_launch/share/turtlebot_launch/meshes/plate_0_logo.dae
[1.949s] -- Up-to-date: /home/GTL/mgaddam/CS7630/ros2_ws/install/turtlebot_launch/share/turtlebot_launch/meshes/plate_2_logo.dae
[1.950s] -- Up-to-date: /home/GTL/mgaddam/CS7630/ros2_ws/install/turtlebot_launch/share/turtlebot_launch/meshes/plate_1_logo.dae
[1.950s] -- Up-to-date: /home/GTL/mgaddam/CS7630/ros2_ws/install/turtlebot_launch/share/ament_index/resource_index/package_run_dependencies/turtlebot_launch
[1.950s] -- Up-to-date: /home/GTL/mgaddam/CS7630/ros2_ws/install/turtlebot_launch/share/ament_index/resource_index/parent_prefix_path/turtlebot_launch
[1.951s] -- Up-to-date: /home/GTL/mgaddam/CS7630/ros2_ws/install/turtlebot_launch/share/turtlebot_launch/environment/ament_prefix_path.sh
[1.952s] -- Up-to-date: /home/GTL/mgaddam/CS7630/ros2_ws/install/turtlebot_launch/share/turtlebot_launch/environment/ament_prefix_path.dsv
[1.952s] -- Up-to-date: /home/GTL/mgaddam/CS7630/ros2_ws/install/turtlebot_launch/share/turtlebot_launch/environment/path.sh
[1.953s] -- Up-to-date: /home/GTL/mgaddam/CS7630/ros2_ws/install/turtlebot_launch/share/turtlebot_launch/environment/path.dsv
[1.953s] -- Up-to-date: /home/GTL/mgaddam/CS7630/ros2_ws/install/turtlebot_launch/share/turtlebot_launch/local_setup.bash
[1.954s] -- Up-to-date: /home/GTL/mgaddam/CS7630/ros2_ws/install/turtlebot_launch/share/turtlebot_launch/local_setup.sh
[1.954s] -- Up-to-date: /home/GTL/mgaddam/CS7630/ros2_ws/install/turtlebot_launch/share/turtlebot_launch/local_setup.zsh
[1.955s] -- Up-to-date: /home/GTL/mgaddam/CS7630/ros2_ws/install/turtlebot_launch/share/turtlebot_launch/local_setup.dsv
[1.956s] -- Installing: /home/GTL/mgaddam/CS7630/ros2_ws/install/turtlebot_launch/share/turtlebot_launch/package.dsv
[1.960s] -- Up-to-date: /home/GTL/mgaddam/CS7630/ros2_ws/install/turtlebot_launch/share/ament_index/resource_index/packages/turtlebot_launch
[1.960s] -- Up-to-date: /home/GTL/mgaddam/CS7630/ros2_ws/install/turtlebot_launch/share/turtlebot_launch/cmake/turtlebot_launchConfig.cmake
[1.961s] -- Up-to-date: /home/GTL/mgaddam/CS7630/ros2_ws/install/turtlebot_launch/share/turtlebot_launch/cmake/turtlebot_launchConfig-version.cmake
[1.961s] -- Up-to-date: /home/GTL/mgaddam/CS7630/ros2_ws/install/turtlebot_launch/share/turtlebot_launch/package.xml
[2.099s] Invoked command in '/home/GTL/mgaddam/CS7630/ros2_ws/build/turtlebot_launch' returned '0': CMAKE_PREFIX_PATH=${CMAKE_PREFIX_PATH}:/home/GTL/mgaddam/CS7630/ros2_ws/install/wpa_cli:/home/GTL/mgaddam/CS7630/ros2_ws/install/vrep_ros_teleop:/home/GTL/mgaddam/CS7630/ros2_ws/install/task_manager_client_py:/home/GTL/mgaddam/CS7630/ros2_ws/install/ar_slam_base:/home/GTL/mgaddam/CS7630/ros2_ws/install/ar_loc_base:/home/GTL/mgaddam/CS7630/ros2_ws/install/rover_driver_base:/home/GTL/mgaddam/CS7630/ros2_ws/install/keyboard_teleop:/home/GTL/mgaddam/CS7630/ros2_ws/install/face_detect_base:/home/GTL/mgaddam/CS7630/ros2_ws/install/button_server:/home/GTL/mgaddam/CS7630/ros2_ws/install/ar_mapping_base:/opt/ros/humble /usr/bin/cmake --install /home/GTL/mgaddam/CS7630/ros2_ws/build/turtlebot_launch
