[0.558s] Invoking command in '/home/GTL/mgaddam/CS7630/ros2_ws/src/build/cs7630_msgs': CMAKE_PREFIX_PATH=/opt/ros/humble /usr/bin/cmake --build /home/GTL/mgaddam/CS7630/ros2_ws/src/build/cs7630_msgs -- -j16 -l16
[1.540s] [  3%] Built target cs7630_msgs__cpp
[1.540s] [ 12%] Built target cs7630_msgs__rosidl_generator_c
[1.540s] [ 22%] Built target cs7630_msgs__rosidl_typesupport_cpp
[1.540s] [ 22%] Built target ament_cmake_python_copy_cs7630_msgs
[1.540s] [ 38%] Built target cs7630_msgs__rosidl_typesupport_c
[1.540s] [ 58%] Built target cs7630_msgs__rosidl_typesupport_fastrtps_c
[1.540s] [ 61%] Built target cs7630_msgs__rosidl_typesupport_introspection_cpp
[1.540s] [ 61%] Built target cs7630_msgs__rosidl_typesupport_fastrtps_cpp
[1.540s] [ 70%] Built target cs7630_msgs__rosidl_typesupport_introspection_c
[1.540s] [ 70%] Built target cs7630_msgs
[1.540s] [ 74%] Built target cs7630_msgs__py
[1.540s] [ 80%] Built target cs7630_msgs__rosidl_generator_py
[1.540s] [ 96%] Built target cs7630_msgs__rosidl_typesupport_introspection_c__pyext
[1.540s] [100%] Built target cs7630_msgs__rosidl_typesupport_c__pyext
[1.540s] [100%] Built target cs7630_msgs__rosidl_typesupport_fastrtps_c__pyext
[1.540s] running egg_info
[1.540s] writing cs7630_msgs.egg-info/PKG-INFO
[1.540s] writing dependency_links to cs7630_msgs.egg-info/dependency_links.txt
[1.540s] writing top-level names to cs7630_msgs.egg-info/top_level.txt
[1.540s] reading manifest file 'cs7630_msgs.egg-info/SOURCES.txt'
[1.540s] writing manifest file 'cs7630_msgs.egg-info/SOURCES.txt'
[1.540s] [100%] Built target ament_cmake_python_build_cs7630_msgs_egg
[1.759s] Invoked command in '/home/GTL/mgaddam/CS7630/ros2_ws/src/build/cs7630_msgs' returned '0': CMAKE_PREFIX_PATH=/opt/ros/humble /usr/bin/cmake --build /home/GTL/mgaddam/CS7630/ros2_ws/src/build/cs7630_msgs -- -j16 -l16
[1.800s] Invoking command in '/home/GTL/mgaddam/CS7630/ros2_ws/src/build/cs7630_msgs': CMAKE_PREFIX_PATH=/opt/ros/humble /usr/bin/cmake --install /home/GTL/mgaddam/CS7630/ros2_ws/src/build/cs7630_msgs
[1.807s] -- Install configuration: ""
[1.808s] -- Up-to-date: /home/GTL/mgaddam/CS7630/ros2_ws/src/install/cs7630_msgs/share/ament_index/resource_index/rosidl_interfaces/cs7630_msgs
[1.809s] -- Up-to-date: /home/GTL/mgaddam/CS7630/ros2_ws/src/install/cs7630_msgs/include/cs7630_msgs/cs7630_msgs
[1.810s] -- Up-to-date: /home/GTL/mgaddam/CS7630/ros2_ws/src/install/cs7630_msgs/include/cs7630_msgs/cs7630_msgs/msg
[1.811s] -- Up-to-date: /home/GTL/mgaddam/CS7630/ros2_ws/src/install/cs7630_msgs/include/cs7630_msgs/cs7630_msgs/msg/region_of_interest_array.h
[1.811s] -- Up-to-date: /home/GTL/mgaddam/CS7630/ros2_ws/src/install/cs7630_msgs/include/cs7630_msgs/cs7630_msgs/msg/detail
[1.812s] -- Up-to-date: /home/GTL/mgaddam/CS7630/ros2_ws/src/install/cs7630_msgs/include/cs7630_msgs/cs7630_msgs/msg/detail/region_of_interest_array__struct.h
[1.813s] -- Up-to-date: /home/GTL/mgaddam/CS7630/ros2_ws/src/install/cs7630_msgs/include/cs7630_msgs/cs7630_msgs/msg/detail/region_of_interest_array__functions.h
[1.813s] -- Up-to-date: /home/GTL/mgaddam/CS7630/ros2_ws/src/install/cs7630_msgs/include/cs7630_msgs/cs7630_msgs/msg/detail/region_of_interest_array__functions.c
[1.814s] -- Up-to-date: /home/GTL/mgaddam/CS7630/ros2_ws/src/install/cs7630_msgs/include/cs7630_msgs/cs7630_msgs/msg/detail/region_of_interest_array__type_support.h
[1.814s] -- Up-to-date: /home/GTL/mgaddam/CS7630/ros2_ws/src/install/cs7630_msgs/include/cs7630_msgs/cs7630_msgs/msg/rosidl_generator_c__visibility_control.h
[1.815s] -- Up-to-date: /home/GTL/mgaddam/CS7630/ros2_ws/src/install/cs7630_msgs/share/cs7630_msgs/environment/library_path.sh
[1.816s] -- Up-to-date: /home/GTL/mgaddam/CS7630/ros2_ws/src/install/cs7630_msgs/share/cs7630_msgs/environment/library_path.dsv
[1.818s] -- Up-to-date: /home/GTL/mgaddam/CS7630/ros2_ws/src/install/cs7630_msgs/lib/libcs7630_msgs__rosidl_generator_c.so
[1.820s] -- Up-to-date: /home/GTL/mgaddam/CS7630/ros2_ws/src/install/cs7630_msgs/include/cs7630_msgs/cs7630_msgs
[1.821s] -- Up-to-date: /home/GTL/mgaddam/CS7630/ros2_ws/src/install/cs7630_msgs/include/cs7630_msgs/cs7630_msgs/msg
[1.821s] -- Up-to-date: /home/GTL/mgaddam/CS7630/ros2_ws/src/install/cs7630_msgs/include/cs7630_msgs/cs7630_msgs/msg/detail
[1.822s] -- Up-to-date: /home/GTL/mgaddam/CS7630/ros2_ws/src/install/cs7630_msgs/include/cs7630_msgs/cs7630_msgs/msg/detail/region_of_interest_array__rosidl_typesupport_fastrtps_c.h
[1.823s] -- Up-to-date: /home/GTL/mgaddam/CS7630/ros2_ws/src/install/cs7630_msgs/include/cs7630_msgs/cs7630_msgs/msg/rosidl_typesupport_fastrtps_c__visibility_control.h
[1.825s] -- Up-to-date: /home/GTL/mgaddam/CS7630/ros2_ws/src/install/cs7630_msgs/lib/libcs7630_msgs__rosidl_typesupport_fastrtps_c.so
[1.827s] -- Up-to-date: /home/GTL/mgaddam/CS7630/ros2_ws/src/install/cs7630_msgs/include/cs7630_msgs/cs7630_msgs
[1.827s] -- Up-to-date: /home/GTL/mgaddam/CS7630/ros2_ws/src/install/cs7630_msgs/include/cs7630_msgs/cs7630_msgs/msg
[1.828s] -- Up-to-date: /home/GTL/mgaddam/CS7630/ros2_ws/src/install/cs7630_msgs/include/cs7630_msgs/cs7630_msgs/msg/detail
[1.829s] -- Up-to-date: /home/GTL/mgaddam/CS7630/ros2_ws/src/install/cs7630_msgs/include/cs7630_msgs/cs7630_msgs/msg/detail/region_of_interest_array__type_support.c
[1.829s] -- Up-to-date: /home/GTL/mgaddam/CS7630/ros2_ws/src/install/cs7630_msgs/include/cs7630_msgs/cs7630_msgs/msg/detail/region_of_interest_array__rosidl_typesupport_introspection_c.h
[1.830s] -- Up-to-date: /home/GTL/mgaddam/CS7630/ros2_ws/src/install/cs7630_msgs/include/cs7630_msgs/cs7630_msgs/msg/rosidl_typesupport_introspection_c__visibility_control.h
[1.831s] -- Up-to-date: /home/GTL/mgaddam/CS7630/ros2_ws/src/install/cs7630_msgs/lib/libcs7630_msgs__rosidl_typesupport_introspection_c.so
[1.835s] -- Up-to-date: /home/GTL/mgaddam/CS7630/ros2_ws/src/install/cs7630_msgs/lib/libcs7630_msgs__rosidl_typesupport_c.so
[1.837s] -- Up-to-date: /home/GTL/mgaddam/CS7630/ros2_ws/src/install/cs7630_msgs/include/cs7630_msgs/cs7630_msgs
[1.837s] -- Up-to-date: /home/GTL/mgaddam/CS7630/ros2_ws/src/install/cs7630_msgs/include/cs7630_msgs/cs7630_msgs/msg
[1.838s] -- Up-to-date: /home/GTL/mgaddam/CS7630/ros2_ws/src/install/cs7630_msgs/include/cs7630_msgs/cs7630_msgs/msg/detail
[1.839s] -- Up-to-date: /home/GTL/mgaddam/CS7630/ros2_ws/src/install/cs7630_msgs/include/cs7630_msgs/cs7630_msgs/msg/detail/region_of_interest_array__builder.hpp
[1.839s] -- Up-to-date: /home/GTL/mgaddam/CS7630/ros2_ws/src/install/cs7630_msgs/include/cs7630_msgs/cs7630_msgs/msg/detail/region_of_interest_array__traits.hpp
[1.840s] -- Up-to-date: /home/GTL/mgaddam/CS7630/ros2_ws/src/install/cs7630_msgs/include/cs7630_msgs/cs7630_msgs/msg/detail/region_of_interest_array__struct.hpp
[1.840s] -- Up-to-date: /home/GTL/mgaddam/CS7630/ros2_ws/src/install/cs7630_msgs/include/cs7630_msgs/cs7630_msgs/msg/region_of_interest_array.hpp
[1.840s] -- Up-to-date: /home/GTL/mgaddam/CS7630/ros2_ws/src/install/cs7630_msgs/include/cs7630_msgs/cs7630_msgs
[1.841s] -- Up-to-date: /home/GTL/mgaddam/CS7630/ros2_ws/src/install/cs7630_msgs/include/cs7630_msgs/cs7630_msgs/msg
[1.842s] -- Up-to-date: /home/GTL/mgaddam/CS7630/ros2_ws/src/install/cs7630_msgs/include/cs7630_msgs/cs7630_msgs/msg/detail
[1.843s] -- Up-to-date: /home/GTL/mgaddam/CS7630/ros2_ws/src/install/cs7630_msgs/include/cs7630_msgs/cs7630_msgs/msg/detail/region_of_interest_array__rosidl_typesupport_fastrtps_cpp.hpp
[1.843s] -- Up-to-date: /home/GTL/mgaddam/CS7630/ros2_ws/src/install/cs7630_msgs/include/cs7630_msgs/cs7630_msgs/msg/detail/dds_fastrtps
[1.844s] -- Up-to-date: /home/GTL/mgaddam/CS7630/ros2_ws/src/install/cs7630_msgs/include/cs7630_msgs/cs7630_msgs/msg/rosidl_typesupport_fastrtps_cpp__visibility_control.h
[1.847s] -- Up-to-date: /home/GTL/mgaddam/CS7630/ros2_ws/src/install/cs7630_msgs/lib/libcs7630_msgs__rosidl_typesupport_fastrtps_cpp.so
[1.850s] -- Up-to-date: /home/GTL/mgaddam/CS7630/ros2_ws/src/install/cs7630_msgs/include/cs7630_msgs/cs7630_msgs
[1.850s] -- Up-to-date: /home/GTL/mgaddam/CS7630/ros2_ws/src/install/cs7630_msgs/include/cs7630_msgs/cs7630_msgs/msg
[1.851s] -- Up-to-date: /home/GTL/mgaddam/CS7630/ros2_ws/src/install/cs7630_msgs/include/cs7630_msgs/cs7630_msgs/msg/detail
[1.852s] -- Up-to-date: /home/GTL/mgaddam/CS7630/ros2_ws/src/install/cs7630_msgs/include/cs7630_msgs/cs7630_msgs/msg/detail/region_of_interest_array__rosidl_typesupport_introspection_cpp.hpp
[1.852s] -- Up-to-date: /home/GTL/mgaddam/CS7630/ros2_ws/src/install/cs7630_msgs/include/cs7630_msgs/cs7630_msgs/msg/detail/region_of_interest_array__type_support.cpp
[1.855s] -- Up-to-date: /home/GTL/mgaddam/CS7630/ros2_ws/src/install/cs7630_msgs/lib/libcs7630_msgs__rosidl_typesupport_introspection_cpp.so
[1.859s] -- Up-to-date: /home/GTL/mgaddam/CS7630/ros2_ws/src/install/cs7630_msgs/lib/libcs7630_msgs__rosidl_typesupport_cpp.so
[1.861s] -- Up-to-date: /home/GTL/mgaddam/CS7630/ros2_ws/src/install/cs7630_msgs/share/cs7630_msgs/environment/pythonpath.sh
[1.862s] -- Up-to-date: /home/GTL/mgaddam/CS7630/ros2_ws/src/install/cs7630_msgs/share/cs7630_msgs/environment/pythonpath.dsv
[1.864s] -- Up-to-date: /home/GTL/mgaddam/CS7630/ros2_ws/src/install/cs7630_msgs/local/lib/python3.10/dist-packages/cs7630_msgs-0.0.0-py3.10.egg-info
[1.864s] -- Installing: /home/GTL/mgaddam/CS7630/ros2_ws/src/install/cs7630_msgs/local/lib/python3.10/dist-packages/cs7630_msgs-0.0.0-py3.10.egg-info/dependency_links.txt
[1.868s] -- Installing: /home/GTL/mgaddam/CS7630/ros2_ws/src/install/cs7630_msgs/local/lib/python3.10/dist-packages/cs7630_msgs-0.0.0-py3.10.egg-info/top_level.txt
[1.872s] -- Installing: /home/GTL/mgaddam/CS7630/ros2_ws/src/install/cs7630_msgs/local/lib/python3.10/dist-packages/cs7630_msgs-0.0.0-py3.10.egg-info/PKG-INFO
[1.876s] -- Installing: /home/GTL/mgaddam/CS7630/ros2_ws/src/install/cs7630_msgs/local/lib/python3.10/dist-packages/cs7630_msgs-0.0.0-py3.10.egg-info/SOURCES.txt
[1.880s] -- Up-to-date: /home/GTL/mgaddam/CS7630/ros2_ws/src/install/cs7630_msgs/local/lib/python3.10/dist-packages/cs7630_msgs
[1.881s] -- Up-to-date: /home/GTL/mgaddam/CS7630/ros2_ws/src/install/cs7630_msgs/local/lib/python3.10/dist-packages/cs7630_msgs/msg
[1.882s] -- Up-to-date: /home/GTL/mgaddam/CS7630/ros2_ws/src/install/cs7630_msgs/local/lib/python3.10/dist-packages/cs7630_msgs/msg/_region_of_interest_array_s.c
[1.882s] -- Up-to-date: /home/GTL/mgaddam/CS7630/ros2_ws/src/install/cs7630_msgs/local/lib/python3.10/dist-packages/cs7630_msgs/msg/_region_of_interest_array.py
[1.883s] -- Up-to-date: /home/GTL/mgaddam/CS7630/ros2_ws/src/install/cs7630_msgs/local/lib/python3.10/dist-packages/cs7630_msgs/msg/__init__.py
[1.883s] -- Up-to-date: /home/GTL/mgaddam/CS7630/ros2_ws/src/install/cs7630_msgs/local/lib/python3.10/dist-packages/cs7630_msgs/cs7630_msgs_s__rosidl_typesupport_c.cpython-310-x86_64-linux-gnu.so
[1.884s] -- Up-to-date: /home/GTL/mgaddam/CS7630/ros2_ws/src/install/cs7630_msgs/local/lib/python3.10/dist-packages/cs7630_msgs/libcs7630_msgs__rosidl_generator_py.so
[1.884s] -- Up-to-date: /home/GTL/mgaddam/CS7630/ros2_ws/src/install/cs7630_msgs/local/lib/python3.10/dist-packages/cs7630_msgs/cs7630_msgs_s__rosidl_typesupport_fastrtps_c.cpython-310-x86_64-linux-gnu.so
[1.885s] -- Up-to-date: /home/GTL/mgaddam/CS7630/ros2_ws/src/install/cs7630_msgs/local/lib/python3.10/dist-packages/cs7630_msgs/_cs7630_msgs_s.ep.rosidl_typesupport_c.c
[1.885s] -- Up-to-date: /home/GTL/mgaddam/CS7630/ros2_ws/src/install/cs7630_msgs/local/lib/python3.10/dist-packages/cs7630_msgs/cs7630_msgs_s__rosidl_typesupport_introspection_c.cpython-310-x86_64-linux-gnu.so
[1.886s] -- Up-to-date: /home/GTL/mgaddam/CS7630/ros2_ws/src/install/cs7630_msgs/local/lib/python3.10/dist-packages/cs7630_msgs/_cs7630_msgs_s.ep.rosidl_typesupport_fastrtps_c.c
[1.886s] -- Up-to-date: /home/GTL/mgaddam/CS7630/ros2_ws/src/install/cs7630_msgs/local/lib/python3.10/dist-packages/cs7630_msgs/__init__.py
[1.887s] -- Up-to-date: /home/GTL/mgaddam/CS7630/ros2_ws/src/install/cs7630_msgs/local/lib/python3.10/dist-packages/cs7630_msgs/_cs7630_msgs_s.ep.rosidl_typesupport_introspection_c.c
[1.912s] Listing '/home/GTL/mgaddam/CS7630/ros2_ws/src/install/cs7630_msgs/local/lib/python3.10/dist-packages/cs7630_msgs'...
[1.912s] Listing '/home/GTL/mgaddam/CS7630/ros2_ws/src/install/cs7630_msgs/local/lib/python3.10/dist-packages/cs7630_msgs/msg'...
[1.916s] -- Up-to-date: /home/GTL/mgaddam/CS7630/ros2_ws/src/install/cs7630_msgs/local/lib/python3.10/dist-packages/cs7630_msgs/cs7630_msgs_s__rosidl_typesupport_fastrtps_c.cpython-310-x86_64-linux-gnu.so
[1.919s] -- Up-to-date: /home/GTL/mgaddam/CS7630/ros2_ws/src/install/cs7630_msgs/local/lib/python3.10/dist-packages/cs7630_msgs/cs7630_msgs_s__rosidl_typesupport_introspection_c.cpython-310-x86_64-linux-gnu.so
[1.922s] -- Up-to-date: /home/GTL/mgaddam/CS7630/ros2_ws/src/install/cs7630_msgs/local/lib/python3.10/dist-packages/cs7630_msgs/cs7630_msgs_s__rosidl_typesupport_c.cpython-310-x86_64-linux-gnu.so
[1.926s] -- Up-to-date: /home/GTL/mgaddam/CS7630/ros2_ws/src/install/cs7630_msgs/lib/libcs7630_msgs__rosidl_generator_py.so
[1.929s] -- Up-to-date: /home/GTL/mgaddam/CS7630/ros2_ws/src/install/cs7630_msgs/share/cs7630_msgs/msg/RegionOfInterestArray.idl
[1.929s] -- Up-to-date: /home/GTL/mgaddam/CS7630/ros2_ws/src/install/cs7630_msgs/share/cs7630_msgs/msg/RegionOfInterestArray.msg
[1.930s] -- Up-to-date: /home/GTL/mgaddam/CS7630/ros2_ws/src/install/cs7630_msgs/share/ament_index/resource_index/package_run_dependencies/cs7630_msgs
[1.931s] -- Up-to-date: /home/GTL/mgaddam/CS7630/ros2_ws/src/install/cs7630_msgs/share/ament_index/resource_index/parent_prefix_path/cs7630_msgs
[1.932s] -- Up-to-date: /home/GTL/mgaddam/CS7630/ros2_ws/src/install/cs7630_msgs/share/cs7630_msgs/environment/ament_prefix_path.sh
[1.934s] -- Up-to-date: /home/GTL/mgaddam/CS7630/ros2_ws/src/install/cs7630_msgs/share/cs7630_msgs/environment/ament_prefix_path.dsv
[1.934s] -- Up-to-date: /home/GTL/mgaddam/CS7630/ros2_ws/src/install/cs7630_msgs/share/cs7630_msgs/environment/path.sh
[1.934s] -- Up-to-date: /home/GTL/mgaddam/CS7630/ros2_ws/src/install/cs7630_msgs/share/cs7630_msgs/environment/path.dsv
[1.935s] -- Up-to-date: /home/GTL/mgaddam/CS7630/ros2_ws/src/install/cs7630_msgs/share/cs7630_msgs/local_setup.bash
[1.935s] -- Up-to-date: /home/GTL/mgaddam/CS7630/ros2_ws/src/install/cs7630_msgs/share/cs7630_msgs/local_setup.sh
[1.936s] -- Up-to-date: /home/GTL/mgaddam/CS7630/ros2_ws/src/install/cs7630_msgs/share/cs7630_msgs/local_setup.zsh
[1.937s] -- Up-to-date: /home/GTL/mgaddam/CS7630/ros2_ws/src/install/cs7630_msgs/share/cs7630_msgs/local_setup.dsv
[1.938s] -- Installing: /home/GTL/mgaddam/CS7630/ros2_ws/src/install/cs7630_msgs/share/cs7630_msgs/package.dsv
[1.972s] -- Up-to-date: /home/GTL/mgaddam/CS7630/ros2_ws/src/install/cs7630_msgs/share/ament_index/resource_index/packages/cs7630_msgs
[1.977s] -- Up-to-date: /home/GTL/mgaddam/CS7630/ros2_ws/src/install/cs7630_msgs/share/cs7630_msgs/cmake/export_cs7630_msgs__rosidl_generator_cExport.cmake
[1.978s] -- Up-to-date: /home/GTL/mgaddam/CS7630/ros2_ws/src/install/cs7630_msgs/share/cs7630_msgs/cmake/export_cs7630_msgs__rosidl_generator_cExport-noconfig.cmake
[1.980s] -- Up-to-date: /home/GTL/mgaddam/CS7630/ros2_ws/src/install/cs7630_msgs/share/cs7630_msgs/cmake/export_cs7630_msgs__rosidl_typesupport_fastrtps_cExport.cmake
[1.981s] -- Up-to-date: /home/GTL/mgaddam/CS7630/ros2_ws/src/install/cs7630_msgs/share/cs7630_msgs/cmake/export_cs7630_msgs__rosidl_typesupport_fastrtps_cExport-noconfig.cmake
[1.984s] -- Up-to-date: /home/GTL/mgaddam/CS7630/ros2_ws/src/install/cs7630_msgs/share/cs7630_msgs/cmake/cs7630_msgs__rosidl_typesupport_introspection_cExport.cmake
[1.984s] -- Up-to-date: /home/GTL/mgaddam/CS7630/ros2_ws/src/install/cs7630_msgs/share/cs7630_msgs/cmake/cs7630_msgs__rosidl_typesupport_introspection_cExport-noconfig.cmake
[1.987s] -- Up-to-date: /home/GTL/mgaddam/CS7630/ros2_ws/src/install/cs7630_msgs/share/cs7630_msgs/cmake/cs7630_msgs__rosidl_typesupport_cExport.cmake
[1.988s] -- Up-to-date: /home/GTL/mgaddam/CS7630/ros2_ws/src/install/cs7630_msgs/share/cs7630_msgs/cmake/cs7630_msgs__rosidl_typesupport_cExport-noconfig.cmake
[1.990s] -- Up-to-date: /home/GTL/mgaddam/CS7630/ros2_ws/src/install/cs7630_msgs/share/cs7630_msgs/cmake/export_cs7630_msgs__rosidl_generator_cppExport.cmake
[2.042s] -- Up-to-date: /home/GTL/mgaddam/CS7630/ros2_ws/src/install/cs7630_msgs/share/cs7630_msgs/cmake/export_cs7630_msgs__rosidl_typesupport_fastrtps_cppExport.cmake
[2.044s] -- Up-to-date: /home/GTL/mgaddam/CS7630/ros2_ws/src/install/cs7630_msgs/share/cs7630_msgs/cmake/export_cs7630_msgs__rosidl_typesupport_fastrtps_cppExport-noconfig.cmake
[2.046s] -- Up-to-date: /home/GTL/mgaddam/CS7630/ros2_ws/src/install/cs7630_msgs/share/cs7630_msgs/cmake/cs7630_msgs__rosidl_typesupport_introspection_cppExport.cmake
[2.047s] -- Up-to-date: /home/GTL/mgaddam/CS7630/ros2_ws/src/install/cs7630_msgs/share/cs7630_msgs/cmake/cs7630_msgs__rosidl_typesupport_introspection_cppExport-noconfig.cmake
[2.049s] -- Up-to-date: /home/GTL/mgaddam/CS7630/ros2_ws/src/install/cs7630_msgs/share/cs7630_msgs/cmake/cs7630_msgs__rosidl_typesupport_cppExport.cmake
[2.051s] -- Up-to-date: /home/GTL/mgaddam/CS7630/ros2_ws/src/install/cs7630_msgs/share/cs7630_msgs/cmake/cs7630_msgs__rosidl_typesupport_cppExport-noconfig.cmake
[2.053s] -- Up-to-date: /home/GTL/mgaddam/CS7630/ros2_ws/src/install/cs7630_msgs/share/cs7630_msgs/cmake/export_cs7630_msgs__rosidl_generator_pyExport.cmake
[2.054s] -- Up-to-date: /home/GTL/mgaddam/CS7630/ros2_ws/src/install/cs7630_msgs/share/cs7630_msgs/cmake/export_cs7630_msgs__rosidl_generator_pyExport-noconfig.cmake
[2.054s] -- Up-to-date: /home/GTL/mgaddam/CS7630/ros2_ws/src/install/cs7630_msgs/share/cs7630_msgs/cmake/rosidl_cmake-extras.cmake
[2.055s] -- Up-to-date: /home/GTL/mgaddam/CS7630/ros2_ws/src/install/cs7630_msgs/share/cs7630_msgs/cmake/ament_cmake_export_dependencies-extras.cmake
[2.056s] -- Up-to-date: /home/GTL/mgaddam/CS7630/ros2_ws/src/install/cs7630_msgs/share/cs7630_msgs/cmake/ament_cmake_export_include_directories-extras.cmake
[2.056s] -- Up-to-date: /home/GTL/mgaddam/CS7630/ros2_ws/src/install/cs7630_msgs/share/cs7630_msgs/cmake/ament_cmake_export_libraries-extras.cmake
[2.056s] -- Up-to-date: /home/GTL/mgaddam/CS7630/ros2_ws/src/install/cs7630_msgs/share/cs7630_msgs/cmake/ament_cmake_export_targets-extras.cmake
[2.057s] -- Up-to-date: /home/GTL/mgaddam/CS7630/ros2_ws/src/install/cs7630_msgs/share/cs7630_msgs/cmake/rosidl_cmake_export_typesupport_targets-extras.cmake
[2.057s] -- Up-to-date: /home/GTL/mgaddam/CS7630/ros2_ws/src/install/cs7630_msgs/share/cs7630_msgs/cmake/rosidl_cmake_export_typesupport_libraries-extras.cmake
[2.058s] -- Up-to-date: /home/GTL/mgaddam/CS7630/ros2_ws/src/install/cs7630_msgs/share/cs7630_msgs/cmake/cs7630_msgsConfig.cmake
[2.058s] -- Up-to-date: /home/GTL/mgaddam/CS7630/ros2_ws/src/install/cs7630_msgs/share/cs7630_msgs/cmake/cs7630_msgsConfig-version.cmake
[2.059s] -- Up-to-date: /home/GTL/mgaddam/CS7630/ros2_ws/src/install/cs7630_msgs/share/cs7630_msgs/package.xml
[2.164s] Invoked command in '/home/GTL/mgaddam/CS7630/ros2_ws/src/build/cs7630_msgs' returned '0': CMAKE_PREFIX_PATH=/opt/ros/humble /usr/bin/cmake --install /home/GTL/mgaddam/CS7630/ros2_ws/src/build/cs7630_msgs
