[1.399s] Invoking command in '/home/GTL/mgaddam/CS7630/ros2_ws/src/build/vrep4_helpers': CMAKE_PREFIX_PATH=${CMAKE_PREFIX_PATH}:/home/GTL/mgaddam/CS7630/ros2_ws/src/install/vrep_ros_teleop:/home/GTL/mgaddam/CS7630/ros2_ws/src/install/task_manager_client_py:/home/GTL/mgaddam/CS7630/ros2_ws/src/install/ar_slam_base:/home/GTL/mgaddam/CS7630/ros2_ws/src/install/ar_loc_base:/home/GTL/mgaddam/CS7630/ros2_ws/src/install/rover_driver_base:/home/GTL/mgaddam/CS7630/ros2_ws/src/install/keyboard_teleop:/home/GTL/mgaddam/CS7630/ros2_ws/src/install/face_detect_base:/home/GTL/mgaddam/CS7630/ros2_ws/src/install/button_server:/home/GTL/mgaddam/CS7630/ros2_ws/src/install/ar_mapping_base:/opt/ros/humble /usr/bin/cmake --build /home/GTL/mgaddam/CS7630/ros2_ws/src/build/vrep4_helpers -- -j16 -l16
[1.478s] [100%] Built target clock_repeat
[1.478s] [100%] Built target image_flip
[1.726s] Invoked command in '/home/GTL/mgaddam/CS7630/ros2_ws/src/build/vrep4_helpers' returned '0': CMAKE_PREFIX_PATH=${CMAKE_PREFIX_PATH}:/home/GTL/mgaddam/CS7630/ros2_ws/src/install/vrep_ros_teleop:/home/GTL/mgaddam/CS7630/ros2_ws/src/install/task_manager_client_py:/home/GTL/mgaddam/CS7630/ros2_ws/src/install/ar_slam_base:/home/GTL/mgaddam/CS7630/ros2_ws/src/install/ar_loc_base:/home/GTL/mgaddam/CS7630/ros2_ws/src/install/rover_driver_base:/home/GTL/mgaddam/CS7630/ros2_ws/src/install/keyboard_teleop:/home/GTL/mgaddam/CS7630/ros2_ws/src/install/face_detect_base:/home/GTL/mgaddam/CS7630/ros2_ws/src/install/button_server:/home/GTL/mgaddam/CS7630/ros2_ws/src/install/ar_mapping_base:/opt/ros/humble /usr/bin/cmake --build /home/GTL/mgaddam/CS7630/ros2_ws/src/build/vrep4_helpers -- -j16 -l16
[1.754s] Invoking command in '/home/GTL/mgaddam/CS7630/ros2_ws/src/build/vrep4_helpers': CMAKE_PREFIX_PATH=${CMAKE_PREFIX_PATH}:/home/GTL/mgaddam/CS7630/ros2_ws/src/install/vrep_ros_teleop:/home/GTL/mgaddam/CS7630/ros2_ws/src/install/task_manager_client_py:/home/GTL/mgaddam/CS7630/ros2_ws/src/install/ar_slam_base:/home/GTL/mgaddam/CS7630/ros2_ws/src/install/ar_loc_base:/home/GTL/mgaddam/CS7630/ros2_ws/src/install/rover_driver_base:/home/GTL/mgaddam/CS7630/ros2_ws/src/install/keyboard_teleop:/home/GTL/mgaddam/CS7630/ros2_ws/src/install/face_detect_base:/home/GTL/mgaddam/CS7630/ros2_ws/src/install/button_server:/home/GTL/mgaddam/CS7630/ros2_ws/src/install/ar_mapping_base:/opt/ros/humble /usr/bin/cmake --install /home/GTL/mgaddam/CS7630/ros2_ws/src/build/vrep4_helpers
[1.759s] -- Install configuration: ""
[1.762s] -- Up-to-date: /home/GTL/mgaddam/CS7630/ros2_ws/src/install/vrep4_helpers/lib/vrep4_helpers/image_flip
[1.765s] -- Up-to-date: /home/GTL/mgaddam/CS7630/ros2_ws/src/install/vrep4_helpers/lib/vrep4_helpers/clock_repeat
[1.766s] -- Up-to-date: /home/GTL/mgaddam/CS7630/ros2_ws/src/install/vrep4_helpers/share/vrep4_helpers
[1.768s] -- Up-to-date: /home/GTL/mgaddam/CS7630/ros2_ws/src/install/vrep4_helpers/share/vrep4_helpers/kinect_pc.launch.py
[1.769s] -- Up-to-date: /home/GTL/mgaddam/CS7630/ros2_ws/src/install/vrep4_helpers/share/vrep4_helpers/kinect_pc_min.launch.py
[1.769s] -- Up-to-date: /home/GTL/mgaddam/CS7630/ros2_ws/src/install/vrep4_helpers/share/ament_index/resource_index/package_run_dependencies/vrep4_helpers
[1.770s] -- Up-to-date: /home/GTL/mgaddam/CS7630/ros2_ws/src/install/vrep4_helpers/share/ament_index/resource_index/parent_prefix_path/vrep4_helpers
[1.770s] -- Up-to-date: /home/GTL/mgaddam/CS7630/ros2_ws/src/install/vrep4_helpers/share/vrep4_helpers/environment/ament_prefix_path.sh
[1.771s] -- Up-to-date: /home/GTL/mgaddam/CS7630/ros2_ws/src/install/vrep4_helpers/share/vrep4_helpers/environment/ament_prefix_path.dsv
[1.771s] -- Up-to-date: /home/GTL/mgaddam/CS7630/ros2_ws/src/install/vrep4_helpers/share/vrep4_helpers/environment/path.sh
[1.773s] -- Up-to-date: /home/GTL/mgaddam/CS7630/ros2_ws/src/install/vrep4_helpers/share/vrep4_helpers/environment/path.dsv
[1.773s] -- Up-to-date: /home/GTL/mgaddam/CS7630/ros2_ws/src/install/vrep4_helpers/share/vrep4_helpers/local_setup.bash
[1.774s] -- Up-to-date: /home/GTL/mgaddam/CS7630/ros2_ws/src/install/vrep4_helpers/share/vrep4_helpers/local_setup.sh
[1.774s] -- Up-to-date: /home/GTL/mgaddam/CS7630/ros2_ws/src/install/vrep4_helpers/share/vrep4_helpers/local_setup.zsh
[1.775s] -- Up-to-date: /home/GTL/mgaddam/CS7630/ros2_ws/src/install/vrep4_helpers/share/vrep4_helpers/local_setup.dsv
[1.776s] -- Installing: /home/GTL/mgaddam/CS7630/ros2_ws/src/install/vrep4_helpers/share/vrep4_helpers/package.dsv
[1.781s] -- Up-to-date: /home/GTL/mgaddam/CS7630/ros2_ws/src/install/vrep4_helpers/share/ament_index/resource_index/packages/vrep4_helpers
[1.781s] -- Up-to-date: /home/GTL/mgaddam/CS7630/ros2_ws/src/install/vrep4_helpers/share/vrep4_helpers/cmake/vrep4_helpersConfig.cmake
[1.782s] -- Up-to-date: /home/GTL/mgaddam/CS7630/ros2_ws/src/install/vrep4_helpers/share/vrep4_helpers/cmake/vrep4_helpersConfig-version.cmake
[1.782s] -- Up-to-date: /home/GTL/mgaddam/CS7630/ros2_ws/src/install/vrep4_helpers/share/vrep4_helpers/package.xml
[1.891s] Invoked command in '/home/GTL/mgaddam/CS7630/ros2_ws/src/build/vrep4_helpers' returned '0': CMAKE_PREFIX_PATH=${CMAKE_PREFIX_PATH}:/home/GTL/mgaddam/CS7630/ros2_ws/src/install/vrep_ros_teleop:/home/GTL/mgaddam/CS7630/ros2_ws/src/install/task_manager_client_py:/home/GTL/mgaddam/CS7630/ros2_ws/src/install/ar_slam_base:/home/GTL/mgaddam/CS7630/ros2_ws/src/install/ar_loc_base:/home/GTL/mgaddam/CS7630/ros2_ws/src/install/rover_driver_base:/home/GTL/mgaddam/CS7630/ros2_ws/src/install/keyboard_teleop:/home/GTL/mgaddam/CS7630/ros2_ws/src/install/face_detect_base:/home/GTL/mgaddam/CS7630/ros2_ws/src/install/button_server:/home/GTL/mgaddam/CS7630/ros2_ws/src/install/ar_mapping_base:/opt/ros/humble /usr/bin/cmake --install /home/GTL/mgaddam/CS7630/ros2_ws/src/build/vrep4_helpers
