[0.703s] Invoking command in '/home/GTL/mgaddam/CS7630/ros2_ws/src/ar_slam_base': AMENT_PREFIX_PATH=/home/GTL/mgaddam/CS7630/ros2_ws/install/ar_loc_base:/home/GTL/mgaddam/CS7630/ros2_ws/install/rover_driver_base:/home/GTL/mgaddam/CS7630/ros2_ws/install/ar_mapping_base:${AMENT_PREFIX_PATH} PYTHONPATH=/home/GTL/mgaddam/CS7630/ros2_ws/build/ar_slam_base/prefix_override:/home/GTL/mgaddam/CS7630/ros2_ws/install/ar_slam_base/lib/python3.10/site-packages:/home/GTL/mgaddam/CS7630/ros2_ws/install/ar_loc_base/lib/python3.10/site-packages:/home/GTL/mgaddam/CS7630/ros2_ws/install/rover_driver_base/lib/python3.10/site-packages:/home/GTL/mgaddam/CS7630/ros2_ws/install/ar_mapping_base/lib/python3.10/site-packages:${PYTHONPATH} /usr/bin/python3 setup.py egg_info --egg-base ../../build/ar_slam_base build --build-base /home/GTL/mgaddam/CS7630/ros2_ws/build/ar_slam_base/build install --record /home/GTL/mgaddam/CS7630/ros2_ws/build/ar_slam_base/install.log --single-version-externally-managed
[0.910s] running egg_info
[0.910s] writing ../../build/ar_slam_base/ar_slam_base.egg-info/PKG-INFO
[0.913s] writing dependency_links to ../../build/ar_slam_base/ar_slam_base.egg-info/dependency_links.txt
[0.914s] writing entry points to ../../build/ar_slam_base/ar_slam_base.egg-info/entry_points.txt
[0.915s] writing requirements to ../../build/ar_slam_base/ar_slam_base.egg-info/requires.txt
[0.916s] writing top-level names to ../../build/ar_slam_base/ar_slam_base.egg-info/top_level.txt
[0.917s] writing manifest file '../../build/ar_slam_base/ar_slam_base.egg-info/SOURCES.txt'
[0.922s] reading manifest file '../../build/ar_slam_base/ar_slam_base.egg-info/SOURCES.txt'
[0.923s] writing manifest file '../../build/ar_slam_base/ar_slam_base.egg-info/SOURCES.txt'
[0.924s] running build
[0.924s] running build_py
[0.926s] copying ar_slam_base/mapping_kf.py -> /home/GTL/mgaddam/CS7630/ros2_ws/build/ar_slam_base/build/lib/ar_slam_base
[0.928s] copying ar_slam_base/tb_mapping.py -> /home/GTL/mgaddam/CS7630/ros2_ws/build/ar_slam_base/build/lib/ar_slam_base
[0.930s] copying ar_slam_base/__init__.py -> /home/GTL/mgaddam/CS7630/ros2_ws/build/ar_slam_base/build/lib/ar_slam_base
[0.931s] copying ar_slam_base/rover_mapping.py -> /home/GTL/mgaddam/CS7630/ros2_ws/build/ar_slam_base/build/lib/ar_slam_base
[0.934s] running install
[0.934s] /usr/lib/python3/dist-packages/setuptools/command/install.py:34: SetuptoolsDeprecationWarning: setup.py install is deprecated. Use build and pip and other standards-based tools.
[0.934s]   warnings.warn(
[0.934s] running install_lib
[0.936s] copying /home/GTL/mgaddam/CS7630/ros2_ws/build/ar_slam_base/build/lib/ar_slam_base/mapping_kf.py -> /home/GTL/mgaddam/CS7630/ros2_ws/install/ar_slam_base/lib/python3.10/site-packages/ar_slam_base
[0.938s] copying /home/GTL/mgaddam/CS7630/ros2_ws/build/ar_slam_base/build/lib/ar_slam_base/tb_mapping.py -> /home/GTL/mgaddam/CS7630/ros2_ws/install/ar_slam_base/lib/python3.10/site-packages/ar_slam_base
[0.940s] copying /home/GTL/mgaddam/CS7630/ros2_ws/build/ar_slam_base/build/lib/ar_slam_base/__init__.py -> /home/GTL/mgaddam/CS7630/ros2_ws/install/ar_slam_base/lib/python3.10/site-packages/ar_slam_base
[0.941s] copying /home/GTL/mgaddam/CS7630/ros2_ws/build/ar_slam_base/build/lib/ar_slam_base/rover_mapping.py -> /home/GTL/mgaddam/CS7630/ros2_ws/install/ar_slam_base/lib/python3.10/site-packages/ar_slam_base
[0.943s] byte-compiling /home/GTL/mgaddam/CS7630/ros2_ws/install/ar_slam_base/lib/python3.10/site-packages/ar_slam_base/mapping_kf.py to mapping_kf.cpython-310.pyc
[0.947s] byte-compiling /home/GTL/mgaddam/CS7630/ros2_ws/install/ar_slam_base/lib/python3.10/site-packages/ar_slam_base/tb_mapping.py to tb_mapping.cpython-310.pyc
[0.949s] byte-compiling /home/GTL/mgaddam/CS7630/ros2_ws/install/ar_slam_base/lib/python3.10/site-packages/ar_slam_base/__init__.py to __init__.cpython-310.pyc
[0.951s] byte-compiling /home/GTL/mgaddam/CS7630/ros2_ws/install/ar_slam_base/lib/python3.10/site-packages/ar_slam_base/rover_mapping.py to rover_mapping.cpython-310.pyc
[0.954s] running install_data
[0.955s] copying resource/ar_slam_base -> /home/GTL/mgaddam/CS7630/ros2_ws/install/ar_slam_base/share/ament_index/resource_index/packages
[0.957s] copying package.xml -> /home/GTL/mgaddam/CS7630/ros2_ws/install/ar_slam_base/share/ar_slam_base
[0.959s] copying launch/tb_slam_env.launch.py -> /home/GTL/mgaddam/CS7630/ros2_ws/install/ar_slam_base/share/ar_slam_base
[0.961s] copying launch/ar_slam_env.launch.py -> /home/GTL/mgaddam/CS7630/ros2_ws/install/ar_slam_base/share/ar_slam_base
[0.963s] copying launch/ar_slam_only.launch.py -> /home/GTL/mgaddam/CS7630/ros2_ws/install/ar_slam_base/share/ar_slam_base
[0.965s] copying launch/ar_slam.launch.py -> /home/GTL/mgaddam/CS7630/ros2_ws/install/ar_slam_base/share/ar_slam_base
[0.982s] copying launch/tb_slam.launch.py -> /home/GTL/mgaddam/CS7630/ros2_ws/install/ar_slam_base/share/ar_slam_base
[0.984s] copying launch/tb_slam_only.launch.py -> /home/GTL/mgaddam/CS7630/ros2_ws/install/ar_slam_base/share/ar_slam_base
[0.987s] running install_egg_info
[0.988s] removing '/home/GTL/mgaddam/CS7630/ros2_ws/install/ar_slam_base/lib/python3.10/site-packages/ar_slam_base-0.0.0-py3.10.egg-info' (and everything under it)
[0.989s] Copying ../../build/ar_slam_base/ar_slam_base.egg-info to /home/GTL/mgaddam/CS7630/ros2_ws/install/ar_slam_base/lib/python3.10/site-packages/ar_slam_base-0.0.0-py3.10.egg-info
[1.008s] running install_scripts
[1.023s] Installing ar_slam_node script to /home/GTL/mgaddam/CS7630/ros2_ws/install/ar_slam_base/lib/ar_slam_base
[1.025s] Installing tb_slam_node script to /home/GTL/mgaddam/CS7630/ros2_ws/install/ar_slam_base/lib/ar_slam_base
[1.027s] writing list of installed files to '/home/GTL/mgaddam/CS7630/ros2_ws/build/ar_slam_base/install.log'
[1.044s] Invoked command in '/home/GTL/mgaddam/CS7630/ros2_ws/src/ar_slam_base' returned '0': AMENT_PREFIX_PATH=/home/GTL/mgaddam/CS7630/ros2_ws/install/ar_loc_base:/home/GTL/mgaddam/CS7630/ros2_ws/install/rover_driver_base:/home/GTL/mgaddam/CS7630/ros2_ws/install/ar_mapping_base:${AMENT_PREFIX_PATH} PYTHONPATH=/home/GTL/mgaddam/CS7630/ros2_ws/build/ar_slam_base/prefix_override:/home/GTL/mgaddam/CS7630/ros2_ws/install/ar_slam_base/lib/python3.10/site-packages:/home/GTL/mgaddam/CS7630/ros2_ws/install/ar_loc_base/lib/python3.10/site-packages:/home/GTL/mgaddam/CS7630/ros2_ws/install/rover_driver_base/lib/python3.10/site-packages:/home/GTL/mgaddam/CS7630/ros2_ws/install/ar_mapping_base/lib/python3.10/site-packages:${PYTHONPATH} /usr/bin/python3 setup.py egg_info --egg-base ../../build/ar_slam_base build --build-base /home/GTL/mgaddam/CS7630/ros2_ws/build/ar_slam_base/build install --record /home/GTL/mgaddam/CS7630/ros2_ws/build/ar_slam_base/install.log --single-version-externally-managed
