[2.998s] Invoking command in '/home/GTL/mgaddam/CS7630/ros2_ws/src/keyboard_teleop': PYTHONPATH=/home/GTL/mgaddam/CS7630/ros2_ws/build/keyboard_teleop/prefix_override:/home/GTL/mgaddam/CS7630/ros2_ws/install/keyboard_teleop/lib/python3.10/site-packages:${PYTHONPATH} /usr/bin/python3 setup.py egg_info --egg-base ../../build/keyboard_teleop build --build-base /home/GTL/mgaddam/CS7630/ros2_ws/build/keyboard_teleop/build install --record /home/GTL/mgaddam/CS7630/ros2_ws/build/keyboard_teleop/install.log --single-version-externally-managed
[3.200s] running egg_info
[3.201s] writing ../../build/keyboard_teleop/keyboard_teleop.egg-info/PKG-INFO
[3.202s] writing dependency_links to ../../build/keyboard_teleop/keyboard_teleop.egg-info/dependency_links.txt
[3.203s] writing entry points to ../../build/keyboard_teleop/keyboard_teleop.egg-info/entry_points.txt
[3.204s] writing requirements to ../../build/keyboard_teleop/keyboard_teleop.egg-info/requires.txt
[3.204s] writing top-level names to ../../build/keyboard_teleop/keyboard_teleop.egg-info/top_level.txt
[3.210s] reading manifest file '../../build/keyboard_teleop/keyboard_teleop.egg-info/SOURCES.txt'
[3.211s] writing manifest file '../../build/keyboard_teleop/keyboard_teleop.egg-info/SOURCES.txt'
[3.212s] running build
[3.212s] running build_py
[3.216s] running install
[3.216s] /usr/lib/python3/dist-packages/setuptools/command/install.py:34: SetuptoolsDeprecationWarning: setup.py install is deprecated. Use build and pip and other standards-based tools.
[3.216s]   warnings.warn(
[3.216s] running install_lib
[3.221s] running install_data
[3.222s] running install_egg_info
[3.223s] removing '/home/GTL/mgaddam/CS7630/ros2_ws/install/keyboard_teleop/lib/python3.10/site-packages/keyboard_teleop-0.0.0-py3.10.egg-info' (and everything under it)
[3.227s] Copying ../../build/keyboard_teleop/keyboard_teleop.egg-info to /home/GTL/mgaddam/CS7630/ros2_ws/install/keyboard_teleop/lib/python3.10/site-packages/keyboard_teleop-0.0.0-py3.10.egg-info
[3.245s] running install_scripts
[3.260s] Installing keyboard_joystick_node script to /home/GTL/mgaddam/CS7630/ros2_ws/install/keyboard_teleop/lib/keyboard_teleop
[3.262s] Installing keyboard_teleop_node script to /home/GTL/mgaddam/CS7630/ros2_ws/install/keyboard_teleop/lib/keyboard_teleop
[3.264s] writing list of installed files to '/home/GTL/mgaddam/CS7630/ros2_ws/build/keyboard_teleop/install.log'
[4.080s] Invoked command in '/home/GTL/mgaddam/CS7630/ros2_ws/src/keyboard_teleop' returned '0': PYTHONPATH=/home/GTL/mgaddam/CS7630/ros2_ws/build/keyboard_teleop/prefix_override:/home/GTL/mgaddam/CS7630/ros2_ws/install/keyboard_teleop/lib/python3.10/site-packages:${PYTHONPATH} /usr/bin/python3 setup.py egg_info --egg-base ../../build/keyboard_teleop build --build-base /home/GTL/mgaddam/CS7630/ros2_ws/build/keyboard_teleop/build install --record /home/GTL/mgaddam/CS7630/ros2_ws/build/keyboard_teleop/install.log --single-version-externally-managed
