[0.111s] Invoking command in '/home/GTL/mgaddam/CS7630/ros2_ws/build/floor_nav': AMENT_PREFIX_PATH=/home/GTL/mgaddam/CS7630/ros2_ws/install/task_manager_nav2:/home/GTL/mgaddam/CS7630/ros2_ws/install/task_manager_lib:/home/GTL/mgaddam/CS7630/ros2_ws/install/task_manager_msgs:/home/GTL/mgaddam/CS7630/ros2_ws/install/cs7630_msgs:${AMENT_PREFIX_PATH} CMAKE_PREFIX_PATH=/home/GTL/mgaddam/CS7630/ros2_ws/install/task_manager_nav2:/home/GTL/mgaddam/CS7630/ros2_ws/install/task_manager_lib:/home/GTL/mgaddam/CS7630/ros2_ws/install/task_manager_msgs:/home/GTL/mgaddam/CS7630/ros2_ws/install/cs7630_msgs:/home/GTL/mgaddam/CS7630/ros2_ws/src/install/vrep4_helpers:/home/GTL/mgaddam/CS7630/ros2_ws/src/install/task_manager_sync:/home/GTL/mgaddam/CS7630/ros2_ws/src/install/floor_nav:/home/GTL/mgaddam/CS7630/ros2_ws/src/install/task_manager_nav2:/home/GTL/mgaddam/CS7630/ros2_ws/src/install/task_manager_lib:/home/GTL/mgaddam/CS7630/ros2_ws/src/install/task_manager_msgs:/home/GTL/mgaddam/CS7630/ros2_ws/src/install/cs7630_msgs:/home/GTL/mgaddam/CS7630/ros2_ws/src/install/collision_avoidance_base:/home/GTL/mgaddam/CS7630/ros2_ws/src/install/vrep_ros_teleop:/home/GTL/mgaddam/CS7630/ros2_ws/src/install/task_manager_client_py:/home/GTL/mgaddam/CS7630/ros2_ws/src/install/ar_slam_base:/home/GTL/mgaddam/CS7630/ros2_ws/src/install/ar_loc_base:/home/GTL/mgaddam/CS7630/ros2_ws/src/install/rover_driver_base:/home/GTL/mgaddam/CS7630/ros2_ws/src/install/keyboard_teleop:/home/GTL/mgaddam/CS7630/ros2_ws/src/install/face_detect_base:/home/GTL/mgaddam/CS7630/ros2_ws/src/install/button_server:/home/GTL/mgaddam/CS7630/ros2_ws/src/install/ar_mapping_base:/opt/ros/humble LD_LIBRARY_PATH=/home/GTL/mgaddam/CS7630/ros2_ws/install/task_manager_lib/lib:/home/GTL/mgaddam/CS7630/ros2_ws/install/task_manager_msgs/lib:/home/GTL/mgaddam/CS7630/ros2_ws/install/cs7630_msgs/lib:${LD_LIBRARY_PATH} PYTHONPATH=/home/GTL/mgaddam/CS7630/ros2_ws/install/task_manager_msgs/local/lib/python3.10/dist-packages:/home/GTL/mgaddam/CS7630/ros2_ws/install/cs7630_msgs/local/lib/python3.10/dist-packages:${PYTHONPATH} /usr/bin/cmake /home/GTL/mgaddam/CS7630/ros2_ws/src/floor_nav -DCMAKE_INSTALL_PREFIX=/home/GTL/mgaddam/CS7630/ros2_ws/install/floor_nav
[0.215s] -- The C compiler identification is GNU 11.4.0
[0.282s] -- The CXX compiler identification is GNU 11.4.0
[0.295s] -- Detecting C compiler ABI info
[0.431s] -- Detecting C compiler ABI info - done
[0.440s] -- Check for working C compiler: /usr/bin/cc - skipped
[0.440s] -- Detecting C compile features
[0.440s] -- Detecting C compile features - done
[0.451s] -- Detecting CXX compiler ABI info
[0.586s] -- Detecting CXX compiler ABI info - done
[0.595s] -- Check for working CXX compiler: /usr/bin/c++ - skipped
[0.595s] -- Detecting CXX compile features
[0.596s] -- Detecting CXX compile features - done
[0.657s] -- Found ament_cmake: 1.3.8 (/opt/ros/humble/share/ament_cmake/cmake)
[0.917s] -- Found Python3: /usr/bin/python3 (found version "3.10.12") found components: Interpreter 
[1.709s] -- Found rclcpp: 16.0.8 (/opt/ros/humble/share/rclcpp/cmake)
[2.278s] -- Found rosidl_generator_c: 3.1.5 (/opt/ros/humble/share/rosidl_generator_c/cmake)
[2.381s] -- Found rosidl_adapter: 3.1.5 (/opt/ros/humble/share/rosidl_adapter/cmake)
[2.489s] -- Found rosidl_generator_cpp: 3.1.5 (/opt/ros/humble/share/rosidl_generator_cpp/cmake)
[2.606s] -- Using all available rosidl_typesupport_c: rosidl_typesupport_fastrtps_c;rosidl_typesupport_introspection_c
[2.762s] -- Using all available rosidl_typesupport_cpp: rosidl_typesupport_fastrtps_cpp;rosidl_typesupport_introspection_cpp
[3.289s] -- Found rmw_implementation_cmake: 6.1.1 (/opt/ros/humble/share/rmw_implementation_cmake/cmake)
[3.341s] -- Found rmw_cyclonedds_cpp: 1.3.4 (/opt/ros/humble/share/rmw_cyclonedds_cpp/cmake)
[3.649s] -- Using RMW implementation 'rmw_cyclonedds_cpp' as default
[3.803s] -- Looking for pthread.h
[3.955s] -- Looking for pthread.h - found
[3.957s] -- Performing Test CMAKE_HAVE_LIBC_PTHREAD
[4.073s] -- Performing Test CMAKE_HAVE_LIBC_PTHREAD - Success
[4.074s] -- Found Threads: TRUE  
[4.421s] -- Found rclcpp_action: 16.0.8 (/opt/ros/humble/share/rclcpp_action/cmake)
[4.740s] -- Found rclpy: 3.3.12 (/opt/ros/humble/share/rclpy/cmake)
[4.748s] -- Found task_manager_msgs: 0.0.0 (/home/GTL/mgaddam/CS7630/ros2_ws/install/task_manager_msgs/share/task_manager_msgs/cmake)
[4.821s] -- Found task_manager_lib: 0.0.0 (/home/GTL/mgaddam/CS7630/ros2_ws/install/task_manager_lib/share/task_manager_lib/cmake)
[5.054s] -- Found sensor_msgs: 4.2.3 (/opt/ros/humble/share/sensor_msgs/cmake)
[5.236s] -- Found topic_tools_interfaces: 1.1.1 (/opt/ros/humble/share/topic_tools_interfaces/cmake)
[5.273s] -- Found cs7630_msgs: 0.0.0 (/home/GTL/mgaddam/CS7630/ros2_ws/install/cs7630_msgs/share/cs7630_msgs/cmake)
[5.402s] -- Found kobuki_ros_interfaces: 1.0.0 (/opt/ros/humble/share/kobuki_ros_interfaces/cmake)
[6.302s] -- Checking for module 'eigen3'
[6.314s] --   Found eigen3, version 3.4.0
[6.342s] -- Found Eigen: /usr/include/eigen3 (Required is at least version "3.1") 
[6.342s] -- Eigen found (include: /usr/include/eigen3, version: 3.4.0)
[6.640s] -- Checking for module 'libusb-1.0'
[6.648s] --   Found libusb-1.0, version 1.0.25
[6.667s] -- Found libusb: /usr/lib/x86_64-linux-gnu/libusb-1.0.so  
[6.667s] -- OpenNI found (version: 1.5.4.0, include: /usr/include/ni, lib: /usr/lib/libOpenNI.so;libusb::libusb)
[6.746s] -- OpenNI2 found (version: 2.2.0.33, include: /usr/include/openni2, lib: /usr/lib/x86_64-linux-gnu/libOpenNI2.so;libusb::libusb)
[7.922s] -- Eigen found (include: /usr/include/eigen3, version: 3.4.0)
[7.923s] -- Found PCL_COMMON: /usr/lib/x86_64-linux-gnu/libpcl_common.so  
[7.923s] -- Found PCL_OCTREE: /usr/lib/x86_64-linux-gnu/libpcl_octree.so  
[7.924s] -- Found PCL_IO: /usr/lib/x86_64-linux-gnu/libpcl_io.so  
[7.980s] -- Found pcl_conversions: 2.4.5 (/opt/ros/humble/share/pcl_conversions/cmake)
[8.217s] -- Found tf2: 0.25.6 (/opt/ros/humble/share/tf2/cmake)
[8.324s] -- Found tf2_ros: 0.25.6 (/opt/ros/humble/share/tf2_ros/cmake)
[8.735s] -- Found tf2_geometry_msgs: 0.25.6 (/opt/ros/humble/share/tf2_geometry_msgs/cmake)
[8.947s] -- Found eigen3_cmake_module: 0.1.1 (/opt/ros/humble/share/eigen3_cmake_module/cmake)
[8.947s] -- Found Eigen3: TRUE (found version "3.4.0") 
[8.948s] -- Ensuring Eigen3 include directory is part of orocos-kdl CMake target
[8.956s] -- Found task_manager_nav2: 0.0.0 (/home/GTL/mgaddam/CS7630/ros2_ws/install/task_manager_nav2/share/task_manager_nav2/cmake)
[14.578s] -- Found ament_lint_auto: 0.12.10 (/opt/ros/humble/share/ament_lint_auto/cmake)
[15.416s] -- Added test 'cppcheck' to perform static code analysis on C / C++ code
[15.428s] -- Configured cppcheck include dirs: /home/GTL/mgaddam/CS7630/ros2_ws/src/floor_nav/include
[15.428s] -- Configured cppcheck exclude dirs and/or files: 
[15.437s] -- Added test 'flake8' to check Python code syntax and style conventions
[15.449s] -- Added test 'lint_cmake' to check CMake code style
[15.455s] -- Added test 'pep257' to check Python code against some of the docstring style conventions in PEP 257
[15.488s] -- Added test 'uncrustify' to check C / C++ code style
[15.488s] -- Configured uncrustify additional arguments: 
[15.494s] -- Added test 'xmllint' to check XML markup files
[15.512s] -- Configuring done
[19.051s] -- Generating done
[19.274s] -- Build files have been written to: /home/GTL/mgaddam/CS7630/ros2_ws/build/floor_nav
[19.304s] Invoked command in '/home/GTL/mgaddam/CS7630/ros2_ws/build/floor_nav' returned '0': AMENT_PREFIX_PATH=/home/GTL/mgaddam/CS7630/ros2_ws/install/task_manager_nav2:/home/GTL/mgaddam/CS7630/ros2_ws/install/task_manager_lib:/home/GTL/mgaddam/CS7630/ros2_ws/install/task_manager_msgs:/home/GTL/mgaddam/CS7630/ros2_ws/install/cs7630_msgs:${AMENT_PREFIX_PATH} CMAKE_PREFIX_PATH=/home/GTL/mgaddam/CS7630/ros2_ws/install/task_manager_nav2:/home/GTL/mgaddam/CS7630/ros2_ws/install/task_manager_lib:/home/GTL/mgaddam/CS7630/ros2_ws/install/task_manager_msgs:/home/GTL/mgaddam/CS7630/ros2_ws/install/cs7630_msgs:/home/GTL/mgaddam/CS7630/ros2_ws/src/install/vrep4_helpers:/home/GTL/mgaddam/CS7630/ros2_ws/src/install/task_manager_sync:/home/GTL/mgaddam/CS7630/ros2_ws/src/install/floor_nav:/home/GTL/mgaddam/CS7630/ros2_ws/src/install/task_manager_nav2:/home/GTL/mgaddam/CS7630/ros2_ws/src/install/task_manager_lib:/home/GTL/mgaddam/CS7630/ros2_ws/src/install/task_manager_msgs:/home/GTL/mgaddam/CS7630/ros2_ws/src/install/cs7630_msgs:/home/GTL/mgaddam/CS7630/ros2_ws/src/install/collision_avoidance_base:/home/GTL/mgaddam/CS7630/ros2_ws/src/install/vrep_ros_teleop:/home/GTL/mgaddam/CS7630/ros2_ws/src/install/task_manager_client_py:/home/GTL/mgaddam/CS7630/ros2_ws/src/install/ar_slam_base:/home/GTL/mgaddam/CS7630/ros2_ws/src/install/ar_loc_base:/home/GTL/mgaddam/CS7630/ros2_ws/src/install/rover_driver_base:/home/GTL/mgaddam/CS7630/ros2_ws/src/install/keyboard_teleop:/home/GTL/mgaddam/CS7630/ros2_ws/src/install/face_detect_base:/home/GTL/mgaddam/CS7630/ros2_ws/src/install/button_server:/home/GTL/mgaddam/CS7630/ros2_ws/src/install/ar_mapping_base:/opt/ros/humble LD_LIBRARY_PATH=/home/GTL/mgaddam/CS7630/ros2_ws/install/task_manager_lib/lib:/home/GTL/mgaddam/CS7630/ros2_ws/install/task_manager_msgs/lib:/home/GTL/mgaddam/CS7630/ros2_ws/install/cs7630_msgs/lib:${LD_LIBRARY_PATH} PYTHONPATH=/home/GTL/mgaddam/CS7630/ros2_ws/install/task_manager_msgs/local/lib/python3.10/dist-packages:/home/GTL/mgaddam/CS7630/ros2_ws/install/cs7630_msgs/local/lib/python3.10/dist-packages:${PYTHONPATH} /usr/bin/cmake /home/GTL/mgaddam/CS7630/ros2_ws/src/floor_nav -DCMAKE_INSTALL_PREFIX=/home/GTL/mgaddam/CS7630/ros2_ws/install/floor_nav
[19.612s] Invoking command in '/home/GTL/mgaddam/CS7630/ros2_ws/build/floor_nav': AMENT_PREFIX_PATH=/home/GTL/mgaddam/CS7630/ros2_ws/install/task_manager_nav2:/home/GTL/mgaddam/CS7630/ros2_ws/install/task_manager_lib:/home/GTL/mgaddam/CS7630/ros2_ws/install/task_manager_msgs:/home/GTL/mgaddam/CS7630/ros2_ws/install/cs7630_msgs:${AMENT_PREFIX_PATH} CMAKE_PREFIX_PATH=/home/GTL/mgaddam/CS7630/ros2_ws/install/task_manager_nav2:/home/GTL/mgaddam/CS7630/ros2_ws/install/task_manager_lib:/home/GTL/mgaddam/CS7630/ros2_ws/install/task_manager_msgs:/home/GTL/mgaddam/CS7630/ros2_ws/install/cs7630_msgs:/home/GTL/mgaddam/CS7630/ros2_ws/src/install/vrep4_helpers:/home/GTL/mgaddam/CS7630/ros2_ws/src/install/task_manager_sync:/home/GTL/mgaddam/CS7630/ros2_ws/src/install/floor_nav:/home/GTL/mgaddam/CS7630/ros2_ws/src/install/task_manager_nav2:/home/GTL/mgaddam/CS7630/ros2_ws/src/install/task_manager_lib:/home/GTL/mgaddam/CS7630/ros2_ws/src/install/task_manager_msgs:/home/GTL/mgaddam/CS7630/ros2_ws/src/install/cs7630_msgs:/home/GTL/mgaddam/CS7630/ros2_ws/src/install/collision_avoidance_base:/home/GTL/mgaddam/CS7630/ros2_ws/src/install/vrep_ros_teleop:/home/GTL/mgaddam/CS7630/ros2_ws/src/install/task_manager_client_py:/home/GTL/mgaddam/CS7630/ros2_ws/src/install/ar_slam_base:/home/GTL/mgaddam/CS7630/ros2_ws/src/install/ar_loc_base:/home/GTL/mgaddam/CS7630/ros2_ws/src/install/rover_driver_base:/home/GTL/mgaddam/CS7630/ros2_ws/src/install/keyboard_teleop:/home/GTL/mgaddam/CS7630/ros2_ws/src/install/face_detect_base:/home/GTL/mgaddam/CS7630/ros2_ws/src/install/button_server:/home/GTL/mgaddam/CS7630/ros2_ws/src/install/ar_mapping_base:/opt/ros/humble LD_LIBRARY_PATH=/home/GTL/mgaddam/CS7630/ros2_ws/install/task_manager_lib/lib:/home/GTL/mgaddam/CS7630/ros2_ws/install/task_manager_msgs/lib:/home/GTL/mgaddam/CS7630/ros2_ws/install/cs7630_msgs/lib:${LD_LIBRARY_PATH} PYTHONPATH=/home/GTL/mgaddam/CS7630/ros2_ws/install/task_manager_msgs/local/lib/python3.10/dist-packages:/home/GTL/mgaddam/CS7630/ros2_ws/install/cs7630_msgs/local/lib/python3.10/dist-packages:${PYTHONPATH} /usr/bin/cmake --build /home/GTL/mgaddam/CS7630/ros2_ws/build/floor_nav -- -j16 -l16
[19.742s] [ 19%] [32mBuilding CXX object CMakeFiles/floornav_TaskGoTo.dir/tasks/TaskGoTo.cpp.o[0m
[19.743s] [ 19%] [32mBuilding CXX object CMakeFiles/floornav_TaskStareAtFace.dir/tasks/TaskStareAtFace.cpp.o[0m
[19.743s] [ 19%] [32mBuilding CXX object CMakeFiles/floornav_TaskTrigger.dir/tasks/TaskTrigger.cpp.o[0m
[19.743s] [ 19%] [32mBuilding CXX object CMakeFiles/floornav_task_server.dir/src/task_server.cpp.o[0m
[19.743s] [ 19%] [32mBuilding CXX object CMakeFiles/floornav_TaskConstant.dir/tasks/TaskConstant.cpp.o[0m
[19.744s] [ 45%] [32mBuilding CXX object CMakeFiles/floornav_TaskWander.dir/tasks/TaskWander.cpp.o[0m
[19.744s] [ 45%] [32mBuilding CXX object CMakeFiles/floornav_TaskSetMux.dir/tasks/TaskSetMux.cpp.o[0m
[19.744s] [ 45%] [32mBuilding CXX object CMakeFiles/floornav_TaskSetBool.dir/tasks/TaskSetBool.cpp.o[0m
[19.744s] [ 45%] [32mBuilding CXX object CMakeFiles/floornav_TaskPlanTo.dir/tasks/TaskPlanTo.cpp.o[0m
[19.744s] [ 45%] [32mBuilding CXX object CMakeFiles/floornav_task_server.dir/src/SimTasksEnv.cpp.o[0m
[19.744s] [ 45%] [32mBuilding CXX object CMakeFiles/floornav_TaskSetHeading.dir/tasks/TaskSetHeading.cpp.o[0m
[19.744s] [ 48%] [32mBuilding CXX object CMakeFiles/floornav_TaskWaitForFace.dir/tasks/TaskWaitForFace.cpp.o[0m
[19.744s] [ 45%] [32mBuilding CXX object CMakeFiles/floornav_TaskNav2.dir/tasks/TaskNav2.cpp.o[0m
[19.745s] [ 45%] [32mBuilding CXX object CMakeFiles/floornav_TaskWaitForROI.dir/tasks/TaskWaitForROI.cpp.o[0m
[19.745s] [ 48%] [32mBuilding CXX object CMakeFiles/floornav_TaskGoToPose.dir/tasks/TaskGoToPose.cpp.o[0m
[19.798s] [ 51%] [32mBuilding CXX object CMakeFiles/floornav_TaskAutoDock.dir/tasks/TaskAutoDock.cpp.o[0m
[29.835s] [01m[K/home/GTL/mgaddam/CS7630/ros2_ws/src/floor_nav/tasks/TaskWaitForFace.cpp:[m[K In member function ‘[01m[Kvirtual task_manager_lib::TaskIndicator floor_nav::TaskWaitForFace::iterate()[m[K’:
[29.845s] [01m[K/home/GTL/mgaddam/CS7630/ros2_ws/src/floor_nav/tasks/TaskWaitForFace.cpp:21:29:[m[K [01;35m[Kwarning: [m[Kcomparison of integer expressions of different signedness: ‘[01m[Kstd::vector<sensor_msgs::msg::RegionOfInterest_<std::allocator<void> >, std::allocator<sensor_msgs::msg::RegionOfInterest_<std::allocator<void> > > >::size_type[m[K’ {aka ‘[01m[Klong unsigned int[m[K’} and ‘[01m[Kint[m[K’ [[01;35m[K]8;;https://gcc.gnu.org/onlinedocs/gcc/Warning-Options.html#index-Wsign-compare-Wsign-compare]8;;[m[K]
[29.845s]    21 |     if ([01;35m[Krois.regions.size() > cfg->num_faces[m[K) {
[29.845s]       |         [01;35m[K~~~~~~~~~~~~~~~~~~~~^~~~~~~~~~~~~~~~[m[K
[29.846s] [01m[K/home/GTL/mgaddam/CS7630/ros2_ws/src/floor_nav/tasks/TaskWaitForFace.cpp:22:27:[m[K [01;35m[Kwarning: [m[Kcomparison of integer expressions of different signedness: ‘[01m[Kint[m[K’ and ‘[01m[Kstd::vector<sensor_msgs::msg::RegionOfInterest_<std::allocator<void> >, std::allocator<sensor_msgs::msg::RegionOfInterest_<std::allocator<void> > > >::size_type[m[K’ {aka ‘[01m[Klong unsigned int[m[K’} [[01;35m[K]8;;https://gcc.gnu.org/onlinedocs/gcc/Warning-Options.html#index-Wsign-compare-Wsign-compare]8;;[m[K]
[29.846s]    22 |         for (int i = 0; [01;35m[Ki < rois.regions.size()[m[K; i++) {
[29.846s]       |                         [01;35m[K~~^~~~~~~~~~~~~~~~~~~~~[m[K
[53.336s] [ 64%] [32m[1mLinking CXX shared library libfloornav_TaskWaitForROI.so[0m
[53.338s] [ 64%] [32m[1mLinking CXX shared library libfloornav_TaskSetHeading.so[0m
[53.338s] [ 64%] [32m[1mLinking CXX shared library libfloornav_TaskGoTo.so[0m
[53.338s] [ 64%] [32m[1mLinking CXX shared library libfloornav_TaskGoToPose.so[0m
[53.339s] [ 67%] [32m[1mLinking CXX shared library libfloornav_TaskConstant.so[0m
[53.470s] [ 70%] [32m[1mLinking CXX shared library libfloornav_TaskWander.so[0m
[55.180s] [ 77%] [32m[1mLinking CXX shared library libfloornav_TaskTrigger.so[0m
[55.180s] [ 77%] [32m[1mLinking CXX shared library libfloornav_TaskSetBool.so[0m
[55.248s] [ 80%] [32m[1mLinking CXX shared library libfloornav_TaskSetMux.so[0m
[57.752s] [ 83%] [32m[1mLinking CXX shared library libfloornav_TaskAutoDock.so[0m
[59.955s] [ 87%] [32m[1mLinking CXX shared library libfloornav_TaskNav2.so[0m
[79.885s] [ 90%] [32m[1mLinking CXX shared library libfloornav_TaskWaitForFace.so[0m
[81.720s] [ 93%] [32m[1mLinking CXX shared library libfloornav_TaskStareAtFace.so[0m
[83.896s] [ 96%] [32m[1mLinking CXX shared library libfloornav_TaskPlanTo.so[0m
[98.163s] [100%] [32m[1mLinking CXX executable floornav_task_server[0m
[133.808s] [100%] Built target floornav_TaskTrigger
[134.023s] [100%] Built target floornav_TaskWaitForROI
[134.999s] [100%] Built target floornav_TaskSetHeading
[135.928s] [100%] Built target floornav_TaskGoToPose
[136.256s] [100%] Built target floornav_TaskGoTo
[136.546s] [100%] Built target floornav_TaskConstant
[136.636s] [100%] Built target floornav_TaskWander
[136.901s] [100%] Built target floornav_TaskSetMux
[138.278s] [100%] Built target floornav_TaskSetBool
[141.047s] [100%] Built target floornav_TaskNav2
[143.328s] [100%] Built target floornav_TaskWaitForFace
[143.681s] [100%] Built target floornav_TaskStareAtFace
[143.713s] [100%] Built target floornav_TaskAutoDock
[144.105s] [100%] Built target floornav_TaskPlanTo
[146.303s] [100%] Built target floornav_task_server
[146.375s] Invoked command in '/home/GTL/mgaddam/CS7630/ros2_ws/build/floor_nav' returned '0': AMENT_PREFIX_PATH=/home/GTL/mgaddam/CS7630/ros2_ws/install/task_manager_nav2:/home/GTL/mgaddam/CS7630/ros2_ws/install/task_manager_lib:/home/GTL/mgaddam/CS7630/ros2_ws/install/task_manager_msgs:/home/GTL/mgaddam/CS7630/ros2_ws/install/cs7630_msgs:${AMENT_PREFIX_PATH} CMAKE_PREFIX_PATH=/home/GTL/mgaddam/CS7630/ros2_ws/install/task_manager_nav2:/home/GTL/mgaddam/CS7630/ros2_ws/install/task_manager_lib:/home/GTL/mgaddam/CS7630/ros2_ws/install/task_manager_msgs:/home/GTL/mgaddam/CS7630/ros2_ws/install/cs7630_msgs:/home/GTL/mgaddam/CS7630/ros2_ws/src/install/vrep4_helpers:/home/GTL/mgaddam/CS7630/ros2_ws/src/install/task_manager_sync:/home/GTL/mgaddam/CS7630/ros2_ws/src/install/floor_nav:/home/GTL/mgaddam/CS7630/ros2_ws/src/install/task_manager_nav2:/home/GTL/mgaddam/CS7630/ros2_ws/src/install/task_manager_lib:/home/GTL/mgaddam/CS7630/ros2_ws/src/install/task_manager_msgs:/home/GTL/mgaddam/CS7630/ros2_ws/src/install/cs7630_msgs:/home/GTL/mgaddam/CS7630/ros2_ws/src/install/collision_avoidance_base:/home/GTL/mgaddam/CS7630/ros2_ws/src/install/vrep_ros_teleop:/home/GTL/mgaddam/CS7630/ros2_ws/src/install/task_manager_client_py:/home/GTL/mgaddam/CS7630/ros2_ws/src/install/ar_slam_base:/home/GTL/mgaddam/CS7630/ros2_ws/src/install/ar_loc_base:/home/GTL/mgaddam/CS7630/ros2_ws/src/install/rover_driver_base:/home/GTL/mgaddam/CS7630/ros2_ws/src/install/keyboard_teleop:/home/GTL/mgaddam/CS7630/ros2_ws/src/install/face_detect_base:/home/GTL/mgaddam/CS7630/ros2_ws/src/install/button_server:/home/GTL/mgaddam/CS7630/ros2_ws/src/install/ar_mapping_base:/opt/ros/humble LD_LIBRARY_PATH=/home/GTL/mgaddam/CS7630/ros2_ws/install/task_manager_lib/lib:/home/GTL/mgaddam/CS7630/ros2_ws/install/task_manager_msgs/lib:/home/GTL/mgaddam/CS7630/ros2_ws/install/cs7630_msgs/lib:${LD_LIBRARY_PATH} PYTHONPATH=/home/GTL/mgaddam/CS7630/ros2_ws/install/task_manager_msgs/local/lib/python3.10/dist-packages:/home/GTL/mgaddam/CS7630/ros2_ws/install/cs7630_msgs/local/lib/python3.10/dist-packages:${PYTHONPATH} /usr/bin/cmake --build /home/GTL/mgaddam/CS7630/ros2_ws/build/floor_nav -- -j16 -l16
[146.555s] Invoking command in '/home/GTL/mgaddam/CS7630/ros2_ws/build/floor_nav': AMENT_PREFIX_PATH=/home/GTL/mgaddam/CS7630/ros2_ws/install/task_manager_nav2:/home/GTL/mgaddam/CS7630/ros2_ws/install/task_manager_lib:/home/GTL/mgaddam/CS7630/ros2_ws/install/task_manager_msgs:/home/GTL/mgaddam/CS7630/ros2_ws/install/cs7630_msgs:${AMENT_PREFIX_PATH} CMAKE_PREFIX_PATH=/home/GTL/mgaddam/CS7630/ros2_ws/install/task_manager_nav2:/home/GTL/mgaddam/CS7630/ros2_ws/install/task_manager_lib:/home/GTL/mgaddam/CS7630/ros2_ws/install/task_manager_msgs:/home/GTL/mgaddam/CS7630/ros2_ws/install/cs7630_msgs:/home/GTL/mgaddam/CS7630/ros2_ws/src/install/vrep4_helpers:/home/GTL/mgaddam/CS7630/ros2_ws/src/install/task_manager_sync:/home/GTL/mgaddam/CS7630/ros2_ws/src/install/floor_nav:/home/GTL/mgaddam/CS7630/ros2_ws/src/install/task_manager_nav2:/home/GTL/mgaddam/CS7630/ros2_ws/src/install/task_manager_lib:/home/GTL/mgaddam/CS7630/ros2_ws/src/install/task_manager_msgs:/home/GTL/mgaddam/CS7630/ros2_ws/src/install/cs7630_msgs:/home/GTL/mgaddam/CS7630/ros2_ws/src/install/collision_avoidance_base:/home/GTL/mgaddam/CS7630/ros2_ws/src/install/vrep_ros_teleop:/home/GTL/mgaddam/CS7630/ros2_ws/src/install/task_manager_client_py:/home/GTL/mgaddam/CS7630/ros2_ws/src/install/ar_slam_base:/home/GTL/mgaddam/CS7630/ros2_ws/src/install/ar_loc_base:/home/GTL/mgaddam/CS7630/ros2_ws/src/install/rover_driver_base:/home/GTL/mgaddam/CS7630/ros2_ws/src/install/keyboard_teleop:/home/GTL/mgaddam/CS7630/ros2_ws/src/install/face_detect_base:/home/GTL/mgaddam/CS7630/ros2_ws/src/install/button_server:/home/GTL/mgaddam/CS7630/ros2_ws/src/install/ar_mapping_base:/opt/ros/humble LD_LIBRARY_PATH=/home/GTL/mgaddam/CS7630/ros2_ws/install/task_manager_lib/lib:/home/GTL/mgaddam/CS7630/ros2_ws/install/task_manager_msgs/lib:/home/GTL/mgaddam/CS7630/ros2_ws/install/cs7630_msgs/lib:${LD_LIBRARY_PATH} PYTHONPATH=/home/GTL/mgaddam/CS7630/ros2_ws/install/task_manager_msgs/local/lib/python3.10/dist-packages:/home/GTL/mgaddam/CS7630/ros2_ws/install/cs7630_msgs/local/lib/python3.10/dist-packages:${PYTHONPATH} /usr/bin/cmake --install /home/GTL/mgaddam/CS7630/ros2_ws/build/floor_nav
[146.560s] -- Install configuration: ""
[146.563s] -- Installing: /home/GTL/mgaddam/CS7630/ros2_ws/install/floor_nav/lib/floor_nav/floornav_task_server
[146.780s] -- Set runtime path of "/home/GTL/mgaddam/CS7630/ros2_ws/install/floor_nav/lib/floor_nav/floornav_task_server" to ""
[146.781s] -- Installing: /home/GTL/mgaddam/CS7630/ros2_ws/install/floor_nav/lib/floor_nav/libfloornav_TaskAutoDock.so
[146.828s] -- Set runtime path of "/home/GTL/mgaddam/CS7630/ros2_ws/install/floor_nav/lib/floor_nav/libfloornav_TaskAutoDock.so" to ""
[146.829s] -- Installing: /home/GTL/mgaddam/CS7630/ros2_ws/install/floor_nav/lib/floor_nav/libfloornav_TaskWaitForROI.so
[146.864s] -- Set runtime path of "/home/GTL/mgaddam/CS7630/ros2_ws/install/floor_nav/lib/floor_nav/libfloornav_TaskWaitForROI.so" to ""
[146.865s] -- Installing: /home/GTL/mgaddam/CS7630/ros2_ws/install/floor_nav/lib/floor_nav/libfloornav_TaskWaitForFace.so
[146.993s] -- Set runtime path of "/home/GTL/mgaddam/CS7630/ros2_ws/install/floor_nav/lib/floor_nav/libfloornav_TaskWaitForFace.so" to ""
[146.994s] -- Installing: /home/GTL/mgaddam/CS7630/ros2_ws/install/floor_nav/lib/floor_nav/libfloornav_TaskWander.so
[147.033s] -- Set runtime path of "/home/GTL/mgaddam/CS7630/ros2_ws/install/floor_nav/lib/floor_nav/libfloornav_TaskWander.so" to ""
[147.034s] -- Installing: /home/GTL/mgaddam/CS7630/ros2_ws/install/floor_nav/lib/floor_nav/libfloornav_TaskSetHeading.so
[147.072s] -- Set runtime path of "/home/GTL/mgaddam/CS7630/ros2_ws/install/floor_nav/lib/floor_nav/libfloornav_TaskSetHeading.so" to ""
[147.073s] -- Installing: /home/GTL/mgaddam/CS7630/ros2_ws/install/floor_nav/lib/floor_nav/libfloornav_TaskStareAtFace.so
[147.202s] -- Set runtime path of "/home/GTL/mgaddam/CS7630/ros2_ws/install/floor_nav/lib/floor_nav/libfloornav_TaskStareAtFace.so" to ""
[147.203s] -- Installing: /home/GTL/mgaddam/CS7630/ros2_ws/install/floor_nav/lib/floor_nav/libfloornav_TaskPlanTo.so
[147.333s] -- Set runtime path of "/home/GTL/mgaddam/CS7630/ros2_ws/install/floor_nav/lib/floor_nav/libfloornav_TaskPlanTo.so" to ""
[147.334s] -- Installing: /home/GTL/mgaddam/CS7630/ros2_ws/install/floor_nav/lib/floor_nav/libfloornav_TaskGoTo.so
[147.372s] -- Set runtime path of "/home/GTL/mgaddam/CS7630/ros2_ws/install/floor_nav/lib/floor_nav/libfloornav_TaskGoTo.so" to ""
[147.373s] -- Installing: /home/GTL/mgaddam/CS7630/ros2_ws/install/floor_nav/lib/floor_nav/libfloornav_TaskConstant.so
[147.412s] -- Set runtime path of "/home/GTL/mgaddam/CS7630/ros2_ws/install/floor_nav/lib/floor_nav/libfloornav_TaskConstant.so" to ""
[147.413s] -- Installing: /home/GTL/mgaddam/CS7630/ros2_ws/install/floor_nav/lib/floor_nav/libfloornav_TaskTrigger.so
[147.461s] -- Set runtime path of "/home/GTL/mgaddam/CS7630/ros2_ws/install/floor_nav/lib/floor_nav/libfloornav_TaskTrigger.so" to ""
[147.462s] -- Installing: /home/GTL/mgaddam/CS7630/ros2_ws/install/floor_nav/lib/floor_nav/libfloornav_TaskSetBool.so
[147.545s] -- Set runtime path of "/home/GTL/mgaddam/CS7630/ros2_ws/install/floor_nav/lib/floor_nav/libfloornav_TaskSetBool.so" to ""
[147.546s] -- Installing: /home/GTL/mgaddam/CS7630/ros2_ws/install/floor_nav/lib/floor_nav/libfloornav_TaskSetMux.so
[147.596s] -- Set runtime path of "/home/GTL/mgaddam/CS7630/ros2_ws/install/floor_nav/lib/floor_nav/libfloornav_TaskSetMux.so" to ""
[147.597s] -- Installing: /home/GTL/mgaddam/CS7630/ros2_ws/install/floor_nav/lib/floor_nav/libfloornav_TaskNav2.so
[147.649s] -- Set runtime path of "/home/GTL/mgaddam/CS7630/ros2_ws/install/floor_nav/lib/floor_nav/libfloornav_TaskNav2.so" to ""
[147.650s] -- Installing: /home/GTL/mgaddam/CS7630/ros2_ws/install/floor_nav/lib/floor_nav/libfloornav_TaskGoToPose.so
[147.685s] -- Set runtime path of "/home/GTL/mgaddam/CS7630/ros2_ws/install/floor_nav/lib/floor_nav/libfloornav_TaskGoToPose.so" to ""
[147.687s] -- Up-to-date: /home/GTL/mgaddam/CS7630/ros2_ws/install/floor_nav/share/floor_nav
[147.689s] -- Installing: /home/GTL/mgaddam/CS7630/ros2_ws/install/floor_nav/share/floor_nav/launch_server_tb.launch.py
[147.709s] -- Installing: /home/GTL/mgaddam/CS7630/ros2_ws/install/floor_nav/share/floor_nav/launch_rover.launch.py
[147.735s] -- Installing: /home/GTL/mgaddam/CS7630/ros2_ws/install/floor_nav/share/floor_nav/launch_server_tb.launch
[147.755s] -- Up-to-date: /home/GTL/mgaddam/CS7630/ros2_ws/install/floor_nav/share/floor_nav/__pycache__
[147.758s] -- Installing: /home/GTL/mgaddam/CS7630/ros2_ws/install/floor_nav/share/floor_nav/__pycache__/launch_server_tb.launch.cpython-310.pyc
[147.772s] -- Installing: /home/GTL/mgaddam/CS7630/ros2_ws/install/floor_nav/share/floor_nav/launch_server.launch
[147.781s] -- Installing: /home/GTL/mgaddam/CS7630/ros2_ws/install/floor_nav/lib/floor_nav/graph_forever.py
[147.788s] -- Installing: /home/GTL/mgaddam/CS7630/ros2_ws/install/floor_nav/lib/floor_nav/test_goto.py
[147.793s] -- Installing: /home/GTL/mgaddam/CS7630/ros2_ws/install/floor_nav/lib/floor_nav/test_goto_pose.py
[147.814s] -- Installing: /home/GTL/mgaddam/CS7630/ros2_ws/install/floor_nav/lib/floor_nav/test_graph_2d.py
[147.821s] -- Installing: /home/GTL/mgaddam/CS7630/ros2_ws/install/floor_nav/lib/floor_nav/test_graph.py
[147.826s] -- Installing: /home/GTL/mgaddam/CS7630/ros2_ws/install/floor_nav/lib/floor_nav/test_graph-test.py
[147.831s] -- Installing: /home/GTL/mgaddam/CS7630/ros2_ws/install/floor_nav/lib/floor_nav/test_planto.py
[147.836s] -- Installing: /home/GTL/mgaddam/CS7630/ros2_ws/install/floor_nav/lib/floor_nav/test_set_heading.py
[147.841s] -- Installing: /home/GTL/mgaddam/CS7630/ros2_ws/install/floor_nav/lib/floor_nav/test_wander.py
[147.845s] -- Installing: /home/GTL/mgaddam/CS7630/ros2_ws/install/floor_nav/lib/floor_nav/wander_random_and_stare.py
[147.873s] -- Installing: /home/GTL/mgaddam/CS7630/ros2_ws/install/floor_nav/share/ament_index/resource_index/package_run_dependencies/floor_nav
[147.880s] -- Installing: /home/GTL/mgaddam/CS7630/ros2_ws/install/floor_nav/share/ament_index/resource_index/parent_prefix_path/floor_nav
[147.886s] -- Installing: /home/GTL/mgaddam/CS7630/ros2_ws/install/floor_nav/share/floor_nav/environment/ament_prefix_path.sh
[147.891s] -- Installing: /home/GTL/mgaddam/CS7630/ros2_ws/install/floor_nav/share/floor_nav/environment/ament_prefix_path.dsv
[147.895s] -- Installing: /home/GTL/mgaddam/CS7630/ros2_ws/install/floor_nav/share/floor_nav/environment/path.sh
[147.898s] -- Installing: /home/GTL/mgaddam/CS7630/ros2_ws/install/floor_nav/share/floor_nav/environment/path.dsv
[147.903s] -- Installing: /home/GTL/mgaddam/CS7630/ros2_ws/install/floor_nav/share/floor_nav/local_setup.bash
[147.907s] -- Installing: /home/GTL/mgaddam/CS7630/ros2_ws/install/floor_nav/share/floor_nav/local_setup.sh
[147.912s] -- Installing: /home/GTL/mgaddam/CS7630/ros2_ws/install/floor_nav/share/floor_nav/local_setup.zsh
[147.916s] -- Installing: /home/GTL/mgaddam/CS7630/ros2_ws/install/floor_nav/share/floor_nav/local_setup.dsv
[147.920s] -- Installing: /home/GTL/mgaddam/CS7630/ros2_ws/install/floor_nav/share/floor_nav/package.dsv
[147.925s] -- Installing: /home/GTL/mgaddam/CS7630/ros2_ws/install/floor_nav/share/ament_index/resource_index/packages/floor_nav
[147.931s] -- Installing: /home/GTL/mgaddam/CS7630/ros2_ws/install/floor_nav/share/floor_nav/cmake/floor_navConfig.cmake
[147.935s] -- Installing: /home/GTL/mgaddam/CS7630/ros2_ws/install/floor_nav/share/floor_nav/cmake/floor_navConfig-version.cmake
[147.939s] -- Installing: /home/GTL/mgaddam/CS7630/ros2_ws/install/floor_nav/share/floor_nav/package.xml
[147.955s] Invoked command in '/home/GTL/mgaddam/CS7630/ros2_ws/build/floor_nav' returned '0': AMENT_PREFIX_PATH=/home/GTL/mgaddam/CS7630/ros2_ws/install/task_manager_nav2:/home/GTL/mgaddam/CS7630/ros2_ws/install/task_manager_lib:/home/GTL/mgaddam/CS7630/ros2_ws/install/task_manager_msgs:/home/GTL/mgaddam/CS7630/ros2_ws/install/cs7630_msgs:${AMENT_PREFIX_PATH} CMAKE_PREFIX_PATH=/home/GTL/mgaddam/CS7630/ros2_ws/install/task_manager_nav2:/home/GTL/mgaddam/CS7630/ros2_ws/install/task_manager_lib:/home/GTL/mgaddam/CS7630/ros2_ws/install/task_manager_msgs:/home/GTL/mgaddam/CS7630/ros2_ws/install/cs7630_msgs:/home/GTL/mgaddam/CS7630/ros2_ws/src/install/vrep4_helpers:/home/GTL/mgaddam/CS7630/ros2_ws/src/install/task_manager_sync:/home/GTL/mgaddam/CS7630/ros2_ws/src/install/floor_nav:/home/GTL/mgaddam/CS7630/ros2_ws/src/install/task_manager_nav2:/home/GTL/mgaddam/CS7630/ros2_ws/src/install/task_manager_lib:/home/GTL/mgaddam/CS7630/ros2_ws/src/install/task_manager_msgs:/home/GTL/mgaddam/CS7630/ros2_ws/src/install/cs7630_msgs:/home/GTL/mgaddam/CS7630/ros2_ws/src/install/collision_avoidance_base:/home/GTL/mgaddam/CS7630/ros2_ws/src/install/vrep_ros_teleop:/home/GTL/mgaddam/CS7630/ros2_ws/src/install/task_manager_client_py:/home/GTL/mgaddam/CS7630/ros2_ws/src/install/ar_slam_base:/home/GTL/mgaddam/CS7630/ros2_ws/src/install/ar_loc_base:/home/GTL/mgaddam/CS7630/ros2_ws/src/install/rover_driver_base:/home/GTL/mgaddam/CS7630/ros2_ws/src/install/keyboard_teleop:/home/GTL/mgaddam/CS7630/ros2_ws/src/install/face_detect_base:/home/GTL/mgaddam/CS7630/ros2_ws/src/install/button_server:/home/GTL/mgaddam/CS7630/ros2_ws/src/install/ar_mapping_base:/opt/ros/humble LD_LIBRARY_PATH=/home/GTL/mgaddam/CS7630/ros2_ws/install/task_manager_lib/lib:/home/GTL/mgaddam/CS7630/ros2_ws/install/task_manager_msgs/lib:/home/GTL/mgaddam/CS7630/ros2_ws/install/cs7630_msgs/lib:${LD_LIBRARY_PATH} PYTHONPATH=/home/GTL/mgaddam/CS7630/ros2_ws/install/task_manager_msgs/local/lib/python3.10/dist-packages:/home/GTL/mgaddam/CS7630/ros2_ws/install/cs7630_msgs/local/lib/python3.10/dist-packages:${PYTHONPATH} /usr/bin/cmake --install /home/GTL/mgaddam/CS7630/ros2_ws/build/floor_nav
