[0.780s] DEBUG:colcon:Command line arguments: ['/usr/bin/colcon', 'build']
[0.780s] DEBUG:colcon:Parsed command line arguments: Namespace(log_base=None, log_level=None, verb_name='build', build_base='build', install_base='install', merge_install=False, symlink_install=False, test_result_base=None, continue_on_error=False, executor='parallel', parallel_workers=16, event_handlers=None, ignore_user_meta=False, metas=['./colcon.meta'], base_paths=['.'], packages_ignore=None, packages_ignore_regex=None, paths=None, packages_up_to=None, packages_up_to_regex=None, packages_above=None, packages_above_and_dependencies=None, packages_above_depth=None, packages_select_by_dep=None, packages_skip_by_dep=None, packages_skip_up_to=None, packages_select_build_failed=False, packages_skip_build_finished=False, packages_select_test_failures=False, packages_skip_test_passed=False, packages_select=None, packages_skip=None, packages_select_regex=None, packages_skip_regex=None, packages_start=None, packages_end=None, allow_overriding=[], cmake_args=None, cmake_target=None, cmake_target_skip_unavailable=False, cmake_clean_cache=False, cmake_clean_first=False, cmake_force_configure=False, ament_cmake_args=None, catkin_cmake_args=None, catkin_skip_building_tests=False, verb_parser=<colcon_defaults.argument_parser.defaults.DefaultArgumentsDecorator object at 0x7f5ae16d2d70>, verb_extension=<colcon_core.verb.build.BuildVerb object at 0x7f5ae198fd00>, main=<bound method BuildVerb.main of <colcon_core.verb.build.BuildVerb object at 0x7f5ae198fd00>>)
[0.833s] Level 1:colcon.colcon_core.package_discovery:discover_packages(colcon_meta) check parameters
[0.834s] Level 1:colcon.colcon_core.package_discovery:discover_packages(recursive) check parameters
[0.834s] Level 1:colcon.colcon_core.package_discovery:discover_packages(ignore) check parameters
[0.834s] Level 1:colcon.colcon_core.package_discovery:discover_packages(path) check parameters
[0.834s] Level 1:colcon.colcon_core.package_discovery:discover_packages(colcon_meta) discover
[0.834s] Level 1:colcon.colcon_core.package_discovery:discover_packages(recursive) discover
[0.834s] INFO:colcon.colcon_core.package_discovery:Crawling recursively for packages in '/home/GTL/mgaddam/CS7630/ros2_ws/src/vrep4_helpers'
[0.835s] Level 1:colcon.colcon_core.package_identification:_identify(.) by extensions ['ignore', 'ignore_ament_install']
[0.836s] Level 1:colcon.colcon_core.package_identification:_identify(.) by extension 'ignore'
[0.836s] Level 1:colcon.colcon_core.package_identification:_identify(.) by extension 'ignore_ament_install'
[0.838s] Level 1:colcon.colcon_core.package_identification:_identify(.) by extensions ['colcon_pkg']
[0.838s] Level 1:colcon.colcon_core.package_identification:_identify(.) by extension 'colcon_pkg'
[0.839s] Level 1:colcon.colcon_core.package_identification:_identify(.) by extensions ['colcon_meta']
[0.839s] Level 1:colcon.colcon_core.package_identification:_identify(.) by extension 'colcon_meta'
[0.839s] Level 1:colcon.colcon_core.package_identification:_identify(.) by extensions ['ros']
[0.839s] Level 1:colcon.colcon_core.package_identification:_identify(.) by extension 'ros'
[0.850s] DEBUG:colcon.colcon_core.package_identification:Package '.' with type 'ros.ament_cmake' and name 'vrep4_helpers'
[0.850s] Level 1:colcon.colcon_core.package_discovery:discover_packages(recursive) using defaults
[0.850s] Level 1:colcon.colcon_core.package_discovery:discover_packages(ignore) discover
[0.850s] Level 1:colcon.colcon_core.package_discovery:discover_packages(ignore) using defaults
[0.850s] Level 1:colcon.colcon_core.package_discovery:discover_packages(path) discover
[0.850s] Level 1:colcon.colcon_core.package_discovery:discover_packages(path) using defaults
[0.911s] Level 1:colcon.colcon_core.package_discovery:discover_packages(prefix_path) check parameters
[0.911s] Level 1:colcon.colcon_core.package_discovery:discover_packages(prefix_path) discover
[0.931s] DEBUG:colcon.colcon_installed_package_information.package_discovery:Found 405 installed packages in /opt/ros/humble
[0.938s] Level 1:colcon.colcon_core.package_discovery:discover_packages(prefix_path) using defaults
[1.002s] Level 5:colcon.colcon_core.verb:set package 'vrep4_helpers' build argument 'cmake_args' from command line to 'None'
[1.002s] Level 5:colcon.colcon_core.verb:set package 'vrep4_helpers' build argument 'cmake_target' from command line to 'None'
[1.002s] Level 5:colcon.colcon_core.verb:set package 'vrep4_helpers' build argument 'cmake_target_skip_unavailable' from command line to 'False'
[1.002s] Level 5:colcon.colcon_core.verb:set package 'vrep4_helpers' build argument 'cmake_clean_cache' from command line to 'False'
[1.002s] Level 5:colcon.colcon_core.verb:set package 'vrep4_helpers' build argument 'cmake_clean_first' from command line to 'False'
[1.002s] Level 5:colcon.colcon_core.verb:set package 'vrep4_helpers' build argument 'cmake_force_configure' from command line to 'False'
[1.002s] Level 5:colcon.colcon_core.verb:set package 'vrep4_helpers' build argument 'ament_cmake_args' from command line to 'None'
[1.002s] Level 5:colcon.colcon_core.verb:set package 'vrep4_helpers' build argument 'catkin_cmake_args' from command line to 'None'
[1.002s] Level 5:colcon.colcon_core.verb:set package 'vrep4_helpers' build argument 'catkin_skip_building_tests' from command line to 'False'
[1.002s] DEBUG:colcon.colcon_core.verb:Building package 'vrep4_helpers' with the following arguments: {'ament_cmake_args': None, 'build_base': '/home/GTL/mgaddam/CS7630/ros2_ws/src/vrep4_helpers/build/vrep4_helpers', 'catkin_cmake_args': None, 'catkin_skip_building_tests': False, 'cmake_args': None, 'cmake_clean_cache': False, 'cmake_clean_first': False, 'cmake_force_configure': False, 'cmake_target': None, 'cmake_target_skip_unavailable': False, 'install_base': '/home/GTL/mgaddam/CS7630/ros2_ws/src/vrep4_helpers/install/vrep4_helpers', 'merge_install': False, 'path': '/home/GTL/mgaddam/CS7630/ros2_ws/src/vrep4_helpers', 'symlink_install': False, 'test_result_base': None}
[1.012s] INFO:colcon.colcon_core.executor:Executing jobs using 'parallel' executor
[1.022s] DEBUG:colcon.colcon_parallel_executor.executor.parallel:run_until_complete
[1.023s] INFO:colcon.colcon_ros.task.ament_cmake.build:Building ROS package in '/home/GTL/mgaddam/CS7630/ros2_ws/src/vrep4_helpers' with build type 'ament_cmake'
[1.023s] INFO:colcon.colcon_cmake.task.cmake.build:Building CMake package in '/home/GTL/mgaddam/CS7630/ros2_ws/src/vrep4_helpers'
[1.036s] INFO:colcon.colcon_core.plugin_system:Skipping extension 'colcon_core.shell.bat': Not used on non-Windows systems
[1.036s] INFO:colcon.colcon_core.shell:Skip shell extension 'powershell' for command environment: Not usable outside of PowerShell
[1.036s] DEBUG:colcon.colcon_core.shell:Skip shell extension 'dsv' for command environment
[1.081s] DEBUG:colcon.colcon_core.event_handler.log_command:Invoking command in '/home/GTL/mgaddam/CS7630/ros2_ws/src/vrep4_helpers/build/vrep4_helpers': CMAKE_PREFIX_PATH=/opt/ros/humble /usr/bin/cmake /home/GTL/mgaddam/CS7630/ros2_ws/src/vrep4_helpers -DCMAKE_INSTALL_PREFIX=/home/GTL/mgaddam/CS7630/ros2_ws/src/vrep4_helpers/install/vrep4_helpers
[3.625s] DEBUG:colcon.colcon_core.event_handler.log_command:Invoked command in '/home/GTL/mgaddam/CS7630/ros2_ws/src/vrep4_helpers/build/vrep4_helpers' returned '0': CMAKE_PREFIX_PATH=/opt/ros/humble /usr/bin/cmake /home/GTL/mgaddam/CS7630/ros2_ws/src/vrep4_helpers -DCMAKE_INSTALL_PREFIX=/home/GTL/mgaddam/CS7630/ros2_ws/src/vrep4_helpers/install/vrep4_helpers
[3.631s] DEBUG:colcon.colcon_core.event_handler.log_command:Invoking command in '/home/GTL/mgaddam/CS7630/ros2_ws/src/vrep4_helpers/build/vrep4_helpers': CMAKE_PREFIX_PATH=/opt/ros/humble /usr/bin/cmake --build /home/GTL/mgaddam/CS7630/ros2_ws/src/vrep4_helpers/build/vrep4_helpers -- -j16 -l16
[13.979s] DEBUG:colcon.colcon_core.event_handler.log_command:Invoked command in '/home/GTL/mgaddam/CS7630/ros2_ws/src/vrep4_helpers/build/vrep4_helpers' returned '0': CMAKE_PREFIX_PATH=/opt/ros/humble /usr/bin/cmake --build /home/GTL/mgaddam/CS7630/ros2_ws/src/vrep4_helpers/build/vrep4_helpers -- -j16 -l16
[14.002s] DEBUG:colcon.colcon_core.event_handler.log_command:Invoking command in '/home/GTL/mgaddam/CS7630/ros2_ws/src/vrep4_helpers/build/vrep4_helpers': CMAKE_PREFIX_PATH=/opt/ros/humble /usr/bin/cmake --install /home/GTL/mgaddam/CS7630/ros2_ws/src/vrep4_helpers/build/vrep4_helpers
[14.220s] Level 1:colcon.colcon_core.environment:create_environment_scripts_only(vrep4_helpers)
[14.221s] DEBUG:colcon.colcon_core.event_handler.log_command:Invoked command in '/home/GTL/mgaddam/CS7630/ros2_ws/src/vrep4_helpers/build/vrep4_helpers' returned '0': CMAKE_PREFIX_PATH=/opt/ros/humble /usr/bin/cmake --install /home/GTL/mgaddam/CS7630/ros2_ws/src/vrep4_helpers/build/vrep4_helpers
[14.234s] Level 1:colcon.colcon_core.environment:checking '/home/GTL/mgaddam/CS7630/ros2_ws/src/vrep4_helpers/install/vrep4_helpers' for CMake module files
[14.240s] Level 1:colcon.colcon_core.environment:checking '/home/GTL/mgaddam/CS7630/ros2_ws/src/vrep4_helpers/install/vrep4_helpers' for CMake config files
[14.244s] Level 1:colcon.colcon_core.shell:create_environment_hook('vrep4_helpers', 'cmake_prefix_path')
[14.254s] INFO:colcon.colcon_core.shell:Creating environment hook '/home/GTL/mgaddam/CS7630/ros2_ws/src/vrep4_helpers/install/vrep4_helpers/share/vrep4_helpers/hook/cmake_prefix_path.ps1'
[14.260s] INFO:colcon.colcon_core.shell:Creating environment descriptor '/home/GTL/mgaddam/CS7630/ros2_ws/src/vrep4_helpers/install/vrep4_helpers/share/vrep4_helpers/hook/cmake_prefix_path.dsv'
[14.262s] INFO:colcon.colcon_core.shell:Creating environment hook '/home/GTL/mgaddam/CS7630/ros2_ws/src/vrep4_helpers/install/vrep4_helpers/share/vrep4_helpers/hook/cmake_prefix_path.sh'
[14.265s] Level 1:colcon.colcon_core.environment:checking '/home/GTL/mgaddam/CS7630/ros2_ws/src/vrep4_helpers/install/vrep4_helpers/lib'
[14.266s] Level 1:colcon.colcon_core.environment:checking '/home/GTL/mgaddam/CS7630/ros2_ws/src/vrep4_helpers/install/vrep4_helpers/bin'
[14.266s] Level 1:colcon.colcon_core.environment:checking '/home/GTL/mgaddam/CS7630/ros2_ws/src/vrep4_helpers/install/vrep4_helpers/lib/pkgconfig/vrep4_helpers.pc'
[14.267s] Level 1:colcon.colcon_core.environment:checking '/home/GTL/mgaddam/CS7630/ros2_ws/src/vrep4_helpers/install/vrep4_helpers/lib/python3.10/site-packages'
[14.267s] Level 1:colcon.colcon_core.environment:checking '/home/GTL/mgaddam/CS7630/ros2_ws/src/vrep4_helpers/install/vrep4_helpers/bin'
[14.277s] INFO:colcon.colcon_core.shell:Creating package script '/home/GTL/mgaddam/CS7630/ros2_ws/src/vrep4_helpers/install/vrep4_helpers/share/vrep4_helpers/package.ps1'
[14.281s] INFO:colcon.colcon_core.shell:Creating package descriptor '/home/GTL/mgaddam/CS7630/ros2_ws/src/vrep4_helpers/install/vrep4_helpers/share/vrep4_helpers/package.dsv'
[14.284s] INFO:colcon.colcon_core.shell:Creating package script '/home/GTL/mgaddam/CS7630/ros2_ws/src/vrep4_helpers/install/vrep4_helpers/share/vrep4_helpers/package.sh'
[14.287s] INFO:colcon.colcon_core.shell:Creating package script '/home/GTL/mgaddam/CS7630/ros2_ws/src/vrep4_helpers/install/vrep4_helpers/share/vrep4_helpers/package.bash'
[14.290s] INFO:colcon.colcon_core.shell:Creating package script '/home/GTL/mgaddam/CS7630/ros2_ws/src/vrep4_helpers/install/vrep4_helpers/share/vrep4_helpers/package.zsh'
[14.292s] Level 1:colcon.colcon_core.environment:create_file_with_runtime_dependencies(/home/GTL/mgaddam/CS7630/ros2_ws/src/vrep4_helpers/install/vrep4_helpers/share/colcon-core/packages/vrep4_helpers)
[14.324s] Level 1:colcon.colcon_core.environment:create_environment_scripts_only(vrep4_helpers)
[14.334s] Level 1:colcon.colcon_core.environment:checking '/home/GTL/mgaddam/CS7630/ros2_ws/src/vrep4_helpers/install/vrep4_helpers' for CMake module files
[14.337s] Level 1:colcon.colcon_core.environment:checking '/home/GTL/mgaddam/CS7630/ros2_ws/src/vrep4_helpers/install/vrep4_helpers' for CMake config files
[14.343s] Level 1:colcon.colcon_core.shell:create_environment_hook('vrep4_helpers', 'cmake_prefix_path')
[14.353s] INFO:colcon.colcon_core.shell:Creating environment hook '/home/GTL/mgaddam/CS7630/ros2_ws/src/vrep4_helpers/install/vrep4_helpers/share/vrep4_helpers/hook/cmake_prefix_path.ps1'
[14.356s] INFO:colcon.colcon_core.shell:Creating environment descriptor '/home/GTL/mgaddam/CS7630/ros2_ws/src/vrep4_helpers/install/vrep4_helpers/share/vrep4_helpers/hook/cmake_prefix_path.dsv'
[14.359s] INFO:colcon.colcon_core.shell:Creating environment hook '/home/GTL/mgaddam/CS7630/ros2_ws/src/vrep4_helpers/install/vrep4_helpers/share/vrep4_helpers/hook/cmake_prefix_path.sh'
[14.362s] Level 1:colcon.colcon_core.environment:checking '/home/GTL/mgaddam/CS7630/ros2_ws/src/vrep4_helpers/install/vrep4_helpers/lib'
[14.363s] Level 1:colcon.colcon_core.environment:checking '/home/GTL/mgaddam/CS7630/ros2_ws/src/vrep4_helpers/install/vrep4_helpers/bin'
[14.363s] Level 1:colcon.colcon_core.environment:checking '/home/GTL/mgaddam/CS7630/ros2_ws/src/vrep4_helpers/install/vrep4_helpers/lib/pkgconfig/vrep4_helpers.pc'
[14.363s] Level 1:colcon.colcon_core.environment:checking '/home/GTL/mgaddam/CS7630/ros2_ws/src/vrep4_helpers/install/vrep4_helpers/lib/python3.10/site-packages'
[14.363s] Level 1:colcon.colcon_core.environment:checking '/home/GTL/mgaddam/CS7630/ros2_ws/src/vrep4_helpers/install/vrep4_helpers/bin'
[14.373s] INFO:colcon.colcon_core.shell:Creating package script '/home/GTL/mgaddam/CS7630/ros2_ws/src/vrep4_helpers/install/vrep4_helpers/share/vrep4_helpers/package.ps1'
[14.376s] INFO:colcon.colcon_core.shell:Creating package descriptor '/home/GTL/mgaddam/CS7630/ros2_ws/src/vrep4_helpers/install/vrep4_helpers/share/vrep4_helpers/package.dsv'
[14.379s] INFO:colcon.colcon_core.shell:Creating package script '/home/GTL/mgaddam/CS7630/ros2_ws/src/vrep4_helpers/install/vrep4_helpers/share/vrep4_helpers/package.sh'
[14.381s] INFO:colcon.colcon_core.shell:Creating package script '/home/GTL/mgaddam/CS7630/ros2_ws/src/vrep4_helpers/install/vrep4_helpers/share/vrep4_helpers/package.bash'
[14.383s] INFO:colcon.colcon_core.shell:Creating package script '/home/GTL/mgaddam/CS7630/ros2_ws/src/vrep4_helpers/install/vrep4_helpers/share/vrep4_helpers/package.zsh'
[14.385s] Level 1:colcon.colcon_core.environment:create_file_with_runtime_dependencies(/home/GTL/mgaddam/CS7630/ros2_ws/src/vrep4_helpers/install/vrep4_helpers/share/colcon-core/packages/vrep4_helpers)
[14.387s] DEBUG:colcon.colcon_parallel_executor.executor.parallel:closing loop
[14.387s] DEBUG:colcon.colcon_parallel_executor.executor.parallel:loop closed
[14.387s] DEBUG:colcon.colcon_parallel_executor.executor.parallel:run_until_complete finished with '0'
[14.387s] DEBUG:colcon.colcon_core.event_reactor:joining thread
[14.403s] INFO:colcon.colcon_core.plugin_system:Skipping extension 'colcon_notification.desktop_notification.terminal_notifier': Not used on non-Darwin systems
[14.403s] INFO:colcon.colcon_core.plugin_system:Skipping extension 'colcon_notification.desktop_notification.win32': Not used on non-Windows systems
[14.403s] INFO:colcon.colcon_notification.desktop_notification:Sending desktop notification using 'notify2'
[14.418s] DEBUG:colcon.colcon_core.event_reactor:joined thread
[14.429s] INFO:colcon.colcon_core.shell:Creating prefix script '/home/GTL/mgaddam/CS7630/ros2_ws/src/vrep4_helpers/install/local_setup.ps1'
[14.433s] INFO:colcon.colcon_core.shell:Creating prefix util module '/home/GTL/mgaddam/CS7630/ros2_ws/src/vrep4_helpers/install/_local_setup_util_ps1.py'
[14.437s] INFO:colcon.colcon_core.shell:Creating prefix chain script '/home/GTL/mgaddam/CS7630/ros2_ws/src/vrep4_helpers/install/setup.ps1'
[14.450s] INFO:colcon.colcon_core.shell:Creating prefix script '/home/GTL/mgaddam/CS7630/ros2_ws/src/vrep4_helpers/install/local_setup.sh'
[14.453s] INFO:colcon.colcon_core.shell:Creating prefix util module '/home/GTL/mgaddam/CS7630/ros2_ws/src/vrep4_helpers/install/_local_setup_util_sh.py'
[14.456s] INFO:colcon.colcon_core.shell:Creating prefix chain script '/home/GTL/mgaddam/CS7630/ros2_ws/src/vrep4_helpers/install/setup.sh'
[14.470s] INFO:colcon.colcon_core.shell:Creating prefix script '/home/GTL/mgaddam/CS7630/ros2_ws/src/vrep4_helpers/install/local_setup.bash'
[14.472s] INFO:colcon.colcon_core.shell:Creating prefix chain script '/home/GTL/mgaddam/CS7630/ros2_ws/src/vrep4_helpers/install/setup.bash'
[14.486s] INFO:colcon.colcon_core.shell:Creating prefix script '/home/GTL/mgaddam/CS7630/ros2_ws/src/vrep4_helpers/install/local_setup.zsh'
[14.488s] INFO:colcon.colcon_core.shell:Creating prefix chain script '/home/GTL/mgaddam/CS7630/ros2_ws/src/vrep4_helpers/install/setup.zsh'
