running egg_info
writing ../build/face_detect_base/face_detect_base.egg-info/PKG-INFO
writing dependency_links to ../build/face_detect_base/face_detect_base.egg-info/dependency_links.txt
writing entry points to ../build/face_detect_base/face_detect_base.egg-info/entry_points.txt
writing requirements to ../build/face_detect_base/face_detect_base.egg-info/requires.txt
writing top-level names to ../build/face_detect_base/face_detect_base.egg-info/top_level.txt
writing manifest file '../build/face_detect_base/face_detect_base.egg-info/SOURCES.txt'
reading manifest file '../build/face_detect_base/face_detect_base.egg-info/SOURCES.txt'
writing manifest file '../build/face_detect_base/face_detect_base.egg-info/SOURCES.txt'
running build
running build_py
copying face_detect_base/face_detect_node.py -> /home/GTL/mgaddam/CS7630/ros2_ws/src/build/face_detect_base/build/lib/face_detect_base
copying face_detect_base/__init__.py -> /home/GTL/mgaddam/CS7630/ros2_ws/src/build/face_detect_base/build/lib/face_detect_base
running install
running install_lib
copying /home/GTL/mgaddam/CS7630/ros2_ws/src/build/face_detect_base/build/lib/face_detect_base/face_detect_node.py -> /home/GTL/mgaddam/CS7630/ros2_ws/src/install/face_detect_base/lib/python3.10/site-packages/face_detect_base
copying /home/GTL/mgaddam/CS7630/ros2_ws/src/build/face_detect_base/build/lib/face_detect_base/__init__.py -> /home/GTL/mgaddam/CS7630/ros2_ws/src/install/face_detect_base/lib/python3.10/site-packages/face_detect_base
byte-compiling /home/GTL/mgaddam/CS7630/ros2_ws/src/install/face_detect_base/lib/python3.10/site-packages/face_detect_base/face_detect_node.py to face_detect_node.cpython-310.pyc
byte-compiling /home/GTL/mgaddam/CS7630/ros2_ws/src/install/face_detect_base/lib/python3.10/site-packages/face_detect_base/__init__.py to __init__.cpython-310.pyc
running install_data
copying resource/face_detect_base -> /home/GTL/mgaddam/CS7630/ros2_ws/src/install/face_detect_base/share/ament_index/resource_index/packages
copying package.xml -> /home/GTL/mgaddam/CS7630/ros2_ws/src/install/face_detect_base/share/face_detect_base
copying launch/face_detect.launch.py -> /home/GTL/mgaddam/CS7630/ros2_ws/src/install/face_detect_base/share/face_detect_base
running install_egg_info
removing '/home/GTL/mgaddam/CS7630/ros2_ws/src/install/face_detect_base/lib/python3.10/site-packages/face_detect_base-0.0.0-py3.10.egg-info' (and everything under it)
Copying ../build/face_detect_base/face_detect_base.egg-info to /home/GTL/mgaddam/CS7630/ros2_ws/src/install/face_detect_base/lib/python3.10/site-packages/face_detect_base-0.0.0-py3.10.egg-info
running install_scripts
Installing face_detect_node script to /home/GTL/mgaddam/CS7630/ros2_ws/src/install/face_detect_base/lib/face_detect_base
writing list of installed files to '/home/GTL/mgaddam/CS7630/ros2_ws/src/build/face_detect_base/install.log'
