[3.006s] Invoking command in '/home/GTL/mgaddam/CS7630/ros2_ws/src/face_detect': CMAKE_PREFIX_PATH=/home/GTL/mgaddam/CS7630/ros2_ws/src/install/cs7630_msgs:/home/GTL/mgaddam/CS7630/ros2_ws/src/install/vrep4_helpers:/home/GTL/mgaddam/CS7630/ros2_ws/src/install/task_manager_sync:/home/GTL/mgaddam/CS7630/ros2_ws/src/install/floor_nav:/home/GTL/mgaddam/CS7630/ros2_ws/src/install/task_manager_nav2:/home/GTL/mgaddam/CS7630/ros2_ws/src/install/task_manager_lib:/home/GTL/mgaddam/CS7630/ros2_ws/src/install/task_manager_msgs:/home/GTL/mgaddam/CS7630/ros2_ws/src/install/collision_avoidance_base LD_LIBRARY_PATH=/home/GTL/mgaddam/CS7630/ros2_ws/src/install/cs7630_msgs/lib:/home/GTL/mgaddam/CS7630/ros2_ws/src/install/task_manager_sync/lib:/home/GTL/mgaddam/CS7630/ros2_ws/src/install/task_manager_lib/lib:/home/GTL/mgaddam/CS7630/ros2_ws/src/install/task_manager_msgs/lib:/usr/lib/x86_64-linux-gnu/gazebo-11/plugins:/opt/ros/humble/opt/rviz_ogre_vendor/lib:/opt/ros/humble/lib/x86_64-linux-gnu:/opt/ros/humble/lib PYTHONPATH=/home/GTL/mgaddam/CS7630/ros2_ws/src/build/face_detect_base/prefix_override:/home/GTL/mgaddam/CS7630/ros2_ws/src/install/face_detect_base/lib/python3.10/site-packages:${PYTHONPATH} /usr/bin/python3 setup.py egg_info --egg-base ../build/face_detect_base build --build-base /home/GTL/mgaddam/CS7630/ros2_ws/src/build/face_detect_base/build install --record /home/GTL/mgaddam/CS7630/ros2_ws/src/build/face_detect_base/install.log --single-version-externally-managed
[3.731s] running egg_info
[3.744s] writing ../build/face_detect_base/face_detect_base.egg-info/PKG-INFO
[3.748s] writing dependency_links to ../build/face_detect_base/face_detect_base.egg-info/dependency_links.txt
[3.749s] writing entry points to ../build/face_detect_base/face_detect_base.egg-info/entry_points.txt
[3.751s] writing requirements to ../build/face_detect_base/face_detect_base.egg-info/requires.txt
[3.753s] writing top-level names to ../build/face_detect_base/face_detect_base.egg-info/top_level.txt
[3.755s] writing manifest file '../build/face_detect_base/face_detect_base.egg-info/SOURCES.txt'
[3.760s] reading manifest file '../build/face_detect_base/face_detect_base.egg-info/SOURCES.txt'
[3.763s] writing manifest file '../build/face_detect_base/face_detect_base.egg-info/SOURCES.txt'
[3.764s] running build
[3.764s] running build_py
[3.764s] copying face_detect_base/face_detect_node.py -> /home/GTL/mgaddam/CS7630/ros2_ws/src/build/face_detect_base/build/lib/face_detect_base
[3.768s] copying face_detect_base/__init__.py -> /home/GTL/mgaddam/CS7630/ros2_ws/src/build/face_detect_base/build/lib/face_detect_base
[3.771s] running install
[3.771s] /usr/lib/python3/dist-packages/setuptools/command/install.py:34: SetuptoolsDeprecationWarning: setup.py install is deprecated. Use build and pip and other standards-based tools.
[3.771s]   warnings.warn(
[3.771s] running install_lib
[3.775s] copying /home/GTL/mgaddam/CS7630/ros2_ws/src/build/face_detect_base/build/lib/face_detect_base/face_detect_node.py -> /home/GTL/mgaddam/CS7630/ros2_ws/src/install/face_detect_base/lib/python3.10/site-packages/face_detect_base
[3.779s] copying /home/GTL/mgaddam/CS7630/ros2_ws/src/build/face_detect_base/build/lib/face_detect_base/__init__.py -> /home/GTL/mgaddam/CS7630/ros2_ws/src/install/face_detect_base/lib/python3.10/site-packages/face_detect_base
[3.782s] byte-compiling /home/GTL/mgaddam/CS7630/ros2_ws/src/install/face_detect_base/lib/python3.10/site-packages/face_detect_base/face_detect_node.py to face_detect_node.cpython-310.pyc
[3.787s] byte-compiling /home/GTL/mgaddam/CS7630/ros2_ws/src/install/face_detect_base/lib/python3.10/site-packages/face_detect_base/__init__.py to __init__.cpython-310.pyc
[3.791s] running install_data
[3.792s] copying resource/face_detect_base -> /home/GTL/mgaddam/CS7630/ros2_ws/src/install/face_detect_base/share/ament_index/resource_index/packages
[3.796s] copying package.xml -> /home/GTL/mgaddam/CS7630/ros2_ws/src/install/face_detect_base/share/face_detect_base
[3.799s] copying launch/face_detect.launch.py -> /home/GTL/mgaddam/CS7630/ros2_ws/src/install/face_detect_base/share/face_detect_base
[3.802s] running install_egg_info
[3.805s] removing '/home/GTL/mgaddam/CS7630/ros2_ws/src/install/face_detect_base/lib/python3.10/site-packages/face_detect_base-0.0.0-py3.10.egg-info' (and everything under it)
[3.806s] Copying ../build/face_detect_base/face_detect_base.egg-info to /home/GTL/mgaddam/CS7630/ros2_ws/src/install/face_detect_base/lib/python3.10/site-packages/face_detect_base-0.0.0-py3.10.egg-info
[3.880s] running install_scripts
[3.927s] Installing face_detect_node script to /home/GTL/mgaddam/CS7630/ros2_ws/src/install/face_detect_base/lib/face_detect_base
[3.931s] writing list of installed files to '/home/GTL/mgaddam/CS7630/ros2_ws/src/build/face_detect_base/install.log'
[3.997s] Invoked command in '/home/GTL/mgaddam/CS7630/ros2_ws/src/face_detect' returned '0': CMAKE_PREFIX_PATH=/home/GTL/mgaddam/CS7630/ros2_ws/src/install/cs7630_msgs:/home/GTL/mgaddam/CS7630/ros2_ws/src/install/vrep4_helpers:/home/GTL/mgaddam/CS7630/ros2_ws/src/install/task_manager_sync:/home/GTL/mgaddam/CS7630/ros2_ws/src/install/floor_nav:/home/GTL/mgaddam/CS7630/ros2_ws/src/install/task_manager_nav2:/home/GTL/mgaddam/CS7630/ros2_ws/src/install/task_manager_lib:/home/GTL/mgaddam/CS7630/ros2_ws/src/install/task_manager_msgs:/home/GTL/mgaddam/CS7630/ros2_ws/src/install/collision_avoidance_base LD_LIBRARY_PATH=/home/GTL/mgaddam/CS7630/ros2_ws/src/install/cs7630_msgs/lib:/home/GTL/mgaddam/CS7630/ros2_ws/src/install/task_manager_sync/lib:/home/GTL/mgaddam/CS7630/ros2_ws/src/install/task_manager_lib/lib:/home/GTL/mgaddam/CS7630/ros2_ws/src/install/task_manager_msgs/lib:/usr/lib/x86_64-linux-gnu/gazebo-11/plugins:/opt/ros/humble/opt/rviz_ogre_vendor/lib:/opt/ros/humble/lib/x86_64-linux-gnu:/opt/ros/humble/lib PYTHONPATH=/home/GTL/mgaddam/CS7630/ros2_ws/src/build/face_detect_base/prefix_override:/home/GTL/mgaddam/CS7630/ros2_ws/src/install/face_detect_base/lib/python3.10/site-packages:${PYTHONPATH} /usr/bin/python3 setup.py egg_info --egg-base ../build/face_detect_base build --build-base /home/GTL/mgaddam/CS7630/ros2_ws/src/build/face_detect_base/build install --record /home/GTL/mgaddam/CS7630/ros2_ws/src/build/face_detect_base/install.log --single-version-externally-managed
