-- Install configuration: ""
-- Up-to-date: /home/GTL/mgaddam/CS7630/ros2_ws/install/task_manager_nav2/include/task_manager_nav2
-- Up-to-date: /home/GTL/mgaddam/CS7630/ros2_ws/install/task_manager_nav2/include/task_manager_nav2/TaskActionNav2.h
-- Up-to-date: /home/GTL/mgaddam/CS7630/ros2_ws/install/task_manager_nav2/share/ament_index/resource_index/package_run_dependencies/task_manager_nav2
-- Up-to-date: /home/GTL/mgaddam/CS7630/ros2_ws/install/task_manager_nav2/share/ament_index/resource_index/parent_prefix_path/task_manager_nav2
-- Up-to-date: /home/GTL/mgaddam/CS7630/ros2_ws/install/task_manager_nav2/share/task_manager_nav2/environment/ament_prefix_path.sh
-- Up-to-date: /home/GTL/mgaddam/CS7630/ros2_ws/install/task_manager_nav2/share/task_manager_nav2/environment/ament_prefix_path.dsv
-- Up-to-date: /home/GTL/mgaddam/CS7630/ros2_ws/install/task_manager_nav2/share/task_manager_nav2/environment/path.sh
-- Up-to-date: /home/GTL/mgaddam/CS7630/ros2_ws/install/task_manager_nav2/share/task_manager_nav2/environment/path.dsv
-- Up-to-date: /home/GTL/mgaddam/CS7630/ros2_ws/install/task_manager_nav2/share/task_manager_nav2/local_setup.bash
-- Up-to-date: /home/GTL/mgaddam/CS7630/ros2_ws/install/task_manager_nav2/share/task_manager_nav2/local_setup.sh
-- Up-to-date: /home/GTL/mgaddam/CS7630/ros2_ws/install/task_manager_nav2/share/task_manager_nav2/local_setup.zsh
-- Up-to-date: /home/GTL/mgaddam/CS7630/ros2_ws/install/task_manager_nav2/share/task_manager_nav2/local_setup.dsv
-- Installing: /home/GTL/mgaddam/CS7630/ros2_ws/install/task_manager_nav2/share/task_manager_nav2/package.dsv
-- Up-to-date: /home/GTL/mgaddam/CS7630/ros2_ws/install/task_manager_nav2/share/ament_index/resource_index/packages/task_manager_nav2
-- Up-to-date: /home/GTL/mgaddam/CS7630/ros2_ws/install/task_manager_nav2/share/task_manager_nav2/cmake/ament_cmake_export_dependencies-extras.cmake
-- Up-to-date: /home/GTL/mgaddam/CS7630/ros2_ws/install/task_manager_nav2/share/task_manager_nav2/cmake/ament_cmake_export_include_directories-extras.cmake
-- Up-to-date: /home/GTL/mgaddam/CS7630/ros2_ws/install/task_manager_nav2/share/task_manager_nav2/cmake/task_manager_nav2Config.cmake
-- Up-to-date: /home/GTL/mgaddam/CS7630/ros2_ws/install/task_manager_nav2/share/task_manager_nav2/cmake/task_manager_nav2Config-version.cmake
-- Up-to-date: /home/GTL/mgaddam/CS7630/ros2_ws/install/task_manager_nav2/share/task_manager_nav2/package.xml
