running egg_info
writing ../../../../build/button_server/button_server.egg-info/PKG-INFO
writing dependency_links to ../../../../build/button_server/button_server.egg-info/dependency_links.txt
writing entry points to ../../../../build/button_server/button_server.egg-info/entry_points.txt
writing requirements to ../../../../build/button_server/button_server.egg-info/requires.txt
writing top-level names to ../../../../build/button_server/button_server.egg-info/top_level.txt
reading manifest file '../../../../build/button_server/button_server.egg-info/SOURCES.txt'
writing manifest file '../../../../build/button_server/button_server.egg-info/SOURCES.txt'
running build
running build_py
running build_scripts
running install
/usr/lib/python3/dist-packages/setuptools/command/install.py:34: SetuptoolsDeprecationWarning: setup.py install is deprecated. Use build and pip and other standards-based tools.
  warnings.warn(
running install_lib
running install_data
running install_egg_info
removing '/home/GTL/mgaddam/CS7630/ros2_ws/install/button_server/lib/python3.10/site-packages/button_server-0.0.0-py3.10.egg-info' (and everything under it)
Copying ../../../../build/button_server/button_server.egg-info to /home/GTL/mgaddam/CS7630/ros2_ws/install/button_server/lib/python3.10/site-packages/button_server-0.0.0-py3.10.egg-info
running install_scripts
changing mode of /home/GTL/mgaddam/CS7630/ros2_ws/install/button_server/lib/button_server/button_server_node to 775
writing list of installed files to '/home/GTL/mgaddam/CS7630/ros2_ws/build/button_server/install.log'
