[2.822s] Invoking command in '/home/GTL/mgaddam/CS7630/ros2_ws/src/keyboard_teleop': PYTHONPATH=/home/GTL/mgaddam/CS7630/ros2_ws/build/keyboard_teleop/prefix_override:/home/GTL/mgaddam/CS7630/ros2_ws/install/keyboard_teleop/lib/python3.10/site-packages:${PYTHONPATH} /usr/bin/python3 setup.py egg_info --egg-base ../../build/keyboard_teleop build --build-base /home/GTL/mgaddam/CS7630/ros2_ws/build/keyboard_teleop/build install --record /home/GTL/mgaddam/CS7630/ros2_ws/build/keyboard_teleop/install.log --single-version-externally-managed
[3.050s] running egg_info
[3.050s] writing ../../build/keyboard_teleop/keyboard_teleop.egg-info/PKG-INFO
[3.051s] writing dependency_links to ../../build/keyboard_teleop/keyboard_teleop.egg-info/dependency_links.txt
[3.053s] writing entry points to ../../build/keyboard_teleop/keyboard_teleop.egg-info/entry_points.txt
[3.053s] writing requirements to ../../build/keyboard_teleop/keyboard_teleop.egg-info/requires.txt
[3.054s] writing top-level names to ../../build/keyboard_teleop/keyboard_teleop.egg-info/top_level.txt
[3.059s] reading manifest file '../../build/keyboard_teleop/keyboard_teleop.egg-info/SOURCES.txt'
[3.062s] writing manifest file '../../build/keyboard_teleop/keyboard_teleop.egg-info/SOURCES.txt'
[3.062s] running build
[3.062s] running build_py
[3.065s] running install
[3.065s] /usr/lib/python3/dist-packages/setuptools/command/install.py:34: SetuptoolsDeprecationWarning: setup.py install is deprecated. Use build and pip and other standards-based tools.
[3.065s]   warnings.warn(
[3.066s] running install_lib
[3.071s] running install_data
[3.072s] running install_egg_info
[3.074s] removing '/home/GTL/mgaddam/CS7630/ros2_ws/install/keyboard_teleop/lib/python3.10/site-packages/keyboard_teleop-0.0.0-py3.10.egg-info' (and everything under it)
[3.077s] Copying ../../build/keyboard_teleop/keyboard_teleop.egg-info to /home/GTL/mgaddam/CS7630/ros2_ws/install/keyboard_teleop/lib/python3.10/site-packages/keyboard_teleop-0.0.0-py3.10.egg-info
[3.096s] running install_scripts
[3.114s] Installing keyboard_joystick_node script to /home/GTL/mgaddam/CS7630/ros2_ws/install/keyboard_teleop/lib/keyboard_teleop
[3.115s] Installing keyboard_teleop_node script to /home/GTL/mgaddam/CS7630/ros2_ws/install/keyboard_teleop/lib/keyboard_teleop
[3.117s] writing list of installed files to '/home/GTL/mgaddam/CS7630/ros2_ws/build/keyboard_teleop/install.log'
[3.802s] Invoked command in '/home/GTL/mgaddam/CS7630/ros2_ws/src/keyboard_teleop' returned '0': PYTHONPATH=/home/GTL/mgaddam/CS7630/ros2_ws/build/keyboard_teleop/prefix_override:/home/GTL/mgaddam/CS7630/ros2_ws/install/keyboard_teleop/lib/python3.10/site-packages:${PYTHONPATH} /usr/bin/python3 setup.py egg_info --egg-base ../../build/keyboard_teleop build --build-base /home/GTL/mgaddam/CS7630/ros2_ws/build/keyboard_teleop/build install --record /home/GTL/mgaddam/CS7630/ros2_ws/build/keyboard_teleop/install.log --single-version-externally-managed
