running egg_info
writing ../../build/rover_driver_base/rover_driver_base.egg-info/PKG-INFO
writing dependency_links to ../../build/rover_driver_base/rover_driver_base.egg-info/dependency_links.txt
writing entry points to ../../build/rover_driver_base/rover_driver_base.egg-info/entry_points.txt
writing requirements to ../../build/rover_driver_base/rover_driver_base.egg-info/requires.txt
writing top-level names to ../../build/rover_driver_base/rover_driver_base.egg-info/top_level.txt
reading manifest file '../../build/rover_driver_base/rover_driver_base.egg-info/SOURCES.txt'
writing manifest file '../../build/rover_driver_base/rover_driver_base.egg-info/SOURCES.txt'
running build
running build_py
running install
running install_lib
running install_data
running install_egg_info
removing '/home/GTL/mgaddam/CS7630/ros2_ws/install/rover_driver_base/lib/python3.10/site-packages/rover_driver_base-0.0.0-py3.10.egg-info' (and everything under it)
Copying ../../build/rover_driver_base/rover_driver_base.egg-info to /home/GTL/mgaddam/CS7630/ros2_ws/install/rover_driver_base/lib/python3.10/site-packages/rover_driver_base-0.0.0-py3.10.egg-info
running install_scripts
Installing rover_command_node script to /home/GTL/mgaddam/CS7630/ros2_ws/install/rover_driver_base/lib/rover_driver_base
Installing rover_odom_node script to /home/GTL/mgaddam/CS7630/ros2_ws/install/rover_driver_base/lib/rover_driver_base
writing list of installed files to '/home/GTL/mgaddam/CS7630/ros2_ws/build/rover_driver_base/install.log'
