[0.147s] Invoking command in '/home/GTL/mgaddam/CS7630/ros2_ws/src/build/task_manager_nav2': CMAKE_PREFIX_PATH=/home/GTL/mgaddam/CS7630/ros2_ws/src/install/task_manager_lib:/home/GTL/mgaddam/CS7630/ros2_ws/src/install/task_manager_msgs:/home/GTL/mgaddam/CS7630/ros2_ws/src/install/vrep4_helpers:/home/GTL/mgaddam/CS7630/ros2_ws/src/install/task_manager_sync:/home/GTL/mgaddam/CS7630/ros2_ws/src/install/floor_nav:/home/GTL/mgaddam/CS7630/ros2_ws/src/install/task_manager_nav2:/home/GTL/mgaddam/CS7630/ros2_ws/src/install/cs7630_msgs:/home/GTL/mgaddam/CS7630/ros2_ws/src/install/collision_avoidance_base:/home/GTL/mgaddam/CS7630/ros2_ws/src/install/vrep_ros_teleop:/home/GTL/mgaddam/CS7630/ros2_ws/src/install/task_manager_client_py:/home/GTL/mgaddam/CS7630/ros2_ws/src/install/ar_slam_base:/home/GTL/mgaddam/CS7630/ros2_ws/src/install/ar_loc_base:/home/GTL/mgaddam/CS7630/ros2_ws/src/install/rover_driver_base:/home/GTL/mgaddam/CS7630/ros2_ws/src/install/keyboard_teleop:/home/GTL/mgaddam/CS7630/ros2_ws/src/install/face_detect_base:/home/GTL/mgaddam/CS7630/ros2_ws/src/install/button_server:/home/GTL/mgaddam/CS7630/ros2_ws/src/install/ar_mapping_base:/opt/ros/humble LD_LIBRARY_PATH=/home/GTL/mgaddam/CS7630/ros2_ws/src/install/task_manager_lib/lib:/home/GTL/mgaddam/CS7630/ros2_ws/src/install/task_manager_msgs/lib:/home/GTL/mgaddam/CS7630/ros2_ws/src/install/task_manager_sync/lib:/home/GTL/mgaddam/CS7630/ros2_ws/src/install/cs7630_msgs/lib:/usr/lib/x86_64-linux-gnu/gazebo-11/plugins:/opt/ros/humble/opt/rviz_ogre_vendor/lib:/opt/ros/humble/lib/x86_64-linux-gnu:/opt/ros/humble/lib /usr/bin/cmake /home/GTL/mgaddam/CS7630/ros2_ws/src/ros_task_manager/src/task_manager_nav2 -DCMAKE_INSTALL_PREFIX=/home/GTL/mgaddam/CS7630/ros2_ws/src/install/task_manager_nav2
[0.211s] -- The C compiler identification is GNU 11.4.0
[0.267s] -- The CXX compiler identification is GNU 11.4.0
[0.277s] -- Detecting C compiler ABI info
[0.444s] -- Detecting C compiler ABI info - done
[0.453s] -- Check for working C compiler: /usr/bin/cc - skipped
[0.453s] -- Detecting C compile features
[0.453s] -- Detecting C compile features - done
[0.461s] -- Detecting CXX compiler ABI info
[0.574s] -- Detecting CXX compiler ABI info - done
[0.582s] -- Check for working CXX compiler: /usr/bin/c++ - skipped
[0.582s] -- Detecting CXX compile features
[0.582s] -- Detecting CXX compile features - done
[0.626s] -- Found ament_cmake: 1.3.8 (/opt/ros/humble/share/ament_cmake/cmake)
[0.826s] -- Found Python3: /usr/bin/python3 (found version "3.10.12") found components: Interpreter 
[1.463s] -- Found nav2_msgs: 1.1.13 (/opt/ros/humble/share/nav2_msgs/cmake)
[1.838s] -- Found rosidl_generator_c: 3.1.5 (/opt/ros/humble/share/rosidl_generator_c/cmake)
[1.918s] -- Found rosidl_adapter: 3.1.5 (/opt/ros/humble/share/rosidl_adapter/cmake)
[2.001s] -- Found rosidl_generator_cpp: 3.1.5 (/opt/ros/humble/share/rosidl_generator_cpp/cmake)
[2.088s] -- Using all available rosidl_typesupport_c: rosidl_typesupport_fastrtps_c;rosidl_typesupport_introspection_c
[2.214s] -- Using all available rosidl_typesupport_cpp: rosidl_typesupport_fastrtps_cpp;rosidl_typesupport_introspection_cpp
[2.788s] -- Found task_manager_lib: 0.0.0 (/home/GTL/mgaddam/CS7630/ros2_ws/src/install/task_manager_lib/share/task_manager_lib/cmake)
[3.328s] -- Found rmw_implementation_cmake: 6.1.1 (/opt/ros/humble/share/rmw_implementation_cmake/cmake)
[3.371s] -- Found rmw_cyclonedds_cpp: 1.3.4 (/opt/ros/humble/share/rmw_cyclonedds_cpp/cmake)
[3.628s] -- Using RMW implementation 'rmw_cyclonedds_cpp' as default
[3.755s] -- Looking for pthread.h
[3.855s] -- Looking for pthread.h - found
[3.857s] -- Performing Test CMAKE_HAVE_LIBC_PTHREAD
[3.961s] -- Performing Test CMAKE_HAVE_LIBC_PTHREAD - Success
[3.962s] -- Found Threads: TRUE  
[4.443s] -- Found tf2_geometry_msgs: 0.25.6 (/opt/ros/humble/share/tf2_geometry_msgs/cmake)
[4.666s] -- Found eigen3_cmake_module: 0.1.1 (/opt/ros/humble/share/eigen3_cmake_module/cmake)
[4.667s] -- Found Eigen3: TRUE (found version "3.4.0") 
[4.667s] -- Ensuring Eigen3 include directory is part of orocos-kdl CMake target
[5.207s] -- Found ament_lint_auto: 0.12.10 (/opt/ros/humble/share/ament_lint_auto/cmake)
[5.717s] -- Added test 'copyright' to check source files copyright and LICENSE
[5.724s] -- Added test 'cppcheck' to perform static code analysis on C / C++ code
[5.724s] -- Configured cppcheck include dirs: 
[5.724s] -- Configured cppcheck exclude dirs and/or files: 
[5.732s] -- Added test 'cpplint' to check C / C++ code against the Google style
[5.732s] -- Configured cpplint exclude dirs and/or files: 
[5.735s] -- Added test 'lint_cmake' to check CMake code style
[5.743s] -- Added test 'uncrustify' to check C / C++ code style
[5.743s] -- Configured uncrustify additional arguments: 
[5.744s] -- Added test 'xmllint' to check XML markup files
[5.783s] -- Configuring done
[5.835s] -- Generating done
[5.852s] -- Build files have been written to: /home/GTL/mgaddam/CS7630/ros2_ws/src/build/task_manager_nav2
[5.860s] Invoked command in '/home/GTL/mgaddam/CS7630/ros2_ws/src/build/task_manager_nav2' returned '0': CMAKE_PREFIX_PATH=/home/GTL/mgaddam/CS7630/ros2_ws/src/install/task_manager_lib:/home/GTL/mgaddam/CS7630/ros2_ws/src/install/task_manager_msgs:/home/GTL/mgaddam/CS7630/ros2_ws/src/install/vrep4_helpers:/home/GTL/mgaddam/CS7630/ros2_ws/src/install/task_manager_sync:/home/GTL/mgaddam/CS7630/ros2_ws/src/install/floor_nav:/home/GTL/mgaddam/CS7630/ros2_ws/src/install/task_manager_nav2:/home/GTL/mgaddam/CS7630/ros2_ws/src/install/cs7630_msgs:/home/GTL/mgaddam/CS7630/ros2_ws/src/install/collision_avoidance_base:/home/GTL/mgaddam/CS7630/ros2_ws/src/install/vrep_ros_teleop:/home/GTL/mgaddam/CS7630/ros2_ws/src/install/task_manager_client_py:/home/GTL/mgaddam/CS7630/ros2_ws/src/install/ar_slam_base:/home/GTL/mgaddam/CS7630/ros2_ws/src/install/ar_loc_base:/home/GTL/mgaddam/CS7630/ros2_ws/src/install/rover_driver_base:/home/GTL/mgaddam/CS7630/ros2_ws/src/install/keyboard_teleop:/home/GTL/mgaddam/CS7630/ros2_ws/src/install/face_detect_base:/home/GTL/mgaddam/CS7630/ros2_ws/src/install/button_server:/home/GTL/mgaddam/CS7630/ros2_ws/src/install/ar_mapping_base:/opt/ros/humble LD_LIBRARY_PATH=/home/GTL/mgaddam/CS7630/ros2_ws/src/install/task_manager_lib/lib:/home/GTL/mgaddam/CS7630/ros2_ws/src/install/task_manager_msgs/lib:/home/GTL/mgaddam/CS7630/ros2_ws/src/install/task_manager_sync/lib:/home/GTL/mgaddam/CS7630/ros2_ws/src/install/cs7630_msgs/lib:/usr/lib/x86_64-linux-gnu/gazebo-11/plugins:/opt/ros/humble/opt/rviz_ogre_vendor/lib:/opt/ros/humble/lib/x86_64-linux-gnu:/opt/ros/humble/lib /usr/bin/cmake /home/GTL/mgaddam/CS7630/ros2_ws/src/ros_task_manager/src/task_manager_nav2 -DCMAKE_INSTALL_PREFIX=/home/GTL/mgaddam/CS7630/ros2_ws/src/install/task_manager_nav2
[5.866s] Invoking command in '/home/GTL/mgaddam/CS7630/ros2_ws/src/build/task_manager_nav2': CMAKE_PREFIX_PATH=/home/GTL/mgaddam/CS7630/ros2_ws/src/install/task_manager_lib:/home/GTL/mgaddam/CS7630/ros2_ws/src/install/task_manager_msgs:/home/GTL/mgaddam/CS7630/ros2_ws/src/install/vrep4_helpers:/home/GTL/mgaddam/CS7630/ros2_ws/src/install/task_manager_sync:/home/GTL/mgaddam/CS7630/ros2_ws/src/install/floor_nav:/home/GTL/mgaddam/CS7630/ros2_ws/src/install/task_manager_nav2:/home/GTL/mgaddam/CS7630/ros2_ws/src/install/cs7630_msgs:/home/GTL/mgaddam/CS7630/ros2_ws/src/install/collision_avoidance_base:/home/GTL/mgaddam/CS7630/ros2_ws/src/install/vrep_ros_teleop:/home/GTL/mgaddam/CS7630/ros2_ws/src/install/task_manager_client_py:/home/GTL/mgaddam/CS7630/ros2_ws/src/install/ar_slam_base:/home/GTL/mgaddam/CS7630/ros2_ws/src/install/ar_loc_base:/home/GTL/mgaddam/CS7630/ros2_ws/src/install/rover_driver_base:/home/GTL/mgaddam/CS7630/ros2_ws/src/install/keyboard_teleop:/home/GTL/mgaddam/CS7630/ros2_ws/src/install/face_detect_base:/home/GTL/mgaddam/CS7630/ros2_ws/src/install/button_server:/home/GTL/mgaddam/CS7630/ros2_ws/src/install/ar_mapping_base:/opt/ros/humble LD_LIBRARY_PATH=/home/GTL/mgaddam/CS7630/ros2_ws/src/install/task_manager_lib/lib:/home/GTL/mgaddam/CS7630/ros2_ws/src/install/task_manager_msgs/lib:/home/GTL/mgaddam/CS7630/ros2_ws/src/install/task_manager_sync/lib:/home/GTL/mgaddam/CS7630/ros2_ws/src/install/cs7630_msgs/lib:/usr/lib/x86_64-linux-gnu/gazebo-11/plugins:/opt/ros/humble/opt/rviz_ogre_vendor/lib:/opt/ros/humble/lib/x86_64-linux-gnu:/opt/ros/humble/lib /usr/bin/cmake --build /home/GTL/mgaddam/CS7630/ros2_ws/src/build/task_manager_nav2 -- -j16 -l16
[5.901s] Invoked command in '/home/GTL/mgaddam/CS7630/ros2_ws/src/build/task_manager_nav2' returned '0': CMAKE_PREFIX_PATH=/home/GTL/mgaddam/CS7630/ros2_ws/src/install/task_manager_lib:/home/GTL/mgaddam/CS7630/ros2_ws/src/install/task_manager_msgs:/home/GTL/mgaddam/CS7630/ros2_ws/src/install/vrep4_helpers:/home/GTL/mgaddam/CS7630/ros2_ws/src/install/task_manager_sync:/home/GTL/mgaddam/CS7630/ros2_ws/src/install/floor_nav:/home/GTL/mgaddam/CS7630/ros2_ws/src/install/task_manager_nav2:/home/GTL/mgaddam/CS7630/ros2_ws/src/install/cs7630_msgs:/home/GTL/mgaddam/CS7630/ros2_ws/src/install/collision_avoidance_base:/home/GTL/mgaddam/CS7630/ros2_ws/src/install/vrep_ros_teleop:/home/GTL/mgaddam/CS7630/ros2_ws/src/install/task_manager_client_py:/home/GTL/mgaddam/CS7630/ros2_ws/src/install/ar_slam_base:/home/GTL/mgaddam/CS7630/ros2_ws/src/install/ar_loc_base:/home/GTL/mgaddam/CS7630/ros2_ws/src/install/rover_driver_base:/home/GTL/mgaddam/CS7630/ros2_ws/src/install/keyboard_teleop:/home/GTL/mgaddam/CS7630/ros2_ws/src/install/face_detect_base:/home/GTL/mgaddam/CS7630/ros2_ws/src/install/button_server:/home/GTL/mgaddam/CS7630/ros2_ws/src/install/ar_mapping_base:/opt/ros/humble LD_LIBRARY_PATH=/home/GTL/mgaddam/CS7630/ros2_ws/src/install/task_manager_lib/lib:/home/GTL/mgaddam/CS7630/ros2_ws/src/install/task_manager_msgs/lib:/home/GTL/mgaddam/CS7630/ros2_ws/src/install/task_manager_sync/lib:/home/GTL/mgaddam/CS7630/ros2_ws/src/install/cs7630_msgs/lib:/usr/lib/x86_64-linux-gnu/gazebo-11/plugins:/opt/ros/humble/opt/rviz_ogre_vendor/lib:/opt/ros/humble/lib/x86_64-linux-gnu:/opt/ros/humble/lib /usr/bin/cmake --build /home/GTL/mgaddam/CS7630/ros2_ws/src/build/task_manager_nav2 -- -j16 -l16
[5.921s] Invoking command in '/home/GTL/mgaddam/CS7630/ros2_ws/src/build/task_manager_nav2': CMAKE_PREFIX_PATH=/home/GTL/mgaddam/CS7630/ros2_ws/src/install/task_manager_lib:/home/GTL/mgaddam/CS7630/ros2_ws/src/install/task_manager_msgs:/home/GTL/mgaddam/CS7630/ros2_ws/src/install/vrep4_helpers:/home/GTL/mgaddam/CS7630/ros2_ws/src/install/task_manager_sync:/home/GTL/mgaddam/CS7630/ros2_ws/src/install/floor_nav:/home/GTL/mgaddam/CS7630/ros2_ws/src/install/task_manager_nav2:/home/GTL/mgaddam/CS7630/ros2_ws/src/install/cs7630_msgs:/home/GTL/mgaddam/CS7630/ros2_ws/src/install/collision_avoidance_base:/home/GTL/mgaddam/CS7630/ros2_ws/src/install/vrep_ros_teleop:/home/GTL/mgaddam/CS7630/ros2_ws/src/install/task_manager_client_py:/home/GTL/mgaddam/CS7630/ros2_ws/src/install/ar_slam_base:/home/GTL/mgaddam/CS7630/ros2_ws/src/install/ar_loc_base:/home/GTL/mgaddam/CS7630/ros2_ws/src/install/rover_driver_base:/home/GTL/mgaddam/CS7630/ros2_ws/src/install/keyboard_teleop:/home/GTL/mgaddam/CS7630/ros2_ws/src/install/face_detect_base:/home/GTL/mgaddam/CS7630/ros2_ws/src/install/button_server:/home/GTL/mgaddam/CS7630/ros2_ws/src/install/ar_mapping_base:/opt/ros/humble LD_LIBRARY_PATH=/home/GTL/mgaddam/CS7630/ros2_ws/src/install/task_manager_lib/lib:/home/GTL/mgaddam/CS7630/ros2_ws/src/install/task_manager_msgs/lib:/home/GTL/mgaddam/CS7630/ros2_ws/src/install/task_manager_sync/lib:/home/GTL/mgaddam/CS7630/ros2_ws/src/install/cs7630_msgs/lib:/usr/lib/x86_64-linux-gnu/gazebo-11/plugins:/opt/ros/humble/opt/rviz_ogre_vendor/lib:/opt/ros/humble/lib/x86_64-linux-gnu:/opt/ros/humble/lib /usr/bin/cmake --install /home/GTL/mgaddam/CS7630/ros2_ws/src/build/task_manager_nav2
[5.927s] -- Install configuration: ""
[5.927s] -- Up-to-date: /home/GTL/mgaddam/CS7630/ros2_ws/src/install/task_manager_nav2/include/task_manager_nav2
[5.928s] -- Installing: /home/GTL/mgaddam/CS7630/ros2_ws/src/install/task_manager_nav2/include/task_manager_nav2/TaskActionNav2.h
[5.934s] -- Installing: /home/GTL/mgaddam/CS7630/ros2_ws/src/install/task_manager_nav2/share/ament_index/resource_index/package_run_dependencies/task_manager_nav2
[5.939s] -- Installing: /home/GTL/mgaddam/CS7630/ros2_ws/src/install/task_manager_nav2/share/ament_index/resource_index/parent_prefix_path/task_manager_nav2
[5.943s] -- Installing: /home/GTL/mgaddam/CS7630/ros2_ws/src/install/task_manager_nav2/share/task_manager_nav2/environment/ament_prefix_path.sh
[5.948s] -- Installing: /home/GTL/mgaddam/CS7630/ros2_ws/src/install/task_manager_nav2/share/task_manager_nav2/environment/ament_prefix_path.dsv
[5.952s] -- Installing: /home/GTL/mgaddam/CS7630/ros2_ws/src/install/task_manager_nav2/share/task_manager_nav2/environment/path.sh
[5.955s] -- Installing: /home/GTL/mgaddam/CS7630/ros2_ws/src/install/task_manager_nav2/share/task_manager_nav2/environment/path.dsv
[5.960s] -- Installing: /home/GTL/mgaddam/CS7630/ros2_ws/src/install/task_manager_nav2/share/task_manager_nav2/local_setup.bash
[5.964s] -- Installing: /home/GTL/mgaddam/CS7630/ros2_ws/src/install/task_manager_nav2/share/task_manager_nav2/local_setup.sh
[5.968s] -- Installing: /home/GTL/mgaddam/CS7630/ros2_ws/src/install/task_manager_nav2/share/task_manager_nav2/local_setup.zsh
[5.972s] -- Installing: /home/GTL/mgaddam/CS7630/ros2_ws/src/install/task_manager_nav2/share/task_manager_nav2/local_setup.dsv
[5.976s] -- Installing: /home/GTL/mgaddam/CS7630/ros2_ws/src/install/task_manager_nav2/share/task_manager_nav2/package.dsv
[5.981s] -- Installing: /home/GTL/mgaddam/CS7630/ros2_ws/src/install/task_manager_nav2/share/ament_index/resource_index/packages/task_manager_nav2
[5.985s] -- Installing: /home/GTL/mgaddam/CS7630/ros2_ws/src/install/task_manager_nav2/share/task_manager_nav2/cmake/ament_cmake_export_dependencies-extras.cmake
[5.990s] -- Installing: /home/GTL/mgaddam/CS7630/ros2_ws/src/install/task_manager_nav2/share/task_manager_nav2/cmake/ament_cmake_export_include_directories-extras.cmake
[5.994s] -- Installing: /home/GTL/mgaddam/CS7630/ros2_ws/src/install/task_manager_nav2/share/task_manager_nav2/cmake/task_manager_nav2Config.cmake
[5.998s] -- Installing: /home/GTL/mgaddam/CS7630/ros2_ws/src/install/task_manager_nav2/share/task_manager_nav2/cmake/task_manager_nav2Config-version.cmake
[6.002s] -- Installing: /home/GTL/mgaddam/CS7630/ros2_ws/src/install/task_manager_nav2/share/task_manager_nav2/package.xml
[6.010s] Invoked command in '/home/GTL/mgaddam/CS7630/ros2_ws/src/build/task_manager_nav2' returned '0': CMAKE_PREFIX_PATH=/home/GTL/mgaddam/CS7630/ros2_ws/src/install/task_manager_lib:/home/GTL/mgaddam/CS7630/ros2_ws/src/install/task_manager_msgs:/home/GTL/mgaddam/CS7630/ros2_ws/src/install/vrep4_helpers:/home/GTL/mgaddam/CS7630/ros2_ws/src/install/task_manager_sync:/home/GTL/mgaddam/CS7630/ros2_ws/src/install/floor_nav:/home/GTL/mgaddam/CS7630/ros2_ws/src/install/task_manager_nav2:/home/GTL/mgaddam/CS7630/ros2_ws/src/install/cs7630_msgs:/home/GTL/mgaddam/CS7630/ros2_ws/src/install/collision_avoidance_base:/home/GTL/mgaddam/CS7630/ros2_ws/src/install/vrep_ros_teleop:/home/GTL/mgaddam/CS7630/ros2_ws/src/install/task_manager_client_py:/home/GTL/mgaddam/CS7630/ros2_ws/src/install/ar_slam_base:/home/GTL/mgaddam/CS7630/ros2_ws/src/install/ar_loc_base:/home/GTL/mgaddam/CS7630/ros2_ws/src/install/rover_driver_base:/home/GTL/mgaddam/CS7630/ros2_ws/src/install/keyboard_teleop:/home/GTL/mgaddam/CS7630/ros2_ws/src/install/face_detect_base:/home/GTL/mgaddam/CS7630/ros2_ws/src/install/button_server:/home/GTL/mgaddam/CS7630/ros2_ws/src/install/ar_mapping_base:/opt/ros/humble LD_LIBRARY_PATH=/home/GTL/mgaddam/CS7630/ros2_ws/src/install/task_manager_lib/lib:/home/GTL/mgaddam/CS7630/ros2_ws/src/install/task_manager_msgs/lib:/home/GTL/mgaddam/CS7630/ros2_ws/src/install/task_manager_sync/lib:/home/GTL/mgaddam/CS7630/ros2_ws/src/install/cs7630_msgs/lib:/usr/lib/x86_64-linux-gnu/gazebo-11/plugins:/opt/ros/humble/opt/rviz_ogre_vendor/lib:/opt/ros/humble/lib/x86_64-linux-gnu:/opt/ros/humble/lib /usr/bin/cmake --install /home/GTL/mgaddam/CS7630/ros2_ws/src/build/task_manager_nav2
