[2.437s] Invoking command in '/home/GTL/mgaddam/CS7630/ros2_ws/src/rover_driver_base': PYTHONPATH=/home/GTL/mgaddam/CS7630/ros2_ws/build/rover_driver_base/prefix_override:/home/GTL/mgaddam/CS7630/ros2_ws/install/rover_driver_base/lib/python3.10/site-packages:${PYTHONPATH} /usr/bin/python3 setup.py egg_info --egg-base ../../build/rover_driver_base build --build-base /home/GTL/mgaddam/CS7630/ros2_ws/build/rover_driver_base/build install --record /home/GTL/mgaddam/CS7630/ros2_ws/build/rover_driver_base/install.log --single-version-externally-managed
[2.643s] running egg_info
[2.644s] writing ../../build/rover_driver_base/rover_driver_base.egg-info/PKG-INFO
[2.647s] writing dependency_links to ../../build/rover_driver_base/rover_driver_base.egg-info/dependency_links.txt
[2.648s] writing entry points to ../../build/rover_driver_base/rover_driver_base.egg-info/entry_points.txt
[2.649s] writing requirements to ../../build/rover_driver_base/rover_driver_base.egg-info/requires.txt
[2.650s] writing top-level names to ../../build/rover_driver_base/rover_driver_base.egg-info/top_level.txt
[2.652s] writing manifest file '../../build/rover_driver_base/rover_driver_base.egg-info/SOURCES.txt'
[2.655s] reading manifest file '../../build/rover_driver_base/rover_driver_base.egg-info/SOURCES.txt'
[2.657s] writing manifest file '../../build/rover_driver_base/rover_driver_base.egg-info/SOURCES.txt'
[2.658s] running build
[2.658s] running build_py
[2.659s] copying rover_driver_base/rover_kinematics.py -> /home/GTL/mgaddam/CS7630/ros2_ws/build/rover_driver_base/build/lib/rover_driver_base
[2.671s] copying rover_driver_base/rover_odom.py -> /home/GTL/mgaddam/CS7630/ros2_ws/build/rover_driver_base/build/lib/rover_driver_base
[2.683s] copying rover_driver_base/__init__.py -> /home/GTL/mgaddam/CS7630/ros2_ws/build/rover_driver_base/build/lib/rover_driver_base
[2.684s] copying rover_driver_base/rover_command.py -> /home/GTL/mgaddam/CS7630/ros2_ws/build/rover_driver_base/build/lib/rover_driver_base
[2.691s] running install
[2.691s] /usr/lib/python3/dist-packages/setuptools/command/install.py:34: SetuptoolsDeprecationWarning: setup.py install is deprecated. Use build and pip and other standards-based tools.
[2.691s]   warnings.warn(
[2.692s] running install_lib
[2.693s] copying /home/GTL/mgaddam/CS7630/ros2_ws/build/rover_driver_base/build/lib/rover_driver_base/rover_kinematics.py -> /home/GTL/mgaddam/CS7630/ros2_ws/install/rover_driver_base/lib/python3.10/site-packages/rover_driver_base
[2.695s] copying /home/GTL/mgaddam/CS7630/ros2_ws/build/rover_driver_base/build/lib/rover_driver_base/rover_odom.py -> /home/GTL/mgaddam/CS7630/ros2_ws/install/rover_driver_base/lib/python3.10/site-packages/rover_driver_base
[2.697s] copying /home/GTL/mgaddam/CS7630/ros2_ws/build/rover_driver_base/build/lib/rover_driver_base/__init__.py -> /home/GTL/mgaddam/CS7630/ros2_ws/install/rover_driver_base/lib/python3.10/site-packages/rover_driver_base
[2.699s] copying /home/GTL/mgaddam/CS7630/ros2_ws/build/rover_driver_base/build/lib/rover_driver_base/rover_command.py -> /home/GTL/mgaddam/CS7630/ros2_ws/install/rover_driver_base/lib/python3.10/site-packages/rover_driver_base
[2.701s] byte-compiling /home/GTL/mgaddam/CS7630/ros2_ws/install/rover_driver_base/lib/python3.10/site-packages/rover_driver_base/rover_kinematics.py to rover_kinematics.cpython-310.pyc
[2.705s] byte-compiling /home/GTL/mgaddam/CS7630/ros2_ws/install/rover_driver_base/lib/python3.10/site-packages/rover_driver_base/rover_odom.py to rover_odom.cpython-310.pyc
[2.708s] byte-compiling /home/GTL/mgaddam/CS7630/ros2_ws/install/rover_driver_base/lib/python3.10/site-packages/rover_driver_base/__init__.py to __init__.cpython-310.pyc
[2.710s] byte-compiling /home/GTL/mgaddam/CS7630/ros2_ws/install/rover_driver_base/lib/python3.10/site-packages/rover_driver_base/rover_command.py to rover_command.cpython-310.pyc
[2.712s] running install_data
[2.714s] copying resource/rover_driver_base -> /home/GTL/mgaddam/CS7630/ros2_ws/install/rover_driver_base/share/ament_index/resource_index/packages
[2.715s] copying package.xml -> /home/GTL/mgaddam/CS7630/ros2_ws/install/rover_driver_base/share/rover_driver_base
[2.719s] copying launch/rover_odom.launch.py -> /home/GTL/mgaddam/CS7630/ros2_ws/install/rover_driver_base/share/rover_driver_base
[2.736s] running install_egg_info
[2.737s] removing '/home/GTL/mgaddam/CS7630/ros2_ws/install/rover_driver_base/lib/python3.10/site-packages/rover_driver_base-0.0.0-py3.10.egg-info' (and everything under it)
[2.738s] Copying ../../build/rover_driver_base/rover_driver_base.egg-info to /home/GTL/mgaddam/CS7630/ros2_ws/install/rover_driver_base/lib/python3.10/site-packages/rover_driver_base-0.0.0-py3.10.egg-info
[2.755s] running install_scripts
[2.773s] Installing rover_command_node script to /home/GTL/mgaddam/CS7630/ros2_ws/install/rover_driver_base/lib/rover_driver_base
[2.775s] Installing rover_odom_node script to /home/GTL/mgaddam/CS7630/ros2_ws/install/rover_driver_base/lib/rover_driver_base
[2.777s] writing list of installed files to '/home/GTL/mgaddam/CS7630/ros2_ws/build/rover_driver_base/install.log'
[2.905s] Invoked command in '/home/GTL/mgaddam/CS7630/ros2_ws/src/rover_driver_base' returned '0': PYTHONPATH=/home/GTL/mgaddam/CS7630/ros2_ws/build/rover_driver_base/prefix_override:/home/GTL/mgaddam/CS7630/ros2_ws/install/rover_driver_base/lib/python3.10/site-packages:${PYTHONPATH} /usr/bin/python3 setup.py egg_info --egg-base ../../build/rover_driver_base build --build-base /home/GTL/mgaddam/CS7630/ros2_ws/build/rover_driver_base/build install --record /home/GTL/mgaddam/CS7630/ros2_ws/build/rover_driver_base/install.log --single-version-externally-managed
