[2.122s] Invoking command in '/home/GTL/mgaddam/CS7630/ros2_ws/src/ros_task_manager/src/button_server': PYTHONPATH=/home/GTL/mgaddam/CS7630/ros2_ws/src/build/button_server/prefix_override:/home/GTL/mgaddam/CS7630/ros2_ws/src/install/button_server/lib/python3.10/site-packages:${PYTHONPATH} /usr/bin/python3 setup.py egg_info --egg-base ../../../build/button_server build --build-base /home/GTL/mgaddam/CS7630/ros2_ws/src/build/button_server/build install --record /home/GTL/mgaddam/CS7630/ros2_ws/src/build/button_server/install.log --single-version-externally-managed
[2.306s] running egg_info
[2.307s] writing ../../../build/button_server/button_server.egg-info/PKG-INFO
[2.307s] writing dependency_links to ../../../build/button_server/button_server.egg-info/dependency_links.txt
[2.308s] writing entry points to ../../../build/button_server/button_server.egg-info/entry_points.txt
[2.309s] writing requirements to ../../../build/button_server/button_server.egg-info/requires.txt
[2.310s] writing top-level names to ../../../build/button_server/button_server.egg-info/top_level.txt
[2.317s] reading manifest file '../../../build/button_server/button_server.egg-info/SOURCES.txt'
[2.319s] writing manifest file '../../../build/button_server/button_server.egg-info/SOURCES.txt'
[2.320s] running build
[2.320s] running build_py
[2.322s] running build_scripts
[2.322s] running install
[2.323s] /usr/lib/python3/dist-packages/setuptools/command/install.py:34: SetuptoolsDeprecationWarning: setup.py install is deprecated. Use build and pip and other standards-based tools.
[2.323s]   warnings.warn(
[2.323s] running install_lib
[2.326s] running install_data
[2.328s] running install_egg_info
[2.330s] removing '/home/GTL/mgaddam/CS7630/ros2_ws/src/install/button_server/lib/python3.10/site-packages/button_server-0.0.0-py3.10.egg-info' (and everything under it)
[2.333s] Copying ../../../build/button_server/button_server.egg-info to /home/GTL/mgaddam/CS7630/ros2_ws/src/install/button_server/lib/python3.10/site-packages/button_server-0.0.0-py3.10.egg-info
[2.386s] running install_scripts
[2.402s] changing mode of /home/GTL/mgaddam/CS7630/ros2_ws/src/install/button_server/lib/button_server/button_server_node to 775
[2.405s] writing list of installed files to '/home/GTL/mgaddam/CS7630/ros2_ws/src/build/button_server/install.log'
[3.119s] Invoked command in '/home/GTL/mgaddam/CS7630/ros2_ws/src/ros_task_manager/src/button_server' returned '0': PYTHONPATH=/home/GTL/mgaddam/CS7630/ros2_ws/src/build/button_server/prefix_override:/home/GTL/mgaddam/CS7630/ros2_ws/src/install/button_server/lib/python3.10/site-packages:${PYTHONPATH} /usr/bin/python3 setup.py egg_info --egg-base ../../../build/button_server build --build-base /home/GTL/mgaddam/CS7630/ros2_ws/src/build/button_server/build install --record /home/GTL/mgaddam/CS7630/ros2_ws/src/build/button_server/install.log --single-version-externally-managed
