[1.800s] Invoking command in '/home/GTL/mgaddam/CS7630/ros2_ws/src/vrep_ros_teleop': PYTHONPATH=/home/GTL/mgaddam/CS7630/ros2_ws/src/build/vrep_ros_teleop/prefix_override:/home/GTL/mgaddam/CS7630/ros2_ws/src/install/vrep_ros_teleop/lib/python3.10/site-packages:${PYTHONPATH} /usr/bin/python3 setup.py egg_info --egg-base ../build/vrep_ros_teleop build --build-base /home/GTL/mgaddam/CS7630/ros2_ws/src/build/vrep_ros_teleop/build install --record /home/GTL/mgaddam/CS7630/ros2_ws/src/build/vrep_ros_teleop/install.log --single-version-externally-managed
[2.005s] running egg_info
[2.006s] writing ../build/vrep_ros_teleop/vrep_ros_teleop.egg-info/PKG-INFO
[2.008s] writing dependency_links to ../build/vrep_ros_teleop/vrep_ros_teleop.egg-info/dependency_links.txt
[2.010s] writing entry points to ../build/vrep_ros_teleop/vrep_ros_teleop.egg-info/entry_points.txt
[2.011s] writing requirements to ../build/vrep_ros_teleop/vrep_ros_teleop.egg-info/requires.txt
[2.011s] writing top-level names to ../build/vrep_ros_teleop/vrep_ros_teleop.egg-info/top_level.txt
[2.013s] writing manifest file '../build/vrep_ros_teleop/vrep_ros_teleop.egg-info/SOURCES.txt'
[2.015s] reading manifest file '../build/vrep_ros_teleop/vrep_ros_teleop.egg-info/SOURCES.txt'
[2.017s] writing manifest file '../build/vrep_ros_teleop/vrep_ros_teleop.egg-info/SOURCES.txt'
[2.018s] running build
[2.018s] running build_py
[2.019s] copying vrep_ros_teleop/teleop.py -> /home/GTL/mgaddam/CS7630/ros2_ws/src/build/vrep_ros_teleop/build/lib/vrep_ros_teleop
[2.023s] copying vrep_ros_teleop/__init__.py -> /home/GTL/mgaddam/CS7630/ros2_ws/src/build/vrep_ros_teleop/build/lib/vrep_ros_teleop
[2.024s] copying vrep_ros_teleop/teleop_mux.py -> /home/GTL/mgaddam/CS7630/ros2_ws/src/build/vrep_ros_teleop/build/lib/vrep_ros_teleop
[2.026s] running install
[2.026s] /usr/lib/python3/dist-packages/setuptools/command/install.py:34: SetuptoolsDeprecationWarning: setup.py install is deprecated. Use build and pip and other standards-based tools.
[2.026s]   warnings.warn(
[2.026s] running install_lib
[2.028s] copying /home/GTL/mgaddam/CS7630/ros2_ws/src/build/vrep_ros_teleop/build/lib/vrep_ros_teleop/teleop.py -> /home/GTL/mgaddam/CS7630/ros2_ws/src/install/vrep_ros_teleop/lib/python3.10/site-packages/vrep_ros_teleop
[2.031s] copying /home/GTL/mgaddam/CS7630/ros2_ws/src/build/vrep_ros_teleop/build/lib/vrep_ros_teleop/__init__.py -> /home/GTL/mgaddam/CS7630/ros2_ws/src/install/vrep_ros_teleop/lib/python3.10/site-packages/vrep_ros_teleop
[2.032s] copying /home/GTL/mgaddam/CS7630/ros2_ws/src/build/vrep_ros_teleop/build/lib/vrep_ros_teleop/teleop_mux.py -> /home/GTL/mgaddam/CS7630/ros2_ws/src/install/vrep_ros_teleop/lib/python3.10/site-packages/vrep_ros_teleop
[2.036s] byte-compiling /home/GTL/mgaddam/CS7630/ros2_ws/src/install/vrep_ros_teleop/lib/python3.10/site-packages/vrep_ros_teleop/teleop.py to teleop.cpython-310.pyc
[2.039s] byte-compiling /home/GTL/mgaddam/CS7630/ros2_ws/src/install/vrep_ros_teleop/lib/python3.10/site-packages/vrep_ros_teleop/__init__.py to __init__.cpython-310.pyc
[2.042s] byte-compiling /home/GTL/mgaddam/CS7630/ros2_ws/src/install/vrep_ros_teleop/lib/python3.10/site-packages/vrep_ros_teleop/teleop_mux.py to teleop_mux.cpython-310.pyc
[2.045s] running install_data
[2.046s] copying resource/vrep_ros_teleop -> /home/GTL/mgaddam/CS7630/ros2_ws/src/install/vrep_ros_teleop/share/ament_index/resource_index/packages
[2.047s] copying package.xml -> /home/GTL/mgaddam/CS7630/ros2_ws/src/install/vrep_ros_teleop/share/vrep_ros_teleop
[2.049s] copying launch/teleop.launch.py -> /home/GTL/mgaddam/CS7630/ros2_ws/src/install/vrep_ros_teleop/share/vrep_ros_teleop
[2.051s] copying launch/teleop_mux_tb.launch.py -> /home/GTL/mgaddam/CS7630/ros2_ws/src/install/vrep_ros_teleop/share/vrep_ros_teleop
[2.053s] copying launch/teleop_mux.launch.py -> /home/GTL/mgaddam/CS7630/ros2_ws/src/install/vrep_ros_teleop/share/vrep_ros_teleop
[2.055s] running install_egg_info
[2.057s] removing '/home/GTL/mgaddam/CS7630/ros2_ws/src/install/vrep_ros_teleop/lib/python3.10/site-packages/vrep_ros_teleop-0.0.0-py3.10.egg-info' (and everything under it)
[2.058s] Copying ../build/vrep_ros_teleop/vrep_ros_teleop.egg-info to /home/GTL/mgaddam/CS7630/ros2_ws/src/install/vrep_ros_teleop/lib/python3.10/site-packages/vrep_ros_teleop-0.0.0-py3.10.egg-info
[2.077s] running install_scripts
[2.096s] Installing teleop_mux_node script to /home/GTL/mgaddam/CS7630/ros2_ws/src/install/vrep_ros_teleop/lib/vrep_ros_teleop
[2.098s] Installing teleop_node script to /home/GTL/mgaddam/CS7630/ros2_ws/src/install/vrep_ros_teleop/lib/vrep_ros_teleop
[2.099s] writing list of installed files to '/home/GTL/mgaddam/CS7630/ros2_ws/src/build/vrep_ros_teleop/install.log'
[2.285s] Invoked command in '/home/GTL/mgaddam/CS7630/ros2_ws/src/vrep_ros_teleop' returned '0': PYTHONPATH=/home/GTL/mgaddam/CS7630/ros2_ws/src/build/vrep_ros_teleop/prefix_override:/home/GTL/mgaddam/CS7630/ros2_ws/src/install/vrep_ros_teleop/lib/python3.10/site-packages:${PYTHONPATH} /usr/bin/python3 setup.py egg_info --egg-base ../build/vrep_ros_teleop build --build-base /home/GTL/mgaddam/CS7630/ros2_ws/src/build/vrep_ros_teleop/build install --record /home/GTL/mgaddam/CS7630/ros2_ws/src/build/vrep_ros_teleop/install.log --single-version-externally-managed
