[1.506s] Invoking command in '/home/GTL/mgaddam/CS7630/ros2_ws/src/face_detect': AMENT_PREFIX_PATH=/home/GTL/mgaddam/CS7630/ros2_ws/src/install/cs7630_msgs:${AMENT_PREFIX_PATH} CMAKE_PREFIX_PATH=/home/GTL/mgaddam/CS7630/ros2_ws/src/install/cs7630_msgs LD_LIBRARY_PATH=/home/GTL/mgaddam/CS7630/ros2_ws/src/install/cs7630_msgs/lib:${LD_LIBRARY_PATH} PYTHONPATH=/home/GTL/mgaddam/CS7630/ros2_ws/src/build/face_detect_base/prefix_override:/home/GTL/mgaddam/CS7630/ros2_ws/src/install/face_detect_base/lib/python3.10/site-packages:/home/GTL/mgaddam/CS7630/ros2_ws/src/install/cs7630_msgs/local/lib/python3.10/dist-packages:${PYTHONPATH} /usr/bin/python3 setup.py egg_info --egg-base ../build/face_detect_base build --build-base /home/GTL/mgaddam/CS7630/ros2_ws/src/build/face_detect_base/build install --record /home/GTL/mgaddam/CS7630/ros2_ws/src/build/face_detect_base/install.log --single-version-externally-managed
[1.684s] running egg_info
[1.685s] writing ../build/face_detect_base/face_detect_base.egg-info/PKG-INFO
[1.687s] writing dependency_links to ../build/face_detect_base/face_detect_base.egg-info/dependency_links.txt
[1.689s] writing entry points to ../build/face_detect_base/face_detect_base.egg-info/entry_points.txt
[1.690s] writing requirements to ../build/face_detect_base/face_detect_base.egg-info/requires.txt
[1.690s] writing top-level names to ../build/face_detect_base/face_detect_base.egg-info/top_level.txt
[1.697s] reading manifest file '../build/face_detect_base/face_detect_base.egg-info/SOURCES.txt'
[1.699s] writing manifest file '../build/face_detect_base/face_detect_base.egg-info/SOURCES.txt'
[1.700s] running build
[1.700s] running build_py
[1.702s] running install
[1.702s] /usr/lib/python3/dist-packages/setuptools/command/install.py:34: SetuptoolsDeprecationWarning: setup.py install is deprecated. Use build and pip and other standards-based tools.
[1.702s]   warnings.warn(
[1.702s] running install_lib
[1.705s] running install_data
[1.706s] running install_egg_info
[1.708s] removing '/home/GTL/mgaddam/CS7630/ros2_ws/src/install/face_detect_base/lib/python3.10/site-packages/face_detect_base-0.0.0-py3.10.egg-info' (and everything under it)
[1.711s] Copying ../build/face_detect_base/face_detect_base.egg-info to /home/GTL/mgaddam/CS7630/ros2_ws/src/install/face_detect_base/lib/python3.10/site-packages/face_detect_base-0.0.0-py3.10.egg-info
[1.815s] running install_scripts
[1.830s] Installing face_detect_node script to /home/GTL/mgaddam/CS7630/ros2_ws/src/install/face_detect_base/lib/face_detect_base
[1.832s] writing list of installed files to '/home/GTL/mgaddam/CS7630/ros2_ws/src/build/face_detect_base/install.log'
[2.871s] Invoked command in '/home/GTL/mgaddam/CS7630/ros2_ws/src/face_detect' returned '0': AMENT_PREFIX_PATH=/home/GTL/mgaddam/CS7630/ros2_ws/src/install/cs7630_msgs:${AMENT_PREFIX_PATH} CMAKE_PREFIX_PATH=/home/GTL/mgaddam/CS7630/ros2_ws/src/install/cs7630_msgs LD_LIBRARY_PATH=/home/GTL/mgaddam/CS7630/ros2_ws/src/install/cs7630_msgs/lib:${LD_LIBRARY_PATH} PYTHONPATH=/home/GTL/mgaddam/CS7630/ros2_ws/src/build/face_detect_base/prefix_override:/home/GTL/mgaddam/CS7630/ros2_ws/src/install/face_detect_base/lib/python3.10/site-packages:/home/GTL/mgaddam/CS7630/ros2_ws/src/install/cs7630_msgs/local/lib/python3.10/dist-packages:${PYTHONPATH} /usr/bin/python3 setup.py egg_info --egg-base ../build/face_detect_base build --build-base /home/GTL/mgaddam/CS7630/ros2_ws/src/build/face_detect_base/build install --record /home/GTL/mgaddam/CS7630/ros2_ws/src/build/face_detect_base/install.log --single-version-externally-managed
