[1.307s] Invoking command in '/home/GTL/mgaddam/CS7630/ros2_ws/build/wifi_map_base': CMAKE_PREFIX_PATH=/opt/ros/humble /usr/bin/cmake /home/GTL/mgaddam/CS7630/ros2_ws/src/wifi_map_base -DCMAKE_INSTALL_PREFIX=/home/GTL/mgaddam/CS7630/ros2_ws/install/wifi_map_base
[1.389s] -- The C compiler identification is GNU 11.4.0
[1.490s] -- The CXX compiler identification is GNU 11.4.0
[1.500s] -- Detecting C compiler ABI info
[2.134s] -- Detecting C compiler ABI info - done
[2.144s] -- Check for working C compiler: /usr/bin/cc - skipped
[2.144s] -- Detecting C compile features
[2.144s] -- Detecting C compile features - done
[2.149s] -- Detecting CXX compiler ABI info
[2.249s] -- Detecting CXX compiler ABI info - done
[2.257s] -- Check for working CXX compiler: /usr/bin/c++ - skipped
[2.258s] -- Detecting CXX compile features
[2.258s] -- Detecting CXX compile features - done
[2.265s] -- Found ament_cmake: 1.3.8 (/opt/ros/humble/share/ament_cmake/cmake)
[2.358s] -- Found Python3: /usr/bin/python3 (found version "3.10.12") found components: Interpreter 
[2.436s] -- Found nav_msgs: 4.2.4 (/opt/ros/humble/share/nav_msgs/cmake)
[2.466s] -- Found rosidl_generator_c: 3.1.5 (/opt/ros/humble/share/rosidl_generator_c/cmake)
[2.470s] -- Found rosidl_adapter: 3.1.5 (/opt/ros/humble/share/rosidl_adapter/cmake)
[2.478s] -- Found rosidl_generator_cpp: 3.1.5 (/opt/ros/humble/share/rosidl_generator_cpp/cmake)
[2.489s] -- Using all available rosidl_typesupport_c: rosidl_typesupport_fastrtps_c;rosidl_typesupport_introspection_c
[2.505s] -- Using all available rosidl_typesupport_cpp: rosidl_typesupport_fastrtps_cpp;rosidl_typesupport_introspection_cpp
[2.678s] [31mCMake Error at CMakeLists.txt:11 (find_package):
[2.678s]   By not providing "Findwpa_cli_msgs.cmake" in CMAKE_MODULE_PATH this project
[2.678s]   has asked CMake to find a package configuration file provided by
[2.678s]   "wpa_cli_msgs", but CMake did not find one.
[2.678s] 
[2.678s]   Could not find a package configuration file provided by "wpa_cli_msgs" with
[2.678s]   any of the following names:
[2.678s] 
[2.678s]     wpa_cli_msgsConfig.cmake
[2.678s]     wpa_cli_msgs-config.cmake
[2.678s] 
[2.678s]   Add the installation prefix of "wpa_cli_msgs" to CMAKE_PREFIX_PATH or set
[2.678s]   "wpa_cli_msgs_DIR" to a directory containing one of the above files.  If
[2.678s]   "wpa_cli_msgs" provides a separate development package or SDK, be sure it
[2.678s]   has been installed.
[2.678s] 
[2.678s] [0m
[2.678s] -- Configuring incomplete, errors occurred!
[2.678s] See also "/home/GTL/mgaddam/CS7630/ros2_ws/build/wifi_map_base/CMakeFiles/CMakeOutput.log".
[2.762s] Invoked command in '/home/GTL/mgaddam/CS7630/ros2_ws/build/wifi_map_base' returned '1': CMAKE_PREFIX_PATH=/opt/ros/humble /usr/bin/cmake /home/GTL/mgaddam/CS7630/ros2_ws/src/wifi_map_base -DCMAKE_INSTALL_PREFIX=/home/GTL/mgaddam/CS7630/ros2_ws/install/wifi_map_base
