[1.135s] Invoking command in '/home/GTL/mgaddam/CS7630/ros2_ws/src/ar_loc_base': AMENT_PREFIX_PATH=/home/GTL/mgaddam/CS7630/ros2_ws/src/install/rover_driver_base:/home/GTL/mgaddam/CS7630/ros2_ws/src/install/vrep_ros_teleop:/home/GTL/mgaddam/CS7630/ros2_ws/src/install/vrep4_helpers:/home/GTL/mgaddam/CS7630/ros2_ws/src/install/task_manager_sync:/home/GTL/mgaddam/CS7630/ros2_ws/src/install/floor_nav:/home/GTL/mgaddam/CS7630/ros2_ws/src/install/task_manager_nav2:/home/GTL/mgaddam/CS7630/ros2_ws/src/install/task_manager_lib:/home/GTL/mgaddam/CS7630/ros2_ws/src/install/task_manager_client_py:/home/GTL/mgaddam/CS7630/ros2_ws/src/install/task_manager_msgs:/home/GTL/mgaddam/CS7630/ros2_ws/src/install/ar_slam_base:/home/GTL/mgaddam/CS7630/ros2_ws/src/install/ar_loc_base:/home/GTL/mgaddam/CS7630/ros2_ws/src/install/keyboard_teleop:/home/GTL/mgaddam/CS7630/ros2_ws/src/install/face_detect_base:/home/GTL/mgaddam/CS7630/ros2_ws/src/install/cs7630_msgs:/home/GTL/mgaddam/CS7630/ros2_ws/src/install/collision_avoidance_base:/home/GTL/mgaddam/CS7630/ros2_ws/src/install/button_server:/home/GTL/mgaddam/CS7630/ros2_ws/src/install/ar_mapping_base:/opt/ros/humble PYTHONPATH=/home/GTL/mgaddam/CS7630/ros2_ws/src/build/ar_loc_base/prefix_override:/home/GTL/mgaddam/CS7630/ros2_ws/src/install/ar_loc_base/lib/python3.10/site-packages:/home/GTL/mgaddam/CS7630/ros2_ws/src/install/rover_driver_base/lib/python3.10/site-packages:/home/GTL/mgaddam/CS7630/ros2_ws/src/install/vrep_ros_teleop/lib/python3.10/site-packages:/home/GTL/mgaddam/CS7630/ros2_ws/src/install/task_manager_client_py/lib/python3.10/site-packages:/home/GTL/mgaddam/CS7630/ros2_ws/src/install/task_manager_msgs/local/lib/python3.10/dist-packages:/home/GTL/mgaddam/CS7630/ros2_ws/src/install/ar_slam_base/lib/python3.10/site-packages:/home/GTL/mgaddam/CS7630/ros2_ws/src/install/ar_loc_base/lib/python3.10/site-packages:/home/GTL/mgaddam/CS7630/ros2_ws/src/install/keyboard_teleop/lib/python3.10/site-packages:/home/GTL/mgaddam/CS7630/ros2_ws/src/install/face_detect_base/lib/python3.10/site-packages:/home/GTL/mgaddam/CS7630/ros2_ws/src/install/cs7630_msgs/local/lib/python3.10/dist-packages:/home/GTL/mgaddam/CS7630/ros2_ws/src/install/button_server/lib/python3.10/site-packages:/home/GTL/mgaddam/CS7630/ros2_ws/src/install/ar_mapping_base/lib/python3.10/site-packages:/opt/ros/humble/lib/python3.10/site-packages:/opt/ros/humble/local/lib/python3.10/dist-packages /usr/bin/python3 setup.py egg_info --egg-base ../build/ar_loc_base build --build-base /home/GTL/mgaddam/CS7630/ros2_ws/src/build/ar_loc_base/build install --record /home/GTL/mgaddam/CS7630/ros2_ws/src/build/ar_loc_base/install.log --single-version-externally-managed
[1.327s] running egg_info
[1.328s] writing ../build/ar_loc_base/ar_loc_base.egg-info/PKG-INFO
[1.330s] writing dependency_links to ../build/ar_loc_base/ar_loc_base.egg-info/dependency_links.txt
[1.332s] writing entry points to ../build/ar_loc_base/ar_loc_base.egg-info/entry_points.txt
[1.333s] writing requirements to ../build/ar_loc_base/ar_loc_base.egg-info/requires.txt
[1.335s] writing top-level names to ../build/ar_loc_base/ar_loc_base.egg-info/top_level.txt
[1.341s] reading manifest file '../build/ar_loc_base/ar_loc_base.egg-info/SOURCES.txt'
[1.343s] writing manifest file '../build/ar_loc_base/ar_loc_base.egg-info/SOURCES.txt'
[1.343s] running build
[1.344s] running build_py
[1.346s] running install
[1.346s] /usr/lib/python3/dist-packages/setuptools/command/install.py:34: SetuptoolsDeprecationWarning: setup.py install is deprecated. Use build and pip and other standards-based tools.
[1.347s]   warnings.warn(
[1.347s] running install_lib
[1.349s] running install_data
[1.350s] copying launch/ar_loc_only.launch.py -> /home/GTL/mgaddam/CS7630/ros2_ws/src/install/ar_loc_base/share/ar_loc_base
[1.352s] running install_egg_info
[1.353s] removing '/home/GTL/mgaddam/CS7630/ros2_ws/src/install/ar_loc_base/lib/python3.10/site-packages/ar_loc_base-0.0.0-py3.10.egg-info' (and everything under it)
[1.356s] Copying ../build/ar_loc_base/ar_loc_base.egg-info to /home/GTL/mgaddam/CS7630/ros2_ws/src/install/ar_loc_base/lib/python3.10/site-packages/ar_loc_base-0.0.0-py3.10.egg-info
[1.445s] running install_scripts
[1.445s] Installing ar_loc_node script to /home/GTL/mgaddam/CS7630/ros2_ws/src/install/ar_loc_base/lib/ar_loc_base
[1.445s] writing list of installed files to '/home/GTL/mgaddam/CS7630/ros2_ws/src/build/ar_loc_base/install.log'
[1.446s] Invoked command in '/home/GTL/mgaddam/CS7630/ros2_ws/src/ar_loc_base' returned '0': AMENT_PREFIX_PATH=/home/GTL/mgaddam/CS7630/ros2_ws/src/install/rover_driver_base:/home/GTL/mgaddam/CS7630/ros2_ws/src/install/vrep_ros_teleop:/home/GTL/mgaddam/CS7630/ros2_ws/src/install/vrep4_helpers:/home/GTL/mgaddam/CS7630/ros2_ws/src/install/task_manager_sync:/home/GTL/mgaddam/CS7630/ros2_ws/src/install/floor_nav:/home/GTL/mgaddam/CS7630/ros2_ws/src/install/task_manager_nav2:/home/GTL/mgaddam/CS7630/ros2_ws/src/install/task_manager_lib:/home/GTL/mgaddam/CS7630/ros2_ws/src/install/task_manager_client_py:/home/GTL/mgaddam/CS7630/ros2_ws/src/install/task_manager_msgs:/home/GTL/mgaddam/CS7630/ros2_ws/src/install/ar_slam_base:/home/GTL/mgaddam/CS7630/ros2_ws/src/install/ar_loc_base:/home/GTL/mgaddam/CS7630/ros2_ws/src/install/keyboard_teleop:/home/GTL/mgaddam/CS7630/ros2_ws/src/install/face_detect_base:/home/GTL/mgaddam/CS7630/ros2_ws/src/install/cs7630_msgs:/home/GTL/mgaddam/CS7630/ros2_ws/src/install/collision_avoidance_base:/home/GTL/mgaddam/CS7630/ros2_ws/src/install/button_server:/home/GTL/mgaddam/CS7630/ros2_ws/src/install/ar_mapping_base:/opt/ros/humble PYTHONPATH=/home/GTL/mgaddam/CS7630/ros2_ws/src/build/ar_loc_base/prefix_override:/home/GTL/mgaddam/CS7630/ros2_ws/src/install/ar_loc_base/lib/python3.10/site-packages:/home/GTL/mgaddam/CS7630/ros2_ws/src/install/rover_driver_base/lib/python3.10/site-packages:/home/GTL/mgaddam/CS7630/ros2_ws/src/install/vrep_ros_teleop/lib/python3.10/site-packages:/home/GTL/mgaddam/CS7630/ros2_ws/src/install/task_manager_client_py/lib/python3.10/site-packages:/home/GTL/mgaddam/CS7630/ros2_ws/src/install/task_manager_msgs/local/lib/python3.10/dist-packages:/home/GTL/mgaddam/CS7630/ros2_ws/src/install/ar_slam_base/lib/python3.10/site-packages:/home/GTL/mgaddam/CS7630/ros2_ws/src/install/ar_loc_base/lib/python3.10/site-packages:/home/GTL/mgaddam/CS7630/ros2_ws/src/install/keyboard_teleop/lib/python3.10/site-packages:/home/GTL/mgaddam/CS7630/ros2_ws/src/install/face_detect_base/lib/python3.10/site-packages:/home/GTL/mgaddam/CS7630/ros2_ws/src/install/cs7630_msgs/local/lib/python3.10/dist-packages:/home/GTL/mgaddam/CS7630/ros2_ws/src/install/button_server/lib/python3.10/site-packages:/home/GTL/mgaddam/CS7630/ros2_ws/src/install/ar_mapping_base/lib/python3.10/site-packages:/opt/ros/humble/lib/python3.10/site-packages:/opt/ros/humble/local/lib/python3.10/dist-packages /usr/bin/python3 setup.py egg_info --egg-base ../build/ar_loc_base build --build-base /home/GTL/mgaddam/CS7630/ros2_ws/src/build/ar_loc_base/build install --record /home/GTL/mgaddam/CS7630/ros2_ws/src/build/ar_loc_base/install.log --single-version-externally-managed
