[1.204s] Invoking command in '/home/GTL/mgaddam/CS7630/ros2_ws/build/turtlebot_launch': CMAKE_PREFIX_PATH=/opt/ros/humble /usr/bin/cmake --build /home/GTL/mgaddam/CS7630/ros2_ws/build/turtlebot_launch -- -j16 -l16
[1.472s] Invoked command in '/home/GTL/mgaddam/CS7630/ros2_ws/build/turtlebot_launch' returned '0': CMAKE_PREFIX_PATH=/opt/ros/humble /usr/bin/cmake --build /home/GTL/mgaddam/CS7630/ros2_ws/build/turtlebot_launch -- -j16 -l16
[1.502s] Invoking command in '/home/GTL/mgaddam/CS7630/ros2_ws/build/turtlebot_launch': CMAKE_PREFIX_PATH=/opt/ros/humble /usr/bin/cmake --install /home/GTL/mgaddam/CS7630/ros2_ws/build/turtlebot_launch
[1.510s] -- Install configuration: ""
[1.510s] -- Up-to-date: /home/GTL/mgaddam/CS7630/ros2_ws/install/turtlebot_launch/share/turtlebot_launch
[1.511s] -- Up-to-date: /home/GTL/mgaddam/CS7630/ros2_ws/install/turtlebot_launch/share/turtlebot_launch/tb_slam_env.launch.py
[1.512s] -- Up-to-date: /home/GTL/mgaddam/CS7630/ros2_ws/install/turtlebot_launch/share/turtlebot_launch/kinect_min.launch.py
[1.513s] -- Up-to-date: /home/GTL/mgaddam/CS7630/ros2_ws/install/turtlebot_launch/share/turtlebot_launch/minimal.launch.py
[1.514s] -- Up-to-date: /home/GTL/mgaddam/CS7630/ros2_ws/install/turtlebot_launch/share/turtlebot_launch/slam_tb_sync_rviz.launch.py
[1.515s] -- Installing: /home/GTL/mgaddam/CS7630/ros2_ws/install/turtlebot_launch/share/turtlebot_launch/slam_tb_sync.launch.py
[1.520s] -- Up-to-date: /home/GTL/mgaddam/CS7630/ros2_ws/install/turtlebot_launch/share/turtlebot_launch/aruco_tracker_tb.yaml
[1.521s] -- Up-to-date: /home/GTL/mgaddam/CS7630/ros2_ws/install/turtlebot_launch/share/turtlebot_launch/turtlebot_description.launch.py
[1.522s] -- Up-to-date: /home/GTL/mgaddam/CS7630/ros2_ws/install/turtlebot_launch/share/turtlebot_launch/kinect.launch.py
[1.523s] -- Up-to-date: /home/GTL/mgaddam/CS7630/ros2_ws/install/turtlebot_launch/share/turtlebot_launch/cartographer.launch.py
[1.524s] -- Up-to-date: /home/GTL/mgaddam/CS7630/ros2_ws/install/turtlebot_launch/share/turtlebot_launch/autodock.launch.py
[1.525s] -- Up-to-date: /home/GTL/mgaddam/CS7630/ros2_ws/install/turtlebot_launch/share/turtlebot_launch/turtlebot_cartographer.lua
[1.526s] -- Up-to-date: /home/GTL/mgaddam/CS7630/ros2_ws/install/turtlebot_launch/share/turtlebot_launch/cartographer_rviz.launch.py
[1.527s] -- Up-to-date: /home/GTL/mgaddam/CS7630/ros2_ws/install/turtlebot_launch/share/turtlebot_launch/turtlebot_cartographer.rviz
[1.528s] -- Up-to-date: /home/GTL/mgaddam/CS7630/ros2_ws/install/turtlebot_launch/share/turtlebot_launch/tb3_cartographer.rviz
[1.529s] -- Up-to-date: /home/GTL/mgaddam/CS7630/ros2_ws/install/turtlebot_launch/share/turtlebot_launch/mapper_params_tb_sync.yaml
[1.530s] -- Up-to-date: /home/GTL/mgaddam/CS7630/ros2_ws/install/turtlebot_launch/share/turtlebot_launch/rplidar_a1_launch.py
[1.532s] -- Up-to-date: /home/GTL/mgaddam/CS7630/ros2_ws/install/turtlebot_launch/share/turtlebot_launch/kinect_min_comp.launch.py
[1.533s] -- Up-to-date: /home/GTL/mgaddam/CS7630/ros2_ws/install/turtlebot_launch/share/turtlebot_launch/occupancy_grid.launch.py
[1.534s] -- Up-to-date: /home/GTL/mgaddam/CS7630/ros2_ws/install/turtlebot_launch/share/turtlebot_launch/__pycache__
[1.536s] -- Up-to-date: /home/GTL/mgaddam/CS7630/ros2_ws/install/turtlebot_launch/share/turtlebot_launch/__pycache__/slam_tb_sync_rviz.launch.cpython-310.pyc
[1.537s] -- Up-to-date: /home/GTL/mgaddam/CS7630/ros2_ws/install/turtlebot_launch/share/turtlebot_launch/__pycache__/cartographer_rviz.launch.cpython-310.pyc
[1.538s] -- Up-to-date: /home/GTL/mgaddam/CS7630/ros2_ws/install/turtlebot_launch/share/turtlebot_launch/__pycache__/cartographer.launch.cpython-310.pyc
[1.539s] -- Up-to-date: /home/GTL/mgaddam/CS7630/ros2_ws/install/turtlebot_launch/share/turtlebot_launch/__pycache__/kinect.launch.cpython-310.pyc
[1.540s] -- Installing: /home/GTL/mgaddam/CS7630/ros2_ws/install/turtlebot_launch/share/turtlebot_launch/__pycache__/slam_tb_sync.launch.cpython-310.pyc
[1.652s] -- Up-to-date: /home/GTL/mgaddam/CS7630/ros2_ws/install/turtlebot_launch/share/turtlebot_launch/__pycache__/occupancy_grid.launch.cpython-310.pyc
[1.654s] -- Up-to-date: /home/GTL/mgaddam/CS7630/ros2_ws/install/turtlebot_launch/share/turtlebot_launch/__pycache__/kinect_min.launch.cpython-310.pyc
[1.654s] -- Up-to-date: /home/GTL/mgaddam/CS7630/ros2_ws/install/turtlebot_launch/share/turtlebot_launch/urdf
[1.656s] -- Up-to-date: /home/GTL/mgaddam/CS7630/ros2_ws/install/turtlebot_launch/share/turtlebot_launch/urdf/turtlebot_hardware.urdf.xacro
[1.657s] -- Up-to-date: /home/GTL/mgaddam/CS7630/ros2_ws/install/turtlebot_launch/share/turtlebot_launch/urdf/turtlebot_kinect.urdf.xacro
[1.658s] -- Up-to-date: /home/GTL/mgaddam/CS7630/ros2_ws/install/turtlebot_launch/share/turtlebot_launch/urdf/turtlebot_standalone.urdf.xacro
[1.659s] -- Up-to-date: /home/GTL/mgaddam/CS7630/ros2_ws/install/turtlebot_launch/share/turtlebot_launch/urdf/turtlebot.urdf.xacro
[1.660s] -- Up-to-date: /home/GTL/mgaddam/CS7630/ros2_ws/install/turtlebot_launch/share/turtlebot_launch/urdf/turtlebot_xtion_pro.urdf.xacro
[1.661s] -- Up-to-date: /home/GTL/mgaddam/CS7630/ros2_ws/install/turtlebot_launch/share/turtlebot_launch/urdf/turtlebot_body.urdf.xacro
[1.662s] -- Up-to-date: /home/GTL/mgaddam/CS7630/ros2_ws/install/turtlebot_launch/share/turtlebot_launch/urdf/gazebo.urdf.xacro
[1.663s] -- Up-to-date: /home/GTL/mgaddam/CS7630/ros2_ws/install/turtlebot_launch/share/turtlebot_launch/urdf/turtlebot_calibration.xacro
[1.664s] -- Up-to-date: /home/GTL/mgaddam/CS7630/ros2_ws/install/turtlebot_launch/share/turtlebot_launch/meshes
[1.667s] -- Up-to-date: /home/GTL/mgaddam/CS7630/ros2_ws/install/turtlebot_launch/share/turtlebot_launch/meshes/create_body.tga
[1.668s] -- Up-to-date: /home/GTL/mgaddam/CS7630/ros2_ws/install/turtlebot_launch/share/turtlebot_launch/meshes/plate_2_logo.tga
[1.669s] -- Up-to-date: /home/GTL/mgaddam/CS7630/ros2_ws/install/turtlebot_launch/share/turtlebot_launch/meshes/kinect.dae
[1.670s] -- Up-to-date: /home/GTL/mgaddam/CS7630/ros2_ws/install/turtlebot_launch/share/turtlebot_launch/meshes/68-02421-8000-RA_Turtlebot_F-F_Standoff.dae
[1.671s] -- Up-to-date: /home/GTL/mgaddam/CS7630/ros2_ws/install/turtlebot_launch/share/turtlebot_launch/meshes/kinect.tga
[1.672s] -- Up-to-date: /home/GTL/mgaddam/CS7630/ros2_ws/install/turtlebot_launch/share/turtlebot_launch/meshes/68-04552-1000-RA_Turtlebot_M-F_Standoff.dae
[1.673s] -- Up-to-date: /home/GTL/mgaddam/CS7630/ros2_ws/install/turtlebot_launch/share/turtlebot_launch/meshes/68-04552-2000-RA_Turtlebot_M-F_Standoff_color.png
[1.674s] -- Up-to-date: /home/GTL/mgaddam/CS7630/ros2_ws/install/turtlebot_launch/share/turtlebot_launch/meshes/68-04556-RA_Kinect_Standoff_Assy.dae
[1.676s] -- Up-to-date: /home/GTL/mgaddam/CS7630/ros2_ws/install/turtlebot_launch/share/turtlebot_launch/meshes/plate_0_logo.tga
[1.677s] -- Up-to-date: /home/GTL/mgaddam/CS7630/ros2_ws/install/turtlebot_launch/share/turtlebot_launch/meshes/68-02403-125_Spacer.dae
[1.678s] -- Up-to-date: /home/GTL/mgaddam/CS7630/ros2_ws/install/turtlebot_launch/share/turtlebot_launch/meshes/68-04552-1000-RA_Turtlebot_M-F_Standoff_color.png
[1.680s] -- Up-to-date: /home/GTL/mgaddam/CS7630/ros2_ws/install/turtlebot_launch/share/turtlebot_launch/meshes/68-04552-2000-RA_Turtlebot_M-F_Standoff.dae
[1.681s] -- Up-to-date: /home/GTL/mgaddam/CS7630/ros2_ws/install/turtlebot_launch/share/turtlebot_launch/meshes/68-02421-8000-RA_Turtlebot_F-F_Standoff_color.png
[1.682s] -- Up-to-date: /home/GTL/mgaddam/CS7630/ros2_ws/install/turtlebot_launch/share/turtlebot_launch/meshes/create_body.dae
[1.683s] -- Up-to-date: /home/GTL/mgaddam/CS7630/ros2_ws/install/turtlebot_launch/share/turtlebot_launch/meshes/68-04556-RA_Kinect_Standoff_Assy.3ds
[1.684s] -- Up-to-date: /home/GTL/mgaddam/CS7630/ros2_ws/install/turtlebot_launch/share/turtlebot_launch/meshes/plate_1_logo.tga
[1.685s] -- Up-to-date: /home/GTL/mgaddam/CS7630/ros2_ws/install/turtlebot_launch/share/turtlebot_launch/meshes/plate_0_logo.dae
[1.685s] -- Up-to-date: /home/GTL/mgaddam/CS7630/ros2_ws/install/turtlebot_launch/share/turtlebot_launch/meshes/plate_2_logo.dae
[1.687s] -- Up-to-date: /home/GTL/mgaddam/CS7630/ros2_ws/install/turtlebot_launch/share/turtlebot_launch/meshes/plate_1_logo.dae
[1.688s] -- Up-to-date: /home/GTL/mgaddam/CS7630/ros2_ws/install/turtlebot_launch/share/ament_index/resource_index/package_run_dependencies/turtlebot_launch
[1.689s] -- Up-to-date: /home/GTL/mgaddam/CS7630/ros2_ws/install/turtlebot_launch/share/ament_index/resource_index/parent_prefix_path/turtlebot_launch
[1.690s] -- Up-to-date: /home/GTL/mgaddam/CS7630/ros2_ws/install/turtlebot_launch/share/turtlebot_launch/environment/ament_prefix_path.sh
[1.691s] -- Up-to-date: /home/GTL/mgaddam/CS7630/ros2_ws/install/turtlebot_launch/share/turtlebot_launch/environment/ament_prefix_path.dsv
[1.692s] -- Up-to-date: /home/GTL/mgaddam/CS7630/ros2_ws/install/turtlebot_launch/share/turtlebot_launch/environment/path.sh
[1.693s] -- Up-to-date: /home/GTL/mgaddam/CS7630/ros2_ws/install/turtlebot_launch/share/turtlebot_launch/environment/path.dsv
[1.693s] -- Up-to-date: /home/GTL/mgaddam/CS7630/ros2_ws/install/turtlebot_launch/share/turtlebot_launch/local_setup.bash
[1.694s] -- Up-to-date: /home/GTL/mgaddam/CS7630/ros2_ws/install/turtlebot_launch/share/turtlebot_launch/local_setup.sh
[1.694s] -- Up-to-date: /home/GTL/mgaddam/CS7630/ros2_ws/install/turtlebot_launch/share/turtlebot_launch/local_setup.zsh
[1.695s] -- Up-to-date: /home/GTL/mgaddam/CS7630/ros2_ws/install/turtlebot_launch/share/turtlebot_launch/local_setup.dsv
[1.697s] -- Installing: /home/GTL/mgaddam/CS7630/ros2_ws/install/turtlebot_launch/share/turtlebot_launch/package.dsv
[1.702s] -- Up-to-date: /home/GTL/mgaddam/CS7630/ros2_ws/install/turtlebot_launch/share/ament_index/resource_index/packages/turtlebot_launch
[1.703s] -- Up-to-date: /home/GTL/mgaddam/CS7630/ros2_ws/install/turtlebot_launch/share/turtlebot_launch/cmake/turtlebot_launchConfig.cmake
[1.703s] -- Up-to-date: /home/GTL/mgaddam/CS7630/ros2_ws/install/turtlebot_launch/share/turtlebot_launch/cmake/turtlebot_launchConfig-version.cmake
[1.704s] -- Up-to-date: /home/GTL/mgaddam/CS7630/ros2_ws/install/turtlebot_launch/share/turtlebot_launch/package.xml
[1.777s] Invoked command in '/home/GTL/mgaddam/CS7630/ros2_ws/build/turtlebot_launch' returned '0': CMAKE_PREFIX_PATH=/opt/ros/humble /usr/bin/cmake --install /home/GTL/mgaddam/CS7630/ros2_ws/build/turtlebot_launch
