-- The C compiler identification is GNU 11.4.0
-- The CXX compiler identification is GNU 11.4.0
-- Detecting C compiler ABI info
-- Detecting C compiler ABI info - done
-- Check for working C compiler: /usr/bin/cc - skipped
-- Detecting C compile features
-- Detecting C compile features - done
-- Detecting CXX compiler ABI info
-- Detecting CXX compiler ABI info - done
-- Check for working CXX compiler: /usr/bin/c++ - skipped
-- Detecting CXX compile features
-- Detecting CXX compile features - done
-- Found ament_cmake: 1.3.8 (/opt/ros/humble/share/ament_cmake/cmake)
-- Found Python3: /usr/bin/python3 (found version "3.10.12") found components: Interpreter 
-- Found nav2_msgs: 1.1.13 (/opt/ros/humble/share/nav2_msgs/cmake)
-- Found rosidl_generator_c: 3.1.5 (/opt/ros/humble/share/rosidl_generator_c/cmake)
-- Found rosidl_adapter: 3.1.5 (/opt/ros/humble/share/rosidl_adapter/cmake)
-- Found rosidl_generator_cpp: 3.1.5 (/opt/ros/humble/share/rosidl_generator_cpp/cmake)
-- Using all available rosidl_typesupport_c: rosidl_typesupport_fastrtps_c;rosidl_typesupport_introspection_c
-- Using all available rosidl_typesupport_cpp: rosidl_typesupport_fastrtps_cpp;rosidl_typesupport_introspection_cpp
-- Found task_manager_lib: 0.0.0 (/home/GTL/mgaddam/CS7630/ros2_ws/install/task_manager_lib/share/task_manager_lib/cmake)
-- Found rmw_implementation_cmake: 6.1.1 (/opt/ros/humble/share/rmw_implementation_cmake/cmake)
-- Found rmw_cyclonedds_cpp: 1.3.4 (/opt/ros/humble/share/rmw_cyclonedds_cpp/cmake)
-- Using RMW implementation 'rmw_cyclonedds_cpp' as default
-- Looking for pthread.h
-- Looking for pthread.h - found
-- Performing Test CMAKE_HAVE_LIBC_PTHREAD
-- Performing Test CMAKE_HAVE_LIBC_PTHREAD - Success
-- Found Threads: TRUE  
-- Found tf2_geometry_msgs: 0.25.6 (/opt/ros/humble/share/tf2_geometry_msgs/cmake)
-- Found eigen3_cmake_module: 0.1.1 (/opt/ros/humble/share/eigen3_cmake_module/cmake)
-- Found Eigen3: TRUE (found version "3.4.0") 
-- Ensuring Eigen3 include directory is part of orocos-kdl CMake target
-- Found ament_lint_auto: 0.12.10 (/opt/ros/humble/share/ament_lint_auto/cmake)
-- Added test 'copyright' to check source files copyright and LICENSE
-- Added test 'cppcheck' to perform static code analysis on C / C++ code
-- Configured cppcheck include dirs: 
-- Configured cppcheck exclude dirs and/or files: 
-- Added test 'cpplint' to check C / C++ code against the Google style
-- Configured cpplint exclude dirs and/or files: 
-- Added test 'lint_cmake' to check CMake code style
-- Added test 'uncrustify' to check C / C++ code style
-- Configured uncrustify additional arguments: 
-- Added test 'xmllint' to check XML markup files
-- Configuring done
-- Generating done
-- Build files have been written to: /home/GTL/mgaddam/CS7630/ros2_ws/build/task_manager_nav2
-- Install configuration: ""
-- Up-to-date: /home/GTL/mgaddam/CS7630/ros2_ws/install/task_manager_nav2/include/task_manager_nav2
-- Installing: /home/GTL/mgaddam/CS7630/ros2_ws/install/task_manager_nav2/include/task_manager_nav2/TaskActionNav2.h
-- Installing: /home/GTL/mgaddam/CS7630/ros2_ws/install/task_manager_nav2/share/ament_index/resource_index/package_run_dependencies/task_manager_nav2
-- Installing: /home/GTL/mgaddam/CS7630/ros2_ws/install/task_manager_nav2/share/ament_index/resource_index/parent_prefix_path/task_manager_nav2
-- Installing: /home/GTL/mgaddam/CS7630/ros2_ws/install/task_manager_nav2/share/task_manager_nav2/environment/ament_prefix_path.sh
-- Installing: /home/GTL/mgaddam/CS7630/ros2_ws/install/task_manager_nav2/share/task_manager_nav2/environment/ament_prefix_path.dsv
-- Installing: /home/GTL/mgaddam/CS7630/ros2_ws/install/task_manager_nav2/share/task_manager_nav2/environment/path.sh
-- Installing: /home/GTL/mgaddam/CS7630/ros2_ws/install/task_manager_nav2/share/task_manager_nav2/environment/path.dsv
-- Installing: /home/GTL/mgaddam/CS7630/ros2_ws/install/task_manager_nav2/share/task_manager_nav2/local_setup.bash
-- Installing: /home/GTL/mgaddam/CS7630/ros2_ws/install/task_manager_nav2/share/task_manager_nav2/local_setup.sh
-- Installing: /home/GTL/mgaddam/CS7630/ros2_ws/install/task_manager_nav2/share/task_manager_nav2/local_setup.zsh
-- Installing: /home/GTL/mgaddam/CS7630/ros2_ws/install/task_manager_nav2/share/task_manager_nav2/local_setup.dsv
-- Installing: /home/GTL/mgaddam/CS7630/ros2_ws/install/task_manager_nav2/share/task_manager_nav2/package.dsv
-- Installing: /home/GTL/mgaddam/CS7630/ros2_ws/install/task_manager_nav2/share/ament_index/resource_index/packages/task_manager_nav2
-- Installing: /home/GTL/mgaddam/CS7630/ros2_ws/install/task_manager_nav2/share/task_manager_nav2/cmake/ament_cmake_export_dependencies-extras.cmake
-- Installing: /home/GTL/mgaddam/CS7630/ros2_ws/install/task_manager_nav2/share/task_manager_nav2/cmake/ament_cmake_export_include_directories-extras.cmake
-- Installing: /home/GTL/mgaddam/CS7630/ros2_ws/install/task_manager_nav2/share/task_manager_nav2/cmake/task_manager_nav2Config.cmake
-- Installing: /home/GTL/mgaddam/CS7630/ros2_ws/install/task_manager_nav2/share/task_manager_nav2/cmake/task_manager_nav2Config-version.cmake
-- Installing: /home/GTL/mgaddam/CS7630/ros2_ws/install/task_manager_nav2/share/task_manager_nav2/package.xml
