[0.897s] Invoking command in '/home/GTL/mgaddam/CS7630/ros2_ws/src/build/collision_avoidance_base': CMAKE_PREFIX_PATH=/opt/ros/humble /usr/bin/cmake --build /home/GTL/mgaddam/CS7630/ros2_ws/src/build/collision_avoidance_base -- -j16 -l16
[1.132s] [35m[1mConsolidate compiler generated dependencies of target collision_avoidance_base[0m
[1.132s] [100%] Built target collision_avoidance_base
[1.354s] Invoked command in '/home/GTL/mgaddam/CS7630/ros2_ws/src/build/collision_avoidance_base' returned '0': CMAKE_PREFIX_PATH=/opt/ros/humble /usr/bin/cmake --build /home/GTL/mgaddam/CS7630/ros2_ws/src/build/collision_avoidance_base -- -j16 -l16
[1.387s] Invoking command in '/home/GTL/mgaddam/CS7630/ros2_ws/src/build/collision_avoidance_base': CMAKE_PREFIX_PATH=/opt/ros/humble /usr/bin/cmake --install /home/GTL/mgaddam/CS7630/ros2_ws/src/build/collision_avoidance_base
[1.394s] -- Install configuration: ""
[1.395s] -- Up-to-date: /home/GTL/mgaddam/CS7630/ros2_ws/src/install/collision_avoidance_base/lib/collision_avoidance_base/collision_avoidance_base
[1.396s] -- Up-to-date: /home/GTL/mgaddam/CS7630/ros2_ws/src/install/collision_avoidance_base/share/collision_avoidance_base
[1.397s] -- Up-to-date: /home/GTL/mgaddam/CS7630/ros2_ws/src/install/collision_avoidance_base/share/collision_avoidance_base/ca_auto.launch.py
[1.398s] -- Up-to-date: /home/GTL/mgaddam/CS7630/ros2_ws/src/install/collision_avoidance_base/share/collision_avoidance_base/ca.launch.py
[1.398s] -- Up-to-date: /home/GTL/mgaddam/CS7630/ros2_ws/src/install/collision_avoidance_base/share/ament_index/resource_index/package_run_dependencies/collision_avoidance_base
[1.399s] -- Up-to-date: /home/GTL/mgaddam/CS7630/ros2_ws/src/install/collision_avoidance_base/share/ament_index/resource_index/parent_prefix_path/collision_avoidance_base
[1.404s] -- Up-to-date: /home/GTL/mgaddam/CS7630/ros2_ws/src/install/collision_avoidance_base/share/collision_avoidance_base/environment/ament_prefix_path.sh
[1.404s] -- Up-to-date: /home/GTL/mgaddam/CS7630/ros2_ws/src/install/collision_avoidance_base/share/collision_avoidance_base/environment/ament_prefix_path.dsv
[1.404s] -- Up-to-date: /home/GTL/mgaddam/CS7630/ros2_ws/src/install/collision_avoidance_base/share/collision_avoidance_base/environment/path.sh
[1.404s] -- Up-to-date: /home/GTL/mgaddam/CS7630/ros2_ws/src/install/collision_avoidance_base/share/collision_avoidance_base/environment/path.dsv
[1.404s] -- Up-to-date: /home/GTL/mgaddam/CS7630/ros2_ws/src/install/collision_avoidance_base/share/collision_avoidance_base/local_setup.bash
[1.404s] -- Up-to-date: /home/GTL/mgaddam/CS7630/ros2_ws/src/install/collision_avoidance_base/share/collision_avoidance_base/local_setup.sh
[1.404s] -- Up-to-date: /home/GTL/mgaddam/CS7630/ros2_ws/src/install/collision_avoidance_base/share/collision_avoidance_base/local_setup.zsh
[1.404s] -- Up-to-date: /home/GTL/mgaddam/CS7630/ros2_ws/src/install/collision_avoidance_base/share/collision_avoidance_base/local_setup.dsv
[1.404s] -- Installing: /home/GTL/mgaddam/CS7630/ros2_ws/src/install/collision_avoidance_base/share/collision_avoidance_base/package.dsv
[1.406s] -- Up-to-date: /home/GTL/mgaddam/CS7630/ros2_ws/src/install/collision_avoidance_base/share/ament_index/resource_index/packages/collision_avoidance_base
[1.406s] -- Up-to-date: /home/GTL/mgaddam/CS7630/ros2_ws/src/install/collision_avoidance_base/share/collision_avoidance_base/cmake/ament_cmake_export_include_directories-extras.cmake
[1.407s] -- Up-to-date: /home/GTL/mgaddam/CS7630/ros2_ws/src/install/collision_avoidance_base/share/collision_avoidance_base/cmake/collision_avoidance_baseConfig.cmake
[1.407s] -- Up-to-date: /home/GTL/mgaddam/CS7630/ros2_ws/src/install/collision_avoidance_base/share/collision_avoidance_base/cmake/collision_avoidance_baseConfig-version.cmake
[1.407s] -- Up-to-date: /home/GTL/mgaddam/CS7630/ros2_ws/src/install/collision_avoidance_base/share/collision_avoidance_base/package.xml
[1.410s] Invoked command in '/home/GTL/mgaddam/CS7630/ros2_ws/src/build/collision_avoidance_base' returned '0': CMAKE_PREFIX_PATH=/opt/ros/humble /usr/bin/cmake --install /home/GTL/mgaddam/CS7630/ros2_ws/src/build/collision_avoidance_base
