[0.438s] Invoking command in '/home/GTL/mgaddam/CS7630/ros2_ws/src/build/task_manager_msgs': CMAKE_PREFIX_PATH=/opt/ros/humble /usr/bin/cmake --build /home/GTL/mgaddam/CS7630/ros2_ws/src/build/task_manager_msgs -- -j16 -l16
[1.372s] [  0%] Built target task_manager_msgs__cpp
[1.373s] [  0%] Built target ament_cmake_python_copy_task_manager_msgs
[1.373s] [35m[1mConsolidate compiler generated dependencies of target task_manager_msgs__rosidl_typesupport_introspection_cpp[0m
[1.373s] [ 12%] Built target task_manager_msgs__rosidl_typesupport_introspection_cpp
[1.373s] running egg_info
[1.373s] writing task_manager_msgs.egg-info/PKG-INFO
[1.373s] writing dependency_links to task_manager_msgs.egg-info/dependency_links.txt
[1.373s] writing top-level names to task_manager_msgs.egg-info/top_level.txt
[1.373s] reading manifest file 'task_manager_msgs.egg-info/SOURCES.txt'
[1.373s] writing manifest file 'task_manager_msgs.egg-info/SOURCES.txt'
[1.373s] [ 12%] Built target ament_cmake_python_build_task_manager_msgs_egg
[1.373s] [35m[1mConsolidate compiler generated dependencies of target task_manager_msgs__rosidl_typesupport_fastrtps_cpp[0m
[1.373s] [ 24%] Built target task_manager_msgs__rosidl_typesupport_fastrtps_cpp
[1.373s] [35m[1mConsolidate compiler generated dependencies of target task_manager_msgs__rosidl_typesupport_cpp[0m
[1.373s] [ 35%] Built target task_manager_msgs__rosidl_typesupport_cpp
[1.373s] [35m[1mConsolidate compiler generated dependencies of target task_manager_msgs__rosidl_generator_c[0m
[1.373s] [ 47%] Built target task_manager_msgs__rosidl_generator_c
[1.373s] [35m[1mConsolidate compiler generated dependencies of target task_manager_msgs__rosidl_typesupport_fastrtps_c[0m
[1.373s] [ 59%] Built target task_manager_msgs__rosidl_typesupport_fastrtps_c
[1.373s] [35m[1mConsolidate compiler generated dependencies of target task_manager_msgs__rosidl_typesupport_c[0m
[1.373s] [ 71%] Built target task_manager_msgs__rosidl_typesupport_c
[1.373s] [35m[1mConsolidate compiler generated dependencies of target task_manager_msgs__rosidl_typesupport_introspection_c[0m
[1.373s] [ 82%] Built target task_manager_msgs__rosidl_typesupport_introspection_c
[1.373s] [ 82%] Built target task_manager_msgs
[1.385s] [ 83%] Built target task_manager_msgs__py
[1.398s] [35m[1mConsolidate compiler generated dependencies of target task_manager_msgs_encapsulate[0m
[1.440s] [ 85%] Built target task_manager_msgs_encapsulate
[1.465s] [35m[1mConsolidate compiler generated dependencies of target task_manager_msgs__rosidl_generator_py[0m
[1.509s] [ 95%] Built target task_manager_msgs__rosidl_generator_py
[1.523s] [35m[1mConsolidate compiler generated dependencies of target task_manager_msgs__rosidl_typesupport_fastrtps_c__pyext[0m
[1.540s] [ 96%] Built target task_manager_msgs__rosidl_typesupport_fastrtps_c__pyext
[1.554s] [35m[1mConsolidate compiler generated dependencies of target task_manager_msgs__rosidl_typesupport_c__pyext[0m
[1.573s] [ 98%] Built target task_manager_msgs__rosidl_typesupport_c__pyext
[1.587s] [35m[1mConsolidate compiler generated dependencies of target task_manager_msgs__rosidl_typesupport_introspection_c__pyext[0m
[1.604s] [100%] Built target task_manager_msgs__rosidl_typesupport_introspection_c__pyext
[1.640s] Invoked command in '/home/GTL/mgaddam/CS7630/ros2_ws/src/build/task_manager_msgs' returned '0': CMAKE_PREFIX_PATH=/opt/ros/humble /usr/bin/cmake --build /home/GTL/mgaddam/CS7630/ros2_ws/src/build/task_manager_msgs -- -j16 -l16
[1.808s] Invoking command in '/home/GTL/mgaddam/CS7630/ros2_ws/src/build/task_manager_msgs': CMAKE_PREFIX_PATH=/opt/ros/humble /usr/bin/cmake --install /home/GTL/mgaddam/CS7630/ros2_ws/src/build/task_manager_msgs
[1.881s] -- Install configuration: ""
[1.881s] -- Up-to-date: /home/GTL/mgaddam/CS7630/ros2_ws/src/install/task_manager_msgs/share/ament_index/resource_index/rosidl_interfaces/task_manager_msgs
[1.881s] -- Up-to-date: /home/GTL/mgaddam/CS7630/ros2_ws/src/install/task_manager_msgs/include/task_manager_msgs/task_manager_msgs
[1.881s] -- Up-to-date: /home/GTL/mgaddam/CS7630/ros2_ws/src/install/task_manager_msgs/include/task_manager_msgs/task_manager_msgs/msg
[1.881s] -- Up-to-date: /home/GTL/mgaddam/CS7630/ros2_ws/src/install/task_manager_msgs/include/task_manager_msgs/task_manager_msgs/msg/task_status.h
[1.881s] -- Up-to-date: /home/GTL/mgaddam/CS7630/ros2_ws/src/install/task_manager_msgs/include/task_manager_msgs/task_manager_msgs/msg/sync_status.h
[1.881s] -- Up-to-date: /home/GTL/mgaddam/CS7630/ros2_ws/src/install/task_manager_msgs/include/task_manager_msgs/task_manager_msgs/msg/detail
[1.881s] -- Up-to-date: /home/GTL/mgaddam/CS7630/ros2_ws/src/install/task_manager_msgs/include/task_manager_msgs/task_manager_msgs/msg/detail/task_parameter__functions.c
[1.882s] -- Up-to-date: /home/GTL/mgaddam/CS7630/ros2_ws/src/install/task_manager_msgs/include/task_manager_msgs/task_manager_msgs/msg/detail/task_description__struct.h
[1.882s] -- Up-to-date: /home/GTL/mgaddam/CS7630/ros2_ws/src/install/task_manager_msgs/include/task_manager_msgs/task_manager_msgs/msg/detail/task_description__type_support.h
[1.882s] -- Up-to-date: /home/GTL/mgaddam/CS7630/ros2_ws/src/install/task_manager_msgs/include/task_manager_msgs/task_manager_msgs/msg/detail/task_parameter__functions.h
[1.882s] -- Up-to-date: /home/GTL/mgaddam/CS7630/ros2_ws/src/install/task_manager_msgs/include/task_manager_msgs/task_manager_msgs/msg/detail/task_parameter__type_support.h
[1.882s] -- Up-to-date: /home/GTL/mgaddam/CS7630/ros2_ws/src/install/task_manager_msgs/include/task_manager_msgs/task_manager_msgs/msg/detail/sync_status__type_support.h
[1.882s] -- Up-to-date: /home/GTL/mgaddam/CS7630/ros2_ws/src/install/task_manager_msgs/include/task_manager_msgs/task_manager_msgs/msg/detail/task_config__struct.h
[1.882s] -- Up-to-date: /home/GTL/mgaddam/CS7630/ros2_ws/src/install/task_manager_msgs/include/task_manager_msgs/task_manager_msgs/msg/detail/encapsulated_message__functions.c
[1.882s] -- Up-to-date: /home/GTL/mgaddam/CS7630/ros2_ws/src/install/task_manager_msgs/include/task_manager_msgs/task_manager_msgs/msg/detail/task_description__functions.c
[1.882s] -- Up-to-date: /home/GTL/mgaddam/CS7630/ros2_ws/src/install/task_manager_msgs/include/task_manager_msgs/task_manager_msgs/msg/detail/task_config__type_support.h
[1.882s] -- Up-to-date: /home/GTL/mgaddam/CS7630/ros2_ws/src/install/task_manager_msgs/include/task_manager_msgs/task_manager_msgs/msg/detail/task_status__functions.c
[1.882s] -- Up-to-date: /home/GTL/mgaddam/CS7630/ros2_ws/src/install/task_manager_msgs/include/task_manager_msgs/task_manager_msgs/msg/detail/encapsulated_message__functions.h
[1.882s] -- Up-to-date: /home/GTL/mgaddam/CS7630/ros2_ws/src/install/task_manager_msgs/include/task_manager_msgs/task_manager_msgs/msg/detail/task_status__struct.h
[1.882s] -- Up-to-date: /home/GTL/mgaddam/CS7630/ros2_ws/src/install/task_manager_msgs/include/task_manager_msgs/task_manager_msgs/msg/detail/task_config__functions.h
[1.883s] -- Up-to-date: /home/GTL/mgaddam/CS7630/ros2_ws/src/install/task_manager_msgs/include/task_manager_msgs/task_manager_msgs/msg/detail/encapsulated_message__type_support.h
[1.883s] -- Up-to-date: /home/GTL/mgaddam/CS7630/ros2_ws/src/install/task_manager_msgs/include/task_manager_msgs/task_manager_msgs/msg/detail/sync_status__struct.h
[1.883s] -- Up-to-date: /home/GTL/mgaddam/CS7630/ros2_ws/src/install/task_manager_msgs/include/task_manager_msgs/task_manager_msgs/msg/detail/task_parameter__struct.h
[1.883s] -- Up-to-date: /home/GTL/mgaddam/CS7630/ros2_ws/src/install/task_manager_msgs/include/task_manager_msgs/task_manager_msgs/msg/detail/task_config__functions.c
[1.883s] -- Up-to-date: /home/GTL/mgaddam/CS7630/ros2_ws/src/install/task_manager_msgs/include/task_manager_msgs/task_manager_msgs/msg/detail/sync_status__functions.c
[1.883s] -- Up-to-date: /home/GTL/mgaddam/CS7630/ros2_ws/src/install/task_manager_msgs/include/task_manager_msgs/task_manager_msgs/msg/detail/task_status__type_support.h
[1.883s] -- Up-to-date: /home/GTL/mgaddam/CS7630/ros2_ws/src/install/task_manager_msgs/include/task_manager_msgs/task_manager_msgs/msg/detail/task_description__functions.h
[1.883s] -- Up-to-date: /home/GTL/mgaddam/CS7630/ros2_ws/src/install/task_manager_msgs/include/task_manager_msgs/task_manager_msgs/msg/detail/sync_status__functions.h
[1.883s] -- Up-to-date: /home/GTL/mgaddam/CS7630/ros2_ws/src/install/task_manager_msgs/include/task_manager_msgs/task_manager_msgs/msg/detail/encapsulated_message__struct.h
[1.883s] -- Up-to-date: /home/GTL/mgaddam/CS7630/ros2_ws/src/install/task_manager_msgs/include/task_manager_msgs/task_manager_msgs/msg/detail/task_status__functions.h
[1.883s] -- Up-to-date: /home/GTL/mgaddam/CS7630/ros2_ws/src/install/task_manager_msgs/include/task_manager_msgs/task_manager_msgs/msg/rosidl_generator_c__visibility_control.h
[1.883s] -- Up-to-date: /home/GTL/mgaddam/CS7630/ros2_ws/src/install/task_manager_msgs/include/task_manager_msgs/task_manager_msgs/msg/encapsulated_message.h
[1.883s] -- Up-to-date: /home/GTL/mgaddam/CS7630/ros2_ws/src/install/task_manager_msgs/include/task_manager_msgs/task_manager_msgs/msg/task_parameter.h
[1.884s] -- Up-to-date: /home/GTL/mgaddam/CS7630/ros2_ws/src/install/task_manager_msgs/include/task_manager_msgs/task_manager_msgs/msg/task_description.h
[1.884s] -- Up-to-date: /home/GTL/mgaddam/CS7630/ros2_ws/src/install/task_manager_msgs/include/task_manager_msgs/task_manager_msgs/msg/task_config.h
[1.884s] -- Up-to-date: /home/GTL/mgaddam/CS7630/ros2_ws/src/install/task_manager_msgs/include/task_manager_msgs/task_manager_msgs/srv
[1.884s] -- Up-to-date: /home/GTL/mgaddam/CS7630/ros2_ws/src/install/task_manager_msgs/include/task_manager_msgs/task_manager_msgs/srv/stop_task.h
[1.884s] -- Up-to-date: /home/GTL/mgaddam/CS7630/ros2_ws/src/install/task_manager_msgs/include/task_manager_msgs/task_manager_msgs/srv/detail
[1.884s] -- Up-to-date: /home/GTL/mgaddam/CS7630/ros2_ws/src/install/task_manager_msgs/include/task_manager_msgs/task_manager_msgs/srv/detail/stop_task__functions.c
[1.884s] -- Up-to-date: /home/GTL/mgaddam/CS7630/ros2_ws/src/install/task_manager_msgs/include/task_manager_msgs/task_manager_msgs/srv/detail/get_task_list__struct.h
[1.884s] -- Up-to-date: /home/GTL/mgaddam/CS7630/ros2_ws/src/install/task_manager_msgs/include/task_manager_msgs/task_manager_msgs/srv/detail/get_all_task_status__functions.h
[1.884s] -- Up-to-date: /home/GTL/mgaddam/CS7630/ros2_ws/src/install/task_manager_msgs/include/task_manager_msgs/task_manager_msgs/srv/detail/stop_task__struct.h
[1.885s] -- Up-to-date: /home/GTL/mgaddam/CS7630/ros2_ws/src/install/task_manager_msgs/include/task_manager_msgs/task_manager_msgs/srv/detail/start_task__functions.c
[1.885s] -- Up-to-date: /home/GTL/mgaddam/CS7630/ros2_ws/src/install/task_manager_msgs/include/task_manager_msgs/task_manager_msgs/srv/detail/get_all_task_status__type_support.h
[1.885s] -- Up-to-date: /home/GTL/mgaddam/CS7630/ros2_ws/src/install/task_manager_msgs/include/task_manager_msgs/task_manager_msgs/srv/detail/get_all_task_status__functions.c
[1.885s] -- Up-to-date: /home/GTL/mgaddam/CS7630/ros2_ws/src/install/task_manager_msgs/include/task_manager_msgs/task_manager_msgs/srv/detail/get_task_list__functions.c
[1.885s] -- Up-to-date: /home/GTL/mgaddam/CS7630/ros2_ws/src/install/task_manager_msgs/include/task_manager_msgs/task_manager_msgs/srv/detail/get_task_list__functions.h
[1.885s] -- Up-to-date: /home/GTL/mgaddam/CS7630/ros2_ws/src/install/task_manager_msgs/include/task_manager_msgs/task_manager_msgs/srv/detail/start_task__struct.h
[1.885s] -- Up-to-date: /home/GTL/mgaddam/CS7630/ros2_ws/src/install/task_manager_msgs/include/task_manager_msgs/task_manager_msgs/srv/detail/stop_task__functions.h
[1.885s] -- Up-to-date: /home/GTL/mgaddam/CS7630/ros2_ws/src/install/task_manager_msgs/include/task_manager_msgs/task_manager_msgs/srv/detail/get_task_list__type_support.h
[1.885s] -- Up-to-date: /home/GTL/mgaddam/CS7630/ros2_ws/src/install/task_manager_msgs/include/task_manager_msgs/task_manager_msgs/srv/detail/get_all_task_status__struct.h
[1.885s] -- Up-to-date: /home/GTL/mgaddam/CS7630/ros2_ws/src/install/task_manager_msgs/include/task_manager_msgs/task_manager_msgs/srv/detail/stop_task__type_support.h
[1.885s] -- Up-to-date: /home/GTL/mgaddam/CS7630/ros2_ws/src/install/task_manager_msgs/include/task_manager_msgs/task_manager_msgs/srv/detail/start_task__type_support.h
[1.885s] -- Up-to-date: /home/GTL/mgaddam/CS7630/ros2_ws/src/install/task_manager_msgs/include/task_manager_msgs/task_manager_msgs/srv/detail/start_task__functions.h
[1.885s] -- Up-to-date: /home/GTL/mgaddam/CS7630/ros2_ws/src/install/task_manager_msgs/include/task_manager_msgs/task_manager_msgs/srv/get_task_list.h
[1.885s] -- Up-to-date: /home/GTL/mgaddam/CS7630/ros2_ws/src/install/task_manager_msgs/include/task_manager_msgs/task_manager_msgs/srv/start_task.h
[1.886s] -- Up-to-date: /home/GTL/mgaddam/CS7630/ros2_ws/src/install/task_manager_msgs/include/task_manager_msgs/task_manager_msgs/srv/get_all_task_status.h
[1.886s] -- Up-to-date: /home/GTL/mgaddam/CS7630/ros2_ws/src/install/task_manager_msgs/share/task_manager_msgs/environment/library_path.sh
[1.886s] -- Up-to-date: /home/GTL/mgaddam/CS7630/ros2_ws/src/install/task_manager_msgs/share/task_manager_msgs/environment/library_path.dsv
[1.886s] -- Up-to-date: /home/GTL/mgaddam/CS7630/ros2_ws/src/install/task_manager_msgs/lib/libtask_manager_msgs__rosidl_generator_c.so
[1.886s] -- Up-to-date: /home/GTL/mgaddam/CS7630/ros2_ws/src/install/task_manager_msgs/include/task_manager_msgs/task_manager_msgs
[1.886s] -- Up-to-date: /home/GTL/mgaddam/CS7630/ros2_ws/src/install/task_manager_msgs/include/task_manager_msgs/task_manager_msgs/msg
[1.886s] -- Up-to-date: /home/GTL/mgaddam/CS7630/ros2_ws/src/install/task_manager_msgs/include/task_manager_msgs/task_manager_msgs/msg/detail
[1.886s] -- Up-to-date: /home/GTL/mgaddam/CS7630/ros2_ws/src/install/task_manager_msgs/include/task_manager_msgs/task_manager_msgs/msg/detail/task_config__rosidl_typesupport_fastrtps_c.h
[1.886s] -- Up-to-date: /home/GTL/mgaddam/CS7630/ros2_ws/src/install/task_manager_msgs/include/task_manager_msgs/task_manager_msgs/msg/detail/sync_status__rosidl_typesupport_fastrtps_c.h
[1.886s] -- Up-to-date: /home/GTL/mgaddam/CS7630/ros2_ws/src/install/task_manager_msgs/include/task_manager_msgs/task_manager_msgs/msg/detail/task_description__rosidl_typesupport_fastrtps_c.h
[1.886s] -- Up-to-date: /home/GTL/mgaddam/CS7630/ros2_ws/src/install/task_manager_msgs/include/task_manager_msgs/task_manager_msgs/msg/detail/task_status__rosidl_typesupport_fastrtps_c.h
[1.886s] -- Up-to-date: /home/GTL/mgaddam/CS7630/ros2_ws/src/install/task_manager_msgs/include/task_manager_msgs/task_manager_msgs/msg/detail/encapsulated_message__rosidl_typesupport_fastrtps_c.h
[1.886s] -- Up-to-date: /home/GTL/mgaddam/CS7630/ros2_ws/src/install/task_manager_msgs/include/task_manager_msgs/task_manager_msgs/msg/detail/task_parameter__rosidl_typesupport_fastrtps_c.h
[1.886s] -- Up-to-date: /home/GTL/mgaddam/CS7630/ros2_ws/src/install/task_manager_msgs/include/task_manager_msgs/task_manager_msgs/msg/rosidl_typesupport_fastrtps_c__visibility_control.h
[1.887s] -- Up-to-date: /home/GTL/mgaddam/CS7630/ros2_ws/src/install/task_manager_msgs/include/task_manager_msgs/task_manager_msgs/srv
[1.887s] -- Up-to-date: /home/GTL/mgaddam/CS7630/ros2_ws/src/install/task_manager_msgs/include/task_manager_msgs/task_manager_msgs/srv/detail
[1.887s] -- Up-to-date: /home/GTL/mgaddam/CS7630/ros2_ws/src/install/task_manager_msgs/include/task_manager_msgs/task_manager_msgs/srv/detail/get_all_task_status__rosidl_typesupport_fastrtps_c.h
[1.887s] -- Up-to-date: /home/GTL/mgaddam/CS7630/ros2_ws/src/install/task_manager_msgs/include/task_manager_msgs/task_manager_msgs/srv/detail/start_task__rosidl_typesupport_fastrtps_c.h
[1.887s] -- Up-to-date: /home/GTL/mgaddam/CS7630/ros2_ws/src/install/task_manager_msgs/include/task_manager_msgs/task_manager_msgs/srv/detail/get_task_list__rosidl_typesupport_fastrtps_c.h
[1.887s] -- Up-to-date: /home/GTL/mgaddam/CS7630/ros2_ws/src/install/task_manager_msgs/include/task_manager_msgs/task_manager_msgs/srv/detail/stop_task__rosidl_typesupport_fastrtps_c.h
[1.887s] -- Up-to-date: /home/GTL/mgaddam/CS7630/ros2_ws/src/install/task_manager_msgs/lib/libtask_manager_msgs__rosidl_typesupport_fastrtps_c.so
[1.887s] -- Up-to-date: /home/GTL/mgaddam/CS7630/ros2_ws/src/install/task_manager_msgs/include/task_manager_msgs/task_manager_msgs
[1.887s] -- Up-to-date: /home/GTL/mgaddam/CS7630/ros2_ws/src/install/task_manager_msgs/include/task_manager_msgs/task_manager_msgs/msg
[1.887s] -- Up-to-date: /home/GTL/mgaddam/CS7630/ros2_ws/src/install/task_manager_msgs/include/task_manager_msgs/task_manager_msgs/msg/sync_status.hpp
[1.887s] -- Up-to-date: /home/GTL/mgaddam/CS7630/ros2_ws/src/install/task_manager_msgs/include/task_manager_msgs/task_manager_msgs/msg/encapsulated_message.hpp
[1.887s] -- Up-to-date: /home/GTL/mgaddam/CS7630/ros2_ws/src/install/task_manager_msgs/include/task_manager_msgs/task_manager_msgs/msg/detail
[1.887s] -- Up-to-date: /home/GTL/mgaddam/CS7630/ros2_ws/src/install/task_manager_msgs/include/task_manager_msgs/task_manager_msgs/msg/detail/encapsulated_message__struct.hpp
[1.888s] -- Up-to-date: /home/GTL/mgaddam/CS7630/ros2_ws/src/install/task_manager_msgs/include/task_manager_msgs/task_manager_msgs/msg/detail/task_config__traits.hpp
[1.888s] -- Up-to-date: /home/GTL/mgaddam/CS7630/ros2_ws/src/install/task_manager_msgs/include/task_manager_msgs/task_manager_msgs/msg/detail/sync_status__builder.hpp
[1.888s] -- Up-to-date: /home/GTL/mgaddam/CS7630/ros2_ws/src/install/task_manager_msgs/include/task_manager_msgs/task_manager_msgs/msg/detail/sync_status__traits.hpp
[1.888s] -- Up-to-date: /home/GTL/mgaddam/CS7630/ros2_ws/src/install/task_manager_msgs/include/task_manager_msgs/task_manager_msgs/msg/detail/task_config__builder.hpp
[1.888s] -- Up-to-date: /home/GTL/mgaddam/CS7630/ros2_ws/src/install/task_manager_msgs/include/task_manager_msgs/task_manager_msgs/msg/detail/task_status__builder.hpp
[1.888s] -- Up-to-date: /home/GTL/mgaddam/CS7630/ros2_ws/src/install/task_manager_msgs/include/task_manager_msgs/task_manager_msgs/msg/detail/task_description__struct.hpp
[1.888s] -- Up-to-date: /home/GTL/mgaddam/CS7630/ros2_ws/src/install/task_manager_msgs/include/task_manager_msgs/task_manager_msgs/msg/detail/encapsulated_message__traits.hpp
[1.888s] -- Up-to-date: /home/GTL/mgaddam/CS7630/ros2_ws/src/install/task_manager_msgs/include/task_manager_msgs/task_manager_msgs/msg/detail/encapsulated_message__builder.hpp
[1.888s] -- Up-to-date: /home/GTL/mgaddam/CS7630/ros2_ws/src/install/task_manager_msgs/include/task_manager_msgs/task_manager_msgs/msg/detail/task_config__struct.hpp
[1.888s] -- Up-to-date: /home/GTL/mgaddam/CS7630/ros2_ws/src/install/task_manager_msgs/include/task_manager_msgs/task_manager_msgs/msg/detail/sync_status__struct.hpp
[1.888s] -- Up-to-date: /home/GTL/mgaddam/CS7630/ros2_ws/src/install/task_manager_msgs/include/task_manager_msgs/task_manager_msgs/msg/detail/task_status__struct.hpp
[1.888s] -- Up-to-date: /home/GTL/mgaddam/CS7630/ros2_ws/src/install/task_manager_msgs/include/task_manager_msgs/task_manager_msgs/msg/detail/task_status__traits.hpp
[1.888s] -- Up-to-date: /home/GTL/mgaddam/CS7630/ros2_ws/src/install/task_manager_msgs/include/task_manager_msgs/task_manager_msgs/msg/detail/task_description__traits.hpp
[1.888s] -- Up-to-date: /home/GTL/mgaddam/CS7630/ros2_ws/src/install/task_manager_msgs/include/task_manager_msgs/task_manager_msgs/msg/detail/task_description__builder.hpp
[1.889s] -- Up-to-date: /home/GTL/mgaddam/CS7630/ros2_ws/src/install/task_manager_msgs/include/task_manager_msgs/task_manager_msgs/msg/detail/task_parameter__traits.hpp
[1.889s] -- Up-to-date: /home/GTL/mgaddam/CS7630/ros2_ws/src/install/task_manager_msgs/include/task_manager_msgs/task_manager_msgs/msg/detail/task_parameter__builder.hpp
[1.889s] -- Up-to-date: /home/GTL/mgaddam/CS7630/ros2_ws/src/install/task_manager_msgs/include/task_manager_msgs/task_manager_msgs/msg/detail/task_parameter__struct.hpp
[1.889s] -- Up-to-date: /home/GTL/mgaddam/CS7630/ros2_ws/src/install/task_manager_msgs/include/task_manager_msgs/task_manager_msgs/msg/task_config.hpp
[1.889s] -- Up-to-date: /home/GTL/mgaddam/CS7630/ros2_ws/src/install/task_manager_msgs/include/task_manager_msgs/task_manager_msgs/msg/task_parameter.hpp
[1.889s] -- Up-to-date: /home/GTL/mgaddam/CS7630/ros2_ws/src/install/task_manager_msgs/include/task_manager_msgs/task_manager_msgs/msg/task_status.hpp
[1.889s] -- Up-to-date: /home/GTL/mgaddam/CS7630/ros2_ws/src/install/task_manager_msgs/include/task_manager_msgs/task_manager_msgs/msg/task_description.hpp
[1.889s] -- Up-to-date: /home/GTL/mgaddam/CS7630/ros2_ws/src/install/task_manager_msgs/include/task_manager_msgs/task_manager_msgs/srv
[1.889s] -- Up-to-date: /home/GTL/mgaddam/CS7630/ros2_ws/src/install/task_manager_msgs/include/task_manager_msgs/task_manager_msgs/srv/get_task_list.hpp
[1.889s] -- Up-to-date: /home/GTL/mgaddam/CS7630/ros2_ws/src/install/task_manager_msgs/include/task_manager_msgs/task_manager_msgs/srv/stop_task.hpp
[1.889s] -- Up-to-date: /home/GTL/mgaddam/CS7630/ros2_ws/src/install/task_manager_msgs/include/task_manager_msgs/task_manager_msgs/srv/detail
[1.889s] -- Up-to-date: /home/GTL/mgaddam/CS7630/ros2_ws/src/install/task_manager_msgs/include/task_manager_msgs/task_manager_msgs/srv/detail/stop_task__traits.hpp
[1.889s] -- Up-to-date: /home/GTL/mgaddam/CS7630/ros2_ws/src/install/task_manager_msgs/include/task_manager_msgs/task_manager_msgs/srv/detail/get_all_task_status__struct.hpp
[1.890s] -- Up-to-date: /home/GTL/mgaddam/CS7630/ros2_ws/src/install/task_manager_msgs/include/task_manager_msgs/task_manager_msgs/srv/detail/start_task__builder.hpp
[1.890s] -- Up-to-date: /home/GTL/mgaddam/CS7630/ros2_ws/src/install/task_manager_msgs/include/task_manager_msgs/task_manager_msgs/srv/detail/get_task_list__struct.hpp
[1.890s] -- Up-to-date: /home/GTL/mgaddam/CS7630/ros2_ws/src/install/task_manager_msgs/include/task_manager_msgs/task_manager_msgs/srv/detail/get_all_task_status__builder.hpp
[1.890s] -- Up-to-date: /home/GTL/mgaddam/CS7630/ros2_ws/src/install/task_manager_msgs/include/task_manager_msgs/task_manager_msgs/srv/detail/stop_task__struct.hpp
[1.890s] -- Up-to-date: /home/GTL/mgaddam/CS7630/ros2_ws/src/install/task_manager_msgs/include/task_manager_msgs/task_manager_msgs/srv/detail/start_task__traits.hpp
[1.890s] -- Up-to-date: /home/GTL/mgaddam/CS7630/ros2_ws/src/install/task_manager_msgs/include/task_manager_msgs/task_manager_msgs/srv/detail/stop_task__builder.hpp
[1.890s] -- Up-to-date: /home/GTL/mgaddam/CS7630/ros2_ws/src/install/task_manager_msgs/include/task_manager_msgs/task_manager_msgs/srv/detail/start_task__struct.hpp
[1.890s] -- Up-to-date: /home/GTL/mgaddam/CS7630/ros2_ws/src/install/task_manager_msgs/include/task_manager_msgs/task_manager_msgs/srv/detail/get_task_list__traits.hpp
[1.890s] -- Up-to-date: /home/GTL/mgaddam/CS7630/ros2_ws/src/install/task_manager_msgs/include/task_manager_msgs/task_manager_msgs/srv/detail/get_all_task_status__traits.hpp
[1.890s] -- Up-to-date: /home/GTL/mgaddam/CS7630/ros2_ws/src/install/task_manager_msgs/include/task_manager_msgs/task_manager_msgs/srv/detail/get_task_list__builder.hpp
[1.890s] -- Up-to-date: /home/GTL/mgaddam/CS7630/ros2_ws/src/install/task_manager_msgs/include/task_manager_msgs/task_manager_msgs/srv/start_task.hpp
[1.890s] -- Up-to-date: /home/GTL/mgaddam/CS7630/ros2_ws/src/install/task_manager_msgs/include/task_manager_msgs/task_manager_msgs/srv/get_all_task_status.hpp
[1.890s] -- Up-to-date: /home/GTL/mgaddam/CS7630/ros2_ws/src/install/task_manager_msgs/include/task_manager_msgs/task_manager_msgs
[1.891s] -- Up-to-date: /home/GTL/mgaddam/CS7630/ros2_ws/src/install/task_manager_msgs/include/task_manager_msgs/task_manager_msgs/msg
[1.891s] -- Up-to-date: /home/GTL/mgaddam/CS7630/ros2_ws/src/install/task_manager_msgs/include/task_manager_msgs/task_manager_msgs/msg/detail
[1.891s] -- Up-to-date: /home/GTL/mgaddam/CS7630/ros2_ws/src/install/task_manager_msgs/include/task_manager_msgs/task_manager_msgs/msg/detail/task_config__rosidl_typesupport_fastrtps_cpp.hpp
[1.891s] -- Up-to-date: /home/GTL/mgaddam/CS7630/ros2_ws/src/install/task_manager_msgs/include/task_manager_msgs/task_manager_msgs/msg/detail/dds_fastrtps
[1.891s] -- Up-to-date: /home/GTL/mgaddam/CS7630/ros2_ws/src/install/task_manager_msgs/include/task_manager_msgs/task_manager_msgs/msg/detail/encapsulated_message__rosidl_typesupport_fastrtps_cpp.hpp
[1.891s] -- Up-to-date: /home/GTL/mgaddam/CS7630/ros2_ws/src/install/task_manager_msgs/include/task_manager_msgs/task_manager_msgs/msg/detail/task_description__rosidl_typesupport_fastrtps_cpp.hpp
[1.891s] -- Up-to-date: /home/GTL/mgaddam/CS7630/ros2_ws/src/install/task_manager_msgs/include/task_manager_msgs/task_manager_msgs/msg/detail/task_status__rosidl_typesupport_fastrtps_cpp.hpp
[1.891s] -- Up-to-date: /home/GTL/mgaddam/CS7630/ros2_ws/src/install/task_manager_msgs/include/task_manager_msgs/task_manager_msgs/msg/detail/sync_status__rosidl_typesupport_fastrtps_cpp.hpp
[1.891s] -- Up-to-date: /home/GTL/mgaddam/CS7630/ros2_ws/src/install/task_manager_msgs/include/task_manager_msgs/task_manager_msgs/msg/detail/task_parameter__rosidl_typesupport_fastrtps_cpp.hpp
[1.891s] -- Up-to-date: /home/GTL/mgaddam/CS7630/ros2_ws/src/install/task_manager_msgs/include/task_manager_msgs/task_manager_msgs/msg/rosidl_typesupport_fastrtps_cpp__visibility_control.h
[1.891s] -- Up-to-date: /home/GTL/mgaddam/CS7630/ros2_ws/src/install/task_manager_msgs/include/task_manager_msgs/task_manager_msgs/srv
[1.891s] -- Up-to-date: /home/GTL/mgaddam/CS7630/ros2_ws/src/install/task_manager_msgs/include/task_manager_msgs/task_manager_msgs/srv/detail
[1.891s] -- Up-to-date: /home/GTL/mgaddam/CS7630/ros2_ws/src/install/task_manager_msgs/include/task_manager_msgs/task_manager_msgs/srv/detail/get_task_list__rosidl_typesupport_fastrtps_cpp.hpp
[1.892s] -- Up-to-date: /home/GTL/mgaddam/CS7630/ros2_ws/src/install/task_manager_msgs/include/task_manager_msgs/task_manager_msgs/srv/detail/start_task__rosidl_typesupport_fastrtps_cpp.hpp
[1.892s] -- Up-to-date: /home/GTL/mgaddam/CS7630/ros2_ws/src/install/task_manager_msgs/include/task_manager_msgs/task_manager_msgs/srv/detail/get_all_task_status__rosidl_typesupport_fastrtps_cpp.hpp
[1.892s] -- Up-to-date: /home/GTL/mgaddam/CS7630/ros2_ws/src/install/task_manager_msgs/include/task_manager_msgs/task_manager_msgs/srv/detail/dds_fastrtps
[1.892s] -- Up-to-date: /home/GTL/mgaddam/CS7630/ros2_ws/src/install/task_manager_msgs/include/task_manager_msgs/task_manager_msgs/srv/detail/stop_task__rosidl_typesupport_fastrtps_cpp.hpp
[1.892s] -- Up-to-date: /home/GTL/mgaddam/CS7630/ros2_ws/src/install/task_manager_msgs/lib/libtask_manager_msgs__rosidl_typesupport_fastrtps_cpp.so
[1.894s] -- Up-to-date: /home/GTL/mgaddam/CS7630/ros2_ws/src/install/task_manager_msgs/include/task_manager_msgs/task_manager_msgs
[1.895s] -- Up-to-date: /home/GTL/mgaddam/CS7630/ros2_ws/src/install/task_manager_msgs/include/task_manager_msgs/task_manager_msgs/msg
[1.895s] -- Up-to-date: /home/GTL/mgaddam/CS7630/ros2_ws/src/install/task_manager_msgs/include/task_manager_msgs/task_manager_msgs/msg/detail
[1.896s] -- Up-to-date: /home/GTL/mgaddam/CS7630/ros2_ws/src/install/task_manager_msgs/include/task_manager_msgs/task_manager_msgs/msg/detail/task_parameter__type_support.c
[1.897s] -- Up-to-date: /home/GTL/mgaddam/CS7630/ros2_ws/src/install/task_manager_msgs/include/task_manager_msgs/task_manager_msgs/msg/detail/task_parameter__rosidl_typesupport_introspection_c.h
[1.897s] -- Up-to-date: /home/GTL/mgaddam/CS7630/ros2_ws/src/install/task_manager_msgs/include/task_manager_msgs/task_manager_msgs/msg/detail/encapsulated_message__rosidl_typesupport_introspection_c.h
[1.897s] -- Up-to-date: /home/GTL/mgaddam/CS7630/ros2_ws/src/install/task_manager_msgs/include/task_manager_msgs/task_manager_msgs/msg/detail/sync_status__type_support.c
[1.898s] -- Up-to-date: /home/GTL/mgaddam/CS7630/ros2_ws/src/install/task_manager_msgs/include/task_manager_msgs/task_manager_msgs/msg/detail/task_description__type_support.c
[1.898s] -- Up-to-date: /home/GTL/mgaddam/CS7630/ros2_ws/src/install/task_manager_msgs/include/task_manager_msgs/task_manager_msgs/msg/detail/sync_status__rosidl_typesupport_introspection_c.h
[1.898s] -- Up-to-date: /home/GTL/mgaddam/CS7630/ros2_ws/src/install/task_manager_msgs/include/task_manager_msgs/task_manager_msgs/msg/detail/task_config__type_support.c
[1.899s] -- Up-to-date: /home/GTL/mgaddam/CS7630/ros2_ws/src/install/task_manager_msgs/include/task_manager_msgs/task_manager_msgs/msg/detail/task_description__rosidl_typesupport_introspection_c.h
[1.899s] -- Up-to-date: /home/GTL/mgaddam/CS7630/ros2_ws/src/install/task_manager_msgs/include/task_manager_msgs/task_manager_msgs/msg/detail/task_status__rosidl_typesupport_introspection_c.h
[1.899s] -- Up-to-date: /home/GTL/mgaddam/CS7630/ros2_ws/src/install/task_manager_msgs/include/task_manager_msgs/task_manager_msgs/msg/detail/task_config__rosidl_typesupport_introspection_c.h
[1.900s] -- Up-to-date: /home/GTL/mgaddam/CS7630/ros2_ws/src/install/task_manager_msgs/include/task_manager_msgs/task_manager_msgs/msg/detail/task_status__type_support.c
[1.900s] -- Up-to-date: /home/GTL/mgaddam/CS7630/ros2_ws/src/install/task_manager_msgs/include/task_manager_msgs/task_manager_msgs/msg/detail/encapsulated_message__type_support.c
[1.900s] -- Up-to-date: /home/GTL/mgaddam/CS7630/ros2_ws/src/install/task_manager_msgs/include/task_manager_msgs/task_manager_msgs/msg/rosidl_typesupport_introspection_c__visibility_control.h
[1.900s] -- Up-to-date: /home/GTL/mgaddam/CS7630/ros2_ws/src/install/task_manager_msgs/include/task_manager_msgs/task_manager_msgs/srv
[1.901s] -- Up-to-date: /home/GTL/mgaddam/CS7630/ros2_ws/src/install/task_manager_msgs/include/task_manager_msgs/task_manager_msgs/srv/detail
[1.902s] -- Up-to-date: /home/GTL/mgaddam/CS7630/ros2_ws/src/install/task_manager_msgs/include/task_manager_msgs/task_manager_msgs/srv/detail/start_task__type_support.c
[1.902s] -- Up-to-date: /home/GTL/mgaddam/CS7630/ros2_ws/src/install/task_manager_msgs/include/task_manager_msgs/task_manager_msgs/srv/detail/get_all_task_status__rosidl_typesupport_introspection_c.h
[1.903s] -- Up-to-date: /home/GTL/mgaddam/CS7630/ros2_ws/src/install/task_manager_msgs/include/task_manager_msgs/task_manager_msgs/srv/detail/get_all_task_status__type_support.c
[1.903s] -- Up-to-date: /home/GTL/mgaddam/CS7630/ros2_ws/src/install/task_manager_msgs/include/task_manager_msgs/task_manager_msgs/srv/detail/start_task__rosidl_typesupport_introspection_c.h
[1.903s] -- Up-to-date: /home/GTL/mgaddam/CS7630/ros2_ws/src/install/task_manager_msgs/include/task_manager_msgs/task_manager_msgs/srv/detail/stop_task__type_support.c
[1.904s] -- Up-to-date: /home/GTL/mgaddam/CS7630/ros2_ws/src/install/task_manager_msgs/include/task_manager_msgs/task_manager_msgs/srv/detail/get_task_list__rosidl_typesupport_introspection_c.h
[1.905s] -- Up-to-date: /home/GTL/mgaddam/CS7630/ros2_ws/src/install/task_manager_msgs/include/task_manager_msgs/task_manager_msgs/srv/detail/stop_task__rosidl_typesupport_introspection_c.h
[1.905s] -- Up-to-date: /home/GTL/mgaddam/CS7630/ros2_ws/src/install/task_manager_msgs/include/task_manager_msgs/task_manager_msgs/srv/detail/get_task_list__type_support.c
[1.907s] -- Up-to-date: /home/GTL/mgaddam/CS7630/ros2_ws/src/install/task_manager_msgs/lib/libtask_manager_msgs__rosidl_typesupport_introspection_c.so
[1.910s] -- Up-to-date: /home/GTL/mgaddam/CS7630/ros2_ws/src/install/task_manager_msgs/lib/libtask_manager_msgs__rosidl_typesupport_c.so
[1.911s] -- Up-to-date: /home/GTL/mgaddam/CS7630/ros2_ws/src/install/task_manager_msgs/include/task_manager_msgs/task_manager_msgs
[1.912s] -- Up-to-date: /home/GTL/mgaddam/CS7630/ros2_ws/src/install/task_manager_msgs/include/task_manager_msgs/task_manager_msgs/msg
[1.913s] -- Up-to-date: /home/GTL/mgaddam/CS7630/ros2_ws/src/install/task_manager_msgs/include/task_manager_msgs/task_manager_msgs/msg/detail
[1.913s] -- Up-to-date: /home/GTL/mgaddam/CS7630/ros2_ws/src/install/task_manager_msgs/include/task_manager_msgs/task_manager_msgs/msg/detail/task_parameter__rosidl_typesupport_introspection_cpp.hpp
[1.913s] -- Up-to-date: /home/GTL/mgaddam/CS7630/ros2_ws/src/install/task_manager_msgs/include/task_manager_msgs/task_manager_msgs/msg/detail/encapsulated_message__rosidl_typesupport_introspection_cpp.hpp
[1.914s] -- Up-to-date: /home/GTL/mgaddam/CS7630/ros2_ws/src/install/task_manager_msgs/include/task_manager_msgs/task_manager_msgs/msg/detail/task_status__rosidl_typesupport_introspection_cpp.hpp
[1.914s] -- Up-to-date: /home/GTL/mgaddam/CS7630/ros2_ws/src/install/task_manager_msgs/include/task_manager_msgs/task_manager_msgs/msg/detail/encapsulated_message__type_support.cpp
[1.914s] -- Up-to-date: /home/GTL/mgaddam/CS7630/ros2_ws/src/install/task_manager_msgs/include/task_manager_msgs/task_manager_msgs/msg/detail/sync_status__type_support.cpp
[1.915s] -- Up-to-date: /home/GTL/mgaddam/CS7630/ros2_ws/src/install/task_manager_msgs/include/task_manager_msgs/task_manager_msgs/msg/detail/sync_status__rosidl_typesupport_introspection_cpp.hpp
[1.915s] -- Up-to-date: /home/GTL/mgaddam/CS7630/ros2_ws/src/install/task_manager_msgs/include/task_manager_msgs/task_manager_msgs/msg/detail/task_description__rosidl_typesupport_introspection_cpp.hpp
[1.915s] -- Up-to-date: /home/GTL/mgaddam/CS7630/ros2_ws/src/install/task_manager_msgs/include/task_manager_msgs/task_manager_msgs/msg/detail/task_config__type_support.cpp
[1.915s] -- Up-to-date: /home/GTL/mgaddam/CS7630/ros2_ws/src/install/task_manager_msgs/include/task_manager_msgs/task_manager_msgs/msg/detail/task_description__type_support.cpp
[1.916s] -- Up-to-date: /home/GTL/mgaddam/CS7630/ros2_ws/src/install/task_manager_msgs/include/task_manager_msgs/task_manager_msgs/msg/detail/task_config__rosidl_typesupport_introspection_cpp.hpp
[1.916s] -- Up-to-date: /home/GTL/mgaddam/CS7630/ros2_ws/src/install/task_manager_msgs/include/task_manager_msgs/task_manager_msgs/msg/detail/task_status__type_support.cpp
[1.916s] -- Up-to-date: /home/GTL/mgaddam/CS7630/ros2_ws/src/install/task_manager_msgs/include/task_manager_msgs/task_manager_msgs/msg/detail/task_parameter__type_support.cpp
[1.917s] -- Up-to-date: /home/GTL/mgaddam/CS7630/ros2_ws/src/install/task_manager_msgs/include/task_manager_msgs/task_manager_msgs/srv
[1.918s] -- Up-to-date: /home/GTL/mgaddam/CS7630/ros2_ws/src/install/task_manager_msgs/include/task_manager_msgs/task_manager_msgs/srv/detail
[1.919s] -- Up-to-date: /home/GTL/mgaddam/CS7630/ros2_ws/src/install/task_manager_msgs/include/task_manager_msgs/task_manager_msgs/srv/detail/get_all_task_status__rosidl_typesupport_introspection_cpp.hpp
[1.919s] -- Up-to-date: /home/GTL/mgaddam/CS7630/ros2_ws/src/install/task_manager_msgs/include/task_manager_msgs/task_manager_msgs/srv/detail/start_task__rosidl_typesupport_introspection_cpp.hpp
[1.919s] -- Up-to-date: /home/GTL/mgaddam/CS7630/ros2_ws/src/install/task_manager_msgs/include/task_manager_msgs/task_manager_msgs/srv/detail/start_task__type_support.cpp
[1.920s] -- Up-to-date: /home/GTL/mgaddam/CS7630/ros2_ws/src/install/task_manager_msgs/include/task_manager_msgs/task_manager_msgs/srv/detail/get_all_task_status__type_support.cpp
[1.921s] -- Up-to-date: /home/GTL/mgaddam/CS7630/ros2_ws/src/install/task_manager_msgs/include/task_manager_msgs/task_manager_msgs/srv/detail/stop_task__rosidl_typesupport_introspection_cpp.hpp
[1.921s] -- Up-to-date: /home/GTL/mgaddam/CS7630/ros2_ws/src/install/task_manager_msgs/include/task_manager_msgs/task_manager_msgs/srv/detail/stop_task__type_support.cpp
[1.921s] -- Up-to-date: /home/GTL/mgaddam/CS7630/ros2_ws/src/install/task_manager_msgs/include/task_manager_msgs/task_manager_msgs/srv/detail/get_task_list__type_support.cpp
[1.921s] -- Up-to-date: /home/GTL/mgaddam/CS7630/ros2_ws/src/install/task_manager_msgs/include/task_manager_msgs/task_manager_msgs/srv/detail/get_task_list__rosidl_typesupport_introspection_cpp.hpp
[1.924s] -- Up-to-date: /home/GTL/mgaddam/CS7630/ros2_ws/src/install/task_manager_msgs/lib/libtask_manager_msgs__rosidl_typesupport_introspection_cpp.so
[1.928s] -- Up-to-date: /home/GTL/mgaddam/CS7630/ros2_ws/src/install/task_manager_msgs/lib/libtask_manager_msgs__rosidl_typesupport_cpp.so
[1.929s] -- Up-to-date: /home/GTL/mgaddam/CS7630/ros2_ws/src/install/task_manager_msgs/share/task_manager_msgs/environment/pythonpath.sh
[1.929s] -- Up-to-date: /home/GTL/mgaddam/CS7630/ros2_ws/src/install/task_manager_msgs/share/task_manager_msgs/environment/pythonpath.dsv
[1.930s] -- Up-to-date: /home/GTL/mgaddam/CS7630/ros2_ws/src/install/task_manager_msgs/local/lib/python3.10/dist-packages/task_manager_msgs-0.0.0-py3.10.egg-info
[1.931s] -- Installing: /home/GTL/mgaddam/CS7630/ros2_ws/src/install/task_manager_msgs/local/lib/python3.10/dist-packages/task_manager_msgs-0.0.0-py3.10.egg-info/dependency_links.txt
[1.935s] -- Installing: /home/GTL/mgaddam/CS7630/ros2_ws/src/install/task_manager_msgs/local/lib/python3.10/dist-packages/task_manager_msgs-0.0.0-py3.10.egg-info/top_level.txt
[1.940s] -- Installing: /home/GTL/mgaddam/CS7630/ros2_ws/src/install/task_manager_msgs/local/lib/python3.10/dist-packages/task_manager_msgs-0.0.0-py3.10.egg-info/PKG-INFO
[1.945s] -- Installing: /home/GTL/mgaddam/CS7630/ros2_ws/src/install/task_manager_msgs/local/lib/python3.10/dist-packages/task_manager_msgs-0.0.0-py3.10.egg-info/SOURCES.txt
[1.950s] -- Up-to-date: /home/GTL/mgaddam/CS7630/ros2_ws/src/install/task_manager_msgs/local/lib/python3.10/dist-packages/task_manager_msgs
[1.951s] -- Up-to-date: /home/GTL/mgaddam/CS7630/ros2_ws/src/install/task_manager_msgs/local/lib/python3.10/dist-packages/task_manager_msgs/msg
[1.951s] -- Up-to-date: /home/GTL/mgaddam/CS7630/ros2_ws/src/install/task_manager_msgs/local/lib/python3.10/dist-packages/task_manager_msgs/msg/_encapsulated_message_s.c
[1.952s] -- Up-to-date: /home/GTL/mgaddam/CS7630/ros2_ws/src/install/task_manager_msgs/local/lib/python3.10/dist-packages/task_manager_msgs/msg/_task_description_s.c
[1.952s] -- Up-to-date: /home/GTL/mgaddam/CS7630/ros2_ws/src/install/task_manager_msgs/local/lib/python3.10/dist-packages/task_manager_msgs/msg/_task_parameter.py
[1.952s] -- Up-to-date: /home/GTL/mgaddam/CS7630/ros2_ws/src/install/task_manager_msgs/local/lib/python3.10/dist-packages/task_manager_msgs/msg/_sync_status_s.c
[1.953s] -- Up-to-date: /home/GTL/mgaddam/CS7630/ros2_ws/src/install/task_manager_msgs/local/lib/python3.10/dist-packages/task_manager_msgs/msg/_task_config.py
[1.953s] -- Up-to-date: /home/GTL/mgaddam/CS7630/ros2_ws/src/install/task_manager_msgs/local/lib/python3.10/dist-packages/task_manager_msgs/msg/_task_parameter_s.c
[1.953s] -- Up-to-date: /home/GTL/mgaddam/CS7630/ros2_ws/src/install/task_manager_msgs/local/lib/python3.10/dist-packages/task_manager_msgs/msg/_task_status.py
[1.953s] -- Up-to-date: /home/GTL/mgaddam/CS7630/ros2_ws/src/install/task_manager_msgs/local/lib/python3.10/dist-packages/task_manager_msgs/msg/_task_description.py
[1.954s] -- Up-to-date: /home/GTL/mgaddam/CS7630/ros2_ws/src/install/task_manager_msgs/local/lib/python3.10/dist-packages/task_manager_msgs/msg/__init__.py
[1.954s] -- Up-to-date: /home/GTL/mgaddam/CS7630/ros2_ws/src/install/task_manager_msgs/local/lib/python3.10/dist-packages/task_manager_msgs/msg/_sync_status.py
[1.954s] -- Up-to-date: /home/GTL/mgaddam/CS7630/ros2_ws/src/install/task_manager_msgs/local/lib/python3.10/dist-packages/task_manager_msgs/msg/_encapsulated_message.py
[1.955s] -- Up-to-date: /home/GTL/mgaddam/CS7630/ros2_ws/src/install/task_manager_msgs/local/lib/python3.10/dist-packages/task_manager_msgs/msg/_task_config_s.c
[1.955s] -- Up-to-date: /home/GTL/mgaddam/CS7630/ros2_ws/src/install/task_manager_msgs/local/lib/python3.10/dist-packages/task_manager_msgs/msg/_task_status_s.c
[1.955s] -- Up-to-date: /home/GTL/mgaddam/CS7630/ros2_ws/src/install/task_manager_msgs/local/lib/python3.10/dist-packages/task_manager_msgs/task_manager_msgs_s__rosidl_typesupport_introspection_c.cpython-310-x86_64-linux-gnu.so
[1.956s] -- Up-to-date: /home/GTL/mgaddam/CS7630/ros2_ws/src/install/task_manager_msgs/local/lib/python3.10/dist-packages/task_manager_msgs/_task_manager_msgs_s.ep.rosidl_typesupport_introspection_c.c
[1.956s] -- Up-to-date: /home/GTL/mgaddam/CS7630/ros2_ws/src/install/task_manager_msgs/local/lib/python3.10/dist-packages/task_manager_msgs/__init__.py
[1.956s] -- Up-to-date: /home/GTL/mgaddam/CS7630/ros2_ws/src/install/task_manager_msgs/local/lib/python3.10/dist-packages/task_manager_msgs/_task_manager_msgs_s.ep.rosidl_typesupport_c.c
[1.957s] -- Up-to-date: /home/GTL/mgaddam/CS7630/ros2_ws/src/install/task_manager_msgs/local/lib/python3.10/dist-packages/task_manager_msgs/task_manager_msgs_s__rosidl_typesupport_c.cpython-310-x86_64-linux-gnu.so
[1.957s] -- Up-to-date: /home/GTL/mgaddam/CS7630/ros2_ws/src/install/task_manager_msgs/local/lib/python3.10/dist-packages/task_manager_msgs/srv
[1.958s] -- Up-to-date: /home/GTL/mgaddam/CS7630/ros2_ws/src/install/task_manager_msgs/local/lib/python3.10/dist-packages/task_manager_msgs/srv/_stop_task_s.c
[1.958s] -- Up-to-date: /home/GTL/mgaddam/CS7630/ros2_ws/src/install/task_manager_msgs/local/lib/python3.10/dist-packages/task_manager_msgs/srv/_start_task_s.c
[1.958s] -- Up-to-date: /home/GTL/mgaddam/CS7630/ros2_ws/src/install/task_manager_msgs/local/lib/python3.10/dist-packages/task_manager_msgs/srv/_get_all_task_status_s.c
[1.959s] -- Up-to-date: /home/GTL/mgaddam/CS7630/ros2_ws/src/install/task_manager_msgs/local/lib/python3.10/dist-packages/task_manager_msgs/srv/_get_task_list.py
[1.959s] -- Up-to-date: /home/GTL/mgaddam/CS7630/ros2_ws/src/install/task_manager_msgs/local/lib/python3.10/dist-packages/task_manager_msgs/srv/__init__.py
[1.960s] -- Up-to-date: /home/GTL/mgaddam/CS7630/ros2_ws/src/install/task_manager_msgs/local/lib/python3.10/dist-packages/task_manager_msgs/srv/_get_all_task_status.py
[1.960s] -- Up-to-date: /home/GTL/mgaddam/CS7630/ros2_ws/src/install/task_manager_msgs/local/lib/python3.10/dist-packages/task_manager_msgs/srv/_stop_task.py
[1.960s] -- Up-to-date: /home/GTL/mgaddam/CS7630/ros2_ws/src/install/task_manager_msgs/local/lib/python3.10/dist-packages/task_manager_msgs/srv/_get_task_list_s.c
[1.961s] -- Up-to-date: /home/GTL/mgaddam/CS7630/ros2_ws/src/install/task_manager_msgs/local/lib/python3.10/dist-packages/task_manager_msgs/srv/_start_task.py
[1.961s] -- Up-to-date: /home/GTL/mgaddam/CS7630/ros2_ws/src/install/task_manager_msgs/local/lib/python3.10/dist-packages/task_manager_msgs/_task_manager_msgs_s.ep.rosidl_typesupport_fastrtps_c.c
[1.961s] -- Up-to-date: /home/GTL/mgaddam/CS7630/ros2_ws/src/install/task_manager_msgs/local/lib/python3.10/dist-packages/task_manager_msgs/task_manager_msgs_s__rosidl_typesupport_fastrtps_c.cpython-310-x86_64-linux-gnu.so
[1.961s] -- Up-to-date: /home/GTL/mgaddam/CS7630/ros2_ws/src/install/task_manager_msgs/local/lib/python3.10/dist-packages/task_manager_msgs/libtask_manager_msgs__rosidl_generator_py.so
[2.007s] Listing '/home/GTL/mgaddam/CS7630/ros2_ws/src/install/task_manager_msgs/local/lib/python3.10/dist-packages/task_manager_msgs'...
[2.007s] Listing '/home/GTL/mgaddam/CS7630/ros2_ws/src/install/task_manager_msgs/local/lib/python3.10/dist-packages/task_manager_msgs/msg'...
[2.007s] Listing '/home/GTL/mgaddam/CS7630/ros2_ws/src/install/task_manager_msgs/local/lib/python3.10/dist-packages/task_manager_msgs/srv'...
[2.013s] -- Up-to-date: /home/GTL/mgaddam/CS7630/ros2_ws/src/install/task_manager_msgs/local/lib/python3.10/dist-packages/task_manager_msgs/task_manager_msgs_s__rosidl_typesupport_fastrtps_c.cpython-310-x86_64-linux-gnu.so
[2.017s] -- Up-to-date: /home/GTL/mgaddam/CS7630/ros2_ws/src/install/task_manager_msgs/local/lib/python3.10/dist-packages/task_manager_msgs/task_manager_msgs_s__rosidl_typesupport_introspection_c.cpython-310-x86_64-linux-gnu.so
[2.021s] -- Up-to-date: /home/GTL/mgaddam/CS7630/ros2_ws/src/install/task_manager_msgs/local/lib/python3.10/dist-packages/task_manager_msgs/task_manager_msgs_s__rosidl_typesupport_c.cpython-310-x86_64-linux-gnu.so
[2.023s] -- Up-to-date: /home/GTL/mgaddam/CS7630/ros2_ws/src/install/task_manager_msgs/lib/libtask_manager_msgs__rosidl_generator_py.so
[2.025s] -- Up-to-date: /home/GTL/mgaddam/CS7630/ros2_ws/src/install/task_manager_msgs/share/task_manager_msgs/srv/GetAllTaskStatus.idl
[2.025s] -- Up-to-date: /home/GTL/mgaddam/CS7630/ros2_ws/src/install/task_manager_msgs/share/task_manager_msgs/srv/StartTask.idl
[2.026s] -- Up-to-date: /home/GTL/mgaddam/CS7630/ros2_ws/src/install/task_manager_msgs/share/task_manager_msgs/srv/StopTask.idl
[2.026s] -- Up-to-date: /home/GTL/mgaddam/CS7630/ros2_ws/src/install/task_manager_msgs/share/task_manager_msgs/srv/GetTaskList.idl
[2.027s] -- Up-to-date: /home/GTL/mgaddam/CS7630/ros2_ws/src/install/task_manager_msgs/share/task_manager_msgs/msg/TaskDescription.idl
[2.028s] -- Up-to-date: /home/GTL/mgaddam/CS7630/ros2_ws/src/install/task_manager_msgs/share/task_manager_msgs/msg/TaskParameter.idl
[2.028s] -- Up-to-date: /home/GTL/mgaddam/CS7630/ros2_ws/src/install/task_manager_msgs/share/task_manager_msgs/msg/TaskStatus.idl
[2.029s] -- Up-to-date: /home/GTL/mgaddam/CS7630/ros2_ws/src/install/task_manager_msgs/share/task_manager_msgs/msg/TaskConfig.idl
[2.029s] -- Up-to-date: /home/GTL/mgaddam/CS7630/ros2_ws/src/install/task_manager_msgs/share/task_manager_msgs/msg/SyncStatus.idl
[2.030s] -- Up-to-date: /home/GTL/mgaddam/CS7630/ros2_ws/src/install/task_manager_msgs/share/task_manager_msgs/msg/EncapsulatedMessage.idl
[2.030s] -- Up-to-date: /home/GTL/mgaddam/CS7630/ros2_ws/src/install/task_manager_msgs/share/task_manager_msgs/srv/GetAllTaskStatus.srv
[2.031s] -- Up-to-date: /home/GTL/mgaddam/CS7630/ros2_ws/src/install/task_manager_msgs/share/task_manager_msgs/srv/GetAllTaskStatus_Request.msg
[2.031s] -- Up-to-date: /home/GTL/mgaddam/CS7630/ros2_ws/src/install/task_manager_msgs/share/task_manager_msgs/srv/GetAllTaskStatus_Response.msg
[2.032s] -- Up-to-date: /home/GTL/mgaddam/CS7630/ros2_ws/src/install/task_manager_msgs/share/task_manager_msgs/srv/StartTask.srv
[2.032s] -- Up-to-date: /home/GTL/mgaddam/CS7630/ros2_ws/src/install/task_manager_msgs/share/task_manager_msgs/srv/StartTask_Request.msg
[2.033s] -- Up-to-date: /home/GTL/mgaddam/CS7630/ros2_ws/src/install/task_manager_msgs/share/task_manager_msgs/srv/StartTask_Response.msg
[2.033s] -- Up-to-date: /home/GTL/mgaddam/CS7630/ros2_ws/src/install/task_manager_msgs/share/task_manager_msgs/srv/StopTask.srv
[2.034s] -- Up-to-date: /home/GTL/mgaddam/CS7630/ros2_ws/src/install/task_manager_msgs/share/task_manager_msgs/srv/StopTask_Request.msg
[2.035s] -- Up-to-date: /home/GTL/mgaddam/CS7630/ros2_ws/src/install/task_manager_msgs/share/task_manager_msgs/srv/StopTask_Response.msg
[2.036s] -- Up-to-date: /home/GTL/mgaddam/CS7630/ros2_ws/src/install/task_manager_msgs/share/task_manager_msgs/srv/GetTaskList.srv
[2.036s] -- Up-to-date: /home/GTL/mgaddam/CS7630/ros2_ws/src/install/task_manager_msgs/share/task_manager_msgs/srv/GetTaskList_Request.msg
[2.037s] -- Up-to-date: /home/GTL/mgaddam/CS7630/ros2_ws/src/install/task_manager_msgs/share/task_manager_msgs/srv/GetTaskList_Response.msg
[2.038s] -- Up-to-date: /home/GTL/mgaddam/CS7630/ros2_ws/src/install/task_manager_msgs/share/task_manager_msgs/msg/TaskDescription.msg
[2.038s] -- Up-to-date: /home/GTL/mgaddam/CS7630/ros2_ws/src/install/task_manager_msgs/share/task_manager_msgs/msg/TaskParameter.msg
[2.039s] -- Up-to-date: /home/GTL/mgaddam/CS7630/ros2_ws/src/install/task_manager_msgs/share/task_manager_msgs/msg/TaskStatus.msg
[2.040s] -- Up-to-date: /home/GTL/mgaddam/CS7630/ros2_ws/src/install/task_manager_msgs/share/task_manager_msgs/msg/TaskConfig.msg
[2.040s] -- Up-to-date: /home/GTL/mgaddam/CS7630/ros2_ws/src/install/task_manager_msgs/share/task_manager_msgs/msg/SyncStatus.msg
[2.041s] -- Up-to-date: /home/GTL/mgaddam/CS7630/ros2_ws/src/install/task_manager_msgs/share/task_manager_msgs/msg/EncapsulatedMessage.msg
[2.043s] -- Up-to-date: /home/GTL/mgaddam/CS7630/ros2_ws/src/install/task_manager_msgs/lib/task_manager_msgs/task_manager_msgs_encapsulate
[2.044s] -- Up-to-date: /home/GTL/mgaddam/CS7630/ros2_ws/src/install/task_manager_msgs/share/ament_index/resource_index/package_run_dependencies/task_manager_msgs
[2.044s] -- Up-to-date: /home/GTL/mgaddam/CS7630/ros2_ws/src/install/task_manager_msgs/share/ament_index/resource_index/parent_prefix_path/task_manager_msgs
[2.045s] -- Up-to-date: /home/GTL/mgaddam/CS7630/ros2_ws/src/install/task_manager_msgs/share/task_manager_msgs/environment/ament_prefix_path.sh
[2.045s] -- Up-to-date: /home/GTL/mgaddam/CS7630/ros2_ws/src/install/task_manager_msgs/share/task_manager_msgs/environment/ament_prefix_path.dsv
[2.045s] -- Up-to-date: /home/GTL/mgaddam/CS7630/ros2_ws/src/install/task_manager_msgs/share/task_manager_msgs/environment/path.sh
[2.046s] -- Up-to-date: /home/GTL/mgaddam/CS7630/ros2_ws/src/install/task_manager_msgs/share/task_manager_msgs/environment/path.dsv
[2.046s] -- Up-to-date: /home/GTL/mgaddam/CS7630/ros2_ws/src/install/task_manager_msgs/share/task_manager_msgs/local_setup.bash
[2.047s] -- Up-to-date: /home/GTL/mgaddam/CS7630/ros2_ws/src/install/task_manager_msgs/share/task_manager_msgs/local_setup.sh
[2.047s] -- Up-to-date: /home/GTL/mgaddam/CS7630/ros2_ws/src/install/task_manager_msgs/share/task_manager_msgs/local_setup.zsh
[2.047s] -- Up-to-date: /home/GTL/mgaddam/CS7630/ros2_ws/src/install/task_manager_msgs/share/task_manager_msgs/local_setup.dsv
[2.048s] -- Installing: /home/GTL/mgaddam/CS7630/ros2_ws/src/install/task_manager_msgs/share/task_manager_msgs/package.dsv
[2.052s] -- Up-to-date: /home/GTL/mgaddam/CS7630/ros2_ws/src/install/task_manager_msgs/share/ament_index/resource_index/packages/task_manager_msgs
[2.055s] -- Up-to-date: /home/GTL/mgaddam/CS7630/ros2_ws/src/install/task_manager_msgs/share/task_manager_msgs/cmake/export_task_manager_msgs__rosidl_generator_cExport.cmake
[2.055s] -- Up-to-date: /home/GTL/mgaddam/CS7630/ros2_ws/src/install/task_manager_msgs/share/task_manager_msgs/cmake/export_task_manager_msgs__rosidl_generator_cExport-noconfig.cmake
[2.058s] -- Up-to-date: /home/GTL/mgaddam/CS7630/ros2_ws/src/install/task_manager_msgs/share/task_manager_msgs/cmake/export_task_manager_msgs__rosidl_typesupport_fastrtps_cExport.cmake
[2.058s] -- Up-to-date: /home/GTL/mgaddam/CS7630/ros2_ws/src/install/task_manager_msgs/share/task_manager_msgs/cmake/export_task_manager_msgs__rosidl_typesupport_fastrtps_cExport-noconfig.cmake
[2.060s] -- Up-to-date: /home/GTL/mgaddam/CS7630/ros2_ws/src/install/task_manager_msgs/share/task_manager_msgs/cmake/export_task_manager_msgs__rosidl_generator_cppExport.cmake
[2.062s] -- Up-to-date: /home/GTL/mgaddam/CS7630/ros2_ws/src/install/task_manager_msgs/share/task_manager_msgs/cmake/export_task_manager_msgs__rosidl_typesupport_fastrtps_cppExport.cmake
[2.064s] -- Up-to-date: /home/GTL/mgaddam/CS7630/ros2_ws/src/install/task_manager_msgs/share/task_manager_msgs/cmake/export_task_manager_msgs__rosidl_typesupport_fastrtps_cppExport-noconfig.cmake
[2.073s] -- Up-to-date: /home/GTL/mgaddam/CS7630/ros2_ws/src/install/task_manager_msgs/share/task_manager_msgs/cmake/task_manager_msgs__rosidl_typesupport_introspection_cExport.cmake
[2.073s] -- Up-to-date: /home/GTL/mgaddam/CS7630/ros2_ws/src/install/task_manager_msgs/share/task_manager_msgs/cmake/task_manager_msgs__rosidl_typesupport_introspection_cExport-noconfig.cmake
[2.073s] -- Up-to-date: /home/GTL/mgaddam/CS7630/ros2_ws/src/install/task_manager_msgs/share/task_manager_msgs/cmake/task_manager_msgs__rosidl_typesupport_cExport.cmake
[2.081s] -- Up-to-date: /home/GTL/mgaddam/CS7630/ros2_ws/src/install/task_manager_msgs/share/task_manager_msgs/cmake/task_manager_msgs__rosidl_typesupport_cExport-noconfig.cmake
[2.087s] -- Up-to-date: /home/GTL/mgaddam/CS7630/ros2_ws/src/install/task_manager_msgs/share/task_manager_msgs/cmake/task_manager_msgs__rosidl_typesupport_introspection_cppExport.cmake
[2.088s] -- Up-to-date: /home/GTL/mgaddam/CS7630/ros2_ws/src/install/task_manager_msgs/share/task_manager_msgs/cmake/task_manager_msgs__rosidl_typesupport_introspection_cppExport-noconfig.cmake
[2.101s] -- Up-to-date: /home/GTL/mgaddam/CS7630/ros2_ws/src/install/task_manager_msgs/share/task_manager_msgs/cmake/task_manager_msgs__rosidl_typesupport_cppExport.cmake
[2.101s] -- Up-to-date: /home/GTL/mgaddam/CS7630/ros2_ws/src/install/task_manager_msgs/share/task_manager_msgs/cmake/task_manager_msgs__rosidl_typesupport_cppExport-noconfig.cmake
[2.101s] -- Up-to-date: /home/GTL/mgaddam/CS7630/ros2_ws/src/install/task_manager_msgs/share/task_manager_msgs/cmake/export_task_manager_msgs__rosidl_generator_pyExport.cmake
[2.101s] -- Up-to-date: /home/GTL/mgaddam/CS7630/ros2_ws/src/install/task_manager_msgs/share/task_manager_msgs/cmake/export_task_manager_msgs__rosidl_generator_pyExport-noconfig.cmake
[2.101s] -- Up-to-date: /home/GTL/mgaddam/CS7630/ros2_ws/src/install/task_manager_msgs/share/task_manager_msgs/cmake/rosidl_cmake-extras.cmake
[2.101s] -- Up-to-date: /home/GTL/mgaddam/CS7630/ros2_ws/src/install/task_manager_msgs/share/task_manager_msgs/cmake/ament_cmake_export_dependencies-extras.cmake
[2.101s] -- Up-to-date: /home/GTL/mgaddam/CS7630/ros2_ws/src/install/task_manager_msgs/share/task_manager_msgs/cmake/ament_cmake_export_include_directories-extras.cmake
[2.101s] -- Up-to-date: /home/GTL/mgaddam/CS7630/ros2_ws/src/install/task_manager_msgs/share/task_manager_msgs/cmake/ament_cmake_export_libraries-extras.cmake
[2.101s] -- Up-to-date: /home/GTL/mgaddam/CS7630/ros2_ws/src/install/task_manager_msgs/share/task_manager_msgs/cmake/ament_cmake_export_targets-extras.cmake
[2.101s] -- Up-to-date: /home/GTL/mgaddam/CS7630/ros2_ws/src/install/task_manager_msgs/share/task_manager_msgs/cmake/rosidl_cmake_export_typesupport_targets-extras.cmake
[2.101s] -- Up-to-date: /home/GTL/mgaddam/CS7630/ros2_ws/src/install/task_manager_msgs/share/task_manager_msgs/cmake/rosidl_cmake_export_typesupport_libraries-extras.cmake
[2.101s] -- Up-to-date: /home/GTL/mgaddam/CS7630/ros2_ws/src/install/task_manager_msgs/share/task_manager_msgs/cmake/task_manager_msgsConfig.cmake
[2.101s] -- Up-to-date: /home/GTL/mgaddam/CS7630/ros2_ws/src/install/task_manager_msgs/share/task_manager_msgs/cmake/task_manager_msgsConfig-version.cmake
[2.101s] -- Up-to-date: /home/GTL/mgaddam/CS7630/ros2_ws/src/install/task_manager_msgs/share/task_manager_msgs/package.xml
[2.224s] Invoked command in '/home/GTL/mgaddam/CS7630/ros2_ws/src/build/task_manager_msgs' returned '0': CMAKE_PREFIX_PATH=/opt/ros/humble /usr/bin/cmake --install /home/GTL/mgaddam/CS7630/ros2_ws/src/build/task_manager_msgs
