[0.957s] Invoking command in '/home/GTL/mgaddam/CS7630/ros2_ws/build/cs7630_msgs': CMAKE_PREFIX_PATH=${CMAKE_PREFIX_PATH}:/home/GTL/mgaddam/CS7630/ros2_ws/install/wpa_cli:/home/GTL/mgaddam/CS7630/ros2_ws/install/vrep_ros_teleop:/home/GTL/mgaddam/CS7630/ros2_ws/install/task_manager_client_py:/home/GTL/mgaddam/CS7630/ros2_ws/install/ar_slam_base:/home/GTL/mgaddam/CS7630/ros2_ws/install/ar_loc_base:/home/GTL/mgaddam/CS7630/ros2_ws/install/rover_driver_base:/home/GTL/mgaddam/CS7630/ros2_ws/install/keyboard_teleop:/home/GTL/mgaddam/CS7630/ros2_ws/install/face_detect_base:/home/GTL/mgaddam/CS7630/ros2_ws/install/button_server:/home/GTL/mgaddam/CS7630/ros2_ws/install/ar_mapping_base:/opt/ros/humble /usr/bin/cmake --build /home/GTL/mgaddam/CS7630/ros2_ws/build/cs7630_msgs -- -j16 -l16
[2.205s] [  3%] Built target cs7630_msgs__cpp
[2.205s] [ 12%] Built target cs7630_msgs__rosidl_generator_c
[2.205s] [ 41%] Built target cs7630_msgs__rosidl_typesupport_fastrtps_cpp
[2.205s] [ 41%] Built target cs7630_msgs__rosidl_typesupport_introspection_cpp
[2.205s] [ 51%] Built target cs7630_msgs__rosidl_typesupport_cpp
[2.205s] [ 70%] Built target cs7630_msgs__rosidl_typesupport_fastrtps_c
[2.205s] [ 70%] Built target cs7630_msgs__rosidl_typesupport_introspection_c
[2.205s] [ 70%] Built target cs7630_msgs__rosidl_typesupport_c
[2.205s] [ 70%] Built target ament_cmake_python_copy_cs7630_msgs
[2.205s] [ 70%] Built target cs7630_msgs
[2.205s] [ 74%] Built target cs7630_msgs__py
[2.206s] [ 80%] Built target cs7630_msgs__rosidl_generator_py
[2.206s] [100%] Built target cs7630_msgs__rosidl_typesupport_c__pyext
[2.206s] [100%] Built target cs7630_msgs__rosidl_typesupport_fastrtps_c__pyext
[2.206s] [100%] Built target cs7630_msgs__rosidl_typesupport_introspection_c__pyext
[2.206s] running egg_info
[2.206s] writing cs7630_msgs.egg-info/PKG-INFO
[2.206s] writing dependency_links to cs7630_msgs.egg-info/dependency_links.txt
[2.206s] writing top-level names to cs7630_msgs.egg-info/top_level.txt
[2.206s] reading manifest file 'cs7630_msgs.egg-info/SOURCES.txt'
[2.206s] writing manifest file 'cs7630_msgs.egg-info/SOURCES.txt'
[2.206s] [100%] Built target ament_cmake_python_build_cs7630_msgs_egg
[2.207s] Invoked command in '/home/GTL/mgaddam/CS7630/ros2_ws/build/cs7630_msgs' returned '0': CMAKE_PREFIX_PATH=${CMAKE_PREFIX_PATH}:/home/GTL/mgaddam/CS7630/ros2_ws/install/wpa_cli:/home/GTL/mgaddam/CS7630/ros2_ws/install/vrep_ros_teleop:/home/GTL/mgaddam/CS7630/ros2_ws/install/task_manager_client_py:/home/GTL/mgaddam/CS7630/ros2_ws/install/ar_slam_base:/home/GTL/mgaddam/CS7630/ros2_ws/install/ar_loc_base:/home/GTL/mgaddam/CS7630/ros2_ws/install/rover_driver_base:/home/GTL/mgaddam/CS7630/ros2_ws/install/keyboard_teleop:/home/GTL/mgaddam/CS7630/ros2_ws/install/face_detect_base:/home/GTL/mgaddam/CS7630/ros2_ws/install/button_server:/home/GTL/mgaddam/CS7630/ros2_ws/install/ar_mapping_base:/opt/ros/humble /usr/bin/cmake --build /home/GTL/mgaddam/CS7630/ros2_ws/build/cs7630_msgs -- -j16 -l16
[2.554s] Invoking command in '/home/GTL/mgaddam/CS7630/ros2_ws/build/cs7630_msgs': CMAKE_PREFIX_PATH=${CMAKE_PREFIX_PATH}:/home/GTL/mgaddam/CS7630/ros2_ws/install/wpa_cli:/home/GTL/mgaddam/CS7630/ros2_ws/install/vrep_ros_teleop:/home/GTL/mgaddam/CS7630/ros2_ws/install/task_manager_client_py:/home/GTL/mgaddam/CS7630/ros2_ws/install/ar_slam_base:/home/GTL/mgaddam/CS7630/ros2_ws/install/ar_loc_base:/home/GTL/mgaddam/CS7630/ros2_ws/install/rover_driver_base:/home/GTL/mgaddam/CS7630/ros2_ws/install/keyboard_teleop:/home/GTL/mgaddam/CS7630/ros2_ws/install/face_detect_base:/home/GTL/mgaddam/CS7630/ros2_ws/install/button_server:/home/GTL/mgaddam/CS7630/ros2_ws/install/ar_mapping_base:/opt/ros/humble /usr/bin/cmake --install /home/GTL/mgaddam/CS7630/ros2_ws/build/cs7630_msgs
[2.563s] -- Install configuration: ""
[2.563s] -- Up-to-date: /home/GTL/mgaddam/CS7630/ros2_ws/install/cs7630_msgs/share/ament_index/resource_index/rosidl_interfaces/cs7630_msgs
[2.563s] -- Up-to-date: /home/GTL/mgaddam/CS7630/ros2_ws/install/cs7630_msgs/include/cs7630_msgs/cs7630_msgs
[2.563s] -- Up-to-date: /home/GTL/mgaddam/CS7630/ros2_ws/install/cs7630_msgs/include/cs7630_msgs/cs7630_msgs/msg
[2.566s] -- Up-to-date: /home/GTL/mgaddam/CS7630/ros2_ws/install/cs7630_msgs/include/cs7630_msgs/cs7630_msgs/msg/region_of_interest_array.h
[2.566s] -- Up-to-date: /home/GTL/mgaddam/CS7630/ros2_ws/install/cs7630_msgs/include/cs7630_msgs/cs7630_msgs/msg/detail
[2.566s] -- Up-to-date: /home/GTL/mgaddam/CS7630/ros2_ws/install/cs7630_msgs/include/cs7630_msgs/cs7630_msgs/msg/detail/region_of_interest_array__struct.h
[2.566s] -- Up-to-date: /home/GTL/mgaddam/CS7630/ros2_ws/install/cs7630_msgs/include/cs7630_msgs/cs7630_msgs/msg/detail/region_of_interest_array__functions.h
[2.567s] -- Up-to-date: /home/GTL/mgaddam/CS7630/ros2_ws/install/cs7630_msgs/include/cs7630_msgs/cs7630_msgs/msg/detail/region_of_interest_array__functions.c
[2.567s] -- Up-to-date: /home/GTL/mgaddam/CS7630/ros2_ws/install/cs7630_msgs/include/cs7630_msgs/cs7630_msgs/msg/detail/region_of_interest_array__type_support.h
[2.567s] -- Up-to-date: /home/GTL/mgaddam/CS7630/ros2_ws/install/cs7630_msgs/include/cs7630_msgs/cs7630_msgs/msg/rosidl_generator_c__visibility_control.h
[2.567s] -- Up-to-date: /home/GTL/mgaddam/CS7630/ros2_ws/install/cs7630_msgs/share/cs7630_msgs/environment/library_path.sh
[2.567s] -- Up-to-date: /home/GTL/mgaddam/CS7630/ros2_ws/install/cs7630_msgs/share/cs7630_msgs/environment/library_path.dsv
[2.567s] -- Up-to-date: /home/GTL/mgaddam/CS7630/ros2_ws/install/cs7630_msgs/lib/libcs7630_msgs__rosidl_generator_c.so
[2.568s] -- Up-to-date: /home/GTL/mgaddam/CS7630/ros2_ws/install/cs7630_msgs/include/cs7630_msgs/cs7630_msgs
[2.568s] -- Up-to-date: /home/GTL/mgaddam/CS7630/ros2_ws/install/cs7630_msgs/include/cs7630_msgs/cs7630_msgs/msg
[2.574s] -- Up-to-date: /home/GTL/mgaddam/CS7630/ros2_ws/install/cs7630_msgs/include/cs7630_msgs/cs7630_msgs/msg/detail
[2.574s] -- Up-to-date: /home/GTL/mgaddam/CS7630/ros2_ws/install/cs7630_msgs/include/cs7630_msgs/cs7630_msgs/msg/detail/region_of_interest_array__rosidl_typesupport_fastrtps_c.h
[2.574s] -- Up-to-date: /home/GTL/mgaddam/CS7630/ros2_ws/install/cs7630_msgs/include/cs7630_msgs/cs7630_msgs/msg/rosidl_typesupport_fastrtps_c__visibility_control.h
[2.574s] -- Up-to-date: /home/GTL/mgaddam/CS7630/ros2_ws/install/cs7630_msgs/lib/libcs7630_msgs__rosidl_typesupport_fastrtps_c.so
[2.574s] -- Up-to-date: /home/GTL/mgaddam/CS7630/ros2_ws/install/cs7630_msgs/include/cs7630_msgs/cs7630_msgs
[2.574s] -- Up-to-date: /home/GTL/mgaddam/CS7630/ros2_ws/install/cs7630_msgs/include/cs7630_msgs/cs7630_msgs/msg
[2.576s] -- Up-to-date: /home/GTL/mgaddam/CS7630/ros2_ws/install/cs7630_msgs/include/cs7630_msgs/cs7630_msgs/msg/detail
[2.576s] -- Up-to-date: /home/GTL/mgaddam/CS7630/ros2_ws/install/cs7630_msgs/include/cs7630_msgs/cs7630_msgs/msg/detail/region_of_interest_array__type_support.c
[2.576s] -- Up-to-date: /home/GTL/mgaddam/CS7630/ros2_ws/install/cs7630_msgs/include/cs7630_msgs/cs7630_msgs/msg/detail/region_of_interest_array__rosidl_typesupport_introspection_c.h
[2.576s] -- Up-to-date: /home/GTL/mgaddam/CS7630/ros2_ws/install/cs7630_msgs/include/cs7630_msgs/cs7630_msgs/msg/rosidl_typesupport_introspection_c__visibility_control.h
[2.583s] -- Up-to-date: /home/GTL/mgaddam/CS7630/ros2_ws/install/cs7630_msgs/lib/libcs7630_msgs__rosidl_typesupport_introspection_c.so
[2.585s] -- Up-to-date: /home/GTL/mgaddam/CS7630/ros2_ws/install/cs7630_msgs/lib/libcs7630_msgs__rosidl_typesupport_c.so
[2.586s] -- Up-to-date: /home/GTL/mgaddam/CS7630/ros2_ws/install/cs7630_msgs/include/cs7630_msgs/cs7630_msgs
[2.586s] -- Up-to-date: /home/GTL/mgaddam/CS7630/ros2_ws/install/cs7630_msgs/include/cs7630_msgs/cs7630_msgs/msg
[2.586s] -- Up-to-date: /home/GTL/mgaddam/CS7630/ros2_ws/install/cs7630_msgs/include/cs7630_msgs/cs7630_msgs/msg/detail
[2.586s] -- Up-to-date: /home/GTL/mgaddam/CS7630/ros2_ws/install/cs7630_msgs/include/cs7630_msgs/cs7630_msgs/msg/detail/region_of_interest_array__builder.hpp
[2.586s] -- Up-to-date: /home/GTL/mgaddam/CS7630/ros2_ws/install/cs7630_msgs/include/cs7630_msgs/cs7630_msgs/msg/detail/region_of_interest_array__traits.hpp
[2.586s] -- Up-to-date: /home/GTL/mgaddam/CS7630/ros2_ws/install/cs7630_msgs/include/cs7630_msgs/cs7630_msgs/msg/detail/region_of_interest_array__struct.hpp
[2.586s] -- Up-to-date: /home/GTL/mgaddam/CS7630/ros2_ws/install/cs7630_msgs/include/cs7630_msgs/cs7630_msgs/msg/region_of_interest_array.hpp
[2.586s] -- Up-to-date: /home/GTL/mgaddam/CS7630/ros2_ws/install/cs7630_msgs/include/cs7630_msgs/cs7630_msgs
[2.587s] -- Up-to-date: /home/GTL/mgaddam/CS7630/ros2_ws/install/cs7630_msgs/include/cs7630_msgs/cs7630_msgs/msg
[2.587s] -- Up-to-date: /home/GTL/mgaddam/CS7630/ros2_ws/install/cs7630_msgs/include/cs7630_msgs/cs7630_msgs/msg/detail
[2.587s] -- Up-to-date: /home/GTL/mgaddam/CS7630/ros2_ws/install/cs7630_msgs/include/cs7630_msgs/cs7630_msgs/msg/detail/region_of_interest_array__rosidl_typesupport_fastrtps_cpp.hpp
[2.587s] -- Up-to-date: /home/GTL/mgaddam/CS7630/ros2_ws/install/cs7630_msgs/include/cs7630_msgs/cs7630_msgs/msg/detail/dds_fastrtps
[2.588s] -- Up-to-date: /home/GTL/mgaddam/CS7630/ros2_ws/install/cs7630_msgs/include/cs7630_msgs/cs7630_msgs/msg/rosidl_typesupport_fastrtps_cpp__visibility_control.h
[2.588s] -- Up-to-date: /home/GTL/mgaddam/CS7630/ros2_ws/install/cs7630_msgs/lib/libcs7630_msgs__rosidl_typesupport_fastrtps_cpp.so
[2.588s] -- Up-to-date: /home/GTL/mgaddam/CS7630/ros2_ws/install/cs7630_msgs/include/cs7630_msgs/cs7630_msgs
[2.589s] -- Up-to-date: /home/GTL/mgaddam/CS7630/ros2_ws/install/cs7630_msgs/include/cs7630_msgs/cs7630_msgs/msg
[2.589s] -- Up-to-date: /home/GTL/mgaddam/CS7630/ros2_ws/install/cs7630_msgs/include/cs7630_msgs/cs7630_msgs/msg/detail
[2.590s] -- Up-to-date: /home/GTL/mgaddam/CS7630/ros2_ws/install/cs7630_msgs/include/cs7630_msgs/cs7630_msgs/msg/detail/region_of_interest_array__rosidl_typesupport_introspection_cpp.hpp
[2.590s] -- Up-to-date: /home/GTL/mgaddam/CS7630/ros2_ws/install/cs7630_msgs/include/cs7630_msgs/cs7630_msgs/msg/detail/region_of_interest_array__type_support.cpp
[2.592s] -- Up-to-date: /home/GTL/mgaddam/CS7630/ros2_ws/install/cs7630_msgs/lib/libcs7630_msgs__rosidl_typesupport_introspection_cpp.so
[2.595s] -- Up-to-date: /home/GTL/mgaddam/CS7630/ros2_ws/install/cs7630_msgs/lib/libcs7630_msgs__rosidl_typesupport_cpp.so
[2.597s] -- Up-to-date: /home/GTL/mgaddam/CS7630/ros2_ws/install/cs7630_msgs/share/cs7630_msgs/environment/pythonpath.sh
[2.597s] -- Up-to-date: /home/GTL/mgaddam/CS7630/ros2_ws/install/cs7630_msgs/share/cs7630_msgs/environment/pythonpath.dsv
[2.597s] -- Up-to-date: /home/GTL/mgaddam/CS7630/ros2_ws/install/cs7630_msgs/local/lib/python3.10/dist-packages/cs7630_msgs-0.0.0-py3.10.egg-info
[2.598s] -- Installing: /home/GTL/mgaddam/CS7630/ros2_ws/install/cs7630_msgs/local/lib/python3.10/dist-packages/cs7630_msgs-0.0.0-py3.10.egg-info/dependency_links.txt
[2.601s] -- Installing: /home/GTL/mgaddam/CS7630/ros2_ws/install/cs7630_msgs/local/lib/python3.10/dist-packages/cs7630_msgs-0.0.0-py3.10.egg-info/top_level.txt
[2.605s] -- Installing: /home/GTL/mgaddam/CS7630/ros2_ws/install/cs7630_msgs/local/lib/python3.10/dist-packages/cs7630_msgs-0.0.0-py3.10.egg-info/PKG-INFO
[2.609s] -- Installing: /home/GTL/mgaddam/CS7630/ros2_ws/install/cs7630_msgs/local/lib/python3.10/dist-packages/cs7630_msgs-0.0.0-py3.10.egg-info/SOURCES.txt
[2.613s] -- Up-to-date: /home/GTL/mgaddam/CS7630/ros2_ws/install/cs7630_msgs/local/lib/python3.10/dist-packages/cs7630_msgs
[2.613s] -- Up-to-date: /home/GTL/mgaddam/CS7630/ros2_ws/install/cs7630_msgs/local/lib/python3.10/dist-packages/cs7630_msgs/msg
[2.614s] -- Up-to-date: /home/GTL/mgaddam/CS7630/ros2_ws/install/cs7630_msgs/local/lib/python3.10/dist-packages/cs7630_msgs/msg/_region_of_interest_array_s.c
[2.614s] -- Up-to-date: /home/GTL/mgaddam/CS7630/ros2_ws/install/cs7630_msgs/local/lib/python3.10/dist-packages/cs7630_msgs/msg/_region_of_interest_array.py
[2.614s] -- Up-to-date: /home/GTL/mgaddam/CS7630/ros2_ws/install/cs7630_msgs/local/lib/python3.10/dist-packages/cs7630_msgs/msg/__init__.py
[2.615s] -- Up-to-date: /home/GTL/mgaddam/CS7630/ros2_ws/install/cs7630_msgs/local/lib/python3.10/dist-packages/cs7630_msgs/cs7630_msgs_s__rosidl_typesupport_c.cpython-310-x86_64-linux-gnu.so
[2.615s] -- Up-to-date: /home/GTL/mgaddam/CS7630/ros2_ws/install/cs7630_msgs/local/lib/python3.10/dist-packages/cs7630_msgs/libcs7630_msgs__rosidl_generator_py.so
[2.615s] -- Up-to-date: /home/GTL/mgaddam/CS7630/ros2_ws/install/cs7630_msgs/local/lib/python3.10/dist-packages/cs7630_msgs/cs7630_msgs_s__rosidl_typesupport_fastrtps_c.cpython-310-x86_64-linux-gnu.so
[2.616s] -- Up-to-date: /home/GTL/mgaddam/CS7630/ros2_ws/install/cs7630_msgs/local/lib/python3.10/dist-packages/cs7630_msgs/_cs7630_msgs_s.ep.rosidl_typesupport_c.c
[2.616s] -- Up-to-date: /home/GTL/mgaddam/CS7630/ros2_ws/install/cs7630_msgs/local/lib/python3.10/dist-packages/cs7630_msgs/cs7630_msgs_s__rosidl_typesupport_introspection_c.cpython-310-x86_64-linux-gnu.so
[2.616s] -- Up-to-date: /home/GTL/mgaddam/CS7630/ros2_ws/install/cs7630_msgs/local/lib/python3.10/dist-packages/cs7630_msgs/_cs7630_msgs_s.ep.rosidl_typesupport_fastrtps_c.c
[2.616s] -- Up-to-date: /home/GTL/mgaddam/CS7630/ros2_ws/install/cs7630_msgs/local/lib/python3.10/dist-packages/cs7630_msgs/__init__.py
[2.616s] -- Up-to-date: /home/GTL/mgaddam/CS7630/ros2_ws/install/cs7630_msgs/local/lib/python3.10/dist-packages/cs7630_msgs/_cs7630_msgs_s.ep.rosidl_typesupport_introspection_c.c
[2.651s] Listing '/home/GTL/mgaddam/CS7630/ros2_ws/install/cs7630_msgs/local/lib/python3.10/dist-packages/cs7630_msgs'...
[2.651s] Listing '/home/GTL/mgaddam/CS7630/ros2_ws/install/cs7630_msgs/local/lib/python3.10/dist-packages/cs7630_msgs/msg'...
[2.657s] -- Up-to-date: /home/GTL/mgaddam/CS7630/ros2_ws/install/cs7630_msgs/local/lib/python3.10/dist-packages/cs7630_msgs/cs7630_msgs_s__rosidl_typesupport_fastrtps_c.cpython-310-x86_64-linux-gnu.so
[2.660s] -- Up-to-date: /home/GTL/mgaddam/CS7630/ros2_ws/install/cs7630_msgs/local/lib/python3.10/dist-packages/cs7630_msgs/cs7630_msgs_s__rosidl_typesupport_introspection_c.cpython-310-x86_64-linux-gnu.so
[2.663s] -- Up-to-date: /home/GTL/mgaddam/CS7630/ros2_ws/install/cs7630_msgs/local/lib/python3.10/dist-packages/cs7630_msgs/cs7630_msgs_s__rosidl_typesupport_c.cpython-310-x86_64-linux-gnu.so
[2.665s] -- Up-to-date: /home/GTL/mgaddam/CS7630/ros2_ws/install/cs7630_msgs/lib/libcs7630_msgs__rosidl_generator_py.so
[2.667s] -- Up-to-date: /home/GTL/mgaddam/CS7630/ros2_ws/install/cs7630_msgs/share/cs7630_msgs/msg/RegionOfInterestArray.idl
[2.667s] -- Up-to-date: /home/GTL/mgaddam/CS7630/ros2_ws/install/cs7630_msgs/share/cs7630_msgs/msg/RegionOfInterestArray.msg
[2.667s] -- Up-to-date: /home/GTL/mgaddam/CS7630/ros2_ws/install/cs7630_msgs/share/ament_index/resource_index/package_run_dependencies/cs7630_msgs
[2.667s] -- Up-to-date: /home/GTL/mgaddam/CS7630/ros2_ws/install/cs7630_msgs/share/ament_index/resource_index/parent_prefix_path/cs7630_msgs
[2.667s] -- Up-to-date: /home/GTL/mgaddam/CS7630/ros2_ws/install/cs7630_msgs/share/cs7630_msgs/environment/ament_prefix_path.sh
[2.668s] -- Up-to-date: /home/GTL/mgaddam/CS7630/ros2_ws/install/cs7630_msgs/share/cs7630_msgs/environment/ament_prefix_path.dsv
[2.668s] -- Up-to-date: /home/GTL/mgaddam/CS7630/ros2_ws/install/cs7630_msgs/share/cs7630_msgs/environment/path.sh
[2.668s] -- Up-to-date: /home/GTL/mgaddam/CS7630/ros2_ws/install/cs7630_msgs/share/cs7630_msgs/environment/path.dsv
[2.669s] -- Up-to-date: /home/GTL/mgaddam/CS7630/ros2_ws/install/cs7630_msgs/share/cs7630_msgs/local_setup.bash
[2.669s] -- Up-to-date: /home/GTL/mgaddam/CS7630/ros2_ws/install/cs7630_msgs/share/cs7630_msgs/local_setup.sh
[2.669s] -- Up-to-date: /home/GTL/mgaddam/CS7630/ros2_ws/install/cs7630_msgs/share/cs7630_msgs/local_setup.zsh
[2.669s] -- Up-to-date: /home/GTL/mgaddam/CS7630/ros2_ws/install/cs7630_msgs/share/cs7630_msgs/local_setup.dsv
[2.670s] -- Installing: /home/GTL/mgaddam/CS7630/ros2_ws/install/cs7630_msgs/share/cs7630_msgs/package.dsv
[2.674s] -- Up-to-date: /home/GTL/mgaddam/CS7630/ros2_ws/install/cs7630_msgs/share/ament_index/resource_index/packages/cs7630_msgs
[2.675s] -- Up-to-date: /home/GTL/mgaddam/CS7630/ros2_ws/install/cs7630_msgs/share/cs7630_msgs/cmake/export_cs7630_msgs__rosidl_generator_cExport.cmake
[2.675s] -- Up-to-date: /home/GTL/mgaddam/CS7630/ros2_ws/install/cs7630_msgs/share/cs7630_msgs/cmake/export_cs7630_msgs__rosidl_generator_cExport-noconfig.cmake
[2.677s] -- Up-to-date: /home/GTL/mgaddam/CS7630/ros2_ws/install/cs7630_msgs/share/cs7630_msgs/cmake/export_cs7630_msgs__rosidl_typesupport_fastrtps_cExport.cmake
[2.677s] -- Up-to-date: /home/GTL/mgaddam/CS7630/ros2_ws/install/cs7630_msgs/share/cs7630_msgs/cmake/export_cs7630_msgs__rosidl_typesupport_fastrtps_cExport-noconfig.cmake
[2.678s] -- Up-to-date: /home/GTL/mgaddam/CS7630/ros2_ws/install/cs7630_msgs/share/cs7630_msgs/cmake/cs7630_msgs__rosidl_typesupport_introspection_cExport.cmake
[2.679s] -- Up-to-date: /home/GTL/mgaddam/CS7630/ros2_ws/install/cs7630_msgs/share/cs7630_msgs/cmake/cs7630_msgs__rosidl_typesupport_introspection_cExport-noconfig.cmake
[2.680s] -- Up-to-date: /home/GTL/mgaddam/CS7630/ros2_ws/install/cs7630_msgs/share/cs7630_msgs/cmake/cs7630_msgs__rosidl_typesupport_cExport.cmake
[2.680s] -- Up-to-date: /home/GTL/mgaddam/CS7630/ros2_ws/install/cs7630_msgs/share/cs7630_msgs/cmake/cs7630_msgs__rosidl_typesupport_cExport-noconfig.cmake
[2.682s] -- Up-to-date: /home/GTL/mgaddam/CS7630/ros2_ws/install/cs7630_msgs/share/cs7630_msgs/cmake/export_cs7630_msgs__rosidl_generator_cppExport.cmake
[2.695s] -- Up-to-date: /home/GTL/mgaddam/CS7630/ros2_ws/install/cs7630_msgs/share/cs7630_msgs/cmake/export_cs7630_msgs__rosidl_typesupport_fastrtps_cppExport.cmake
[2.695s] -- Up-to-date: /home/GTL/mgaddam/CS7630/ros2_ws/install/cs7630_msgs/share/cs7630_msgs/cmake/export_cs7630_msgs__rosidl_typesupport_fastrtps_cppExport-noconfig.cmake
[2.695s] -- Up-to-date: /home/GTL/mgaddam/CS7630/ros2_ws/install/cs7630_msgs/share/cs7630_msgs/cmake/cs7630_msgs__rosidl_typesupport_introspection_cppExport.cmake
[2.695s] -- Up-to-date: /home/GTL/mgaddam/CS7630/ros2_ws/install/cs7630_msgs/share/cs7630_msgs/cmake/cs7630_msgs__rosidl_typesupport_introspection_cppExport-noconfig.cmake
[2.695s] -- Up-to-date: /home/GTL/mgaddam/CS7630/ros2_ws/install/cs7630_msgs/share/cs7630_msgs/cmake/cs7630_msgs__rosidl_typesupport_cppExport.cmake
[2.695s] -- Up-to-date: /home/GTL/mgaddam/CS7630/ros2_ws/install/cs7630_msgs/share/cs7630_msgs/cmake/cs7630_msgs__rosidl_typesupport_cppExport-noconfig.cmake
[2.695s] -- Up-to-date: /home/GTL/mgaddam/CS7630/ros2_ws/install/cs7630_msgs/share/cs7630_msgs/cmake/export_cs7630_msgs__rosidl_generator_pyExport.cmake
[2.695s] -- Up-to-date: /home/GTL/mgaddam/CS7630/ros2_ws/install/cs7630_msgs/share/cs7630_msgs/cmake/export_cs7630_msgs__rosidl_generator_pyExport-noconfig.cmake
[2.695s] -- Up-to-date: /home/GTL/mgaddam/CS7630/ros2_ws/install/cs7630_msgs/share/cs7630_msgs/cmake/rosidl_cmake-extras.cmake
[2.695s] -- Up-to-date: /home/GTL/mgaddam/CS7630/ros2_ws/install/cs7630_msgs/share/cs7630_msgs/cmake/ament_cmake_export_dependencies-extras.cmake
[2.695s] -- Up-to-date: /home/GTL/mgaddam/CS7630/ros2_ws/install/cs7630_msgs/share/cs7630_msgs/cmake/ament_cmake_export_include_directories-extras.cmake
[2.695s] -- Up-to-date: /home/GTL/mgaddam/CS7630/ros2_ws/install/cs7630_msgs/share/cs7630_msgs/cmake/ament_cmake_export_libraries-extras.cmake
[2.695s] -- Up-to-date: /home/GTL/mgaddam/CS7630/ros2_ws/install/cs7630_msgs/share/cs7630_msgs/cmake/ament_cmake_export_targets-extras.cmake
[2.695s] -- Up-to-date: /home/GTL/mgaddam/CS7630/ros2_ws/install/cs7630_msgs/share/cs7630_msgs/cmake/rosidl_cmake_export_typesupport_targets-extras.cmake
[2.695s] -- Up-to-date: /home/GTL/mgaddam/CS7630/ros2_ws/install/cs7630_msgs/share/cs7630_msgs/cmake/rosidl_cmake_export_typesupport_libraries-extras.cmake
[2.696s] -- Up-to-date: /home/GTL/mgaddam/CS7630/ros2_ws/install/cs7630_msgs/share/cs7630_msgs/cmake/cs7630_msgsConfig.cmake
[2.696s] -- Up-to-date: /home/GTL/mgaddam/CS7630/ros2_ws/install/cs7630_msgs/share/cs7630_msgs/cmake/cs7630_msgsConfig-version.cmake
[2.696s] -- Up-to-date: /home/GTL/mgaddam/CS7630/ros2_ws/install/cs7630_msgs/share/cs7630_msgs/package.xml
[2.838s] Invoked command in '/home/GTL/mgaddam/CS7630/ros2_ws/build/cs7630_msgs' returned '0': CMAKE_PREFIX_PATH=${CMAKE_PREFIX_PATH}:/home/GTL/mgaddam/CS7630/ros2_ws/install/wpa_cli:/home/GTL/mgaddam/CS7630/ros2_ws/install/vrep_ros_teleop:/home/GTL/mgaddam/CS7630/ros2_ws/install/task_manager_client_py:/home/GTL/mgaddam/CS7630/ros2_ws/install/ar_slam_base:/home/GTL/mgaddam/CS7630/ros2_ws/install/ar_loc_base:/home/GTL/mgaddam/CS7630/ros2_ws/install/rover_driver_base:/home/GTL/mgaddam/CS7630/ros2_ws/install/keyboard_teleop:/home/GTL/mgaddam/CS7630/ros2_ws/install/face_detect_base:/home/GTL/mgaddam/CS7630/ros2_ws/install/button_server:/home/GTL/mgaddam/CS7630/ros2_ws/install/ar_mapping_base:/opt/ros/humble /usr/bin/cmake --install /home/GTL/mgaddam/CS7630/ros2_ws/build/cs7630_msgs
