-- The C compiler identification is GNU 11.4.0
-- The CXX compiler identification is GNU 11.4.0
-- Detecting C compiler ABI info
-- Detecting C compiler ABI info - done
-- Check for working C compiler: /usr/bin/cc - skipped
-- Detecting C compile features
-- Detecting C compile features - done
-- Detecting CXX compiler ABI info
-- Detecting CXX compiler ABI info - done
-- Check for working CXX compiler: /usr/bin/c++ - skipped
-- Detecting CXX compile features
-- Detecting CXX compile features - done
-- Found ament_cmake: 1.3.8 (/opt/ros/humble/share/ament_cmake/cmake)
-- Found Python3: /usr/bin/python3 (found version "3.10.12") found components: Interpreter 
-- Found rclcpp: 16.0.8 (/opt/ros/humble/share/rclcpp/cmake)
-- Found rosidl_generator_c: 3.1.5 (/opt/ros/humble/share/rosidl_generator_c/cmake)
-- Found rosidl_adapter: 3.1.5 (/opt/ros/humble/share/rosidl_adapter/cmake)
-- Found rosidl_generator_cpp: 3.1.5 (/opt/ros/humble/share/rosidl_generator_cpp/cmake)
-- Using all available rosidl_typesupport_c: rosidl_typesupport_fastrtps_c;rosidl_typesupport_introspection_c
-- Using all available rosidl_typesupport_cpp: rosidl_typesupport_fastrtps_cpp;rosidl_typesupport_introspection_cpp
-- Found rmw_implementation_cmake: 6.1.1 (/opt/ros/humble/share/rmw_implementation_cmake/cmake)
-- Found rmw_cyclonedds_cpp: 1.3.4 (/opt/ros/humble/share/rmw_cyclonedds_cpp/cmake)
-- Using RMW implementation 'rmw_cyclonedds_cpp' as default
-- Looking for pthread.h
-- Looking for pthread.h - found
-- Performing Test CMAKE_HAVE_LIBC_PTHREAD
-- Performing Test CMAKE_HAVE_LIBC_PTHREAD - Success
-- Found Threads: TRUE  
-- Found ament_lint_auto: 0.12.10 (/opt/ros/humble/share/ament_lint_auto/cmake)
-- Found rosidl_default_generators: 1.2.0 (/opt/ros/humble/share/rosidl_default_generators/cmake)
-- Found ament_cmake_ros: 0.10.0 (/opt/ros/humble/share/ament_cmake_ros/cmake)
-- Using all available rosidl_typesupport_c: rosidl_typesupport_fastrtps_c;rosidl_typesupport_introspection_c
-- Using all available rosidl_typesupport_cpp: rosidl_typesupport_fastrtps_cpp;rosidl_typesupport_introspection_cpp
-- Found PythonInterp: /usr/bin/python3 (found suitable version "3.10.12", minimum required is "3.6") 
-- Found python_cmake_module: 0.10.0 (/opt/ros/humble/share/python_cmake_module/cmake)
-- Found PythonLibs: /usr/lib/x86_64-linux-gnu/libpython3.10.so (found suitable version "3.10.12", minimum required is "3.5") 
-- Using PYTHON_EXECUTABLE: /usr/bin/python3
-- Using PYTHON_INCLUDE_DIRS: /usr/include/python3.10
-- Using PYTHON_LIBRARIES: /usr/lib/x86_64-linux-gnu/libpython3.10.so
-- Found PythonExtra: .so  
-- Added test 'copyright' to check source files copyright and LICENSE
-- Added test 'cppcheck' to perform static code analysis on C / C++ code
-- Configured cppcheck include dirs: /home/GTL/mgaddam/CS7630/ros2_ws/src/ros_task_manager/src/task_manager_msgs/include
-- Configured cppcheck exclude dirs and/or files: 
-- Added test 'cpplint' to check C / C++ code against the Google style
-- Configured cpplint exclude dirs and/or files: 
-- Added test 'flake8' to check Python code syntax and style conventions
-- Added test 'lint_cmake' to check CMake code style
-- Added test 'pep257' to check Python code against some of the docstring style conventions in PEP 257
-- Added test 'uncrustify' to check C / C++ code style
-- Configured uncrustify additional arguments: 
-- Added test 'xmllint' to check XML markup files
-- Configuring done
-- Generating done
-- Build files have been written to: /home/GTL/mgaddam/CS7630/ros2_ws/build/task_manager_msgs
[  1%] [34m[1mGenerating C code for ROS interfaces[0m
[  1%] [34m[1mGenerating C++ code for ROS interfaces[0m
[  1%] Built target ament_cmake_python_copy_task_manager_msgs
running egg_info
writing task_manager_msgs.egg-info/PKG-INFO
writing dependency_links to task_manager_msgs.egg-info/dependency_links.txt
writing top-level names to task_manager_msgs.egg-info/top_level.txt
writing manifest file 'task_manager_msgs.egg-info/SOURCES.txt'
reading manifest file 'task_manager_msgs.egg-info/SOURCES.txt'
writing manifest file 'task_manager_msgs.egg-info/SOURCES.txt'
[  1%] Built target ament_cmake_python_build_task_manager_msgs_egg
[  1%] Built target task_manager_msgs__cpp
[  4%] [34m[1mGenerating C++ type support for eProsima Fast-RTPS[0m
[  4%] [34m[1mGenerating C++ type support dispatch for ROS interfaces[0m
[  4%] [34m[1mGenerating C++ introspection for ROS interfaces[0m
[  8%] [32mBuilding C object CMakeFiles/task_manager_msgs__rosidl_generator_c.dir/rosidl_generator_c/task_manager_msgs/srv/detail/start_task__functions.c.o[0m
[  8%] [32mBuilding C object CMakeFiles/task_manager_msgs__rosidl_generator_c.dir/rosidl_generator_c/task_manager_msgs/srv/detail/get_task_list__functions.c.o[0m
[  8%] [32mBuilding C object CMakeFiles/task_manager_msgs__rosidl_generator_c.dir/rosidl_generator_c/task_manager_msgs/srv/detail/get_all_task_status__functions.c.o[0m
[ 11%] [32mBuilding C object CMakeFiles/task_manager_msgs__rosidl_generator_c.dir/rosidl_generator_c/task_manager_msgs/srv/detail/stop_task__functions.c.o[0m
[ 13%] [32mBuilding C object CMakeFiles/task_manager_msgs__rosidl_generator_c.dir/rosidl_generator_c/task_manager_msgs/msg/detail/task_status__functions.c.o[0m
[ 11%] [32mBuilding C object CMakeFiles/task_manager_msgs__rosidl_generator_c.dir/rosidl_generator_c/task_manager_msgs/msg/detail/task_description__functions.c.o[0m
[ 11%] [32mBuilding C object CMakeFiles/task_manager_msgs__rosidl_generator_c.dir/rosidl_generator_c/task_manager_msgs/msg/detail/task_parameter__functions.c.o[0m
[ 13%] [32mBuilding C object CMakeFiles/task_manager_msgs__rosidl_generator_c.dir/rosidl_generator_c/task_manager_msgs/msg/detail/encapsulated_message__functions.c.o[0m
[ 14%] [32mBuilding C object CMakeFiles/task_manager_msgs__rosidl_generator_c.dir/rosidl_generator_c/task_manager_msgs/msg/detail/sync_status__functions.c.o[0m
[ 14%] [32mBuilding C object CMakeFiles/task_manager_msgs__rosidl_generator_c.dir/rosidl_generator_c/task_manager_msgs/msg/detail/task_config__functions.c.o[0m
[ 15%] [32m[1mLinking C shared library libtask_manager_msgs__rosidl_generator_c.so[0m
[ 15%] Built target task_manager_msgs__rosidl_generator_c
[ 18%] [34m[1mGenerating C type support for eProsima Fast-RTPS[0m
[ 18%] [34m[1mGenerating C introspection for ROS interfaces[0m
[ 18%] [34m[1mGenerating C type support dispatch for ROS interfaces[0m
[ 21%] [32mBuilding CXX object CMakeFiles/task_manager_msgs__rosidl_typesupport_cpp.dir/rosidl_typesupport_cpp/task_manager_msgs/srv/stop_task__type_support.cpp.o[0m
[ 21%] [32mBuilding CXX object CMakeFiles/task_manager_msgs__rosidl_typesupport_cpp.dir/rosidl_typesupport_cpp/task_manager_msgs/srv/get_task_list__type_support.cpp.o[0m
[ 21%] [32mBuilding CXX object CMakeFiles/task_manager_msgs__rosidl_typesupport_cpp.dir/rosidl_typesupport_cpp/task_manager_msgs/srv/start_task__type_support.cpp.o[0m
[ 24%] [32mBuilding CXX object CMakeFiles/task_manager_msgs__rosidl_typesupport_cpp.dir/rosidl_typesupport_cpp/task_manager_msgs/msg/task_parameter__type_support.cpp.o[0m
[ 24%] [32mBuilding CXX object CMakeFiles/task_manager_msgs__rosidl_typesupport_cpp.dir/rosidl_typesupport_cpp/task_manager_msgs/msg/task_status__type_support.cpp.o[0m
[ 24%] [32mBuilding CXX object CMakeFiles/task_manager_msgs__rosidl_typesupport_cpp.dir/rosidl_typesupport_cpp/task_manager_msgs/srv/get_all_task_status__type_support.cpp.o[0m
[ 24%] [32mBuilding CXX object CMakeFiles/task_manager_msgs__rosidl_typesupport_cpp.dir/rosidl_typesupport_cpp/task_manager_msgs/msg/task_description__type_support.cpp.o[0m
[ 27%] [32mBuilding CXX object CMakeFiles/task_manager_msgs__rosidl_typesupport_cpp.dir/rosidl_typesupport_cpp/task_manager_msgs/msg/encapsulated_message__type_support.cpp.o[0m
[ 27%] [32mBuilding CXX object CMakeFiles/task_manager_msgs__rosidl_typesupport_cpp.dir/rosidl_typesupport_cpp/task_manager_msgs/msg/task_config__type_support.cpp.o[0m
[ 27%] [32mBuilding CXX object CMakeFiles/task_manager_msgs__rosidl_typesupport_cpp.dir/rosidl_typesupport_cpp/task_manager_msgs/msg/sync_status__type_support.cpp.o[0m
[ 32%] [32mBuilding CXX object CMakeFiles/task_manager_msgs__rosidl_typesupport_introspection_cpp.dir/rosidl_typesupport_introspection_cpp/task_manager_msgs/msg/detail/task_description__type_support.cpp.o[0m
[ 32%] [32mBuilding CXX object CMakeFiles/task_manager_msgs__rosidl_typesupport_introspection_cpp.dir/rosidl_typesupport_introspection_cpp/task_manager_msgs/srv/detail/get_task_list__type_support.cpp.o[0m
[ 32%] [32mBuilding CXX object CMakeFiles/task_manager_msgs__rosidl_typesupport_introspection_cpp.dir/rosidl_typesupport_introspection_cpp/task_manager_msgs/srv/detail/stop_task__type_support.cpp.o[0m
[ 32%] [32mBuilding CXX object CMakeFiles/task_manager_msgs__rosidl_typesupport_introspection_cpp.dir/rosidl_typesupport_introspection_cpp/task_manager_msgs/srv/detail/get_all_task_status__type_support.cpp.o[0m
[ 35%] [32mBuilding CXX object CMakeFiles/task_manager_msgs__rosidl_typesupport_introspection_cpp.dir/rosidl_typesupport_introspection_cpp/task_manager_msgs/msg/detail/task_status__type_support.cpp.o[0m
[ 35%] [32mBuilding CXX object CMakeFiles/task_manager_msgs__rosidl_typesupport_introspection_cpp.dir/rosidl_typesupport_introspection_cpp/task_manager_msgs/msg/detail/task_config__type_support.cpp.o[0m
[ 35%] [32mBuilding CXX object CMakeFiles/task_manager_msgs__rosidl_typesupport_introspection_cpp.dir/rosidl_typesupport_introspection_cpp/task_manager_msgs/msg/detail/task_parameter__type_support.cpp.o[0m
[ 36%] [32mBuilding CXX object CMakeFiles/task_manager_msgs__rosidl_typesupport_introspection_cpp.dir/rosidl_typesupport_introspection_cpp/task_manager_msgs/srv/detail/start_task__type_support.cpp.o[0m
[ 37%] [32mBuilding CXX object CMakeFiles/task_manager_msgs__rosidl_typesupport_introspection_cpp.dir/rosidl_typesupport_introspection_cpp/task_manager_msgs/msg/detail/encapsulated_message__type_support.cpp.o[0m
[ 37%] [32mBuilding CXX object CMakeFiles/task_manager_msgs__rosidl_typesupport_introspection_cpp.dir/rosidl_typesupport_introspection_cpp/task_manager_msgs/msg/detail/sync_status__type_support.cpp.o[0m
[ 38%] [32m[1mLinking CXX shared library libtask_manager_msgs__rosidl_typesupport_cpp.so[0m
[ 38%] Built target task_manager_msgs__rosidl_typesupport_cpp
[ 39%] [32mBuilding CXX object CMakeFiles/task_manager_msgs__rosidl_typesupport_c.dir/rosidl_typesupport_c/task_manager_msgs/srv/get_all_task_status__type_support.cpp.o[0m
[ 40%] [32mBuilding CXX object CMakeFiles/task_manager_msgs__rosidl_typesupport_fastrtps_cpp.dir/rosidl_typesupport_fastrtps_cpp/task_manager_msgs/srv/detail/dds_fastrtps/get_all_task_status__type_support.cpp.o[0m
[ 42%] [32mBuilding CXX object CMakeFiles/task_manager_msgs__rosidl_typesupport_c.dir/rosidl_typesupport_c/task_manager_msgs/srv/stop_task__type_support.cpp.o[0m
[ 42%] [32mBuilding CXX object CMakeFiles/task_manager_msgs__rosidl_typesupport_c.dir/rosidl_typesupport_c/task_manager_msgs/srv/start_task__type_support.cpp.o[0m
[ 43%] [32mBuilding CXX object CMakeFiles/task_manager_msgs__rosidl_typesupport_c.dir/rosidl_typesupport_c/task_manager_msgs/srv/get_task_list__type_support.cpp.o[0m
[ 44%] [32mBuilding CXX object CMakeFiles/task_manager_msgs__rosidl_typesupport_c.dir/rosidl_typesupport_c/task_manager_msgs/msg/task_description__type_support.cpp.o[0m
[ 47%] [32mBuilding CXX object CMakeFiles/task_manager_msgs__rosidl_typesupport_fastrtps_cpp.dir/rosidl_typesupport_fastrtps_cpp/task_manager_msgs/srv/detail/dds_fastrtps/start_task__type_support.cpp.o[0m
[ 48%] [32mBuilding CXX object CMakeFiles/task_manager_msgs__rosidl_typesupport_fastrtps_cpp.dir/rosidl_typesupport_fastrtps_cpp/task_manager_msgs/srv/detail/dds_fastrtps/stop_task__type_support.cpp.o[0m
[ 49%] [32mBuilding CXX object CMakeFiles/task_manager_msgs__rosidl_typesupport_c.dir/rosidl_typesupport_c/task_manager_msgs/msg/task_parameter__type_support.cpp.o[0m
[ 49%] [32mBuilding CXX object CMakeFiles/task_manager_msgs__rosidl_typesupport_c.dir/rosidl_typesupport_c/task_manager_msgs/msg/task_status__type_support.cpp.o[0m
[ 49%] [32mBuilding CXX object CMakeFiles/task_manager_msgs__rosidl_typesupport_c.dir/rosidl_typesupport_c/task_manager_msgs/msg/task_config__type_support.cpp.o[0m
[ 50%] [32mBuilding CXX object CMakeFiles/task_manager_msgs__rosidl_typesupport_fastrtps_cpp.dir/rosidl_typesupport_fastrtps_cpp/task_manager_msgs/srv/detail/dds_fastrtps/get_task_list__type_support.cpp.o[0m
[ 51%] [32mBuilding C object CMakeFiles/task_manager_msgs__rosidl_typesupport_introspection_c.dir/rosidl_typesupport_introspection_c/task_manager_msgs/srv/detail/get_all_task_status__type_support.c.o[0m
[ 54%] [32mBuilding CXX object CMakeFiles/task_manager_msgs__rosidl_typesupport_fastrtps_cpp.dir/rosidl_typesupport_fastrtps_cpp/task_manager_msgs/msg/detail/dds_fastrtps/task_description__type_support.cpp.o[0m
[ 54%] [32mBuilding C object CMakeFiles/task_manager_msgs__rosidl_typesupport_introspection_c.dir/rosidl_typesupport_introspection_c/task_manager_msgs/srv/detail/start_task__type_support.c.o[0m
[ 54%] [32mBuilding CXX object CMakeFiles/task_manager_msgs__rosidl_typesupport_c.dir/rosidl_typesupport_c/task_manager_msgs/msg/sync_status__type_support.cpp.o[0m
[ 56%] [32mBuilding CXX object CMakeFiles/task_manager_msgs__rosidl_typesupport_fastrtps_c.dir/rosidl_typesupport_fastrtps_c/task_manager_msgs/srv/detail/get_all_task_status__type_support_c.cpp.o[0m
[ 56%] [32mBuilding CXX object CMakeFiles/task_manager_msgs__rosidl_typesupport_c.dir/rosidl_typesupport_c/task_manager_msgs/msg/encapsulated_message__type_support.cpp.o[0m
[ 57%] [32mBuilding CXX object CMakeFiles/task_manager_msgs__rosidl_typesupport_fastrtps_cpp.dir/rosidl_typesupport_fastrtps_cpp/task_manager_msgs/msg/detail/dds_fastrtps/task_parameter__type_support.cpp.o[0m
[ 59%] [32m[1mLinking CXX shared library libtask_manager_msgs__rosidl_typesupport_c.so[0m
[ 59%] [32mBuilding CXX object CMakeFiles/task_manager_msgs__rosidl_typesupport_fastrtps_cpp.dir/rosidl_typesupport_fastrtps_cpp/task_manager_msgs/msg/detail/dds_fastrtps/task_status__type_support.cpp.o[0m
[ 60%] [32mBuilding C object CMakeFiles/task_manager_msgs__rosidl_typesupport_introspection_c.dir/rosidl_typesupport_introspection_c/task_manager_msgs/srv/detail/stop_task__type_support.c.o[0m
[ 61%] [32mBuilding C object CMakeFiles/task_manager_msgs__rosidl_typesupport_introspection_c.dir/rosidl_typesupport_introspection_c/task_manager_msgs/srv/detail/get_task_list__type_support.c.o[0m
[ 62%] [32mBuilding C object CMakeFiles/task_manager_msgs__rosidl_typesupport_introspection_c.dir/rosidl_typesupport_introspection_c/task_manager_msgs/msg/detail/task_description__type_support.c.o[0m
[ 63%] [32mBuilding C object CMakeFiles/task_manager_msgs__rosidl_typesupport_introspection_c.dir/rosidl_typesupport_introspection_c/task_manager_msgs/msg/detail/task_parameter__type_support.c.o[0m
[ 64%] [32mBuilding C object CMakeFiles/task_manager_msgs__rosidl_typesupport_introspection_c.dir/rosidl_typesupport_introspection_c/task_manager_msgs/msg/detail/task_status__type_support.c.o[0m
[ 64%] [32mBuilding CXX object CMakeFiles/task_manager_msgs__rosidl_typesupport_fastrtps_c.dir/rosidl_typesupport_fastrtps_c/task_manager_msgs/srv/detail/start_task__type_support_c.cpp.o[0m
[ 66%] [32mBuilding C object CMakeFiles/task_manager_msgs__rosidl_typesupport_introspection_c.dir/rosidl_typesupport_introspection_c/task_manager_msgs/msg/detail/task_config__type_support.c.o[0m
[ 66%] [32mBuilding C object CMakeFiles/task_manager_msgs__rosidl_typesupport_introspection_c.dir/rosidl_typesupport_introspection_c/task_manager_msgs/msg/detail/sync_status__type_support.c.o[0m
[ 66%] Built target task_manager_msgs__rosidl_typesupport_c
[ 67%] [32mBuilding C object CMakeFiles/task_manager_msgs__rosidl_typesupport_introspection_c.dir/rosidl_typesupport_introspection_c/task_manager_msgs/msg/detail/encapsulated_message__type_support.c.o[0m
[ 68%] [32mBuilding CXX object CMakeFiles/task_manager_msgs__rosidl_typesupport_fastrtps_c.dir/rosidl_typesupport_fastrtps_c/task_manager_msgs/srv/detail/stop_task__type_support_c.cpp.o[0m
[ 69%] [32m[1mLinking CXX shared library libtask_manager_msgs__rosidl_typesupport_introspection_cpp.so[0m
[ 70%] [32mBuilding CXX object CMakeFiles/task_manager_msgs__rosidl_typesupport_fastrtps_c.dir/rosidl_typesupport_fastrtps_c/task_manager_msgs/srv/detail/get_task_list__type_support_c.cpp.o[0m
[ 71%] [32mBuilding CXX object CMakeFiles/task_manager_msgs__rosidl_typesupport_fastrtps_cpp.dir/rosidl_typesupport_fastrtps_cpp/task_manager_msgs/msg/detail/dds_fastrtps/task_config__type_support.cpp.o[0m
[ 72%] [32mBuilding CXX object CMakeFiles/task_manager_msgs__rosidl_typesupport_fastrtps_cpp.dir/rosidl_typesupport_fastrtps_cpp/task_manager_msgs/msg/detail/dds_fastrtps/sync_status__type_support.cpp.o[0m
[ 74%] [32mBuilding CXX object CMakeFiles/task_manager_msgs__rosidl_typesupport_fastrtps_c.dir/rosidl_typesupport_fastrtps_c/task_manager_msgs/msg/detail/task_description__type_support_c.cpp.o[0m
[ 74%] [32m[1mLinking C shared library libtask_manager_msgs__rosidl_typesupport_introspection_c.so[0m
[ 75%] [32mBuilding CXX object CMakeFiles/task_manager_msgs__rosidl_typesupport_fastrtps_cpp.dir/rosidl_typesupport_fastrtps_cpp/task_manager_msgs/msg/detail/dds_fastrtps/encapsulated_message__type_support.cpp.o[0m
[ 75%] Built target task_manager_msgs__rosidl_typesupport_introspection_c
[ 76%] [32mBuilding CXX object CMakeFiles/task_manager_msgs__rosidl_typesupport_fastrtps_c.dir/rosidl_typesupport_fastrtps_c/task_manager_msgs/msg/detail/task_parameter__type_support_c.cpp.o[0m
[ 77%] [32mBuilding CXX object CMakeFiles/task_manager_msgs__rosidl_typesupport_fastrtps_c.dir/rosidl_typesupport_fastrtps_c/task_manager_msgs/msg/detail/task_status__type_support_c.cpp.o[0m
[ 77%] Built target task_manager_msgs__rosidl_typesupport_introspection_cpp
[ 79%] [32mBuilding CXX object CMakeFiles/task_manager_msgs__rosidl_typesupport_fastrtps_c.dir/rosidl_typesupport_fastrtps_c/task_manager_msgs/msg/detail/sync_status__type_support_c.cpp.o[0m
[ 79%] [32mBuilding CXX object CMakeFiles/task_manager_msgs__rosidl_typesupport_fastrtps_c.dir/rosidl_typesupport_fastrtps_c/task_manager_msgs/msg/detail/task_config__type_support_c.cpp.o[0m
[ 80%] [32mBuilding CXX object CMakeFiles/task_manager_msgs__rosidl_typesupport_fastrtps_c.dir/rosidl_typesupport_fastrtps_c/task_manager_msgs/msg/detail/encapsulated_message__type_support_c.cpp.o[0m
[ 81%] [32m[1mLinking CXX shared library libtask_manager_msgs__rosidl_typesupport_fastrtps_cpp.so[0m
[ 82%] [32m[1mLinking CXX shared library libtask_manager_msgs__rosidl_typesupport_fastrtps_c.so[0m
[ 82%] Built target task_manager_msgs__rosidl_typesupport_fastrtps_cpp
[ 82%] Built target task_manager_msgs__rosidl_typesupport_fastrtps_c
[ 82%] Built target task_manager_msgs
[ 84%] [32mBuilding CXX object CMakeFiles/task_manager_msgs_encapsulate.dir/src/test_encapsulate.cpp.o[0m
[ 84%] [34m[1mGenerating Python code for ROS interfaces[0m
[ 84%] Built target task_manager_msgs__py
[ 88%] [32mBuilding C object CMakeFiles/task_manager_msgs__rosidl_generator_py.dir/rosidl_generator_py/task_manager_msgs/srv/_start_task_s.c.o[0m
[ 88%] [32mBuilding C object CMakeFiles/task_manager_msgs__rosidl_generator_py.dir/rosidl_generator_py/task_manager_msgs/srv/_stop_task_s.c.o[0m
[ 88%] [32mBuilding C object CMakeFiles/task_manager_msgs__rosidl_generator_py.dir/rosidl_generator_py/task_manager_msgs/srv/_get_all_task_status_s.c.o[0m
[ 89%] [32mBuilding C object CMakeFiles/task_manager_msgs__rosidl_generator_py.dir/rosidl_generator_py/task_manager_msgs/srv/_get_task_list_s.c.o[0m
[ 93%] [32mBuilding C object CMakeFiles/task_manager_msgs__rosidl_generator_py.dir/rosidl_generator_py/task_manager_msgs/msg/_task_parameter_s.c.o[0m
[ 93%] [32mBuilding C object CMakeFiles/task_manager_msgs__rosidl_generator_py.dir/rosidl_generator_py/task_manager_msgs/msg/_task_description_s.c.o[0m
[ 93%] [32mBuilding C object CMakeFiles/task_manager_msgs__rosidl_generator_py.dir/rosidl_generator_py/task_manager_msgs/msg/_task_config_s.c.o[0m
[ 93%] [32mBuilding C object CMakeFiles/task_manager_msgs__rosidl_generator_py.dir/rosidl_generator_py/task_manager_msgs/msg/_encapsulated_message_s.c.o[0m
[ 93%] [32mBuilding C object CMakeFiles/task_manager_msgs__rosidl_generator_py.dir/rosidl_generator_py/task_manager_msgs/msg/_task_status_s.c.o[0m
[ 93%] [32mBuilding C object CMakeFiles/task_manager_msgs__rosidl_generator_py.dir/rosidl_generator_py/task_manager_msgs/msg/_sync_status_s.c.o[0m
[ 94%] [32m[1mLinking C shared library rosidl_generator_py/task_manager_msgs/libtask_manager_msgs__rosidl_generator_py.so[0m
[ 94%] Built target task_manager_msgs__rosidl_generator_py
[ 96%] [32mBuilding C object CMakeFiles/task_manager_msgs__rosidl_typesupport_introspection_c__pyext.dir/rosidl_generator_py/task_manager_msgs/_task_manager_msgs_s.ep.rosidl_typesupport_introspection_c.c.o[0m
[ 96%] [32mBuilding C object CMakeFiles/task_manager_msgs__rosidl_typesupport_c__pyext.dir/rosidl_generator_py/task_manager_msgs/_task_manager_msgs_s.ep.rosidl_typesupport_c.c.o[0m
[ 96%] [32mBuilding C object CMakeFiles/task_manager_msgs__rosidl_typesupport_fastrtps_c__pyext.dir/rosidl_generator_py/task_manager_msgs/_task_manager_msgs_s.ep.rosidl_typesupport_fastrtps_c.c.o[0m
[ 98%] [32m[1mLinking C shared library rosidl_generator_py/task_manager_msgs/task_manager_msgs_s__rosidl_typesupport_fastrtps_c.cpython-310-x86_64-linux-gnu.so[0m
[ 98%] [32m[1mLinking C shared library rosidl_generator_py/task_manager_msgs/task_manager_msgs_s__rosidl_typesupport_c.cpython-310-x86_64-linux-gnu.so[0m
[ 99%] [32m[1mLinking C shared library rosidl_generator_py/task_manager_msgs/task_manager_msgs_s__rosidl_typesupport_introspection_c.cpython-310-x86_64-linux-gnu.so[0m
[ 99%] Built target task_manager_msgs__rosidl_typesupport_fastrtps_c__pyext
[ 99%] Built target task_manager_msgs__rosidl_typesupport_c__pyext
[ 99%] Built target task_manager_msgs__rosidl_typesupport_introspection_c__pyext
[100%] [32m[1mLinking CXX executable task_manager_msgs_encapsulate[0m
[100%] Built target task_manager_msgs_encapsulate
-- Install configuration: ""
-- Installing: /home/GTL/mgaddam/CS7630/ros2_ws/install/task_manager_msgs/share/ament_index/resource_index/rosidl_interfaces/task_manager_msgs
-- Up-to-date: /home/GTL/mgaddam/CS7630/ros2_ws/install/task_manager_msgs/include/task_manager_msgs/task_manager_msgs
-- Up-to-date: /home/GTL/mgaddam/CS7630/ros2_ws/install/task_manager_msgs/include/task_manager_msgs/task_manager_msgs/msg
-- Installing: /home/GTL/mgaddam/CS7630/ros2_ws/install/task_manager_msgs/include/task_manager_msgs/task_manager_msgs/msg/task_status.h
-- Installing: /home/GTL/mgaddam/CS7630/ros2_ws/install/task_manager_msgs/include/task_manager_msgs/task_manager_msgs/msg/sync_status.h
-- Up-to-date: /home/GTL/mgaddam/CS7630/ros2_ws/install/task_manager_msgs/include/task_manager_msgs/task_manager_msgs/msg/detail
-- Installing: /home/GTL/mgaddam/CS7630/ros2_ws/install/task_manager_msgs/include/task_manager_msgs/task_manager_msgs/msg/detail/task_parameter__functions.c
-- Installing: /home/GTL/mgaddam/CS7630/ros2_ws/install/task_manager_msgs/include/task_manager_msgs/task_manager_msgs/msg/detail/task_description__struct.h
-- Installing: /home/GTL/mgaddam/CS7630/ros2_ws/install/task_manager_msgs/include/task_manager_msgs/task_manager_msgs/msg/detail/task_description__type_support.h
-- Installing: /home/GTL/mgaddam/CS7630/ros2_ws/install/task_manager_msgs/include/task_manager_msgs/task_manager_msgs/msg/detail/task_parameter__functions.h
-- Installing: /home/GTL/mgaddam/CS7630/ros2_ws/install/task_manager_msgs/include/task_manager_msgs/task_manager_msgs/msg/detail/task_parameter__type_support.h
-- Installing: /home/GTL/mgaddam/CS7630/ros2_ws/install/task_manager_msgs/include/task_manager_msgs/task_manager_msgs/msg/detail/sync_status__type_support.h
-- Installing: /home/GTL/mgaddam/CS7630/ros2_ws/install/task_manager_msgs/include/task_manager_msgs/task_manager_msgs/msg/detail/task_config__struct.h
-- Installing: /home/GTL/mgaddam/CS7630/ros2_ws/install/task_manager_msgs/include/task_manager_msgs/task_manager_msgs/msg/detail/encapsulated_message__functions.c
-- Installing: /home/GTL/mgaddam/CS7630/ros2_ws/install/task_manager_msgs/include/task_manager_msgs/task_manager_msgs/msg/detail/task_description__functions.c
-- Installing: /home/GTL/mgaddam/CS7630/ros2_ws/install/task_manager_msgs/include/task_manager_msgs/task_manager_msgs/msg/detail/task_config__type_support.h
-- Installing: /home/GTL/mgaddam/CS7630/ros2_ws/install/task_manager_msgs/include/task_manager_msgs/task_manager_msgs/msg/detail/task_status__functions.c
-- Installing: /home/GTL/mgaddam/CS7630/ros2_ws/install/task_manager_msgs/include/task_manager_msgs/task_manager_msgs/msg/detail/encapsulated_message__functions.h
-- Installing: /home/GTL/mgaddam/CS7630/ros2_ws/install/task_manager_msgs/include/task_manager_msgs/task_manager_msgs/msg/detail/task_status__struct.h
-- Installing: /home/GTL/mgaddam/CS7630/ros2_ws/install/task_manager_msgs/include/task_manager_msgs/task_manager_msgs/msg/detail/task_config__functions.h
-- Installing: /home/GTL/mgaddam/CS7630/ros2_ws/install/task_manager_msgs/include/task_manager_msgs/task_manager_msgs/msg/detail/encapsulated_message__type_support.h
-- Installing: /home/GTL/mgaddam/CS7630/ros2_ws/install/task_manager_msgs/include/task_manager_msgs/task_manager_msgs/msg/detail/sync_status__struct.h
-- Installing: /home/GTL/mgaddam/CS7630/ros2_ws/install/task_manager_msgs/include/task_manager_msgs/task_manager_msgs/msg/detail/task_parameter__struct.h
-- Installing: /home/GTL/mgaddam/CS7630/ros2_ws/install/task_manager_msgs/include/task_manager_msgs/task_manager_msgs/msg/detail/task_config__functions.c
-- Installing: /home/GTL/mgaddam/CS7630/ros2_ws/install/task_manager_msgs/include/task_manager_msgs/task_manager_msgs/msg/detail/sync_status__functions.c
-- Installing: /home/GTL/mgaddam/CS7630/ros2_ws/install/task_manager_msgs/include/task_manager_msgs/task_manager_msgs/msg/detail/task_status__type_support.h
-- Installing: /home/GTL/mgaddam/CS7630/ros2_ws/install/task_manager_msgs/include/task_manager_msgs/task_manager_msgs/msg/detail/task_description__functions.h
-- Installing: /home/GTL/mgaddam/CS7630/ros2_ws/install/task_manager_msgs/include/task_manager_msgs/task_manager_msgs/msg/detail/sync_status__functions.h
-- Installing: /home/GTL/mgaddam/CS7630/ros2_ws/install/task_manager_msgs/include/task_manager_msgs/task_manager_msgs/msg/detail/encapsulated_message__struct.h
-- Installing: /home/GTL/mgaddam/CS7630/ros2_ws/install/task_manager_msgs/include/task_manager_msgs/task_manager_msgs/msg/detail/task_status__functions.h
-- Installing: /home/GTL/mgaddam/CS7630/ros2_ws/install/task_manager_msgs/include/task_manager_msgs/task_manager_msgs/msg/rosidl_generator_c__visibility_control.h
-- Installing: /home/GTL/mgaddam/CS7630/ros2_ws/install/task_manager_msgs/include/task_manager_msgs/task_manager_msgs/msg/encapsulated_message.h
-- Installing: /home/GTL/mgaddam/CS7630/ros2_ws/install/task_manager_msgs/include/task_manager_msgs/task_manager_msgs/msg/task_parameter.h
-- Installing: /home/GTL/mgaddam/CS7630/ros2_ws/install/task_manager_msgs/include/task_manager_msgs/task_manager_msgs/msg/task_description.h
-- Installing: /home/GTL/mgaddam/CS7630/ros2_ws/install/task_manager_msgs/include/task_manager_msgs/task_manager_msgs/msg/task_config.h
-- Up-to-date: /home/GTL/mgaddam/CS7630/ros2_ws/install/task_manager_msgs/include/task_manager_msgs/task_manager_msgs/srv
-- Installing: /home/GTL/mgaddam/CS7630/ros2_ws/install/task_manager_msgs/include/task_manager_msgs/task_manager_msgs/srv/stop_task.h
-- Up-to-date: /home/GTL/mgaddam/CS7630/ros2_ws/install/task_manager_msgs/include/task_manager_msgs/task_manager_msgs/srv/detail
-- Installing: /home/GTL/mgaddam/CS7630/ros2_ws/install/task_manager_msgs/include/task_manager_msgs/task_manager_msgs/srv/detail/stop_task__functions.c
-- Installing: /home/GTL/mgaddam/CS7630/ros2_ws/install/task_manager_msgs/include/task_manager_msgs/task_manager_msgs/srv/detail/get_task_list__struct.h
-- Installing: /home/GTL/mgaddam/CS7630/ros2_ws/install/task_manager_msgs/include/task_manager_msgs/task_manager_msgs/srv/detail/get_all_task_status__functions.h
-- Installing: /home/GTL/mgaddam/CS7630/ros2_ws/install/task_manager_msgs/include/task_manager_msgs/task_manager_msgs/srv/detail/stop_task__struct.h
-- Installing: /home/GTL/mgaddam/CS7630/ros2_ws/install/task_manager_msgs/include/task_manager_msgs/task_manager_msgs/srv/detail/start_task__functions.c
-- Installing: /home/GTL/mgaddam/CS7630/ros2_ws/install/task_manager_msgs/include/task_manager_msgs/task_manager_msgs/srv/detail/get_all_task_status__type_support.h
-- Installing: /home/GTL/mgaddam/CS7630/ros2_ws/install/task_manager_msgs/include/task_manager_msgs/task_manager_msgs/srv/detail/get_all_task_status__functions.c
-- Installing: /home/GTL/mgaddam/CS7630/ros2_ws/install/task_manager_msgs/include/task_manager_msgs/task_manager_msgs/srv/detail/get_task_list__functions.c
-- Installing: /home/GTL/mgaddam/CS7630/ros2_ws/install/task_manager_msgs/include/task_manager_msgs/task_manager_msgs/srv/detail/get_task_list__functions.h
-- Installing: /home/GTL/mgaddam/CS7630/ros2_ws/install/task_manager_msgs/include/task_manager_msgs/task_manager_msgs/srv/detail/start_task__struct.h
-- Installing: /home/GTL/mgaddam/CS7630/ros2_ws/install/task_manager_msgs/include/task_manager_msgs/task_manager_msgs/srv/detail/stop_task__functions.h
-- Installing: /home/GTL/mgaddam/CS7630/ros2_ws/install/task_manager_msgs/include/task_manager_msgs/task_manager_msgs/srv/detail/get_task_list__type_support.h
-- Installing: /home/GTL/mgaddam/CS7630/ros2_ws/install/task_manager_msgs/include/task_manager_msgs/task_manager_msgs/srv/detail/get_all_task_status__struct.h
-- Installing: /home/GTL/mgaddam/CS7630/ros2_ws/install/task_manager_msgs/include/task_manager_msgs/task_manager_msgs/srv/detail/stop_task__type_support.h
-- Installing: /home/GTL/mgaddam/CS7630/ros2_ws/install/task_manager_msgs/include/task_manager_msgs/task_manager_msgs/srv/detail/start_task__type_support.h
-- Installing: /home/GTL/mgaddam/CS7630/ros2_ws/install/task_manager_msgs/include/task_manager_msgs/task_manager_msgs/srv/detail/start_task__functions.h
-- Installing: /home/GTL/mgaddam/CS7630/ros2_ws/install/task_manager_msgs/include/task_manager_msgs/task_manager_msgs/srv/get_task_list.h
-- Installing: /home/GTL/mgaddam/CS7630/ros2_ws/install/task_manager_msgs/include/task_manager_msgs/task_manager_msgs/srv/start_task.h
-- Installing: /home/GTL/mgaddam/CS7630/ros2_ws/install/task_manager_msgs/include/task_manager_msgs/task_manager_msgs/srv/get_all_task_status.h
-- Installing: /home/GTL/mgaddam/CS7630/ros2_ws/install/task_manager_msgs/share/task_manager_msgs/environment/library_path.sh
-- Installing: /home/GTL/mgaddam/CS7630/ros2_ws/install/task_manager_msgs/share/task_manager_msgs/environment/library_path.dsv
-- Installing: /home/GTL/mgaddam/CS7630/ros2_ws/install/task_manager_msgs/lib/libtask_manager_msgs__rosidl_generator_c.so
-- Set runtime path of "/home/GTL/mgaddam/CS7630/ros2_ws/install/task_manager_msgs/lib/libtask_manager_msgs__rosidl_generator_c.so" to ""
-- Up-to-date: /home/GTL/mgaddam/CS7630/ros2_ws/install/task_manager_msgs/include/task_manager_msgs/task_manager_msgs
-- Up-to-date: /home/GTL/mgaddam/CS7630/ros2_ws/install/task_manager_msgs/include/task_manager_msgs/task_manager_msgs/msg
-- Up-to-date: /home/GTL/mgaddam/CS7630/ros2_ws/install/task_manager_msgs/include/task_manager_msgs/task_manager_msgs/msg/detail
-- Installing: /home/GTL/mgaddam/CS7630/ros2_ws/install/task_manager_msgs/include/task_manager_msgs/task_manager_msgs/msg/detail/task_config__rosidl_typesupport_fastrtps_c.h
-- Installing: /home/GTL/mgaddam/CS7630/ros2_ws/install/task_manager_msgs/include/task_manager_msgs/task_manager_msgs/msg/detail/sync_status__rosidl_typesupport_fastrtps_c.h
-- Installing: /home/GTL/mgaddam/CS7630/ros2_ws/install/task_manager_msgs/include/task_manager_msgs/task_manager_msgs/msg/detail/task_description__rosidl_typesupport_fastrtps_c.h
-- Installing: /home/GTL/mgaddam/CS7630/ros2_ws/install/task_manager_msgs/include/task_manager_msgs/task_manager_msgs/msg/detail/task_status__rosidl_typesupport_fastrtps_c.h
-- Installing: /home/GTL/mgaddam/CS7630/ros2_ws/install/task_manager_msgs/include/task_manager_msgs/task_manager_msgs/msg/detail/encapsulated_message__rosidl_typesupport_fastrtps_c.h
-- Installing: /home/GTL/mgaddam/CS7630/ros2_ws/install/task_manager_msgs/include/task_manager_msgs/task_manager_msgs/msg/detail/task_parameter__rosidl_typesupport_fastrtps_c.h
-- Installing: /home/GTL/mgaddam/CS7630/ros2_ws/install/task_manager_msgs/include/task_manager_msgs/task_manager_msgs/msg/rosidl_typesupport_fastrtps_c__visibility_control.h
-- Up-to-date: /home/GTL/mgaddam/CS7630/ros2_ws/install/task_manager_msgs/include/task_manager_msgs/task_manager_msgs/srv
-- Up-to-date: /home/GTL/mgaddam/CS7630/ros2_ws/install/task_manager_msgs/include/task_manager_msgs/task_manager_msgs/srv/detail
-- Installing: /home/GTL/mgaddam/CS7630/ros2_ws/install/task_manager_msgs/include/task_manager_msgs/task_manager_msgs/srv/detail/get_all_task_status__rosidl_typesupport_fastrtps_c.h
-- Installing: /home/GTL/mgaddam/CS7630/ros2_ws/install/task_manager_msgs/include/task_manager_msgs/task_manager_msgs/srv/detail/start_task__rosidl_typesupport_fastrtps_c.h
-- Installing: /home/GTL/mgaddam/CS7630/ros2_ws/install/task_manager_msgs/include/task_manager_msgs/task_manager_msgs/srv/detail/get_task_list__rosidl_typesupport_fastrtps_c.h
-- Installing: /home/GTL/mgaddam/CS7630/ros2_ws/install/task_manager_msgs/include/task_manager_msgs/task_manager_msgs/srv/detail/stop_task__rosidl_typesupport_fastrtps_c.h
-- Installing: /home/GTL/mgaddam/CS7630/ros2_ws/install/task_manager_msgs/lib/libtask_manager_msgs__rosidl_typesupport_fastrtps_c.so
-- Set runtime path of "/home/GTL/mgaddam/CS7630/ros2_ws/install/task_manager_msgs/lib/libtask_manager_msgs__rosidl_typesupport_fastrtps_c.so" to ""
-- Up-to-date: /home/GTL/mgaddam/CS7630/ros2_ws/install/task_manager_msgs/include/task_manager_msgs/task_manager_msgs
-- Up-to-date: /home/GTL/mgaddam/CS7630/ros2_ws/install/task_manager_msgs/include/task_manager_msgs/task_manager_msgs/msg
-- Installing: /home/GTL/mgaddam/CS7630/ros2_ws/install/task_manager_msgs/include/task_manager_msgs/task_manager_msgs/msg/sync_status.hpp
-- Installing: /home/GTL/mgaddam/CS7630/ros2_ws/install/task_manager_msgs/include/task_manager_msgs/task_manager_msgs/msg/encapsulated_message.hpp
-- Up-to-date: /home/GTL/mgaddam/CS7630/ros2_ws/install/task_manager_msgs/include/task_manager_msgs/task_manager_msgs/msg/detail
-- Installing: /home/GTL/mgaddam/CS7630/ros2_ws/install/task_manager_msgs/include/task_manager_msgs/task_manager_msgs/msg/detail/encapsulated_message__struct.hpp
-- Installing: /home/GTL/mgaddam/CS7630/ros2_ws/install/task_manager_msgs/include/task_manager_msgs/task_manager_msgs/msg/detail/task_config__traits.hpp
-- Installing: /home/GTL/mgaddam/CS7630/ros2_ws/install/task_manager_msgs/include/task_manager_msgs/task_manager_msgs/msg/detail/sync_status__builder.hpp
-- Installing: /home/GTL/mgaddam/CS7630/ros2_ws/install/task_manager_msgs/include/task_manager_msgs/task_manager_msgs/msg/detail/sync_status__traits.hpp
-- Installing: /home/GTL/mgaddam/CS7630/ros2_ws/install/task_manager_msgs/include/task_manager_msgs/task_manager_msgs/msg/detail/task_config__builder.hpp
-- Installing: /home/GTL/mgaddam/CS7630/ros2_ws/install/task_manager_msgs/include/task_manager_msgs/task_manager_msgs/msg/detail/task_status__builder.hpp
-- Installing: /home/GTL/mgaddam/CS7630/ros2_ws/install/task_manager_msgs/include/task_manager_msgs/task_manager_msgs/msg/detail/task_description__struct.hpp
-- Installing: /home/GTL/mgaddam/CS7630/ros2_ws/install/task_manager_msgs/include/task_manager_msgs/task_manager_msgs/msg/detail/encapsulated_message__traits.hpp
-- Installing: /home/GTL/mgaddam/CS7630/ros2_ws/install/task_manager_msgs/include/task_manager_msgs/task_manager_msgs/msg/detail/encapsulated_message__builder.hpp
-- Installing: /home/GTL/mgaddam/CS7630/ros2_ws/install/task_manager_msgs/include/task_manager_msgs/task_manager_msgs/msg/detail/task_config__struct.hpp
-- Installing: /home/GTL/mgaddam/CS7630/ros2_ws/install/task_manager_msgs/include/task_manager_msgs/task_manager_msgs/msg/detail/sync_status__struct.hpp
-- Installing: /home/GTL/mgaddam/CS7630/ros2_ws/install/task_manager_msgs/include/task_manager_msgs/task_manager_msgs/msg/detail/task_status__struct.hpp
-- Installing: /home/GTL/mgaddam/CS7630/ros2_ws/install/task_manager_msgs/include/task_manager_msgs/task_manager_msgs/msg/detail/task_status__traits.hpp
-- Installing: /home/GTL/mgaddam/CS7630/ros2_ws/install/task_manager_msgs/include/task_manager_msgs/task_manager_msgs/msg/detail/task_description__traits.hpp
-- Installing: /home/GTL/mgaddam/CS7630/ros2_ws/install/task_manager_msgs/include/task_manager_msgs/task_manager_msgs/msg/detail/task_description__builder.hpp
-- Installing: /home/GTL/mgaddam/CS7630/ros2_ws/install/task_manager_msgs/include/task_manager_msgs/task_manager_msgs/msg/detail/task_parameter__traits.hpp
-- Installing: /home/GTL/mgaddam/CS7630/ros2_ws/install/task_manager_msgs/include/task_manager_msgs/task_manager_msgs/msg/detail/task_parameter__builder.hpp
-- Installing: /home/GTL/mgaddam/CS7630/ros2_ws/install/task_manager_msgs/include/task_manager_msgs/task_manager_msgs/msg/detail/task_parameter__struct.hpp
-- Installing: /home/GTL/mgaddam/CS7630/ros2_ws/install/task_manager_msgs/include/task_manager_msgs/task_manager_msgs/msg/task_config.hpp
-- Installing: /home/GTL/mgaddam/CS7630/ros2_ws/install/task_manager_msgs/include/task_manager_msgs/task_manager_msgs/msg/task_parameter.hpp
-- Installing: /home/GTL/mgaddam/CS7630/ros2_ws/install/task_manager_msgs/include/task_manager_msgs/task_manager_msgs/msg/task_status.hpp
-- Installing: /home/GTL/mgaddam/CS7630/ros2_ws/install/task_manager_msgs/include/task_manager_msgs/task_manager_msgs/msg/task_description.hpp
-- Up-to-date: /home/GTL/mgaddam/CS7630/ros2_ws/install/task_manager_msgs/include/task_manager_msgs/task_manager_msgs/srv
-- Installing: /home/GTL/mgaddam/CS7630/ros2_ws/install/task_manager_msgs/include/task_manager_msgs/task_manager_msgs/srv/get_task_list.hpp
-- Installing: /home/GTL/mgaddam/CS7630/ros2_ws/install/task_manager_msgs/include/task_manager_msgs/task_manager_msgs/srv/stop_task.hpp
-- Up-to-date: /home/GTL/mgaddam/CS7630/ros2_ws/install/task_manager_msgs/include/task_manager_msgs/task_manager_msgs/srv/detail
-- Installing: /home/GTL/mgaddam/CS7630/ros2_ws/install/task_manager_msgs/include/task_manager_msgs/task_manager_msgs/srv/detail/stop_task__traits.hpp
-- Installing: /home/GTL/mgaddam/CS7630/ros2_ws/install/task_manager_msgs/include/task_manager_msgs/task_manager_msgs/srv/detail/get_all_task_status__struct.hpp
-- Installing: /home/GTL/mgaddam/CS7630/ros2_ws/install/task_manager_msgs/include/task_manager_msgs/task_manager_msgs/srv/detail/start_task__builder.hpp
-- Installing: /home/GTL/mgaddam/CS7630/ros2_ws/install/task_manager_msgs/include/task_manager_msgs/task_manager_msgs/srv/detail/get_task_list__struct.hpp
-- Installing: /home/GTL/mgaddam/CS7630/ros2_ws/install/task_manager_msgs/include/task_manager_msgs/task_manager_msgs/srv/detail/get_all_task_status__builder.hpp
-- Installing: /home/GTL/mgaddam/CS7630/ros2_ws/install/task_manager_msgs/include/task_manager_msgs/task_manager_msgs/srv/detail/stop_task__struct.hpp
-- Installing: /home/GTL/mgaddam/CS7630/ros2_ws/install/task_manager_msgs/include/task_manager_msgs/task_manager_msgs/srv/detail/start_task__traits.hpp
-- Installing: /home/GTL/mgaddam/CS7630/ros2_ws/install/task_manager_msgs/include/task_manager_msgs/task_manager_msgs/srv/detail/stop_task__builder.hpp
-- Installing: /home/GTL/mgaddam/CS7630/ros2_ws/install/task_manager_msgs/include/task_manager_msgs/task_manager_msgs/srv/detail/start_task__struct.hpp
-- Installing: /home/GTL/mgaddam/CS7630/ros2_ws/install/task_manager_msgs/include/task_manager_msgs/task_manager_msgs/srv/detail/get_task_list__traits.hpp
-- Installing: /home/GTL/mgaddam/CS7630/ros2_ws/install/task_manager_msgs/include/task_manager_msgs/task_manager_msgs/srv/detail/get_all_task_status__traits.hpp
-- Installing: /home/GTL/mgaddam/CS7630/ros2_ws/install/task_manager_msgs/include/task_manager_msgs/task_manager_msgs/srv/detail/get_task_list__builder.hpp
-- Installing: /home/GTL/mgaddam/CS7630/ros2_ws/install/task_manager_msgs/include/task_manager_msgs/task_manager_msgs/srv/start_task.hpp
-- Installing: /home/GTL/mgaddam/CS7630/ros2_ws/install/task_manager_msgs/include/task_manager_msgs/task_manager_msgs/srv/get_all_task_status.hpp
-- Up-to-date: /home/GTL/mgaddam/CS7630/ros2_ws/install/task_manager_msgs/include/task_manager_msgs/task_manager_msgs
-- Up-to-date: /home/GTL/mgaddam/CS7630/ros2_ws/install/task_manager_msgs/include/task_manager_msgs/task_manager_msgs/msg
-- Up-to-date: /home/GTL/mgaddam/CS7630/ros2_ws/install/task_manager_msgs/include/task_manager_msgs/task_manager_msgs/msg/detail
-- Installing: /home/GTL/mgaddam/CS7630/ros2_ws/install/task_manager_msgs/include/task_manager_msgs/task_manager_msgs/msg/detail/task_config__rosidl_typesupport_fastrtps_cpp.hpp
-- Up-to-date: /home/GTL/mgaddam/CS7630/ros2_ws/install/task_manager_msgs/include/task_manager_msgs/task_manager_msgs/msg/detail/dds_fastrtps
-- Installing: /home/GTL/mgaddam/CS7630/ros2_ws/install/task_manager_msgs/include/task_manager_msgs/task_manager_msgs/msg/detail/encapsulated_message__rosidl_typesupport_fastrtps_cpp.hpp
-- Installing: /home/GTL/mgaddam/CS7630/ros2_ws/install/task_manager_msgs/include/task_manager_msgs/task_manager_msgs/msg/detail/task_description__rosidl_typesupport_fastrtps_cpp.hpp
-- Installing: /home/GTL/mgaddam/CS7630/ros2_ws/install/task_manager_msgs/include/task_manager_msgs/task_manager_msgs/msg/detail/task_status__rosidl_typesupport_fastrtps_cpp.hpp
-- Installing: /home/GTL/mgaddam/CS7630/ros2_ws/install/task_manager_msgs/include/task_manager_msgs/task_manager_msgs/msg/detail/sync_status__rosidl_typesupport_fastrtps_cpp.hpp
-- Installing: /home/GTL/mgaddam/CS7630/ros2_ws/install/task_manager_msgs/include/task_manager_msgs/task_manager_msgs/msg/detail/task_parameter__rosidl_typesupport_fastrtps_cpp.hpp
-- Installing: /home/GTL/mgaddam/CS7630/ros2_ws/install/task_manager_msgs/include/task_manager_msgs/task_manager_msgs/msg/rosidl_typesupport_fastrtps_cpp__visibility_control.h
-- Up-to-date: /home/GTL/mgaddam/CS7630/ros2_ws/install/task_manager_msgs/include/task_manager_msgs/task_manager_msgs/srv
-- Up-to-date: /home/GTL/mgaddam/CS7630/ros2_ws/install/task_manager_msgs/include/task_manager_msgs/task_manager_msgs/srv/detail
-- Installing: /home/GTL/mgaddam/CS7630/ros2_ws/install/task_manager_msgs/include/task_manager_msgs/task_manager_msgs/srv/detail/get_task_list__rosidl_typesupport_fastrtps_cpp.hpp
-- Installing: /home/GTL/mgaddam/CS7630/ros2_ws/install/task_manager_msgs/include/task_manager_msgs/task_manager_msgs/srv/detail/start_task__rosidl_typesupport_fastrtps_cpp.hpp
-- Installing: /home/GTL/mgaddam/CS7630/ros2_ws/install/task_manager_msgs/include/task_manager_msgs/task_manager_msgs/srv/detail/get_all_task_status__rosidl_typesupport_fastrtps_cpp.hpp
-- Up-to-date: /home/GTL/mgaddam/CS7630/ros2_ws/install/task_manager_msgs/include/task_manager_msgs/task_manager_msgs/srv/detail/dds_fastrtps
-- Installing: /home/GTL/mgaddam/CS7630/ros2_ws/install/task_manager_msgs/include/task_manager_msgs/task_manager_msgs/srv/detail/stop_task__rosidl_typesupport_fastrtps_cpp.hpp
-- Installing: /home/GTL/mgaddam/CS7630/ros2_ws/install/task_manager_msgs/lib/libtask_manager_msgs__rosidl_typesupport_fastrtps_cpp.so
-- Set runtime path of "/home/GTL/mgaddam/CS7630/ros2_ws/install/task_manager_msgs/lib/libtask_manager_msgs__rosidl_typesupport_fastrtps_cpp.so" to ""
-- Up-to-date: /home/GTL/mgaddam/CS7630/ros2_ws/install/task_manager_msgs/include/task_manager_msgs/task_manager_msgs
-- Up-to-date: /home/GTL/mgaddam/CS7630/ros2_ws/install/task_manager_msgs/include/task_manager_msgs/task_manager_msgs/msg
-- Up-to-date: /home/GTL/mgaddam/CS7630/ros2_ws/install/task_manager_msgs/include/task_manager_msgs/task_manager_msgs/msg/detail
-- Installing: /home/GTL/mgaddam/CS7630/ros2_ws/install/task_manager_msgs/include/task_manager_msgs/task_manager_msgs/msg/detail/task_parameter__type_support.c
-- Installing: /home/GTL/mgaddam/CS7630/ros2_ws/install/task_manager_msgs/include/task_manager_msgs/task_manager_msgs/msg/detail/task_parameter__rosidl_typesupport_introspection_c.h
-- Installing: /home/GTL/mgaddam/CS7630/ros2_ws/install/task_manager_msgs/include/task_manager_msgs/task_manager_msgs/msg/detail/encapsulated_message__rosidl_typesupport_introspection_c.h
-- Installing: /home/GTL/mgaddam/CS7630/ros2_ws/install/task_manager_msgs/include/task_manager_msgs/task_manager_msgs/msg/detail/sync_status__type_support.c
-- Installing: /home/GTL/mgaddam/CS7630/ros2_ws/install/task_manager_msgs/include/task_manager_msgs/task_manager_msgs/msg/detail/task_description__type_support.c
-- Installing: /home/GTL/mgaddam/CS7630/ros2_ws/install/task_manager_msgs/include/task_manager_msgs/task_manager_msgs/msg/detail/sync_status__rosidl_typesupport_introspection_c.h
-- Installing: /home/GTL/mgaddam/CS7630/ros2_ws/install/task_manager_msgs/include/task_manager_msgs/task_manager_msgs/msg/detail/task_config__type_support.c
-- Installing: /home/GTL/mgaddam/CS7630/ros2_ws/install/task_manager_msgs/include/task_manager_msgs/task_manager_msgs/msg/detail/task_description__rosidl_typesupport_introspection_c.h
-- Installing: /home/GTL/mgaddam/CS7630/ros2_ws/install/task_manager_msgs/include/task_manager_msgs/task_manager_msgs/msg/detail/task_status__rosidl_typesupport_introspection_c.h
-- Installing: /home/GTL/mgaddam/CS7630/ros2_ws/install/task_manager_msgs/include/task_manager_msgs/task_manager_msgs/msg/detail/task_config__rosidl_typesupport_introspection_c.h
-- Installing: /home/GTL/mgaddam/CS7630/ros2_ws/install/task_manager_msgs/include/task_manager_msgs/task_manager_msgs/msg/detail/task_status__type_support.c
-- Installing: /home/GTL/mgaddam/CS7630/ros2_ws/install/task_manager_msgs/include/task_manager_msgs/task_manager_msgs/msg/detail/encapsulated_message__type_support.c
-- Installing: /home/GTL/mgaddam/CS7630/ros2_ws/install/task_manager_msgs/include/task_manager_msgs/task_manager_msgs/msg/rosidl_typesupport_introspection_c__visibility_control.h
-- Up-to-date: /home/GTL/mgaddam/CS7630/ros2_ws/install/task_manager_msgs/include/task_manager_msgs/task_manager_msgs/srv
-- Up-to-date: /home/GTL/mgaddam/CS7630/ros2_ws/install/task_manager_msgs/include/task_manager_msgs/task_manager_msgs/srv/detail
-- Installing: /home/GTL/mgaddam/CS7630/ros2_ws/install/task_manager_msgs/include/task_manager_msgs/task_manager_msgs/srv/detail/start_task__type_support.c
-- Installing: /home/GTL/mgaddam/CS7630/ros2_ws/install/task_manager_msgs/include/task_manager_msgs/task_manager_msgs/srv/detail/get_all_task_status__rosidl_typesupport_introspection_c.h
-- Installing: /home/GTL/mgaddam/CS7630/ros2_ws/install/task_manager_msgs/include/task_manager_msgs/task_manager_msgs/srv/detail/get_all_task_status__type_support.c
-- Installing: /home/GTL/mgaddam/CS7630/ros2_ws/install/task_manager_msgs/include/task_manager_msgs/task_manager_msgs/srv/detail/start_task__rosidl_typesupport_introspection_c.h
-- Installing: /home/GTL/mgaddam/CS7630/ros2_ws/install/task_manager_msgs/include/task_manager_msgs/task_manager_msgs/srv/detail/stop_task__type_support.c
-- Installing: /home/GTL/mgaddam/CS7630/ros2_ws/install/task_manager_msgs/include/task_manager_msgs/task_manager_msgs/srv/detail/get_task_list__rosidl_typesupport_introspection_c.h
-- Installing: /home/GTL/mgaddam/CS7630/ros2_ws/install/task_manager_msgs/include/task_manager_msgs/task_manager_msgs/srv/detail/stop_task__rosidl_typesupport_introspection_c.h
-- Installing: /home/GTL/mgaddam/CS7630/ros2_ws/install/task_manager_msgs/include/task_manager_msgs/task_manager_msgs/srv/detail/get_task_list__type_support.c
-- Installing: /home/GTL/mgaddam/CS7630/ros2_ws/install/task_manager_msgs/lib/libtask_manager_msgs__rosidl_typesupport_introspection_c.so
-- Set runtime path of "/home/GTL/mgaddam/CS7630/ros2_ws/install/task_manager_msgs/lib/libtask_manager_msgs__rosidl_typesupport_introspection_c.so" to ""
-- Installing: /home/GTL/mgaddam/CS7630/ros2_ws/install/task_manager_msgs/lib/libtask_manager_msgs__rosidl_typesupport_c.so
-- Set runtime path of "/home/GTL/mgaddam/CS7630/ros2_ws/install/task_manager_msgs/lib/libtask_manager_msgs__rosidl_typesupport_c.so" to ""
-- Up-to-date: /home/GTL/mgaddam/CS7630/ros2_ws/install/task_manager_msgs/include/task_manager_msgs/task_manager_msgs
-- Up-to-date: /home/GTL/mgaddam/CS7630/ros2_ws/install/task_manager_msgs/include/task_manager_msgs/task_manager_msgs/msg
-- Up-to-date: /home/GTL/mgaddam/CS7630/ros2_ws/install/task_manager_msgs/include/task_manager_msgs/task_manager_msgs/msg/detail
-- Installing: /home/GTL/mgaddam/CS7630/ros2_ws/install/task_manager_msgs/include/task_manager_msgs/task_manager_msgs/msg/detail/task_parameter__rosidl_typesupport_introspection_cpp.hpp
-- Installing: /home/GTL/mgaddam/CS7630/ros2_ws/install/task_manager_msgs/include/task_manager_msgs/task_manager_msgs/msg/detail/encapsulated_message__rosidl_typesupport_introspection_cpp.hpp
-- Installing: /home/GTL/mgaddam/CS7630/ros2_ws/install/task_manager_msgs/include/task_manager_msgs/task_manager_msgs/msg/detail/task_status__rosidl_typesupport_introspection_cpp.hpp
-- Installing: /home/GTL/mgaddam/CS7630/ros2_ws/install/task_manager_msgs/include/task_manager_msgs/task_manager_msgs/msg/detail/encapsulated_message__type_support.cpp
-- Installing: /home/GTL/mgaddam/CS7630/ros2_ws/install/task_manager_msgs/include/task_manager_msgs/task_manager_msgs/msg/detail/sync_status__type_support.cpp
-- Installing: /home/GTL/mgaddam/CS7630/ros2_ws/install/task_manager_msgs/include/task_manager_msgs/task_manager_msgs/msg/detail/sync_status__rosidl_typesupport_introspection_cpp.hpp
-- Installing: /home/GTL/mgaddam/CS7630/ros2_ws/install/task_manager_msgs/include/task_manager_msgs/task_manager_msgs/msg/detail/task_description__rosidl_typesupport_introspection_cpp.hpp
-- Installing: /home/GTL/mgaddam/CS7630/ros2_ws/install/task_manager_msgs/include/task_manager_msgs/task_manager_msgs/msg/detail/task_config__type_support.cpp
-- Installing: /home/GTL/mgaddam/CS7630/ros2_ws/install/task_manager_msgs/include/task_manager_msgs/task_manager_msgs/msg/detail/task_description__type_support.cpp
-- Installing: /home/GTL/mgaddam/CS7630/ros2_ws/install/task_manager_msgs/include/task_manager_msgs/task_manager_msgs/msg/detail/task_config__rosidl_typesupport_introspection_cpp.hpp
-- Installing: /home/GTL/mgaddam/CS7630/ros2_ws/install/task_manager_msgs/include/task_manager_msgs/task_manager_msgs/msg/detail/task_status__type_support.cpp
-- Installing: /home/GTL/mgaddam/CS7630/ros2_ws/install/task_manager_msgs/include/task_manager_msgs/task_manager_msgs/msg/detail/task_parameter__type_support.cpp
-- Up-to-date: /home/GTL/mgaddam/CS7630/ros2_ws/install/task_manager_msgs/include/task_manager_msgs/task_manager_msgs/srv
-- Up-to-date: /home/GTL/mgaddam/CS7630/ros2_ws/install/task_manager_msgs/include/task_manager_msgs/task_manager_msgs/srv/detail
-- Installing: /home/GTL/mgaddam/CS7630/ros2_ws/install/task_manager_msgs/include/task_manager_msgs/task_manager_msgs/srv/detail/get_all_task_status__rosidl_typesupport_introspection_cpp.hpp
-- Installing: /home/GTL/mgaddam/CS7630/ros2_ws/install/task_manager_msgs/include/task_manager_msgs/task_manager_msgs/srv/detail/start_task__rosidl_typesupport_introspection_cpp.hpp
-- Installing: /home/GTL/mgaddam/CS7630/ros2_ws/install/task_manager_msgs/include/task_manager_msgs/task_manager_msgs/srv/detail/start_task__type_support.cpp
-- Installing: /home/GTL/mgaddam/CS7630/ros2_ws/install/task_manager_msgs/include/task_manager_msgs/task_manager_msgs/srv/detail/get_all_task_status__type_support.cpp
-- Installing: /home/GTL/mgaddam/CS7630/ros2_ws/install/task_manager_msgs/include/task_manager_msgs/task_manager_msgs/srv/detail/stop_task__rosidl_typesupport_introspection_cpp.hpp
-- Installing: /home/GTL/mgaddam/CS7630/ros2_ws/install/task_manager_msgs/include/task_manager_msgs/task_manager_msgs/srv/detail/stop_task__type_support.cpp
-- Installing: /home/GTL/mgaddam/CS7630/ros2_ws/install/task_manager_msgs/include/task_manager_msgs/task_manager_msgs/srv/detail/get_task_list__type_support.cpp
-- Installing: /home/GTL/mgaddam/CS7630/ros2_ws/install/task_manager_msgs/include/task_manager_msgs/task_manager_msgs/srv/detail/get_task_list__rosidl_typesupport_introspection_cpp.hpp
-- Installing: /home/GTL/mgaddam/CS7630/ros2_ws/install/task_manager_msgs/lib/libtask_manager_msgs__rosidl_typesupport_introspection_cpp.so
-- Set runtime path of "/home/GTL/mgaddam/CS7630/ros2_ws/install/task_manager_msgs/lib/libtask_manager_msgs__rosidl_typesupport_introspection_cpp.so" to ""
-- Installing: /home/GTL/mgaddam/CS7630/ros2_ws/install/task_manager_msgs/lib/libtask_manager_msgs__rosidl_typesupport_cpp.so
-- Set runtime path of "/home/GTL/mgaddam/CS7630/ros2_ws/install/task_manager_msgs/lib/libtask_manager_msgs__rosidl_typesupport_cpp.so" to ""
-- Installing: /home/GTL/mgaddam/CS7630/ros2_ws/install/task_manager_msgs/share/task_manager_msgs/environment/pythonpath.sh
-- Installing: /home/GTL/mgaddam/CS7630/ros2_ws/install/task_manager_msgs/share/task_manager_msgs/environment/pythonpath.dsv
-- Up-to-date: /home/GTL/mgaddam/CS7630/ros2_ws/install/task_manager_msgs/local/lib/python3.10/dist-packages/task_manager_msgs-0.0.0-py3.10.egg-info
-- Installing: /home/GTL/mgaddam/CS7630/ros2_ws/install/task_manager_msgs/local/lib/python3.10/dist-packages/task_manager_msgs-0.0.0-py3.10.egg-info/dependency_links.txt
-- Installing: /home/GTL/mgaddam/CS7630/ros2_ws/install/task_manager_msgs/local/lib/python3.10/dist-packages/task_manager_msgs-0.0.0-py3.10.egg-info/top_level.txt
-- Installing: /home/GTL/mgaddam/CS7630/ros2_ws/install/task_manager_msgs/local/lib/python3.10/dist-packages/task_manager_msgs-0.0.0-py3.10.egg-info/PKG-INFO
-- Installing: /home/GTL/mgaddam/CS7630/ros2_ws/install/task_manager_msgs/local/lib/python3.10/dist-packages/task_manager_msgs-0.0.0-py3.10.egg-info/SOURCES.txt
-- Up-to-date: /home/GTL/mgaddam/CS7630/ros2_ws/install/task_manager_msgs/local/lib/python3.10/dist-packages/task_manager_msgs
-- Up-to-date: /home/GTL/mgaddam/CS7630/ros2_ws/install/task_manager_msgs/local/lib/python3.10/dist-packages/task_manager_msgs/msg
-- Installing: /home/GTL/mgaddam/CS7630/ros2_ws/install/task_manager_msgs/local/lib/python3.10/dist-packages/task_manager_msgs/msg/_encapsulated_message_s.c
-- Installing: /home/GTL/mgaddam/CS7630/ros2_ws/install/task_manager_msgs/local/lib/python3.10/dist-packages/task_manager_msgs/msg/_task_description_s.c
-- Installing: /home/GTL/mgaddam/CS7630/ros2_ws/install/task_manager_msgs/local/lib/python3.10/dist-packages/task_manager_msgs/msg/_task_parameter.py
-- Installing: /home/GTL/mgaddam/CS7630/ros2_ws/install/task_manager_msgs/local/lib/python3.10/dist-packages/task_manager_msgs/msg/_sync_status_s.c
-- Installing: /home/GTL/mgaddam/CS7630/ros2_ws/install/task_manager_msgs/local/lib/python3.10/dist-packages/task_manager_msgs/msg/_task_config.py
-- Installing: /home/GTL/mgaddam/CS7630/ros2_ws/install/task_manager_msgs/local/lib/python3.10/dist-packages/task_manager_msgs/msg/_task_parameter_s.c
-- Installing: /home/GTL/mgaddam/CS7630/ros2_ws/install/task_manager_msgs/local/lib/python3.10/dist-packages/task_manager_msgs/msg/_task_status.py
-- Installing: /home/GTL/mgaddam/CS7630/ros2_ws/install/task_manager_msgs/local/lib/python3.10/dist-packages/task_manager_msgs/msg/_task_description.py
-- Installing: /home/GTL/mgaddam/CS7630/ros2_ws/install/task_manager_msgs/local/lib/python3.10/dist-packages/task_manager_msgs/msg/__init__.py
-- Installing: /home/GTL/mgaddam/CS7630/ros2_ws/install/task_manager_msgs/local/lib/python3.10/dist-packages/task_manager_msgs/msg/_sync_status.py
-- Installing: /home/GTL/mgaddam/CS7630/ros2_ws/install/task_manager_msgs/local/lib/python3.10/dist-packages/task_manager_msgs/msg/_encapsulated_message.py
-- Installing: /home/GTL/mgaddam/CS7630/ros2_ws/install/task_manager_msgs/local/lib/python3.10/dist-packages/task_manager_msgs/msg/_task_config_s.c
-- Installing: /home/GTL/mgaddam/CS7630/ros2_ws/install/task_manager_msgs/local/lib/python3.10/dist-packages/task_manager_msgs/msg/_task_status_s.c
-- Installing: /home/GTL/mgaddam/CS7630/ros2_ws/install/task_manager_msgs/local/lib/python3.10/dist-packages/task_manager_msgs/task_manager_msgs_s__rosidl_typesupport_introspection_c.cpython-310-x86_64-linux-gnu.so
-- Installing: /home/GTL/mgaddam/CS7630/ros2_ws/install/task_manager_msgs/local/lib/python3.10/dist-packages/task_manager_msgs/_task_manager_msgs_s.ep.rosidl_typesupport_introspection_c.c
-- Installing: /home/GTL/mgaddam/CS7630/ros2_ws/install/task_manager_msgs/local/lib/python3.10/dist-packages/task_manager_msgs/__init__.py
-- Installing: /home/GTL/mgaddam/CS7630/ros2_ws/install/task_manager_msgs/local/lib/python3.10/dist-packages/task_manager_msgs/_task_manager_msgs_s.ep.rosidl_typesupport_c.c
-- Installing: /home/GTL/mgaddam/CS7630/ros2_ws/install/task_manager_msgs/local/lib/python3.10/dist-packages/task_manager_msgs/task_manager_msgs_s__rosidl_typesupport_c.cpython-310-x86_64-linux-gnu.so
-- Up-to-date: /home/GTL/mgaddam/CS7630/ros2_ws/install/task_manager_msgs/local/lib/python3.10/dist-packages/task_manager_msgs/srv
-- Installing: /home/GTL/mgaddam/CS7630/ros2_ws/install/task_manager_msgs/local/lib/python3.10/dist-packages/task_manager_msgs/srv/_stop_task_s.c
-- Installing: /home/GTL/mgaddam/CS7630/ros2_ws/install/task_manager_msgs/local/lib/python3.10/dist-packages/task_manager_msgs/srv/_start_task_s.c
-- Installing: /home/GTL/mgaddam/CS7630/ros2_ws/install/task_manager_msgs/local/lib/python3.10/dist-packages/task_manager_msgs/srv/_get_all_task_status_s.c
-- Installing: /home/GTL/mgaddam/CS7630/ros2_ws/install/task_manager_msgs/local/lib/python3.10/dist-packages/task_manager_msgs/srv/_get_task_list.py
-- Installing: /home/GTL/mgaddam/CS7630/ros2_ws/install/task_manager_msgs/local/lib/python3.10/dist-packages/task_manager_msgs/srv/__init__.py
-- Installing: /home/GTL/mgaddam/CS7630/ros2_ws/install/task_manager_msgs/local/lib/python3.10/dist-packages/task_manager_msgs/srv/_get_all_task_status.py
-- Installing: /home/GTL/mgaddam/CS7630/ros2_ws/install/task_manager_msgs/local/lib/python3.10/dist-packages/task_manager_msgs/srv/_stop_task.py
-- Installing: /home/GTL/mgaddam/CS7630/ros2_ws/install/task_manager_msgs/local/lib/python3.10/dist-packages/task_manager_msgs/srv/_get_task_list_s.c
-- Installing: /home/GTL/mgaddam/CS7630/ros2_ws/install/task_manager_msgs/local/lib/python3.10/dist-packages/task_manager_msgs/srv/_start_task.py
-- Installing: /home/GTL/mgaddam/CS7630/ros2_ws/install/task_manager_msgs/local/lib/python3.10/dist-packages/task_manager_msgs/_task_manager_msgs_s.ep.rosidl_typesupport_fastrtps_c.c
-- Installing: /home/GTL/mgaddam/CS7630/ros2_ws/install/task_manager_msgs/local/lib/python3.10/dist-packages/task_manager_msgs/task_manager_msgs_s__rosidl_typesupport_fastrtps_c.cpython-310-x86_64-linux-gnu.so
-- Installing: /home/GTL/mgaddam/CS7630/ros2_ws/install/task_manager_msgs/local/lib/python3.10/dist-packages/task_manager_msgs/libtask_manager_msgs__rosidl_generator_py.so
Listing '/home/GTL/mgaddam/CS7630/ros2_ws/install/task_manager_msgs/local/lib/python3.10/dist-packages/task_manager_msgs'...
Compiling '/home/GTL/mgaddam/CS7630/ros2_ws/install/task_manager_msgs/local/lib/python3.10/dist-packages/task_manager_msgs/__init__.py'...
Listing '/home/GTL/mgaddam/CS7630/ros2_ws/install/task_manager_msgs/local/lib/python3.10/dist-packages/task_manager_msgs/msg'...
Compiling '/home/GTL/mgaddam/CS7630/ros2_ws/install/task_manager_msgs/local/lib/python3.10/dist-packages/task_manager_msgs/msg/__init__.py'...
Compiling '/home/GTL/mgaddam/CS7630/ros2_ws/install/task_manager_msgs/local/lib/python3.10/dist-packages/task_manager_msgs/msg/_encapsulated_message.py'...
Compiling '/home/GTL/mgaddam/CS7630/ros2_ws/install/task_manager_msgs/local/lib/python3.10/dist-packages/task_manager_msgs/msg/_sync_status.py'...
Compiling '/home/GTL/mgaddam/CS7630/ros2_ws/install/task_manager_msgs/local/lib/python3.10/dist-packages/task_manager_msgs/msg/_task_config.py'...
Compiling '/home/GTL/mgaddam/CS7630/ros2_ws/install/task_manager_msgs/local/lib/python3.10/dist-packages/task_manager_msgs/msg/_task_description.py'...
Compiling '/home/GTL/mgaddam/CS7630/ros2_ws/install/task_manager_msgs/local/lib/python3.10/dist-packages/task_manager_msgs/msg/_task_parameter.py'...
Compiling '/home/GTL/mgaddam/CS7630/ros2_ws/install/task_manager_msgs/local/lib/python3.10/dist-packages/task_manager_msgs/msg/_task_status.py'...
Listing '/home/GTL/mgaddam/CS7630/ros2_ws/install/task_manager_msgs/local/lib/python3.10/dist-packages/task_manager_msgs/srv'...
Compiling '/home/GTL/mgaddam/CS7630/ros2_ws/install/task_manager_msgs/local/lib/python3.10/dist-packages/task_manager_msgs/srv/__init__.py'...
Compiling '/home/GTL/mgaddam/CS7630/ros2_ws/install/task_manager_msgs/local/lib/python3.10/dist-packages/task_manager_msgs/srv/_get_all_task_status.py'...
Compiling '/home/GTL/mgaddam/CS7630/ros2_ws/install/task_manager_msgs/local/lib/python3.10/dist-packages/task_manager_msgs/srv/_get_task_list.py'...
Compiling '/home/GTL/mgaddam/CS7630/ros2_ws/install/task_manager_msgs/local/lib/python3.10/dist-packages/task_manager_msgs/srv/_start_task.py'...
Compiling '/home/GTL/mgaddam/CS7630/ros2_ws/install/task_manager_msgs/local/lib/python3.10/dist-packages/task_manager_msgs/srv/_stop_task.py'...
-- Installing: /home/GTL/mgaddam/CS7630/ros2_ws/install/task_manager_msgs/local/lib/python3.10/dist-packages/task_manager_msgs/task_manager_msgs_s__rosidl_typesupport_fastrtps_c.cpython-310-x86_64-linux-gnu.so
-- Set runtime path of "/home/GTL/mgaddam/CS7630/ros2_ws/install/task_manager_msgs/local/lib/python3.10/dist-packages/task_manager_msgs/task_manager_msgs_s__rosidl_typesupport_fastrtps_c.cpython-310-x86_64-linux-gnu.so" to ""
-- Installing: /home/GTL/mgaddam/CS7630/ros2_ws/install/task_manager_msgs/local/lib/python3.10/dist-packages/task_manager_msgs/task_manager_msgs_s__rosidl_typesupport_introspection_c.cpython-310-x86_64-linux-gnu.so
-- Set runtime path of "/home/GTL/mgaddam/CS7630/ros2_ws/install/task_manager_msgs/local/lib/python3.10/dist-packages/task_manager_msgs/task_manager_msgs_s__rosidl_typesupport_introspection_c.cpython-310-x86_64-linux-gnu.so" to ""
-- Installing: /home/GTL/mgaddam/CS7630/ros2_ws/install/task_manager_msgs/local/lib/python3.10/dist-packages/task_manager_msgs/task_manager_msgs_s__rosidl_typesupport_c.cpython-310-x86_64-linux-gnu.so
-- Set runtime path of "/home/GTL/mgaddam/CS7630/ros2_ws/install/task_manager_msgs/local/lib/python3.10/dist-packages/task_manager_msgs/task_manager_msgs_s__rosidl_typesupport_c.cpython-310-x86_64-linux-gnu.so" to ""
-- Installing: /home/GTL/mgaddam/CS7630/ros2_ws/install/task_manager_msgs/lib/libtask_manager_msgs__rosidl_generator_py.so
-- Set runtime path of "/home/GTL/mgaddam/CS7630/ros2_ws/install/task_manager_msgs/lib/libtask_manager_msgs__rosidl_generator_py.so" to ""
-- Installing: /home/GTL/mgaddam/CS7630/ros2_ws/install/task_manager_msgs/share/task_manager_msgs/srv/GetAllTaskStatus.idl
-- Installing: /home/GTL/mgaddam/CS7630/ros2_ws/install/task_manager_msgs/share/task_manager_msgs/srv/StartTask.idl
-- Installing: /home/GTL/mgaddam/CS7630/ros2_ws/install/task_manager_msgs/share/task_manager_msgs/srv/StopTask.idl
-- Installing: /home/GTL/mgaddam/CS7630/ros2_ws/install/task_manager_msgs/share/task_manager_msgs/srv/GetTaskList.idl
-- Installing: /home/GTL/mgaddam/CS7630/ros2_ws/install/task_manager_msgs/share/task_manager_msgs/msg/TaskDescription.idl
-- Installing: /home/GTL/mgaddam/CS7630/ros2_ws/install/task_manager_msgs/share/task_manager_msgs/msg/TaskParameter.idl
-- Installing: /home/GTL/mgaddam/CS7630/ros2_ws/install/task_manager_msgs/share/task_manager_msgs/msg/TaskStatus.idl
-- Installing: /home/GTL/mgaddam/CS7630/ros2_ws/install/task_manager_msgs/share/task_manager_msgs/msg/TaskConfig.idl
-- Installing: /home/GTL/mgaddam/CS7630/ros2_ws/install/task_manager_msgs/share/task_manager_msgs/msg/SyncStatus.idl
-- Installing: /home/GTL/mgaddam/CS7630/ros2_ws/install/task_manager_msgs/share/task_manager_msgs/msg/EncapsulatedMessage.idl
-- Installing: /home/GTL/mgaddam/CS7630/ros2_ws/install/task_manager_msgs/share/task_manager_msgs/srv/GetAllTaskStatus.srv
-- Installing: /home/GTL/mgaddam/CS7630/ros2_ws/install/task_manager_msgs/share/task_manager_msgs/srv/GetAllTaskStatus_Request.msg
-- Installing: /home/GTL/mgaddam/CS7630/ros2_ws/install/task_manager_msgs/share/task_manager_msgs/srv/GetAllTaskStatus_Response.msg
-- Installing: /home/GTL/mgaddam/CS7630/ros2_ws/install/task_manager_msgs/share/task_manager_msgs/srv/StartTask.srv
-- Installing: /home/GTL/mgaddam/CS7630/ros2_ws/install/task_manager_msgs/share/task_manager_msgs/srv/StartTask_Request.msg
-- Installing: /home/GTL/mgaddam/CS7630/ros2_ws/install/task_manager_msgs/share/task_manager_msgs/srv/StartTask_Response.msg
-- Installing: /home/GTL/mgaddam/CS7630/ros2_ws/install/task_manager_msgs/share/task_manager_msgs/srv/StopTask.srv
-- Installing: /home/GTL/mgaddam/CS7630/ros2_ws/install/task_manager_msgs/share/task_manager_msgs/srv/StopTask_Request.msg
-- Installing: /home/GTL/mgaddam/CS7630/ros2_ws/install/task_manager_msgs/share/task_manager_msgs/srv/StopTask_Response.msg
-- Installing: /home/GTL/mgaddam/CS7630/ros2_ws/install/task_manager_msgs/share/task_manager_msgs/srv/GetTaskList.srv
-- Installing: /home/GTL/mgaddam/CS7630/ros2_ws/install/task_manager_msgs/share/task_manager_msgs/srv/GetTaskList_Request.msg
-- Installing: /home/GTL/mgaddam/CS7630/ros2_ws/install/task_manager_msgs/share/task_manager_msgs/srv/GetTaskList_Response.msg
-- Installing: /home/GTL/mgaddam/CS7630/ros2_ws/install/task_manager_msgs/share/task_manager_msgs/msg/TaskDescription.msg
-- Installing: /home/GTL/mgaddam/CS7630/ros2_ws/install/task_manager_msgs/share/task_manager_msgs/msg/TaskParameter.msg
-- Installing: /home/GTL/mgaddam/CS7630/ros2_ws/install/task_manager_msgs/share/task_manager_msgs/msg/TaskStatus.msg
-- Installing: /home/GTL/mgaddam/CS7630/ros2_ws/install/task_manager_msgs/share/task_manager_msgs/msg/TaskConfig.msg
-- Installing: /home/GTL/mgaddam/CS7630/ros2_ws/install/task_manager_msgs/share/task_manager_msgs/msg/SyncStatus.msg
-- Installing: /home/GTL/mgaddam/CS7630/ros2_ws/install/task_manager_msgs/share/task_manager_msgs/msg/EncapsulatedMessage.msg
-- Installing: /home/GTL/mgaddam/CS7630/ros2_ws/install/task_manager_msgs/lib/task_manager_msgs/task_manager_msgs_encapsulate
-- Set runtime path of "/home/GTL/mgaddam/CS7630/ros2_ws/install/task_manager_msgs/lib/task_manager_msgs/task_manager_msgs_encapsulate" to ""
-- Installing: /home/GTL/mgaddam/CS7630/ros2_ws/install/task_manager_msgs/share/ament_index/resource_index/package_run_dependencies/task_manager_msgs
-- Installing: /home/GTL/mgaddam/CS7630/ros2_ws/install/task_manager_msgs/share/ament_index/resource_index/parent_prefix_path/task_manager_msgs
-- Installing: /home/GTL/mgaddam/CS7630/ros2_ws/install/task_manager_msgs/share/task_manager_msgs/environment/ament_prefix_path.sh
-- Installing: /home/GTL/mgaddam/CS7630/ros2_ws/install/task_manager_msgs/share/task_manager_msgs/environment/ament_prefix_path.dsv
-- Installing: /home/GTL/mgaddam/CS7630/ros2_ws/install/task_manager_msgs/share/task_manager_msgs/environment/path.sh
-- Installing: /home/GTL/mgaddam/CS7630/ros2_ws/install/task_manager_msgs/share/task_manager_msgs/environment/path.dsv
-- Installing: /home/GTL/mgaddam/CS7630/ros2_ws/install/task_manager_msgs/share/task_manager_msgs/local_setup.bash
-- Installing: /home/GTL/mgaddam/CS7630/ros2_ws/install/task_manager_msgs/share/task_manager_msgs/local_setup.sh
-- Installing: /home/GTL/mgaddam/CS7630/ros2_ws/install/task_manager_msgs/share/task_manager_msgs/local_setup.zsh
-- Installing: /home/GTL/mgaddam/CS7630/ros2_ws/install/task_manager_msgs/share/task_manager_msgs/local_setup.dsv
-- Installing: /home/GTL/mgaddam/CS7630/ros2_ws/install/task_manager_msgs/share/task_manager_msgs/package.dsv
-- Installing: /home/GTL/mgaddam/CS7630/ros2_ws/install/task_manager_msgs/share/ament_index/resource_index/packages/task_manager_msgs
-- Installing: /home/GTL/mgaddam/CS7630/ros2_ws/install/task_manager_msgs/share/task_manager_msgs/cmake/export_task_manager_msgs__rosidl_generator_cExport.cmake
-- Installing: /home/GTL/mgaddam/CS7630/ros2_ws/install/task_manager_msgs/share/task_manager_msgs/cmake/export_task_manager_msgs__rosidl_generator_cExport-noconfig.cmake
-- Installing: /home/GTL/mgaddam/CS7630/ros2_ws/install/task_manager_msgs/share/task_manager_msgs/cmake/export_task_manager_msgs__rosidl_typesupport_fastrtps_cExport.cmake
-- Installing: /home/GTL/mgaddam/CS7630/ros2_ws/install/task_manager_msgs/share/task_manager_msgs/cmake/export_task_manager_msgs__rosidl_typesupport_fastrtps_cExport-noconfig.cmake
-- Installing: /home/GTL/mgaddam/CS7630/ros2_ws/install/task_manager_msgs/share/task_manager_msgs/cmake/export_task_manager_msgs__rosidl_generator_cppExport.cmake
-- Installing: /home/GTL/mgaddam/CS7630/ros2_ws/install/task_manager_msgs/share/task_manager_msgs/cmake/export_task_manager_msgs__rosidl_typesupport_fastrtps_cppExport.cmake
-- Installing: /home/GTL/mgaddam/CS7630/ros2_ws/install/task_manager_msgs/share/task_manager_msgs/cmake/export_task_manager_msgs__rosidl_typesupport_fastrtps_cppExport-noconfig.cmake
-- Installing: /home/GTL/mgaddam/CS7630/ros2_ws/install/task_manager_msgs/share/task_manager_msgs/cmake/task_manager_msgs__rosidl_typesupport_introspection_cExport.cmake
-- Installing: /home/GTL/mgaddam/CS7630/ros2_ws/install/task_manager_msgs/share/task_manager_msgs/cmake/task_manager_msgs__rosidl_typesupport_introspection_cExport-noconfig.cmake
-- Installing: /home/GTL/mgaddam/CS7630/ros2_ws/install/task_manager_msgs/share/task_manager_msgs/cmake/task_manager_msgs__rosidl_typesupport_cExport.cmake
-- Installing: /home/GTL/mgaddam/CS7630/ros2_ws/install/task_manager_msgs/share/task_manager_msgs/cmake/task_manager_msgs__rosidl_typesupport_cExport-noconfig.cmake
-- Installing: /home/GTL/mgaddam/CS7630/ros2_ws/install/task_manager_msgs/share/task_manager_msgs/cmake/task_manager_msgs__rosidl_typesupport_introspection_cppExport.cmake
-- Installing: /home/GTL/mgaddam/CS7630/ros2_ws/install/task_manager_msgs/share/task_manager_msgs/cmake/task_manager_msgs__rosidl_typesupport_introspection_cppExport-noconfig.cmake
-- Installing: /home/GTL/mgaddam/CS7630/ros2_ws/install/task_manager_msgs/share/task_manager_msgs/cmake/task_manager_msgs__rosidl_typesupport_cppExport.cmake
-- Installing: /home/GTL/mgaddam/CS7630/ros2_ws/install/task_manager_msgs/share/task_manager_msgs/cmake/task_manager_msgs__rosidl_typesupport_cppExport-noconfig.cmake
-- Installing: /home/GTL/mgaddam/CS7630/ros2_ws/install/task_manager_msgs/share/task_manager_msgs/cmake/export_task_manager_msgs__rosidl_generator_pyExport.cmake
-- Installing: /home/GTL/mgaddam/CS7630/ros2_ws/install/task_manager_msgs/share/task_manager_msgs/cmake/export_task_manager_msgs__rosidl_generator_pyExport-noconfig.cmake
-- Installing: /home/GTL/mgaddam/CS7630/ros2_ws/install/task_manager_msgs/share/task_manager_msgs/cmake/rosidl_cmake-extras.cmake
-- Installing: /home/GTL/mgaddam/CS7630/ros2_ws/install/task_manager_msgs/share/task_manager_msgs/cmake/ament_cmake_export_dependencies-extras.cmake
-- Installing: /home/GTL/mgaddam/CS7630/ros2_ws/install/task_manager_msgs/share/task_manager_msgs/cmake/ament_cmake_export_include_directories-extras.cmake
-- Installing: /home/GTL/mgaddam/CS7630/ros2_ws/install/task_manager_msgs/share/task_manager_msgs/cmake/ament_cmake_export_libraries-extras.cmake
-- Installing: /home/GTL/mgaddam/CS7630/ros2_ws/install/task_manager_msgs/share/task_manager_msgs/cmake/ament_cmake_export_targets-extras.cmake
-- Installing: /home/GTL/mgaddam/CS7630/ros2_ws/install/task_manager_msgs/share/task_manager_msgs/cmake/rosidl_cmake_export_typesupport_targets-extras.cmake
-- Installing: /home/GTL/mgaddam/CS7630/ros2_ws/install/task_manager_msgs/share/task_manager_msgs/cmake/rosidl_cmake_export_typesupport_libraries-extras.cmake
-- Installing: /home/GTL/mgaddam/CS7630/ros2_ws/install/task_manager_msgs/share/task_manager_msgs/cmake/task_manager_msgsConfig.cmake
-- Installing: /home/GTL/mgaddam/CS7630/ros2_ws/install/task_manager_msgs/share/task_manager_msgs/cmake/task_manager_msgsConfig-version.cmake
-- Installing: /home/GTL/mgaddam/CS7630/ros2_ws/install/task_manager_msgs/share/task_manager_msgs/package.xml
