[2.865s] Invoking command in '/home/GTL/mgaddam/CS7630/ros2_ws/src/ar_mapping_base': PYTHONPATH=/home/GTL/mgaddam/CS7630/ros2_ws/build/ar_mapping_base/prefix_override:/home/GTL/mgaddam/CS7630/ros2_ws/install/ar_mapping_base/lib/python3.10/site-packages:${PYTHONPATH} /usr/bin/python3 setup.py egg_info --egg-base ../../build/ar_mapping_base build --build-base /home/GTL/mgaddam/CS7630/ros2_ws/build/ar_mapping_base/build install --record /home/GTL/mgaddam/CS7630/ros2_ws/build/ar_mapping_base/install.log --single-version-externally-managed
[3.072s] running egg_info
[3.073s] writing ../../build/ar_mapping_base/ar_mapping_base.egg-info/PKG-INFO
[3.074s] writing dependency_links to ../../build/ar_mapping_base/ar_mapping_base.egg-info/dependency_links.txt
[3.075s] writing entry points to ../../build/ar_mapping_base/ar_mapping_base.egg-info/entry_points.txt
[3.076s] writing requirements to ../../build/ar_mapping_base/ar_mapping_base.egg-info/requires.txt
[3.077s] writing top-level names to ../../build/ar_mapping_base/ar_mapping_base.egg-info/top_level.txt
[3.083s] reading manifest file '../../build/ar_mapping_base/ar_mapping_base.egg-info/SOURCES.txt'
[3.085s] writing manifest file '../../build/ar_mapping_base/ar_mapping_base.egg-info/SOURCES.txt'
[3.086s] running build
[3.086s] running build_py
[3.088s] running install
[3.088s] /usr/lib/python3/dist-packages/setuptools/command/install.py:34: SetuptoolsDeprecationWarning: setup.py install is deprecated. Use build and pip and other standards-based tools.
[3.088s]   warnings.warn(
[3.088s] running install_lib
[3.091s] running install_data
[3.093s] running install_egg_info
[3.094s] removing '/home/GTL/mgaddam/CS7630/ros2_ws/install/ar_mapping_base/lib/python3.10/site-packages/ar_mapping_base-0.0.0-py3.10.egg-info' (and everything under it)
[3.098s] Copying ../../build/ar_mapping_base/ar_mapping_base.egg-info to /home/GTL/mgaddam/CS7630/ros2_ws/install/ar_mapping_base/lib/python3.10/site-packages/ar_mapping_base-0.0.0-py3.10.egg-info
[3.122s] running install_scripts
[3.138s] Installing ar_mapping_node script to /home/GTL/mgaddam/CS7630/ros2_ws/install/ar_mapping_base/lib/ar_mapping_base
[3.140s] writing list of installed files to '/home/GTL/mgaddam/CS7630/ros2_ws/build/ar_mapping_base/install.log'
[3.699s] Invoked command in '/home/GTL/mgaddam/CS7630/ros2_ws/src/ar_mapping_base' returned '0': PYTHONPATH=/home/GTL/mgaddam/CS7630/ros2_ws/build/ar_mapping_base/prefix_override:/home/GTL/mgaddam/CS7630/ros2_ws/install/ar_mapping_base/lib/python3.10/site-packages:${PYTHONPATH} /usr/bin/python3 setup.py egg_info --egg-base ../../build/ar_mapping_base build --build-base /home/GTL/mgaddam/CS7630/ros2_ws/build/ar_mapping_base/build install --record /home/GTL/mgaddam/CS7630/ros2_ws/build/ar_mapping_base/install.log --single-version-externally-managed
