running egg_info
creating ../../build/wpa_cli/wpa_cli.egg-info
writing ../../build/wpa_cli/wpa_cli.egg-info/PKG-INFO
writing dependency_links to ../../build/wpa_cli/wpa_cli.egg-info/dependency_links.txt
writing entry points to ../../build/wpa_cli/wpa_cli.egg-info/entry_points.txt
writing requirements to ../../build/wpa_cli/wpa_cli.egg-info/requires.txt
writing top-level names to ../../build/wpa_cli/wpa_cli.egg-info/top_level.txt
writing manifest file '../../build/wpa_cli/wpa_cli.egg-info/SOURCES.txt'
reading manifest file '../../build/wpa_cli/wpa_cli.egg-info/SOURCES.txt'
adding license file 'LICENSE'
writing manifest file '../../build/wpa_cli/wpa_cli.egg-info/SOURCES.txt'
running build
running build_py
creating /home/GTL/mgaddam/CS7630/ros2_ws/build/wpa_cli/build
creating /home/GTL/mgaddam/CS7630/ros2_ws/build/wpa_cli/build/lib
creating /home/GTL/mgaddam/CS7630/ros2_ws/build/wpa_cli/build/lib/wpa_cli
copying wpa_cli/__init__.py -> /home/GTL/mgaddam/CS7630/ros2_ws/build/wpa_cli/build/lib/wpa_cli
copying wpa_cli/wpa_cli_sim.py -> /home/GTL/mgaddam/CS7630/ros2_ws/build/wpa_cli/build/lib/wpa_cli
copying wpa_cli/wpa_cli_node.py -> /home/GTL/mgaddam/CS7630/ros2_ws/build/wpa_cli/build/lib/wpa_cli
running install
/usr/lib/python3/dist-packages/setuptools/command/install.py:34: SetuptoolsDeprecationWarning: setup.py install is deprecated. Use build and pip and other standards-based tools.
  warnings.warn(
running install_lib
creating /home/GTL/mgaddam/CS7630/ros2_ws/install/wpa_cli/lib/python3.10/site-packages/wpa_cli
copying /home/GTL/mgaddam/CS7630/ros2_ws/build/wpa_cli/build/lib/wpa_cli/__init__.py -> /home/GTL/mgaddam/CS7630/ros2_ws/install/wpa_cli/lib/python3.10/site-packages/wpa_cli
copying /home/GTL/mgaddam/CS7630/ros2_ws/build/wpa_cli/build/lib/wpa_cli/wpa_cli_sim.py -> /home/GTL/mgaddam/CS7630/ros2_ws/install/wpa_cli/lib/python3.10/site-packages/wpa_cli
copying /home/GTL/mgaddam/CS7630/ros2_ws/build/wpa_cli/build/lib/wpa_cli/wpa_cli_node.py -> /home/GTL/mgaddam/CS7630/ros2_ws/install/wpa_cli/lib/python3.10/site-packages/wpa_cli
byte-compiling /home/GTL/mgaddam/CS7630/ros2_ws/install/wpa_cli/lib/python3.10/site-packages/wpa_cli/__init__.py to __init__.cpython-310.pyc
byte-compiling /home/GTL/mgaddam/CS7630/ros2_ws/install/wpa_cli/lib/python3.10/site-packages/wpa_cli/wpa_cli_sim.py to wpa_cli_sim.cpython-310.pyc
byte-compiling /home/GTL/mgaddam/CS7630/ros2_ws/install/wpa_cli/lib/python3.10/site-packages/wpa_cli/wpa_cli_node.py to wpa_cli_node.cpython-310.pyc
running install_data
creating /home/GTL/mgaddam/CS7630/ros2_ws/install/wpa_cli/share/ament_index
creating /home/GTL/mgaddam/CS7630/ros2_ws/install/wpa_cli/share/ament_index/resource_index
creating /home/GTL/mgaddam/CS7630/ros2_ws/install/wpa_cli/share/ament_index/resource_index/packages
copying resource/wpa_cli -> /home/GTL/mgaddam/CS7630/ros2_ws/install/wpa_cli/share/ament_index/resource_index/packages
copying package.xml -> /home/GTL/mgaddam/CS7630/ros2_ws/install/wpa_cli/share/wpa_cli
copying launch/wpa_cli.launch.py -> /home/GTL/mgaddam/CS7630/ros2_ws/install/wpa_cli/share/wpa_cli
copying launch/wpa_sim.launch.py -> /home/GTL/mgaddam/CS7630/ros2_ws/install/wpa_cli/share/wpa_cli
running install_egg_info
Copying ../../build/wpa_cli/wpa_cli.egg-info to /home/GTL/mgaddam/CS7630/ros2_ws/install/wpa_cli/lib/python3.10/site-packages/wpa_cli-0.0.0-py3.10.egg-info
running install_scripts
Installing wpa_cli_const script to /home/GTL/mgaddam/CS7630/ros2_ws/install/wpa_cli/lib/wpa_cli
Installing wpa_cli_node script to /home/GTL/mgaddam/CS7630/ros2_ws/install/wpa_cli/lib/wpa_cli
Installing wpa_cli_sim script to /home/GTL/mgaddam/CS7630/ros2_ws/install/wpa_cli/lib/wpa_cli
writing list of installed files to '/home/GTL/mgaddam/CS7630/ros2_ws/build/wpa_cli/install.log'
