[3.235s] Invoking command in '/home/GTL/mgaddam/CS7630/ros2_ws/src/wpa_cli': CMAKE_PREFIX_PATH=/home/GTL/mgaddam/CS7630/ros2_ws/install/wpa_cli_msgs:/home/GTL/mgaddam/CS7630/ros2_ws/install/wifi_map_base:/home/GTL/mgaddam/CS7630/ros2_ws/install/vrep4_helpers:/home/GTL/mgaddam/CS7630/ros2_ws/install/turtlebot_launch:/home/GTL/mgaddam/CS7630/ros2_ws/install/task_manager_sync:/home/GTL/mgaddam/CS7630/ros2_ws/install/floor_nav:/home/GTL/mgaddam/CS7630/ros2_ws/install/task_manager_nav2:/home/GTL/mgaddam/CS7630/ros2_ws/install/task_manager_lib:/home/GTL/mgaddam/CS7630/ros2_ws/install/task_manager_msgs:/home/GTL/mgaddam/CS7630/ros2_ws/install/cs7630_msgs:/home/GTL/mgaddam/CS7630/ros2_ws/install/collision_avoidance_base PYTHONPATH=/home/GTL/mgaddam/CS7630/ros2_ws/build/wpa_cli/prefix_override:/home/GTL/mgaddam/CS7630/ros2_ws/install/wpa_cli/lib/python3.10/site-packages:${PYTHONPATH} /usr/bin/python3 setup.py egg_info --egg-base ../../build/wpa_cli build --build-base /home/GTL/mgaddam/CS7630/ros2_ws/build/wpa_cli/build install --record /home/GTL/mgaddam/CS7630/ros2_ws/build/wpa_cli/install.log --single-version-externally-managed
[3.426s] running egg_info
[3.426s] creating ../../build/wpa_cli/wpa_cli.egg-info
[3.427s] writing ../../build/wpa_cli/wpa_cli.egg-info/PKG-INFO
[3.430s] writing dependency_links to ../../build/wpa_cli/wpa_cli.egg-info/dependency_links.txt
[3.431s] writing entry points to ../../build/wpa_cli/wpa_cli.egg-info/entry_points.txt
[3.433s] writing requirements to ../../build/wpa_cli/wpa_cli.egg-info/requires.txt
[3.434s] writing top-level names to ../../build/wpa_cli/wpa_cli.egg-info/top_level.txt
[3.435s] writing manifest file '../../build/wpa_cli/wpa_cli.egg-info/SOURCES.txt'
[3.440s] reading manifest file '../../build/wpa_cli/wpa_cli.egg-info/SOURCES.txt'
[3.441s] adding license file 'LICENSE'
[3.442s] writing manifest file '../../build/wpa_cli/wpa_cli.egg-info/SOURCES.txt'
[3.442s] running build
[3.442s] running build_py
[3.443s] creating /home/GTL/mgaddam/CS7630/ros2_ws/build/wpa_cli/build
[3.443s] creating /home/GTL/mgaddam/CS7630/ros2_ws/build/wpa_cli/build/lib
[3.444s] creating /home/GTL/mgaddam/CS7630/ros2_ws/build/wpa_cli/build/lib/wpa_cli
[3.446s] copying wpa_cli/__init__.py -> /home/GTL/mgaddam/CS7630/ros2_ws/build/wpa_cli/build/lib/wpa_cli
[3.447s] copying wpa_cli/wpa_cli_sim.py -> /home/GTL/mgaddam/CS7630/ros2_ws/build/wpa_cli/build/lib/wpa_cli
[3.449s] copying wpa_cli/wpa_cli_node.py -> /home/GTL/mgaddam/CS7630/ros2_ws/build/wpa_cli/build/lib/wpa_cli
[3.451s] running install
[3.451s] /usr/lib/python3/dist-packages/setuptools/command/install.py:34: SetuptoolsDeprecationWarning: setup.py install is deprecated. Use build and pip and other standards-based tools.
[3.451s]   warnings.warn(
[3.451s] running install_lib
[3.454s] creating /home/GTL/mgaddam/CS7630/ros2_ws/install/wpa_cli/lib/python3.10/site-packages/wpa_cli
[3.455s] copying /home/GTL/mgaddam/CS7630/ros2_ws/build/wpa_cli/build/lib/wpa_cli/__init__.py -> /home/GTL/mgaddam/CS7630/ros2_ws/install/wpa_cli/lib/python3.10/site-packages/wpa_cli
[3.456s] copying /home/GTL/mgaddam/CS7630/ros2_ws/build/wpa_cli/build/lib/wpa_cli/wpa_cli_sim.py -> /home/GTL/mgaddam/CS7630/ros2_ws/install/wpa_cli/lib/python3.10/site-packages/wpa_cli
[3.458s] copying /home/GTL/mgaddam/CS7630/ros2_ws/build/wpa_cli/build/lib/wpa_cli/wpa_cli_node.py -> /home/GTL/mgaddam/CS7630/ros2_ws/install/wpa_cli/lib/python3.10/site-packages/wpa_cli
[3.461s] byte-compiling /home/GTL/mgaddam/CS7630/ros2_ws/install/wpa_cli/lib/python3.10/site-packages/wpa_cli/__init__.py to __init__.cpython-310.pyc
[3.464s] byte-compiling /home/GTL/mgaddam/CS7630/ros2_ws/install/wpa_cli/lib/python3.10/site-packages/wpa_cli/wpa_cli_sim.py to wpa_cli_sim.cpython-310.pyc
[3.466s] byte-compiling /home/GTL/mgaddam/CS7630/ros2_ws/install/wpa_cli/lib/python3.10/site-packages/wpa_cli/wpa_cli_node.py to wpa_cli_node.cpython-310.pyc
[3.469s] running install_data
[3.469s] creating /home/GTL/mgaddam/CS7630/ros2_ws/install/wpa_cli/share/ament_index
[3.470s] creating /home/GTL/mgaddam/CS7630/ros2_ws/install/wpa_cli/share/ament_index/resource_index
[3.471s] creating /home/GTL/mgaddam/CS7630/ros2_ws/install/wpa_cli/share/ament_index/resource_index/packages
[3.472s] copying resource/wpa_cli -> /home/GTL/mgaddam/CS7630/ros2_ws/install/wpa_cli/share/ament_index/resource_index/packages
[3.474s] copying package.xml -> /home/GTL/mgaddam/CS7630/ros2_ws/install/wpa_cli/share/wpa_cli
[3.476s] copying launch/wpa_cli.launch.py -> /home/GTL/mgaddam/CS7630/ros2_ws/install/wpa_cli/share/wpa_cli
[3.478s] copying launch/wpa_sim.launch.py -> /home/GTL/mgaddam/CS7630/ros2_ws/install/wpa_cli/share/wpa_cli
[3.479s] running install_egg_info
[3.482s] Copying ../../build/wpa_cli/wpa_cli.egg-info to /home/GTL/mgaddam/CS7630/ros2_ws/install/wpa_cli/lib/python3.10/site-packages/wpa_cli-0.0.0-py3.10.egg-info
[3.503s] running install_scripts
[3.521s] Installing wpa_cli_const script to /home/GTL/mgaddam/CS7630/ros2_ws/install/wpa_cli/lib/wpa_cli
[3.523s] Installing wpa_cli_node script to /home/GTL/mgaddam/CS7630/ros2_ws/install/wpa_cli/lib/wpa_cli
[3.525s] Installing wpa_cli_sim script to /home/GTL/mgaddam/CS7630/ros2_ws/install/wpa_cli/lib/wpa_cli
[3.527s] writing list of installed files to '/home/GTL/mgaddam/CS7630/ros2_ws/build/wpa_cli/install.log'
[3.892s] Invoked command in '/home/GTL/mgaddam/CS7630/ros2_ws/src/wpa_cli' returned '0': CMAKE_PREFIX_PATH=/home/GTL/mgaddam/CS7630/ros2_ws/install/wpa_cli_msgs:/home/GTL/mgaddam/CS7630/ros2_ws/install/wifi_map_base:/home/GTL/mgaddam/CS7630/ros2_ws/install/vrep4_helpers:/home/GTL/mgaddam/CS7630/ros2_ws/install/turtlebot_launch:/home/GTL/mgaddam/CS7630/ros2_ws/install/task_manager_sync:/home/GTL/mgaddam/CS7630/ros2_ws/install/floor_nav:/home/GTL/mgaddam/CS7630/ros2_ws/install/task_manager_nav2:/home/GTL/mgaddam/CS7630/ros2_ws/install/task_manager_lib:/home/GTL/mgaddam/CS7630/ros2_ws/install/task_manager_msgs:/home/GTL/mgaddam/CS7630/ros2_ws/install/cs7630_msgs:/home/GTL/mgaddam/CS7630/ros2_ws/install/collision_avoidance_base PYTHONPATH=/home/GTL/mgaddam/CS7630/ros2_ws/build/wpa_cli/prefix_override:/home/GTL/mgaddam/CS7630/ros2_ws/install/wpa_cli/lib/python3.10/site-packages:${PYTHONPATH} /usr/bin/python3 setup.py egg_info --egg-base ../../build/wpa_cli build --build-base /home/GTL/mgaddam/CS7630/ros2_ws/build/wpa_cli/build install --record /home/GTL/mgaddam/CS7630/ros2_ws/build/wpa_cli/install.log --single-version-externally-managed
