[0.048s] Invoking command in '/home/GTL/mgaddam/CS7630/ros2_ws/build/wpa_cli_msgs': CMAKE_PREFIX_PATH=/opt/ros/humble /usr/bin/cmake --build /home/GTL/mgaddam/CS7630/ros2_ws/build/wpa_cli_msgs -- -j16 -l16
[0.104s] [  2%] Built target wpa_cli_msgs__cpp
[0.114s] [ 12%] Built target wpa_cli_msgs__rosidl_generator_c
[0.132s] [ 38%] Built target wpa_cli_msgs__rosidl_typesupport_cpp
[0.137s] [ 43%] Built target wpa_cli_msgs__rosidl_typesupport_introspection_cpp
[0.137s] [ 51%] Built target wpa_cli_msgs__rosidl_typesupport_fastrtps_cpp
[0.146s] [ 74%] Built target wpa_cli_msgs__rosidl_typesupport_fastrtps_c
[0.146s] [ 74%] Built target wpa_cli_msgs__rosidl_typesupport_c
[0.146s] [ 74%] Built target wpa_cli_msgs__rosidl_typesupport_introspection_c
[0.155s] [ 74%] Built target ament_cmake_python_copy_wpa_cli_msgs
[0.160s] [ 74%] Built target wpa_cli_msgs
[0.175s] [ 76%] Built target wpa_cli_msgs__py
[0.200s] [ 84%] Built target wpa_cli_msgs__rosidl_generator_py
[0.225s] [100%] Built target wpa_cli_msgs__rosidl_typesupport_c__pyext
[0.226s] [100%] Built target wpa_cli_msgs__rosidl_typesupport_fastrtps_c__pyext
[0.226s] [100%] Built target wpa_cli_msgs__rosidl_typesupport_introspection_c__pyext
[0.332s] running egg_info
[0.333s] writing wpa_cli_msgs.egg-info/PKG-INFO
[0.334s] writing dependency_links to wpa_cli_msgs.egg-info/dependency_links.txt
[0.335s] writing top-level names to wpa_cli_msgs.egg-info/top_level.txt
[0.338s] reading manifest file 'wpa_cli_msgs.egg-info/SOURCES.txt'
[0.340s] writing manifest file 'wpa_cli_msgs.egg-info/SOURCES.txt'
[0.358s] [100%] Built target ament_cmake_python_build_wpa_cli_msgs_egg
[0.378s] Invoked command in '/home/GTL/mgaddam/CS7630/ros2_ws/build/wpa_cli_msgs' returned '0': CMAKE_PREFIX_PATH=/opt/ros/humble /usr/bin/cmake --build /home/GTL/mgaddam/CS7630/ros2_ws/build/wpa_cli_msgs -- -j16 -l16
[0.424s] Invoking command in '/home/GTL/mgaddam/CS7630/ros2_ws/build/wpa_cli_msgs': CMAKE_PREFIX_PATH=/opt/ros/humble /usr/bin/cmake --install /home/GTL/mgaddam/CS7630/ros2_ws/build/wpa_cli_msgs
[0.429s] -- Install configuration: ""
[0.431s] -- Up-to-date: /home/GTL/mgaddam/CS7630/ros2_ws/install/wpa_cli_msgs/share/ament_index/resource_index/rosidl_interfaces/wpa_cli_msgs
[0.432s] -- Up-to-date: /home/GTL/mgaddam/CS7630/ros2_ws/install/wpa_cli_msgs/include/wpa_cli_msgs/wpa_cli_msgs
[0.433s] -- Up-to-date: /home/GTL/mgaddam/CS7630/ros2_ws/install/wpa_cli_msgs/include/wpa_cli_msgs/wpa_cli_msgs/msg
[0.434s] -- Up-to-date: /home/GTL/mgaddam/CS7630/ros2_ws/install/wpa_cli_msgs/include/wpa_cli_msgs/wpa_cli_msgs/msg/detail
[0.435s] -- Up-to-date: /home/GTL/mgaddam/CS7630/ros2_ws/install/wpa_cli_msgs/include/wpa_cli_msgs/wpa_cli_msgs/msg/detail/network__functions.h
[0.435s] -- Up-to-date: /home/GTL/mgaddam/CS7630/ros2_ws/install/wpa_cli_msgs/include/wpa_cli_msgs/wpa_cli_msgs/msg/detail/network__type_support.h
[0.436s] -- Up-to-date: /home/GTL/mgaddam/CS7630/ros2_ws/install/wpa_cli_msgs/include/wpa_cli_msgs/wpa_cli_msgs/msg/detail/scan__struct.h
[0.436s] -- Up-to-date: /home/GTL/mgaddam/CS7630/ros2_ws/install/wpa_cli_msgs/include/wpa_cli_msgs/wpa_cli_msgs/msg/detail/scan__type_support.h
[0.437s] -- Up-to-date: /home/GTL/mgaddam/CS7630/ros2_ws/install/wpa_cli_msgs/include/wpa_cli_msgs/wpa_cli_msgs/msg/detail/scan__functions.c
[0.437s] -- Up-to-date: /home/GTL/mgaddam/CS7630/ros2_ws/install/wpa_cli_msgs/include/wpa_cli_msgs/wpa_cli_msgs/msg/detail/scan__functions.h
[0.437s] -- Up-to-date: /home/GTL/mgaddam/CS7630/ros2_ws/install/wpa_cli_msgs/include/wpa_cli_msgs/wpa_cli_msgs/msg/detail/network__functions.c
[0.438s] -- Up-to-date: /home/GTL/mgaddam/CS7630/ros2_ws/install/wpa_cli_msgs/include/wpa_cli_msgs/wpa_cli_msgs/msg/detail/network__struct.h
[0.438s] -- Up-to-date: /home/GTL/mgaddam/CS7630/ros2_ws/install/wpa_cli_msgs/include/wpa_cli_msgs/wpa_cli_msgs/msg/rosidl_generator_c__visibility_control.h
[0.439s] -- Up-to-date: /home/GTL/mgaddam/CS7630/ros2_ws/install/wpa_cli_msgs/include/wpa_cli_msgs/wpa_cli_msgs/msg/scan.h
[0.439s] -- Up-to-date: /home/GTL/mgaddam/CS7630/ros2_ws/install/wpa_cli_msgs/include/wpa_cli_msgs/wpa_cli_msgs/msg/network.h
[0.440s] -- Up-to-date: /home/GTL/mgaddam/CS7630/ros2_ws/install/wpa_cli_msgs/share/wpa_cli_msgs/environment/library_path.sh
[0.442s] -- Up-to-date: /home/GTL/mgaddam/CS7630/ros2_ws/install/wpa_cli_msgs/share/wpa_cli_msgs/environment/library_path.dsv
[0.443s] -- Up-to-date: /home/GTL/mgaddam/CS7630/ros2_ws/install/wpa_cli_msgs/lib/libwpa_cli_msgs__rosidl_generator_c.so
[0.444s] -- Up-to-date: /home/GTL/mgaddam/CS7630/ros2_ws/install/wpa_cli_msgs/include/wpa_cli_msgs/wpa_cli_msgs
[0.445s] -- Up-to-date: /home/GTL/mgaddam/CS7630/ros2_ws/install/wpa_cli_msgs/include/wpa_cli_msgs/wpa_cli_msgs/msg
[0.446s] -- Up-to-date: /home/GTL/mgaddam/CS7630/ros2_ws/install/wpa_cli_msgs/include/wpa_cli_msgs/wpa_cli_msgs/msg/detail
[0.447s] -- Up-to-date: /home/GTL/mgaddam/CS7630/ros2_ws/install/wpa_cli_msgs/include/wpa_cli_msgs/wpa_cli_msgs/msg/detail/network__rosidl_typesupport_fastrtps_c.h
[0.448s] -- Up-to-date: /home/GTL/mgaddam/CS7630/ros2_ws/install/wpa_cli_msgs/include/wpa_cli_msgs/wpa_cli_msgs/msg/detail/scan__rosidl_typesupport_fastrtps_c.h
[0.448s] -- Up-to-date: /home/GTL/mgaddam/CS7630/ros2_ws/install/wpa_cli_msgs/include/wpa_cli_msgs/wpa_cli_msgs/msg/rosidl_typesupport_fastrtps_c__visibility_control.h
[0.450s] -- Up-to-date: /home/GTL/mgaddam/CS7630/ros2_ws/install/wpa_cli_msgs/lib/libwpa_cli_msgs__rosidl_typesupport_fastrtps_c.so
[0.453s] -- Up-to-date: /home/GTL/mgaddam/CS7630/ros2_ws/install/wpa_cli_msgs/include/wpa_cli_msgs/wpa_cli_msgs
[0.454s] -- Up-to-date: /home/GTL/mgaddam/CS7630/ros2_ws/install/wpa_cli_msgs/include/wpa_cli_msgs/wpa_cli_msgs/msg
[0.455s] -- Up-to-date: /home/GTL/mgaddam/CS7630/ros2_ws/install/wpa_cli_msgs/include/wpa_cli_msgs/wpa_cli_msgs/msg/detail
[0.456s] -- Up-to-date: /home/GTL/mgaddam/CS7630/ros2_ws/install/wpa_cli_msgs/include/wpa_cli_msgs/wpa_cli_msgs/msg/detail/scan__builder.hpp
[0.456s] -- Up-to-date: /home/GTL/mgaddam/CS7630/ros2_ws/install/wpa_cli_msgs/include/wpa_cli_msgs/wpa_cli_msgs/msg/detail/scan__struct.hpp
[0.457s] -- Up-to-date: /home/GTL/mgaddam/CS7630/ros2_ws/install/wpa_cli_msgs/include/wpa_cli_msgs/wpa_cli_msgs/msg/detail/network__traits.hpp
[0.458s] -- Up-to-date: /home/GTL/mgaddam/CS7630/ros2_ws/install/wpa_cli_msgs/include/wpa_cli_msgs/wpa_cli_msgs/msg/detail/network__struct.hpp
[0.458s] -- Up-to-date: /home/GTL/mgaddam/CS7630/ros2_ws/install/wpa_cli_msgs/include/wpa_cli_msgs/wpa_cli_msgs/msg/detail/network__builder.hpp
[0.459s] -- Up-to-date: /home/GTL/mgaddam/CS7630/ros2_ws/install/wpa_cli_msgs/include/wpa_cli_msgs/wpa_cli_msgs/msg/detail/scan__traits.hpp
[0.459s] -- Up-to-date: /home/GTL/mgaddam/CS7630/ros2_ws/install/wpa_cli_msgs/include/wpa_cli_msgs/wpa_cli_msgs/msg/scan.hpp
[0.460s] -- Up-to-date: /home/GTL/mgaddam/CS7630/ros2_ws/install/wpa_cli_msgs/include/wpa_cli_msgs/wpa_cli_msgs/msg/network.hpp
[0.460s] -- Up-to-date: /home/GTL/mgaddam/CS7630/ros2_ws/install/wpa_cli_msgs/include/wpa_cli_msgs/wpa_cli_msgs
[0.461s] -- Up-to-date: /home/GTL/mgaddam/CS7630/ros2_ws/install/wpa_cli_msgs/include/wpa_cli_msgs/wpa_cli_msgs/msg
[0.462s] -- Up-to-date: /home/GTL/mgaddam/CS7630/ros2_ws/install/wpa_cli_msgs/include/wpa_cli_msgs/wpa_cli_msgs/msg/detail
[0.463s] -- Up-to-date: /home/GTL/mgaddam/CS7630/ros2_ws/install/wpa_cli_msgs/include/wpa_cli_msgs/wpa_cli_msgs/msg/detail/scan__rosidl_typesupport_fastrtps_cpp.hpp
[0.463s] -- Up-to-date: /home/GTL/mgaddam/CS7630/ros2_ws/install/wpa_cli_msgs/include/wpa_cli_msgs/wpa_cli_msgs/msg/detail/dds_fastrtps
[0.464s] -- Up-to-date: /home/GTL/mgaddam/CS7630/ros2_ws/install/wpa_cli_msgs/include/wpa_cli_msgs/wpa_cli_msgs/msg/detail/network__rosidl_typesupport_fastrtps_cpp.hpp
[0.465s] -- Up-to-date: /home/GTL/mgaddam/CS7630/ros2_ws/install/wpa_cli_msgs/include/wpa_cli_msgs/wpa_cli_msgs/msg/rosidl_typesupport_fastrtps_cpp__visibility_control.h
[0.466s] -- Up-to-date: /home/GTL/mgaddam/CS7630/ros2_ws/install/wpa_cli_msgs/lib/libwpa_cli_msgs__rosidl_typesupport_fastrtps_cpp.so
[0.469s] -- Up-to-date: /home/GTL/mgaddam/CS7630/ros2_ws/install/wpa_cli_msgs/include/wpa_cli_msgs/wpa_cli_msgs
[0.469s] -- Up-to-date: /home/GTL/mgaddam/CS7630/ros2_ws/install/wpa_cli_msgs/include/wpa_cli_msgs/wpa_cli_msgs/msg
[0.470s] -- Up-to-date: /home/GTL/mgaddam/CS7630/ros2_ws/install/wpa_cli_msgs/include/wpa_cli_msgs/wpa_cli_msgs/msg/detail
[0.472s] -- Up-to-date: /home/GTL/mgaddam/CS7630/ros2_ws/install/wpa_cli_msgs/include/wpa_cli_msgs/wpa_cli_msgs/msg/detail/network__rosidl_typesupport_introspection_c.h
[0.472s] -- Up-to-date: /home/GTL/mgaddam/CS7630/ros2_ws/install/wpa_cli_msgs/include/wpa_cli_msgs/wpa_cli_msgs/msg/detail/scan__type_support.c
[0.472s] -- Up-to-date: /home/GTL/mgaddam/CS7630/ros2_ws/install/wpa_cli_msgs/include/wpa_cli_msgs/wpa_cli_msgs/msg/detail/network__type_support.c
[0.473s] -- Up-to-date: /home/GTL/mgaddam/CS7630/ros2_ws/install/wpa_cli_msgs/include/wpa_cli_msgs/wpa_cli_msgs/msg/detail/scan__rosidl_typesupport_introspection_c.h
[0.473s] -- Up-to-date: /home/GTL/mgaddam/CS7630/ros2_ws/install/wpa_cli_msgs/include/wpa_cli_msgs/wpa_cli_msgs/msg/rosidl_typesupport_introspection_c__visibility_control.h
[0.474s] -- Up-to-date: /home/GTL/mgaddam/CS7630/ros2_ws/install/wpa_cli_msgs/lib/libwpa_cli_msgs__rosidl_typesupport_introspection_c.so
[0.476s] -- Up-to-date: /home/GTL/mgaddam/CS7630/ros2_ws/install/wpa_cli_msgs/lib/libwpa_cli_msgs__rosidl_typesupport_c.so
[0.477s] -- Up-to-date: /home/GTL/mgaddam/CS7630/ros2_ws/install/wpa_cli_msgs/include/wpa_cli_msgs/wpa_cli_msgs
[0.478s] -- Up-to-date: /home/GTL/mgaddam/CS7630/ros2_ws/install/wpa_cli_msgs/include/wpa_cli_msgs/wpa_cli_msgs/msg
[0.479s] -- Up-to-date: /home/GTL/mgaddam/CS7630/ros2_ws/install/wpa_cli_msgs/include/wpa_cli_msgs/wpa_cli_msgs/msg/detail
[0.480s] -- Up-to-date: /home/GTL/mgaddam/CS7630/ros2_ws/install/wpa_cli_msgs/include/wpa_cli_msgs/wpa_cli_msgs/msg/detail/network__rosidl_typesupport_introspection_cpp.hpp
[0.481s] -- Up-to-date: /home/GTL/mgaddam/CS7630/ros2_ws/install/wpa_cli_msgs/include/wpa_cli_msgs/wpa_cli_msgs/msg/detail/scan__rosidl_typesupport_introspection_cpp.hpp
[0.481s] -- Up-to-date: /home/GTL/mgaddam/CS7630/ros2_ws/install/wpa_cli_msgs/include/wpa_cli_msgs/wpa_cli_msgs/msg/detail/network__type_support.cpp
[0.482s] -- Up-to-date: /home/GTL/mgaddam/CS7630/ros2_ws/install/wpa_cli_msgs/include/wpa_cli_msgs/wpa_cli_msgs/msg/detail/scan__type_support.cpp
[0.483s] -- Up-to-date: /home/GTL/mgaddam/CS7630/ros2_ws/install/wpa_cli_msgs/lib/libwpa_cli_msgs__rosidl_typesupport_introspection_cpp.so
[0.485s] -- Up-to-date: /home/GTL/mgaddam/CS7630/ros2_ws/install/wpa_cli_msgs/lib/libwpa_cli_msgs__rosidl_typesupport_cpp.so
[0.486s] -- Up-to-date: /home/GTL/mgaddam/CS7630/ros2_ws/install/wpa_cli_msgs/share/wpa_cli_msgs/environment/pythonpath.sh
[0.487s] -- Up-to-date: /home/GTL/mgaddam/CS7630/ros2_ws/install/wpa_cli_msgs/share/wpa_cli_msgs/environment/pythonpath.dsv
[0.489s] -- Up-to-date: /home/GTL/mgaddam/CS7630/ros2_ws/install/wpa_cli_msgs/local/lib/python3.10/dist-packages/wpa_cli_msgs-0.0.0-py3.10.egg-info
[0.490s] -- Installing: /home/GTL/mgaddam/CS7630/ros2_ws/install/wpa_cli_msgs/local/lib/python3.10/dist-packages/wpa_cli_msgs-0.0.0-py3.10.egg-info/dependency_links.txt
[0.494s] -- Installing: /home/GTL/mgaddam/CS7630/ros2_ws/install/wpa_cli_msgs/local/lib/python3.10/dist-packages/wpa_cli_msgs-0.0.0-py3.10.egg-info/top_level.txt
[0.498s] -- Installing: /home/GTL/mgaddam/CS7630/ros2_ws/install/wpa_cli_msgs/local/lib/python3.10/dist-packages/wpa_cli_msgs-0.0.0-py3.10.egg-info/PKG-INFO
[0.503s] -- Installing: /home/GTL/mgaddam/CS7630/ros2_ws/install/wpa_cli_msgs/local/lib/python3.10/dist-packages/wpa_cli_msgs-0.0.0-py3.10.egg-info/SOURCES.txt
[0.508s] -- Up-to-date: /home/GTL/mgaddam/CS7630/ros2_ws/install/wpa_cli_msgs/local/lib/python3.10/dist-packages/wpa_cli_msgs
[0.510s] -- Up-to-date: /home/GTL/mgaddam/CS7630/ros2_ws/install/wpa_cli_msgs/local/lib/python3.10/dist-packages/wpa_cli_msgs/wpa_cli_msgs_s__rosidl_typesupport_introspection_c.cpython-310-x86_64-linux-gnu.so
[0.510s] -- Up-to-date: /home/GTL/mgaddam/CS7630/ros2_ws/install/wpa_cli_msgs/local/lib/python3.10/dist-packages/wpa_cli_msgs/_wpa_cli_msgs_s.ep.rosidl_typesupport_introspection_c.c
[0.511s] -- Up-to-date: /home/GTL/mgaddam/CS7630/ros2_ws/install/wpa_cli_msgs/local/lib/python3.10/dist-packages/wpa_cli_msgs/msg
[0.512s] -- Up-to-date: /home/GTL/mgaddam/CS7630/ros2_ws/install/wpa_cli_msgs/local/lib/python3.10/dist-packages/wpa_cli_msgs/msg/_scan.py
[0.512s] -- Up-to-date: /home/GTL/mgaddam/CS7630/ros2_ws/install/wpa_cli_msgs/local/lib/python3.10/dist-packages/wpa_cli_msgs/msg/__init__.py
[0.513s] -- Up-to-date: /home/GTL/mgaddam/CS7630/ros2_ws/install/wpa_cli_msgs/local/lib/python3.10/dist-packages/wpa_cli_msgs/msg/_network_s.c
[0.513s] -- Up-to-date: /home/GTL/mgaddam/CS7630/ros2_ws/install/wpa_cli_msgs/local/lib/python3.10/dist-packages/wpa_cli_msgs/msg/_scan_s.c
[0.514s] -- Up-to-date: /home/GTL/mgaddam/CS7630/ros2_ws/install/wpa_cli_msgs/local/lib/python3.10/dist-packages/wpa_cli_msgs/msg/_network.py
[0.514s] -- Up-to-date: /home/GTL/mgaddam/CS7630/ros2_ws/install/wpa_cli_msgs/local/lib/python3.10/dist-packages/wpa_cli_msgs/_wpa_cli_msgs_s.ep.rosidl_typesupport_c.c
[0.515s] -- Up-to-date: /home/GTL/mgaddam/CS7630/ros2_ws/install/wpa_cli_msgs/local/lib/python3.10/dist-packages/wpa_cli_msgs/wpa_cli_msgs_s__rosidl_typesupport_fastrtps_c.cpython-310-x86_64-linux-gnu.so
[0.515s] -- Up-to-date: /home/GTL/mgaddam/CS7630/ros2_ws/install/wpa_cli_msgs/local/lib/python3.10/dist-packages/wpa_cli_msgs/libwpa_cli_msgs__rosidl_generator_py.so
[0.516s] -- Up-to-date: /home/GTL/mgaddam/CS7630/ros2_ws/install/wpa_cli_msgs/local/lib/python3.10/dist-packages/wpa_cli_msgs/_wpa_cli_msgs_s.ep.rosidl_typesupport_fastrtps_c.c
[0.517s] -- Up-to-date: /home/GTL/mgaddam/CS7630/ros2_ws/install/wpa_cli_msgs/local/lib/python3.10/dist-packages/wpa_cli_msgs/__init__.py
[0.517s] -- Up-to-date: /home/GTL/mgaddam/CS7630/ros2_ws/install/wpa_cli_msgs/local/lib/python3.10/dist-packages/wpa_cli_msgs/wpa_cli_msgs_s__rosidl_typesupport_c.cpython-310-x86_64-linux-gnu.so
[0.539s] Listing '/home/GTL/mgaddam/CS7630/ros2_ws/install/wpa_cli_msgs/local/lib/python3.10/dist-packages/wpa_cli_msgs'...
[0.540s] Listing '/home/GTL/mgaddam/CS7630/ros2_ws/install/wpa_cli_msgs/local/lib/python3.10/dist-packages/wpa_cli_msgs/msg'...
[0.544s] -- Up-to-date: /home/GTL/mgaddam/CS7630/ros2_ws/install/wpa_cli_msgs/local/lib/python3.10/dist-packages/wpa_cli_msgs/wpa_cli_msgs_s__rosidl_typesupport_fastrtps_c.cpython-310-x86_64-linux-gnu.so
[0.548s] -- Up-to-date: /home/GTL/mgaddam/CS7630/ros2_ws/install/wpa_cli_msgs/local/lib/python3.10/dist-packages/wpa_cli_msgs/wpa_cli_msgs_s__rosidl_typesupport_introspection_c.cpython-310-x86_64-linux-gnu.so
[0.551s] -- Up-to-date: /home/GTL/mgaddam/CS7630/ros2_ws/install/wpa_cli_msgs/local/lib/python3.10/dist-packages/wpa_cli_msgs/wpa_cli_msgs_s__rosidl_typesupport_c.cpython-310-x86_64-linux-gnu.so
[0.553s] -- Up-to-date: /home/GTL/mgaddam/CS7630/ros2_ws/install/wpa_cli_msgs/lib/libwpa_cli_msgs__rosidl_generator_py.so
[0.555s] -- Up-to-date: /home/GTL/mgaddam/CS7630/ros2_ws/install/wpa_cli_msgs/share/wpa_cli_msgs/msg/Network.idl
[0.556s] -- Up-to-date: /home/GTL/mgaddam/CS7630/ros2_ws/install/wpa_cli_msgs/share/wpa_cli_msgs/msg/Scan.idl
[0.556s] -- Up-to-date: /home/GTL/mgaddam/CS7630/ros2_ws/install/wpa_cli_msgs/share/wpa_cli_msgs/msg/Network.msg
[0.557s] -- Up-to-date: /home/GTL/mgaddam/CS7630/ros2_ws/install/wpa_cli_msgs/share/wpa_cli_msgs/msg/Scan.msg
[0.558s] -- Up-to-date: /home/GTL/mgaddam/CS7630/ros2_ws/install/wpa_cli_msgs/share/ament_index/resource_index/package_run_dependencies/wpa_cli_msgs
[0.558s] -- Up-to-date: /home/GTL/mgaddam/CS7630/ros2_ws/install/wpa_cli_msgs/share/ament_index/resource_index/parent_prefix_path/wpa_cli_msgs
[0.559s] -- Up-to-date: /home/GTL/mgaddam/CS7630/ros2_ws/install/wpa_cli_msgs/share/wpa_cli_msgs/environment/ament_prefix_path.sh
[0.559s] -- Up-to-date: /home/GTL/mgaddam/CS7630/ros2_ws/install/wpa_cli_msgs/share/wpa_cli_msgs/environment/ament_prefix_path.dsv
[0.560s] -- Up-to-date: /home/GTL/mgaddam/CS7630/ros2_ws/install/wpa_cli_msgs/share/wpa_cli_msgs/environment/path.sh
[0.561s] -- Up-to-date: /home/GTL/mgaddam/CS7630/ros2_ws/install/wpa_cli_msgs/share/wpa_cli_msgs/environment/path.dsv
[0.561s] -- Up-to-date: /home/GTL/mgaddam/CS7630/ros2_ws/install/wpa_cli_msgs/share/wpa_cli_msgs/local_setup.bash
[0.562s] -- Up-to-date: /home/GTL/mgaddam/CS7630/ros2_ws/install/wpa_cli_msgs/share/wpa_cli_msgs/local_setup.sh
[0.563s] -- Up-to-date: /home/GTL/mgaddam/CS7630/ros2_ws/install/wpa_cli_msgs/share/wpa_cli_msgs/local_setup.zsh
[0.564s] -- Up-to-date: /home/GTL/mgaddam/CS7630/ros2_ws/install/wpa_cli_msgs/share/wpa_cli_msgs/local_setup.dsv
[0.565s] -- Installing: /home/GTL/mgaddam/CS7630/ros2_ws/install/wpa_cli_msgs/share/wpa_cli_msgs/package.dsv
[0.570s] -- Up-to-date: /home/GTL/mgaddam/CS7630/ros2_ws/install/wpa_cli_msgs/share/ament_index/resource_index/packages/wpa_cli_msgs
[0.573s] -- Up-to-date: /home/GTL/mgaddam/CS7630/ros2_ws/install/wpa_cli_msgs/share/wpa_cli_msgs/cmake/export_wpa_cli_msgs__rosidl_generator_cExport.cmake
[0.574s] -- Up-to-date: /home/GTL/mgaddam/CS7630/ros2_ws/install/wpa_cli_msgs/share/wpa_cli_msgs/cmake/export_wpa_cli_msgs__rosidl_generator_cExport-noconfig.cmake
[0.576s] -- Up-to-date: /home/GTL/mgaddam/CS7630/ros2_ws/install/wpa_cli_msgs/share/wpa_cli_msgs/cmake/export_wpa_cli_msgs__rosidl_typesupport_fastrtps_cExport.cmake
[0.576s] -- Up-to-date: /home/GTL/mgaddam/CS7630/ros2_ws/install/wpa_cli_msgs/share/wpa_cli_msgs/cmake/export_wpa_cli_msgs__rosidl_typesupport_fastrtps_cExport-noconfig.cmake
[0.578s] -- Up-to-date: /home/GTL/mgaddam/CS7630/ros2_ws/install/wpa_cli_msgs/share/wpa_cli_msgs/cmake/export_wpa_cli_msgs__rosidl_generator_cppExport.cmake
[0.580s] -- Up-to-date: /home/GTL/mgaddam/CS7630/ros2_ws/install/wpa_cli_msgs/share/wpa_cli_msgs/cmake/export_wpa_cli_msgs__rosidl_typesupport_fastrtps_cppExport.cmake
[0.581s] -- Up-to-date: /home/GTL/mgaddam/CS7630/ros2_ws/install/wpa_cli_msgs/share/wpa_cli_msgs/cmake/export_wpa_cli_msgs__rosidl_typesupport_fastrtps_cppExport-noconfig.cmake
[0.583s] -- Up-to-date: /home/GTL/mgaddam/CS7630/ros2_ws/install/wpa_cli_msgs/share/wpa_cli_msgs/cmake/wpa_cli_msgs__rosidl_typesupport_introspection_cExport.cmake
[0.584s] -- Up-to-date: /home/GTL/mgaddam/CS7630/ros2_ws/install/wpa_cli_msgs/share/wpa_cli_msgs/cmake/wpa_cli_msgs__rosidl_typesupport_introspection_cExport-noconfig.cmake
[0.586s] -- Up-to-date: /home/GTL/mgaddam/CS7630/ros2_ws/install/wpa_cli_msgs/share/wpa_cli_msgs/cmake/wpa_cli_msgs__rosidl_typesupport_cExport.cmake
[0.587s] -- Up-to-date: /home/GTL/mgaddam/CS7630/ros2_ws/install/wpa_cli_msgs/share/wpa_cli_msgs/cmake/wpa_cli_msgs__rosidl_typesupport_cExport-noconfig.cmake
[0.589s] -- Up-to-date: /home/GTL/mgaddam/CS7630/ros2_ws/install/wpa_cli_msgs/share/wpa_cli_msgs/cmake/wpa_cli_msgs__rosidl_typesupport_introspection_cppExport.cmake
[0.589s] -- Up-to-date: /home/GTL/mgaddam/CS7630/ros2_ws/install/wpa_cli_msgs/share/wpa_cli_msgs/cmake/wpa_cli_msgs__rosidl_typesupport_introspection_cppExport-noconfig.cmake
[0.591s] -- Up-to-date: /home/GTL/mgaddam/CS7630/ros2_ws/install/wpa_cli_msgs/share/wpa_cli_msgs/cmake/wpa_cli_msgs__rosidl_typesupport_cppExport.cmake
[0.592s] -- Up-to-date: /home/GTL/mgaddam/CS7630/ros2_ws/install/wpa_cli_msgs/share/wpa_cli_msgs/cmake/wpa_cli_msgs__rosidl_typesupport_cppExport-noconfig.cmake
[0.594s] -- Up-to-date: /home/GTL/mgaddam/CS7630/ros2_ws/install/wpa_cli_msgs/share/wpa_cli_msgs/cmake/export_wpa_cli_msgs__rosidl_generator_pyExport.cmake
[0.594s] -- Up-to-date: /home/GTL/mgaddam/CS7630/ros2_ws/install/wpa_cli_msgs/share/wpa_cli_msgs/cmake/export_wpa_cli_msgs__rosidl_generator_pyExport-noconfig.cmake
[0.595s] -- Up-to-date: /home/GTL/mgaddam/CS7630/ros2_ws/install/wpa_cli_msgs/share/wpa_cli_msgs/cmake/rosidl_cmake-extras.cmake
[0.596s] -- Up-to-date: /home/GTL/mgaddam/CS7630/ros2_ws/install/wpa_cli_msgs/share/wpa_cli_msgs/cmake/ament_cmake_export_dependencies-extras.cmake
[0.596s] -- Up-to-date: /home/GTL/mgaddam/CS7630/ros2_ws/install/wpa_cli_msgs/share/wpa_cli_msgs/cmake/ament_cmake_export_include_directories-extras.cmake
[0.597s] -- Up-to-date: /home/GTL/mgaddam/CS7630/ros2_ws/install/wpa_cli_msgs/share/wpa_cli_msgs/cmake/ament_cmake_export_libraries-extras.cmake
[0.598s] -- Up-to-date: /home/GTL/mgaddam/CS7630/ros2_ws/install/wpa_cli_msgs/share/wpa_cli_msgs/cmake/ament_cmake_export_targets-extras.cmake
[0.598s] -- Up-to-date: /home/GTL/mgaddam/CS7630/ros2_ws/install/wpa_cli_msgs/share/wpa_cli_msgs/cmake/rosidl_cmake_export_typesupport_targets-extras.cmake
[0.599s] -- Up-to-date: /home/GTL/mgaddam/CS7630/ros2_ws/install/wpa_cli_msgs/share/wpa_cli_msgs/cmake/rosidl_cmake_export_typesupport_libraries-extras.cmake
[0.599s] -- Up-to-date: /home/GTL/mgaddam/CS7630/ros2_ws/install/wpa_cli_msgs/share/wpa_cli_msgs/cmake/wpa_cli_msgsConfig.cmake
[0.600s] -- Up-to-date: /home/GTL/mgaddam/CS7630/ros2_ws/install/wpa_cli_msgs/share/wpa_cli_msgs/cmake/wpa_cli_msgsConfig-version.cmake
[0.600s] -- Up-to-date: /home/GTL/mgaddam/CS7630/ros2_ws/install/wpa_cli_msgs/share/wpa_cli_msgs/package.xml
[0.604s] Invoked command in '/home/GTL/mgaddam/CS7630/ros2_ws/build/wpa_cli_msgs' returned '0': CMAKE_PREFIX_PATH=/opt/ros/humble /usr/bin/cmake --install /home/GTL/mgaddam/CS7630/ros2_ws/build/wpa_cli_msgs
