/home/GTL/mgaddam/CS7630/ros2_ws/src/install/ar_slam_base/lib/python3.10/site-packages/ar_slam_base/mapping_kf.py
/home/GTL/mgaddam/CS7630/ros2_ws/src/install/ar_slam_base/lib/python3.10/site-packages/ar_slam_base/tb_mapping.py
/home/GTL/mgaddam/CS7630/ros2_ws/src/install/ar_slam_base/lib/python3.10/site-packages/ar_slam_base/__init__.py
/home/GTL/mgaddam/CS7630/ros2_ws/src/install/ar_slam_base/lib/python3.10/site-packages/ar_slam_base/rover_mapping.py
/home/GTL/mgaddam/CS7630/ros2_ws/src/install/ar_slam_base/lib/python3.10/site-packages/ar_slam_base/__pycache__/mapping_kf.cpython-310.pyc
/home/GTL/mgaddam/CS7630/ros2_ws/src/install/ar_slam_base/lib/python3.10/site-packages/ar_slam_base/__pycache__/tb_mapping.cpython-310.pyc
/home/GTL/mgaddam/CS7630/ros2_ws/src/install/ar_slam_base/lib/python3.10/site-packages/ar_slam_base/__pycache__/__init__.cpython-310.pyc
/home/GTL/mgaddam/CS7630/ros2_ws/src/install/ar_slam_base/lib/python3.10/site-packages/ar_slam_base/__pycache__/rover_mapping.cpython-310.pyc
/home/GTL/mgaddam/CS7630/ros2_ws/src/install/ar_slam_base/share/ament_index/resource_index/packages/ar_slam_base
/home/GTL/mgaddam/CS7630/ros2_ws/src/install/ar_slam_base/share/ar_slam_base/package.xml
/home/GTL/mgaddam/CS7630/ros2_ws/src/install/ar_slam_base/share/ar_slam_base/tb_slam_env.launch.py
/home/GTL/mgaddam/CS7630/ros2_ws/src/install/ar_slam_base/share/ar_slam_base/ar_slam_env.launch.py
/home/GTL/mgaddam/CS7630/ros2_ws/src/install/ar_slam_base/share/ar_slam_base/ar_slam_only.launch.py
/home/GTL/mgaddam/CS7630/ros2_ws/src/install/ar_slam_base/share/ar_slam_base/ar_slam.launch.py
/home/GTL/mgaddam/CS7630/ros2_ws/src/install/ar_slam_base/share/ar_slam_base/tb_slam.launch.py
/home/GTL/mgaddam/CS7630/ros2_ws/src/install/ar_slam_base/share/ar_slam_base/tb_slam_only.launch.py
/home/GTL/mgaddam/CS7630/ros2_ws/src/install/ar_slam_base/lib/python3.10/site-packages/ar_slam_base-0.0.0-py3.10.egg-info/entry_points.txt
/home/GTL/mgaddam/CS7630/ros2_ws/src/install/ar_slam_base/lib/python3.10/site-packages/ar_slam_base-0.0.0-py3.10.egg-info/dependency_links.txt
/home/GTL/mgaddam/CS7630/ros2_ws/src/install/ar_slam_base/lib/python3.10/site-packages/ar_slam_base-0.0.0-py3.10.egg-info/top_level.txt
/home/GTL/mgaddam/CS7630/ros2_ws/src/install/ar_slam_base/lib/python3.10/site-packages/ar_slam_base-0.0.0-py3.10.egg-info/PKG-INFO
/home/GTL/mgaddam/CS7630/ros2_ws/src/install/ar_slam_base/lib/python3.10/site-packages/ar_slam_base-0.0.0-py3.10.egg-info/requires.txt
/home/GTL/mgaddam/CS7630/ros2_ws/src/install/ar_slam_base/lib/python3.10/site-packages/ar_slam_base-0.0.0-py3.10.egg-info/zip-safe
/home/GTL/mgaddam/CS7630/ros2_ws/src/install/ar_slam_base/lib/python3.10/site-packages/ar_slam_base-0.0.0-py3.10.egg-info/SOURCES.txt
/home/GTL/mgaddam/CS7630/ros2_ws/src/install/ar_slam_base/lib/ar_slam_base/ar_slam_node
/home/GTL/mgaddam/CS7630/ros2_ws/src/install/ar_slam_base/lib/ar_slam_base/tb_slam_node
